[2015.08.05-08.25.20:714][  0]Log file open, 08/05/15 03:25:20
[2015.08.05-08.25.20:714][  0]LogInit:Display: Running engine for game: TheForsakens
[2015.08.05-08.25.20:714][  0]LogInit:Display: RandInit(1376816312) SRandInit(1376816313).
[2015.08.05-08.25.20:714][  0]LogTaskGraph: Started task graph with 4 named threads and 5 total threads.
[2015.08.05-08.25.20:714][  0]LogStats: Stats thread started
[2015.08.05-08.25.20:714][  0]LogInit: Version: 4.8.3-2634408+++depot+UE4-Releases+4.8
[2015.08.05-08.25.20:714][  0]LogInit: API Version: 2579680
[2015.08.05-08.25.20:714][  0]LogInit: Compiled (64-bit): Jul 27 2015 16:24:33
[2015.08.05-08.25.20:714][  0]LogInit: Compiled with Visual C++: 18.00.21005.01
[2015.08.05-08.25.20:714][  0]LogInit: Build Configuration: Development
[2015.08.05-08.25.20:714][  0]LogInit: Branch Name: ++depot+UE4-Releases+4.8
[2015.08.05-08.25.20:714][  0]LogInit: Command line:  
[2015.08.05-08.25.20:714][  0]LogInit: Base directory: C:/Program Files/Epic Games/4.8/Engine/Binaries/Win64/
[2015.08.05-08.25.20:714][  0]LogInit: Rocket: 1
[2015.08.05-08.25.20:735][  0]LogInit: Using libcurl 7.41.0
[2015.08.05-08.25.20:735][  0]LogInit:  - built for x86_64-pc-win32
[2015.08.05-08.25.20:736][  0]LogInit:  - supports SSL with WinSSL
[2015.08.05-08.25.20:736][  0]LogInit:  - other features:
[2015.08.05-08.25.20:736][  0]LogInit:      CURL_VERSION_SSL
[2015.08.05-08.25.20:736][  0]LogInit:      CURL_VERSION_IPV6
[2015.08.05-08.25.20:736][  0]LogInit:      CURL_VERSION_ASYNCHDNS
[2015.08.05-08.25.20:736][  0]LogInit:      CURL_VERSION_LARGEFILE
[2015.08.05-08.25.20:736][  0]LogInit:      CURL_VERSION_IDN
[2015.08.05-08.25.20:736][  0]LogInit:  CurlRequestOptions (configurable via config and command line):
[2015.08.05-08.25.20:736][  0]LogInit:  - bVerifyPeer = true  - Libcurl will verify peer certificate
[2015.08.05-08.25.20:736][  0]LogInit:  - bUseHttpProxy = false  - Libcurl will NOT use HTTP proxy
[2015.08.05-08.25.20:736][  0]LogInit:  - bDontReuseConnections = false  - Libcurl will reuse connections
[2015.08.05-08.25.20:736][  0]LogInit:  - CertBundlePath = nullptr  - Libcurl will use whatever was configured at build time.
[2015.08.05-08.25.20:753][  0]LogOnline:Warning: No default platform service specified for OnlineSubsystem
[2015.08.05-08.25.20:774][  0]LogInit: Presizing for 0 objects not considered by GC, pre-allocating 0 bytes.
[2015.08.05-08.25.20:786][  0]LogInit: Object subsystem initialized
[2015.08.05-08.25.20:788][  0]LogConsoleResponse:Warning: Skipping Unknown console variable: 'TranslucentSortAxis = (X=0.000000,Y=-1.000000,Z=0.000000)'
[2015.08.05-08.25.20:788][  0]LogConsoleResponse:Warning:   Found in ini file 'C:/Users/Christian/Desktop/The-Forsaken/Saved/Config/Windows/Engine.ini', in section '[/Script/Engine.RendererSettings]'
[2015.08.05-08.25.20:788][  0]LogConsoleResponse:Warning: Skipping Unknown console variable: 'UIScaleRule = ShortestSide'
[2015.08.05-08.25.20:788][  0]LogConsoleResponse:Warning:   Found in ini file 'C:/Users/Christian/Desktop/The-Forsaken/Saved/Config/Windows/Engine.ini', in section '[/Script/Engine.RendererSettings]'
[2015.08.05-08.25.20:788][  0]LogConsoleResponse:Warning: Skipping Unknown console variable: 'UIScaleCurve = (EditorCurveData=(Keys=),ExternalCurve=None)'
[2015.08.05-08.25.20:788][  0]LogConsoleResponse:Warning:   Found in ini file 'C:/Users/Christian/Desktop/The-Forsaken/Saved/Config/Windows/Engine.ini', in section '[/Script/Engine.RendererSettings]'
[2015.08.05-08.25.20:788][  0]LogInit: Selected Device Profile: [Windows]
[2015.08.05-08.25.20:788][  0]LogInit: Applying CVar settings loaded from the selected device profile: [Windows]
[2015.08.05-08.25.20:798][  0]LogInit: Computer: CHRISTIANGAMING
[2015.08.05-08.25.20:798][  0]LogInit: User: Christian
[2015.08.05-08.25.20:798][  0]LogInit: CPU Page size=4096, Cores=2
[2015.08.05-08.25.20:798][  0]LogInit: High frequency timer resolution =2.143569 MHz
[2015.08.05-08.25.20:798][  0]LogMemory: Memory total: Physical=3.9GB (4GB approx)
[2015.08.05-08.25.20:799][  0]LogMemory: Platform Memory Stats for Windows
[2015.08.05-08.25.20:799][  0]LogMemory: Process Physical Memory: 52.58 MB used, 52.58 MB peak
[2015.08.05-08.25.20:799][  0]LogMemory: Process Virtual Memory: 25.04 MB used, 25.04 MB peak
[2015.08.05-08.25.20:799][  0]LogMemory: Physical Memory: 1832.97 MB used, 3983.27 MB total
[2015.08.05-08.25.20:799][  0]LogMemory: Virtual Memory: 293.65 MB used, 8388608.00 MB total
[2015.08.05-08.25.20:849][  0]LogTextLocalizationManager: The requested culture ('en_US') has no localization data; parent culture's ('en') localization data will be used.
[2015.08.05-08.25.21:162][  0]LogTextLocalizationManager:Warning: Loaded localization resources contain conflicting entries for (Namespace:ContentBrowser, Key:ImportAssetToolTip):
Localization Resource: (C:/Program Files/Epic Games/4.8/Engine/Content/Localization/Editor/en/Editor.locres) Source String Hash: (-630476809) Localized String: (Import to {0}...)
Localization Resource: (C:/Program Files/Epic Games/4.8/Engine/Content/Localization/Editor/en/Editor.locres) Source String Hash: (1271782899) Localized String: (Imports an asset from file to this folder.)
[2015.08.05-08.25.21:968][  0]LogD3D11RHI: Found D3D11 adapter 0: Intel(R) HD Graphics 3000 (Feature Level 10_0)
[2015.08.05-08.25.21:968][  0]LogD3D11RHI: Adapter has 32MB of dedicated video memory, 0MB of dedicated system memory, and 1632MB of shared system memory, 1 output[s]
[2015.08.05-08.25.21:969][  0]LogD3D11RHI: Found D3D11 adapter 1: Microsoft Basic Render Driver (Feature Level 11_0)
[2015.08.05-08.25.21:969][  0]LogD3D11RHI: Adapter has 0MB of dedicated video memory, 0MB of dedicated system memory, and 256MB of shared system memory, 0 output[s]
[2015.08.05-08.25.21:969][  0]LogD3D11RHI: Chosen D3D11 Adapter Id = 0
[2015.08.05-08.25.21:982][  0]LogD3D11RHI: InitD3DDevice
[2015.08.05-08.25.21:982][  0]LogD3D11RHI: !Direct3DDevice
[2015.08.05-08.25.21:983][  0]LogRHI: Texture pool is 593 MB (70% of 848 MB)
[2015.08.05-08.25.21:985][  0]LogD3D11RHI: Async texture creation enabled
[2015.08.05-08.25.22:003][  0]LogShaderCompilers:Display: Using Local Shader Compiler.
[2015.08.05-08.25.23:393][  0]LogTemp:Display: Loaded TP DesktopTargetPlatform
[2015.08.05-08.25.23:415][  0]LogTemp:Display: Loaded TP WindowsClientTargetPlatform
[2015.08.05-08.25.23:437][  0]LogTemp:Display: Loaded TP WindowsNoEditorTargetPlatform
[2015.08.05-08.25.23:460][  0]LogTemp:Display: Loaded TP WindowsServerTargetPlatform
[2015.08.05-08.25.23:485][  0]LogTemp:Display: Loaded TP WindowsTargetPlatform
[2015.08.05-08.25.23:504][  0]LogTemp:Display: Loaded TP AndroidTargetPlatform
[2015.08.05-08.25.23:523][  0]LogTemp:Display: Loaded TP Android_ASTCTargetPlatform
[2015.08.05-08.25.23:542][  0]LogTemp:Display: Loaded TP Android_ATCTargetPlatform
[2015.08.05-08.25.23:562][  0]LogTemp:Display: Loaded TP Android_DXTTargetPlatform
[2015.08.05-08.25.23:582][  0]LogTemp:Display: Loaded TP Android_ETC1TargetPlatform
[2015.08.05-08.25.23:601][  0]LogTemp:Display: Loaded TP Android_ETC2TargetPlatform
[2015.08.05-08.25.23:621][  0]LogTemp:Display: Loaded TP Android_PVRTCTargetPlatform
[2015.08.05-08.25.23:691][  0]LogTemp:Display: Loaded TP IOSTargetPlatform
[2015.08.05-08.25.23:710][  0]LogTemp:Display: Loaded TP LinuxNoEditorTargetPlatform
[2015.08.05-08.25.23:730][  0]LogTemp:Display: Loaded TP LinuxServerTargetPlatform
[2015.08.05-08.25.23:752][  0]LogTemp:Display: Loaded TP LinuxTargetPlatform
[2015.08.05-08.25.23:752][  0]LogTargetPlatformManager:Display: Building Assets For Windows
[2015.08.05-08.25.24:102][  0]LogDerivedDataCache:Display: Max Cache Size: 512 MB
[2015.08.05-08.25.25:047][  0]LogDerivedDataCache: Loaded boot cache 0.95s 48MB C:/Users/Christian/AppData/Local/UnrealEngine/4.8/DerivedDataCache/Boot.ddc.
[2015.08.05-08.25.25:048][  0]LogDerivedDataCache:Display: Loaded Boot cache: C:/Users/Christian/AppData/Local/UnrealEngine/4.8/DerivedDataCache/Boot.ddc
[2015.08.05-08.25.25:048][  0]LogDerivedDataCache: FDerivedDataBackendGraph:  Pak pak cache file ../../../../../../Users/Christian/Desktop/The-Forsaken/DerivedDataCache/DDC.ddp not found, will not use a pak cache.
[2015.08.05-08.25.25:048][  0]LogDerivedDataCache: Unable to find inner node Pak for hierarchical cache Hierarchy.
[2015.08.05-08.25.25:048][  0]LogDerivedDataCache: FDerivedDataBackendGraph:  CompressedPak pak cache file ../../../../../../Users/Christian/Desktop/The-Forsaken/DerivedDataCache/Compressed.ddp not found, will not use a pak cache.
[2015.08.05-08.25.25:048][  0]LogDerivedDataCache: Unable to find inner node CompressedPak for hierarchical cache Hierarchy.
[2015.08.05-08.25.25:317][  0]LogDerivedDataCache:Display: Pak cache opened for reading ../../../Engine/DerivedDataCache/Compressed.ddp.
[2015.08.05-08.25.25:329][  0]LogDerivedDataCache: Using Local data cache path C:/Users/Christian/AppData/Local/UnrealEngine/Common/DerivedDataCache: Writable
[2015.08.05-08.25.27:197][  0]LogInit: Selected Device Profile: [Windows]
[2015.08.05-08.25.27:335][  0]ImportText (ComponentSweepMultiTests): Missing closing parenthesis: (RootShapeAsset="/Engine/BasicShapes/Cube.Cube",ShapeType="TriggerCapsule",HitResult=(Time=0.50,Location=(X=-100.000015,Y=0.0,Z=100.000015),ImpactPoint=(X=-50.0,Y=0.0,Z=50.0),Normal=(X=-1.0,Y=-0.0,Z=0.0),ImpactNormal=(X=0.0,Y=0.0,Z=1.0),TraceStart=(X=-200.0,Y=0.0,Z=200.0),TraceEnd=(X=0.0,Y=0.0,Z=0.0))
[2015.08.05-08.25.27:335][  0]ImportText (LineTraceSingleByChannelTests): Missing closing parenthesis: (RootShapeAsset="/Engine/BasicShapes/Cube.Cube",HitResult=(Time=0.50,Location=(X=-100.000015,Y=0.0,Z=100.000015),ImpactPoint=(X=-50.0,Y=0.0,Z=50.0),Normal=(X=-1.0,Y=-0.0,Z=0.0),ImpactNormal=(X=0.0,Y=0.0,Z=1.0),TraceStart=(X=-200.0,Y=0.0,Z=200.0),TraceEnd=(X=0.0,Y=0.0,Z=0.0))
[2015.08.05-08.25.27:376][  0]LogMeshUtilities: No automatic mesh reduction module available
[2015.08.05-08.25.27:376][  0]LogMeshUtilities: No automatic mesh merging module available
[2015.08.05-08.25.28:044][  0]LogInit: WinSock: version 1.1 (2.2), MaxSocks=32767, MaxUdp=65467
[2015.08.05-08.25.41:351][  0]UdpMessaging: Initializing bridge on interface 0.0.0.0:0 to multicast group 230.0.0.1:6666.
[2015.08.05-08.25.42:285][  0]SourceControl: Info Source control is disabled
[2015.08.05-08.25.42:344][  0]SourceControl: Info Source control is disabled
[2015.08.05-08.25.42:361][  0]SourceControl: Info Source control is disabled
[2015.08.05-08.25.42:377][  0]SourceControl: Info Source control is disabled
[2015.08.05-08.25.42:854][  0]LogObj: 26273 objects as part of root set at end of initial load.
[2015.08.05-08.25.42:854][  0]LogUObjectAllocator: 5409248 out of 0 bytes used by permanent object pool.
[2015.08.05-08.25.43:085][  0]LogEngine: Initializing Engine...
[2015.08.05-08.25.43:087][  0]LogHMD: Can't find Oculus library dev build: is proper Runtime installed? Version: 0.6.0.0
[2015.08.05-08.25.43:089][  0]LogHMD:Warning: SteamVR failed to initialize.  Error: 110
[2015.08.05-08.25.43:380][  0]LogAIModule: Creating AISystem for world NewWorld
[2015.08.05-08.25.43:384][  0]LogInit: XAudio2 using 'Speakers (Realtek High Definition Audio)' : 2 channels at 48 kHz using 32 bits per sample (channel mask 0x3)
[2015.08.05-08.25.43:403][  0]LogInit: FAudioDevice initialized.
[2015.08.05-08.25.43:444][  0]LogDerivedDataCache: Saved boot cache 0.04s 48MB C:/Users/Christian/AppData/Local/UnrealEngine/4.8/DerivedDataCache/Boot.ddc.
[2015.08.05-08.25.43:457][  0]LogInit: Texture streaming: Disabled
[2015.08.05-08.25.43:493][  0]LogAnalytics: Creating configured Analytics provider AnalyticsET
[2015.08.05-08.25.43:493][  0]LogAnalytics: [UEEditor.Rocket.Release] APIServer = http://et2.epicgames.com/ET2/. AppVersion = 4.8.3-2634408+++depot+UE4-Releases+4.8
[2015.08.05-08.25.43:493][  0]LogAnalytics: [UEEditor.Rocket.Release] SetUserId d520111f42444ed2ae17ceb4cce854a2|256081b0662a4905b440382e278adc23|3ae4f12a-3c0a-4aaf-bb63-a78589ca1625
[2015.08.05-08.25.43:494][  0]LogAnalytics: [UEEditor.Rocket.Release] AnalyticsET::StartSession
[2015.08.05-08.25.43:562][  0]LogInit: Transaction tracking system initialized
[2015.08.05-08.25.43:787][  0]BlueprintLog: New page: Editor Load
[2015.08.05-08.25.43:833][  0]LogAssetRegistry: FAssetRegistry took 0.0111 seconds to start up
[2015.08.05-08.25.43:834][  0]LogDirectoryWatcher:Warning: Failed to begin reading directory changes for ../../../Engine/Plugins/Experimental/CharacterAI/Content/. Error: 0
[2015.08.05-08.25.45:358][  0]LogConsoleManager:Warning: Console variable 'r.VSync' wasn't set ('GameSetting' has a lower priority than 'SystemSettingsIni')
[2015.08.05-08.25.45:358][  0]LogConsoleResponse:Display: 
[2015.08.05-08.25.45:771][  0]LogCook:Display: Done creating registry. It took  0.00s.
[2015.08.05-08.25.46:181][  0]SourceControl: Info Source control is disabled
[2015.08.05-08.25.46:181][  0]Cmd: MAP LOAD FILE="../../../Engine/Content/Maps/Templates/Template_Default.umap" TEMPLATE=1 SHOWPROGRESS=1 FEATURELEVEL=2
[2015.08.05-08.25.46:182][  0]LightingResults: New page: Lighting Build
[2015.08.05-08.25.46:214][  0]MapCheck: New page: Map Check
[2015.08.05-08.25.46:214][  0]LightingResults: New page: Lighting Build
[2015.08.05-08.25.46:257][  0]LogParticles: Destroying 0 GPU particle simulations for FXSystem 0x0000008835DCE200
[2015.08.05-08.25.47:375][  0]LogAIModule: Creating AISystem for world Untitled_1
[2015.08.05-08.25.47:387][  0]LogEditorServer: Finished looking for orphan Actors (0.000 secs)
[2015.08.05-08.25.47:457][  0]Cmd: MAP CHECKDEP NOCLEARLOG
[2015.08.05-08.25.47:514][  0]MapCheck: Info Map check complete: 0 Error(s), 0 Warning(s), took 57.435ms to complete.
[2015.08.05-08.25.47:514][  0]LogFileHelpers: Loading map 'Template_Default' took 1.333
[2015.08.05-08.25.47:711][  0]LogCollectionManager: Loaded 0 collections in 0.004714 seconds
[2015.08.05-08.25.47:730][  0]LogContentBrowser: Native class hierarchy populated in 0.0196 seconds. Added 1792 classes and 301 folders.
[2015.08.05-08.25.47:818][  0]LogContentBrowser: Native class hierarchy updated for 'WidgetCarousel' in 0.0007 seconds. Added 0 classes and 0 folders.
[2015.08.05-08.25.48:125][  0]LogContentBrowser: Native class hierarchy updated for 'AddContentDialog' in 0.0006 seconds. Added 0 classes and 0 folders.
[2015.08.05-08.25.48:160][  0]LogContentBrowser: Native class hierarchy updated for 'SceneOutliner' in 0.0013 seconds. Added 1 classes and 2 folders.
[2015.08.05-08.25.48:348][  0]LogCrashTracker: Crashtracker disabled due to settings.
[2015.08.05-08.25.48:351][  0]LogD3D11RHI: InitD3DDevice
[2015.08.05-08.25.48:354][  0]LogUObjectGlobals:Warning: Failed to find object 'Class None.'
[2015.08.05-08.25.48:378][  0]LogLoad: Full Startup: 30.60 seconds (BP compile: 0.36 seconds)
[2015.08.05-08.25.48:788][  0]LogContentStreaming: Texture pool size is 0.000000MB
[2015.08.05-08.25.48:911][  0]LogContentStreaming: Texture pool size now 1000 MB
[2015.08.05-08.25.49:267][  0]LogRenderer: Reallocating scene render targets to support 736x360 (Frame:2).
[2015.08.05-08.25.50:541][  2]LogD3D11RHI: InitD3DDevice
[2015.08.05-08.25.59:894][ 30]LogAssetRegistry: Asset discovery search completed in 16.0728 seconds
[2015.08.05-08.26.17:669][ 93]LogD3D11RHI: InitD3DDevice
[2015.08.05-08.27.16:556][444]LogD3D11RHI: InitD3DDevice
[2015.08.05-08.28.03:828][444]LogAIModule: Creating AISystem for world MansionNew
[2015.08.05-08.28.05:286][444]Cmd: MAP LOAD FILE="../../../../../../Users/Christian/Desktop/The-Forsaken/Content/Maps/MansionNew.umap" TEMPLATE=0 SHOWPROGRESS=1 FEATURELEVEL=2
[2015.08.05-08.28.05:287][444]LightingResults: New page: Lighting Build
[2015.08.05-08.28.05:324][444]LoadErrors: New page: Loading map: MansionNew.umap
[2015.08.05-08.28.05:325][444]MapCheck: New page: Map Check
[2015.08.05-08.28.05:325][444]LightingResults: New page: Lighting Build
[2015.08.05-08.28.05:379][444]LogParticles: Destroying 0 GPU particle simulations for FXSystem 0x000000884208A0C0
[2015.08.05-08.28.09:296][444]LogAIModule: Creating AISystem for world MansionNew
[2015.08.05-08.28.09:596][444]LogEditorServer: Finished looking for orphan Actors (0.000 secs)
[2015.08.05-08.28.10:650][444]Cmd: MAP CHECKDEP NOCLEARLOG
[2015.08.05-08.28.10:782][444]MapCheck: Info Map check complete: 0 Error(s), 0 Warning(s), took 131.674ms to complete.
[2015.08.05-08.28.10:782][444]LogFileHelpers: Loading map 'MansionNew' took 5.531
[2015.08.05-08.29.18:446][211]LogEditorViewport: Clicking on Actor (LMB): StaticMeshActor (transition_narrow_wood21)
[2015.08.05-08.30.05:621][299]LogEditorViewport: Clicking on Actor (LMB): StaticMeshActor (wallPlane237)
[2015.08.05-08.30.06:391][315]LogEditorViewport: Clicking on Actor (LMB): StaticMeshActor (wallPlane224)
[2015.08.05-08.30.06:484][315]LogEditorViewport: Clicking on Component (LMB): StaticMeshComponent (StaticMeshComponent0)
[2015.08.05-08.30.10:206][408]Cmd: TRANSACTION UNDO
[2015.08.05-08.30.10:226][408]LogEditorTransaction: Undo Move Components
[2015.08.05-08.30.10:252][408]LogD3D11RHI: InitD3DDevice
[2015.08.05-08.30.14:606][542]Cmd: TRANSACTION UNDO
[2015.08.05-08.30.14:606][542]LogEditorTransaction: Undo Move Components
[2015.08.05-08.30.14:647][542]LogD3D11RHI: InitD3DDevice
[2015.08.05-08.30.18:247][659]Cmd: TRANSACTION UNDO
[2015.08.05-08.30.18:247][659]LogEditorTransaction: Undo Move Components
[2015.08.05-08.30.18:289][659]LogD3D11RHI: InitD3DDevice
[2015.08.05-08.30.22:098][781]Cmd: TRANSACTION UNDO
[2015.08.05-08.30.22:099][781]LogEditorTransaction: Undo Move Components
[2015.08.05-08.30.22:140][781]LogD3D11RHI: InitD3DDevice
[2015.08.05-08.30.26:149][908]Cmd: TRANSACTION UNDO
[2015.08.05-08.30.26:149][908]LogEditorTransaction: Undo Move Components
[2015.08.05-08.30.26:190][908]LogD3D11RHI: InitD3DDevice
[2015.08.05-08.30.28:796][  2]LogEditorViewport: Clicking on Actor (LMB): StaticMeshActor (wallPlane222)
[2015.08.05-08.30.32:584][ 93]Cmd: TRANSACTION UNDO
[2015.08.05-08.30.32:584][ 93]LogEditorTransaction: Undo Move Actors
[2015.08.05-08.30.32:719][ 93]LogD3D11RHI: InitD3DDevice
[2015.08.05-08.30.34:615][153]LogEditorViewport: Clicking on Actor (LMB): StaticMeshActor (wallPlane224)
[2015.08.05-08.31.02:378][828]LogActorComponent: UnregisterComponent: (/Engine/Transient.CharMoveComp) Not registered. Aborting.
[2015.08.05-08.31.02:481][828]LogD3D11RHI: InitD3DDevice
[2015.08.05-08.31.03:754][828]LogD3D11RHI: InitD3DDevice
[2015.08.05-08.31.03:951][828]Cmd: OBJ SAVEPACKAGE PACKAGE="/Game/Maps/MansionNew" FILE="../../../../../../Users/Christian/Desktop/The-Forsaken/Content/Maps/MansionNew.umap" SILENT=true AUTOSAVING=false KEEPDIRTY=false
[2015.08.05-08.31.12:741][828]LogSavePackage: Save=8559.849609ms
[2015.08.05-08.31.12:759][828]LogSavePackage: Moving '../../../../../../Users/Christian/Desktop/The-Forsaken/Saved/MansionNewA58C33C64AA9872C9D07F6812D24AC0C.tmp' to '../../../../../../Users/Christian/Desktop/The-Forsaken/Content/Maps/MansionNew.umap'
[2015.08.05-08.31.12:894][828]LogFileHelpers: Saving map 'MansionNew' took 9.114
[2015.08.05-08.31.50:097][697]LogD3D11RHI: InitD3DDevice
[2015.08.05-08.31.50:732][725]LogActorFactory: Actor Factory created bookStand
[2015.08.05-08.31.51:480][741]LogActorFactory: Actor Factory created bookStand
[2015.08.05-08.32.11:112][182]Cmd: DELETE
[2015.08.05-08.32.11:112][182]Cmd: ACTOR DELETE
[2015.08.05-08.32.11:349][182]LogEditorActor: Deleted Actor: StaticMeshActor
[2015.08.05-08.32.11:375][182]LogActorComponent: UnregisterComponent: (/Engine/Transient.CharMoveComp) Not registered. Aborting.
[2015.08.05-08.32.11:483][182]LogEditorActor: Deleted 1 Actors (0.143 secs)
[2015.08.05-08.32.18:950][376]LogEditorViewport: Clicking on Actor (LMB): StaticMeshActor (floorPlane_big44)
[2015.08.05-08.32.20:165][399]LogEditorViewport: Clicking on Actor (context menu): StaticMeshActor (floorPlane_big44)
[2015.08.05-08.32.20:305][399]LogD3D11RHI: InitD3DDevice
[2015.08.05-08.32.20:631][411]LogD3D11RHI: InitD3DDevice
[2015.08.05-08.32.21:347][449]LogD3D11RHI: InitD3DDevice
[2015.08.05-08.32.21:417][450]LogD3D11RHI: InitD3DDevice
[2015.08.05-08.32.21:467][451]LogD3D11RHI: InitD3DDevice
[2015.08.05-08.32.21:624][458]LogD3D11RHI: InitD3DDevice
[2015.08.05-08.32.21:709][460]LogD3D11RHI: InitD3DDevice
[2015.08.05-08.32.22:476][499]LogEditorViewport: Clicking on Actor (context menu): StaticMeshActor (floorPlane_big44)
[2015.08.05-08.32.22:488][499]LogD3D11RHI: InitD3DDevice
[2015.08.05-08.32.24:668][619]LogD3D11RHI: InitD3DDevice
[2015.08.05-08.32.24:705][620]LogD3D11RHI: InitD3DDevice
[2015.08.05-08.32.24:753][621]LogD3D11RHI: InitD3DDevice
[2015.08.05-08.32.24:846][624]LogD3D11RHI: InitD3DDevice
[2015.08.05-08.32.24:918][626]LogD3D11RHI: InitD3DDevice
[2015.08.05-08.32.24:955][627]LogD3D11RHI: InitD3DDevice
[2015.08.05-08.32.26:489][711]LogPlayLevel: PIE:  No blueprints needed recompiling
[2015.08.05-08.32.26:662][711]PIE: New page: PIE session: MansionNew (Aug 4, 2015, 10:32:26 PM)
[2015.08.05-08.32.26:672][711]LogPlayLevel: Creating play world package: /Game/Maps/UEDPIE_0_MansionNew
[2015.08.05-08.32.27:349][711]LogPlayLevel: PIE: StaticDuplicateObject took: (0.677166s)
[2015.08.05-08.32.27:350][711]LogAIModule: Creating AISystem for world MansionNew
[2015.08.05-08.32.27:351][711]LogPlayLevel: PIE: World Init took: (0.002062s)
[2015.08.05-08.32.27:370][711]LogPlayLevel: PIE: Created PIE world by copying editor world from /Game/Maps/MansionNew.MansionNew to /Game/Maps/UEDPIE_0_MansionNew.MansionNew (0.697858s)
[2015.08.05-08.32.27:492][711]LogInit: XAudio2 using 'Speakers (Realtek High Definition Audio)' : 2 channels at 48 kHz using 32 bits per sample (channel mask 0x3)
[2015.08.05-08.32.27:501][711]LogInit: FAudioDevice initialized.
[2015.08.05-08.32.28:454][711]LogWorld: Game class is 'MyGame_C'
[2015.08.05-08.32.28:770][711]LogWorld: Bringing World /Game/Maps/UEDPIE_0_MansionNew.MansionNew up for play (max tick rate 60) at 2015.08.05-03.32.28
[2015.08.05-08.32.28:770][711]LogActor:Warning: GameSession /Game/Maps/UEDPIE_0_MansionNew.MansionNew:PersistentLevel.GameSession_0 has natively added scene component(s), but none of them were set as the actor's RootComponent - picking one arbitrarily
[2015.08.05-08.32.28:801][711]LogActor:Warning: GameNetworkManager /Game/Maps/UEDPIE_0_MansionNew.MansionNew:PersistentLevel.GameNetworkManager_0 has natively added scene component(s), but none of them were set as the actor's RootComponent - picking one arbitrarily
[2015.08.05-08.32.29:014][711]LogWorld: Bringing up level for play took: 0.467016
[2015.08.05-08.32.29:699][711]PIE: Info Play in editor start time for /Game/Maps/UEDPIE_0_MansionNew 3.652
[2015.08.05-08.32.32:033][749]LogArray:Warning: Attempted to get an item from array CallFunc_GetDataTableRowNames_OutRowNames out of bounds [5/4]!
[2015.08.05-08.32.32:033][749]LogArray:Warning: Attempted to get an item from array CallFunc_GetDataTableRowNames_OutRowNames out of bounds [6/4]!
[2015.08.05-08.33.04:771][388]LogParticles: Destroying 0 GPU particle simulations for FXSystem 0x00000088420F7E20
[2015.08.05-08.33.14:127][479]LogD3D11RHI: InitD3DDevice
[2015.08.05-08.33.14:262][480]LogActorFactory: Actor Factory created cupboard_drawer
[2015.08.05-08.33.15:541][508]LogActorFactory: Actor Factory created cupboard_drawer
[2015.08.05-08.33.32:489][887]LogPlayLevel: PIE:  No blueprints needed recompiling
[2015.08.05-08.33.32:489][887]PIE: New page: PIE session: MansionNew (Aug 4, 2015, 10:33:32 PM)
[2015.08.05-08.33.32:504][887]LogPlayLevel: Creating play world package: /Game/Maps/UEDPIE_0_MansionNew
[2015.08.05-08.33.33:098][887]LogPlayLevel: PIE: StaticDuplicateObject took: (0.592739s)
[2015.08.05-08.33.33:099][887]LogAIModule: Creating AISystem for world MansionNew
[2015.08.05-08.33.33:100][887]LogPlayLevel: PIE: World Init took: (0.002546s)
[2015.08.05-08.33.33:101][887]LogPlayLevel: PIE: Created PIE world by copying editor world from /Game/Maps/MansionNew.MansionNew to /Game/Maps/UEDPIE_0_MansionNew.MansionNew (0.596048s)
[2015.08.05-08.33.33:101][887]LogActorComponent: UnregisterComponent: (/Engine/Transient.CharMoveComp) Not registered. Aborting.
[2015.08.05-08.33.33:216][887]LogInit: XAudio2 using 'Speakers (Realtek High Definition Audio)' : 2 channels at 48 kHz using 32 bits per sample (channel mask 0x3)
[2015.08.05-08.33.33:224][887]LogInit: FAudioDevice initialized.
[2015.08.05-08.33.33:249][887]LogD3D11RHI: InitD3DDevice
[2015.08.05-08.33.33:344][887]LogWorld: Game class is 'MyGame_C'
[2015.08.05-08.33.33:599][887]LogWorld: Bringing World /Game/Maps/UEDPIE_0_MansionNew.MansionNew up for play (max tick rate 60) at 2015.08.05-03.33.33
[2015.08.05-08.33.33:600][887]LogActor:Warning: GameSession /Game/Maps/UEDPIE_0_MansionNew.MansionNew:PersistentLevel.GameSession_1 has natively added scene component(s), but none of them were set as the actor's RootComponent - picking one arbitrarily
[2015.08.05-08.33.33:601][887]LogActor:Warning: GameNetworkManager /Game/Maps/UEDPIE_0_MansionNew.MansionNew:PersistentLevel.GameNetworkManager_1 has natively added scene component(s), but none of them were set as the actor's RootComponent - picking one arbitrarily
[2015.08.05-08.33.33:608][887]LogWorld: Bringing up level for play took: 0.260507
[2015.08.05-08.33.33:679][887]PIE: Info Play in editor start time for /Game/Maps/UEDPIE_0_MansionNew 1.631
[2015.08.05-08.33.33:715][887]LogRenderer: Reallocating scene render targets to support 1296x728 (Frame:6862).
[2015.08.05-08.34.01:292][133]LogArray:Warning: Attempted to get an item from array CallFunc_GetDataTableRowNames_OutRowNames out of bounds [5/4]!
[2015.08.05-08.34.01:293][133]LogArray:Warning: Attempted to get an item from array CallFunc_GetDataTableRowNames_OutRowNames out of bounds [6/4]!
[2015.08.05-08.34.53:950][631]LogParticles: Destroying 0 GPU particle simulations for FXSystem 0x00000088564BC720
[2015.08.05-08.35.03:298][797]LogD3D11RHI: InitD3DDevice
[2015.08.05-08.35.03:616][812]LogActorFactory: Actor Factory created bookStand
[2015.08.05-08.35.04:561][828]LogActorFactory: Actor Factory created bookStand
[2015.08.05-08.37.29:163][366]LogActorComponent: UnregisterComponent: (/Engine/Transient.CharMoveComp) Not registered. Aborting.
[2015.08.05-08.37.29:295][366]LogD3D11RHI: InitD3DDevice
[2015.08.05-08.37.30:487][366]LogD3D11RHI: InitD3DDevice
[2015.08.05-08.37.30:658][366]Cmd: OBJ SAVEPACKAGE PACKAGE="/Game/Maps/MansionNew" FILE="../../../../../../Users/Christian/Desktop/The-Forsaken/Content/Maps/MansionNew.umap" SILENT=true AUTOSAVING=false KEEPDIRTY=false
[2015.08.05-08.37.38:766][366]LogSavePackage: Save=7931.757813ms
[2015.08.05-08.37.38:766][366]LogSavePackage: Moving '../../../../../../Users/Christian/Desktop/The-Forsaken/Saved/MansionNewAFE5812C4A6A22E6B4DC57A0F00620AC.tmp' to '../../../../../../Users/Christian/Desktop/The-Forsaken/Content/Maps/MansionNew.umap'
[2015.08.05-08.37.39:057][366]LogFileHelpers: Saving map 'MansionNew' took 8.542
[2015.08.05-08.38.08:273][716]LogWindowsTextInputMethodSystem:Display: IME system now deactivated.
[2015.08.05-08.38.08:980][717]Cmd: QUIT_EDITOR
[2015.08.05-08.38.09:802][717]LogExit: Preparing to exit.
[2015.08.05-08.38.11:451][717]LogExit: Editor shut down
[2015.08.05-08.38.11:453][717]LogExit: Transaction tracking system shut down
[2015.08.05-08.38.11:457][717]LogParticles: Destroying 0 GPU particle simulations for FXSystem 0x0000008849F5A020
[2015.08.05-08.38.11:458][717]LogParticles: Destroying 0 GPU particle simulations for FXSystem 0x0000008842088360
[2015.08.05-08.38.11:479][717]LogParticles: Destroying 0 GPU particle simulations for FXSystem 0x000000885C022AC0
[2015.08.05-08.38.11:480][717]LogParticles: Destroying 0 GPU particle simulations for FXSystem 0x000000885C023A60
[2015.08.05-08.38.12:898][717]LogParticles: Destroying 0 GPU particle simulations for FXSystem 0x000000885BD38180
[2015.08.05-08.38.12:898][717]LogExit: Object subsystem successfully closed.
[2015.08.05-08.38.13:182][717]LogD3D11RHI: Shutdown
[2015.08.05-08.38.13:182][717]LogD3D11RHI: CleanupD3DDevice
[2015.08.05-08.38.13:457][717]LogD3D11RHI: ~FD3D11DynamicRHI
[2015.08.05-08.38.13:634][717]LogModuleManager: Shutting down and abandoning module CrashTracker (188)
[2015.08.05-08.38.13:634][717]LogModuleManager: Shutting down and abandoning module SceneOutliner (187)
[2015.08.05-08.38.13:634][717]LogModuleManager: Shutting down and abandoning module SuperSearch (186)
[2015.08.05-08.38.13:634][717]LogModuleManager: Shutting down and abandoning module WidgetCarousel (185)
[2015.08.05-08.38.13:657][717]LogModuleManager: Shutting down and abandoning module AddContentDialog (184)
[2015.08.05-08.38.13:673][717]LogModuleManager: Shutting down and abandoning module EditorWidgets (183)
[2015.08.05-08.38.13:673][717]LogModuleManager: Shutting down and abandoning module CollectionManager (182)
[2015.08.05-08.38.13:702][717]LogModuleManager: Shutting down and abandoning module StatsViewer (181)
[2015.08.05-08.38.13:721][717]LogModuleManager: Shutting down and abandoning module FoliageEdit (180)
[2015.08.05-08.38.13:726][717]LogModuleManager: Shutting down and abandoning module LandscapeEditor (179)
[2015.08.05-08.38.13:745][717]LogModuleManager: Shutting down and abandoning module ActorPickerMode (178)
[2015.08.05-08.38.13:745][717]LogModuleManager: Shutting down and abandoning module GeometryMode (177)
[2015.08.05-08.38.13:745][717]LogModuleManager: Shutting down and abandoning module TextureAlignMode (176)
[2015.08.05-08.38.13:745][717]LogModuleManager: Shutting down and abandoning module BspMode (175)
[2015.08.05-08.38.13:746][717]LogModuleManager: Shutting down and abandoning module PlacementMode (174)
[2015.08.05-08.38.13:756][717]LogModuleManager: Shutting down and abandoning module AutomationWorker (173)
[2015.08.05-08.38.13:756][717]LogModuleManager: Shutting down and abandoning module CharacterAI (172)
[2015.08.05-08.38.13:756][717]LogModuleManager: Shutting down and abandoning module SmartSnapping (171)
[2015.08.05-08.38.13:756][717]LogModuleManager: Shutting down and abandoning module ViewportSnapping (170)
[2015.08.05-08.38.13:756][717]LogModuleManager: Shutting down and abandoning module LogVisualizer (169)
[2015.08.05-08.38.13:780][717]LogModuleManager: Shutting down and abandoning module GameProjectGeneration (168)
[2015.08.05-08.38.13:814][717]LogModuleManager: Shutting down and abandoning module IntroTutorials (167)
[2015.08.05-08.38.13:835][717]LogModuleManager: Shutting down and abandoning module EditorLiveStreaming (166)
[2015.08.05-08.38.13:835][717]LogModuleManager: Shutting down and abandoning module IOSPlatformEditor (165)
[2015.08.05-08.38.13:849][717]LogModuleManager: Shutting down and abandoning module HTML5PlatformEditor (164)
[2015.08.05-08.38.13:850][717]LogModuleManager: Shutting down and abandoning module AndroidDeviceDetection (163)
[2015.08.05-08.38.14:393][717]LogModuleManager: Shutting down and abandoning module AndroidPlatformEditor (162)
[2015.08.05-08.38.14:393][717]LogModuleManager: Shutting down and abandoning module IOSRuntimeSettings (161)
[2015.08.05-08.38.14:393][717]LogModuleManager: Shutting down and abandoning module AndroidRuntimeSettings (160)
[2015.08.05-08.38.14:393][717]LogModuleManager: Shutting down and abandoning module MergeActors (159)
[2015.08.05-08.38.14:402][717]LogModuleManager: Shutting down and abandoning module SizeMap (158)
[2015.08.05-08.38.14:402][717]LogModuleManager: Shutting down and abandoning module TreeMap (157)
[2015.08.05-08.38.14:417][717]LogModuleManager: Shutting down and abandoning module ReferenceViewer (156)
[2015.08.05-08.38.14:417][717]LogModuleManager: Shutting down and abandoning module LocalizationDashboard (155)
[2015.08.05-08.38.14:433][717]LogModuleManager: Shutting down and abandoning module HardwareTargeting (154)
[2015.08.05-08.38.14:433][717]LogModuleManager: Shutting down and abandoning module DeviceProfileEditor (153)
[2015.08.05-08.38.14:440][717]LogModuleManager: Shutting down and abandoning module UndoHistory (152)
[2015.08.05-08.38.14:443][717]LogModuleManager: Shutting down and abandoning module GameplayTagsEditor (151)
[2015.08.05-08.38.14:458][717]LogModuleManager: Shutting down and abandoning module UserFeedback (150)
[2015.08.05-08.38.14:458][717]LogModuleManager: Shutting down and abandoning module XmlParser (149)
[2015.08.05-08.38.14:469][717]LogModuleManager: Shutting down and abandoning module Blutility (148)
[2015.08.05-08.38.14:469][717]LogModuleManager: Shutting down and abandoning module ProjectTargetPlatformEditor (147)
[2015.08.05-08.38.14:469][717]LogModuleManager: Shutting down and abandoning module ProjectSettingsViewer (146)
[2015.08.05-08.38.14:469][717]LogModuleManager: Shutting down and abandoning module InputBindingEditor (145)
[2015.08.05-08.38.14:489][717]LogModuleManager: Shutting down and abandoning module EditorSettingsViewer (144)
[2015.08.05-08.38.14:489][717]LogModuleManager: Shutting down and abandoning module SettingsEditor (143)
[2015.08.05-08.38.14:499][717]LogModuleManager: Shutting down and abandoning module ProjectLauncher (142)
[2015.08.05-08.38.14:509][717]LogModuleManager: Shutting down and abandoning module SessionFrontend (141)
[2015.08.05-08.38.14:524][717]LogModuleManager: Shutting down and abandoning module ProfilerClient (140)
[2015.08.05-08.38.14:534][717]LogModuleManager: Shutting down and abandoning module TargetDeviceServices (139)
[2015.08.05-08.38.14:534][717]LogModuleManager: Shutting down and abandoning module DeviceManager (138)
[2015.08.05-08.38.14:565][717]LogModuleManager: Shutting down and abandoning module AutomationController (137)
[2015.08.05-08.38.14:576][717]LogModuleManager: Shutting down and abandoning module AutomationWindow (136)
[2015.08.05-08.38.14:587][717]LogModuleManager: Shutting down and abandoning module Layers (135)
[2015.08.05-08.38.14:606][717]LogModuleManager: Shutting down and abandoning module ComponentVisualizers (134)
[2015.08.05-08.38.14:606][717]LogModuleManager: Shutting down and abandoning module DetailCustomizations (133)
[2015.08.05-08.38.14:607][717]LogModuleManager: Shutting down and abandoning module PackagesDialog (132)
[2015.08.05-08.38.14:607][717]LogModuleManager: Shutting down and abandoning module AssetRegistry (131)
[2015.08.05-08.38.14:847][717]LogModuleManager: Shutting down and abandoning module Persona (130)
[2015.08.05-08.38.14:889][717]LogModuleManager: Shutting down and abandoning module Kismet (129)
[2015.08.05-08.38.14:911][717]LogModuleManager: Shutting down and abandoning module GraphEditor (128)
[2015.08.05-08.38.14:929][717]LogModuleManager: Shutting down and abandoning module ClassViewer (127)
[2015.08.05-08.38.14:938][717]LogModuleManager: Shutting down and abandoning module Toolbox (126)
[2015.08.05-08.38.14:938][717]LogModuleManager: Shutting down and abandoning module ModuleUI (125)
[2015.08.05-08.38.14:945][717]LogModuleManager: Shutting down and abandoning module MovieSceneTools (124)
[2015.08.05-08.38.14:969][717]LogModuleManager: Shutting down and abandoning module OutputLog (123)
[2015.08.05-08.38.14:969][717]LogModuleManager: Shutting down and abandoning module GammaUI (122)
[2015.08.05-08.38.14:986][717]LogModuleManager: Shutting down and abandoning module Documentation (121)
[2015.08.05-08.38.14:986][717]LogModuleManager: Shutting down and abandoning module GameLiveStreaming (120)
[2015.08.05-08.38.14:999][717]LogModuleManager: Shutting down and abandoning module StreamingPauseRendering (119)
[2015.08.05-08.38.14:999][717]LogModuleManager: Shutting down and abandoning module AnalyticsET (118)
[2015.08.05-08.38.14:999][717]LogModuleManager: Shutting down and abandoning module Analytics (117)
[2015.08.05-08.38.14:999][717]LogModuleManager: Shutting down and abandoning module AITestSuite (116)
[2015.08.05-08.38.15:007][717]LogModuleManager: Shutting down and abandoning module GameplayDebugger (115)
[2015.08.05-08.38.15:007][717]LogModuleManager: Shutting down and abandoning module AIModule (114)
[2015.08.05-08.38.15:007][717]LogModuleManager: Shutting down and abandoning module ProfilerService (113)
[2015.08.05-08.38.15:102][717]LogModuleManager: Shutting down and abandoning module TaskGraph (112)
[2015.08.05-08.38.15:119][717]LogModuleManager: Shutting down and abandoning module SlateRemote (111)
[2015.08.05-08.38.15:119][717]LogModuleManager: Shutting down and abandoning module SteamVRController (110)
[2015.08.05-08.38.15:119][717]LogModuleManager: Shutting down and abandoning module SteamVR (109)
[2015.08.05-08.38.15:119][717]LogModuleManager: Shutting down and abandoning module ProceduralMeshComponent (108)
[2015.08.05-08.38.15:119][717]LogModuleManager: Shutting down and abandoning module OculusRift (107)
[2015.08.05-08.38.15:119][717]LogModuleManager: Shutting down and abandoning module LeapMotionController (106)
[2015.08.05-08.38.15:202][717]LogModuleManager: Shutting down and abandoning module CustomMeshComponent (105)
[2015.08.05-08.38.15:203][717]LogModuleManager: Shutting down and abandoning module CableComponent (104)
[2015.08.05-08.38.15:208][717]LogModuleManager: Shutting down and abandoning module MessagingDebugger (103)
[2015.08.05-08.38.15:295][717]LogModuleManager: Shutting down and abandoning module MediaPlayerEditor (102)
[2015.08.05-08.38.15:316][717]LogModuleManager: Shutting down and abandoning module SpeedTreeImporter (101)
[2015.08.05-08.38.15:316][717]LogModuleManager: Shutting down and abandoning module PluginBrowser (100)
[2015.08.05-08.38.15:332][717]LogModuleManager: Shutting down and abandoning module EpicSurvey (99)
[2015.08.05-08.38.15:360][717]LogModuleManager: Shutting down and abandoning module DesktopPlatform (98)
[2015.08.05-08.38.15:386][717]LogModuleManager: Shutting down and abandoning module VisualStudioSourceCodeAccess (97)
[2015.08.05-08.38.15:403][717]LogModuleManager: Shutting down and abandoning module UObjectPlugin (96)
[2015.08.05-08.38.15:403][717]LogModuleManager: Shutting down and abandoning module SubversionSourceControl (95)
[2015.08.05-08.38.15:415][717]LogModuleManager: Shutting down and abandoning module PerforceSourceControl (94)
[2015.08.05-08.38.15:427][717]LogModuleManager: Shutting down and abandoning module SourceControl (93)
[2015.08.05-08.38.15:452][717]LogModuleManager: Shutting down and abandoning module GitSourceControl (92)
[2015.08.05-08.38.15:461][717]LogModuleManager: Shutting down and abandoning module BlankPlugin (91)
[2015.08.05-08.38.15:461][717]LogModuleManager: Shutting down and abandoning module PaperTiledImporter (90)
[2015.08.05-08.38.15:461][717]LogModuleManager: Shutting down and abandoning module PaperSpriteSheetImporter (89)
[2015.08.05-08.38.15:461][717]LogModuleManager: Shutting down and abandoning module MeshPaint (88)
[2015.08.05-08.38.15:472][717]LogModuleManager: Shutting down and abandoning module SlateReflector (87)
[2015.08.05-08.38.15:498][717]LogModuleManager: Shutting down and abandoning module DirectoryWatcher (86)
[2015.08.05-08.38.15:499][717]LogModuleManager: Shutting down and abandoning module HotReload (85)
[2015.08.05-08.38.15:499][717]LogModuleManager: Shutting down and abandoning module MainFrame (84)
[2015.08.05-08.38.15:499][717]LogModuleManager: Shutting down and abandoning module LevelEditor (83)
[2015.08.05-08.38.15:521][717]LogModuleManager: Shutting down and abandoning module ContentBrowser (82)
[2015.08.05-08.38.15:523][717]LogModuleManager: Shutting down and abandoning module Paper2DEditor (81)
[2015.08.05-08.38.15:548][717]LogModuleManager: Shutting down and abandoning module UdpMessaging (80)
[2015.08.05-08.38.15:649][717]LogModuleManager: Shutting down and abandoning module Paper2D (79)
[2015.08.05-08.38.15:656][717]LogModuleManager: Shutting down and abandoning module WindowsMoviePlayer (78)
[2015.08.05-08.38.15:680][717]LogModuleManager: Shutting down and abandoning module Media (77)
[2015.08.05-08.38.15:680][717]LogModuleManager: Shutting down and abandoning module WmfMedia (76)
[2015.08.05-08.38.15:689][717]LogModuleManager: Shutting down and abandoning module OnlineBlueprintSupport (75)
[2015.08.05-08.38.15:689][717]LogModuleManager: Shutting down and abandoning module PropertyEditor (74)
[2015.08.05-08.38.15:690][717]LogModuleManager: Shutting down and abandoning module BehaviorTreeEditor (73)
[2015.08.05-08.38.15:717][717]LogModuleManager: Shutting down and abandoning module FunctionalTesting (72)
[2015.08.05-08.38.15:726][717]LogModuleManager: Shutting down and abandoning module CollisionAnalyzer (71)
[2015.08.05-08.38.15:736][717]LogModuleManager: Shutting down and abandoning module WorkspaceMenuStructure (70)
[2015.08.05-08.38.15:736][717]LogModuleManager: Shutting down and abandoning module MessageLog (69)
[2015.08.05-08.38.15:736][717]LogModuleManager: Shutting down and abandoning module Sequencer (68)
[2015.08.05-08.38.15:751][717]LogModuleManager: Shutting down and abandoning module AssetTools (67)
[2015.08.05-08.38.15:773][717]LogModuleManager: Shutting down and abandoning module UMGEditor (66)
[2015.08.05-08.38.15:794][717]LogModuleManager: Shutting down and abandoning module UMG (65)
[2015.08.05-08.38.15:794][717]LogModuleManager: Shutting down and abandoning module Slate (64)
[2015.08.05-08.38.15:794][717]LogModuleManager: Shutting down and abandoning module EditorStyle (63)
[2015.08.05-08.38.15:805][717]LogModuleManager: Shutting down and abandoning module SessionServices (62)
[2015.08.05-08.38.15:805][717]LogModuleManager: Shutting down and abandoning module SourceCodeAccess (61)
[2015.08.05-08.38.15:805][717]LogModuleManager: Shutting down and abandoning module HeadMountedDisplay (60)
[2015.08.05-08.38.15:805][717]LogModuleManager: Shutting down and abandoning module XAudio2 (59)
[2015.08.05-08.38.15:805][717]LogModuleManager: Shutting down and abandoning module Networking (57)
[2015.08.05-08.38.15:806][717]LogModuleManager: Shutting down and abandoning module Core (56)
[2015.08.05-08.38.15:806][717]LogModuleManager: Shutting down and abandoning module KismetCompiler (55)
[2015.08.05-08.38.15:806][717]LogModuleManager: Shutting down and abandoning module PhysXFormats (54)
[2015.08.05-08.38.15:806][717]LogModuleManager: Shutting down and abandoning module MeshUtilities (53)
[2015.08.05-08.38.15:817][717]LogModuleManager: Shutting down and abandoning module DerivedDataCache (52)
[2015.08.05-08.38.15:871][717]LogDerivedDataCache: Shutdown
[2015.08.05-08.38.15:871][717]LogModuleManager: Shutting down and abandoning module ShaderFormatOpenGL (51)
[2015.08.05-08.38.15:883][717]LogModuleManager: Shutting down and abandoning module ShaderFormatD3D (50)
[2015.08.05-08.38.15:893][717]LogModuleManager: Shutting down and abandoning module MetalShaderFormat (49)
[2015.08.05-08.38.15:912][717]LogModuleManager: Shutting down and abandoning module TextureFormatUncompressed (48)
[2015.08.05-08.38.15:912][717]LogModuleManager: Shutting down and abandoning module TextureFormatPVR (47)
[2015.08.05-08.38.15:927][717]LogModuleManager: Shutting down and abandoning module TextureFormatIntelISPCTexComp (46)
[2015.08.05-08.38.15:930][717]LogModuleManager: Shutting down and abandoning module TextureFormatDXT (45)
[2015.08.05-08.38.15:941][717]LogModuleManager: Shutting down and abandoning module ImageWrapper (44)
[2015.08.05-08.38.15:941][717]LogModuleManager: Shutting down and abandoning module TextureFormatASTC (43)
[2015.08.05-08.38.15:941][717]LogModuleManager: Shutting down and abandoning module TextureFormatAndroid (42)
[2015.08.05-08.38.15:941][717]LogModuleManager: Shutting down and abandoning module AudioFormatOpus (41)
[2015.08.05-08.38.15:953][717]LogModuleManager: Shutting down and abandoning module AudioFormatOgg (40)
[2015.08.05-08.38.15:967][717]LogModuleManager: Shutting down and abandoning module AudioFormatADPCM (39)
[2015.08.05-08.38.15:967][717]LogModuleManager: Shutting down and abandoning module LinuxTargetPlatform (38)
[2015.08.05-08.38.15:967][717]LogModuleManager: Shutting down and abandoning module LinuxServerTargetPlatform (37)
[2015.08.05-08.38.15:977][717]LogModuleManager: Shutting down and abandoning module LinuxNoEditorTargetPlatform (36)
[2015.08.05-08.38.15:991][717]LogModuleManager: Shutting down and abandoning module Messaging (35)
[2015.08.05-08.38.15:991][717]LogModuleManager: Shutting down and abandoning module IOSTargetPlatform (34)
[2015.08.05-08.38.15:991][717]LogModuleManager: Shutting down and abandoning module HTML5TargetPlatform (33)
[2015.08.05-08.38.15:991][717]LogModuleManager: Shutting down and abandoning module Android_PVRTCTargetPlatform (32)
[2015.08.05-08.38.15:991][717]LogModuleManager: Shutting down and abandoning module Android_ETC2TargetPlatform (31)
[2015.08.05-08.38.15:991][717]LogModuleManager: Shutting down and abandoning module Android_ETC1TargetPlatform (30)
[2015.08.05-08.38.15:991][717]LogModuleManager: Shutting down and abandoning module Android_DXTTargetPlatform (29)
[2015.08.05-08.38.15:991][717]LogModuleManager: Shutting down and abandoning module Android_ATCTargetPlatform (28)
[2015.08.05-08.38.15:991][717]LogModuleManager: Shutting down and abandoning module Android_ASTCTargetPlatform (27)
[2015.08.05-08.38.15:991][717]LogModuleManager: Shutting down and abandoning module AndroidTargetPlatform (26)
[2015.08.05-08.38.15:991][717]LogModuleManager: Shutting down and abandoning module WindowsTargetPlatform (25)
[2015.08.05-08.38.15:991][717]LogModuleManager: Shutting down and abandoning module WindowsServerTargetPlatform (24)
[2015.08.05-08.38.15:991][717]LogModuleManager: Shutting down and abandoning module WindowsNoEditorTargetPlatform (23)
[2015.08.05-08.38.15:991][717]LogModuleManager: Shutting down and abandoning module WindowsClientTargetPlatform (22)
[2015.08.05-08.38.15:991][717]LogModuleManager: Shutting down and abandoning module DesktopTargetPlatform (21)
[2015.08.05-08.38.15:991][717]LogModuleManager: Shutting down and abandoning module TargetPlatform (20)
[2015.08.05-08.38.15:991][717]LogModuleManager: Shutting down and abandoning module InputCore (19)
[2015.08.05-08.38.15:991][717]LogModuleManager: Shutting down and abandoning module Settings (18)
[2015.08.05-08.38.15:991][717]LogModuleManager: Shutting down and abandoning module OnlineSubsystem (16)
[2015.08.05-08.38.15:991][717]LogModuleManager: Shutting down and abandoning module HTTP (15)
[2015.08.05-08.38.15:992][717]LogModuleManager: Shutting down and abandoning module ExampleDeviceProfileSelector (14)
[2015.08.05-08.38.15:992][717]LogModuleManager: Shutting down and abandoning module TextureCompressor (13)
[2015.08.05-08.38.16:011][717]LogModuleManager: Shutting down and abandoning module ShaderCore (12)
[2015.08.05-08.38.16:011][717]LogModuleManager: Shutting down and abandoning module Landscape (11)
[2015.08.05-08.38.16:011][717]LogModuleManager: Shutting down and abandoning module SlateRHIRenderer (10)
[2015.08.05-08.38.16:043][717]LogModuleManager: Shutting down and abandoning module OpenGLDrv (9)
[2015.08.05-08.38.16:059][717]LogModuleManager: Shutting down and abandoning module D3D11RHI (8)
[2015.08.05-08.38.16:059][717]LogModuleManager: Shutting down and abandoning module Renderer (7)
[2015.08.05-08.38.16:059][717]LogModuleManager: Shutting down and abandoning module Engine (6)
[2015.08.05-08.38.16:059][717]LogModuleManager: Shutting down and abandoning module CoreUObject (5)
[2015.08.05-08.38.16:059][717]LogModuleManager: Shutting down and abandoning module NetworkFile (4)
[2015.08.05-08.38.16:077][717]LogModuleManager: Shutting down and abandoning module StreamingFile (3)
[2015.08.05-08.38.16:089][717]LogModuleManager: Shutting down and abandoning module SandboxFile (2)
[2015.08.05-08.38.16:102][717]LogModuleManager: Shutting down and abandoning module PakFile (1)
[2015.08.05-08.38.16:116][717]LogExit: Exiting.
[2015.08.05-08.38.16:129][717]Log file closed, 08/05/15 03:38:16
