[2015.07.25-01.48.33:233][  0]Log file open, 07/24/15 20:48:33
[2015.07.25-01.48.33:233][  0]LogInit:Display: Running engine for game: TheForsakens
[2015.07.25-01.48.33:233][  0]LogInit:Display: RandInit(1060771008) SRandInit(1060771009).
[2015.07.25-01.48.33:233][  0]LogTaskGraph: Started task graph with 4 named threads and 5 total threads.
[2015.07.25-01.48.33:233][  0]LogStats: Stats thread started
[2015.07.25-01.48.33:233][  0]LogInit: Version: 4.8.2-2614606+++depot+UE4-Releases+4.8
[2015.07.25-01.48.33:233][  0]LogInit: API Version: 2579680
[2015.07.25-01.48.33:233][  0]LogInit: Compiled (64-bit): Jul  8 2015 23:43:41
[2015.07.25-01.48.33:233][  0]LogInit: Compiled with Visual C++: 18.00.21005.01
[2015.07.25-01.48.33:233][  0]LogInit: Build Configuration: Development
[2015.07.25-01.48.33:233][  0]LogInit: Branch Name: ++depot+UE4-Releases+4.8
[2015.07.25-01.48.33:233][  0]LogInit: Command line:  
[2015.07.25-01.48.33:233][  0]LogInit: Base directory: C:/Program Files/Epic Games/4.8/Engine/Binaries/Win64/
[2015.07.25-01.48.33:233][  0]LogInit: Rocket: 1
[2015.07.25-01.48.34:183][  0]LogInit: Using libcurl 7.41.0
[2015.07.25-01.48.34:183][  0]LogInit:  - built for x86_64-pc-win32
[2015.07.25-01.48.34:183][  0]LogInit:  - supports SSL with WinSSL
[2015.07.25-01.48.34:183][  0]LogInit:  - other features:
[2015.07.25-01.48.34:183][  0]LogInit:      CURL_VERSION_SSL
[2015.07.25-01.48.34:183][  0]LogInit:      CURL_VERSION_IPV6
[2015.07.25-01.48.34:183][  0]LogInit:      CURL_VERSION_ASYNCHDNS
[2015.07.25-01.48.34:183][  0]LogInit:      CURL_VERSION_LARGEFILE
[2015.07.25-01.48.34:183][  0]LogInit:      CURL_VERSION_IDN
[2015.07.25-01.48.34:188][  0]LogInit:  CurlRequestOptions (configurable via config and command line):
[2015.07.25-01.48.34:192][  0]LogInit:  - bVerifyPeer = true  - Libcurl will verify peer certificate
[2015.07.25-01.48.34:192][  0]LogInit:  - bUseHttpProxy = false  - Libcurl will NOT use HTTP proxy
[2015.07.25-01.48.34:192][  0]LogInit:  - bDontReuseConnections = false  - Libcurl will reuse connections
[2015.07.25-01.48.34:192][  0]LogInit:  - CertBundlePath = nullptr  - Libcurl will use whatever was configured at build time.
[2015.07.25-01.48.34:231][  0]LogOnline:Warning: No default platform service specified for OnlineSubsystem
[2015.07.25-01.48.34:688][  0]LogInit: Presizing for 0 objects not considered by GC, pre-allocating 0 bytes.
[2015.07.25-01.48.34:755][  0]LogInit: Object subsystem initialized
[2015.07.25-01.48.34:791][  0]LogConsoleResponse:Warning: Skipping Unknown console variable: 'TranslucentSortAxis = (X=0.000000,Y=-1.000000,Z=0.000000)'
[2015.07.25-01.48.34:791][  0]LogConsoleResponse:Warning:   Found in ini file 'C:/Users/Christian/Documents/Unreal Projects/TheForsakens 4.8/Saved/Config/Windows/Engine.ini', in section '[/Script/Engine.RendererSettings]'
[2015.07.25-01.48.34:791][  0]LogConsoleResponse:Warning: Skipping Unknown console variable: 'UIScaleRule = ShortestSide'
[2015.07.25-01.48.34:791][  0]LogConsoleResponse:Warning:   Found in ini file 'C:/Users/Christian/Documents/Unreal Projects/TheForsakens 4.8/Saved/Config/Windows/Engine.ini', in section '[/Script/Engine.RendererSettings]'
[2015.07.25-01.48.34:791][  0]LogConsoleResponse:Warning: Skipping Unknown console variable: 'UIScaleCurve = (EditorCurveData=(Keys=),ExternalCurve=None)'
[2015.07.25-01.48.34:791][  0]LogConsoleResponse:Warning:   Found in ini file 'C:/Users/Christian/Documents/Unreal Projects/TheForsakens 4.8/Saved/Config/Windows/Engine.ini', in section '[/Script/Engine.RendererSettings]'
[2015.07.25-01.48.34:866][  0]LogInit: Selected Device Profile: [Windows]
[2015.07.25-01.48.34:866][  0]LogInit: Applying CVar settings loaded from the selected device profile: [Windows]
[2015.07.25-01.48.35:035][  0]LogInit: Computer: CHRISTIANGAMING
[2015.07.25-01.48.35:035][  0]LogInit: User: Christian
[2015.07.25-01.48.35:035][  0]LogInit: CPU Page size=4096, Cores=2
[2015.07.25-01.48.35:035][  0]LogInit: High frequency timer resolution =2.143570 MHz
[2015.07.25-01.48.35:043][  0]LogMemory: Memory total: Physical=3.9GB (4GB approx)
[2015.07.25-01.48.35:043][  0]LogMemory: Platform Memory Stats for Windows
[2015.07.25-01.48.35:043][  0]LogMemory: Process Physical Memory: 49.54 MB used, 49.54 MB peak
[2015.07.25-01.48.35:043][  0]LogMemory: Process Virtual Memory: 21.95 MB used, 23.85 MB peak
[2015.07.25-01.48.35:043][  0]LogMemory: Physical Memory: 2169.50 MB used, 3983.27 MB total
[2015.07.25-01.48.35:043][  0]LogMemory: Virtual Memory: 290.59 MB used, 8388608.00 MB total
[2015.07.25-01.48.36:452][  0]LogTextLocalizationManager: The requested culture ('en_US') has no localization data; parent culture's ('en') localization data will be used.
[2015.07.25-01.48.37:099][  0]LogTextLocalizationManager:Warning: Loaded localization resources contain conflicting entries for (Namespace:ContentBrowser, Key:ImportAssetToolTip):
Localization Resource: (C:/Program Files/Epic Games/4.8/Engine/Content/Localization/Editor/en/Editor.locres) Source String Hash: (-630476809) Localized String: (Import to {0}...)
Localization Resource: (C:/Program Files/Epic Games/4.8/Engine/Content/Localization/Editor/en/Editor.locres) Source String Hash: (1271782899) Localized String: (Imports an asset from file to this folder.)
[2015.07.25-01.48.38:604][  0]LogD3D11RHI: Found D3D11 adapter 0: Intel(R) HD Graphics 3000 (Feature Level 10_0)
[2015.07.25-01.48.38:604][  0]LogD3D11RHI: Adapter has 32MB of dedicated video memory, 0MB of dedicated system memory, and 1632MB of shared system memory, 1 output[s]
[2015.07.25-01.48.38:615][  0]LogD3D11RHI: Found D3D11 adapter 1: Microsoft Basic Render Driver (Feature Level 11_0)
[2015.07.25-01.48.38:615][  0]LogD3D11RHI: Adapter has 0MB of dedicated video memory, 0MB of dedicated system memory, and 256MB of shared system memory, 0 output[s]
[2015.07.25-01.48.38:615][  0]LogD3D11RHI: Chosen D3D11 Adapter Id = 0
[2015.07.25-01.48.38:636][  0]LogD3D11RHI: InitD3DDevice
[2015.07.25-01.48.38:636][  0]LogD3D11RHI: !Direct3DDevice
[2015.07.25-01.48.38:636][  0]LogRHI: Texture pool is 593 MB (70% of 848 MB)
[2015.07.25-01.48.38:640][  0]LogD3D11RHI: Async texture creation enabled
[2015.07.25-01.48.38:808][  0]LogShaderCompilers:Display: Using Local Shader Compiler.
[2015.07.25-01.48.48:717][  0]LogTemp:Display: Loaded TP DesktopTargetPlatform
[2015.07.25-01.48.48:759][  0]LogTemp:Display: Loaded TP WindowsClientTargetPlatform
[2015.07.25-01.48.48:787][  0]LogTemp:Display: Loaded TP WindowsNoEditorTargetPlatform
[2015.07.25-01.48.48:834][  0]LogTemp:Display: Loaded TP WindowsServerTargetPlatform
[2015.07.25-01.48.48:889][  0]LogTemp:Display: Loaded TP WindowsTargetPlatform
[2015.07.25-01.48.48:913][  0]LogTemp:Display: Loaded TP AndroidTargetPlatform
[2015.07.25-01.48.48:950][  0]LogTemp:Display: Loaded TP Android_ASTCTargetPlatform
[2015.07.25-01.48.48:977][  0]LogTemp:Display: Loaded TP Android_ATCTargetPlatform
[2015.07.25-01.48.49:006][  0]LogTemp:Display: Loaded TP Android_DXTTargetPlatform
[2015.07.25-01.48.49:042][  0]LogTemp:Display: Loaded TP Android_ETC1TargetPlatform
[2015.07.25-01.48.49:072][  0]LogTemp:Display: Loaded TP Android_ETC2TargetPlatform
[2015.07.25-01.48.49:114][  0]LogTemp:Display: Loaded TP Android_PVRTCTargetPlatform
[2015.07.25-01.48.49:282][  0]LogTemp:Display: Loaded TP IOSTargetPlatform
[2015.07.25-01.48.49:322][  0]LogTemp:Display: Loaded TP LinuxNoEditorTargetPlatform
[2015.07.25-01.48.49:363][  0]LogTemp:Display: Loaded TP LinuxServerTargetPlatform
[2015.07.25-01.48.49:411][  0]LogTemp:Display: Loaded TP LinuxTargetPlatform
[2015.07.25-01.48.49:411][  0]LogTargetPlatformManager:Display: Building Assets For Windows
[2015.07.25-01.48.50:384][  0]LogDerivedDataCache:Display: Max Cache Size: 512 MB
[2015.07.25-01.48.51:149][  0]LogDerivedDataCache: Loaded boot cache 0.77s 48MB C:/Users/Christian/AppData/Local/UnrealEngine/4.8/DerivedDataCache/Boot.ddc.
[2015.07.25-01.48.51:149][  0]LogDerivedDataCache:Display: Loaded Boot cache: C:/Users/Christian/AppData/Local/UnrealEngine/4.8/DerivedDataCache/Boot.ddc
[2015.07.25-01.48.51:149][  0]LogDerivedDataCache: FDerivedDataBackendGraph:  Pak pak cache file ../../../../../../Users/Christian/Documents/Unreal Projects/TheForsakens 4.8/DerivedDataCache/DDC.ddp not found, will not use a pak cache.
[2015.07.25-01.48.51:149][  0]LogDerivedDataCache: Unable to find inner node Pak for hierarchical cache Hierarchy.
[2015.07.25-01.48.51:150][  0]LogDerivedDataCache: FDerivedDataBackendGraph:  CompressedPak pak cache file ../../../../../../Users/Christian/Documents/Unreal Projects/TheForsakens 4.8/DerivedDataCache/Compressed.ddp not found, will not use a pak cache.
[2015.07.25-01.48.51:150][  0]LogDerivedDataCache: Unable to find inner node CompressedPak for hierarchical cache Hierarchy.
[2015.07.25-01.48.51:698][  0]LogDerivedDataCache:Display: Pak cache opened for reading ../../../Engine/DerivedDataCache/Compressed.ddp.
[2015.07.25-01.48.51:728][  0]LogDerivedDataCache: Using Local data cache path C:/Users/Christian/AppData/Local/UnrealEngine/Common/DerivedDataCache: Writable
[2015.07.25-01.48.59:166][  0]LogInit: Selected Device Profile: [Windows]
[2015.07.25-01.48.59:948][  0]ImportText (ComponentSweepMultiTests): Missing closing parenthesis: (RootShapeAsset="/Engine/BasicShapes/Cube.Cube",ShapeType="TriggerCapsule",HitResult=(Time=0.50,Location=(X=-100.000015,Y=0.0,Z=100.000015),ImpactPoint=(X=-50.0,Y=0.0,Z=50.0),Normal=(X=-1.0,Y=-0.0,Z=0.0),ImpactNormal=(X=0.0,Y=0.0,Z=1.0),TraceStart=(X=-200.0,Y=0.0,Z=200.0),TraceEnd=(X=0.0,Y=0.0,Z=0.0))
[2015.07.25-01.48.59:949][  0]ImportText (LineTraceSingleByChannelTests): Missing closing parenthesis: (RootShapeAsset="/Engine/BasicShapes/Cube.Cube",HitResult=(Time=0.50,Location=(X=-100.000015,Y=0.0,Z=100.000015),ImpactPoint=(X=-50.0,Y=0.0,Z=50.0),Normal=(X=-1.0,Y=-0.0,Z=0.0),ImpactNormal=(X=0.0,Y=0.0,Z=1.0),TraceStart=(X=-200.0,Y=0.0,Z=200.0),TraceEnd=(X=0.0,Y=0.0,Z=0.0))
[2015.07.25-01.49.00:189][  0]LogMeshUtilities: No automatic mesh reduction module available
[2015.07.25-01.49.00:189][  0]LogMeshUtilities: No automatic mesh merging module available
[2015.07.25-01.49.03:991][  0]LogInit: WinSock: version 1.1 (2.2), MaxSocks=32767, MaxUdp=65467
[2015.07.25-01.49.27:003][  0]UdpMessaging: Initializing bridge on interface 0.0.0.0:0 to multicast group 230.0.0.1:6666.
[2015.07.25-01.49.29:532][  0]SourceControl: Info Source control is disabled
[2015.07.25-01.49.29:533][  0]SourceControl: Info Source control is disabled
[2015.07.25-01.49.29:612][  0]SourceControl: Info Source control is disabled
[2015.07.25-01.49.29:664][  0]SourceControl: Info Source control is disabled
[2015.07.25-01.49.30:754][  0]LogObj: 26273 objects as part of root set at end of initial load.
[2015.07.25-01.49.30:754][  0]LogUObjectAllocator: 5409248 out of 0 bytes used by permanent object pool.
[2015.07.25-01.49.31:562][  0]LogEngine: Initializing Engine...
[2015.07.25-01.49.31:607][  0]LogHMD: Can't find Oculus library dev build: is proper Runtime installed? Version: 0.6.0.0
[2015.07.25-01.49.31:670][  0]LogHMD:Warning: SteamVR failed to initialize.  Error: 110
[2015.07.25-01.49.32:637][  0]LogAIModule: Creating AISystem for world NewWorld
[2015.07.25-01.49.32:728][  0]LogInit: XAudio2 using 'Speakers (Realtek High Definition Audio)' : 2 channels at 48 kHz using 32 bits per sample (channel mask 0x3)
[2015.07.25-01.49.32:801][  0]LogInit: FAudioDevice initialized.
[2015.07.25-01.49.32:840][  0]LogDerivedDataCache: Saved boot cache 0.04s 48MB C:/Users/Christian/AppData/Local/UnrealEngine/4.8/DerivedDataCache/Boot.ddc.
[2015.07.25-01.49.32:854][  0]LogInit: Texture streaming: Disabled
[2015.07.25-01.49.33:103][  0]LogAnalytics: Creating configured Analytics provider AnalyticsET
[2015.07.25-01.49.33:103][  0]LogAnalytics: [UEEditor.Rocket.Release] APIServer = http://et2.epicgames.com/ET2/. AppVersion = 4.8.2-2614606+++depot+UE4-Releases+4.8
[2015.07.25-01.49.33:103][  0]LogAnalytics: [UEEditor.Rocket.Release] SetUserId d520111f42444ed2ae17ceb4cce854a2|256081b0662a4905b440382e278adc23|3ae4f12a-3c0a-4aaf-bb63-a78589ca1625
[2015.07.25-01.49.33:107][  0]LogAnalytics: [UEEditor.Rocket.Release] AnalyticsET::StartSession
[2015.07.25-01.49.34:124][  0]LogInit: Transaction tracking system initialized
[2015.07.25-01.49.35:527][  0]BlueprintLog: New page: Editor Load
[2015.07.25-01.49.35:828][  0]LogAssetRegistry: FAssetRegistry took 0.0305 seconds to start up
[2015.07.25-01.49.35:841][  0]LogDirectoryWatcher:Warning: Failed to begin reading directory changes for ../../../Engine/Plugins/Experimental/CharacterAI/Content/. Error: 0
[2015.07.25-01.49.45:766][  0]LogConsoleManager:Warning: Console variable 'r.VSync' wasn't set ('GameSetting' has a lower priority than 'SystemSettingsIni')
[2015.07.25-01.49.45:767][  0]LogConsoleResponse:Display: 
[2015.07.25-01.49.51:243][  0]LogCook:Display: Done creating registry. It took  0.00s.
[2015.07.25-01.49.54:237][  0]SourceControl: Info Source control is disabled
[2015.07.25-01.49.54:344][  0]Cmd: MAP LOAD FILE="../../../Engine/Content/Maps/Templates/Template_Default.umap" TEMPLATE=1 SHOWPROGRESS=1 FEATURELEVEL=2
[2015.07.25-01.49.54:960][  0]LightingResults: New page: Lighting Build
[2015.07.25-01.49.56:277][  0]MapCheck: New page: Map Check
[2015.07.25-01.49.56:277][  0]LightingResults: New page: Lighting Build
[2015.07.25-01.49.57:533][  0]LogParticles: Destroying 0 GPU particle simulations for FXSystem 0x000000A441A86200
[2015.07.25-01.50.03:810][  0]LogAIModule: Creating AISystem for world Untitled_1
[2015.07.25-01.50.04:238][  0]LogEditorServer: Finished looking for orphan Actors (0.000 secs)
[2015.07.25-01.50.04:367][  0]Cmd: MAP CHECKDEP NOCLEARLOG
[2015.07.25-01.50.04:448][  0]MapCheck: Info Map check complete: 0 Error(s), 0 Warning(s), took 80.737ms to complete.
[2015.07.25-01.50.04:448][  0]LogFileHelpers: Loading map 'Template_Default' took 10.104
[2015.07.25-01.50.06:372][  0]LogCollectionManager: Loaded 0 collections in 0.005625 seconds
[2015.07.25-01.50.06:443][  0]LogContentBrowser: Native class hierarchy populated in 0.0698 seconds. Added 1792 classes and 301 folders.
[2015.07.25-01.50.06:710][  0]LogContentBrowser: Native class hierarchy updated for 'WidgetCarousel' in 0.0008 seconds. Added 0 classes and 0 folders.
[2015.07.25-01.50.07:621][  0]LogContentBrowser: Native class hierarchy updated for 'AddContentDialog' in 0.0007 seconds. Added 0 classes and 0 folders.
[2015.07.25-01.50.07:731][  0]LogContentBrowser: Native class hierarchy updated for 'SceneOutliner' in 0.0009 seconds. Added 1 classes and 2 folders.
[2015.07.25-01.50.08:713][  0]LogCrashTracker: Crashtracker disabled due to settings.
[2015.07.25-01.50.08:771][  0]LogD3D11RHI: InitD3DDevice
[2015.07.25-01.50.08:790][  0]LogUObjectGlobals:Warning: Failed to find object 'Class None.'
[2015.07.25-01.50.08:859][  0]LogLoad: Full Startup: 106.35 seconds (BP compile: 1.12 seconds)
[2015.07.25-01.50.09:459][  0]LogContentStreaming: Texture pool size is 0.000000MB
[2015.07.25-01.50.09:694][  0]LogContentStreaming: Texture pool size now 1000 MB
[2015.07.25-01.50.10:440][  0]LogRenderer: Reallocating scene render targets to support 736x376 (Frame:2).
[2015.07.25-01.50.11:807][  2]LogD3D11RHI: InitD3DDevice
[2015.07.25-01.50.18:565][ 22]LogAssetRegistry: Asset discovery search completed in 42.7559 seconds
[2015.07.25-01.51.57:411][341]LogD3D11RHI: InitD3DDevice
[2015.07.25-01.52.27:819][530]LogD3D11RHI: InitD3DDevice
[2015.07.25-01.52.27:943][530]LogFactory: FactoryCreateBinary: StaticMesh with FbxFactory (0 0 ../../../../../../Users/Christian/Desktop/Unreal 4/Models/Maincharacter.fbx)
[2015.07.25-01.52.28:335][530]LogFbx: ItemName: GlobalSettings, ItemCount : 1
[2015.07.25-01.52.28:335][530]LogFbx: ItemName: NodeAttribute, ItemCount : 84
[2015.07.25-01.52.28:335][530]LogFbx: ItemName: Model, ItemCount : 85
[2015.07.25-01.52.28:335][530]LogFbx: ItemName: Material, ItemCount : 7
[2015.07.25-01.52.28:335][530]LogFbx: ItemName: Texture, ItemCount : 15
[2015.07.25-01.52.28:335][530]LogFbx: ItemName: Video, ItemCount : 15
[2015.07.25-01.52.28:335][530]LogFbx: ItemName: AnimationStack, ItemCount : 2
[2015.07.25-01.52.28:335][530]LogFbx: ItemName: AnimationLayer, ItemCount : 2
[2015.07.25-01.52.28:336][530]LogFbx: ItemName: Geometry, ItemCount : 1
[2015.07.25-01.52.28:336][530]LogFbx: ItemName: Deformer, ItemCount : 82
[2015.07.25-01.52.28:336][530]LogFbx: ItemName: Pose, ItemCount : 1
[2015.07.25-01.52.28:336][530]LogFbx: ItemName: AnimationCurveNode, ItemCount : 75
[2015.07.25-01.52.28:336][530]LogFbx: ItemName: AnimationCurve, ItemCount : 426
[2015.07.25-01.52.28:527][530]LogD3D11RHI: InitD3DDevice
[2015.07.25-01.53.01:481][530]LogFbx: Loading FBX Scene from ../../../../../../Users/Christian/Desktop/Unreal 4/Models/Maincharacter.fbx
[2015.07.25-01.53.01:798][530]LogFbx: FBX Scene Loaded Succesfully
[2015.07.25-01.53.01:834][530]LogFbx: =================================================
[2015.07.25-01.53.01:834][530]LogFbx: Dumping Node START [Holster:curve2] 
[2015.07.25-01.53.01:834][530]LogFbx: 	Total Deformer Count 1520374608.
[2015.07.25-01.53.01:834][530]LogFbx: 		[Node 1] UE4Skin_ (Type Skin).
[2015.07.25-01.53.01:847][530]LogFbx: =================================================
[2015.07.25-01.53.01:848][530]LogFbx: 	Attribute () Type (4).
[2015.07.25-01.53.01:848][530]LogFbx: 		[Node Attribute Child 1] Holster:curve2 (Type Mesh).
[2015.07.25-01.53.01:848][530]LogFbx: Dumping Node END [Holster:curve2]
[2015.07.25-01.53.01:848][530]LogFbx: =================================================
[2015.07.25-01.53.01:848][530]LogFbx: Dumping Node START [Holster:curve2] 
[2015.07.25-01.53.01:848][530]LogFbx: 	Total Deformer Count 1520374608.
[2015.07.25-01.53.01:848][530]LogFbx: 		[Node 1] UE4Skin_ (Type Skin).
[2015.07.25-01.53.01:848][530]LogFbx: =================================================
[2015.07.25-01.53.01:848][530]LogFbx: 	Attribute () Type (4).
[2015.07.25-01.53.01:848][530]LogFbx: 		[Node Attribute Child 1] Holster:curve2 (Type Mesh).
[2015.07.25-01.53.01:848][530]LogFbx: Dumping Node END [Holster:curve2]
[2015.07.25-01.53.01:895][530]LogFbx: Valid bind pose for Pose (UE4BindPose) - Holster:curve2
[2015.07.25-01.53.02:175][530]LogFbx:Warning: Bones digested - 68  Depth of hierarchy - 12
[2015.07.25-01.53.03:205][530]LogSkeletalMesh: Chunk 0: 464 rigid vertices, 2088 soft vertices, 8 active bones
[2015.07.25-01.53.03:206][530]LogSkeletalMesh: Chunk 1: 2394 rigid vertices, 4850 soft vertices, 30 active bones
[2015.07.25-01.53.03:206][530]LogSkeletalMesh: Chunk 2: 98 rigid vertices, 0 soft vertices, 1 active bones
[2015.07.25-01.53.03:206][530]LogSkeletalMesh: Chunk 3: 571 rigid vertices, 176 soft vertices, 2 active bones
[2015.07.25-01.53.03:206][530]LogSkeletalMesh: Chunk 4: 142 rigid vertices, 905 soft vertices, 17 active bones
[2015.07.25-01.53.03:206][530]LogSkeletalMesh: Chunk 5: 106 rigid vertices, 598 soft vertices, 11 active bones
[2015.07.25-01.53.03:207][530]LogSkeletalMesh: Chunk 6: 0 rigid vertices, 1040 soft vertices, 6 active bones
[2015.07.25-01.53.03:292][530]LogSkeletalMesh: Section 0: Material=0, Chunk=0, 2512 triangles
[2015.07.25-01.53.03:292][530]LogSkeletalMesh: Section 1: Material=1, Chunk=1, 12626 triangles
[2015.07.25-01.53.03:292][530]LogSkeletalMesh: Section 2: Material=2, Chunk=2, 106 triangles
[2015.07.25-01.53.03:292][530]LogSkeletalMesh: Section 3: Material=3, Chunk=3, 1490 triangles
[2015.07.25-01.53.03:292][530]LogSkeletalMesh: Section 4: Material=4, Chunk=4, 2031 triangles
[2015.07.25-01.53.03:292][530]LogSkeletalMesh: Section 5: Material=5, Chunk=5, 1380 triangles
[2015.07.25-01.53.03:292][530]LogSkeletalMesh: Section 6: Material=6, Chunk=6, 1984 triangles
[2015.07.25-01.53.03:381][530]LogLinker:Warning: Can't find file '/Game/Ryan/NewFolder/Maincharacter_PhysicsAsset'
[2015.07.25-01.53.03:381][530]LogLinker:Warning: Can't find file '/Game/Ryan/NewFolder/Maincharacter_PhysicsAsset'
[2015.07.25-01.53.03:381][530]LogUObjectGlobals:Warning: Failed to find object 'Object /Game/Ryan/NewFolder/Maincharacter_PhysicsAsset.Maincharacter_PhysicsAsset'
[2015.07.25-01.53.03:436][530]LogLinker:Warning: Can't find file '/Game/Ryan/NewFolder/Maincharacter_Skeleton'
[2015.07.25-01.53.03:436][530]LogLinker:Warning: Can't find file '/Game/Ryan/NewFolder/Maincharacter_Skeleton'
[2015.07.25-01.53.03:436][530]LogUObjectGlobals:Warning: Failed to find object 'Object /Game/Ryan/NewFolder/Maincharacter_Skeleton.Maincharacter_Skeleton'
[2015.07.25-01.53.03:473][530]LogFbx: =================================================
[2015.07.25-01.53.03:473][530]LogFbx: Dumping Node START [Holster:curve2] 
[2015.07.25-01.53.03:473][530]LogFbx: 	Total Deformer Count 1374179056.
[2015.07.25-01.53.03:473][530]LogFbx: 		[Node 1] UE4Skin_ (Type Skin).
[2015.07.25-01.53.03:473][530]LogFbx: =================================================
[2015.07.25-01.53.03:473][530]LogFbx: 	Attribute () Type (4).
[2015.07.25-01.53.03:473][530]LogFbx: 		[Node Attribute Child 1] Holster:curve2 (Type Mesh).
[2015.07.25-01.53.03:473][530]LogFbx: Dumping Node END [Holster:curve2]
[2015.07.25-01.53.03:473][530]LogFbx: =================================================
[2015.07.25-01.53.03:473][530]LogFbx: Dumping Node START [Holster:curve2] 
[2015.07.25-01.53.03:473][530]LogFbx: 	Total Deformer Count 1374179056.
[2015.07.25-01.53.03:473][530]LogFbx: 		[Node 1] UE4Skin_ (Type Skin).
[2015.07.25-01.53.03:473][530]LogFbx: =================================================
[2015.07.25-01.53.03:473][530]LogFbx: 	Attribute () Type (4).
[2015.07.25-01.53.03:473][530]LogFbx: 		[Node Attribute Child 1] Holster:curve2 (Type Mesh).
[2015.07.25-01.53.03:473][530]LogFbx: Dumping Node END [Holster:curve2]
[2015.07.25-01.53.03:528][530]LogFbx: SortedLinks :(0) root
[2015.07.25-01.53.03:528][530]LogFbx: SortedLinks :(1) pelvis
[2015.07.25-01.53.03:528][530]LogFbx: SortedLinks :(2) spine_01
[2015.07.25-01.53.03:528][530]LogFbx: SortedLinks :(3) spine_02
[2015.07.25-01.53.03:528][530]LogFbx: SortedLinks :(4) spine_03
[2015.07.25-01.53.03:528][530]LogFbx: SortedLinks :(5) clavicle_l
[2015.07.25-01.53.03:528][530]LogFbx: SortedLinks :(6) upperarm_l
[2015.07.25-01.53.03:528][530]LogFbx: SortedLinks :(7) lowerarm_l
[2015.07.25-01.53.03:528][530]LogFbx: SortedLinks :(8) hand_l
[2015.07.25-01.53.03:528][530]LogFbx: SortedLinks :(9) index_01_l
[2015.07.25-01.53.03:528][530]LogFbx: SortedLinks :(10) index_02_l
[2015.07.25-01.53.03:528][530]LogFbx: SortedLinks :(11) index_03_l
[2015.07.25-01.53.03:528][530]LogFbx: SortedLinks :(12) middle_01_l
[2015.07.25-01.53.03:529][530]LogFbx: SortedLinks :(13) middle_02_l
[2015.07.25-01.53.03:529][530]LogFbx: SortedLinks :(14) middle_03_l
[2015.07.25-01.53.03:529][530]LogFbx: SortedLinks :(15) pinky_01_l
[2015.07.25-01.53.03:529][530]LogFbx: SortedLinks :(16) pinky_02_l
[2015.07.25-01.53.03:529][530]LogFbx: SortedLinks :(17) pinky_03_l
[2015.07.25-01.53.03:529][530]LogFbx: SortedLinks :(18) ring_01_l
[2015.07.25-01.53.03:529][530]LogFbx: SortedLinks :(19) ring_02_l
[2015.07.25-01.53.03:529][530]LogFbx: SortedLinks :(20) ring_03_l
[2015.07.25-01.53.03:529][530]LogFbx: SortedLinks :(21) thumb_01_l
[2015.07.25-01.53.03:529][530]LogFbx: SortedLinks :(22) thumb_02_l
[2015.07.25-01.53.03:529][530]LogFbx: SortedLinks :(23) thumb_03_l
[2015.07.25-01.53.03:529][530]LogFbx: SortedLinks :(24) lowerarm_twist_01_l
[2015.07.25-01.53.03:529][530]LogFbx: SortedLinks :(25) upperarm_twist_01_l
[2015.07.25-01.53.03:529][530]LogFbx: SortedLinks :(26) clavicle_r
[2015.07.25-01.53.03:529][530]LogFbx: SortedLinks :(27) upperarm_r
[2015.07.25-01.53.03:529][530]LogFbx: SortedLinks :(28) lowerarm_r
[2015.07.25-01.53.03:529][530]LogFbx: SortedLinks :(29) hand_r
[2015.07.25-01.53.03:529][530]LogFbx: SortedLinks :(30) index_01_r
[2015.07.25-01.53.03:529][530]LogFbx: SortedLinks :(31) index_02_r
[2015.07.25-01.53.03:529][530]LogFbx: SortedLinks :(32) index_03_r
[2015.07.25-01.53.03:529][530]LogFbx: SortedLinks :(33) middle_01_r
[2015.07.25-01.53.03:529][530]LogFbx: SortedLinks :(34) middle_02_r
[2015.07.25-01.53.03:529][530]LogFbx: SortedLinks :(35) middle_03_r
[2015.07.25-01.53.03:529][530]LogFbx: SortedLinks :(36) pinky_01_r
[2015.07.25-01.53.03:529][530]LogFbx: SortedLinks :(37) pinky_02_r
[2015.07.25-01.53.03:529][530]LogFbx: SortedLinks :(38) pinky_03_r
[2015.07.25-01.53.03:529][530]LogFbx: SortedLinks :(39) ring_01_r
[2015.07.25-01.53.03:529][530]LogFbx: SortedLinks :(40) ring_02_r
[2015.07.25-01.53.03:529][530]LogFbx: SortedLinks :(41) ring_03_r
[2015.07.25-01.53.03:529][530]LogFbx: SortedLinks :(42) thumb_01_r
[2015.07.25-01.53.03:529][530]LogFbx: SortedLinks :(43) thumb_02_r
[2015.07.25-01.53.03:529][530]LogFbx: SortedLinks :(44) thumb_03_r
[2015.07.25-01.53.03:529][530]LogFbx: SortedLinks :(45) lowerarm_twist_01_r
[2015.07.25-01.53.03:529][530]LogFbx: SortedLinks :(46) upperarm_twist_01_r
[2015.07.25-01.53.03:529][530]LogFbx: SortedLinks :(47) neck_01
[2015.07.25-01.53.03:529][530]LogFbx: SortedLinks :(48) head
[2015.07.25-01.53.03:529][530]LogFbx: SortedLinks :(49) thigh_l
[2015.07.25-01.53.03:529][530]LogFbx: SortedLinks :(50) calf_l
[2015.07.25-01.53.03:529][530]LogFbx: SortedLinks :(51) calf_twist_01_l
[2015.07.25-01.53.03:529][530]LogFbx: SortedLinks :(52) foot_l
[2015.07.25-01.53.03:529][530]LogFbx: SortedLinks :(53) ball_l
[2015.07.25-01.53.03:529][530]LogFbx: SortedLinks :(54) thigh_twist_01_l
[2015.07.25-01.53.03:529][530]LogFbx: SortedLinks :(55) thigh_r
[2015.07.25-01.53.03:529][530]LogFbx: SortedLinks :(56) calf_r
[2015.07.25-01.53.03:529][530]LogFbx: SortedLinks :(57) calf_twist_01_r
[2015.07.25-01.53.03:529][530]LogFbx: SortedLinks :(58) foot_r
[2015.07.25-01.53.03:529][530]LogFbx: SortedLinks :(59) ball_r
[2015.07.25-01.53.03:529][530]LogFbx: SortedLinks :(60) thigh_twist_01_r
[2015.07.25-01.53.03:529][530]LogFbx: SortedLinks :(61) ik_foot_root
[2015.07.25-01.53.03:529][530]LogFbx: SortedLinks :(62) ik_foot_l
[2015.07.25-01.53.03:529][530]LogFbx: SortedLinks :(63) ik_foot_r
[2015.07.25-01.53.03:529][530]LogFbx: SortedLinks :(64) ik_hand_root
[2015.07.25-01.53.03:530][530]LogFbx: SortedLinks :(65) ik_hand_gun
[2015.07.25-01.53.03:530][530]LogFbx: SortedLinks :(66) ik_hand_l
[2015.07.25-01.53.03:530][530]LogFbx: SortedLinks :(67) ik_hand_r
[2015.07.25-01.53.03:555][530]LogFbx: SortedLinks :(0) root
[2015.07.25-01.53.03:555][530]LogFbx: SortedLinks :(1) pelvis
[2015.07.25-01.53.03:555][530]LogFbx: SortedLinks :(2) spine_01
[2015.07.25-01.53.03:555][530]LogFbx: SortedLinks :(3) spine_02
[2015.07.25-01.53.03:555][530]LogFbx: SortedLinks :(4) spine_03
[2015.07.25-01.53.03:555][530]LogFbx: SortedLinks :(5) clavicle_l
[2015.07.25-01.53.03:555][530]LogFbx: SortedLinks :(6) upperarm_l
[2015.07.25-01.53.03:555][530]LogFbx: SortedLinks :(7) lowerarm_l
[2015.07.25-01.53.03:555][530]LogFbx: SortedLinks :(8) hand_l
[2015.07.25-01.53.03:555][530]LogFbx: SortedLinks :(9) index_01_l
[2015.07.25-01.53.03:555][530]LogFbx: SortedLinks :(10) index_02_l
[2015.07.25-01.53.03:555][530]LogFbx: SortedLinks :(11) index_03_l
[2015.07.25-01.53.03:555][530]LogFbx: SortedLinks :(12) middle_01_l
[2015.07.25-01.53.03:555][530]LogFbx: SortedLinks :(13) middle_02_l
[2015.07.25-01.53.03:555][530]LogFbx: SortedLinks :(14) middle_03_l
[2015.07.25-01.53.03:555][530]LogFbx: SortedLinks :(15) pinky_01_l
[2015.07.25-01.53.03:555][530]LogFbx: SortedLinks :(16) pinky_02_l
[2015.07.25-01.53.03:555][530]LogFbx: SortedLinks :(17) pinky_03_l
[2015.07.25-01.53.03:555][530]LogFbx: SortedLinks :(18) ring_01_l
[2015.07.25-01.53.03:555][530]LogFbx: SortedLinks :(19) ring_02_l
[2015.07.25-01.53.03:555][530]LogFbx: SortedLinks :(20) ring_03_l
[2015.07.25-01.53.03:555][530]LogFbx: SortedLinks :(21) thumb_01_l
[2015.07.25-01.53.03:555][530]LogFbx: SortedLinks :(22) thumb_02_l
[2015.07.25-01.53.03:555][530]LogFbx: SortedLinks :(23) thumb_03_l
[2015.07.25-01.53.03:555][530]LogFbx: SortedLinks :(24) lowerarm_twist_01_l
[2015.07.25-01.53.03:555][530]LogFbx: SortedLinks :(25) upperarm_twist_01_l
[2015.07.25-01.53.03:555][530]LogFbx: SortedLinks :(26) clavicle_r
[2015.07.25-01.53.03:555][530]LogFbx: SortedLinks :(27) upperarm_r
[2015.07.25-01.53.03:555][530]LogFbx: SortedLinks :(28) lowerarm_r
[2015.07.25-01.53.03:555][530]LogFbx: SortedLinks :(29) hand_r
[2015.07.25-01.53.03:555][530]LogFbx: SortedLinks :(30) index_01_r
[2015.07.25-01.53.03:555][530]LogFbx: SortedLinks :(31) index_02_r
[2015.07.25-01.53.03:555][530]LogFbx: SortedLinks :(32) index_03_r
[2015.07.25-01.53.03:555][530]LogFbx: SortedLinks :(33) middle_01_r
[2015.07.25-01.53.03:555][530]LogFbx: SortedLinks :(34) middle_02_r
[2015.07.25-01.53.03:555][530]LogFbx: SortedLinks :(35) middle_03_r
[2015.07.25-01.53.03:555][530]LogFbx: SortedLinks :(36) pinky_01_r
[2015.07.25-01.53.03:556][530]LogFbx: SortedLinks :(37) pinky_02_r
[2015.07.25-01.53.03:556][530]LogFbx: SortedLinks :(38) pinky_03_r
[2015.07.25-01.53.03:556][530]LogFbx: SortedLinks :(39) ring_01_r
[2015.07.25-01.53.03:556][530]LogFbx: SortedLinks :(40) ring_02_r
[2015.07.25-01.53.03:556][530]LogFbx: SortedLinks :(41) ring_03_r
[2015.07.25-01.53.03:556][530]LogFbx: SortedLinks :(42) thumb_01_r
[2015.07.25-01.53.03:556][530]LogFbx: SortedLinks :(43) thumb_02_r
[2015.07.25-01.53.03:556][530]LogFbx: SortedLinks :(44) thumb_03_r
[2015.07.25-01.53.03:556][530]LogFbx: SortedLinks :(45) lowerarm_twist_01_r
[2015.07.25-01.53.03:556][530]LogFbx: SortedLinks :(46) upperarm_twist_01_r
[2015.07.25-01.53.03:556][530]LogFbx: SortedLinks :(47) neck_01
[2015.07.25-01.53.03:556][530]LogFbx: SortedLinks :(48) head
[2015.07.25-01.53.03:556][530]LogFbx: SortedLinks :(49) thigh_l
[2015.07.25-01.53.03:556][530]LogFbx: SortedLinks :(50) calf_l
[2015.07.25-01.53.03:556][530]LogFbx: SortedLinks :(51) calf_twist_01_l
[2015.07.25-01.53.03:556][530]LogFbx: SortedLinks :(52) foot_l
[2015.07.25-01.53.03:556][530]LogFbx: SortedLinks :(53) ball_l
[2015.07.25-01.53.03:556][530]LogFbx: SortedLinks :(54) thigh_twist_01_l
[2015.07.25-01.53.03:556][530]LogFbx: SortedLinks :(55) thigh_r
[2015.07.25-01.53.03:556][530]LogFbx: SortedLinks :(56) calf_r
[2015.07.25-01.53.03:556][530]LogFbx: SortedLinks :(57) calf_twist_01_r
[2015.07.25-01.53.03:556][530]LogFbx: SortedLinks :(58) foot_r
[2015.07.25-01.53.03:556][530]LogFbx: SortedLinks :(59) ball_r
[2015.07.25-01.53.03:556][530]LogFbx: SortedLinks :(60) thigh_twist_01_r
[2015.07.25-01.53.03:556][530]LogFbx: SortedLinks :(61) ik_foot_root
[2015.07.25-01.53.03:556][530]LogFbx: SortedLinks :(62) ik_foot_l
[2015.07.25-01.53.03:556][530]LogFbx: SortedLinks :(63) ik_foot_r
[2015.07.25-01.53.03:556][530]LogFbx: SortedLinks :(64) ik_hand_root
[2015.07.25-01.53.03:556][530]LogFbx: SortedLinks :(65) ik_hand_gun
[2015.07.25-01.53.03:556][530]LogFbx: SortedLinks :(66) ik_hand_l
[2015.07.25-01.53.03:556][530]LogFbx: SortedLinks :(67) ik_hand_r
[2015.07.25-01.53.03:557][530]LogFbx: Parsing AnimStack Take 001
[2015.07.25-01.53.03:629][530]LogLinker:Warning: Can't find file '/Game/Ryan/NewFolder/Maincharacter_Anim_Take_001'
[2015.07.25-01.53.03:629][530]LogLinker:Warning: Can't find file '/Game/Ryan/NewFolder/Maincharacter_Anim_Take_001'
[2015.07.25-01.53.03:630][530]LogUObjectGlobals:Warning: Failed to find object 'Object /Game/Ryan/NewFolder/Maincharacter_Anim_Take_001.Maincharacter_Anim_Take_001'
[2015.07.25-01.53.04:812][530]LogFbx: Parsing AnimStack mixamo.com
[2015.07.25-01.53.04:823][530]LogLinker:Warning: Can't find file '/Game/Ryan/NewFolder/Maincharacter_Anim_mixamo_com'
[2015.07.25-01.53.04:823][530]LogLinker:Warning: Can't find file '/Game/Ryan/NewFolder/Maincharacter_Anim_mixamo_com'
[2015.07.25-01.53.04:823][530]LogUObjectGlobals:Warning: Failed to find object 'Object /Game/Ryan/NewFolder/Maincharacter_Anim_mixamo_com.Maincharacter_Anim_mixamo_com'
[2015.07.25-01.53.04:977][530]FBXImport:Warning: Warning The following bones are missing from the bind pose:
middle_01_l  
middle_02_l  
middle_03_l  
pinky_01_l  
pinky_02_l  
pinky_03_l  
lowerarm_twist_01_l  
upperarm_twist_01_l  
middle_01_r  
middle_02_r  
middle_03_r  
pinky_01_r  
pinky_02_r  
pinky_03_r  
lowerarm_twist_01_r  
upperarm_twist_01_r  
calf_twist_01_l  
thigh_twist_01_l  
calf_twist_01_r  
thigh_twist_01_r  
ik_foot_root  
ik_foot_l  
ik_foot_r  
ik_hand_root  
ik_hand_gun  
ik_hand_l  
ik_hand_r  

This can happen for bones that are not vert weighted. If they are not in the correct orientation after importing,
please set the "Use T0 as ref pose" option or add them to the bind pose and reimport the skeletal mesh. 
[2015.07.25-01.53.04:980][530]LogD3D11RHI: InitD3DDevice
[2015.07.25-01.54.03:447][833]LogD3D11RHI: InitD3DDevice
[2015.07.25-01.54.04:793][833]LogD3D11RHI: InitD3DDevice
[2015.07.25-01.54.05:020][833]LogSavePackage: Save=125.531242ms
[2015.07.25-01.54.05:020][833]LogSavePackage: Moving '../../../../../../Users/Christian/Documents/Unreal Projects/TheForsakens 4.8/Saved/Maincharacter0988B661410546452E1BB7A4EB09BC33.tmp' to '../../../../../../Users/Christian/Documents/Unreal Projects/TheForsakens 4.8/Content/Ryan/NewFolder/Maincharacter.uasset'
[2015.07.25-01.54.05:163][833]LogSavePackage: Save=109.511238ms
[2015.07.25-01.54.05:163][833]LogSavePackage: Moving '../../../../../../Users/Christian/Documents/Unreal Projects/TheForsakens 4.8/Saved/Maincharacter_Anim_mixamo_comFB9B0FC34961C5B62712DCBC7610219D.tmp' to '../../../../../../Users/Christian/Documents/Unreal Projects/TheForsakens 4.8/Content/Ryan/NewFolder/Maincharacter_Anim_mixamo_com.uasset'
[2015.07.25-01.54.05:219][833]LogSavePackage: Save=24.076191ms
[2015.07.25-01.54.05:219][833]LogSavePackage: Moving '../../../../../../Users/Christian/Documents/Unreal Projects/TheForsakens 4.8/Saved/Maincharacter_Anim_Take_001D277867F4683EF76158962AF1CBC4FD9.tmp' to '../../../../../../Users/Christian/Documents/Unreal Projects/TheForsakens 4.8/Content/Ryan/NewFolder/Maincharacter_Anim_Take_001.uasset'
[2015.07.25-01.54.05:293][833]LogSavePackage: Save=46.842419ms
[2015.07.25-01.54.05:293][833]LogSavePackage: Moving '../../../../../../Users/Christian/Documents/Unreal Projects/TheForsakens 4.8/Saved/Maincharacter_PhysicsAsset76E6DC7D48668FD6D9DD52A8372AF383.tmp' to '../../../../../../Users/Christian/Documents/Unreal Projects/TheForsakens 4.8/Content/Ryan/NewFolder/Maincharacter_PhysicsAsset.uasset'
[2015.07.25-01.54.05:343][833]LogSavePackage: Save=27.763031ms
[2015.07.25-01.54.05:343][833]LogSavePackage: Moving '../../../../../../Users/Christian/Documents/Unreal Projects/TheForsakens 4.8/Saved/Maincharacter_Skeleton411548C04BF2E886495561840A53F8AE.tmp' to '../../../../../../Users/Christian/Documents/Unreal Projects/TheForsakens 4.8/Content/Ryan/NewFolder/Maincharacter_Skeleton.uasset'
[2015.07.25-01.54.07:549][895]LogD3D11RHI: InitD3DDevice
[2015.07.25-01.54.09:125][895]LogD3D11RHI: InitD3DDevice
[2015.07.25-01.54.10:039][895]LogSkeletalMesh: InitArticulated: Bodies already created (/Engine/Transient.DebugSkelMeshComponent_0) - call TermArticulated first.
[2015.07.25-01.54.10:392][895]LogLinker:Warning: Asset '../../../Engine/Content/Tutorial/SubEditors/PersonaAnimEditorTutorial.uasset' has been saved with empty engine version. The asset will be loaded but may be incompatible.
[2015.07.25-01.54.10:825][895]LogRenderer: Reallocating scene render targets to support 736x568 (Frame:503).
[2015.07.25-01.54.15:135][953]LogD3D11RHI: InitD3DDevice
[2015.07.25-01.54.17:822][ 19]LogLinker:Warning: Can't find file '/Game/Ryan/NewFolder/RyanNew02_Body_diffuse'
[2015.07.25-01.54.17:822][ 19]LogLinker:Warning: Can't find file for asset '/Game/Ryan/NewFolder/RyanNew02_Body_diffuse' while loading ../../../../../../Users/Christian/Documents/Unreal Projects/TheForsakens 4.8/Content/Ryan/NewFolder/Bodymat.uasset.
[2015.07.25-01.54.17:822][ 19]LoadErrors:Error: Error /Game/Ryan/NewFolder/Bodymat : Can't find file for asset. /Game/Ryan/NewFolder/RyanNew02_Body_diffuse
[2015.07.25-01.54.17:823][ 19]LogLinker:Warning: Can't find file '/Game/Ryan/NewFolder/RyanNew02_Body_diffuse'
[2015.07.25-01.54.17:823][ 19]LogLinker:Warning: Can't find file for asset '/Game/Ryan/NewFolder/RyanNew02_Body_diffuse' while loading ../../../../../../Users/Christian/Documents/Unreal Projects/TheForsakens 4.8/Content/Ryan/NewFolder/Bodymat.uasset.
[2015.07.25-01.54.17:824][ 19]LogLinker:Warning: Can't find file '/Game/Ryan/NewFolder/RyanNew02_Body_diffuse'
[2015.07.25-01.54.17:824][ 19]LoadErrors: Info Failed to load /Game/Ryan/NewFolder/RyanNew02_Body_diffuse.RyanNew02_Body_diffuse Referenced by MaterialExpressionTextureSample_0
[2015.07.25-01.54.17:824][ 19]LogLinker:Warning: Can't find file for asset '/Game/Ryan/NewFolder/RyanNew02_Body_diffuse' while loading NULL.
[2015.07.25-01.54.17:826][ 19]LogMaterial: Missing cached shader map for material Bodymat, compiling. 
[2015.07.25-01.54.17:827][ 19]LogMaterial:Warning: Failed to compile Material /Game/Ryan/NewFolder/Bodymat.Bodymat for platform PCD3D_SM4, Default Material will be used in game.
[2015.07.25-01.54.17:827][ 19]LogMaterial:Warning: 	(Node TextureSample) TextureSample> Missing input texture
[2015.07.25-01.54.17:842][ 19]LogD3D11RHI: InitD3DDevice
[2015.07.25-01.55.58:423][137]LogD3D11RHI: InitD3DDevice
[2015.07.25-01.56.25:394][200]LogD3D11RHI: InitD3DDevice
[2015.07.25-01.56.25:451][200]LogD3D11RHI: InitD3DDevice
[2015.07.25-01.56.27:137][200]LogFactory: FactoryCreateBinary: StaticMesh with FbxFactory (0 0 ../../../../../../Users/Christian/Desktop/Unreal 4/Models/Maincharacter.fbx)
[2015.07.25-01.56.27:181][200]LogFbx: ItemName: GlobalSettings, ItemCount : 1
[2015.07.25-01.56.27:182][200]LogFbx: ItemName: NodeAttribute, ItemCount : 84
[2015.07.25-01.56.27:182][200]LogFbx: ItemName: Model, ItemCount : 85
[2015.07.25-01.56.27:182][200]LogFbx: ItemName: Material, ItemCount : 7
[2015.07.25-01.56.27:182][200]LogFbx: ItemName: Texture, ItemCount : 15
[2015.07.25-01.56.27:182][200]LogFbx: ItemName: Video, ItemCount : 15
[2015.07.25-01.56.27:182][200]LogFbx: ItemName: AnimationStack, ItemCount : 2
[2015.07.25-01.56.27:182][200]LogFbx: ItemName: AnimationLayer, ItemCount : 2
[2015.07.25-01.56.27:182][200]LogFbx: ItemName: Geometry, ItemCount : 1
[2015.07.25-01.56.27:182][200]LogFbx: ItemName: Deformer, ItemCount : 82
[2015.07.25-01.56.27:182][200]LogFbx: ItemName: Pose, ItemCount : 1
[2015.07.25-01.56.27:182][200]LogFbx: ItemName: AnimationCurveNode, ItemCount : 75
[2015.07.25-01.56.27:182][200]LogFbx: ItemName: AnimationCurve, ItemCount : 426
[2015.07.25-01.56.27:198][200]LogD3D11RHI: InitD3DDevice
[2015.07.25-01.56.44:351][200]LogFbx: Loading FBX Scene from ../../../../../../Users/Christian/Desktop/Unreal 4/Models/Maincharacter.fbx
[2015.07.25-01.56.44:514][200]LogFbx: FBX Scene Loaded Succesfully
[2015.07.25-01.56.44:523][200]LogFbx: =================================================
[2015.07.25-01.56.44:523][200]LogFbx: Dumping Node START [Holster:curve2] 
[2015.07.25-01.56.44:523][200]LogFbx: 	Total Deformer Count 1513098112.
[2015.07.25-01.56.44:523][200]LogFbx: 		[Node 1] UE4Skin_ (Type Skin).
[2015.07.25-01.56.44:523][200]LogFbx: =================================================
[2015.07.25-01.56.44:523][200]LogFbx: 	Attribute () Type (4).
[2015.07.25-01.56.44:523][200]LogFbx: 		[Node Attribute Child 1] Holster:curve2 (Type Mesh).
[2015.07.25-01.56.44:523][200]LogFbx: Dumping Node END [Holster:curve2]
[2015.07.25-01.56.44:524][200]LogFbx: =================================================
[2015.07.25-01.56.44:524][200]LogFbx: Dumping Node START [Holster:curve2] 
[2015.07.25-01.56.44:524][200]LogFbx: 	Total Deformer Count 1513098112.
[2015.07.25-01.56.44:524][200]LogFbx: 		[Node 1] UE4Skin_ (Type Skin).
[2015.07.25-01.56.44:524][200]LogFbx: =================================================
[2015.07.25-01.56.44:524][200]LogFbx: 	Attribute () Type (4).
[2015.07.25-01.56.44:524][200]LogFbx: 		[Node Attribute Child 1] Holster:curve2 (Type Mesh).
[2015.07.25-01.56.44:524][200]LogFbx: Dumping Node END [Holster:curve2]
[2015.07.25-01.56.44:534][200]LogFbx: Valid bind pose for Pose (UE4BindPose) - Holster:curve2
[2015.07.25-01.56.44:540][200]LogLinker:Warning: Can't find file '/Game/Ryan/NewFolder/lambert2'
[2015.07.25-01.56.44:540][200]LogLinker:Warning: Can't find file '/Game/Ryan/NewFolder/lambert2'
[2015.07.25-01.56.44:540][200]LogLinker:Warning: Can't find file '/Game/Ryan/NewFolder/lambert2'
[2015.07.25-01.56.44:540][200]LogUObjectGlobals:Warning: Failed to find object 'MaterialInterface /Game/Ryan/NewFolder/lambert2.lambert2'
[2015.07.25-01.56.44:631][200]LogMaterial: Missing cached shader map for material lam