[2015.08.24-00.57.39:773][  0]Log file open, 08/23/15 17:57:39
[2015.08.24-00.57.39:773][  0]LogInit:Display: Running engine for game: TheForsakensJacket
[2015.08.24-00.57.39:773][  0]LogInit:Display: RandInit(-133865109) SRandInit(-133865109).
[2015.08.24-00.57.39:773][  0]LogTaskGraph: Started task graph with 4 named threads and 7 total threads.
[2015.08.24-00.57.39:773][  0]LogStats: Stats thread started
[2015.08.24-00.57.39:773][  0]LogInit: Version: 4.8.3-2634408+++depot+UE4-Releases+4.8
[2015.08.24-00.57.39:773][  0]LogInit: API Version: 2579680
[2015.08.24-00.57.39:773][  0]LogInit: Compiled (64-bit): Jul 27 2015 16:24:33
[2015.08.24-00.57.39:773][  0]LogInit: Compiled with Visual C++: 18.00.21005.01
[2015.08.24-00.57.39:773][  0]LogInit: Build Configuration: Development
[2015.08.24-00.57.39:773][  0]LogInit: Branch Name: ++depot+UE4-Releases+4.8
[2015.08.24-00.57.39:773][  0]LogInit: Command line:  
[2015.08.24-00.57.39:773][  0]LogInit: Base directory: C:/Program Files/Epic Games/4.8/Engine/Binaries/Win64/
[2015.08.24-00.57.39:773][  0]LogInit: Rocket: 1
[2015.08.24-00.57.39:796][  0]LogInit: Using libcurl 7.41.0
[2015.08.24-00.57.39:796][  0]LogInit:  - built for x86_64-pc-win32
[2015.08.24-00.57.39:796][  0]LogInit:  - supports SSL with WinSSL
[2015.08.24-00.57.39:796][  0]LogInit:  - other features:
[2015.08.24-00.57.39:796][  0]LogInit:      CURL_VERSION_SSL
[2015.08.24-00.57.39:796][  0]LogInit:      CURL_VERSION_IPV6
[2015.08.24-00.57.39:796][  0]LogInit:      CURL_VERSION_ASYNCHDNS
[2015.08.24-00.57.39:796][  0]LogInit:      CURL_VERSION_LARGEFILE
[2015.08.24-00.57.39:796][  0]LogInit:      CURL_VERSION_IDN
[2015.08.24-00.57.39:796][  0]LogInit:  CurlRequestOptions (configurable via config and command line):
[2015.08.24-00.57.39:796][  0]LogInit:  - bVerifyPeer = true  - Libcurl will verify peer certificate
[2015.08.24-00.57.39:796][  0]LogInit:  - bUseHttpProxy = false  - Libcurl will NOT use HTTP proxy
[2015.08.24-00.57.39:796][  0]LogInit:  - bDontReuseConnections = false  - Libcurl will reuse connections
[2015.08.24-00.57.39:796][  0]LogInit:  - CertBundlePath = nullptr  - Libcurl will use whatever was configured at build time.
[2015.08.24-00.57.39:814][  0]LogOnline:Warning: No default platform service specified for OnlineSubsystem
[2015.08.24-00.57.39:869][  0]LogInit: Presizing for 0 objects not considered by GC, pre-allocating 0 bytes.
[2015.08.24-00.57.39:879][  0]LogInit: Object subsystem initialized
[2015.08.24-00.57.39:879][  0]LogConsoleResponse:Warning: Skipping Unknown console variable: 'TranslucentSortAxis = (X=0.000000,Y=-1.000000,Z=0.000000)'
[2015.08.24-00.57.39:880][  0]LogConsoleResponse:Warning:   Found in ini file 'C:/Storage/TheForsakensCopy(1)/TheForsakensCopy/The-Forsaken/Saved/Config/Windows/Engine.ini', in section '[/Script/Engine.RendererSettings]'
[2015.08.24-00.57.39:880][  0]LogConsoleResponse:Warning: Skipping Unknown console variable: 'UIScaleRule = ShortestSide'
[2015.08.24-00.57.39:880][  0]LogConsoleResponse:Warning:   Found in ini file 'C:/Storage/TheForsakensCopy(1)/TheForsakensCopy/The-Forsaken/Saved/Config/Windows/Engine.ini', in section '[/Script/Engine.RendererSettings]'
[2015.08.24-00.57.39:880][  0]LogConsoleResponse:Warning: Skipping Unknown console variable: 'UIScaleCurve = (EditorCurveData=(Keys=),ExternalCurve=None)'
[2015.08.24-00.57.39:880][  0]LogConsoleResponse:Warning:   Found in ini file 'C:/Storage/TheForsakensCopy(1)/TheForsakensCopy/The-Forsaken/Saved/Config/Windows/Engine.ini', in section '[/Script/Engine.RendererSettings]'
[2015.08.24-00.57.39:880][  0]LogInit: Selected Device Profile: [Windows]
[2015.08.24-00.57.39:880][  0]LogInit: Applying CVar settings loaded from the selected device profile: [Windows]
[2015.08.24-00.57.39:896][  0]LogInit: Computer: WIN-55DAMN57OQH
[2015.08.24-00.57.39:896][  0]LogInit: User: Anthony
[2015.08.24-00.57.39:896][  0]LogInit: CPU Page size=4096, Cores=4
[2015.08.24-00.57.39:896][  0]LogInit: High frequency timer resolution =4.232947 MHz
[2015.08.24-00.57.39:896][  0]LogMemory: Memory total: Physical=15.7GB (16GB approx)
[2015.08.24-00.57.39:896][  0]LogMemory: Platform Memory Stats for Windows
[2015.08.24-00.57.39:896][  0]LogMemory: Process Physical Memory: 53.54 MB used, 53.54 MB peak
[2015.08.24-00.57.39:896][  0]LogMemory: Process Virtual Memory: 22.50 MB used, 22.50 MB peak
[2015.08.24-00.57.39:896][  0]LogMemory: Physical Memory: 6788.77 MB used, 16057.08 MB total
[2015.08.24-00.57.39:896][  0]LogMemory: Virtual Memory: 310.13 MB used, 134217728.00 MB total
[2015.08.24-00.57.40:154][  0]LogTextLocalizationManager: The requested culture ('en_US') has no localization data; parent culture's ('en') localization data will be used.
[2015.08.24-00.57.40:420][  0]LogTextLocalizationManager:Warning: Loaded localization resources contain conflicting entries for (Namespace:ContentBrowser, Key:ImportAssetToolTip):
Localization Resource: (C:/Program Files/Epic Games/4.8/Engine/Content/Localization/Editor/en/Editor.locres) Source String Hash: (-630476809) Localized String: (Import to {0}...)
Localization Resource: (C:/Program Files/Epic Games/4.8/Engine/Content/Localization/Editor/en/Editor.locres) Source String Hash: (1271782899) Localized String: (Imports an asset from file to this folder.)
[2015.08.24-00.57.41:049][  0]LogD3D11RHI: Found D3D11 adapter 0: NVIDIA GeForce GTX 760 (Feature Level 11_0)
[2015.08.24-00.57.41:049][  0]LogD3D11RHI: Adapter has 1989MB of dedicated video memory, 0MB of dedicated system memory, and 8028MB of shared system memory, 2 output[s]
[2015.08.24-00.57.41:051][  0]LogD3D11RHI: Found D3D11 adapter 1: Microsoft Basic Render Driver (Feature Level 11_0)
[2015.08.24-00.57.41:051][  0]LogD3D11RHI: Adapter has 0MB of dedicated video memory, 0MB of dedicated system memory, and 8028MB of shared system memory, 0 output[s]
[2015.08.24-00.57.41:051][  0]LogD3D11RHI: Chosen D3D11 Adapter Id = 0
[2015.08.24-00.57.41:061][  0]LogD3D11RHI: InitD3DDevice
[2015.08.24-00.57.41:061][  0]LogD3D11RHI: !Direct3DDevice
[2015.08.24-00.57.41:061][  0]LogRHI: Texture pool is 1361 MB (70% of 1945 MB)
[2015.08.24-00.57.41:083][  0]LogD3D11RHI: Async texture creation enabled
[2015.08.24-00.57.41:097][  0]LogShaderCompilers:Display: Using Local Shader Compiler.
[2015.08.24-00.57.42:977][  0]LogTemp:Display: Loaded TP DesktopTargetPlatform
[2015.08.24-00.57.43:002][  0]LogTemp:Display: Loaded TP WindowsClientTargetPlatform
[2015.08.24-00.57.43:031][  0]LogTemp:Display: Loaded TP WindowsNoEditorTargetPlatform
[2015.08.24-00.57.43:055][  0]LogTemp:Display: Loaded TP WindowsServerTargetPlatform
[2015.08.24-00.57.43:082][  0]LogTemp:Display: Loaded TP WindowsTargetPlatform
[2015.08.24-00.57.43:105][  0]LogTemp:Display: Loaded TP AndroidTargetPlatform
[2015.08.24-00.57.43:127][  0]LogTemp:Display: Loaded TP Android_ASTCTargetPlatform
[2015.08.24-00.57.43:157][  0]LogTemp:Display: Loaded TP Android_ATCTargetPlatform
[2015.08.24-00.57.43:181][  0]LogTemp:Display: Loaded TP Android_DXTTargetPlatform
[2015.08.24-00.57.43:201][  0]LogTemp:Display: Loaded TP Android_ETC1TargetPlatform
[2015.08.24-00.57.43:230][  0]LogTemp:Display: Loaded TP Android_ETC2TargetPlatform
[2015.08.24-00.57.43:255][  0]LogTemp:Display: Loaded TP Android_PVRTCTargetPlatform
[2015.08.24-00.57.43:386][  0]LogTemp:Display: Loaded TP IOSTargetPlatform
[2015.08.24-00.57.43:410][  0]LogTemp:Display: Loaded TP LinuxNoEditorTargetPlatform
[2015.08.24-00.57.43:437][  0]LogTemp:Display: Loaded TP LinuxServerTargetPlatform
[2015.08.24-00.57.43:470][  0]LogTemp:Display: Loaded TP LinuxTargetPlatform
[2015.08.24-00.57.43:470][  0]LogTargetPlatformManager:Display: Building Assets For Windows
[2015.08.24-00.57.44:060][  0]LogDerivedDataCache:Display: Max Cache Size: 512 MB
[2015.08.24-00.57.44:189][  0]LogDerivedDataCache: Loaded boot cache 0.13s 53MB C:/Users/Anthony/AppData/Local/UnrealEngine/4.8/DerivedDataCache/Boot.ddc.
[2015.08.24-00.57.44:189][  0]LogDerivedDataCache:Display: Loaded Boot cache: C:/Users/Anthony/AppData/Local/UnrealEngine/4.8/DerivedDataCache/Boot.ddc
[2015.08.24-00.57.44:189][  0]LogDerivedDataCache: FDerivedDataBackendGraph:  Pak pak cache file ../../../../../../Storage/TheForsakensCopy(1)/TheForsakensCopy/The-Forsaken/DerivedDataCache/DDC.ddp not found, will not use a pak cache.
[2015.08.24-00.57.44:189][  0]LogDerivedDataCache: Unable to find inner node Pak for hierarchical cache Hierarchy.
[2015.08.24-00.57.44:189][  0]LogDerivedDataCache: FDerivedDataBackendGraph:  CompressedPak pak cache file ../../../../../../Storage/TheForsakensCopy(1)/TheForsakensCopy/The-Forsaken/DerivedDataCache/Compressed.ddp not found, will not use a pak cache.
[2015.08.24-00.57.44:189][  0]LogDerivedDataCache: Unable to find inner node CompressedPak for hierarchical cache Hierarchy.
[2015.08.24-00.57.44:361][  0]LogDerivedDataCache:Display: Pak cache opened for reading ../../../Engine/DerivedDataCache/Compressed.ddp.
[2015.08.24-00.57.44:374][  0]LogDerivedDataCache: Using Local data cache path C:/Users/Anthony/AppData/Local/UnrealEngine/Common/DerivedDataCache: Writable
[2015.08.24-00.57.48:805][  0]LogInit: Selected Device Profile: [Windows]
[2015.08.24-00.57.48:943][  0]ImportText (ComponentSweepMultiTests): Missing closing parenthesis: (RootShapeAsset="/Engine/BasicShapes/Cube.Cube",ShapeType="TriggerCapsule",HitResult=(Time=0.50,Location=(X=-100.000015,Y=0.0,Z=100.000015),ImpactPoint=(X=-50.0,Y=0.0,Z=50.0),Normal=(X=-1.0,Y=-0.0,Z=0.0),ImpactNormal=(X=0.0,Y=0.0,Z=1.0),TraceStart=(X=-200.0,Y=0.0,Z=200.0),TraceEnd=(X=0.0,Y=0.0,Z=0.0))
[2015.08.24-00.57.48:944][  0]ImportText (LineTraceSingleByChannelTests): Missing closing parenthesis: (RootShapeAsset="/Engine/BasicShapes/Cube.Cube",HitResult=(Time=0.50,Location=(X=-100.000015,Y=0.0,Z=100.000015),ImpactPoint=(X=-50.0,Y=0.0,Z=50.0),Normal=(X=-1.0,Y=-0.0,Z=0.0),ImpactNormal=(X=0.0,Y=0.0,Z=1.0),TraceStart=(X=-200.0,Y=0.0,Z=200.0),TraceEnd=(X=0.0,Y=0.0,Z=0.0))
[2015.08.24-00.57.49:003][  0]LogMeshUtilities: No automatic mesh reduction module available
[2015.08.24-00.57.49:003][  0]LogMeshUtilities: No automatic mesh merging module available
[2015.08.24-00.57.49:929][  0]LogInit: WinSock: version 1.1 (2.2), MaxSocks=32767, MaxUdp=65467
[2015.08.24-00.57.53:437][  0]UdpMessaging: Initializing bridge on interface 0.0.0.0:0 to multicast group 230.0.0.1:6666.
[2015.08.24-00.57.54:116][  0]SourceControl: Info Source control is disabled
[2015.08.24-00.57.54:198][  0]SourceControl: Info Source control is disabled
[2015.08.24-00.57.54:218][  0]SourceControl: Info Source control is disabled
[2015.08.24-00.57.54:236][  0]SourceControl: Info Source control is disabled
[2015.08.24-00.57.54:684][  0]LogObj: 26273 objects as part of root set at end of initial load.
[2015.08.24-00.57.54:684][  0]LogUObjectAllocator: 5409256 out of 0 bytes used by permanent object pool.
[2015.08.24-00.57.54:803][  0]LogEngine: Initializing Engine...
[2015.08.24-00.57.54:807][  0]LogHMD: Can't find Oculus library dev build: is proper Runtime installed? Version: 0.6.0.0
[2015.08.24-00.57.54:820][  0]LogHMD:Warning: SteamVR failed to initialize.  Error: 110
[2015.08.24-00.57.55:219][  0]LogAIModule: Creating AISystem for world NewWorld
[2015.08.24-00.57.55:258][  0]LogInit: XAudio2 using 'Speakers (Realtek High Definition Audio)' : 2 channels at 48 kHz using 32 bits per sample (channel mask 0x3)
[2015.08.24-00.57.55:283][  0]LogInit: FAudioDevice initialized.
[2015.08.24-00.57.55:348][  0]LogDerivedDataCache: Saved boot cache 0.07s 53MB C:/Users/Anthony/AppData/Local/UnrealEngine/4.8/DerivedDataCache/Boot.ddc.
[2015.08.24-00.57.55:365][  0]LogInit: Texture streaming: Disabled
[2015.08.24-00.57.55:408][  0]LogAnalytics: Creating configured Analytics provider AnalyticsET
[2015.08.24-00.57.55:408][  0]LogAnalytics: [UEEditor.Rocket.Release] APIServer = http://et2.epicgames.com/ET2/. AppVersion = 4.8.3-2634408+++depot+UE4-Releases+4.8
[2015.08.24-00.57.55:409][  0]LogAnalytics: [UEEditor.Rocket.Release] SetUserId 95991fc0476255f629fcaf98d2613701|7c9fa1ec39b64c9f938beaadcb8943ad|3691a7cd-a3ac-46cd-a9bb-952d65400b26
[2015.08.24-00.57.55:409][  0]LogAnalytics: [UEEditor.Rocket.Release] AnalyticsET::StartSession
[2015.08.24-00.57.55:491][  0]LogInit: Transaction tracking system initialized
[2015.08.24-00.57.55:729][  0]BlueprintLog: New page: Editor Load
[2015.08.24-00.57.55:780][  0]LogAssetRegistry: FAssetRegistry took 0.0106 seconds to start up
[2015.08.24-00.57.55:781][  0]LogDirectoryWatcher:Warning: Failed to begin reading directory changes for ../../../Engine/Plugins/Experimental/CharacterAI/Content/. Error: 0
[2015.08.24-00.57.57:472][  0]LogConsoleManager:Warning: Console variable 'r.VSync' wasn't set ('GameSetting' has a lower priority than 'SystemSettingsIni')
[2015.08.24-00.57.57:474][  0]LogConsoleResponse:Display: 
[2015.08.24-00.57.57:764][  0]LogCook:Display: Done creating registry. It took  0.00s.
[2015.08.24-00.57.58:129][  0]SourceControl: Info Source control is disabled
[2015.08.24-00.57.58:130][  0]Cmd: MAP LOAD FILE="../../../Engine/Content/Maps/Templates/Template_Default.umap" TEMPLATE=1 SHOWPROGRESS=1 FEATURELEVEL=3
[2015.08.24-00.57.58:132][  0]LightingResults: New page: Lighting Build
[2015.08.24-00.57.58:154][  0]MapCheck: New page: Map Check
[2015.08.24-00.57.58:154][  0]LightingResults: New page: Lighting Build
[2015.08.24-00.57.58:174][  0]LogParticles: Destroying 0 GPU particle simulations for FXSystem 0x0000006B634428E0
[2015.08.24-00.57.58:916][  0]LogAIModule: Creating AISystem for world Untitled_1
[2015.08.24-00.57.58:928][  0]LogEditorServer: Finished looking for orphan Actors (0.000 secs)
[2015.08.24-00.57.58:943][  0]Cmd: MAP CHECKDEP NOCLEARLOG
[2015.08.24-00.57.59:045][  0]MapCheck: Info Map check complete: 0 Error(s), 0 Warning(s), took 100.967ms to complete.
[2015.08.24-00.57.59:045][  0]LogFileHelpers: Loading map 'Template_Default' took 0.915
[2015.08.24-00.57.59:432][  0]LogCollectionManager: Loaded 0 collections in 0.008835 seconds
[2015.08.24-00.57.59:445][  0]LogContentBrowser: Native class hierarchy populated in 0.0139 seconds. Added 1792 classes and 301 folders.
[2015.08.24-00.57.59:569][  0]LogContentBrowser: Native class hierarchy updated for 'WidgetCarousel' in 0.0008 seconds. Added 0 classes and 0 folders.
[2015.08.24-00.57.59:831][  0]LogContentBrowser: Native class hierarchy updated for 'AddContentDialog' in 0.0006 seconds. Added 0 classes and 0 folders.
[2015.08.24-00.57.59:877][  0]LogContentBrowser: Native class hierarchy updated for 'SceneOutliner' in 0.0009 seconds. Added 1 classes and 2 folders.
[2015.08.24-00.58.00:019][  0]LogCrashTracker: Crashtracker disabled due to settings.
[2015.08.24-00.58.00:027][  0]LogD3D11RHI: InitD3DDevice
[2015.08.24-00.58.00:041][  0]LogUObjectGlobals:Warning: Failed to find object 'Class None.'
[2015.08.24-00.58.00:068][  0]LogLoad: Full Startup: 23.36 seconds (BP compile: 0.45 seconds)
[2015.08.24-00.58.00:082][  0]LogWindowsTextInputMethodSystem:Display: IME system now deactivated.
[2015.08.24-00.58.00:310][  0]LogContentStreaming: Texture pool size is 0.000000MB
[2015.08.24-00.58.00:367][  0]LogContentStreaming: Texture pool size now 1000 MB
[2015.08.24-00.58.00:597][  0]LogRenderer: Reallocating scene render targets to support 1224x576 (Frame:2).
[2015.08.24-00.58.01:156][ 13]LogD3D11RHI: InitD3DDevice
[2015.08.24-00.58.01:195][ 13]LogD3D11RHI: InitD3DDevice
[2015.08.24-00.58.09:777][194]LogTexture:Display: Building textures: leather-texture05 (AutoDXT)
[2015.08.24-00.58.09:826][194]LogMaterial: Missing cached shader map for material lambert2, compiling. 
[2015.08.24-00.58.10:150][194]LogTexture:Display: Building textures: RyanWithJacket_Body_diffuse (AutoDXT)
[2015.08.24-00.58.11:739][194]LogTexture:Display: Building textures: RyanWithJacket_Body_specular (AutoDXT)
[2015.08.24-00.58.12:186][194]LogTexture:Display: Building textures: RyanWithJacket_Body_normal (BC5)
[2015.08.24-00.58.12:456][194]LogMaterial: Missing cached shader map for material Bodymat, compiling. 
[2015.08.24-00.58.12:688][194]LogTexture:Display: Building textures: RyanWithJacket_Shoes_specular (AutoDXT)
[2015.08.24-00.58.12:814][194]LogTexture:Display: Building textures: RyanWithJacket_Shoes_normal (BC5)
[2015.08.24-00.58.12:908][194]LogTexture:Display: Building textures: RyanWithJacket_Shoes_diffuse (AutoDXT)
[2015.08.24-00.58.13:346][194]LogMaterial: Missing cached shader map for material Shoesmat, compiling. 
[2015.08.24-00.58.13:425][194]LogTexture:Display: Building textures: RyanWithJacket_Hair_specular (AutoDXT)
[2015.08.24-00.58.13:963][194]LogTexture:Display: Building textures: RyanWithJacket_Hair_normal (BC5)
[2015.08.24-00.58.14:279][194]LogTexture:Display: Building textures: RyanWithJacket_Hair_diffuse (AutoDXT)
[2015.08.24-00.58.14:916][194]LogMaterial: Missing cached shader map for material Hairmat, compiling. 
[2015.08.24-00.58.14:990][194]LogTexture:Display: Building textures: RyanWithJacket_Bottom_specular (AutoDXT)
[2015.08.24-00.58.15:437][194]LogTexture:Display: Building textures: RyanWithJacket_Bottom_normal (BC5)
[2015.08.24-00.58.15:802][194]LogTexture:Display: Building textures: RyanWithJacket_Bottom_diffuse (AutoDXT)
[2015.08.24-00.58.17:496][194]LogMaterial: Missing cached shader map for material Bottommat, compiling. 
[2015.08.24-00.58.17:532][194]LogMaterial: Missing cached shader map for material Bodymat_eyelashes, compiling. 
[2015.08.24-00.58.17:626][194]LogTexture:Display: Building textures: RyanWithJacket_Top_specular (AutoDXT)
[2015.08.24-00.58.18:209][194]LogTexture:Display: Building textures: RyanWithJacket_Top_normal (BC5)
[2015.08.24-00.58.18:572][194]LogTexture:Display: Building textures: RyanWithJacket_Top_diffuse (AutoDXT)
[2015.08.24-00.58.19:735][194]LogMaterial: Missing cached shader map for material Topmat, compiling. 
[2015.08.24-00.58.20:033][194]LogTexture:Display: Building textures: 8-Seamless-Dark-Metal-Grid-Patterns_thumb02 (BGRA8)
[2015.08.24-00.58.20:068][194]LogMaterial: Missing cached shader map for material Material, compiling. 
[2015.08.24-00.58.20:080][194]LogStaticMesh: Building static mesh Flashlight...
[2015.08.24-00.58.20:108][194]LogD3D11RHI: InitD3DDevice
[2015.08.24-00.58.20:168][194]LogStaticMesh: Built static mesh [0.089073.2s] /Game/Models/Flashlight.Flashlight
[2015.08.24-00.58.20:346][194]LogD3D11RHI: InitD3DDevice
[2015.08.24-00.58.20:485][194]LogLinker:Warning: Asset '../../../Engine/Content/ArtTools/RenderToTexture/Macros/RenderToTextureMacros.uasset' has been saved with empty engine version. The asset will be loaded but may be incompatible.
[2015.08.24-00.58.20:657][194]LogLinker:Warning: Asset '../../../Engine/Content/ArtTools/RenderToTexture/Enums/RenderToTexture_Enum.uasset' has been saved with empty engine version. The asset will be loaded but may be incompatible.
[2015.08.24-00.58.24:172][196]LogD3D11RHI: InitD3DDevice
[2015.08.24-00.58.33:651][342]LogAssetRegistry: Asset discovery search completed in 37.8806 seconds
[2015.08.24-00.58.39:522][629]BlueprintLog: New page: Compile MyCharacter
[2015.08.24-00.58.41:722][629]BlueprintEditorCompileResults: Info [0065.01] Compile of MyCharacter successful! [in 2,198 ms]
[2015.08.24-00.58.48:535][783]LogD3D11RHI: InitD3DDevice
[2015.08.24-00.58.49:337][783]LogSavePackage: Save=695.796326ms
[2015.08.24-00.58.49:337][783]LogSavePackage: Moving '../../../../../../Storage/TheForsakensCopy(1)/TheForsakensCopy/The-Forsaken/Saved/MyCharacter298C15F043D9905627420BB4C2A9368D.tmp' to '../../../../../../Storage/TheForsakensCopy(1)/TheForsakensCopy/The-Forsaken/Content/RealisticBlueprintWeapons/Blueprints/MyCharacter.uasset'
[2015.08.24-00.58.51:537][948]LogActorComponent: UnregisterComponent: (/Engine/Transient.CharMoveComp) Not registered. Aborting.
[2015.08.24-00.58.51:936][948]LogWindowsTextInputMethodSystem:Display: IME system now deactivated.
[2015.08.24-00.58.52:382][949]Cmd: QUIT_EDITOR
[2015.08.24-00.58.52:835][949]LogExit: Preparing to exit.
[2015.08.24-00.58.53:650][949]LogExit: Editor shut down
[2015.08.24-00.58.53:651][949]LogExit: Transaction tracking system shut down
[2015.08.24-00.58.53:653][949]LogParticles: Destroying 0 GPU particle simulations for FXSystem 0x0000006B531A3600
[2015.08.24-00.58.53:654][949]LogParticles: Destroying 0 GPU particle simulations for FXSystem 0x0000006B6CBAAFC0
[2015.08.24-00.58.53:655][949]LogParticles: Destroying 0 GPU particle simulations for FXSystem 0x0000006B537CB7E0
[2015.08.24-00.58.53:666][949]LogParticles: Destroying 0 GPU particle simulations for FXSystem 0x0000006B13D7B600
[2015.08.24-00.58.53:679][949]LogParticles: Destroying 0 GPU particle simulations for FXSystem 0x0000006B12B10180
[2015.08.24-00.58.54:074][949]LogExit: Object subsystem successfully closed.
[2015.08.24-00.58.54:088][949]LogD3D11RHI: Shutdown
[2015.08.24-00.58.54:088][949]LogD3D11RHI: CleanupD3DDevice
[2015.08.24-00.58.54:213][949]LogD3D11RHI: ~FD3D11DynamicRHI
[2015.08.24-00.58.54:236][949]LogModuleManager: Shutting down and abandoning module CrashTracker (188)
[2015.08.24-00.58.54:236][949]LogModuleManager: Shutting down and abandoning module SceneOutliner (187)
[2015.08.24-00.58.54:236][949]LogModuleManager: Shutting down and abandoning module SuperSearch (186)
[2015.08.24-00.58.54:236][949]LogModuleManager: Shutting down and abandoning module WidgetCarousel (185)
[2015.08.24-00.58.54:236][949]LogModuleManager: Shutting down and abandoning module AddContentDialog (184)
[2015.08.24-00.58.54:237][949]LogModuleManager: Shutting down and abandoning module EditorWidgets (183)
[2015.08.24-00.58.54:237][949]LogModuleManager: Shutting down and abandoning module CollectionManager (182)
[2015.08.24-00.58.54:238][949]LogModuleManager: Shutting down and abandoning module StatsViewer (181)
[2015.08.24-00.58.54:238][949]LogModuleManager: Shutting down and abandoning module FoliageEdit (180)
[2015.08.24-00.58.54:238][949]LogModuleManager: Shutting down and abandoning module LandscapeEditor (179)
[2015.08.24-00.58.54:238][949]LogModuleManager: Shutting down and abandoning module ActorPickerMode (178)
[2015.08.24-00.58.54:238][949]LogModuleManager: Shutting down and abandoning module GeometryMode (177)
[2015.08.24-00.58.54:238][949]LogModuleManager: Shutting down and abandoning module TextureAlignMode (176)
[2015.08.24-00.58.54:238][949]LogModuleManager: Shutting down and abandoning module BspMode (175)
[2015.08.24-00.58.54:238][949]LogModuleManager: Shutting down and abandoning module PlacementMode (174)
[2015.08.24-00.58.54:238][949]LogModuleManager: Shutting down and abandoning module AutomationWorker (173)
[2015.08.24-00.58.54:238][949]LogModuleManager: Shutting down and abandoning module CharacterAI (172)
[2015.08.24-00.58.54:238][949]LogModuleManager: Shutting down and abandoning module SmartSnapping (171)
[2015.08.24-00.58.54:238][949]LogModuleManager: Shutting down and abandoning module ViewportSnapping (170)
[2015.08.24-00.58.54:238][949]LogModuleManager: Shutting down and abandoning module LogVisualizer (169)
[2015.08.24-00.58.54:238][949]LogModuleManager: Shutting down and abandoning module GameProjectGeneration (168)
[2015.08.24-00.58.54:238][949]LogModuleManager: Shutting down and abandoning module IntroTutorials (167)
[2015.08.24-00.58.54:238][949]LogModuleManager: Shutting down and abandoning module EditorLiveStreaming (166)
[2015.08.24-00.58.54:238][949]LogModuleManager: Shutting down and abandoning module IOSPlatformEditor (165)
[2015.08.24-00.58.54:238][949]LogModuleManager: Shutting down and abandoning module HTML5PlatformEditor (164)
[2015.08.24-00.58.54:238][949]LogModuleManager: Shutting down and abandoning module AndroidDeviceDetection (163)
[2015.08.24-00.58.54:726][949]LogModuleManager: Shutting down and abandoning module AndroidPlatformEditor (162)
[2015.08.24-00.58.54:726][949]LogModuleManager: Shutting down and abandoning module IOSRuntimeSettings (161)
[2015.08.24-00.58.54:726][949]LogModuleManager: Shutting down and abandoning module AndroidRuntimeSettings (160)
[2015.08.24-00.58.54:726][949]LogModuleManager: Shutting down and abandoning module MergeActors (159)
[2015.08.24-00.58.54:726][949]LogModuleManager: Shutting down and abandoning module SizeMap (158)
[2015.08.24-00.58.54:726][949]LogModuleManager: Shutting down and abandoning module TreeMap (157)
[2015.08.24-00.58.54:726][949]LogModuleManager: Shutting down and abandoning module ReferenceViewer (156)
[2015.08.24-00.58.54:726][949]LogModuleManager: Shutting down and abandoning module LocalizationDashboard (155)
[2015.08.24-00.58.54:726][949]LogModuleManager: Shutting down and abandoning module HardwareTargeting (154)
[2015.08.24-00.58.54:726][949]LogModuleManager: Shutting down and abandoning module DeviceProfileEditor (153)
[2015.08.24-00.58.54:726][949]LogModuleManager: Shutting down and abandoning module UndoHistory (152)
[2015.08.24-00.58.54:726][949]LogModuleManager: Shutting down and abandoning module GameplayTagsEditor (151)
[2015.08.24-00.58.54:726][949]LogModuleManager: Shutting down and abandoning module UserFeedback (150)
[2015.08.24-00.58.54:727][949]LogModuleManager: Shutting down and abandoning module XmlParser (149)
[2015.08.24-00.58.54:727][949]LogModuleManager: Shutting down and abandoning module Blutility (148)
[2015.08.24-00.58.54:727][949]LogModuleManager: Shutting down and abandoning module ProjectTargetPlatformEditor (147)
[2015.08.24-00.58.54:727][949]LogModuleManager: Shutting down and abandoning module ProjectSettingsViewer (146)
[2015.08.24-00.58.54:727][949]LogModuleManager: Shutting down and abandoning module InputBindingEditor (145)
[2015.08.24-00.58.54:727][949]LogModuleManager: Shutting down and abandoning module EditorSettingsViewer (144)
[2015.08.24-00.58.54:727][949]LogModuleManager: Shutting down and abandoning module SettingsEditor (143)
[2015.08.24-00.58.54:727][949]LogModuleManager: Shutting down and abandoning module ProjectLauncher (142)
[2015.08.24-00.58.54:727][949]LogModuleManager: Shutting down and abandoning module SessionFrontend (141)
[2015.08.24-00.58.54:727][949]LogModuleManager: Shutting down and abandoning module ProfilerClient (140)
[2015.08.24-00.58.54:727][949]LogModuleManager: Shutting down and abandoning module TargetDeviceServices (139)
[2015.08.24-00.58.54:727][949]LogModuleManager: Shutting down and abandoning module DeviceManager (138)
[2015.08.24-00.58.54:727][949]LogModuleManager: Shutting down and abandoning module AutomationController (137)
[2015.08.24-00.58.54:727][949]LogModuleManager: Shutting down and abandoning module AutomationWindow (136)
[2015.08.24-00.58.54:727][949]LogModuleManager: Shutting down and abandoning module Layers (135)
[2015.08.24-00.58.54:727][949]LogModuleManager: Shutting down and abandoning module ComponentVisualizers (134)
[2015.08.24-00.58.54:727][949]LogModuleManager: Shutting down and abandoning module DetailCustomizations (133)
[2015.08.24-00.58.54:727][949]LogModuleManager: Shutting down and abandoning module PackagesDialog (132)
[2015.08.24-00.58.54:727][949]LogModuleManager: Shutting down and abandoning module AssetRegistry (131)
[2015.08.24-00.58.54:906][949]LogModuleManager: Shutting down and abandoning module Persona (130)
[2015.08.24-00.58.54:906][949]LogModuleManager: Shutting down and abandoning module Kismet (129)
[2015.08.24-00.58.54:906][949]LogModuleManager: Shutting down and abandoning module GraphEditor (128)
[2015.08.24-00.58.54:906][949]LogModuleManager: Shutting down and abandoning module ClassViewer (127)
[2015.08.24-00.58.54:906][949]LogModuleManager: Shutting down and abandoning module Toolbox (126)
[2015.08.24-00.58.54:906][949]LogModuleManager: Shutting down and abandoning module ModuleUI (125)
[2015.08.24-00.58.54:906][949]LogModuleManager: Shutting down and abandoning module MovieSceneTools (124)
[2015.08.24-00.58.54:906][949]LogModuleManager: Shutting down and abandoning module OutputLog (123)
[2015.08.24-00.58.54:906][949]LogModuleManager: Shutting down and abandoning module GammaUI (122)
[2015.08.24-00.58.54:906][949]LogModuleManager: Shutting down and abandoning module Documentation (121)
[2015.08.24-00.58.54:906][949]LogModuleManager: Shutting down and abandoning module GameLiveStreaming (120)
[2015.08.24-00.58.54:906][949]LogModuleManager: Shutting down and abandoning module StreamingPauseRendering (119)
[2015.08.24-00.58.54:906][949]LogModuleManager: Shutting down and abandoning module AnalyticsET (118)
[2015.08.24-00.58.54:906][949]LogModuleManager: Shutting down and abandoning module Analytics (117)
[2015.08.24-00.58.54:906][949]LogModuleManager: Shutting down and abandoning module AITestSuite (116)
[2015.08.24-00.58.54:906][949]LogModuleManager: Shutting down and abandoning module GameplayDebugger (115)
[2015.08.24-00.58.54:906][949]LogModuleManager: Shutting down and abandoning module AIModule (114)
[2015.08.24-00.58.54:906][949]LogModuleManager: Shutting down and abandoning module ProfilerService (113)
[2015.08.24-00.58.55:062][949]LogModuleManager: Shutting down and abandoning module TaskGraph (112)
[2015.08.24-00.58.55:062][949]LogModuleManager: Shutting down and abandoning module SlateRemote (111)
[2015.08.24-00.58.55:062][949]LogModuleManager: Shutting down and abandoning module SteamVRController (110)
[2015.08.24-00.58.55:062][949]LogModuleManager: Shutting down and abandoning module SteamVR (109)
[2015.08.24-00.58.55:062][949]LogModuleManager: Shutting down and abandoning module ProceduralMeshComponent (108)
[2015.08.24-00.58.55:062][949]LogModuleManager: Shutting down and abandoning module OculusRift (107)
[2015.08.24-00.58.55:062][949]LogModuleManager: Shutting down and abandoning module LeapMotionController (106)
[2015.08.24-00.58.55:119][949]LogModuleManager: Shutting down and abandoning module CustomMeshComponent (105)
[2015.08.24-00.58.55:119][949]LogModuleManager: Shutting down and abandoning module CableComponent (104)
[2015.08.24-00.58.55:119][949]LogModuleManager: Shutting down and abandoning module MessagingDebugger (103)
[2015.08.24-00.58.55:119][949]LogModuleManager: Shutting down and abandoning module MediaPlayerEditor (102)
[2015.08.24-00.58.55:119][949]LogModuleManager: Shutting down and abandoning module SpeedTreeImporter (101)
[2015.08.24-00.58.55:119][949]LogModuleManager: Shutting down and abandoning module PluginBrowser (100)
[2015.08.24-00.58.55:119][949]LogModuleManager: Shutting down and abandoning module EpicSurvey (99)
[2015.08.24-00.58.55:119][949]LogModuleManager: Shutting down and abandoning module DesktopPlatform (98)
[2015.08.24-00.58.55:119][949]LogModuleManager: Shutting down and abandoning module VisualStudioSourceCodeAccess (97)
[2015.08.24-00.58.55:119][949]LogModuleManager: Shutting down and abandoning module UObjectPlugin (96)
[2015.08.24-00.58.55:119][949]LogModuleManager: Shutting down and abandoning module SubversionSourceControl (95)
[2015.08.24-00.58.55:119][949]LogModuleManager: Shutting down and abandoning module PerforceSourceControl (94)
[2015.08.24-00.58.55:119][949]LogModuleManager: Shutting down and abandoning module SourceControl (93)
[2015.08.24-00.58.55:119][949]LogModuleManager: Shutting down and abandoning module GitSourceControl (92)
[2015.08.24-00.58.55:119][949]LogModuleManager: Shutting down and abandoning module BlankPlugin (91)
[2015.08.24-00.58.55:119][949]LogModuleManager: Shutting down and abandoning module PaperTiledImporter (90)
[2015.08.24-00.58.55:119][949]LogModuleManager: Shutting down and abandoning module PaperSpriteSheetImporter (89)
[2015.08.24-00.58.55:119][949]LogModuleManager: Shutting down and abandoning module MeshPaint (88)
[2015.08.24-00.58.55:119][949]LogModuleManager: Shutting down and abandoning module SlateReflector (87)
[2015.08.24-00.58.55:119][949]LogModuleManager: Shutting down and abandoning module DirectoryWatcher (86)
[2015.08.24-00.58.55:120][949]LogModuleManager: Shutting down and abandoning module HotReload (85)
[2015.08.24-00.58.55:120][949]LogModuleManager: Shutting down and abandoning module MainFrame (84)
[2015.08.24-00.58.55:120][949]LogModuleManager: Shutting down and abandoning module LevelEditor (83)
[2015.08.24-00.58.55:121][949]LogModuleManager: Shutting down and abandoning module ContentBrowser (82)
[2015.08.24-00.58.55:121][949]LogModuleManager: Shutting down and abandoning module Paper2DEditor (81)
[2015.08.24-00.58.55:121][949]LogModuleManager: Shutting down and abandoning module UdpMessaging (80)
[2015.08.24-00.58.55:222][949]LogModuleManager: Shutting down and abandoning module Paper2D (79)
[2015.08.24-00.58.55:222][949]LogModuleManager: Shutting down and abandoning module WindowsMoviePlayer (78)
[2015.08.24-00.58.55:242][949]LogModuleManager: Shutting down and abandoning module Media (77)
[2015.08.24-00.58.55:242][949]LogModuleManager: Shutting down and abandoning module WmfMedia (76)
[2015.08.24-00.58.55:242][949]LogModuleManager: Shutting down and abandoning module OnlineBlueprintSupport (75)
[2015.08.24-00.58.55:242][949]LogModuleManager: Shutting down and abandoning module PropertyEditor (74)
[2015.08.24-00.58.55:242][949]LogModuleManager: Shutting down and abandoning module BehaviorTreeEditor (73)
[2015.08.24-00.58.55:243][949]LogModuleManager: Shutting down and abandoning module FunctionalTesting (72)
[2015.08.24-00.58.55:243][949]LogModuleManager: Shutting down and abandoning module CollisionAnalyzer (71)
[2015.08.24-00.58.55:243][949]LogModuleManager: Shutting down and abandoning module WorkspaceMenuStructure (70)
[2015.08.24-00.58.55:243][949]LogModuleManager: Shutting down and abandoning module MessageLog (69)
[2015.08.24-00.58.55:243][949]LogModuleManager: Shutting down and abandoning module Sequencer (68)
[2015.08.24-00.58.55:243][949]LogModuleManager: Shutting down and abandoning module AssetTools (67)
[2015.08.24-00.58.55:243][949]LogModuleManager: Shutting down and abandoning module UMGEditor (66)
[2015.08.24-00.58.55:243][949]LogModuleManager: Shutting down and abandoning module UMG (65)
[2015.08.24-00.58.55:243][949]LogModuleManager: Shutting down and abandoning module Slate (64)
[2015.08.24-00.58.55:243][949]LogModuleManager: Shutting down and abandoning module EditorStyle (63)
[2015.08.24-00.58.55:248][949]LogModuleManager: Shutting down and abandoning module SessionServices (62)
[2015.08.24-00.58.55:248][949]LogModuleManager: Shutting down and abandoning module SourceCodeAccess (61)
[2015.08.24-00.58.55:248][949]LogModuleManager: Shutting down and abandoning module HeadMountedDisplay (60)
[2015.08.24-00.58.55:248][949]LogModuleManager: Shutting down and abandoning module XAudio2 (59)
[2015.08.24-00.58.55:248][949]LogModuleManager: Shutting down and abandoning module Networking (57)
[2015.08.24-00.58.55:248][949]LogModuleManager: Shutting down and abandoning module Core (56)
[2015.08.24-00.58.55:248][949]LogModuleManager: Shutting down and abandoning module KismetCompiler (55)
[2015.08.24-00.58.55:248][949]LogModuleManager: Shutting down and abandoning module PhysXFormats (54)
[2015.08.24-00.58.55:248][949]LogModuleManager: Shutting down and abandoning module MeshUtilities (53)
[2015.08.24-00.58.55:248][949]LogModuleManager: Shutting down and abandoning module DerivedDataCache (52)
[2015.08.24-00.58.55:433][949]LogDerivedDataCache: Shutdown
[2015.08.24-00.58.55:433][949]LogModuleManager: Shutting down and abandoning module ShaderFormatOpenGL (51)
[2015.08.24-00.58.55:433][949]LogModuleManager: Shutting down and abandoning module ShaderFormatD3D (50)
[2015.08.24-00.58.55:433][949]LogModuleManager: Shutting down and abandoning module MetalShaderFormat (49)
[2015.08.24-00.58.55:433][949]LogModuleManager: Shutting down and abandoning module TextureFormatUncompressed (48)
[2015.08.24-00.58.55:433][949]LogModuleManager: Shutting down and abandoning module TextureFormatPVR (47)
[2015.08.24-00.58.55:433][949]LogModuleManager: Shutting down and abandoning module TextureFormatIntelISPCTexComp (46)
[2015.08.24-00.58.55:433][949]LogModuleManager: Shutting down and abandoning module TextureFormatDXT (45)
[2015.08.24-00.58.55:433][949]LogModuleManager: Shutting down and abandoning module ImageWrapper (44)
[2015.08.24-00.58.55:433][949]LogModuleManager: Shutting down and abandoning module TextureFormatASTC (43)
[2015.08.24-00.58.55:433][949]LogModuleManager: Shutting down and abandoning module TextureFormatAndroid (42)
[2015.08.24-00.58.55:433][949]LogModuleManager: Shutting down and abandoning module AudioFormatOpus (41)
[2015.08.24-00.58.55:433][949]LogModuleManager: Shutting down and abandoning module AudioFormatOgg (40)
[2015.08.24-00.58.55:433][949]LogModuleManager: Shutting down and abandoning module AudioFormatADPCM (39)
[2015.08.24-00.58.55:433][949]LogModuleManager: Shutting down and abandoning module LinuxTargetPlatform (38)
[2015.08.24-00.58.55:433][949]LogModuleManager: Shutting down and abandoning module LinuxServerTargetPlatform (37)
[2015.08.24-00.58.55:434][949]LogModuleManager: Shutting down and abandoning module LinuxNoEditorTargetPlatform (36)
[2015.08.24-00.58.55:434][949]LogModuleManager: Shutting down and abandoning module Messaging (35)
[2015.08.24-00.58.55:434][949]LogModuleManager: Shutting down and abandoning module IOSTargetPlatform (34)
[2015.08.24-00.58.55:434][949]LogModuleManager: Shutting down and abandoning module HTML5TargetPlatform (33)
[2015.08.24-00.58.55:434][949]LogModuleManager: Shutting down and abandoning module Android_PVRTCTargetPlatform (32)
[2015.08.24-00.58.55:434][949]LogModuleManager: Shutting down and abandoning module Android_ETC2TargetPlatform (31)
[2015.08.24-00.58.55:434][949]LogModuleManager: Shutting down and abandoning module Android_ETC1TargetPlatform (30)
[2015.08.24-00.58.55:434][949]LogModuleManager: Shutting down and abandoning module Android_DXTTargetPlatform (29)
[2015.08.24-00.58.55:434][949]LogModuleManager: Shutting down and abandoning module Android_ATCTargetPlatform (28)
[2015.08.24-00.58.55:434][949]LogModuleManager: Shutting down and abandoning module Android_ASTCTargetPlatform (27)
[2015.08.24-00.58.55:434][949]LogModuleManager: Shutting down and abandoning module AndroidTargetPlatform (26)
[2015.08.24-00.58.55:434][949]LogModuleManager: Shutting down and abandoning module WindowsTargetPlatform (25)
[2015.08.24-00.58.55:434][949]LogModuleManager: Shutting down and abandoning module WindowsServerTargetPlatform (24)
[2015.08.24-00.58.55:434][949]LogModuleManager: Shutting down and abandoning module WindowsNoEditorTargetPlatform (23)
[2015.08.24-00.58.55:434][949]LogModuleManager: Shutting down and abandoning module WindowsClientTargetPlatform (22)
[2015.08.24-00.58.55:434][949]LogModuleManager: Shutting down and abandoning module DesktopTargetPlatform (21)
[2015.08.24-00.58.55:434][949]LogModuleManager: Shutting down and abandoning module TargetPlatform (20)
[2015.08.24-00.58.55:434][949]LogModuleManager: Shutting down and abandoning module InputCore (19)
[2015.08.24-00.58.55:434][949]LogModuleManager: Shutting down and abandoning module Settings (18)
[2015.08.24-00.58.55:434][949]LogModuleManager: Shutting down and abandoning module OnlineSubsystem (16)
[2015.08.24-00.58.55:434][949]LogModuleManager: Shutting down and abandoning module HTTP (15)
[2015.08.24-00.58.55:435][949]LogModuleManager: Shutting down and abandoning module ExampleDeviceProfileSelector (14)
[2015.08.24-00.58.55:435][949]LogModuleManager: Shutting down and abandoning module TextureCompressor (13)
[2015.08.24-00.58.55:435][949]LogModuleManager: Shutting down and abandoning module ShaderCore (12)
[2015.08.24-00.58.55:435][949]LogModuleManager: Shutting down and abandoning module Landscape (11)
[2015.08.24-00.58.55:435][949]LogModuleManager: Shutting down and abandoning module SlateRHIRenderer (10)
[2015.08.24-00.58.55:442][949]LogModuleManager: Shutting down and abandoning module OpenGLDrv (9)
[2015.08.24-00.58.55:442][949]LogModuleManager: Shutting down and abandoning module D3D11RHI (8)
[2015.08.24-00.58.55:442][949]LogModuleManager: Shutting down and abandoning module Renderer (7)
[2015.08.24-00.58.55:442][949]LogModuleManager: Shutting down and abandoning module Engine (6)
[2015.08.24-00.58.55:442][949]LogModuleManager: Shutting down and abandoning module CoreUObject (5)
[2015.08.24-00.58.55:442][949]LogModuleManager: Shutting down and abandoning module NetworkFile (4)
[2015.08.24-00.58.55:442][949]LogModuleManager: Shutting down and abandoning module StreamingFile (3)
[2015.08.24-00.58.55:442][949]LogModuleManager: Shutting down and abandoning module SandboxFile (2)
[2015.08.24-00.58.55:442][949]LogModuleManager: Shutting down and abandoning module PakFile (1)
[2015.08.24-00.58.55:444][949]LogExit: Exiting.
[2015.08.24-00.58.55:447][949]Log file closed, 08/23/15 17:58:55
