[2015.07.28-06.06.57:266][  0]Log file open, 07/27/15 23:06:57
[2015.07.28-06.06.57:266][  0]LogInit:Display: Running engine for game: TheForsakens
[2015.07.28-06.06.57:266][  0]LogInit:Display: RandInit(991285907) SRandInit(991285908).
[2015.07.28-06.06.57:266][  0]LogTaskGraph: Started task graph with 4 named threads and 7 total threads.
[2015.07.28-06.06.57:266][  0]LogStats: Stats thread started
[2015.07.28-06.06.57:266][  0]LogInit: Version: 4.8.2-2614606+++depot+UE4-Releases+4.8
[2015.07.28-06.06.57:266][  0]LogInit: API Version: 2579680
[2015.07.28-06.06.57:266][  0]LogInit: Compiled (64-bit): Jul  8 2015 23:43:41
[2015.07.28-06.06.57:266][  0]LogInit: Compiled with Visual C++: 18.00.21005.01
[2015.07.28-06.06.57:266][  0]LogInit: Build Configuration: Development
[2015.07.28-06.06.57:266][  0]LogInit: Branch Name: ++depot+UE4-Releases+4.8
[2015.07.28-06.06.57:266][  0]LogInit: Command line:  
[2015.07.28-06.06.57:266][  0]LogInit: Base directory: C:/Program Files/Epic Games/4.8/Engine/Binaries/Win64/
[2015.07.28-06.06.57:266][  0]LogInit: Rocket: 1
[2015.07.28-06.06.57:293][  0]LogInit: Using libcurl 7.41.0
[2015.07.28-06.06.57:293][  0]LogInit:  - built for x86_64-pc-win32
[2015.07.28-06.06.57:294][  0]LogInit:  - supports SSL with WinSSL
[2015.07.28-06.06.57:294][  0]LogInit:  - other features:
[2015.07.28-06.06.57:294][  0]LogInit:      CURL_VERSION_SSL
[2015.07.28-06.06.57:294][  0]LogInit:      CURL_VERSION_IPV6
[2015.07.28-06.06.57:294][  0]LogInit:      CURL_VERSION_ASYNCHDNS
[2015.07.28-06.06.57:294][  0]LogInit:      CURL_VERSION_LARGEFILE
[2015.07.28-06.06.57:294][  0]LogInit:      CURL_VERSION_IDN
[2015.07.28-06.06.57:294][  0]LogInit:  CurlRequestOptions (configurable via config and command line):
[2015.07.28-06.06.57:294][  0]LogInit:  - bVerifyPeer = true  - Libcurl will verify peer certificate
[2015.07.28-06.06.57:294][  0]LogInit:  - bUseHttpProxy = false  - Libcurl will NOT use HTTP proxy
[2015.07.28-06.06.57:294][  0]LogInit:  - bDontReuseConnections = false  - Libcurl will reuse connections
[2015.07.28-06.06.57:294][  0]LogInit:  - CertBundlePath = nullptr  - Libcurl will use whatever was configured at build time.
[2015.07.28-06.06.57:313][  0]LogOnline:Warning: No default platform service specified for OnlineSubsystem
[2015.07.28-06.06.57:372][  0]LogInit: Presizing for 0 objects not considered by GC, pre-allocating 0 bytes.
[2015.07.28-06.06.57:383][  0]LogInit: Object subsystem initialized
[2015.07.28-06.06.57:385][  0]LogConsoleResponse:Warning: Skipping Unknown console variable: 'TranslucentSortAxis = (X=0.000000,Y=-1.000000,Z=0.000000)'
[2015.07.28-06.06.57:385][  0]LogConsoleResponse:Warning:   Found in ini file 'C:/Storage/TheForsakensCopy(1)/TheForsakensCopy/The-Forsaken/Saved/Config/Windows/Engine.ini', in section '[/Script/Engine.RendererSettings]'
[2015.07.28-06.06.57:385][  0]LogConsoleResponse:Warning: Skipping Unknown console variable: 'UIScaleRule = ShortestSide'
[2015.07.28-06.06.57:385][  0]LogConsoleResponse:Warning:   Found in ini file 'C:/Storage/TheForsakensCopy(1)/TheForsakensCopy/The-Forsaken/Saved/Config/Windows/Engine.ini', in section '[/Script/Engine.RendererSettings]'
[2015.07.28-06.06.57:385][  0]LogConsoleResponse:Warning: Skipping Unknown console variable: 'UIScaleCurve = (EditorCurveData=(Keys=),ExternalCurve=None)'
[2015.07.28-06.06.57:385][  0]LogConsoleResponse:Warning:   Found in ini file 'C:/Storage/TheForsakensCopy(1)/TheForsakensCopy/The-Forsaken/Saved/Config/Windows/Engine.ini', in section '[/Script/Engine.RendererSettings]'
[2015.07.28-06.06.57:385][  0]LogInit: Selected Device Profile: [Windows]
[2015.07.28-06.06.57:385][  0]LogInit: Applying CVar settings loaded from the selected device profile: [Windows]
[2015.07.28-06.06.57:402][  0]LogInit: Computer: WIN-55DAMN57OQH
[2015.07.28-06.06.57:402][  0]LogInit: User: Anthony
[2015.07.28-06.06.57:402][  0]LogInit: CPU Page size=4096, Cores=4
[2015.07.28-06.06.57:402][  0]LogInit: High frequency timer resolution =4.232935 MHz
[2015.07.28-06.06.57:402][  0]LogMemory: Memory total: Physical=15.7GB (16GB approx)
[2015.07.28-06.06.57:402][  0]LogMemory: Platform Memory Stats for Windows
[2015.07.28-06.06.57:402][  0]LogMemory: Process Physical Memory: 50.59 MB used, 50.59 MB peak
[2015.07.28-06.06.57:402][  0]LogMemory: Process Virtual Memory: 22.49 MB used, 22.49 MB peak
[2015.07.28-06.06.57:402][  0]LogMemory: Physical Memory: 6730.71 MB used, 16057.08 MB total
[2015.07.28-06.06.57:402][  0]LogMemory: Virtual Memory: 310.14 MB used, 134217728.00 MB total
[2015.07.28-06.06.57:718][  0]LogTextLocalizationManager: The requested culture ('en_US') has no localization data; parent culture's ('en') localization data will be used.
[2015.07.28-06.06.58:112][  0]LogTextLocalizationManager:Warning: Loaded localization resources contain conflicting entries for (Namespace:ContentBrowser, Key:ImportAssetToolTip):
Localization Resource: (C:/Program Files/Epic Games/4.8/Engine/Content/Localization/Editor/en/Editor.locres) Source String Hash: (-630476809) Localized String: (Import to {0}...)
Localization Resource: (C:/Program Files/Epic Games/4.8/Engine/Content/Localization/Editor/en/Editor.locres) Source String Hash: (1271782899) Localized String: (Imports an asset from file to this folder.)
[2015.07.28-06.06.58:799][  0]LogD3D11RHI: Found D3D11 adapter 0: NVIDIA GeForce GTX 760 (Feature Level 11_0)
[2015.07.28-06.06.58:799][  0]LogD3D11RHI: Adapter has 1990MB of dedicated video memory, 0MB of dedicated system memory, and 8028MB of shared system memory, 2 output[s]
[2015.07.28-06.06.58:800][  0]LogD3D11RHI: Found D3D11 adapter 1: Microsoft Basic Render Driver (Feature Level 11_0)
[2015.07.28-06.06.58:800][  0]LogD3D11RHI: Adapter has 0MB of dedicated video memory, 0MB of dedicated system memory, and 8028MB of shared system memory, 0 output[s]
[2015.07.28-06.06.58:800][  0]LogD3D11RHI: Chosen D3D11 Adapter Id = 0
[2015.07.28-06.06.58:817][  0]LogD3D11RHI: InitD3DDevice
[2015.07.28-06.06.58:817][  0]LogD3D11RHI: !Direct3DDevice
[2015.07.28-06.06.58:817][  0]LogRHI: Texture pool is 1361 MB (70% of 1945 MB)
[2015.07.28-06.06.58:836][  0]LogD3D11RHI: Async texture creation enabled
[2015.07.28-06.06.58:851][  0]LogShaderCompilers:Display: Using Local Shader Compiler.
[2015.07.28-06.07.00:842][  0]LogTemp:Display: Loaded TP DesktopTargetPlatform
[2015.07.28-06.07.00:872][  0]LogTemp:Display: Loaded TP WindowsClientTargetPlatform
[2015.07.28-06.07.00:902][  0]LogTemp:Display: Loaded TP WindowsNoEditorTargetPlatform
[2015.07.28-06.07.00:933][  0]LogTemp:Display: Loaded TP WindowsServerTargetPlatform
[2015.07.28-06.07.00:976][  0]LogTemp:Display: Loaded TP WindowsTargetPlatform
[2015.07.28-06.07.01:011][  0]LogTemp:Display: Loaded TP AndroidTargetPlatform
[2015.07.28-06.07.01:037][  0]LogTemp:Display: Loaded TP Android_ASTCTargetPlatform
[2015.07.28-06.07.01:063][  0]LogTemp:Display: Loaded TP Android_ATCTargetPlatform
[2015.07.28-06.07.01:085][  0]LogTemp:Display: Loaded TP Android_DXTTargetPlatform
[2015.07.28-06.07.01:106][  0]LogTemp:Display: Loaded TP Android_ETC1TargetPlatform
[2015.07.28-06.07.01:128][  0]LogTemp:Display: Loaded TP Android_ETC2TargetPlatform
[2015.07.28-06.07.01:160][  0]LogTemp:Display: Loaded TP Android_PVRTCTargetPlatform
[2015.07.28-06.07.01:282][  0]LogTemp:Display: Loaded TP IOSTargetPlatform
[2015.07.28-06.07.01:304][  0]LogTemp:Display: Loaded TP LinuxNoEditorTargetPlatform
[2015.07.28-06.07.01:334][  0]LogTemp:Display: Loaded TP LinuxServerTargetPlatform
[2015.07.28-06.07.01:362][  0]LogTemp:Display: Loaded TP LinuxTargetPlatform
[2015.07.28-06.07.01:362][  0]LogTargetPlatformManager:Display: Building Assets For Windows
[2015.07.28-06.07.02:051][  0]LogDerivedDataCache:Display: Max Cache Size: 512 MB
[2015.07.28-06.07.02:581][  0]LogDerivedDataCache: Loaded boot cache 0.53s 154MB C:/Users/Anthony/AppData/Local/UnrealEngine/4.8/DerivedDataCache/Boot.ddc.
[2015.07.28-06.07.02:581][  0]LogDerivedDataCache:Display: Loaded Boot cache: C:/Users/Anthony/AppData/Local/UnrealEngine/4.8/DerivedDataCache/Boot.ddc
[2015.07.28-06.07.02:581][  0]LogDerivedDataCache: FDerivedDataBackendGraph:  Pak pak cache file ../../../../../../Storage/TheForsakensCopy(1)/TheForsakensCopy/The-Forsaken/DerivedDataCache/DDC.ddp not found, will not use a pak cache.
[2015.07.28-06.07.02:581][  0]LogDerivedDataCache: Unable to find inner node Pak for hierarchical cache Hierarchy.
[2015.07.28-06.07.02:582][  0]LogDerivedDataCache: FDerivedDataBackendGraph:  CompressedPak pak cache file ../../../../../../Storage/TheForsakensCopy(1)/TheForsakensCopy/The-Forsaken/DerivedDataCache/Compressed.ddp not found, will not use a pak cache.
[2015.07.28-06.07.02:582][  0]LogDerivedDataCache: Unable to find inner node CompressedPak for hierarchical cache Hierarchy.
[2015.07.28-06.07.02:766][  0]LogDerivedDataCache:Display: Pak cache opened for reading ../../../Engine/DerivedDataCache/Compressed.ddp.
[2015.07.28-06.07.02:779][  0]LogDerivedDataCache: Using Local data cache path C:/Users/Anthony/AppData/Local/UnrealEngine/Common/DerivedDataCache: Writable
[2015.07.28-06.07.08:041][  0]LogInit: Selected Device Profile: [Windows]
[2015.07.28-06.07.08:230][  0]ImportText (ComponentSweepMultiTests): Missing closing parenthesis: (RootShapeAsset="/Engine/BasicShapes/Cube.Cube",ShapeType="TriggerCapsule",HitResult=(Time=0.50,Location=(X=-100.000015,Y=0.0,Z=100.000015),ImpactPoint=(X=-50.0,Y=0.0,Z=50.0),Normal=(X=-1.0,Y=-0.0,Z=0.0),ImpactNormal=(X=0.0,Y=0.0,Z=1.0),TraceStart=(X=-200.0,Y=0.0,Z=200.0),TraceEnd=(X=0.0,Y=0.0,Z=0.0))
[2015.07.28-06.07.08:231][  0]ImportText (LineTraceSingleByChannelTests): Missing closing parenthesis: (RootShapeAsset="/Engine/BasicShapes/Cube.Cube",HitResult=(Time=0.50,Location=(X=-100.000015,Y=0.0,Z=100.000015),ImpactPoint=(X=-50.0,Y=0.0,Z=50.0),Normal=(X=-1.0,Y=-0.0,Z=0.0),ImpactNormal=(X=0.0,Y=0.0,Z=1.0),TraceStart=(X=-200.0,Y=0.0,Z=200.0),TraceEnd=(X=0.0,Y=0.0,Z=0.0))
[2015.07.28-06.07.08:337][  0]LogMeshUtilities: No automatic mesh reduction module available
[2015.07.28-06.07.08:337][  0]LogMeshUtilities: No automatic mesh merging module available
[2015.07.28-06.07.09:623][  0]LogInit: WinSock: version 1.1 (2.2), MaxSocks=32767, MaxUdp=65467
[2015.07.28-06.07.13:874][  0]UdpMessaging: Initializing bridge on interface 0.0.0.0:0 to multicast group 230.0.0.1:6666.
[2015.07.28-06.07.15:385][  0]SourceControl: Info Source control is disabled
[2015.07.28-06.07.15:405][  0]SourceControl: Info Source control is disabled
[2015.07.28-06.07.15:430][  0]SourceControl: Info Source control is disabled
[2015.07.28-06.07.15:451][  0]SourceControl: Info Source control is disabled
[2015.07.28-06.07.15:962][  0]LogObj: 26273 objects as part of root set at end of initial load.
[2015.07.28-06.07.15:962][  0]LogUObjectAllocator: 5409248 out of 0 bytes used by permanent object pool.
[2015.07.28-06.07.16:112][  0]LogEngine: Initializing Engine...
[2015.07.28-06.07.16:118][  0]LogHMD: Can't find Oculus library dev build: is proper Runtime installed? Version: 0.6.0.0
[2015.07.28-06.07.16:135][  0]LogHMD:Warning: SteamVR failed to initialize.  Error: 110
[2015.07.28-06.07.16:706][  0]LogAIModule: Creating AISystem for world NewWorld
[2015.07.28-06.07.16:771][  0]LogInit: XAudio2 using 'Speakers (Realtek High Definition Audio)' : 2 channels at 48 kHz using 32 bits per sample (channel mask 0x3)
[2015.07.28-06.07.16:807][  0]LogInit: FAudioDevice initialized.
[2015.07.28-06.07.16:912][  0]LogDerivedDataCache: Saved boot cache 0.10s 53MB C:/Users/Anthony/AppData/Local/UnrealEngine/4.8/DerivedDataCache/Boot.ddc.
[2015.07.28-06.07.16:939][  0]LogInit: Texture streaming: Disabled
[2015.07.28-06.07.17:000][  0]LogAnalytics: Creating configured Analytics provider AnalyticsET
[2015.07.28-06.07.17:000][  0]LogAnalytics: [UEEditor.Rocket.Release] APIServer = http://et2.epicgames.com/ET2/. AppVersion = 4.8.2-2614606+++depot+UE4-Releases+4.8
[2015.07.28-06.07.17:000][  0]LogAnalytics: [UEEditor.Rocket.Release] SetUserId 95991fc0476255f629fcaf98d2613701|7c9fa1ec39b64c9f938beaadcb8943ad|3691a7cd-a3ac-46cd-a9bb-952d65400b26
[2015.07.28-06.07.17:001][  0]LogAnalytics: [UEEditor.Rocket.Release] AnalyticsET::StartSession
[2015.07.28-06.07.17:130][  0]LogInit: Transaction tracking system initialized
[2015.07.28-06.07.17:456][  0]BlueprintLog: New page: Editor Load
[2015.07.28-06.07.17:517][  0]LogAssetRegistry: FAssetRegistry took 0.0110 seconds to start up
[2015.07.28-06.07.17:518][  0]LogDirectoryWatcher:Warning: Failed to begin reading directory changes for ../../../Engine/Plugins/Experimental/CharacterAI/Content/. Error: 0
[2015.07.28-06.07.19:646][  0]LogConsoleManager:Warning: Console variable 'r.VSync' wasn't set ('GameSetting' has a lower priority than 'SystemSettingsIni')
[2015.07.28-06.07.19:648][  0]LogConsoleResponse:Display: 
[2015.07.28-06.07.19:944][  0]LogCook:Display: Done creating registry. It took  0.00s.
[2015.07.28-06.07.20:505][  0]SourceControl: Info Source control is disabled
[2015.07.28-06.07.20:508][  0]Cmd: MAP LOAD FILE="../../../Engine/Content/Maps/Templates/Template_Default.umap" TEMPLATE=1 SHOWPROGRESS=1 FEATURELEVEL=3
[2015.07.28-06.07.20:518][  0]LightingResults: New page: Lighting Build
[2015.07.28-06.07.20:562][  0]MapCheck: New page: Map Check
[2015.07.28-06.07.20:562][  0]LightingResults: New page: Lighting Build
[2015.07.28-06.07.20:600][  0]LogParticles: Destroying 0 GPU particle simulations for FXSystem 0x0000005C9A7B28E0
[2015.07.28-06.07.21:541][  0]LogAIModule: Creating AISystem for world Untitled_1
[2015.07.28-06.07.21:594][  0]LogEditorServer: Finished looking for orphan Actors (0.000 secs)
[2015.07.28-06.07.21:615][  0]Cmd: MAP CHECKDEP NOCLEARLOG
[2015.07.28-06.07.21:705][  0]MapCheck: Info Map check complete: 0 Error(s), 0 Warning(s), took 89.849ms to complete.
[2015.07.28-06.07.21:706][  0]LogFileHelpers: Loading map 'Template_Default' took 1.200
[2015.07.28-06.07.22:032][  0]LogCollectionManager: Loaded 0 collections in 0.003220 seconds
[2015.07.28-06.07.22:048][  0]LogContentBrowser: Native class hierarchy populated in 0.0160 seconds. Added 1792 classes and 301 folders.
[2015.07.28-06.07.22:172][  0]LogContentBrowser: Native class hierarchy updated for 'WidgetCarousel' in 0.0008 seconds. Added 0 classes and 0 folders.
[2015.07.28-06.07.22:453][  0]LogContentBrowser: Native class hierarchy updated for 'AddContentDialog' in 0.0008 seconds. Added 0 classes and 0 folders.
[2015.07.28-06.07.22:495][  0]LogContentBrowser: Native class hierarchy updated for 'SceneOutliner' in 0.0010 seconds. Added 1 classes and 2 folders.
[2015.07.28-06.07.22:728][  0]LogCrashTracker: Crashtracker disabled due to settings.
[2015.07.28-06.07.22:738][  0]LogD3D11RHI: InitD3DDevice
[2015.07.28-06.07.22:751][  0]LogUObjectGlobals:Warning: Failed to find object 'Class None.'
[2015.07.28-06.07.22:778][  0]LogLoad: Full Startup: 28.95 seconds (BP compile: 0.55 seconds)
[2015.07.28-06.07.23:123][  0]LogWindowsTextInputMethodSystem:Display: IME system now deactivated.
[2015.07.28-06.07.23:375][  0]LogContentStreaming: Texture pool size is 0.000000MB
[2015.07.28-06.07.23:426][  0]LogContentStreaming: Texture pool size now 1000 MB
[2015.07.28-06.07.23:754][  0]LogRenderer: Reallocating scene render targets to support 1224x576 (Frame:2).
[2015.07.28-06.07.24:102][  2]LogD3D11RHI: InitD3DDevice
[2015.07.28-06.07.25:490][ 55]LogD3D11RHI: InitD3DDevice
[2015.07.28-06.07.25:833][ 57]LogAssetRegistry: Asset discovery search completed in 8.3273 seconds
[2015.07.28-06.07.31:134][557]LogD3D11RHI: InitD3DDevice
[2015.07.28-06.07.31:214][557]LogAIModule: Creating AISystem for world Untitled
[2015.07.28-06.07.31:315][557]Cmd: MAP LOAD FILE="../../../../../../Storage/TheForsakensCopy(1)/TheForsakensCopy/The-Forsaken/Content/Untitled.umap" TEMPLATE=0 SHOWPROGRESS=1 FEATURELEVEL=3
[2015.07.28-06.07.31:315][557]LightingResults: New page: Lighting Build
[2015.07.28-06.07.31:336][557]LoadErrors: New page: Loading map: Untitled.umap
[2015.07.28-06.07.31:339][557]MapCheck: New page: Map Check
[2015.07.28-06.07.31:339][557]LightingResults: New page: Lighting Build
[2015.07.28-06.07.31:359][557]LogParticles: Destroying 0 GPU particle simulations for FXSystem 0x0000005C8BC77740
[2015.07.28-06.07.31:506][557]LogAIModule: Creating AISystem for world Untitled
[2015.07.28-06.07.31:548][557]LogEditorServer: Finished looking for orphan Actors (0.000 secs)
[2015.07.28-06.07.31:591][557]Cmd: MAP CHECKDEP NOCLEARLOG
[2015.07.28-06.07.31:647][557]MapCheck: Info Map check complete: 0 Error(s), 0 Warning(s), took 55.459ms to complete.
[2015.07.28-06.07.31:648][557]LogFileHelpers: Loading map 'Untitled' took 0.337
[2015.07.28-06.07.40:062][419]LogD3D11RHI: InitD3DDevice
[2015.07.28-06.07.45:182][419]LogTexture:Display: Building textures: SightLens_maskB (AutoDXT)
[2015.07.28-06.07.46:110][419]LogTexture:Display: Building textures: holo_layer_1_5 (AutoDXT)
[2015.07.28-06.07.46:258][419]LogTexture:Display: Building textures: SightLens_maskA (AutoDXT)
[2015.07.28-06.07.47:183][419]LogMaterial: Missing cached shader map for material MagGun_SightLens_Mat, compiling. 
[2015.07.28-06.07.47:999][419]LogTexture:Display: Building textures: MagGunT2_shade (AutoDXT)
[2015.07.28-06.08.09:196][419]LogTexture:Display: Building textures: MagGunT2_section (AutoDXT)
[2015.07.28-06.08.15:034][419]LogTexture:Display: Building textures: MagGun_Display_EM (AutoDXT)
[2015.07.28-06.08.18:440][419]LogTexture:Display: Building textures: MagGun_02_N (BC5)
[2015.07.28-06.08.22:118][419]LogTexture:Display: Building textures: T_PaintedMetal02 (AutoDXT)
[2015.07.28-06.08.23:717][419]LogTexture:Display: Building textures: T_PaintedMetal01_N (BC5)
[2015.07.28-06.08.24:425][419]LogTexture:Display: Building textures: MagGun_Decals (AutoDXT)
[2015.07.28-06.08.25:137][419]LogTexture:Display: Building textures: MagGun_01_N (BC5)
[2015.07.28-06.08.29:046][419]LogTexture:Display: Building textures: T_Rubber (AutoDXT)
[2015.07.28-06.08.35:500][419]LogTexture:Display: Building textures: T_Metal_Metal02_D (AutoDXT)
[2015.07.28-06.08.42:175][419]LogTexture:Display: Building textures: Chr_FPS_Metal_02 (AutoDXT)
[2015.07.28-06.08.48:725][419]LogTexture:Display: Building textures: T_ExampleLayers_Metal02_N (BC5)
[2015.07.28-06.08.49:704][419]LogTexture:Display: Building textures: BigGuy_Body_normal (BC5)
[2015.07.28-06.08.49:966][419]LogTexture:Display: Building textures: BigGuy_Body_diffuse (AutoDXT)
[2015.07.28-06.08.51:459][419]LogTexture:Display: Building textures: BigGuy_Body_specular (AutoDXT)
[2015.07.28-06.08.51:787][419]LogMaterial: Missing cached shader map for material Bodymat, compiling. 
[2015.07.28-06.08.51:870][419]LogTexture:Display: Building textures: RyanNew02_Body_specular (AutoDXT)
[2015.07.28-06.08.52:167][419]LogTexture:Display: Building textures: RyanNew02_Body_normal (BC5)
[2015.07.28-06.08.52:445][419]LogTexture:Display: Building textures: RyanNew02_Body_diffuse (AutoDXT)
[2015.07.28-06.08.53:926][419]LogMaterial: Missing cached shader map for material Bodymat, compiling. 
[2015.07.28-06.08.53:962][419]LogMaterial: Missing cached shader map for material MagGun_MatB, compiling. 
[2015.07.28-06.08.55:055][419]LogTexture:Display: Building textures: MagGunT1_shade (AutoDXT)
[2015.07.28-06.09.09:959][419]LogTexture:Display: Building textures: MagGunT1_section (AutoDXT)
[2015.07.28-06.09.21:556][419]LogMaterial: Missing cached shader map for material MagGun_MatA, compiling. 
[2015.07.28-06.09.22:377][419]LogTexture:Display: Building textures: lambert1_Base_Color (AutoDXT)
[2015.07.28-06.09.32:430][419]LogMaterial: Missing cached shader map for material lambert2, compiling. 
[2015.07.28-06.09.32:529][419]LogTexture:Display: Building textures: RyanNew02_Hair_normal (BC5)
[2015.07.28-06.09.32:821][419]LogTexture:Display: Building textures: RyanNew02_Hair_diffuse (AutoDXT)
[2015.07.28-06.09.33:521][419]LogTexture:Display: Building textures: RyanNew02_Hair_specular (AutoDXT)
[2015.07.28-06.09.33:972][419]LogMaterial: Missing cached shader map for material Hairmat, compiling. 
[2015.07.28-06.09.34:011][419]LogTexture:Display: Building textures: RyanNew02_Bottom_specular (AutoDXT)
[2015.07.28-06.09.34:102][419]LogAudioDerivedData:Display: Building compressed audio format OGG wave gun...
[2015.07.28-06.09.34:234][419]LogTexture:Display: Building textures: RyanNew02_Bottom_normal (BC5)
[2015.07.28-06.09.34:303][419]LogTexture:Display: Building textures: RyanNew02_Bottom_diffuse (AutoDXT)
[2015.07.28-06.09.34:717][419]LogMaterial: Missing cached shader map for material Bottommat, compiling. 
[2015.07.28-06.09.34:759][419]LogMaterial: Missing cached shader map for material Bodymat_eyelashes, compiling. 
[2015.07.28-06.09.35:035][419]LogTexture:Display: Building textures: RyanNew02_Top_normal (BC5)
[2015.07.28-06.09.35:478][419]LogTexture:Display: Building textures: RyanNew02_Top_diffuse (AutoDXT)
[2015.07.28-06.09.37:742][419]LogTexture:Display: Building textures: RyanNew02_Top_specular (AutoDXT)
[2015.07.28-06.09.38:208][419]LogMaterial: Missing cached shader map for material Topmat, compiling. 
[2015.07.28-06.09.38:258][419]LogTexture:Display: Building textures: RyanNew02_Shoes_specular (AutoDXT)
[2015.07.28-06.09.38:386][419]LogTexture:Display: Building textures: SmallBulletHole (AutoDXT)
[2015.07.28-06.09.38:560][419]LogMaterial: Missing cached shader map for material BulletHole, compiling. 
[2015.07.28-06.09.38:887][419]LogTexture:Display: Building textures: HQ_Lightmap0_12 (AutoDXT)
[2015.07.28-06.09.39:247][419]LogTexture:Display: Building textures: HQ_Lightmap0_13 (AutoDXT)
[2015.07.28-06.09.39:441][419]LogTexture:Display: Building textures: HQ_Lightmap0_14 (AutoDXT)
[2015.07.28-06.09.39:571][419]LogTexture:Display: Building textures: HQ_Lightmap0_15 (AutoDXT)
[2015.07.28-06.09.39:629][419]LogTexture:Display: Building textures: HQ_Lightmap0_3 (AutoDXT)
[2015.07.28-06.09.40:137][419]LogTexture:Display: Building textures: HQ_Lightmap0_4 (AutoDXT)
[2015.07.28-06.09.41:160][419]LogTexture:Display: Building textures: HQ_Lightmap0_5 (AutoDXT)
[2015.07.28-06.09.41:759][419]LogTexture:Display: Building textures: HQ_Lightmap0_6 (AutoDXT)
[2015.07.28-06.09.42:077][419]LogTexture:Display: Building textures: HQ_Lightmap0_7 (AutoDXT)
[2015.07.28-06.09.42:365][419]LogTexture:Display: Building textures: HQ_Lightmap0_8 (AutoDXT)
[2015.07.28-06.09.42:482][419]LogTexture:Display: Building textures: HQ_Lightmap0_9 (AutoDXT)
[2015.07.28-06.09.42:686][419]LogTexture:Display: Building textures: HQ_Lightmap1_10 (AutoDXT)
[2015.07.28-06.09.42:728][419]LogTexture:Display: Building textures: HQ_Lightmap1_11 (AutoDXT)
[2015.07.28-06.09.42:830][419]LogTexture:Display: Building textures: HQ_Lightmap1_2 (AutoDXT)
[2015.07.28-06.09.43:319][419]LogTexture:Display: Building textures: LQ_Lightmap_0_12 (DXT1)
[2015.07.28-06.09.43:462][419]LogTexture:Display: Building textures: LQ_Lightmap_0_13 (DXT1)
[2015.07.28-06.09.43:547][419]LogTexture:Display: Building textures: LQ_Lightmap_0_14 (DXT1)
[2015.07.28-06.09.43:616][419]LogTexture:Display: Building textures: LQ_Lightmap_0_15 (DXT1)
[2015.07.28-06.09.43:692][419]LogTexture:Display: Building textures: LQ_Lightmap_0_3 (DXT1)
[2015.07.28-06.09.44:007][419]LogTexture:Display: Building textures: LQ_Lightmap_0_4 (DXT1)
[2015.07.28-06.09.44:537][419]LogTexture:Display: Building textures: LQ_Lightmap_0_5 (DXT1)
[2015.07.28-06.09.44:738][419]LogTexture:Display: Building textures: LQ_Lightmap_0_6 (DXT1)
[2015.07.28-06.09.44:929][419]LogTexture:Display: Building textures: LQ_Lightmap_0_7 (DXT1)
[2015.07.28-06.09.45:120][419]LogTexture:Display: Building textures: LQ_Lightmap_0_8 (DXT1)
[2015.07.28-06.09.45:188][419]LogTexture:Display: Building textures: LQ_Lightmap_0_9 (DXT1)
[2015.07.28-06.09.45:345][419]LogTexture:Display: Building textures: LQ_Lightmap_1_10 (DXT1)
[2015.07.28-06.09.45:378][419]LogTexture:Display: Building textures: LQ_Lightmap_1_11 (DXT1)
[2015.07.28-06.09.45:479][419]LogTexture:Display: Building textures: LQ_Lightmap_1_2 (DXT1)
[2015.07.28-06.09.45:809][419]LogTexture:Display: Building textures: ShadowMapTexture2D_1 (BGRA8)
[2015.07.28-06.09.45:828][419]LogTexture:Display: Building textures: ShadowMapTexture2D_10 (BGRA8)
[2015.07.28-06.09.45:858][419]LogTexture:Display: Building textures: ShadowMapTexture2D_11 (BGRA8)
[2015.07.28-06.09.45:883][419]LogTexture:Display: Building textures: ShadowMapTexture2D_12 (BGRA8)
[2015.07.28-06.09.45:900][419]LogTexture:Display: Building textures: ShadowMapTexture2D_13 (BGRA8)
[2015.07.28-06.09.45:962][419]LogTexture:Display: Building textures: ShadowMapTexture2D_2 (BGRA8)
[2015.07.28-06.09.46:057][419]LogTexture:Display: Building textures: ShadowMapTexture2D_3 (BGRA8)
[2015.07.28-06.09.46:288][419]LogTexture:Display: Building textures: ShadowMapTexture2D_4 (BGRA8)
[2015.07.28-06.09.46:651][419]LogTexture:Display: Building textures: ShadowMapTexture2D_5 (BGRA8)
[2015.07.28-06.09.46:673][419]LogTexture:Display: Building textures: ShadowMapTexture2D_6 (BGRA8)
[2015.07.28-06.09.46:708][419]LogTexture:Display: Building textures: ShadowMapTexture2D_7 (BGRA8)
[2015.07.28-06.09.46:731][419]LogTexture:Display: Building textures: ShadowMapTexture2D_8 (BGRA8)
[2015.07.28-06.09.46:744][419]LogTexture:Display: Building textures: ShadowMapTexture2D_9 (BGRA8)
[2015.07.28-06.09.47:098][419]LogTexture:Display: Building textures: RyanNew02_Shoes_normal (BC5)
[2015.07.28-06.09.47:178][419]LogTexture:Display: Building textures: RyanNew02_Shoes_diffuse (AutoDXT)
[2015.07.28-06.09.47:636][419]LogMaterial: Missing cached shader map for material Shoesmat, compiling. 
[2015.07.28-06.09.47:734][419]LogTexture:Display: Building textures: BigGuy_Mask_specular (AutoDXT)
[2015.07.28-06.09.47:837][419]LogTexture:Display: Building textures: BigGuy_Mask_normal (BC5)
[2015.07.28-06.09.47:919][419]LogTexture:Display: Building textures: BigGuy_Mask_diffuse (AutoDXT)
[2015.07.28-06.09.48:351][419]LogMaterial: Missing cached shader map for material Maskmat, compiling. 
[2015.07.28-06.09.48:398][419]LogTexture:Display: Building textures: BigGuy_Bottom_specular (AutoDXT)
[2015.07.28-06.09.48:519][419]LogTexture:Display: Building textures: BigGuy_Bottom_normal (BC5)
[2015.07.28-06.09.48:645][419]LogTexture:Display: Building textures: BigGuy_Bottom_diffuse (AutoDXT)
[2015.07.28-06.09.49:187][419]LogMaterial: Missing cached shader map for material Bottommat, compiling. 
[2015.07.28-06.09.49:226][419]LogMaterial: Missing cached shader map for material Bodymat_eyelashes, compiling. 
[2015.07.28-06.09.49:415][419]LogTexture:Display: Building textures: Rusty_Wall_Grey (AutoDXT)
[2015.07.28-06.09.49:955][419]LogMaterial: Missing cached shader map for material Rusty_Wall_Grey_Mat, compiling. 
[2015.07.28-06.09.50:054][419]LogTexture:Display: Building textures: Seamless_marble_tile_texture_03_6465553_large (AutoDXT)
[2015.07.28-06.09.52:223][419]LogMaterial: Missing cached shader map for material MansionFloor, compiling. 
[2015.07.28-06.09.52:252][419]LogMaterial: Missing cached shader map for material M_Basic_Wall2, compiling. 
[2015.07.28-06.09.52:476][419]LogTexture:Display: Building textures: White_Wall (AutoDXT)
[2015.07.28-06.09.57:359][419]LogMaterial: Missing cached shader map for material White_Wall_Mat, compiling. 
[2015.07.28-06.09.57:851][419]LogTexture:Display: Building textures: T_Rock_Marble_Polished_D (AutoDXT)
[2015.07.28-06.10.03:099][419]LogMaterial: Missing cached shader map for material T_Wood_Floor_Walnut_Mat, compiling. 
[2015.07.28-06.10.03:165][419]LogAIModule: Creating AISystem for world Mansion
[2015.07.28-06.10.04:012][419]Cmd: MAP LOAD FILE="../../../../../../Storage/TheForsakensCopy(1)/TheForsakensCopy/The-Forsaken/Content/Maps/Mansion.umap" TEMPLATE=0 SHOWPROGRESS=1 FEATURELEVEL=3
[2015.07.28-06.10.04:014][419]LightingResults: New page: Lighting Build
[2015.07.28-06.10.04:188][419]LoadErrors: New page: Loading map: Mansion.umap
[2015.07.28-06.10.04:192][419]MapCheck: New page: Map Check
[2015.07.28-06.10.04:192][419]LightingResults: New page: Lighting Build
[2015.07.28-06.10.04:225][419]LogParticles: Destroying 0 GPU particle simulations for FXSystem 0x0000005C8AFF3560
[2015.07.28-06.10.05:349][419]LogAIModule: Creating AISystem for world Mansion
[2015.07.28-06.10.06:054][419]LogEditorServer: Finished looking for orphan Actors (0.000 secs)
[2015.07.28-06.10.06:778][419]Cmd: MAP CHECKDEP NOCLEARLOG
[2015.07.28-06.10.07:007][419]MapCheck: Info Map check complete: 0 Error(s), 0 Warning(s), took 229.023ms to complete.
[2015.07.28-06.10.07:015][419]LogFileHelpers: Loading map 'Mansion' took 3.005
[2015.07.28-06.10.08:927][422]LogD3D11RHI: InitD3DDevice
[2015.07.28-06.11.02:240][367]LogWindowsTextInputMethodSystem:Display: IME system now deactivated.
[2015.07.28-06.11.02:820][368]Cmd: QUIT_EDITOR
[2015.07.28-06.11.03:552][368]LogExit: Preparing to exit.
[2015.07.28-06.11.04:116][368]LogExit: Editor shut down
[2015.07.28-06.11.04:116][368]LogExit: Transaction tracking system shut down
[2015.07.28-06.11.04:119][368]LogParticles: Destroying 0 GPU particle simulations for FXSystem 0x0000005CF5891260
[2015.07.28-06.11.04:119][368]LogParticles: Destroying 0 GPU particle simulations for FXSystem 0x0000005CA5228F40
[2015.07.28-06.11.04:119][368]LogParticles: Destroying 0 GPU particle simulations for FXSystem 0x0000005CA5229B20
[2015.07.28-06.11.04:133][368]LogParticles: Destroying 0 GPU particle simulations for FXSystem 0x0000005CF6E81F80
[2015.07.28-06.11.04:141][368]LogParticles: Destroying 0 GPU particle simulations for FXSystem 0x0000005C8BE0EB60
[2015.07.28-06.11.04:885][368]LogExit: Object subsystem successfully closed.
[2015.07.28-06.11.04:973][368]LogD3D11RHI: Shutdown
[2015.07.28-06.11.04:974][368]LogD3D11RHI: CleanupD3DDevice
[2015.07.28-06.11.05:233][368]LogD3D11RHI: ~FD3D11DynamicRHI
[2015.07.28-06.11.05:282][368]LogModuleManager: Shutting down and abandoning module CrashTracker (188)
[2015.07.28-06.11.05:282][368]LogModuleManager: Shutting down and abandoning module SceneOutliner (187)
[2015.07.28-06.11.05:282][368]LogModuleManager: Shutting down and abandoning module SuperSearch (186)
[2015.07.28-06.11.05:282][368]LogModuleManager: Shutting down and abandoning module WidgetCarousel (185)
[2015.07.28-06.11.05:283][368]LogModuleManager: Shutting down and abandoning module AddContentDialog (184)
[2015.07.28-06.11.05:286][368]LogModuleManager: Shutting down and abandoning module EditorWidgets (183)
[2015.07.28-06.11.05:286][368]LogModuleManager: Shutting down and abandoning module CollectionManager (182)
[2015.07.28-06.11.05:287][368]LogModuleManager: Shutting down and abandoning module StatsViewer (181)
[2015.07.28-06.11.05:287][368]LogModuleManager: Shutting down and abandoning module FoliageEdit (180)
[2015.07.28-06.11.05:288][368]LogModuleManager: Shutting down and abandoning module LandscapeEditor (179)
[2015.07.28-06.11.05:289][368]LogModuleManager: Shutting down and abandoning module ActorPickerMode (178)
[2015.07.28-06.11.05:289][368]LogModuleManager: Shutting down and abandoning module GeometryMode (177)
[2015.07.28-06.11.05:289][368]LogModuleManager: Shutting down and abandoning module TextureAlignMode (176)
[2015.07.28-06.11.05:289][368]LogModuleManager: Shutting down and abandoning module BspMode (175)
[2015.07.28-06.11.05:289][368]LogModuleManager: Shutting down and abandoning module PlacementMode (174)
[2015.07.28-06.11.05:289][368]LogModuleManager: Shutting down and abandoning module AutomationWorker (173)
[2015.07.28-06.11.05:289][368]LogModuleManager: Shutting down and abandoning module CharacterAI (172)
[2015.07.28-06.11.05:289][368]LogModuleManager: Shutting down and abandoning module SmartSnapping (171)
[2015.07.28-06.11.05:289][368]LogModuleManager: Shutting down and abandoning module ViewportSnapping (170)
[2015.07.28-06.11.05:289][368]LogModuleManager: Shutting down and abandoning module LogVisualizer (169)
[2015.07.28-06.11.05:290][368]LogModuleManager: Shutting down and abandoning module GameProjectGeneration (168)
[2015.07.28-06.11.05:291][368]LogModuleManager: Shutting down and abandoning module IntroTutorials (167)
[2015.07.28-06.11.05:293][368]LogModuleManager: Shutting down and abandoning module EditorLiveStreaming (166)
[2015.07.28-06.11.05:293][368]LogModuleManager: Shutting down and abandoning module IOSPlatformEditor (165)
[2015.07.28-06.11.05:293][368]LogModuleManager: Shutting down and abandoning module HTML5PlatformEditor (164)
[2015.07.28-06.11.05:293][368]LogModuleManager: Shutting down and abandoning module AndroidDeviceDetection (163)
[2015.07.28-06.11.05:957][368]LogModuleManager: Shutting down and abandoning module AndroidPlatformEditor (162)
[2015.07.28-06.11.05:957][368]LogModuleManager: Shutting down and abandoning module IOSRuntimeSettings (161)
[2015.07.28-06.11.05:957][368]LogModuleManager: Shutting down and abandoning module AndroidRuntimeSettings (160)
[2015.07.28-06.11.05:957][368]LogModuleManager: Shutting down and abandoning module MergeActors (159)
[2015.07.28-06.11.05:959][368]LogModuleManager: Shutting down and abandoning module SizeMap (158)
[2015.07.28-06.11.05:959][368]LogModuleManager: Shutting down and abandoning module TreeMap (157)
[2015.07.28-06.11.05:960][368]LogModuleManager: Shutting down and abandoning module ReferenceViewer (156)
[2015.07.28-06.11.05:960][368]LogModuleManager: Shutting down and abandoning module LocalizationDashboard (155)
[2015.07.28-06.11.05:960][368]LogModuleManager: Shutting down and abandoning module HardwareTargeting (154)
[2015.07.28-06.11.05:960][368]LogModuleManager: Shutting down and abandoning module DeviceProfileEditor (153)
[2015.07.28-06.11.05:961][368]LogModuleManager: Shutting down and abandoning module UndoHistory (152)
[2015.07.28-06.11.05:961][368]LogModuleManager: Shutting down and abandoning module GameplayTagsEditor (151)
[2015.07.28-06.11.05:961][368]LogModuleManager: Shutting down and abandoning module UserFeedback (150)
[2015.07.28-06.11.05:961][368]LogModuleManager: Shutting down and abandoning module XmlParser (149)
[2015.07.28-06.11.05:961][368]LogModuleManager: Shutting down and abandoning module Blutility (148)
[2015.07.28-06.11.05:962][368]LogModuleManager: Shutting down and abandoning module ProjectTargetPlatformEditor (147)
[2015.07.28-06.11.05:962][368]LogModuleManager: Shutting down and abandoning module ProjectSettingsViewer (146)
[2015.07.28-06.11.05:962][368]LogModuleManager: Shutting down and abandoning module InputBindingEditor (145)
[2015.07.28-06.11.05:964][368]LogModuleManager: Shutting down and abandoning module EditorSettingsViewer (144)
[2015.07.28-06.11.05:965][368]LogModuleManager: Shutting down and abandoning module SettingsEditor (143)
[2015.07.28-06.11.05:966][368]LogModuleManager: Shutting down and abandoning module ProjectLauncher (142)
[2015.07.28-06.11.05:967][368]LogModuleManager: Shutting down and abandoning module SessionFrontend (141)
[2015.07.28-06.11.05:969][368]LogModuleManager: Shutting down and abandoning module ProfilerClient (140)
[2015.07.28-06.11.05:969][368]LogModuleManager: Shutting down and abandoning module TargetDeviceServices (139)
[2015.07.28-06.11.05:969][368]LogModuleManager: Shutting down and abandoning module DeviceManager (138)
[2015.07.28-06.11.05:970][368]LogModuleManager: Shutting down and abandoning module AutomationController (137)
[2015.07.28-06.11.05:970][368]LogModuleManager: Shutting down and abandoning module AutomationWindow (136)
[2015.07.28-06.11.05:971][368]LogModuleManager: Shutting down and abandoning module Layers (135)
[2015.07.28-06.11.05:973][368]LogModuleManager: Shutting down and abandoning module ComponentVisualizers (134)
[2015.07.28-06.11.05:973][368]LogModuleManager: Shutting down and abandoning module DetailCustomizations (133)
[2015.07.28-06.11.05:974][368]LogModuleManager: Shutting down and abandoning module PackagesDialog (132)
[2015.07.28-06.11.05:976][368]LogModuleManager: Shutting down and abandoning module AssetRegistry (131)
[2015.07.28-06.11.06:166][368]LogModuleManager: Shutting down and abandoning module Persona (130)
[2015.07.28-06.11.06:168][368]LogModuleManager: Shutting down and abandoning module Kismet (129)
[2015.07.28-06.11.06:169][368]LogModuleManager: Shutting down and abandoning module GraphEditor (128)
[2015.07.28-06.11.06:171][368]LogModuleManager: Shutting down and abandoning module ClassViewer (127)
[2015.07.28-06.11.06:172][368]LogModuleManager: Shutting down and abandoning module Toolbox (126)
[2015.07.28-06.11.06:172][368]LogModuleManager: Shutting down and abandoning module ModuleUI (125)
[2015.07.28-06.11.06:172][368]LogModuleManager: Shutting down and abandoning module MovieSceneTools (124)
[2015.07.28-06.11.06:173][368]LogModuleManager: Shutting down and abandoning module OutputLog (123)
[2015.07.28-06.11.06:173][368]LogModuleManager: Shutting down and abandoning module GammaUI (122)
[2015.07.28-06.11.06:174][368]LogModuleManager: Shutting down and abandoning module Documentation (121)
[2015.07.28-06.11.06:174][368]LogModuleManager: Shutting down and abandoning module GameLiveStreaming (120)
[2015.07.28-06.11.06:174][368]LogModuleManager: Shutting down and abandoning module StreamingPauseRendering (119)
[2015.07.28-06.11.06:174][368]LogModuleManager: Shutting down and abandoning module AnalyticsET (118)
[2015.07.28-06.11.06:174][368]LogModuleManager: Shutting down and abandoning module Analytics (117)
[2015.07.28-06.11.06:174][368]LogModuleManager: Shutting down and abandoning module AITestSuite (116)
[2015.07.28-06.11.06:174][368]LogModuleManager: Shutting down and abandoning module GameplayDebugger (115)
[2015.07.28-06.11.06:175][368]LogModuleManager: Shutting down and abandoning module AIModule (114)
[2015.07.28-06.11.06:175][368]LogModuleManager: Shutting down and abandoning module ProfilerService (113)
[2015.07.28-06.11.06:267][368]LogModuleManager: Shutting down and abandoning module TaskGraph (112)
[2015.07.28-06.11.06:270][368]LogModuleManager: Shutting down and abandoning module SlateRemote (111)
[2015.07.28-06.11.06:270][368]LogModuleManager: Shutting down and abandoning module SteamVRController (110)
[2015.07.28-06.11.06:270][368]LogModuleManager: Shutting down and abandoning module SteamVR (109)
[2015.07.28-06.11.06:270][368]LogModuleManager: Shutting down and abandoning module ProceduralMeshComponent (108)
[2015.07.28-06.11.06:270][368]LogModuleManager: Shutting down and abandoning module OculusRift (107)
[2015.07.28-06.11.06:270][368]LogModuleManager: Shutting down and abandoning module LeapMotionController (106)
[2015.07.28-06.11.06:437][368]LogModuleManager: Shutting down and abandoning module CustomMeshComponent (105)
[2015.07.28-06.11.06:437][368]LogModuleManager: Shutting down and abandoning module CableComponent (104)
[2015.07.28-06.11.06:438][368]LogModuleManager: Shutting down and abandoning module MessagingDebugger (103)
[2015.07.28-06.11.06:441][368]LogModuleManager: Shutting down and abandoning module MediaPlayerEditor (102)
[2015.07.28-06.11.06:442][368]LogModuleManager: Shutting down and abandoning module SpeedTreeImporter (101)
[2015.07.28-06.11.06:442][368]LogModuleManager: Shutting down and abandoning module PluginBrowser (100)
[2015.07.28-06.11.06:443][368]LogModuleManager: Shutting down and abandoning module EpicSurvey (99)
[2015.07.28-06.11.06:443][368]LogModuleManager: Shutting down and abandoning module DesktopPlatform (98)
[2015.07.28-06.11.06:445][368]LogModuleManager: Shutting down and abandoning module VisualStudioSourceCodeAccess (97)
[2015.07.28-06.11.06:446][368]LogModuleManager: Shutting down and abandoning module UObjectPlugin (96)
[2015.07.28-06.11.06:446][368]LogModuleManager: Shutting down and abandoning module SubversionSourceControl (95)
[2015.07.28-06.11.06:447][368]LogModuleManager: Shutting down and abandoning module PerforceSourceControl (94)
[2015.07.28-06.11.06:449][368]LogModuleManager: Shutting down and abandoning module SourceControl (93)
[2015.07.28-06.11.06:450][368]LogModuleManager: Shutting down and abandoning module GitSourceControl (92)
[2015.07.28-06.11.06:451][368]LogModuleManager: Shutting down and abandoning module BlankPlugin (91)
[2015.07.28-06.11.06:451][368]LogModuleManager: Shutting down and abandoning module PaperTiledImporter (90)
[2015.07.28-06.11.06:451][368]LogModuleManager: Shutting down and abandoning module PaperSpriteSheetImporter (89)
[2015.07.28-06.11.06:451][368]LogModuleManager: Shutting down and abandoning module MeshPaint (88)
[2015.07.28-06.11.06:451][368]LogModuleManager: Shutting down and abandoning module SlateReflector (87)
[2015.07.28-06.11.06:452][368]LogModuleManager: Shutting down and abandoning module DirectoryWatcher (86)
[2015.07.28-06.11.06:453][368]LogModuleManager: Shutting down and abandoning module HotReload (85)
[2015.07.28-06.11.06:453][368]LogModuleManager: Shutting down and abandoning module MainFrame (84)
[2015.07.28-06.11.06:453][368]LogModuleManager: Shutting down and abandoning module LevelEditor (83)
[2015.07.28-06.11.06:456][368]LogModuleManager: Shutting down and abandoning module ContentBrowser (82)
[2015.07.28-06.11.06:457][368]LogModuleManager: Shutting down and abandoning module Paper2DEditor (81)
[2015.07.28-06.11.06:458][368]LogModuleManager: Shutting down and abandoning module UdpMessaging (80)
[2015.07.28-06.11.06:559][368]LogModuleManager: Shutting down and abandoning module Paper2D (79)
[2015.07.28-06.11.06:562][368]LogModuleManager: Shutting down and abandoning module WindowsMoviePlayer (78)
[2015.07.28-06.11.06:576][368]LogModuleManager: Shutting down and abandoning module Media (77)
[2015.07.28-06.11.06:576][368]LogModuleManager: Shutting down and abandoning module WmfMedia (76)
[2015.07.28-06.11.06:577][368]LogModuleManager: Shutting down and abandoning module OnlineBlueprintSupport (75)
[2015.07.28-06.11.06:577][368]LogModuleManager: Shutting down and abandoning module PropertyEditor (74)
[2015.07.28-06.11.06:577][368]LogModuleManager: Shutting down and abandoning module BehaviorTreeEditor (73)
[2015.07.28-06.11.06:579][368]LogModuleManager: Shutting down and abandoning module FunctionalTesting (72)
[2015.07.28-06.11.06:579][368]LogModuleManager: Shutting down and abandoning module CollisionAnalyzer (71)
[2015.07.28-06.11.06:581][368]LogModuleManager: Shutting down and abandoning module WorkspaceMenuStructure (70)
[2015.07.28-06.11.06:581][368]LogModuleManager: Shutting down and abandoning module MessageLog (69)
[2015.07.28-06.11.06:581][368]LogModuleManager: Shutting down and abandoning module Sequencer (68)
[2015.07.28-06.11.06:583][368]LogModuleManager: Shutting down and abandoning module AssetTools (67)
[2015.07.28-06.11.06:585][368]LogModuleManager: Shutting down and abandoning module UMGEditor (66)
[2015.07.28-06.11.06:586][368]LogModuleManager: Shutting down and abandoning module UMG (65)
[2015.07.28-06.11.06:587][368]LogModuleManager: Shutting down and abandoning module Slate (64)
[2015.07.28-06.11.06:587][368]LogModuleManager: Shutting down and abandoning module EditorStyle (63)
[2015.07.28-06.11.06:591][368]LogModuleManager: Shutting down and abandoning module SessionServices (62)
[2015.07.28-06.11.06:591][368]LogModuleManager: Shutting down and abandoning module SourceCodeAccess (61)
[2015.07.28-06.11.06:591][368]LogModuleManager: Shutting down and abandoning module HeadMountedDisplay (60)
[2015.07.28-06.11.06:591][368]LogModuleManager: Shutting down and abandoning module XAudio2 (59)
[2015.07.28-06.11.06:591][368]LogModuleManager: Shutting down and abandoning module Networking (57)
[2015.07.28-06.11.06:591][368]LogModuleManager: Shutting down and abandoning module Core (56)
[2015.07.28-06.11.06:591][368]LogModuleManager: Shutting down and abandoning module KismetCompiler (55)
[2015.07.28-06.11.06:591][368]LogModuleManager: Shutting down and abandoning module PhysXFormats (54)
[2015.07.28-06.11.06:591][368]LogModuleManager: Shutting down and abandoning module MeshUtilities (53)
[2015.07.28-06.11.06:592][368]LogModuleManager: Shutting down and abandoning module DerivedDataCache (52)
[2015.07.28-06.11.06:672][368]LogDerivedDataCache: Shutdown
[2015.07.28-06.11.06:672][368]LogModuleManager: Shutting down and abandoning module ShaderFormatOpenGL (51)
[2015.07.28-06.11.06:672][368]LogModuleManager: Shutting down and abandoning module ShaderFormatD3D (50)
[2015.07.28-06.11.06:672][368]LogModuleManager: Shutting down and abandoning module MetalShaderFormat (49)
[2015.07.28-06.11.06:673][368]LogModuleManager: Shutting down and abandoning module TextureFormatUncompressed (48)
[2015.07.28-06.11.06:673][368]LogModuleManager: Shutting down and abandoning module TextureFormatPVR (47)
[2015.07.28-06.11.06:673][368]LogModuleManager: Shutting down and abandoning module TextureFormatIntelISPCTexComp (46)
[2015.07.28-06.11.06:673][368]LogModuleManager: Shutting down and abandoning module TextureFormatDXT (45)
[2015.07.28-06.11.06:673][368]LogModuleManager: Shutting down and abandoning module ImageWrapper (44)
[2015.07.28-06.11.06:673][368]LogModuleManager: Shutting down and abandoning module TextureFormatASTC (43)
[2015.07.28-06.11.06:673][368]LogModuleManager: Shutting down and abandoning module TextureFormatAndroid (42)
[2015.07.28-06.11.06:673][368]LogModuleManager: Shutting down and abandoning module AudioFormatOpus (41)
[2015.07.28-06.11.06:674][368]LogModuleManager: Shutting down and abandoning module AudioFormatOgg (40)
[2015.07.28-06.11.06:674][368]LogModuleManager: Shutting down and abandoning module AudioFormatADPCM (39)
[2015.07.28-06.11.06:674][368]LogModuleManager: Shutting down and abandoning module LinuxTargetPlatform (38)
[2015.07.28-06.11.06:674][368]LogModuleManager: Shutting down and abandoning module LinuxServerTargetPlatform (37)
[2015.07.28-06.11.06:675][368]LogModuleManager: Shutting down and abandoning module LinuxNoEditorTargetPlatform (36)
[2015.07.28-06.11.06:675][368]LogModuleManager: Shutting down and abandoning module Messaging (35)
[2015.07.28-06.11.06:675][368]LogModuleManager: Shutting down and abandoning module IOSTargetPlatform (34)
[2015.07.28-06.11.06:675][368]LogModuleManager: Shutting down and abandoning module HTML5TargetPlatform (33)
[2015.07.28-06.11.06:675][368]LogModuleManager: Shutting down and abandoning module Android_PVRTCTargetPlatform (32)
[2015.07.28-06.11.06:675][368]LogModuleManager: Shutting down and abandoning module Android_ETC2TargetPlatform (31)
[2015.07.28-06.11.06:675][368]LogModuleManager: Shutting down and abandoning module Android_ETC1TargetPlatform (30)
[2015.07.28-06.11.06:675][368]LogModuleManager: Shutting down and abandoning module Android_DXTTargetPlatform (29)
[2015.07.28-06.11.06:675][368]LogModuleManager: Shutting down and abandoning module Android_ATCTargetPlatform (28)
[2015.07.28-06.11.06:675][368]LogModuleManager: Shutting down and abandoning module Android_ASTCTargetPlatform (27)
[2015.07.28-06.11.06:675][368]LogModuleManager: Shutting down and abandoning module AndroidTargetPlatform (26)
[2015.07.28-06.11.06:675][368]LogModuleManager: Shutting down and abandoning module WindowsTargetPlatform (25)
[2015.07.28-06.11.06:675][368]LogModuleManager: Shutting down and abandoning module WindowsServerTargetPlatform (24)
[2015.07.28-06.11.06:675][368]LogModuleManager: Shutting down and abandoning module WindowsNoEditorTargetPlatform (23)
[2015.07.28-06.11.06:675][368]LogModuleManager: Shutting down and abandoning module WindowsClientTargetPlatform (22)
[2015.07.28-06.11.06:675][368]LogModuleManager: Shutting down and abandoning module DesktopTargetPlatform (21)
[2015.07.28-06.11.06:675][368]LogModuleManager: Shutting down and abandoning module TargetPlatform (20)
[2015.07.28-06.11.06:675][368]LogModuleManager: Shutting down and abandoning module InputCore (19)
[2015.07.28-06.11.06:675][368]LogModuleManager: Shutting down and abandoning module Settings (18)
[2015.07.28-06.11.06:675][368]LogModuleManager: Shutting down and abandoning module OnlineSubsystem (16)
[2015.07.28-06.11.06:675][368]LogModuleManager: Shutting down and abandoning module HTTP (15)
[2015.07.28-06.11.06:676][368]LogModuleManager: Shutting down and abandoning module ExampleDeviceProfileSelector (14)
[2015.07.28-06.11.06:676][368]LogModuleManager: Shutting down and abandoning module TextureCompressor (13)
[2015.07.28-06.11.06:676][368]LogModuleManager: Shutting down and abandoning module ShaderCore (12)
[2015.07.28-06.11.06:676][368]LogModuleManager: Shutting down and abandoning module Landscape (11)
[2015.07.28-06.11.06:676][368]LogModuleManager: Shutting down and abandoning module SlateRHIRenderer (10)
[2015.07.28-06.11.06:680][368]LogModuleManager: Shutting down and abandoning module OpenGLDrv (9)
[2015.07.28-06.11.06:680][368]LogModuleManager: Shutting down and abandoning module D3D11RHI (8)
[2015.07.28-06.11.06:680][368]LogModuleManager: Shutting down and abandoning module Renderer (7)
[2015.07.28-06.11.06:680][368]LogModuleManager: Shutting down and abandoning module Engine (6)
[2015.07.28-06.11.06:680][368]LogModuleManager: Shutting down and abandoning module CoreUObject (5)
[2015.07.28-06.11.06:680][368]LogModuleManager: Shutting down and abandoning module NetworkFile (4)
[2015.07.28-06.11.06:681][368]LogModuleManager: Shutting down and abandoning module StreamingFile (3)
[2015.07.28-06.11.06:681][368]LogModuleManager: Shutting down and abandoning module SandboxFile (2)
[2015.07.28-06.11.06:681][368]LogModuleManager: Shutting down and abandoning module PakFile (1)
[2015.07.28-06.11.06:684][368]LogExit: Exiting.
[2015.07.28-06.11.06:729][368]Log file closed, 07/27/15 23:11:06
