[2015.08.04-10.49.52:203][  0]Log file open, 08/04/15 05:49:52
[2015.08.04-10.49.52:203][  0]LogInit:Display: Running engine for game: TheForsakens
[2015.08.04-10.49.52:203][  0]LogInit:Display: RandInit(-2031225238) SRandInit(-2031225238).
[2015.08.04-10.49.52:203][  0]LogTaskGraph: Started task graph with 4 named threads and 5 total threads.
[2015.08.04-10.49.52:203][  0]LogStats: Stats thread started
[2015.08.04-10.49.52:203][  0]LogInit: Version: 4.8.3-2634408+++depot+UE4-Releases+4.8
[2015.08.04-10.49.52:203][  0]LogInit: API Version: 2579680
[2015.08.04-10.49.52:203][  0]LogInit: Compiled (64-bit): Jul 27 2015 16:24:33
[2015.08.04-10.49.52:203][  0]LogInit: Compiled with Visual C++: 18.00.21005.01
[2015.08.04-10.49.52:203][  0]LogInit: Build Configuration: Development
[2015.08.04-10.49.52:203][  0]LogInit: Branch Name: ++depot+UE4-Releases+4.8
[2015.08.04-10.49.52:203][  0]LogInit: Command line:  
[2015.08.04-10.49.52:203][  0]LogInit: Base directory: C:/Program Files/Epic Games/4.8/Engine/Binaries/Win64/
[2015.08.04-10.49.52:203][  0]LogInit: Rocket: 1
[2015.08.04-10.49.52:269][  0]LogInit: Using libcurl 7.41.0
[2015.08.04-10.49.52:269][  0]LogInit:  - built for x86_64-pc-win32
[2015.08.04-10.49.52:269][  0]LogInit:  - supports SSL with WinSSL
[2015.08.04-10.49.52:269][  0]LogInit:  - other features:
[2015.08.04-10.49.52:269][  0]LogInit:      CURL_VERSION_SSL
[2015.08.04-10.49.52:269][  0]LogInit:      CURL_VERSION_IPV6
[2015.08.04-10.49.52:269][  0]LogInit:      CURL_VERSION_ASYNCHDNS
[2015.08.04-10.49.52:269][  0]LogInit:      CURL_VERSION_LARGEFILE
[2015.08.04-10.49.52:269][  0]LogInit:      CURL_VERSION_IDN
[2015.08.04-10.49.52:269][  0]LogInit:  CurlRequestOptions (configurable via config and command line):
[2015.08.04-10.49.52:269][  0]LogInit:  - bVerifyPeer = true  - Libcurl will verify peer certificate
[2015.08.04-10.49.52:269][  0]LogInit:  - bUseHttpProxy = false  - Libcurl will NOT use HTTP proxy
[2015.08.04-10.49.52:269][  0]LogInit:  - bDontReuseConnections = false  - Libcurl will reuse connections
[2015.08.04-10.49.52:269][  0]LogInit:  - CertBundlePath = nullptr  - Libcurl will use whatever was configured at build time.
[2015.08.04-10.49.52:288][  0]LogOnline:Warning: No default platform service specified for OnlineSubsystem
[2015.08.04-10.49.52:309][  0]LogInit: Presizing for 0 objects not considered by GC, pre-allocating 0 bytes.
[2015.08.04-10.49.52:322][  0]LogInit: Object subsystem initialized
[2015.08.04-10.49.52:324][  0]LogConsoleResponse:Warning: Skipping Unknown console variable: 'TranslucentSortAxis = (X=0.000000,Y=-1.000000,Z=0.000000)'
[2015.08.04-10.49.52:324][  0]LogConsoleResponse:Warning:   Found in ini file 'C:/Users/Christian/Desktop/The-Forsaken/Saved/Config/Windows/Engine.ini', in section '[/Script/Engine.RendererSettings]'
[2015.08.04-10.49.52:324][  0]LogConsoleResponse:Warning: Skipping Unknown console variable: 'UIScaleRule = ShortestSide'
[2015.08.04-10.49.52:324][  0]LogConsoleResponse:Warning:   Found in ini file 'C:/Users/Christian/Desktop/The-Forsaken/Saved/Config/Windows/Engine.ini', in section '[/Script/Engine.RendererSettings]'
[2015.08.04-10.49.52:324][  0]LogConsoleResponse:Warning: Skipping Unknown console variable: 'UIScaleCurve = (EditorCurveData=(Keys=),ExternalCurve=None)'
[2015.08.04-10.49.52:324][  0]LogConsoleResponse:Warning:   Found in ini file 'C:/Users/Christian/Desktop/The-Forsaken/Saved/Config/Windows/Engine.ini', in section '[/Script/Engine.RendererSettings]'
[2015.08.04-10.49.52:325][  0]LogInit: Selected Device Profile: [Windows]
[2015.08.04-10.49.52:325][  0]LogInit: Applying CVar settings loaded from the selected device profile: [Windows]
[2015.08.04-10.49.52:355][  0]LogInit: Computer: CHRISTIANGAMING
[2015.08.04-10.49.52:355][  0]LogInit: User: Christian
[2015.08.04-10.49.52:355][  0]LogInit: CPU Page size=4096, Cores=2
[2015.08.04-10.49.52:355][  0]LogInit: High frequency timer resolution =2.143569 MHz
[2015.08.04-10.49.52:355][  0]LogMemory: Memory total: Physical=3.9GB (4GB approx)
[2015.08.04-10.49.52:355][  0]LogMemory: Platform Memory Stats for Windows
[2015.08.04-10.49.52:355][  0]LogMemory: Process Physical Memory: 52.43 MB used, 52.43 MB peak
[2015.08.04-10.49.52:355][  0]LogMemory: Process Virtual Memory: 25.02 MB used, 25.02 MB peak
[2015.08.04-10.49.52:355][  0]LogMemory: Physical Memory: 2464.48 MB used, 3983.27 MB total
[2015.08.04-10.49.52:355][  0]LogMemory: Virtual Memory: 293.65 MB used, 8388608.00 MB total
[2015.08.04-10.49.52:499][  0]LogTextLocalizationManager: The requested culture ('en_US') has no localization data; parent culture's ('en') localization data will be used.
[2015.08.04-10.49.52:873][  0]LogTextLocalizationManager:Warning: Loaded localization resources contain conflicting entries for (Namespace:ContentBrowser, Key:ImportAssetToolTip):
Localization Resource: (C:/Program Files/Epic Games/4.8/Engine/Content/Localization/Editor/en/Editor.locres) Source String Hash: (-630476809) Localized String: (Import to {0}...)
Localization Resource: (C:/Program Files/Epic Games/4.8/Engine/Content/Localization/Editor/en/Editor.locres) Source String Hash: (1271782899) Localized String: (Imports an asset from file to this folder.)
[2015.08.04-10.49.53:665][  0]LogD3D11RHI: Found D3D11 adapter 0: Intel(R) HD Graphics 3000 (Feature Level 10_0)
[2015.08.04-10.49.53:665][  0]LogD3D11RHI: Adapter has 32MB of dedicated video memory, 0MB of dedicated system memory, and 1632MB of shared system memory, 1 output[s]
[2015.08.04-10.49.53:672][  0]LogD3D11RHI: Found D3D11 adapter 1: Microsoft Basic Render Driver (Feature Level 11_0)
[2015.08.04-10.49.53:672][  0]LogD3D11RHI: Adapter has 0MB of dedicated video memory, 0MB of dedicated system memory, and 256MB of shared system memory, 0 output[s]
[2015.08.04-10.49.53:672][  0]LogD3D11RHI: Chosen D3D11 Adapter Id = 0
[2015.08.04-10.49.53:691][  0]LogD3D11RHI: InitD3DDevice
[2015.08.04-10.49.53:691][  0]LogD3D11RHI: !Direct3DDevice
[2015.08.04-10.49.53:691][  0]LogRHI: Texture pool is 593 MB (70% of 848 MB)
[2015.08.04-10.49.53:694][  0]LogD3D11RHI: Async texture creation enabled
[2015.08.04-10.49.53:723][  0]LogShaderCompilers:Display: Using Local Shader Compiler.
[2015.08.04-10.49.55:617][  0]LogTemp:Display: Loaded TP DesktopTargetPlatform
[2015.08.04-10.49.55:644][  0]LogTemp:Display: Loaded TP WindowsClientTargetPlatform
[2015.08.04-10.49.55:669][  0]LogTemp:Display: Loaded TP WindowsNoEditorTargetPlatform
[2015.08.04-10.49.55:694][  0]LogTemp:Display: Loaded TP WindowsServerTargetPlatform
[2015.08.04-10.49.55:719][  0]LogTemp:Display: Loaded TP WindowsTargetPlatform
[2015.08.04-10.49.55:742][  0]LogTemp:Display: Loaded TP AndroidTargetPlatform
[2015.08.04-10.49.55:766][  0]LogTemp:Display: Loaded TP Android_ASTCTargetPlatform
[2015.08.04-10.49.55:794][  0]LogTemp:Display: Loaded TP Android_ATCTargetPlatform
[2015.08.04-10.49.55:816][  0]LogTemp:Display: Loaded TP Android_DXTTargetPlatform
[2015.08.04-10.49.55:841][  0]LogTemp:Display: Loaded TP Android_ETC1TargetPlatform
[2015.08.04-10.49.55:865][  0]LogTemp:Display: Loaded TP Android_ETC2TargetPlatform
[2015.08.04-10.49.55:886][  0]LogTemp:Display: Loaded TP Android_PVRTCTargetPlatform
[2015.08.04-10.49.55:959][  0]LogTemp:Display: Loaded TP IOSTargetPlatform
[2015.08.04-10.49.55:986][  0]LogTemp:Display: Loaded TP LinuxNoEditorTargetPlatform
[2015.08.04-10.49.56:015][  0]LogTemp:Display: Loaded TP LinuxServerTargetPlatform
[2015.08.04-10.49.56:041][  0]LogTemp:Display: Loaded TP LinuxTargetPlatform
[2015.08.04-10.49.56:041][  0]LogTargetPlatformManager:Display: Building Assets For Windows
[2015.08.04-10.49.56:441][  0]LogDerivedDataCache:Display: Max Cache Size: 512 MB
[2015.08.04-10.49.57:152][  0]LogDerivedDataCache: Loaded boot cache 0.71s 48MB C:/Users/Christian/AppData/Local/UnrealEngine/4.8/DerivedDataCache/Boot.ddc.
[2015.08.04-10.49.57:152][  0]LogDerivedDataCache:Display: Loaded Boot cache: C:/Users/Christian/AppData/Local/UnrealEngine/4.8/DerivedDataCache/Boot.ddc
[2015.08.04-10.49.57:152][  0]LogDerivedDataCache: FDerivedDataBackendGraph:  Pak pak cache file ../../../../../../Users/Christian/Desktop/The-Forsaken/DerivedDataCache/DDC.ddp not found, will not use a pak cache.
[2015.08.04-10.49.57:152][  0]LogDerivedDataCache: Unable to find inner node Pak for hierarchical cache Hierarchy.
[2015.08.04-10.49.57:152][  0]LogDerivedDataCache: FDerivedDataBackendGraph:  CompressedPak pak cache file ../../../../../../Users/Christian/Desktop/The-Forsaken/DerivedDataCache/Compressed.ddp not found, will not use a pak cache.
[2015.08.04-10.49.57:152][  0]LogDerivedDataCache: Unable to find inner node CompressedPak for hierarchical cache Hierarchy.
[2015.08.04-10.49.57:498][  0]LogDerivedDataCache:Display: Pak cache opened for reading ../../../Engine/DerivedDataCache/Compressed.ddp.
[2015.08.04-10.49.57:580][  0]LogDerivedDataCache: Using Local data cache path C:/Users/Christian/AppData/Local/UnrealEngine/Common/DerivedDataCache: Writable
[2015.08.04-10.49.59:778][  0]LogInit: Selected Device Profile: [Windows]
[2015.08.04-10.49.59:918][  0]ImportText (ComponentSweepMultiTests): Missing closing parenthesis: (RootShapeAsset="/Engine/BasicShapes/Cube.Cube",ShapeType="TriggerCapsule",HitResult=(Time=0.50,Location=(X=-100.000015,Y=0.0,Z=100.000015),ImpactPoint=(X=-50.0,Y=0.0,Z=50.0),Normal=(X=-1.0,Y=-0.0,Z=0.0),ImpactNormal=(X=0.0,Y=0.0,Z=1.0),TraceStart=(X=-200.0,Y=0.0,Z=200.0),TraceEnd=(X=0.0,Y=0.0,Z=0.0))
[2015.08.04-10.49.59:919][  0]ImportText (LineTraceSingleByChannelTests): Missing closing parenthesis: (RootShapeAsset="/Engine/BasicShapes/Cube.Cube",HitResult=(Time=0.50,Location=(X=-100.000015,Y=0.0,Z=100.000015),ImpactPoint=(X=-50.0,Y=0.0,Z=50.0),Normal=(X=-1.0,Y=-0.0,Z=0.0),ImpactNormal=(X=0.0,Y=0.0,Z=1.0),TraceStart=(X=-200.0,Y=0.0,Z=200.0),TraceEnd=(X=0.0,Y=0.0,Z=0.0))
[2015.08.04-10.49.59:960][  0]LogMeshUtilities: No automatic mesh reduction module available
[2015.08.04-10.49.59:960][  0]LogMeshUtilities: No automatic mesh merging module available
[2015.08.04-10.50.00:659][  0]LogInit: WinSock: version 1.1 (2.2), MaxSocks=32767, MaxUdp=65467
[2015.08.04-10.50.15:107][  0]UdpMessaging: Initializing bridge on interface 0.0.0.0:0 to multicast group 230.0.0.1:6666.
[2015.08.04-10.50.16:046][  0]SourceControl: Info Source control is disabled
[2015.08.04-10.50.16:112][  0]SourceControl: Info Source control is disabled
[2015.08.04-10.50.16:126][  0]SourceControl: Info Source control is disabled
[2015.08.04-10.50.16:141][  0]SourceControl: Info Source control is disabled
[2015.08.04-10.50.16:609][  0]LogObj: 26273 objects as part of root set at end of initial load.
[2015.08.04-10.50.16:609][  0]LogUObjectAllocator: 5409248 out of 0 bytes used by permanent object pool.
[2015.08.04-10.50.16:758][  0]LogEngine: Initializing Engine...
[2015.08.04-10.50.16:760][  0]LogHMD: Can't find Oculus library dev build: is proper Runtime installed? Version: 0.6.0.0
[2015.08.04-10.50.16:784][  0]LogHMD:Warning: SteamVR failed to initialize.  Error: 110
[2015.08.04-10.50.17:024][  0]LogAIModule: Creating AISystem for world NewWorld
[2015.08.04-10.50.17:029][  0]LogInit: XAudio2 using 'Speakers (Realtek High Definition Audio)' : 2 channels at 48 kHz using 32 bits per sample (channel mask 0x3)
[2015.08.04-10.50.17:051][  0]LogInit: FAudioDevice initialized.
[2015.08.04-10.50.17:090][  0]LogDerivedDataCache: Saved boot cache 0.04s 48MB C:/Users/Christian/AppData/Local/UnrealEngine/4.8/DerivedDataCache/Boot.ddc.
[2015.08.04-10.50.17:104][  0]LogInit: Texture streaming: Disabled
[2015.08.04-10.50.17:139][  0]LogAnalytics: Creating configured Analytics provider AnalyticsET
[2015.08.04-10.50.17:139][  0]LogAnalytics: [UEEditor.Rocket.Release] APIServer = http://et2.epicgames.com/ET2/. AppVersion = 4.8.3-2634408+++depot+UE4-Releases+4.8
[2015.08.04-10.50.17:139][  0]LogAnalytics: [UEEditor.Rocket.Release] SetUserId d520111f42444ed2ae17ceb4cce854a2|256081b0662a4905b440382e278adc23|3ae4f12a-3c0a-4aaf-bb63-a78589ca1625
[2015.08.04-10.50.17:139][  0]LogAnalytics: [UEEditor.Rocket.Release] AnalyticsET::StartSession
[2015.08.04-10.50.17:222][  0]LogInit: Transaction tracking system initialized
[2015.08.04-10.50.17:430][  0]BlueprintLog: New page: Editor Load
[2015.08.04-10.50.17:476][  0]LogAssetRegistry: FAssetRegistry took 0.0109 seconds to start up
[2015.08.04-10.50.17:477][  0]LogDirectoryWatcher:Warning: Failed to begin reading directory changes for ../../../Engine/Plugins/Experimental/CharacterAI/Content/. Error: 0
[2015.08.04-10.50.19:562][  0]LogConsoleManager:Warning: Console variable 'r.VSync' wasn't set ('GameSetting' has a lower priority than 'SystemSettingsIni')
[2015.08.04-10.50.19:563][  0]LogConsoleResponse:Display: 
[2015.08.04-10.50.20:754][  0]LogCook:Display: Done creating registry. It took  0.00s.
[2015.08.04-10.50.21:396][  0]SourceControl: Info Source control is disabled
[2015.08.04-10.50.21:396][  0]Cmd: MAP LOAD FILE="../../../Engine/Content/Maps/Templates/Template_Default.umap" TEMPLATE=1 SHOWPROGRESS=1 FEATURELEVEL=2
[2015.08.04-10.50.21:549][  0]LightingResults: New page: Lighting Build
[2015.08.04-10.50.21:570][  0]MapCheck: New page: Map Check
[2015.08.04-10.50.21:570][  0]LightingResults: New page: Lighting Build
[2015.08.04-10.50.21:598][  0]LogParticles: Destroying 0 GPU particle simulations for FXSystem 0x000000AEAED56200
[2015.08.04-10.50.23:185][  0]LogAIModule: Creating AISystem for world Untitled_1
[2015.08.04-10.50.23:195][  0]LogEditorServer: Finished looking for orphan Actors (0.000 secs)
[2015.08.04-10.50.23:252][  0]Cmd: MAP CHECKDEP NOCLEARLOG
[2015.08.04-10.50.23:300][  0]MapCheck: Info Map check complete: 0 Error(s), 0 Warning(s), took 48.315ms to complete.
[2015.08.04-10.50.23:300][  0]LogFileHelpers: Loading map 'Template_Default' took 1.905
[2015.08.04-10.50.23:826][  0]LogCollectionManager: Loaded 0 collections in 0.002907 seconds
[2015.08.04-10.50.23:837][  0]LogContentBrowser: Native class hierarchy populated in 0.0106 seconds. Added 1792 classes and 301 folders.
[2015.08.04-10.50.23:993][  0]LogContentBrowser: Native class hierarchy updated for 'WidgetCarousel' in 0.0005 seconds. Added 0 classes and 0 folders.
[2015.08.04-10.50.25:963][  0]LogContentBrowser: Native class hierarchy updated for 'AddContentDialog' in 0.0013 seconds. Added 0 classes and 0 folders.
[2015.08.04-10.50.26:005][  0]LogContentBrowser: Native class hierarchy updated for 'SceneOutliner' in 0.0005 seconds. Added 1 classes and 2 folders.
[2015.08.04-10.50.26:411][  0]LogCrashTracker: Crashtracker disabled due to settings.
[2015.08.04-10.50.26:412][  0]LogD3D11RHI: InitD3DDevice
[2015.08.04-10.50.26:415][  0]LogUObjectGlobals:Warning: Failed to find object 'Class None.'
[2015.08.04-10.50.26:438][  0]LogLoad: Full Startup: 37.34 seconds (BP compile: 0.32 seconds)
[2015.08.04-10.50.27:370][  0]LogContentStreaming: Texture pool size is 0.000000MB
[2015.08.04-10.50.27:597][  0]LogContentStreaming: Texture pool size now 700 MB
[2015.08.04-10.50.28:033][  0]LogRenderer: Reallocating scene render targets to support 736x360 (Frame:2).
[2015.08.04-10.50.28:762][  2]LogD3D11RHI: InitD3DDevice
[2015.08.04-10.50.40:850][ 38]LogAssetRegistry: Asset discovery search completed in 23.3849 seconds
[2015.08.04-10.51.02:544][114]LogD3D11RHI: InitD3DDevice
[2015.08.04-10.51.06:830][257]LogD3D11RHI: InitD3DDevice
[2015.08.04-10.51.40:206][257]LogAIModule: Creating AISystem for world MansionNew
[2015.08.04-10.51.40:871][257]Cmd: MAP LOAD FILE="../../../../../../Users/Christian/Desktop/The-Forsaken/Content/Maps/MansionNew.umap" TEMPLATE=0 SHOWPROGRESS=1 FEATURELEVEL=2
[2015.08.04-10.51.40:872][257]LightingResults: New page: Lighting Build
[2015.08.04-10.51.40:908][257]LoadErrors: New page: Loading map: MansionNew.umap
[2015.08.04-10.51.40:925][257]MapCheck: New page: Map Check
[2015.08.04-10.51.40:925][257]LightingResults: New page: Lighting Build
[2015.08.04-10.51.40:963][257]LogParticles: Destroying 0 GPU particle simulations for FXSystem 0x000000AEA073A2A0
[2015.08.04-10.51.44:484][257]LogAIModule: Creating AISystem for world MansionNew
[2015.08.04-10.51.45:082][257]LogEditorServer: Finished looking for orphan Actors (0.000 secs)
[2015.08.04-10.51.46:445][257]Cmd: MAP CHECKDEP NOCLEARLOG
[2015.08.04-10.51.46:598][257]MapCheck: Info Map check complete: 0 Error(s), 0 Warning(s), took 152.37ms to complete.
[2015.08.04-10.51.46:599][257]LogFileHelpers: Loading map 'MansionNew' took 5.745
[2015.08.04-10.52.33:344][434]LogD3D11RHI: InitD3DDevice
[2015.08.04-10.52.34:272][457]LogD3D11RHI: InitD3DDevice
[2015.08.04-10.52.36:054][524]LogD3D11RHI: InitD3DDevice
[2015.08.04-10.52.39:742][668]LogD3D11RHI: InitD3DDevice
[2015.08.04-10.52.40:957][723]LogD3D11RHI: InitD3DDevice
[2015.08.04-10.52.45:076][928]LogRenderer: Reallocating scene render targets to support 736x360 (Frame:222).
[2015.08.04-10.52.46:515][984]LogRenderer: Reallocating scene render targets to support 736x360 (Frame:223).
[2015.08.04-10.52.47:763][ 26]LogPlayLevel: PIE:  No blueprints needed recompiling
[2015.08.04-10.52.48:413][ 26]PIE: New page: PIE session: MansionNew (Aug 4, 2015, 12:52:47 AM)
[2015.08.04-10.52.48:418][ 26]LogPlayLevel: Creating play world package: /Game/Maps/UEDPIE_0_MansionNew
[2015.08.04-10.52.49:111][ 26]LogPlayLevel: PIE: StaticDuplicateObject took: (0.691891s)
[2015.08.04-10.52.49:112][ 26]LogAIModule: Creating AISystem for world MansionNew
[2015.08.04-10.52.49:113][ 26]LogPlayLevel: PIE: World Init took: (0.001906s)
[2015.08.04-10.52.49:122][ 26]LogPlayLevel: PIE: Created PIE world by copying editor world from /Game/Maps/MansionNew.MansionNew to /Game/Maps/UEDPIE_0_MansionNew.MansionNew (0.703454s)
[2015.08.04-10.52.49:133][ 26]LogActorComponent: UnregisterComponent: (/Engine/Transient.CharMoveComp) Not registered. Aborting.
[2015.08.04-10.52.49:267][ 26]LogInit: XAudio2 using 'Speakers (Realtek High Definition Audio)' : 2 channels at 48 kHz using 32 bits per sample (channel mask 0x3)
[2015.08.04-10.52.49:275][ 26]LogInit: FAudioDevice initialized.
[2015.08.04-10.52.49:373][ 26]LogD3D11RHI: InitD3DDevice
[2015.08.04-10.53.16:414][ 26]LogWorld: Game class is 'MyGame_C'
[2015.08.04-10.53.16:990][ 26]LogWorld: Bringing World /Game/Maps/UEDPIE_0_MansionNew.MansionNew up for play (max tick rate 60) at 2015.08.04-05.53.16
[2015.08.04-10.53.16:991][ 26]LogActor:Warning: GameSession /Game/Maps/UEDPIE_0_MansionNew.MansionNew:PersistentLevel.GameSession_0 has natively added scene component(s), but none of them were set as the actor's RootComponent - picking one arbitrarily
[2015.08.04-10.53.17:020][ 26]LogActor:Warning: GameNetworkManager /Game/Maps/UEDPIE_0_MansionNew.MansionNew:PersistentLevel.GameNetworkManager_0 has natively added scene component(s), but none of them were set as the actor's RootComponent - picking one arbitrarily
[2015.08.04-10.53.17:344][ 26]LogWorld: Bringing up level for play took: 0.633626
[2015.08.04-10.53.18:142][ 26]PIE: Info Play in editor start time for /Game/Maps/UEDPIE_0_MansionNew 30.094
[2015.08.04-10.53.18:730][ 26]LogRenderer: Reallocating scene render targets to support 1296x728 (Frame:225).
[2015.08.04-10.53.28:886][ 47]LogArray:Warning: Attempted to get an item from array CallFunc_GetDataTableRowNames_OutRowNames out of bounds [5/4]!
[2015.08.04-10.53.28:886][ 47]LogArray:Warning: Attempted to get an item from array CallFunc_GetDataTableRowNames_OutRowNames out of bounds [6/4]!
[2015.08.04-10.53.50:725][128]LogArray:Warning: Attempted to get an item from array CallFunc_GetDataTableRowNames_OutRowNames out of bounds [5/4]!
[2015.08.04-10.53.50:725][128]LogArray:Warning: Attempted to get an item from array CallFunc_GetDataTableRowNames_OutRowNames out of bounds [6/4]!
[2015.08.04-10.55.17:261][539]LogParticles: Destroying 0 GPU particle simulations for FXSystem 0x000000AEA28F8220
[2015.08.04-10.55.21:060][588]LogD3D11RHI: InitD3DDevice
[2015.08.04-10.55.22:861][691]LogD3D11RHI: InitD3DDevice
[2015.08.04-10.55.23:568][732]LogD3D11RHI: InitD3DDevice
[2015.08.04-10.55.32:493][243]LogContentStreaming: Texture pool size now 400 MB
[2015.08.04-10.55.33:625][308]LogRenderer: Reallocating scene render targets to support 1296x728 (Frame:791).
[2015.08.04-10.55.36:140][453]LogContentStreaming: Texture pool size now 1000 MB
[2015.08.04-10.55.39:419][640]LogPlayLevel: PIE:  No blueprints needed recompiling
[2015.08.04-10.55.39:419][640]PIE: New page: PIE session: MansionNew (Aug 4, 2015, 12:55:39 AM)
[2015.08.04-10.55.39:420][640]LogPlayLevel: Creating play world package: /Game/Maps/UEDPIE_0_MansionNew
[2015.08.04-10.55.41:255][640]LogPlayLevel: PIE: StaticDuplicateObject took: (1.834872s)
[2015.08.04-10.55.41:257][640]LogAIModule: Creating AISystem for world MansionNew
[2015.08.04-10.55.41:261][640]LogPlayLevel: PIE: World Init took: (0.005830s)
[2015.08.04-10.55.41:262][640]LogPlayLevel: PIE: Created PIE world by copying editor world from /Game/Maps/MansionNew.MansionNew to /Game/Maps/UEDPIE_0_MansionNew.MansionNew (1.842024s)
[2015.08.04-10.55.41:400][640]LogInit: XAudio2 using 'Speakers (Realtek High Definition Audio)' : 2 channels at 48 kHz using 32 bits per sample (channel mask 0x3)
[2015.08.04-10.55.41:408][640]LogInit: FAudioDevice initialized.
[2015.08.04-10.55.41:410][640]LogD3D11RHI: InitD3DDevice
[2015.08.04-10.55.41:443][640]LogWorld: Game class is 'MyGame_C'
[2015.08.04-10.55.41:723][640]LogWorld: Bringing World /Game/Maps/UEDPIE_0_MansionNew.MansionNew up for play (max tick rate 60) at 2015.08.04-05.55.41
[2015.08.04-10.55.41:723][640]LogActor:Warning: GameSession /Game/Maps/UEDPIE_0_MansionNew.MansionNew:PersistentLevel.GameSession_1 has natively added scene component(s), but none of them were set as the actor's RootComponent - picking one arbitrarily
[2015.08.04-10.55.41:724][640]LogActor:Warning: GameNetworkManager /Game/Maps/UEDPIE_0_MansionNew.MansionNew:PersistentLevel.GameNetworkManager_1 has natively added scene component(s), but none of them were set as the actor's RootComponent - picking one arbitrarily
[2015.08.04-10.55.41:731][640]LogWorld: Bringing up level for play took: 0.286634
[2015.08.04-10.55.41:794][640]PIE: Info Play in editor start time for /Game/Maps/UEDPIE_0_MansionNew 1.745
[2015.08.04-10.55.46:264][664]LogArray:Warning: Attempted to get an item from array CallFunc_GetDataTableRowNames_OutRowNames out of bounds [5/4]!
[2015.08.04-10.55.46:264][664]LogArray:Warning: Attempted to get an item from array CallFunc_GetDataTableRowNames_OutRowNames out of bounds [6/4]!
[2015.08.04-10.55.46:934][668]LogArray:Warning: Attempted to get an item from array CallFunc_GetDataTableRowNames_OutRowNames out of bounds [5/4]!
[2015.08.04-10.55.46:934][668]LogArray:Warning: Attempted to get an item from array CallFunc_GetDataTableRowNames_OutRowNames out of bounds [6/4]!
[2015.08.04-10.55.47:865][672]LogArray:Warning: Attempted to get an item from array CallFunc_GetDataTableRowNames_OutRowNames out of bounds [5/4]!
[2015.08.04-10.55.47:865][672]LogArray:Warning: Attempted to get an item from array CallFunc_GetDataTableRowNames_OutRowNames out of bounds [6/4]!
[2015.08.04-10.57.05:176][171]LogParticles: Destroying 0 GPU particle simulations for FXSystem 0x000000AEB4EAA340
[2015.08.04-10.57.06:534][198]LogD3D11RHI: InitD3DDevice
[2015.08.04-10.57.07:862][272]LogD3D11RHI: InitD3DDevice
[2015.08.04-10.57.08:887][332]LogD3D11RHI: InitD3DDevice
[2015.08.04-10.57.10:693][439]LogD3D11RHI: InitD3DDevice
[2015.08.04-10.57.12:118][523]LogD3D11RHI: InitD3DDevice
[2015.08.04-10.57.15:131][703]LogRenderer: Reallocating scene render targets to support 1296x728 (Frame:1354).
[2015.08.04-10.57.17:005][809]LogPlayLevel: PIE:  No blueprints needed recompiling
[2015.08.04-10.57.17:006][809]PIE: New page: PIE session: MansionNew (Aug 4, 2015, 12:57:17 AM)
[2015.08.04-10.57.17:006][809]LogPlayLevel: Creating play world package: /Game/Maps/UEDPIE_0_MansionNew
[2015.08.04-10.57.17:531][809]LogPlayLevel: PIE: StaticDuplicateObject took: (0.525141s)
[2015.08.04-10.57.17:533][809]LogAIModule: Creating AISystem for world MansionNew
[2015.08.04-10.57.17:534][809]LogPlayLevel: PIE: World Init took: (0.002666s)
[2015.08.04-10.57.17:534][809]LogPlayLevel: PIE: Created PIE world by copying editor world from /Game/Maps/MansionNew.MansionNew to /Game/Maps/UEDPIE_0_MansionNew.MansionNew (0.528423s)
[2015.08.04-10.57.17:611][809]LogInit: XAudio2 using 'Speakers (Realtek High Definition Audio)' : 2 channels at 48 kHz using 32 bits per sample (channel mask 0x3)
[2015.08.04-10.57.17:619][809]LogInit: FAudioDevice initialized.
[2015.08.04-10.57.17:622][809]LogD3D11RHI: InitD3DDevice
[2015.08.04-10.57.17:661][809]LogWorld: Game class is 'MyGame_C'
[2015.08.04-10.57.17:957][809]LogWorld: Bringing World /Game/Maps/UEDPIE_0_MansionNew.MansionNew up for play (max tick rate 60) at 2015.08.04-05.57.17
[2015.08.04-10.57.17:958][809]LogActor:Warning: GameSession /Game/Maps/UEDPIE_0_MansionNew.MansionNew:PersistentLevel.GameSession_2 has natively added scene component(s), but none of them were set as the actor's RootComponent - picking one arbitrarily
[2015.08.04-10.57.17:958][809]LogActor:Warning: GameNetworkManager /Game/Maps/UEDPIE_0_MansionNew.MansionNew:PersistentLevel.GameNetworkManager_2 has natively added scene component(s), but none of them were set as the actor's RootComponent - picking one arbitrarily
[2015.08.04-10.57.17:966][809]LogWorld: Bringing up level for play took: 0.302969
[2015.08.04-10.57.18:005][809]PIE: Info Play in editor start time for /Game/Maps/UEDPIE_0_MansionNew 1.956
[2015.08.04-10.57.56:757][167]LogParticles: Destroying 0 GPU particle simulations for FXSystem 0x000000AEB4FDC400
[2015.08.04-11.01.01:846][754]LogPlayLevel: PIE:  No blueprints needed recompiling
[2015.08.04-11.01.01:846][754]PIE: New page: PIE session: MansionNew (Aug 4, 2015, 1:01:01 AM)
[2015.08.04-11.01.01:848][754]LogPlayLevel: Creating play world package: /Game/Maps/UEDPIE_0_MansionNew
[2015.08.04-11.01.02:651][754]LogPlayLevel: PIE: StaticDuplicateObject took: (0.802137s)
[2015.08.04-11.01.02:654][754]LogAIModule: Creating AISystem for world MansionNew
[2015.08.04-11.01.02:658][754]LogPlayLevel: PIE: World Init took: (0.007441s)
[2015.08.04-11.01.02:660][754]LogPlayLevel: PIE: Created PIE world by copying editor world from /Game/Maps/MansionNew.MansionNew to /Game/Maps/UEDPIE_0_MansionNew.MansionNew (0.811772s)
[2015.08.04-11.01.02:791][754]LogInit: XAudio2 using 'Speakers (Realtek High Definition Audio)' : 2 channels at 48 kHz using 32 bits per sample (channel mask 0x3)
[2015.08.04-11.01.02:851][754]LogInit: FAudioDevice initialized.
[2015.08.04-11.01.02:859][754]LogD3D11RHI: InitD3DDevice
[2015.08.04-11.01.02:901][754]LogWorld: Game class is 'MyGame_C'
[2015.08.04-11.01.03:345][754]LogWorld: Bringing World /Game/Maps/UEDPIE_0_MansionNew.MansionNew up for play (max tick rate 60) at 2015.08.04-06.01.03
[2015.08.04-11.01.03:345][754]LogActor:Warning: GameSession /Game/Maps/UEDPIE_0_MansionNew.MansionNew:PersistentLevel.GameSession_3 has natively added scene component(s), but none of them were set as the actor's RootComponent - picking one arbitrarily
[2015.08.04-11.01.03:346][754]LogActor:Warning: GameNetworkManager /Game/Maps/UEDPIE_0_MansionNew.MansionNew:PersistentLevel.GameNetworkManager_3 has natively added scene component(s), but none of them were set as the actor's RootComponent - picking one arbitrarily
[2015.08.04-11.01.03:359][754]LogWorld: Bringing up level for play took: 0.454539
[2015.08.04-11.01.03:403][754]PIE: Info Play in editor start time for /Game/Maps/UEDPIE_0_MansionNew 1.355
[2015.08.04-11.03.29:027][ 52]LogArray:Warning: Attempted to get an item from array CallFunc_GetDataTableRowNames_OutRowNames out of bounds [5/4]!
[2015.08.04-11.03.29:027][ 52]LogArray:Warning: Attempted to get an item from array CallFunc_GetDataTableRowNames_OutRowNames out of bounds [6/4]!
[2015.08.04-11.03.36:673][122]LogArray:Warning: Attempted to get an item from array CallFunc_GetDataTableRowNames_OutRowNames out of bounds [5/4]!
[2015.08.04-11.03.36:673][122]LogArray:Warning: Attempted to get an item from array CallFunc_GetDataTableRowNames_OutRowNames out of bounds [6/4]!
[2015.08.04-11.03.37:601][130]LogArray:Warning: Attempted to get an item from array CallFunc_GetDataTableRowNames_OutRowNames out of bounds [5/4]!
[2015.08.04-11.03.37:602][130]LogArray:Warning: Attempted to get an item from array CallFunc_GetDataTableRowNames_OutRowNames out of bounds [6/4]!
[2015.08.04-11.03.38:292][136]LogArray:Warning: Attempted to get an item from array CallFunc_GetDataTableRowNames_OutRowNames out of bounds [5/4]!
[2015.08.04-11.03.38:292][136]LogArray:Warning: Attempted to get an item from array CallFunc_GetDataTableRowNames_OutRowNames out of bounds [6/4]!
[2015.08.04-11.03.40:839][160]LogArray:Warning: Attempted to get an item from array CallFunc_GetDataTableRowNames_OutRowNames out of bounds [5/4]!
[2015.08.04-11.03.40:840][160]LogArray:Warning: Attempted to get an item from array CallFunc_GetDataTableRowNames_OutRowNames out of bounds [6/4]!
[2015.08.04-11.03.41:672][168]LogArray:Warning: Attempted to get an item from array CallFunc_GetDataTableRowNames_OutRowNames out of bounds [5/4]!
[2015.08.04-11.03.41:673][168]LogArray:Warning: Attempted to get an item from array CallFunc_GetDataTableRowNames_OutRowNames out of bounds [6/4]!
[2015.08.04-11.03.44:777][196]LogArray:Warning: Attempted to get an item from array CallFunc_GetDataTableRowNames_OutRowNames out of bounds [5/4]!
[2015.08.04-11.03.44:777][196]LogArray:Warning: Attempted to get an item from array CallFunc_GetDataTableRowNames_OutRowNames out of bounds [6/4]!
[2015.08.04-11.04.01:106][354]LogParticles: Destroying 0 GPU particle simulations for FXSystem 0x000000AE8265E480
[2015.08.04-11.19.09:780][533]LogHttp:Warning: Timeout processing Http request. 000000AF000A0900
[2015.08.04-15.46.46:018][835]LogD3D11RHI: Timed out while waiting for GPU to catch up. (500 ms)
[2015.08.04-16.30.12:716][191]LogD3D11RHI: Timed out while waiting for GPU to catch up. (500 ms)
[2015.08.04-16.30.12:717][191]LogHttp:Warning: Timeout processing Http request. 000000AF000A0900
[2015.08.04-16.32.02:917][291]LogD3D11RHI: Timed out while waiting for GPU to catch up. (500 ms)
[2015.08.04-19.32.15:583][537]LogHttp:Warning: Timeout processing Http request. 000000AF000A0900
[2015.08.04-19.32.18:602][539]LogD3D11RHI: Timed out while waiting for GPU to catch up. (500 ms)
[2015.08.04-19.49.45:907][625]LogWindowsTextInputMethodSystem:Display: IME system now deactivated.
[2015.08.04-19.49.49:767][626]Cmd: QUIT_EDITOR
[2015.08.04-19.49.51:684][626]LogExit: Preparing to exit.
[2015.08.04-19.49.58:425][626]LogExit: Editor shut down
[2015.08.04-19.49.58:426][626]LogExit: Transaction tracking system shut down
[2015.08.04-19.49.58:598][626]LogParticles: Destroying 0 GPU particle simulations for FXSystem 0x000000AEB68577E0
[2015.08.04-19.49.58:697][626]LogParticles: Destroying 0 GPU particle simulations for FXSystem 0x000000AEB6BEE7A0
[2015.08.04-19.49.58:697][626]LogParticles: Destroying 0 GPU particle simulations for FXSystem 0x000000AEB4D1B100
[2015.08.04-19.49.58:699][626]LogParticles: Destroying 0 GPU particle simulations for FXSystem 0x000000AEB4D1A0C0
[2015.08.04-19.49.59:060][626]LogParticles: Destroying 0 GPU particle simulations for FXSystem 0x000000AEBC69D9E0
[2015.08.04-19.50.04:757][626]LogExit: Object subsystem successfully closed.
[2015.08.04-19.50.05:628][626]LogD3D11RHI: Shutdown
[2015.08.04-19.50.05:634][626]LogD3D11RHI: CleanupD3DDevice
[2015.08.04-19.50.07:743][626]LogD3D11RHI: ~FD3D11DynamicRHI
[2015.08.04-19.50.11:413][626]LogModuleManager: Shutting down and abandoning module CrashTracker (188)
[2015.08.04-19.50.11:430][626]LogModuleManager: Shutting down and abandoning module SceneOutliner (187)
[2015.08.04-19.50.11:430][626]LogModuleManager: Shutting down and abandoning module SuperSearch (186)
[2015.08.04-19.50.11:430][626]LogModuleManager: Shutting down and abandoning module WidgetCarousel (185)
[2015.08.04-19.50.11:449][626]LogModuleManager: Shutting down and abandoning module AddContentDialog (184)
[2015.08.04-19.50.11:513][626]LogModuleManager: Shutting down and abandoning module EditorWidgets (183)
[2015.08.04-19.50.11:513][626]LogModuleManager: Shutting down and abandoning module CollectionManager (182)
[2015.08.04-19.50.11:535][626]LogModuleManager: Shutting down and abandoning module StatsViewer (181)
[2015.08.04-19.50.11:557][626]LogModuleManager: Shutting down and abandoning module FoliageEdit (180)
[2015.08.04-19.50.11:561][626]LogModuleManager: Shutting down and abandoning module LandscapeEditor (179)
[2015.08.04-19.50.11:593][626]LogModuleManager: Shutting down and abandoning module ActorPickerMode (178)
[2015.08.04-19.50.11:593][626]LogModuleManager: Shutting down and abandoning module GeometryMode (177)
[2015.08.04-19.50.11:593][626]LogModuleManager: Shutting down and abandoning module TextureAlignMode (176)
[2015.08.04-19.50.11:593][626]LogModuleManager: Shutting down and abandoning module BspMode (175)
[2015.08.04-19.50.11:593][626]LogModuleManager: Shutting down and abandoning module PlacementMode (174)
[2015.08.04-19.50.11:601][626]LogModuleManager: Shutting down and abandoning module AutomationWorker (173)
[2015.08.04-19.50.11:615][626]LogModuleManager: Shutting down and abandoning module CharacterAI (172)
[2015.08.04-19.50.11:615][626]LogModuleManager: Shutting down and abandoning module SmartSnapping (171)
[2015.08.04-19.50.11:615][626]LogModuleManager: Shutting down and abandoning module ViewportSnapping (170)
[2015.08.04-19.50.11:628][626]LogModuleManager: Shutting down and abandoning module LogVisualizer (169)
[2015.08.04-19.50.11:697][626]LogModuleManager: Shutting down and abandoning module GameProjectGeneration (168)
[2015.08.04-19.50.11:725][626]LogModuleManager: Shutting down and abandoning module IntroTutorials (167)
[2015.08.04-19.50.11:786][626]LogModuleManager: Shutting down and abandoning module EditorLiveStreaming (166)
[2015.08.04-19.50.11:795][626]LogModuleManager: Shutting down and abandoning module IOSPlatformEditor (165)
[2015.08.04-19.50.11:840][626]LogModuleManager: Shutting down and abandoning module HTML5PlatformEditor (164)
[2015.08.04-19.50.11:840][626]LogModuleManager: Shutting down and abandoning module AndroidDeviceDetection (163)
[2015.08.04-19.50.12:686][626]LogModuleManager: Shutting down and abandoning module AndroidPlatformEditor (162)
[2015.08.04-19.50.12:686][626]LogModuleManager: Shutting down and abandoning module IOSRuntimeSettings (161)
[2015.08.04-19.50.12:686][626]LogModuleManager: Shutting down and abandoning module AndroidRuntimeSettings (160)
[2015.08.04-19.50.12:686][626]LogModuleManager: Shutting down and abandoning module MergeActors (159)
[2015.08.04-19.50.12:705][626]LogModuleManager: Shutting down and abandoning module SizeMap (158)
[2015.08.04-19.50.12:718][626]LogModuleManager: Shutting down and abandoning module TreeMap (157)
[2015.08.04-19.50.12:732][626]LogModuleManager: Shutting down and abandoning module ReferenceViewer (156)
[2015.08.04-19.50.12:741][626]LogModuleManager: Shutting down and abandoning module LocalizationDashboard (155)
[2015.08.04-19.50.12:775][626]LogModuleManager: Shutting down and abandoning module HardwareTargeting (154)
[2015.08.04-19.50.12:775][626]LogModuleManager: Shutting down and abandoning module DeviceProfileEditor (153)
[2015.08.04-19.50.12:786][626]LogModuleManager: Shutting down and abandoning module UndoHistory (152)
[2015.08.04-19.50.12:800][626]LogModuleManager: Shutting down and abandoning module GameplayTagsEditor (151)
[2015.08.04-19.50.12:820][626]LogModuleManager: Shutting down and abandoning module UserFeedback (150)
[2015.08.04-19.50.12:820][626]LogModuleManager: Shutting down and abandoning module XmlParser (149)
[2015.08.04-19.50.12:836][626]LogModuleManager: Shutting down and abandoning module Blutility (148)
[2015.08.04-19.50.12:836][626]LogModuleManager: Shutting down and abandoning module ProjectTargetPlatformEditor (147)
[2015.08.04-19.50.12:852][626]LogModuleManager: Shutting down and abandoning module ProjectSettingsViewer (146)
[2015.08.04-19.50.12:874][626]LogModuleManager: Shutting down and abandoning module InputBindingEditor (145)
[2015.08.04-19.50.12:892][626]LogModuleManager: Shutting down and abandoning module EditorSettingsViewer (144)
[2015.08.04-19.50.12:892][626]LogModuleManager: Shutting down and abandoning module SettingsEditor (143)
[2015.08.04-19.50.12:912][626]LogModuleManager: Shutting down and abandoning module ProjectLauncher (142)
[2015.08.04-19.50.12:943][626]LogModuleManager: Shutting down and abandoning module SessionFrontend (141)
[2015.08.04-19.50.12:959][626]LogModuleManager: Shutting down and abandoning module ProfilerClient (140)
[2015.08.04-19.50.12:970][626]LogModuleManager: Shutting down and abandoning module TargetDeviceServices (139)
[2015.08.04-19.50.12:988][626]LogModuleManager: Shutting down and abandoning module DeviceManager (138)
[2015.08.04-19.50.13:014][626]LogModuleManager: Shutting down and abandoning module AutomationController (137)
[2015.08.04-19.50.13:022][626]LogModuleManager: Shutting down and abandoning module AutomationWindow (136)
[2015.08.04-19.50.13:034][626]LogModuleManager: Shutting down and abandoning module Layers (135)
[2015.08.04-19.50.13:054][626]LogModuleManager: Shutting down and abandoning module ComponentVisualizers (134)
[2015.08.04-19.50.13:057][626]LogModuleManager: Shutting down and abandoning module DetailCustomizations (133)
[2015.08.04-19.50.13:057][626]LogModuleManager: Shutting down and abandoning module PackagesDialog (132)
[2015.08.04-19.50.13:057][626]LogModuleManager: Shutting down and abandoning module AssetRegistry (131)
[2015.08.04-19.50.13:575][626]LogModuleManager: Shutting down and abandoning module Persona (130)
[2015.08.04-19.50.13:614][626]LogModuleManager: Shutting down and abandoning module Kismet (129)
[2015.08.04-19.50.13:668][626]LogModuleManager: Shutting down and abandoning module GraphEditor (128)
[2015.08.04-19.50.13:708][626]LogModuleManager: Shutting down and abandoning module ClassViewer (127)
[2015.08.04-19.50.13:717][626]LogModuleManager: Shutting down and abandoning module Toolbox (126)
[2015.08.04-19.50.13:717][626]LogModuleManager: Shutting down and abandoning module ModuleUI (125)
[2015.08.04-19.50.13:724][626]LogModuleManager: Shutting down and abandoning module MovieSceneTools (124)
[2015.08.04-19.50.13:797][626]LogModuleManager: Shutting down and abandoning module OutputLog (123)
[2015.08.04-19.50.13:797][626]LogModuleManager: Shutting down and abandoning module GammaUI (122)
[2015.08.04-19.50.13:809][626]LogModuleManager: Shutting down and abandoning module Documentation (121)
[2015.08.04-19.50.13:819][626]LogModuleManager: Shutting down and abandoning module GameLiveStreaming (120)
[2015.08.04-19.50.13:844][626]LogModuleManager: Shutting down and abandoning module StreamingPauseRendering (119)
[2015.08.04-19.50.13:844][626]LogModuleManager: Shutting down and abandoning module AnalyticsET (118)
[2015.08.04-19.50.13:844][626]LogModuleManager: Shutting down and abandoning module Analytics (117)
[2015.08.04-19.50.13:844][626]LogModuleManager: Shutting down and abandoning module AITestSuite (116)
[2015.08.04-19.50.13:853][626]LogModuleManager: Shutting down and abandoning module GameplayDebugger (115)
[2015.08.04-19.50.13:853][626]LogModuleManager: Shutting down and abandoning module AIModule (114)
[2015.08.04-19.50.13:853][626]LogModuleManager: Shutting down and abandoning module ProfilerService (113)
[2015.08.04-19.50.14:071][626]LogModuleManager: Shutting down and abandoning module TaskGraph (112)
[2015.08.04-19.50.14:086][626]LogModuleManager: Shutting down and abandoning module SlateRemote (111)
[2015.08.04-19.50.14:091][626]LogModuleManager: Shutting down and abandoning module SteamVRController (110)
[2015.08.04-19.50.14:091][626]LogModuleManager: Shutting down and abandoning module SteamVR (109)
[2015.08.04-19.50.14:091][626]LogModuleManager: Shutting down and abandoning module ProceduralMeshComponent (108)
[2015.08.04-19.50.14:091][626]LogModuleManager: Shutting down and abandoning module OculusRift (107)
[2015.08.04-19.50.14:091][626]LogModuleManager: Shutting down and abandoning module LeapMotionController (106)
[2015.08.04-19.50.14:471][626]LogModuleManager: Shutting down and abandoning module CustomMeshComponent (105)
[2015.08.04-19.50.14:471][626]LogModuleManager: Shutting down and abandoning module CableComponent (104)
[2015.08.04-19.50.14:471][626]LogModuleManager: Shutting down and abandoning module MessagingDebugger (103)
[2015.08.04-19.50.14:516][626]LogModuleManager: Shutting down and abandoning module MediaPlayerEditor (102)
[2015.08.04-19.50.14:539][626]LogModuleManager: Shutting down and abandoning module SpeedTreeImporter (101)
[2015.08.04-19.50.14:540][626]LogModuleManager: Shutting down and abandoning module PluginBrowser (100)
[2015.08.04-19.50.14:562][626]LogModuleManager: Shutting down and abandoning module EpicSurvey (99)
[2015.08.04-19.50.14:589][626]LogModuleManager: Shutting down and abandoning module DesktopPlatform (98)
[2015.08.04-19.50.14:597][626]LogModuleManager: Shutting down and abandoning module VisualStudioSourceCodeAccess (97)
[2015.08.04-19.50.14:605][626]LogModuleManager: Shutting down and abandoning module UObjectPlugin (96)
[2015.08.04-19.50.14:606][626]LogModuleManager: Shutting down and abandoning module SubversionSourceControl (95)
[2015.08.04-19.50.14:619][626]LogModuleManager: Shutting down and abandoning module PerforceSourceControl (94)
[2015.08.04-19.50.14:851][626]LogModuleManager: Shutting down and abandoning module SourceControl (93)
[2015.08.04-19.50.15:076][626]LogModuleManager: Shutting down and abandoning module GitSourceControl (92)
[2015.08.04-19.50.15:142][626]LogModuleManager: Shutting down and abandoning module BlankPlugin (91)
[2015.08.04-19.50.15:142][626]LogModuleManager: Shutting down and abandoning module PaperTiledImporter (90)
[2015.08.04-19.50.15:142][626]LogModuleManager: Shutting down and abandoning module PaperSpriteSheetImporter (89)
[2015.08.04-19.50.15:158][626]LogModuleManager: Shutting down and abandoning module MeshPaint (88)
[2015.08.04-19.50.15:173][626]LogModuleManager: Shutting down and abandoning module SlateReflector (87)
[2015.08.04-19.50.15:188][626]LogModuleManager: Shutting down and abandoning module DirectoryWatcher (86)
[2015.08.04-19.50.15:210][626]LogModuleManager: Shutting down and abandoning module HotReload (85)
[2015.08.04-19.50.15:228][626]LogModuleManager: Shutting down and abandoning module MainFrame (84)
[2015.08.04-19.50.15:235][626]LogModuleManager: Shutting down and abandoning module LevelEditor (83)
[2015.08.04-19.50.15:314][626]LogModuleManager: Shutting down and abandoning module ContentBrowser (82)
[2015.08.04-19.50.15:334][626]LogModuleManager: Shutting down and abandoning module Paper2DEditor (81)
[2015.08.04-19.50.15:375][626]LogModuleManager: Shutting down and abandoning module UdpMessaging (80)
[2015.08.04-19.50.15:486][626]LogModuleManager: Shutting down and abandoning module Paper2D (79)
[2015.08.04-19.50.15:502][626]LogModuleManager: Shutting down and abandoning module WindowsMoviePlayer (78)
[2015.08.04-19.50.15:521][626]LogModuleManager: Shutting down and abandoning module Media (77)
[2015.08.04-19.50.15:521][626]LogModuleManager: Shutting down and abandoning module WmfMedia (76)
[2015.08.04-19.50.15:549][626]LogModuleManager: Shutting down and abandoning module OnlineBlueprintSupport (75)
[2015.08.04-19.50.15:549][626]LogModuleManager: Shutting down and abandoning module PropertyEditor (74)
[2015.08.04-19.50.15:648][626]LogModuleManager: Shutting down and abandoning module BehaviorTreeEditor (73)
[2015.08.04-19.50.15:674][626]LogModuleManager: Shutting down and abandoning module FunctionalTesting (72)
[2015.08.04-19.50.15:684][626]LogModuleManager: Shutting down and abandoning module CollisionAnalyzer (71)
[2015.08.04-19.50.15:693][626]LogModuleManager: Shutting down and abandoning module WorkspaceMenuStructure (70)
[2015.08.04-19.50.15:748][626]LogModuleManager: Shutting down and abandoning module MessageLog (69)
[2015.08.04-19.50.15:748][626]LogModuleManager: Shutting down and abandoning module Sequencer (68)
[2015.08.04-19.50.15:771][626]LogModuleManager: Shutting down and abandoning module AssetTools (67)
[2015.08.04-19.50.15:820][626]LogModuleManager: Shutting down and abandoning module UMGEditor (66)
[2015.08.04-19.50.15:841][626]LogModuleManager: Shutting down and abandoning module UMG (65)
[2015.08.04-19.50.15:852][626]LogModuleManager: Shutting down and abandoning module Slate (64)
[2015.08.04-19.50.15:852][626]LogModuleManager: Shutting down and abandoning module EditorStyle (63)
[2015.08.04-19.50.15:960][626]LogModuleManager: Shutting down and abandoning module SessionServices (62)
[2015.08.04-19.50.15:960][626]LogModuleManager: Shutting down and abandoning module SourceCodeAccess (61)
[2015.08.04-19.50.15:973][626]LogModuleManager: Shutting down and abandoning module HeadMountedDisplay (60)
[2015.08.04-19.50.15:973][626]LogModuleManager: Shutting down and abandoning module XAudio2 (59)
[2015.08.04-19.50.15:973][626]LogModuleManager: Shutting down and abandoning module Networking (57)
[2015.08.04-19.50.15:973][626]LogModuleManager: Shutting down and abandoning module Core (56)
[2015.08.04-19.50.15:973][626]LogModuleManager: Shutting down and abandoning module KismetCompiler (55)
[2015.08.04-19.50.15:979][626]LogModuleManager: Shutting down and abandoning module PhysXFormats (54)
[2015.08.04-19.50.15:979][626]LogModuleManager: Shutting down and abandoning module MeshUtilities (53)
[2015.08.04-19.50.16:082][626]LogModuleManager: Shutting down and abandoning module DerivedDataCache (52)
[2015.08.04-19.50.16:106][626]LogDerivedDataCache: Shutdown
[2015.08.04-19.50.16:106][626]LogModuleManager: Shutting down and abandoning module ShaderFormatOpenGL (51)
[2015.08.04-19.50.16:118][626]LogModuleManager: Shutting down and abandoning module ShaderFormatD3D (50)
[2015.08.04-19.50.16:128][626]LogModuleManager: Shutting down and abandoning module MetalShaderFormat (49)
[2015.08.04-19.50.16:146][626]LogModuleManager: Shutting down and abandoning module TextureFormatUncompressed (48)
[2015.08.04-19.50.16:146][626]LogModuleManager: Shutting down and abandoning module TextureFormatPVR (47)
[2015.08.04-19.50.16:146][626]LogModuleManager: Shutting down and abandoning module TextureFormatIntelISPCTexComp (46)
[2015.08.04-19.50.16:146][626]LogModuleManager: Shutting down and abandoning module TextureFormatDXT (45)
[2015.08.04-19.50.16:175][626]LogModuleManager: Shutting down and abandoning module ImageWrapper (44)
[2015.08.04-19.50.16:175][626]LogModuleManager: Shutting down and abandoning module TextureFormatASTC (43)
[2015.08.04-19.50.16:192][626]LogModuleManager: Shutting down and abandoning module TextureFormatAndroid (42)
[2015.08.04-19.50.16:199][626]LogModuleManager: Shutting down and abandoning module AudioFormatOpus (41)
[2015.08.04-19.50.16:210][626]LogModuleManager: Shutting down and abandoning module AudioFormatOgg (40)
[2015.08.04-19.50.16:237][626]LogModuleManager: Shutting down and abandoning module AudioFormatADPCM (39)
[2015.08.04-19.50.16:246][626]LogModuleManager: Shutting down and abandoning module LinuxTargetPlatform (38)
[2015.08.04-19.50.16:246][626]LogModuleManager: Shutting down and abandoning module LinuxServerTargetPlatform (37)
[2015.08.04-19.50.16:246][626]LogModuleManager: Shutting down and abandoning module LinuxNoEditorTargetPlatform (36)
[2015.08.04-19.50.16:246][626]LogModuleManager: Shutting down and abandoning module Messaging (35)
[2015.08.04-19.50.16:246][626]LogModuleManager: Shutting down and abandoning module IOSTargetPlatform (34)
[2015.08.04-19.50.16:257][626]LogModuleManager: Shutting down and abandoning module HTML5TargetPlatform (33)
[2015.08.04-19.50.16:273][626]LogModuleManager: Shutting down and abandoning module Android_PVRTCTargetPlatform (32)
[2015.08.04-19.50.16:273][626]LogModuleManager: Shutting down and abandoning module Android_ETC2TargetPlatform (31)
[2015.08.04-19.50.16:273][626]LogModuleManager: Shutting down and abandoning module Android_ETC1TargetPlatform (30)
[2015.08.04-19.50.16:273][626]LogModuleManager: Shutting down and abandoning module Android_DXTTargetPlatform (29)
[2015.08.04-19.50.16:273][626]LogModuleManager: Shutting down and abandoning module Android_ATCTargetPlatform (28)
[2015.08.04-19.50.16:273][626]LogModuleManager: Shutting down and abandoning module Android_ASTCTargetPlatform (27)
[2015.08.04-19.50.16:273][626]LogModuleManager: Shutting down and abandoning module AndroidTargetPlatform (26)
[2015.08.04-19.50.16:273][626]LogModuleManager: Shutting down and abandoning module WindowsTargetPlatform (25)
[2015.08.04-19.50.16:304][626]LogModuleManager: Shutting down and abandoning module WindowsServerTargetPlatform (24)
[2015.08.04-19.50.16:304][626]LogModuleManager: Shutting down and abandoning module WindowsNoEditorTargetPlatform (23)
[2015.08.04-19.50.16:304][626]LogModuleManager: Shutting down and abandoning module WindowsClientTargetPlatform (22)
[2015.08.04-19.50.16:304][626]LogModuleManager: Shutting down and abandoning module DesktopTargetPlatform (21)
[2015.08.04-19.50.16:304][626]LogModuleManager: Shutting down and abandoning module TargetPlatform (20)
[2015.08.04-19.50.16:311][626]LogModuleManager: Shutting down and abandoning module InputCore (19)
[2015.08.04-19.50.16:311][626]LogModuleManager: Shutting down and abandoning module Settings (18)
[2015.08.04-19.50.16:311][626]LogModuleManager: Shutting down and abandoning module OnlineSubsystem (16)
[2015.08.04-19.50.16:311][626]LogModuleManager: Shutting down and abandoning module HTTP (15)
[2015.08.04-19.50.16:312][626]LogModuleManager: Shutting down and abandoning module ExampleDeviceProfileSelector (14)
[2015.08.04-19.50.16:312][626]LogModuleManager: Shutting down and abandoning module TextureCompressor (13)
[2015.08.04-19.50.16:324][626]LogModuleManager: Shutting down and abandoning module ShaderCore (12)
[2015.08.04-19.50.16:334][626]LogModuleManager: Shutting down and abandoning module Landscape (11)
[2015.08.04-19.50.16:342][626]LogModuleManager: Shutting down and abandoning module SlateRHIRenderer (10)
[2015.08.04-19.50.16:540][626]LogModuleManager: Shutting down and abandoning module OpenGLDrv (9)
[2015.08.04-19.50.16:560][626]LogModuleManager: Shutting down and abandoning module D3D11RHI (8)
[2015.08.04-19.50.16:560][626]LogModuleManager: Shutting down and abandoning module Renderer (7)
[2015.08.04-19.50.16:560][626]LogModuleManager: Shutting down and abandoning module Engine (6)
[2015.08.04-19.50.16:577][626]LogModuleManager: Shutting down and abandoning module CoreUObject (5)
[2015.08.04-19.50.16:578][626]LogModuleManager: Shutting down and abandoning module NetworkFile (4)
[2015.08.04-19.50.16:589][626]LogModuleManager: Shutting down and abandoning module StreamingFile (3)
[2015.08.04-19.50.16:601][626]LogModuleManager: Shutting down and abandoning module SandboxFile (2)
[2015.08.04-19.50.16:613][626]LogModuleManager: Shutting down and abandoning module PakFile (1)
[2015.08.04-19.50.16:747][626]LogExit: Exiting.
[2015.08.04-19.50.16:846][626]Log file closed, 08/04/15 14:50:16
