[2015.08.19-16.46.16:076][  0]Log file open, 08/19/15 11:46:16
[2015.08.19-16.46.16:076][  0]LogInit:Display: Running engine for game: TheForsakensJacket
[2015.08.19-16.46.16:076][  0]LogInit:Display: RandInit(886254414) SRandInit(886254415).
[2015.08.19-16.46.16:076][  0]LogTaskGraph: Started task graph with 4 named threads and 5 total threads.
[2015.08.19-16.46.16:076][  0]LogStats: Stats thread started
[2015.08.19-16.46.16:076][  0]LogInit: Version: 4.8.3-2634408+++depot+UE4-Releases+4.8
[2015.08.19-16.46.16:076][  0]LogInit: API Version: 2579680
[2015.08.19-16.46.16:076][  0]LogInit: Compiled (64-bit): Jul 27 2015 16:24:33
[2015.08.19-16.46.16:076][  0]LogInit: Compiled with Visual C++: 18.00.21005.01
[2015.08.19-16.46.16:076][  0]LogInit: Build Configuration: Development
[2015.08.19-16.46.16:076][  0]LogInit: Branch Name: ++depot+UE4-Releases+4.8
[2015.08.19-16.46.16:076][  0]LogInit: Command line:  
[2015.08.19-16.46.16:076][  0]LogInit: Base directory: C:/Program Files/Epic Games/4.8/Engine/Binaries/Win64/
[2015.08.19-16.46.16:076][  0]LogInit: Rocket: 1
[2015.08.19-16.46.16:810][  0]LogInit: Using libcurl 7.41.0
[2015.08.19-16.46.16:810][  0]LogInit:  - built for x86_64-pc-win32
[2015.08.19-16.46.16:810][  0]LogInit:  - supports SSL with WinSSL
[2015.08.19-16.46.16:810][  0]LogInit:  - other features:
[2015.08.19-16.46.16:810][  0]LogInit:      CURL_VERSION_SSL
[2015.08.19-16.46.16:810][  0]LogInit:      CURL_VERSION_IPV6
[2015.08.19-16.46.16:810][  0]LogInit:      CURL_VERSION_ASYNCHDNS
[2015.08.19-16.46.16:810][  0]LogInit:      CURL_VERSION_LARGEFILE
[2015.08.19-16.46.16:810][  0]LogInit:      CURL_VERSION_IDN
[2015.08.19-16.46.16:814][  0]LogInit:  CurlRequestOptions (configurable via config and command line):
[2015.08.19-16.46.16:825][  0]LogInit:  - bVerifyPeer = true  - Libcurl will verify peer certificate
[2015.08.19-16.46.16:825][  0]LogInit:  - bUseHttpProxy = false  - Libcurl will NOT use HTTP proxy
[2015.08.19-16.46.16:825][  0]LogInit:  - bDontReuseConnections = false  - Libcurl will reuse connections
[2015.08.19-16.46.16:825][  0]LogInit:  - CertBundlePath = nullptr  - Libcurl will use whatever was configured at build time.
[2015.08.19-16.46.16:877][  0]LogOnline:Warning: No default platform service specified for OnlineSubsystem
[2015.08.19-16.46.17:301][  0]LogInit: Presizing for 0 objects not considered by GC, pre-allocating 0 bytes.
[2015.08.19-16.46.17:350][  0]LogInit: Object subsystem initialized
[2015.08.19-16.46.17:372][  0]LogConsoleResponse:Warning: Skipping Unknown console variable: 'TranslucentSortAxis = (X=0.000000,Y=-1.000000,Z=0.000000)'
[2015.08.19-16.46.17:372][  0]LogConsoleResponse:Warning:   Found in ini file 'C:/Users/Christian/Desktop/TheForsakensJacket/Saved/Config/Windows/Engine.ini', in section '[/Script/Engine.RendererSettings]'
[2015.08.19-16.46.17:372][  0]LogConsoleResponse:Warning: Skipping Unknown console variable: 'UIScaleRule = ShortestSide'
[2015.08.19-16.46.17:372][  0]LogConsoleResponse:Warning:   Found in ini file 'C:/Users/Christian/Desktop/TheForsakensJacket/Saved/Config/Windows/Engine.ini', in section '[/Script/Engine.RendererSettings]'
[2015.08.19-16.46.17:372][  0]LogConsoleResponse:Warning: Skipping Unknown console variable: 'UIScaleCurve = (EditorCurveData=(Keys=),ExternalCurve=None)'
[2015.08.19-16.46.17:372][  0]LogConsoleResponse:Warning:   Found in ini file 'C:/Users/Christian/Desktop/TheForsakensJacket/Saved/Config/Windows/Engine.ini', in section '[/Script/Engine.RendererSettings]'
[2015.08.19-16.46.17:524][  0]LogInit: Selected Device Profile: [Windows]
[2015.08.19-16.46.17:524][  0]LogInit: Applying CVar settings loaded from the selected device profile: [Windows]
[2015.08.19-16.46.17:833][  0]LogInit: Computer: CHRISTIANGAMING
[2015.08.19-16.46.17:833][  0]LogInit: User: Christian
[2015.08.19-16.46.17:833][  0]LogInit: CPU Page size=4096, Cores=2
[2015.08.19-16.46.17:833][  0]LogInit: High frequency timer resolution =2.143570 MHz
[2015.08.19-16.46.17:846][  0]LogMemory: Memory total: Physical=3.9GB (4GB approx)
[2015.08.19-16.46.17:855][  0]LogMemory: Platform Memory Stats for Windows
[2015.08.19-16.46.17:855][  0]LogMemory: Process Physical Memory: 56.65 MB used, 57.39 MB peak
[2015.08.19-16.46.17:855][  0]LogMemory: Process Virtual Memory: 29.19 MB used, 32.02 MB peak
[2015.08.19-16.46.17:855][  0]LogMemory: Physical Memory: 1404.36 MB used, 3983.27 MB total
[2015.08.19-16.46.17:855][  0]LogMemory: Virtual Memory: 297.77 MB used, 8388608.00 MB total
[2015.08.19-16.46.19:031][  0]LogTextLocalizationManager: The requested culture ('en_US') has no localization data; parent culture's ('en') localization data will be used.
[2015.08.19-16.46.19:948][  0]LogTextLocalizationManager:Warning: Loaded localization resources contain conflicting entries for (Namespace:ContentBrowser, Key:ImportAssetToolTip):
Localization Resource: (C:/Program Files/Epic Games/4.8/Engine/Content/Localization/Editor/en/Editor.locres) Source String Hash: (-630476809) Localized String: (Import to {0}...)
Localization Resource: (C:/Program Files/Epic Games/4.8/Engine/Content/Localization/Editor/en/Editor.locres) Source String Hash: (1271782899) Localized String: (Imports an asset from file to this folder.)
[2015.08.19-16.46.21:523][  0]LogD3D11RHI: Found D3D11 adapter 0: Intel(R) HD Graphics 3000 (Feature Level 10_0)
[2015.08.19-16.46.21:523][  0]LogD3D11RHI: Adapter has 32MB of dedicated video memory, 0MB of dedicated system memory, and 1632MB of shared system memory, 1 output[s]
[2015.08.19-16.46.21:548][  0]LogD3D11RHI: Found D3D11 adapter 1: Microsoft Basic Render Driver (Feature Level 11_0)
[2015.08.19-16.46.21:548][  0]LogD3D11RHI: Adapter has 0MB of dedicated video memory, 0MB of dedicated system memory, and 256MB of shared system memory, 0 output[s]
[2015.08.19-16.46.21:548][  0]LogD3D11RHI: Chosen D3D11 Adapter Id = 0
[2015.08.19-16.46.21:614][  0]LogD3D11RHI: InitD3DDevice
[2015.08.19-16.46.21:614][  0]LogD3D11RHI: !Direct3DDevice
[2015.08.19-16.46.21:614][  0]LogRHI: Texture pool is 593 MB (70% of 848 MB)
[2015.08.19-16.46.21:618][  0]LogD3D11RHI: Async texture creation enabled
[2015.08.19-16.46.21:784][  0]LogShaderCompilers:Display: Using Local Shader Compiler.
[2015.08.19-16.46.49:570][  0]LogTemp:Display: Loaded TP DesktopTargetPlatform
[2015.08.19-16.46.49:660][  0]LogTemp:Display: Loaded TP WindowsClientTargetPlatform
[2015.08.19-16.46.49:762][  0]LogTemp:Display: Loaded TP WindowsNoEditorTargetPlatform
[2015.08.19-16.46.49:888][  0]LogTemp:Display: Loaded TP WindowsServerTargetPlatform
[2015.08.19-16.46.50:016][  0]LogTemp:Display: Loaded TP WindowsTargetPlatform
[2015.08.19-16.46.50:085][  0]LogTemp:Display: Loaded TP AndroidTargetPlatform
[2015.08.19-16.46.50:143][  0]LogTemp:Display: Loaded TP Android_ASTCTargetPlatform
[2015.08.19-16.46.50:205][  0]LogTemp:Display: Loaded TP Android_ATCTargetPlatform
[2015.08.19-16.46.50:296][  0]LogTemp:Display: Loaded TP Android_DXTTargetPlatform
[2015.08.19-16.46.50:366][  0]LogTemp:Display: Loaded TP Android_ETC1TargetPlatform
[2015.08.19-16.46.50:471][  0]LogTemp:Display: Loaded TP Android_ETC2TargetPlatform
[2015.08.19-16.46.50:500][  0]LogTemp:Display: Loaded TP Android_PVRTCTargetPlatform
[2015.08.19-16.46.50:644][  0]LogTemp:Display: Loaded TP IOSTargetPlatform
[2015.08.19-16.46.50:701][  0]LogTemp:Display: Loaded TP LinuxNoEditorTargetPlatform
[2015.08.19-16.46.50:727][  0]LogTemp:Display: Loaded TP LinuxServerTargetPlatform
[2015.08.19-16.46.50:804][  0]LogTemp:Display: Loaded TP LinuxTargetPlatform
[2015.08.19-16.46.50:804][  0]LogTargetPlatformManager:Display: Building Assets For Windows
[2015.08.19-16.46.52:256][  0]LogDerivedDataCache:Display: Max Cache Size: 512 MB
[2015.08.19-16.46.54:157][  0]LogDerivedDataCache: Loaded boot cache 1.90s 48MB C:/Users/Christian/AppData/Local/UnrealEngine/4.8/DerivedDataCache/Boot.ddc.
[2015.08.19-16.46.54:157][  0]LogDerivedDataCache:Display: Loaded Boot cache: C:/Users/Christian/AppData/Local/UnrealEngine/4.8/DerivedDataCache/Boot.ddc
[2015.08.19-16.46.54:158][  0]LogDerivedDataCache: FDerivedDataBackendGraph:  Pak pak cache file ../../../../../../Users/Christian/Desktop/TheForsakensJacket/DerivedDataCache/DDC.ddp not found, will not use a pak cache.
[2015.08.19-16.46.54:158][  0]LogDerivedDataCache: Unable to find inner node Pak for hierarchical cache Hierarchy.
[2015.08.19-16.46.54:158][  0]LogDerivedDataCache: FDerivedDataBackendGraph:  CompressedPak pak cache file ../../../../../../Users/Christian/Desktop/TheForsakensJacket/DerivedDataCache/Compressed.ddp not found, will not use a pak cache.
[2015.08.19-16.46.54:158][  0]LogDerivedDataCache: Unable to find inner node CompressedPak for hierarchical cache Hierarchy.
[2015.08.19-16.46.54:698][  0]LogDerivedDataCache:Display: Pak cache opened for reading ../../../Engine/DerivedDataCache/Compressed.ddp.
[2015.08.19-16.46.54:761][  0]LogDerivedDataCache: Using Local data cache path C:/Users/Christian/AppData/Local/UnrealEngine/Common/DerivedDataCache: Writable
[2015.08.19-16.47.09:436][  0]LogInit: Selected Device Profile: [Windows]
[2015.08.19-16.47.09:843][  0]ImportText (ComponentSweepMultiTests): Missing closing parenthesis: (RootShapeAsset="/Engine/BasicShapes/Cube.Cube",ShapeType="TriggerCapsule",HitResult=(Time=0.50,Location=(X=-100.000015,Y=0.0,Z=100.000015),ImpactPoint=(X=-50.0,Y=0.0,Z=50.0),Normal=(X=-1.0,Y=-0.0,Z=0.0),ImpactNormal=(X=0.0,Y=0.0,Z=1.0),TraceStart=(X=-200.0,Y=0.0,Z=200.0),TraceEnd=(X=0.0,Y=0.0,Z=0.0))
[2015.08.19-16.47.09:844][  0]ImportText (LineTraceSingleByChannelTests): Missing closing parenthesis: (RootShapeAsset="/Engine/BasicShapes/Cube.Cube",HitResult=(Time=0.50,Location=(X=-100.000015,Y=0.0,Z=100.000015),ImpactPoint=(X=-50.0,Y=0.0,Z=50.0),Normal=(X=-1.0,Y=-0.0,Z=0.0),ImpactNormal=(X=0.0,Y=0.0,Z=1.0),TraceStart=(X=-200.0,Y=0.0,Z=200.0),TraceEnd=(X=0.0,Y=0.0,Z=0.0))
[2015.08.19-16.47.10:214][  0]LogMeshUtilities: No automatic mesh reduction module available
[2015.08.19-16.47.10:214][  0]LogMeshUtilities: No automatic mesh merging module available
[2015.08.19-16.47.12:549][  0]LogInit: WinSock: version 1.1 (2.2), MaxSocks=32767, MaxUdp=65467
[2015.08.19-16.47.41:051][  0]UdpMessaging: Initializing bridge on interface 0.0.0.0:0 to multicast group 230.0.0.1:6666.
[2015.08.19-16.47.43:031][  0]SourceControl: Info Source control is disabled
[2015.08.19-16.47.43:420][  0]SourceControl: Info Source control is disabled
[2015.08.19-16.47.43:464][  0]SourceControl: Info Source control is disabled
[2015.08.19-16.47.43:531][  0]SourceControl: Info Source control is disabled
[2015.08.19-16.47.44:476][  0]LogObj: 26273 objects as part of root set at end of initial load.
[2015.08.19-16.47.44:476][  0]LogUObjectAllocator: 5409248 out of 0 bytes used by permanent object pool.
[2015.08.19-16.47.44:765][  0]LogEngine: Initializing Engine...
[2015.08.19-16.47.44:772][  0]LogHMD: Can't find Oculus library dev build: is proper Runtime installed? Version: 0.6.0.0
[2015.08.19-16.47.44:914][  0]LogHMD:Warning: SteamVR failed to initialize.  Error: 110
[2015.08.19-16.47.45:548][  0]LogAIModule: Creating AISystem for world NewWorld
[2015.08.19-16.47.45:582][  0]LogInit: XAudio2 using 'Speakers (Realtek High Definition Audio)' : 2 channels at 48 kHz using 32 bits per sample (channel mask 0x3)
[2015.08.19-16.47.45:659][  0]LogInit: FAudioDevice initialized.
[2015.08.19-16.47.45:743][  0]LogDerivedDataCache: Saved boot cache 0.08s 48MB C:/Users/Christian/AppData/Local/UnrealEngine/4.8/DerivedDataCache/Boot.ddc.
[2015.08.19-16.47.45:756][  0]LogInit: Texture streaming: Disabled
[2015.08.19-16.47.46:167][  0]LogAnalytics: Creating configured Analytics provider AnalyticsET
[2015.08.19-16.47.46:167][  0]LogAnalytics: [UEEditor.Rocket.Release] APIServer = http://et2.epicgames.com/ET2/. AppVersion = 4.8.3-2634408+++depot+UE4-Releases+4.8
[2015.08.19-16.47.46:167][  0]LogAnalytics: [UEEditor.Rocket.Release] SetUserId d520111f42444ed2ae17ceb4cce854a2|256081b0662a4905b440382e278adc23|3ae4f12a-3c0a-4aaf-bb63-a78589ca1625
[2015.08.19-16.47.46:167][  0]LogAnalytics: [UEEditor.Rocket.Release] AnalyticsET::StartSession
[2015.08.19-16.47.47:087][  0]LogInit: Transaction tracking system initialized
[2015.08.19-16.47.47:868][  0]BlueprintLog: New page: Editor Load
[2015.08.19-16.47.47:946][  0]LogAssetRegistry: FAssetRegistry took 0.0113 seconds to start up
[2015.08.19-16.47.47:950][  0]LogDirectoryWatcher:Warning: Failed to begin reading directory changes for ../../../Engine/Plugins/Experimental/CharacterAI/Content/. Error: 0
[2015.08.19-16.47.52:350][  0]LogConsoleManager:Warning: Console variable 'r.VSync' wasn't set ('GameSetting' has a lower priority than 'SystemSettingsIni')
[2015.08.19-16.47.52:351][  0]LogConsoleResponse:Display: 
[2015.08.19-16.47.56:432][  0]LogCook:Display: Done creating registry. It took  0.00s.
[2015.08.19-16.47.57:758][  0]SourceControl: Info Source control is disabled
[2015.08.19-16.47.57:758][  0]Cmd: MAP LOAD FILE="../../../Engine/Content/Maps/Templates/Template_Default.umap" TEMPLATE=1 SHOWPROGRESS=1 FEATURELEVEL=2
[2015.08.19-16.47.57:836][  0]LightingResults: New page: Lighting Build
[2015.08.19-16.47.57:855][  0]MapCheck: New page: Map Check
[2015.08.19-16.47.57:855][  0]LightingResults: New page: Lighting Build
[2015.08.19-16.47.57:880][  0]LogParticles: Destroying 0 GPU particle simulations for FXSystem 0x000000191210D8A0
[2015.08.19-16.48.01:619][  0]LogAIModule: Creating AISystem for world Untitled_1
[2015.08.19-16.48.01:884][  0]LogEditorServer: Finished looking for orphan Actors (0.000 secs)
[2015.08.19-16.48.01:956][  0]Cmd: MAP CHECKDEP NOCLEARLOG
[2015.08.19-16.48.02:001][  0]MapCheck: Info Map check complete: 0 Error(s), 0 Warning(s), took 44.988ms to complete.
[2015.08.19-16.48.02:001][  0]LogFileHelpers: Loading map 'Template_Default' took 4.243
[2015.08.19-16.48.04:216][  0]LogCollectionManager: Loaded 0 collections in 0.004435 seconds
[2015.08.19-16.48.04:232][  0]LogContentBrowser: Native class hierarchy populated in 0.0159 seconds. Added 1792 classes and 301 folders.
[2015.08.19-16.48.04:593][  0]LogContentBrowser: Native class hierarchy updated for 'WidgetCarousel' in 0.0013 seconds. Added 0 classes and 0 folders.
[2015.08.19-16.48.06:708][  0]LogContentBrowser: Native class hierarchy updated for 'AddContentDialog' in 0.0014 seconds. Added 0 classes and 0 folders.
[2015.08.19-16.48.06:802][  0]LogContentBrowser: Native class hierarchy updated for 'SceneOutliner' in 0.0005 seconds. Added 1 classes and 2 folders.
[2015.08.19-16.48.07:813][  0]LogCrashTracker: Crashtracker disabled due to settings.
[2015.08.19-16.48.07:817][  0]LogD3D11RHI: InitD3DDevice
[2015.08.19-16.48.07:826][  0]LogUObjectGlobals:Warning: Failed to find object 'Class None.'
[2015.08.19-16.48.07:850][  0]LogLoad: Full Startup: 121.16 seconds (BP compile: 0.33 seconds)
[2015.08.19-16.48.08:662][  0]LogContentStreaming: Texture pool size is 0.000000MB
[2015.08.19-16.48.08:965][  0]LogContentStreaming: Texture pool size now 1000 MB
[2015.08.19-16.48.09:759][  0]LogRenderer: Reallocating scene render targets to support 728x376 (Frame:2).
[2015.08.19-16.48.10:836][  2]LogD3D11RHI: InitD3DDevice
[2015.08.19-16.48.12:449][ 27]LogAssetRegistry: Asset discovery search completed in 24.5146 seconds
[2015.08.19-16.48.19:418][204]LogD3D11RHI: InitD3DDevice
[2015.08.19-16.49.08:708][435]LogD3D11RHI: InitD3DDevice
[2015.08.19-16.49.11:148][494]LogD3D11RHI: InitD3DDevice
[2015.08.19-16.49.14:409][574]LogD3D11RHI: InitD3DDevice
[2015.08.19-16.50.00:016][574]LogAIModule: Creating AISystem for world MansionNew
[2015.08.19-16.50.01:295][574]Cmd: MAP LOAD FILE="../../../../../../Users/Christian/Desktop/TheForsakensJacket/Content/Maps/MansionNew.umap" TEMPLATE=0 SHOWPROGRESS=1 FEATURELEVEL=2
[2015.08.19-16.50.01:296][574]LightingResults: New page: Lighting Build
[2015.08.19-16.50.01:330][574]LoadErrors: New page: Loading map: MansionNew.umap
[2015.08.19-16.50.01:330][574]MapCheck: New page: Map Check
[2015.08.19-16.50.01:331][574]LightingResults: New page: Lighting Build
[2015.08.19-16.50.01:372][574]LogParticles: Destroying 0 GPU particle simulations for FXSystem 0x00000019217949A0
[2015.08.19-16.50.06:231][574]LogAIModule: Creating AISystem for world MansionNew
[2015.08.19-16.50.06:694][574]LogEditorServer: Finished looking for orphan Actors (0.000 secs)
[2015.08.19-16.50.06:770][574]Cmd: MAP CHECKDEP NOCLEARLOG
[2015.08.19-16.50.06:904][574]MapCheck: Info Map check complete: 0 Error(s), 0 Warning(s), took 134.325ms to complete.
[2015.08.19-16.50.06:906][574]LogFileHelpers: Loading map 'MansionNew' took 5.612
[2015.08.19-16.50.48:683][626]LogEditorViewport: Clicking on Actor (LMB): StaticMeshActor (wallPlane54)
[2015.08.19-16.51.07:414][127]LogEditorViewport: Clicking on Actor (LMB): StaticMeshActor (wallPlane_doors)
[2015.08.19-16.51.31:129][764]LogEditorViewport: Clicking on Actor (LMB): StaticMeshActor (wallPlane54)
[2015.08.19-16.51.45:016][106]LogEditorViewport: Clicking on Actor (LMB): StaticMeshActor (floorPlane_big74)
[2015.08.19-16.51.45:620][116]LogEditorViewport: Clicking on Actor (context menu): StaticMeshActor (floorPlane_big74)
[2015.08.19-16.51.45:709][116]LogD3D11RHI: InitD3DDevice
[2015.08.19-16.51.46:135][134]LogD3D11RHI: InitD3DDevice
[2015.08.19-16.51.47:510][210]LogPlayLevel: PIE:  No blueprints needed recompiling
[2015.08.19-16.51.47:725][210]PIE: New page: PIE session: MansionNew (Aug 19, 2015, 6:51:47 AM)
[2015.08.19-16.51.47:742][210]LogPlayLevel: Creating play world package: /Game/Maps/UEDPIE_0_MansionNew
[2015.08.19-16.51.48:491][210]LogPlayLevel: PIE: StaticDuplicateObject took: (0.748781s)
[2015.08.19-16.51.48:492][210]LogAIModule: Creating AISystem for world MansionNew
[2015.08.19-16.51.48:492][210]LogPlayLevel: PIE: World Init took: (0.001812s)
[2015.08.19-16.51.48:502][210]LogPlayLevel: PIE: Created PIE world by copying editor world from /Game/Maps/MansionNew.MansionNew to /Game/Maps/UEDPIE_0_MansionNew.MansionNew (0.760393s)
[2015.08.19-16.51.48:512][210]LogActorComponent: UnregisterComponent: (/Engine/Transient.CharMoveComp) Not registered. Aborting.
[2015.08.19-16.51.48:512][210]LogActorComponent: UnregisterComponent: (/Engine/Transient.PawnSensing4E28A64744853265DD880CAC4141A6C8) Not registered. Aborting.
[2015.08.19-16.51.48:715][210]LogInit: XAudio2 using 'Speakers (Realtek High Definition Audio)' : 2 channels at 48 kHz using 32 bits per sample (channel mask 0x3)
[2015.08.19-16.51.48:737][210]LogInit: FAudioDevice initialized.
[2015.08.19-16.51.49:753][210]LogWorld: Game class is 'MyGame_C'
[2015.08.19-16.51.50:304][210]LogWorld:Warning: *** WARNING - PATHS MAY NOT BE VALID ***
[2015.08.19-16.51.50:304][210]LogWorld: Bringing World /Game/Maps/UEDPIE_0_MansionNew.MansionNew up for play (max tick rate 0) at 2015.08.19-11.51.50
[2015.08.19-16.51.50:304][210]LogActor:Warning: GameSession /Game/Maps/UEDPIE_0_MansionNew.MansionNew:PersistentLevel.GameSession_0 has natively added scene component(s), but none of them were set as the actor's RootComponent - picking one arbitrarily
[2015.08.19-16.51.50:321][210]LogActor:Warning: GameNetworkManager /Game/Maps/UEDPIE_0_MansionNew.MansionNew:PersistentLevel.GameNetworkManager_0 has natively added scene component(s), but none of them were set as the actor's RootComponent - picking one arbitrarily
[2015.08.19-16.51.50:517][210]LogWorld: Bringing up level for play took: 0.484219
[2015.08.19-16.51.51:130][210]PIE: Info Play in editor start time for /Game/Maps/UEDPIE_0_MansionNew 4.106
[2015.08.19-16.52.12:134][800]LogParticles: Destroying 0 GPU particle simulations for FXSystem 0x0000001920D218A0
[2015.08.19-16.52.16:235][910]LogEditorViewport: Clicking on Actor (LMB): StaticMeshActor (wallPlane54)
[2015.08.19-16.52.17:114][931]LogEditorViewport: Clicking on Actor (CTRL LMB): StaticMeshActor (wallPlane301)
[2015.08.19-16.52.18:294][958]LogEditorViewport: Clicking on Actor (CTRL LMB): StaticMeshActor (wallPlane_doors)
[2015.08.19-16.52.22:447][ 64]LogEditorViewport: Clicking on Actor (CTRL LMB): StaticMeshActor (doors_jamb)
[2015.08.19-16.52.38:346][481]LogEditorViewport: Clicking on Actor (LMB): StaticMeshActor (wallPlane296)
[2015.08.19-16.53.51:189][272]LogEditorViewport: Clicking on Actor (CTRL LMB): StaticMeshActor (wallPlane302)
[2015.08.19-16.54.25:585][ 78]LogEditorViewport: Clicking on Actor (LMB): StaticMeshActor (wallPlane302)
[2015.08.19-16.54.46:926][577]LogEditorViewport: Clicking on Actor (LMB): StaticMeshActor (wallPlane304)
[2015.08.19-16.54.47:932][601]LogEditorViewport: Clicking on Actor (CTRL LMB): StaticMeshActor (wallPlane305)
[2015.08.19-16.55.11:402][163]LogEditorViewport: Clicking on Actor (LMB): StaticMeshActor (floorPlane_big74)
[2015.08.19-16.55.12:032][176]LogEditorViewport: Clicking on Actor (context menu): StaticMeshActor (floorPlane_big74)
[2015.08.19-16.55.12:071][176]LogD3D11RHI: InitD3DDevice
[2015.08.19-16.55.12:552][186]LogD3D11RHI: InitD3DDevice
[2015.08.19-16.55.12:945][190]LogD3D11RHI: InitD3DDevice
[2015.08.19-16.55.14:080][215]LogPlayLevel: PIE:  No blueprints needed recompiling
[2015.08.19-16.55.14:081][215]PIE: New page: PIE session: MansionNew (Aug 19, 2015, 6:55:14 AM)
[2015.08.19-16.55.14:081][215]LogPlayLevel: Creating play world package: /Game/Maps/UEDPIE_0_MansionNew
[2015.08.19-16.55.14:724][215]LogPlayLevel: PIE: StaticDuplicateObject took: (0.641706s)
[2015.08.19-16.55.14:726][215]LogAIModule: Creating AISystem for world MansionNew
[2015.08.19-16.55.14:728][215]LogPlayLevel: PIE: World Init took: (0.003932s)
[2015.08.19-16.55.14:728][215]LogPlayLevel: PIE: Created PIE world by copying editor world from /Game/Maps/MansionNew.MansionNew to /Game/Maps/UEDPIE_0_MansionNew.MansionNew (0.646336s)
[2015.08.19-16.55.14:833][215]LogInit: XAudio2 using 'Speakers (Realtek High Definition Audio)' : 2 channels at 48 kHz using 32 bits per sample (channel mask 0x3)
[2015.08.19-16.55.14:840][215]LogInit: FAudioDevice initialized.
[2015.08.19-16.55.14:878][215]LogWorld: Game class is 'MyGame_C'
[2015.08.19-16.55.15:147][215]LogWorld:Warning: *** WARNING - PATHS MAY NOT BE VALID ***
[2015.08.19-16.55.15:147][215]LogWorld: Bringing World /Game/Maps/UEDPIE_0_MansionNew.MansionNew up for play (max tick rate 0) at 2015.08.19-11.55.15
[2015.08.19-16.55.15:147][215]LogActor:Warning: GameSession /Game/Maps/UEDPIE_0_MansionNew.MansionNew:PersistentLevel.GameSession_1 has natively added scene component(s), but none of them were set as the actor's RootComponent - picking one arbitrarily
[2015.08.19-16.55.15:148][215]LogActor:Warning: GameNetworkManager /Game/Maps/UEDPIE_0_MansionNew.MansionNew:PersistentLevel.GameNetworkManager_1 has natively added scene component(s), but none of them were set as the actor's RootComponent - picking one arbitrarily
[2015.08.19-16.55.15:156][215]LogWorld: Bringing up level for play took: 0.257941
[2015.08.19-16.55.15:167][215]PIE: Info Play in editor start time for /Game/Maps/UEDPIE_0_MansionNew 0.143
[2015.08.19-16.55.24:266][455]LogParticles: Destroying 0 GPU particle simulations for FXSystem 0x000000193B9E5260
[2015.08.19-16.55.29:978][598]LogEditorViewport: Clicking on Actor (LMB): StaticMeshActor (wallPlane303)
[2015.08.19-16.55.44:835][964]LogEditorViewport: Clicking on Actor (LMB): StaticMeshActor (wallPlane304)
[2015.08.19-16.56.27:689][ 26]LogEditorViewport: Clicking on Actor (LMB): StaticMeshActor (wallPlane307)
[2015.08.19-16.56.48:587][559]LogEditorViewport: Clicking on Actor (LMB): StaticMeshActor (floorPlane_big78)
[2015.08.19-16.57.29:154][558]LogEditorViewport: Clicking on Actor (LMB): PointLight (PointLight18)
[2015.08.19-16.57.31:123][602]Cmd: DELETE
[2015.08.19-16.57.31:123][602]Cmd: ACTOR DELETE
[2015.08.19-16.57.31:348][602]LogEditorActor: Deleted Actor: PointLight
[2015.08.19-16.57.31:458][602]LogEditorActor: Deleted 1 Actors (0.125 secs)
[2015.08.19-16.57.34:760][689]LogD3D11RHI: InitD3DDevice
[2015.08.19-16.57.42:139][862]LogEditorViewport: Clicking on Actor (LMB): StaticMeshActor (floorPlane_small245)
[2015.08.19-16.57.53:358][122]LogEditorViewport: Clicking on Actor (LMB): StaticMeshActor (floorPlane_small267)
[2015.08.19-16.57.59:977][285]LogEditorViewport: Clicking on Actor (LMB): StaticMeshActor (floorPlane_small72)
[2015.08.19-16.58.09:958][528]LogEditorViewport: Clicking on Actor (LMB): StaticMeshActor (wallPlane308)
[2015.08.19-16.58.56:694][642]LogEditorViewport: Clicking on Actor (context menu): StaticMeshActor (wallPlane310)
[2015.08.19-16.58.56:703][642]LogD3D11RHI: InitD3DDevice
[2015.08.19-16.58.58:447][683]LogEditorViewport: Clicking on Actor (LMB): StaticMeshActor (wallPlane310)
[2015.08.19-16.58.59:401][705]Cmd: DELETE
[2015.08.19-16.58.59:401][705]Cmd: ACTOR DELETE
[2015.08.19-16.58.59:408][705]LogEditorActor: Deleted Actor: StaticMeshActor
[2015.08.19-16.58.59:408][705]LogActorComponent: UnregisterComponent: (/Engine/Transient.CharMoveComp) Not registered. Aborting.
[2015.08.19-16.58.59:409][705]LogActorComponent: UnregisterComponent: (/Engine/Transient.PawnSensing4E28A64744853265DD880CAC4141A6C8) Not registered. Aborting.
[2015.08.19-16.58.59:513][705]LogEditorActor: Deleted 1 Actors (0.111 secs)
[2015.08.19-16.59.02:447][777]LogEditorViewport: Clicking on Actor (LMB): StaticMeshActor (wallPlane309)
[2015.08.19-16.59.22:405][248]LogEditorViewport: Clicking on Actor (LMB): StaticMeshActor (wallPlane308)
[2015.08.19-16.59.28:821][399]Cmd: TRANSACTION UNDO
[2015.08.19-16.59.28:841][399]LogEditorTransaction: Undo Move Actors
[2015.08.19-16.59.28:867][399]LogD3D11RHI: InitD3DDevice
[2015.08.19-16.59.29:308][409]Cmd: TRANSACTION UNDO
[2015.08.19-16.59.29:308][409]LogEditorTransaction: Undo Clicking on Actors
[2015.08.19-16.59.29:759][420]Cmd: TRANSACTION UNDO
[2015.08.19-16.59.29:759][420]LogEditorTransaction: Undo Move Actors
[2015.08.19-16.59.30:444][436]Cmd: TRANSACTION UNDO
[2015.08.19-16.59.30:444][436]LogEditorTransaction: Undo Move Actors
[2015.08.19-16.59.31:162][447]Cmd: TRANSACTION UNDO
[2015.08.19-16.59.31:162][447]LogEditorTransaction: Undo Move Actors
[2015.08.19-16.59.31:861][463]Cmd: TRANSACTION UNDO
[2015.08.19-16.59.31:861][463]LogEditorTransaction: Undo Move Actors
[2015.08.19-17.00.22:285][635]LogD3D11RHI: InitD3DDevice
[2015.08.19-17.00.23:158][635]LogD3D11RHI: InitD3DDevice
[2015.08.19-17.00.23:399][635]Cmd: OBJ SAVEPACKAGE PACKAGE="/Game/Maps/MansionNew" FILE="../../../../../../Users/Christian/Desktop/TheForsakensJacket/Content/Maps/MansionNew.umap" SILENT=true AUTOSAVING=false KEEPDIRTY=false
[2015.08.19-17.00.34:237][635]LogSavePackage: Save=10521.055664ms
[2015.08.19-17.00.34:478][635]LogSavePackage: Moving '../../../../../../Users/Christian/Desktop/TheForsakensJacket/Saved/MansionNew2CB7F66D42F94A742D893A9F7A125B97.tmp' to '../../../../../../Users/Christian/Desktop/TheForsakensJacket/Content/Maps/MansionNew.umap'
[2015.08.19-17.00.35:651][635]LogFileHelpers: Saving map 'MansionNew' took 12.446
[2015.08.19-17.01.28:253][843]LogWindowsTextInputMethodSystem:Display: IME system now deactivated.
[2015.08.19-17.01.29:042][844]Cmd: QUIT_EDITOR
[2015.08.19-17.01.29:870][844]LogExit: Preparing to exit.
[2015.08.19-17.01.31:201][844]LogExit: Editor shut down
[2015.08.19-17.01.31:201][844]LogExit: Transaction tracking system shut down
[2015.08.19-17.01.31:202][844]LogParticles: Destroying 0 GPU particle simulations for FXSystem 0x0000001926620B80
[2015.08.19-17.01.31:203][844]LogParticles: Destroying 0 GPU particle simulations for FXSystem 0x00000019260A4CC0
[2015.08.19-17.01.31:203][844]LogParticles: Destroying 0 GPU particle simulations for FXSystem 0x0000001947C64AE0
[2015.08.19-17.01.31:209][844]LogParticles: Destroying 0 GPU particle simulations for FXSystem 0x000000193AD24220
[2015.08.19-17.01.31:210][844]LogParticles: Destroying 0 GPU particle simulations for FXSystem 0x000000193BB2E200
[2015.08.19-17.01.32:605][844]LogParticles: Destroying 0 GPU particle simulations for FXSystem 0x000000193BA4AF20
[2015.08.19-17.01.32:606][844]LogExit: Object subsystem successfully closed.
[2015.08.19-17.01.32:965][844]LogD3D11RHI: Shutdown
[2015.08.19-17.01.32:965][844]LogD3D11RHI: CleanupD3DDevice
[2015.08.19-17.01.33:253][844]LogD3D11RHI: ~FD3D11DynamicRHI
[2015.08.19-17.01.33:512][844]LogModuleManager: Shutting down and abandoning module CrashTracker (188)
[2015.08.19-17.01.33:513][844]LogModuleManager: Shutting down and abandoning module SceneOutliner (187)
[2015.08.19-17.01.33:513][844]LogModuleManager: Shutting down and abandoning module SuperSearch (186)
[2015.08.19-17.01.33:513][844]LogModuleManager: Shutting down and abandoning module WidgetCarousel (185)
[2015.08.19-17.01.33:542][844]LogModuleManager: Shutting down and abandoning module AddContentDialog (184)
[2015.08.19-17.01.33:553][844]LogModuleManager: Shutting down and abandoning module EditorWidgets (183)
[2015.08.19-17.01.33:553][844]LogModuleManager: Shutting down and abandoning module CollectionManager (182)
[2015.08.19-17.01.33:577][844]LogModuleManager: Shutting down and abandoning module StatsViewer (181)
[2015.08.19-17.01.33:582][844]LogModuleManager: Shutting down and abandoning module FoliageEdit (180)
[2015.08.19-17.01.33:593][844]LogModuleManager: Shutting down and abandoning module LandscapeEditor (179)
[2015.08.19-17.01.33:618][844]LogModuleManager: Shutting down and abandoning module ActorPickerMode (178)
[2015.08.19-17.01.33:618][844]LogModuleManager: Shutting down and abandoning module GeometryMode (177)
[2015.08.19-17.01.33:618][844]LogModuleManager: Shutting down and abandoning module TextureAlignMode (176)
[2015.08.19-17.01.33:618][844]LogModuleManager: Shutting down and abandoning module BspMode (175)
[2015.08.19-17.01.33:618][844]LogModuleManager: Shutting down and abandoning module PlacementMode (174)
[2015.08.19-17.01.33:627][844]LogModuleManager: Shutting down and abandoning module AutomationWorker (173)
[2015.08.19-17.01.33:627][844]LogModuleManager: Shutting down and abandoning module CharacterAI (172)
[2015.08.19-17.01.33:627][844]LogModuleManager: Shutting down and abandoning module SmartSnapping (171)
[2015.08.19-17.01.33:627][844]LogModuleManager: Shutting down and abandoning module ViewportSnapping (170)
[2015.08.19-17.01.33:627][844]LogModuleManager: Shutting down and abandoning module LogVisualizer (169)
[2015.08.19-17.01.33:659][844]LogModuleManager: Shutting down and abandoning module GameProjectGeneration (168)
[2015.08.19-17.01.33:689][844]LogModuleManager: Shutting down and abandoning module IntroTutorials (167)
[2015.08.19-17.01.33:719][844]LogModuleManager: Shutting down and abandoning module EditorLiveStreaming (166)
[2015.08.19-17.01.33:719][844]LogModuleManager: Shutting down and abandoning module IOSPlatformEditor (165)
[2015.08.19-17.01.33:740][844]LogModuleManager: Shutting down and abandoning module HTML5PlatformEditor (164)
[2015.08.19-17.01.33:740][844]LogModuleManager: Shutting down and abandoning module AndroidDeviceDetection (163)
[2015.08.19-17.01.33:804][844]LogModuleManager: Shutting down and abandoning module AndroidPlatformEditor (162)
[2015.08.19-17.01.33:804][844]LogModuleManager: Shutting down and abandoning module IOSRuntimeSettings (161)
[2015.08.19-17.01.33:804][844]LogModuleManager: Shutting down and abandoning module AndroidRuntimeSettings (160)
[2015.08.19-17.01.33:804][844]LogModuleManager: Shutting down and abandoning module MergeActors (159)
[2015.08.19-17.01.33:822][844]LogModuleManager: Shutting down and abandoning module SizeMap (158)
[2015.08.19-17.01.33:822][844]LogModuleManager: Shutting down and abandoning module TreeMap (157)
[2015.08.19-17.01.33:842][844]LogModuleManager: Shutting down and abandoning module ReferenceViewer (156)
[2015.08.19-17.01.33:842][844]LogModuleManager: Shutting down and abandoning module LocalizationDashboard (155)
[2015.08.19-17.01.33:854][844]LogModuleManager: Shutting down and abandoning module HardwareTargeting (154)
[2015.08.19-17.01.33:854][844]LogModuleManager: Shutting down and abandoning module DeviceProfileEditor (153)
[2015.08.19-17.01.33:874][844]LogModuleManager: Shutting down and abandoning module UndoHistory (152)
[2015.08.19-17.01.33:885][844]LogModuleManager: Shutting down and abandoning module GameplayTagsEditor (151)
[2015.08.19-17.01.33:908][844]LogModuleManager: Shutting down and abandoning module UserFeedback (150)
[2015.08.19-17.01.33:908][844]LogModuleManager: Shutting down and abandoning module XmlParser (149)
[2015.08.19-17.01.33:931][844]LogModuleManager: Shutting down and abandoning module Blutility (148)
[2015.08.19-17.01.33:931][844]LogModuleManager: Shutting down and abandoning module ProjectTargetPlatformEditor (147)
[2015.08.19-17.01.33:931][844]LogModuleManager: Shutting down and abandoning module ProjectSettingsViewer (146)
[2015.08.19-17.01.33:931][844]LogModuleManager: Shutting down and abandoning module InputBindingEditor (145)
[2015.08.19-17.01.33:941][844]LogModuleManager: Shutting down and abandoning module EditorSettingsViewer (144)
[2015.08.19-17.01.33:941][844]LogModuleManager: Shutting down and abandoning module SettingsEditor (143)
[2015.08.19-17.01.33:960][844]LogModuleManager: Shutting down and abandoning module ProjectLauncher (142)
[2015.08.19-17.01.33:982][844]LogModuleManager: Shutting down and abandoning module SessionFrontend (141)
[2015.08.19-17.01.34:003][844]LogModuleManager: Shutting down and abandoning module ProfilerClient (140)
[2015.08.19-17.01.34:017][844]LogModuleManager: Shutting down and abandoning module TargetDeviceServices (139)
[2015.08.19-17.01.34:017][844]LogModuleManager: Shutting down and abandoning module DeviceManager (138)
[2015.08.19-17.01.34:143][844]LogModuleManager: Shutting down and abandoning module AutomationController (137)
[2015.08.19-17.01.34:172][844]LogModuleManager: Shutting down and abandoning module AutomationWindow (136)
[2015.08.19-17.01.34:231][844]LogModuleManager: Shutting down and abandoning module Layers (135)
[2015.08.19-17.01.34:352][844]LogModuleManager: Shutting down and abandoning module ComponentVisualizers (134)
[2015.08.19-17.01.34:352][844]LogModuleManager: Shutting down and abandoning module DetailCustomizations (133)
[2015.08.19-17.01.34:352][844]LogModuleManager: Shutting down and abandoning module PackagesDialog (132)
[2015.08.19-17.01.34:352][844]LogModuleManager: Shutting down and abandoning module AssetRegistry (131)
[2015.08.19-17.01.34:487][844]LogModuleManager: Shutting down and abandoning module Persona (130)
[2015.08.19-17.01.34:566][844]LogModuleManager: Shutting down and abandoning module Kismet (129)
[2015.08.19-17.01.34:579][844]LogModuleManager: Shutting down and abandoning module GraphEditor (128)
[2015.08.19-17.01.34:636][844]LogModuleManager: Shutting down and abandoning module ClassViewer (127)
[2015.08.19-17.01.34:650][844]LogModuleManager: Shutting down and abandoning module Toolbox (126)
[2015.08.19-17.01.34:650][844]LogModuleManager: Shutting down and abandoning module ModuleUI (125)
[2015.08.19-17.01.34:663][844]LogModuleManager: Shutting down and abandoning module MovieSceneTools (124)
[2015.08.19-17.01.34:693][844]LogModuleManager: Shutting down and abandoning module OutputLog (123)
[2015.08.19-17.01.34:693][844]LogModuleManager: Shutting down and abandoning module GammaUI (122)
[2015.08.19-17.01.34:705][844]LogModuleManager: Shutting down and abandoning module Documentation (121)
[2015.08.19-17.01.34:705][844]LogModuleManager: Shutting down and abandoning module GameLiveStreaming (120)
[2015.08.19-17.01.34:717][844]LogModuleManager: Shutting down and abandoning module StreamingPauseRendering (119)
[2015.08.19-17.01.34:717][844]LogModuleManager: Shutting down and abandoning module AnalyticsET (118)
[2015.08.19-17.01.34:717][844]LogModuleManager: Shutting down and abandoning module Analytics (117)
[2015.08.19-17.01.34:717][844]LogModuleManager: Shutting down and abandoning module AITestSuite (116)
[2015.08.19-17.01.34:725][844]LogModuleManager: Shutting down and abandoning module GameplayDebugger (115)
[2015.08.19-17.01.34:725][844]LogModuleManager: Shutting down and abandoning module AIModule (114)
[2015.08.19-17.01.34:725][844]LogModuleManager: Shutting down and abandoning module ProfilerService (113)
[2015.08.19-17.01.34:749][844]LogModuleManager: Shutting down and abandoning module TaskGraph (112)
[2015.08.19-17.01.34:767][844]LogModuleManager: Shutting down and abandoning module SlateRemote (111)
[2015.08.19-17.01.34:767][844]LogModuleManager: Shutting down and abandoning module SteamVRController (110)
[2015.08.19-17.01.34:767][844]LogModuleManager: Shutting down and abandoning module SteamVR (109)
[2015.08.19-17.01.34:767][844]LogModuleManager: Shutting down and abandoning module ProceduralMeshComponent (108)
[2015.08.19-17.01.34:767][844]LogModuleManager: Shutting down and abandoning module OculusRift (107)
[2015.08.19-17.01.34:767][844]LogModuleManager: Shutting down and abandoning module LeapMotionController (106)
[2015.08.19-17.01.34:823][844]LogModuleManager: Shutting down and abandoning module CustomMeshComponent (105)
[2015.08.19-17.01.34:823][844]LogModuleManager: Shutting down and abandoning module CableComponent (104)
[2015.08.19-17.01.34:845][844]LogModuleManager: Shutting down and abandoning module MessagingDebugger (103)
[2015.08.19-17.01.34:877][844]LogModuleManager: Shutting down and abandoning module MediaPlayerEditor (102)
[2015.08.19-17.01.34:919][844]LogModuleManager: Shutting down and abandoning module SpeedTreeImporter (101)
[2015.08.19-17.01.34:920][844]LogModuleManager: Shutting down and abandoning module PluginBrowser (100)
[2015.08.19-17.01.34:931][844]LogModuleManager: Shutting down and abandoning module EpicSurvey (99)
[2015.08.19-17.01.34:952][844]LogModuleManager: Shutting down and abandoning module DesktopPlatform (98)
[2015.08.19-17.01.35:192][844]LogModuleManager: Shutting down and abandoning module VisualStudioSourceCodeAccess (97)
[2015.08.19-17.01.35:207][844]LogModuleManager: Shutting down and abandoning module UObjectPlugin (96)
[2015.08.19-17.01.35:207][844]LogModuleManager: Shutting down and abandoning module SubversionSourceControl (95)
[2015.08.19-17.01.35:226][844]LogModuleManager: Shutting down and abandoning module PerforceSourceControl (94)
[2015.08.19-17.01.35:248][844]LogModuleManager: Shutting down and abandoning module SourceControl (93)
[2015.08.19-17.01.35:259][844]LogModuleManager: Shutting down and abandoning module GitSourceControl (92)
[2015.08.19-17.01.35:283][844]LogModuleManager: Shutting down and abandoning module BlankPlugin (91)
[2015.08.19-17.01.35:284][844]LogModuleManager: Shutting down and abandoning module PaperTiledImporter (90)
[2015.08.19-17.01.35:284][844]LogModuleManager: Shutting down and abandoning module PaperSpriteSheetImporter (89)
[2015.08.19-17.01.35:284][844]LogModuleManager: Shutting down and abandoning module MeshPaint (88)
[2015.08.19-17.01.35:300][844]LogModuleManager: Shutting down and abandoning module SlateReflector (87)
[2015.08.19-17.01.35:322][844]LogModuleManager: Shutting down and abandoning module DirectoryWatcher (86)
[2015.08.19-17.01.35:323][844]LogModuleManager: Shutting down and abandoning module HotReload (85)
[2015.08.19-17.01.35:323][844]LogModuleManager: Shutting down and abandoning module MainFrame (84)
[2015.08.19-17.01.35:323][844]LogModuleManager: Shutting down and abandoning module LevelEditor (83)
[2015.08.19-17.01.35:368][844]LogModuleManager: Shutting down and abandoning module ContentBrowser (82)
[2015.08.19-17.01.35:370][844]LogModuleManager: Shutting down and abandoning module Paper2DEditor (81)
[2015.08.19-17.01.35:391][844]LogModuleManager: Shutting down and abandoning module UdpMessaging (80)
[2015.08.19-17.01.35:492][844]LogModuleManager: Shutting down and abandoning module Paper2D (79)
[2015.08.19-17.01.35:522][844]LogModuleManager: Shutting down and abandoning module WindowsMoviePlayer (78)
[2015.08.19-17.01.35:545][844]LogModuleManager: Shutting down and abandoning module Media (77)
[2015.08.19-17.01.35:546][844]LogModuleManager: Shutting down and abandoning module WmfMedia (76)
[2015.08.19-17.01.35:562][844]LogModuleManager: Shutting down and abandoning module OnlineBlueprintSupport (75)
[2015.08.19-17.01.35:562][844]LogModuleManager: Shutting down and abandoning module PropertyEditor (74)
[2015.08.19-17.01.35:562][844]LogModuleManager: Shutting down and abandoning module BehaviorTreeEditor (73)
[2015.08.19-17.01.35:584][844]LogModuleManager: Shutting down and abandoning module FunctionalTesting (72)
[2015.08.19-17.01.35:594][844]LogModuleManager: Shutting down and abandoning module CollisionAnalyzer (71)
[2015.08.19-17.01.35:620][844]LogModuleManager: Shutting down and abandoning module WorkspaceMenuStructure (70)
[2015.08.19-17.01.35:620][844]LogModuleManager: Shutting down and abandoning module MessageLog (69)
[2015.08.19-17.01.35:620][844]LogModuleManager: Shutting down and abandoning module Sequencer (68)
[2015.08.19-17.01.35:640][844]LogModuleManager: Shutting down and abandoning module AssetTools (67)
[2015.08.19-17.01.35:667][844]LogModuleManager: Shutting down and abandoning module UMGEditor (66)
[2015.08.19-17.01.35:682][844]LogModuleManager: Shutting down and abandoning module UMG (65)
[2015.08.19-17.01.35:682][844]LogModuleManager: Shutting down and abandoning module Slate (64)
[2015.08.19-17.01.35:682][844]LogModuleManager: Shutting down and abandoning module EditorStyle (63)
[2015.08.19-17.01.35:692][844]LogModuleManager: Shutting down and abandoning module SessionServices (62)
[2015.08.19-17.01.35:692][844]LogModuleManager: Shutting down and abandoning module SourceCodeAccess (61)
[2015.08.19-17.01.35:692][844]LogModuleManager: Shutting down and abandoning module HeadMountedDisplay (60)
[2015.08.19-17.01.35:692][844]LogModuleManager: Shutting down and abandoning module XAudio2 (59)
[2015.08.19-17.01.35:692][844]LogModuleManager: Shutting down and abandoning module Networking (57)
[2015.08.19-17.01.35:693][844]LogModuleManager: Shutting down and abandoning module Core (56)
[2015.08.19-17.01.35:693][844]LogModuleManager: Shutting down and abandoning module KismetCompiler (55)
[2015.08.19-17.01.35:693][844]LogModuleManager: Shutting down and abandoning module PhysXFormats (54)
[2015.08.19-17.01.35:693][844]LogModuleManager: Shutting down and abandoning module MeshUtilities (53)
[2015.08.19-17.01.35:714][844]LogModuleManager: Shutting down and abandoning module DerivedDataCache (52)
[2015.08.19-17.01.35:755][844]LogDerivedDataCache: Shutdown
[2015.08.19-17.01.35:755][844]LogModuleManager: Shutting down and abandoning module ShaderFormatOpenGL (51)
[2015.08.19-17.01.35:767][844]LogModuleManager: Shutting down and abandoning module ShaderFormatD3D (50)
[2015.08.19-17.01.35:785][844]LogModuleManager: Shutting down and abandoning module MetalShaderFormat (49)
[2015.08.19-17.01.35:805][844]LogModuleManager: Shutting down and abandoning module TextureFormatUncompressed (48)
[2015.08.19-17.01.35:805][844]LogModuleManager: Shutting down and abandoning module TextureFormatPVR (47)
[2015.08.19-17.01.35:821][844]LogModuleManager: Shutting down and abandoning module TextureFormatIntelISPCTexComp (46)
[2015.08.19-17.01.35:832][844]LogModuleManager: Shutting down and abandoning module TextureFormatDXT (45)
[2015.08.19-17.01.35:837][844]LogModuleManager: Shutting down and abandoning module ImageWrapper (44)
[2015.08.19-17.01.35:837][844]LogModuleManager: Shutting down and abandoning module TextureFormatASTC (43)
[2015.08.19-17.01.35:837][844]LogModuleManager: Shutting down and abandoning module TextureFormatAndroid (42)
[2015.08.19-17.01.35:837][844]LogModuleManager: Shutting down and abandoning module AudioFormatOpus (41)
[2015.08.19-17.01.35:853][844]LogModuleManager: Shutting down and abandoning module AudioFormatOgg (40)
[2015.08.19-17.01.35:868][844]LogModuleManager: Shutting down and abandoning module AudioFormatADPCM (39)
[2015.08.19-17.01.35:868][844]LogModuleManager: Shutting down and abandoning module LinuxTargetPlatform (38)
[2015.08.19-17.01.35:868][844]LogModuleManager: Shutting down and abandoning module LinuxServerTargetPlatform (37)
[2015.08.19-17.01.35:889][844]LogModuleManager: Shutting down and abandoning module LinuxNoEditorTargetPlatform (36)
[2015.08.19-17.01.35:891][844]LogModuleManager: Shutting down and abandoning module Messaging (35)
[2015.08.19-17.01.35:891][844]LogModuleManager: Shutting down and abandoning module IOSTargetPlatform (34)
[2015.08.19-17.01.35:891][844]LogModuleManager: Shutting down and abandoning module HTML5TargetPlatform (33)
[2015.08.19-17.01.35:891][844]LogModuleManager: Shutting down and abandoning module Android_PVRTCTargetPlatform (32)
[2015.08.19-17.01.35:892][844]LogModuleManager: Shutting down and abandoning module Android_ETC2TargetPlatform (31)
[2015.08.19-17.01.35:892][844]LogModuleManager: Shutting down and abandoning module Android_ETC1TargetPlatform (30)
[2015.08.19-17.01.35:892][844]LogModuleManager: Shutting down and abandoning module Android_DXTTargetPlatform (29)
[2015.08.19-17.01.35:892][844]LogModuleManager: Shutting down and abandoning module Android_ATCTargetPlatform (28)
[2015.08.19-17.01.35:892][844]LogModuleManager: Shutting down and abandoning module Android_ASTCTargetPlatform (27)
[2015.08.19-17.01.35:892][844]LogModuleManager: Shutting down and abandoning module AndroidTargetPlatform (26)
[2015.08.19-17.01.35:892][844]LogModuleManager: Shutting down and abandoning module WindowsTargetPlatform (25)
[2015.08.19-17.01.35:892][844]LogModuleManager: Shutting down and abandoning module WindowsServerTargetPlatform (24)
[2015.08.19-17.01.35:892][844]LogModuleManager: Shutting down and abandoning module WindowsNoEditorTargetPlatform (23)
[2015.08.19-17.01.35:892][844]LogModuleManager: Shutting down and abandoning module WindowsClientTargetPlatform (22)
[2015.08.19-17.01.35:892][844]LogModuleManager: Shutting down and abandoning module DesktopTargetPlatform (21)
[2015.08.19-17.01.35:892][844]LogModuleManager: Shutting down and abandoning module TargetPlatform (20)
[2015.08.19-17.01.35:892][844]LogModuleManager: Shutting down and abandoning module InputCore (19)
[2015.08.19-17.01.35:892][844]LogModuleManager: Shutting down and abandoning module Settings (18)
[2015.08.19-17.01.35:892][844]LogModuleManager: Shutting down and abandoning module OnlineSubsystem (16)
[2015.08.19-17.01.35:892][844]LogModuleManager: Shutting down and abandoning module HTTP (15)
[2015.08.19-17.01.35:893][844]LogModuleManager: Shutting down and abandoning module ExampleDeviceProfileSelector (14)
[2015.08.19-17.01.35:893][844]LogModuleManager: Shutting down and abandoning module TextureCompressor (13)
[2015.08.19-17.01.35:897][844]LogModuleManager: Shutting down and abandoning module ShaderCore (12)
[2015.08.19-17.01.35:897][844]LogModuleManager: Shutting down and abandoning module Landscape (11)
[2015.08.19-17.01.35:897][844]LogModuleManager: Shutting down and abandoning module SlateRHIRenderer (10)
[2015.08.19-17.01.35:934][844]LogModuleManager: Shutting down and abandoning module OpenGLDrv (9)
[2015.08.19-17.01.35:946][844]LogModuleManager: Shutting down and abandoning module D3D11RHI (8)
[2015.08.19-17.01.35:946][844]LogModuleManager: Shutting down and abandoning module Renderer (7)
[2015.08.19-17.01.35:946][844]LogModuleManager: Shutting down and abandoning module Engine (6)
[2015.08.19-17.01.35:946][844]LogModuleManager: Shutting down and abandoning module CoreUObject (5)
[2015.08.19-17.01.35:946][844]LogModuleManager: Shutting down and abandoning module NetworkFile (4)
[2015.08.19-17.01.35:968][844]LogModuleManager: Shutting down and abandoning module StreamingFile (3)
[2015.08.19-17.01.35:985][844]LogModuleManager: Shutting down and abandoning module SandboxFile (2)
[2015.08.19-17.01.36:004][844]LogModuleManager: Shutting down and abandoning module PakFile (1)
[2015.08.19-17.01.36:017][844]LogExit: Exiting.
[2015.08.19-17.01.36:037][844]Log file closed, 08/19/15 12:01:36
