[2015.08.18-17.28.01:474][  0]Log file open, 08/18/15 12:28:01
[2015.08.18-17.28.01:474][  0]LogInit:Display: Running engine for game: TheForsakensJacket
[2015.08.18-17.28.01:474][  0]LogInit:Display: RandInit(1449261277) SRandInit(1449261278).
[2015.08.18-17.28.01:474][  0]LogTaskGraph: Started task graph with 4 named threads and 5 total threads.
[2015.08.18-17.28.01:474][  0]LogStats: Stats thread started
[2015.08.18-17.28.01:474][  0]LogInit: Version: 4.8.3-2634408+++depot+UE4-Releases+4.8
[2015.08.18-17.28.01:474][  0]LogInit: API Version: 2579680
[2015.08.18-17.28.01:474][  0]LogInit: Compiled (64-bit): Jul 27 2015 16:24:33
[2015.08.18-17.28.01:474][  0]LogInit: Compiled with Visual C++: 18.00.21005.01
[2015.08.18-17.28.01:474][  0]LogInit: Build Configuration: Development
[2015.08.18-17.28.01:474][  0]LogInit: Branch Name: ++depot+UE4-Releases+4.8
[2015.08.18-17.28.01:474][  0]LogInit: Command line:  
[2015.08.18-17.28.01:474][  0]LogInit: Base directory: C:/Program Files/Epic Games/4.8/Engine/Binaries/Win64/
[2015.08.18-17.28.01:474][  0]LogInit: Rocket: 1
[2015.08.18-17.28.01:498][  0]LogInit: Using libcurl 7.41.0
[2015.08.18-17.28.01:498][  0]LogInit:  - built for x86_64-pc-win32
[2015.08.18-17.28.01:498][  0]LogInit:  - supports SSL with WinSSL
[2015.08.18-17.28.01:498][  0]LogInit:  - other features:
[2015.08.18-17.28.01:498][  0]LogInit:      CURL_VERSION_SSL
[2015.08.18-17.28.01:498][  0]LogInit:      CURL_VERSION_IPV6
[2015.08.18-17.28.01:498][  0]LogInit:      CURL_VERSION_ASYNCHDNS
[2015.08.18-17.28.01:498][  0]LogInit:      CURL_VERSION_LARGEFILE
[2015.08.18-17.28.01:498][  0]LogInit:      CURL_VERSION_IDN
[2015.08.18-17.28.01:498][  0]LogInit:  CurlRequestOptions (configurable via config and command line):
[2015.08.18-17.28.01:498][  0]LogInit:  - bVerifyPeer = true  - Libcurl will verify peer certificate
[2015.08.18-17.28.01:498][  0]LogInit:  - bUseHttpProxy = false  - Libcurl will NOT use HTTP proxy
[2015.08.18-17.28.01:498][  0]LogInit:  - bDontReuseConnections = false  - Libcurl will reuse connections
[2015.08.18-17.28.01:498][  0]LogInit:  - CertBundlePath = nullptr  - Libcurl will use whatever was configured at build time.
[2015.08.18-17.28.01:516][  0]LogOnline:Warning: No default platform service specified for OnlineSubsystem
[2015.08.18-17.28.01:536][  0]LogInit: Presizing for 0 objects not considered by GC, pre-allocating 0 bytes.
[2015.08.18-17.28.01:548][  0]LogInit: Object subsystem initialized
[2015.08.18-17.28.01:549][  0]LogConsoleResponse:Warning: Skipping Unknown console variable: 'TranslucentSortAxis = (X=0.000000,Y=-1.000000,Z=0.000000)'
[2015.08.18-17.28.01:549][  0]LogConsoleResponse:Warning:   Found in ini file 'C:/Users/Christian/Desktop/TheForsakensJacket/Saved/Config/Windows/Engine.ini', in section '[/Script/Engine.RendererSettings]'
[2015.08.18-17.28.01:550][  0]LogConsoleResponse:Warning: Skipping Unknown console variable: 'UIScaleRule = ShortestSide'
[2015.08.18-17.28.01:550][  0]LogConsoleResponse:Warning:   Found in ini file 'C:/Users/Christian/Desktop/TheForsakensJacket/Saved/Config/Windows/Engine.ini', in section '[/Script/Engine.RendererSettings]'
[2015.08.18-17.28.01:550][  0]LogConsoleResponse:Warning: Skipping Unknown console variable: 'UIScaleCurve = (EditorCurveData=(Keys=),ExternalCurve=None)'
[2015.08.18-17.28.01:550][  0]LogConsoleResponse:Warning:   Found in ini file 'C:/Users/Christian/Desktop/TheForsakensJacket/Saved/Config/Windows/Engine.ini', in section '[/Script/Engine.RendererSettings]'
[2015.08.18-17.28.01:550][  0]LogInit: Selected Device Profile: [Windows]
[2015.08.18-17.28.01:550][  0]LogInit: Applying CVar settings loaded from the selected device profile: [Windows]
[2015.08.18-17.28.01:560][  0]LogInit: Computer: CHRISTIANGAMING
[2015.08.18-17.28.01:560][  0]LogInit: User: Christian
[2015.08.18-17.28.01:560][  0]LogInit: CPU Page size=4096, Cores=2
[2015.08.18-17.28.01:560][  0]LogInit: High frequency timer resolution =2.143570 MHz
[2015.08.18-17.28.01:560][  0]LogMemory: Memory total: Physical=3.9GB (4GB approx)
[2015.08.18-17.28.01:560][  0]LogMemory: Platform Memory Stats for Windows
[2015.08.18-17.28.01:560][  0]LogMemory: Process Physical Memory: 56.52 MB used, 58.60 MB peak
[2015.08.18-17.28.01:560][  0]LogMemory: Process Virtual Memory: 29.00 MB used, 32.89 MB peak
[2015.08.18-17.28.01:560][  0]LogMemory: Physical Memory: 2041.63 MB used, 3983.27 MB total
[2015.08.18-17.28.01:560][  0]LogMemory: Virtual Memory: 297.59 MB used, 8388608.00 MB total
[2015.08.18-17.28.01:627][  0]LogTextLocalizationManager: The requested culture ('en_US') has no localization data; parent culture's ('en') localization data will be used.
[2015.08.18-17.28.01:970][  0]LogTextLocalizationManager:Warning: Loaded localization resources contain conflicting entries for (Namespace:ContentBrowser, Key:ImportAssetToolTip):
Localization Resource: (C:/Program Files/Epic Games/4.8/Engine/Content/Localization/Editor/en/Editor.locres) Source String Hash: (-630476809) Localized String: (Import to {0}...)
Localization Resource: (C:/Program Files/Epic Games/4.8/Engine/Content/Localization/Editor/en/Editor.locres) Source String Hash: (1271782899) Localized String: (Imports an asset from file to this folder.)
[2015.08.18-17.28.02:651][  0]LogD3D11RHI: Found D3D11 adapter 0: Intel(R) HD Graphics 3000 (Feature Level 10_0)
[2015.08.18-17.28.02:651][  0]LogD3D11RHI: Adapter has 32MB of dedicated video memory, 0MB of dedicated system memory, and 1632MB of shared system memory, 1 output[s]
[2015.08.18-17.28.02:652][  0]LogD3D11RHI: Found D3D11 adapter 1: Microsoft Basic Render Driver (Feature Level 11_0)
[2015.08.18-17.28.02:652][  0]LogD3D11RHI: Adapter has 0MB of dedicated video memory, 0MB of dedicated system memory, and 256MB of shared system memory, 0 output[s]
[2015.08.18-17.28.02:652][  0]LogD3D11RHI: Chosen D3D11 Adapter Id = 0
[2015.08.18-17.28.02:658][  0]LogD3D11RHI: InitD3DDevice
[2015.08.18-17.28.02:658][  0]LogD3D11RHI: !Direct3DDevice
[2015.08.18-17.28.02:658][  0]LogRHI: Texture pool is 593 MB (70% of 848 MB)
[2015.08.18-17.28.02:660][  0]LogD3D11RHI: Async texture creation enabled
[2015.08.18-17.28.02:679][  0]LogShaderCompilers:Display: Using Local Shader Compiler.
[2015.08.18-17.28.04:202][  0]LogTemp:Display: Loaded TP DesktopTargetPlatform
[2015.08.18-17.28.04:224][  0]LogTemp:Display: Loaded TP WindowsClientTargetPlatform
[2015.08.18-17.28.04:246][  0]LogTemp:Display: Loaded TP WindowsNoEditorTargetPlatform
[2015.08.18-17.28.04:269][  0]LogTemp:Display: Loaded TP WindowsServerTargetPlatform
[2015.08.18-17.28.04:293][  0]LogTemp:Display: Loaded TP WindowsTargetPlatform
[2015.08.18-17.28.04:312][  0]LogTemp:Display: Loaded TP AndroidTargetPlatform
[2015.08.18-17.28.04:331][  0]LogTemp:Display: Loaded TP Android_ASTCTargetPlatform
[2015.08.18-17.28.04:349][  0]LogTemp:Display: Loaded TP Android_ATCTargetPlatform
[2015.08.18-17.28.04:371][  0]LogTemp:Display: Loaded TP Android_DXTTargetPlatform
[2015.08.18-17.28.04:393][  0]LogTemp:Display: Loaded TP Android_ETC1TargetPlatform
[2015.08.18-17.28.04:412][  0]LogTemp:Display: Loaded TP Android_ETC2TargetPlatform
[2015.08.18-17.28.04:430][  0]LogTemp:Display: Loaded TP Android_PVRTCTargetPlatform
[2015.08.18-17.28.04:498][  0]LogTemp:Display: Loaded TP IOSTargetPlatform
[2015.08.18-17.28.04:516][  0]LogTemp:Display: Loaded TP LinuxNoEditorTargetPlatform
[2015.08.18-17.28.04:535][  0]LogTemp:Display: Loaded TP LinuxServerTargetPlatform
[2015.08.18-17.28.04:556][  0]LogTemp:Display: Loaded TP LinuxTargetPlatform
[2015.08.18-17.28.04:557][  0]LogTargetPlatformManager:Display: Building Assets For Windows
[2015.08.18-17.28.04:894][  0]LogDerivedDataCache:Display: Max Cache Size: 512 MB
[2015.08.18-17.28.05:680][  0]LogDerivedDataCache: Loaded boot cache 0.79s 48MB C:/Users/Christian/AppData/Local/UnrealEngine/4.8/DerivedDataCache/Boot.ddc.
[2015.08.18-17.28.05:680][  0]LogDerivedDataCache:Display: Loaded Boot cache: C:/Users/Christian/AppData/Local/UnrealEngine/4.8/DerivedDataCache/Boot.ddc
[2015.08.18-17.28.05:680][  0]LogDerivedDataCache: FDerivedDataBackendGraph:  Pak pak cache file ../../../../../../Users/Christian/Desktop/TheForsakensJacket/DerivedDataCache/DDC.ddp not found, will not use a pak cache.
[2015.08.18-17.28.05:681][  0]LogDerivedDataCache: Unable to find inner node Pak for hierarchical cache Hierarchy.
[2015.08.18-17.28.05:681][  0]LogDerivedDataCache: FDerivedDataBackendGraph:  CompressedPak pak cache file ../../../../../../Users/Christian/Desktop/TheForsakensJacket/DerivedDataCache/Compressed.ddp not found, will not use a pak cache.
[2015.08.18-17.28.05:681][  0]LogDerivedDataCache: Unable to find inner node CompressedPak for hierarchical cache Hierarchy.
[2015.08.18-17.28.06:019][  0]LogDerivedDataCache:Display: Pak cache opened for reading ../../../Engine/DerivedDataCache/Compressed.ddp.
[2015.08.18-17.28.06:031][  0]LogDerivedDataCache: Using Local data cache path C:/Users/Christian/AppData/Local/UnrealEngine/Common/DerivedDataCache: Writable
[2015.08.18-17.28.07:341][  0]LogInit: Selected Device Profile: [Windows]
[2015.08.18-17.28.07:467][  0]ImportText (ComponentSweepMultiTests): Missing closing parenthesis: (RootShapeAsset="/Engine/BasicShapes/Cube.Cube",ShapeType="TriggerCapsule",HitResult=(Time=0.50,Location=(X=-100.000015,Y=0.0,Z=100.000015),ImpactPoint=(X=-50.0,Y=0.0,Z=50.0),Normal=(X=-1.0,Y=-0.0,Z=0.0),ImpactNormal=(X=0.0,Y=0.0,Z=1.0),TraceStart=(X=-200.0,Y=0.0,Z=200.0),TraceEnd=(X=0.0,Y=0.0,Z=0.0))
[2015.08.18-17.28.07:467][  0]ImportText (LineTraceSingleByChannelTests): Missing closing parenthesis: (RootShapeAsset="/Engine/BasicShapes/Cube.Cube",HitResult=(Time=0.50,Location=(X=-100.000015,Y=0.0,Z=100.000015),ImpactPoint=(X=-50.0,Y=0.0,Z=50.0),Normal=(X=-1.0,Y=-0.0,Z=0.0),ImpactNormal=(X=0.0,Y=0.0,Z=1.0),TraceStart=(X=-200.0,Y=0.0,Z=200.0),TraceEnd=(X=0.0,Y=0.0,Z=0.0))
[2015.08.18-17.28.07:507][  0]LogMeshUtilities: No automatic mesh reduction module available
[2015.08.18-17.28.07:507][  0]LogMeshUtilities: No automatic mesh merging module available
[2015.08.18-17.28.08:230][  0]LogInit: WinSock: version 1.1 (2.2), MaxSocks=32767, MaxUdp=65467
[2015.08.18-17.28.24:522][  0]UdpMessaging: Initializing bridge on interface 0.0.0.0:0 to multicast group 230.0.0.1:6666.
[2015.08.18-17.28.25:332][  0]SourceControl: Info Source control is disabled
[2015.08.18-17.28.25:436][  0]SourceControl: Info Source control is disabled
[2015.08.18-17.28.25:450][  0]SourceControl: Info Source control is disabled
[2015.08.18-17.28.25:465][  0]SourceControl: Info Source control is disabled
[2015.08.18-17.28.25:980][  0]LogObj: 26273 objects as part of root set at end of initial load.
[2015.08.18-17.28.25:980][  0]LogUObjectAllocator: 5409256 out of 0 bytes used by permanent object pool.
[2015.08.18-17.28.26:102][  0]LogEngine: Initializing Engine...
[2015.08.18-17.28.26:105][  0]LogHMD: Can't find Oculus library dev build: is proper Runtime installed? Version: 0.6.0.0
[2015.08.18-17.28.26:123][  0]LogHMD:Warning: SteamVR failed to initialize.  Error: 110
[2015.08.18-17.28.26:365][  0]LogAIModule: Creating AISystem for world NewWorld
[2015.08.18-17.28.26:369][  0]LogInit: XAudio2 using 'Speakers (Realtek High Definition Audio)' : 2 channels at 48 kHz using 32 bits per sample (channel mask 0x3)
[2015.08.18-17.28.26:389][  0]LogInit: FAudioDevice initialized.
[2015.08.18-17.28.26:443][  0]LogDerivedDataCache: Saved boot cache 0.05s 48MB C:/Users/Christian/AppData/Local/UnrealEngine/4.8/DerivedDataCache/Boot.ddc.
[2015.08.18-17.28.26:456][  0]LogInit: Texture streaming: Disabled
[2015.08.18-17.28.26:492][  0]LogAnalytics: Creating configured Analytics provider AnalyticsET
[2015.08.18-17.28.26:492][  0]LogAnalytics: [UEEditor.Rocket.Release] APIServer = http://et2.epicgames.com/ET2/. AppVersion = 4.8.3-2634408+++depot+UE4-Releases+4.8
[2015.08.18-17.28.26:492][  0]LogAnalytics: [UEEditor.Rocket.Release] SetUserId d520111f42444ed2ae17ceb4cce854a2|256081b0662a4905b440382e278adc23|3ae4f12a-3c0a-4aaf-bb63-a78589ca1625
[2015.08.18-17.28.26:492][  0]LogAnalytics: [UEEditor.Rocket.Release] AnalyticsET::StartSession
[2015.08.18-17.28.26:550][  0]LogInit: Transaction tracking system initialized
[2015.08.18-17.28.26:808][  0]BlueprintLog: New page: Editor Load
[2015.08.18-17.28.26:861][  0]LogAssetRegistry: FAssetRegistry took 0.0113 seconds to start up
[2015.08.18-17.28.26:862][  0]LogDirectoryWatcher:Warning: Failed to begin reading directory changes for ../../../Engine/Plugins/Experimental/CharacterAI/Content/. Error: 0
[2015.08.18-17.28.28:295][  0]LogConsoleManager:Warning: Console variable 'r.VSync' wasn't set ('GameSetting' has a lower priority than 'SystemSettingsIni')
[2015.08.18-17.28.28:295][  0]LogConsoleResponse:Display: 
[2015.08.18-17.28.29:427][  0]LogCook:Display: Done creating registry. It took  0.00s.
[2015.08.18-17.28.30:503][  0]SourceControl: Info Source control is disabled
[2015.08.18-17.28.30:503][  0]Cmd: MAP LOAD FILE="../../../Engine/Content/Maps/Templates/Template_Default.umap" TEMPLATE=1 SHOWPROGRESS=1 FEATURELEVEL=2
[2015.08.18-17.28.30:521][  0]LightingResults: New page: Lighting Build
[2015.08.18-17.28.30:548][  0]MapCheck: New page: Map Check
[2015.08.18-17.28.30:548][  0]LightingResults: New page: Lighting Build
[2015.08.18-17.28.30:576][  0]LogParticles: Destroying 0 GPU particle simulations for FXSystem 0x00000001125418A0
[2015.08.18-17.28.31:662][  0]LogAIModule: Creating AISystem for world Untitled_1
[2015.08.18-17.28.31:682][  0]LogEditorServer: Finished looking for orphan Actors (0.000 secs)
[2015.08.18-17.28.31:738][  0]Cmd: MAP CHECKDEP NOCLEARLOG
[2015.08.18-17.28.31:786][  0]MapCheck: Info Map check complete: 0 Error(s), 0 Warning(s), took 48.281ms to complete.
[2015.08.18-17.28.31:786][  0]LogFileHelpers: Loading map 'Template_Default' took 1.283
[2015.08.18-17.28.32:009][  0]LogCollectionManager: Loaded 0 collections in 0.002938 seconds
[2015.08.18-17.28.32:021][  0]LogContentBrowser: Native class hierarchy populated in 0.0120 seconds. Added 1792 classes and 301 folders.
[2015.08.18-17.28.32:162][  0]LogContentBrowser: Native class hierarchy updated for 'WidgetCarousel' in 0.0005 seconds. Added 0 classes and 0 folders.
[2015.08.18-17.28.32:735][  0]LogContentBrowser: Native class hierarchy updated for 'AddContentDialog' in 0.0019 seconds. Added 0 classes and 0 folders.
[2015.08.18-17.28.32:774][  0]LogContentBrowser: Native class hierarchy updated for 'SceneOutliner' in 0.0008 seconds. Added 1 classes and 2 folders.
[2015.08.18-17.28.32:949][  0]LogCrashTracker: Crashtracker disabled due to settings.
[2015.08.18-17.28.32:951][  0]LogD3D11RHI: InitD3DDevice
[2015.08.18-17.28.32:956][  0]LogUObjectGlobals:Warning: Failed to find object 'Class None.'
[2015.08.18-17.28.32:978][  0]LogLoad: Full Startup: 34.33 seconds (BP compile: 0.33 seconds)
[2015.08.18-17.28.33:065][  0]LogContentStreaming: Texture pool size is 0.000000MB
[2015.08.18-17.28.33:203][  0]LogContentStreaming: Texture pool size now 1000 MB
[2015.08.18-17.28.33:553][  0]LogRenderer: Reallocating scene render targets to support 736x360 (Frame:2).
[2015.08.18-17.28.36:291][ 25]LogAssetRegistry: Asset discovery search completed in 9.4414 seconds
[2015.08.18-17.28.45:159][250]LogD3D11RHI: InitD3DDevice
[2015.08.18-17.28.52:615][468]LogD3D11RHI: InitD3DDevice
[2015.08.18-17.28.55:369][532]LogD3D11RHI: InitD3DDevice
[2015.08.18-17.29.28:651][532]LogAIModule: Creating AISystem for world MansionNew
[2015.08.18-17.29.29:748][532]Cmd: MAP LOAD FILE="../../../../../../Users/Christian/Desktop/TheForsakensJacket/Content/Maps/MansionNew.umap" TEMPLATE=0 SHOWPROGRESS=1 FEATURELEVEL=2
[2015.08.18-17.29.29:750][532]LightingResults: New page: Lighting Build
[2015.08.18-17.29.29:799][532]LoadErrors: New page: Loading map: MansionNew.umap
[2015.08.18-17.29.29:800][532]MapCheck: New page: Map Check
[2015.08.18-17.29.29:800][532]LightingResults: New page: Lighting Build
[2015.08.18-17.29.29:868][532]LogParticles: Destroying 0 GPU particle simulations for FXSystem 0x000000011C507740
[2015.08.18-17.29.33:923][532]LogAIModule: Creating AISystem for world MansionNew
[2015.08.18-17.29.34:258][532]LogEditorServer: Finished looking for orphan Actors (0.000 secs)
[2015.08.18-17.29.35:522][532]Cmd: MAP CHECKDEP NOCLEARLOG
[2015.08.18-17.29.35:680][532]MapCheck: Info Map check complete: 0 Error(s), 0 Warning(s), took 156.524ms to complete.
[2015.08.18-17.29.35:681][532]LogFileHelpers: Loading map 'MansionNew' took 5.935
[2015.08.18-17.31.58:034][103]LogD3D11RHI: InitD3DDevice
[2015.08.18-17.31.58:242][103]LogD3D11RHI: InitD3DDevice
[2015.08.18-17.32.00:322][103]LogFactory: FactoryCreateBinary: StaticMesh with FbxFactory (0 0 ../../../../../../Users/Christian/Desktop/zombie_walk.fbx)
[2015.08.18-17.32.00:615][103]LogFbx: ItemName: GlobalSettings, ItemCount : 1
[2015.08.18-17.32.00:615][103]LogFbx: ItemName: Model, ItemCount : 68
[2015.08.18-17.32.00:615][103]LogFbx: ItemName: NodeAttribute, ItemCount : 68
[2015.08.18-17.32.00:615][103]LogFbx: ItemName: AnimationStack, ItemCount : 1
[2015.08.18-17.32.00:615][103]LogFbx: ItemName: AnimationLayer, ItemCount : 1
[2015.08.18-17.32.00:615][103]LogFbx: ItemName: AnimationCurveNode, ItemCount : 75
[2015.08.18-17.32.00:615][103]LogFbx: ItemName: AnimationCurve, ItemCount : 426
[2015.08.18-17.32.00:817][103]LogD3D11RHI: InitD3DDevice
[2015.08.18-17.32.02:152][103]LogD3D11RHI: InitD3DDevice
[2015.08.18-17.32.09:994][103]LogFbx: Loading FBX Scene from ../../../../../../Users/Christian/Desktop/zombie_walk.fbx
[2015.08.18-17.32.10:076][103]LogFbx: FBX Scene Loaded Succesfully
[2015.08.18-17.32.10:116][103]LogFbx: SortedLinks :(0) root
[2015.08.18-17.32.10:117][103]LogFbx: SortedLinks :(1) pelvis
[2015.08.18-17.32.10:117][103]LogFbx: SortedLinks :(2) spine_01
[2015.08.18-17.32.10:117][103]LogFbx: SortedLinks :(3) spine_02
[2015.08.18-17.32.10:117][103]LogFbx: SortedLinks :(4) spine_03
[2015.08.18-17.32.10:117][103]LogFbx: SortedLinks :(5) clavicle_l
[2015.08.18-17.32.10:117][103]LogFbx: SortedLinks :(6) upperarm_l
[2015.08.18-17.32.10:117][103]LogFbx: SortedLinks :(7) lowerarm_l
[2015.08.18-17.32.10:117][103]LogFbx: SortedLinks :(8) hand_l
[2015.08.18-17.32.10:117][103]LogFbx: SortedLinks :(9) index_01_l
[2015.08.18-17.32.10:117][103]LogFbx: SortedLinks :(10) index_02_l
[2015.08.18-17.32.10:117][103]LogFbx: SortedLinks :(11) index_03_l
[2015.08.18-17.32.10:117][103]LogFbx: SortedLinks :(12) middle_01_l
[2015.08.18-17.32.10:117][103]LogFbx: SortedLinks :(13) middle_02_l
[2015.08.18-17.32.10:117][103]LogFbx: SortedLinks :(14) middle_03_l
[2015.08.18-17.32.10:117][103]LogFbx: SortedLinks :(15) pinky_01_l
[2015.08.18-17.32.10:117][103]LogFbx: SortedLinks :(16) pinky_02_l
[2015.08.18-17.32.10:117][103]LogFbx: SortedLinks :(17) pinky_03_l
[2015.08.18-17.32.10:117][103]LogFbx: SortedLinks :(18) ring_01_l
[2015.08.18-17.32.10:117][103]LogFbx: SortedLinks :(19) ring_02_l
[2015.08.18-17.32.10:117][103]LogFbx: SortedLinks :(20) ring_03_l
[2015.08.18-17.32.10:117][103]LogFbx: SortedLinks :(21) thumb_01_l
[2015.08.18-17.32.10:117][103]LogFbx: SortedLinks :(22) thumb_02_l
[2015.08.18-17.32.10:117][103]LogFbx: SortedLinks :(23) thumb_03_l
[2015.08.18-17.32.10:117][103]LogFbx: SortedLinks :(24) lowerarm_twist_01_l
[2015.08.18-17.32.10:117][103]LogFbx: SortedLinks :(25) upperarm_twist_01_l
[2015.08.18-17.32.10:117][103]LogFbx: SortedLinks :(26) clavicle_r
[2015.08.18-17.32.10:117][103]LogFbx: SortedLinks :(27) upperarm_r
[2015.08.18-17.32.10:117][103]LogFbx: SortedLinks :(28) lowerarm_r
[2015.08.18-17.32.10:117][103]LogFbx: SortedLinks :(29) hand_r
[2015.08.18-17.32.10:117][103]LogFbx: SortedLinks :(30) index_01_r
[2015.08.18-17.32.10:117][103]LogFbx: SortedLinks :(31) index_02_r
[2015.08.18-17.32.10:117][103]LogFbx: SortedLinks :(32) index_03_r
[2015.08.18-17.32.10:117][103]LogFbx: SortedLinks :(33) middle_01_r
[2015.08.18-17.32.10:117][103]LogFbx: SortedLinks :(34) middle_02_r
[2015.08.18-17.32.10:117][103]LogFbx: SortedLinks :(35) middle_03_r
[2015.08.18-17.32.10:117][103]LogFbx: SortedLinks :(36) pinky_01_r
[2015.08.18-17.32.10:117][103]LogFbx: SortedLinks :(37) pinky_02_r
[2015.08.18-17.32.10:117][103]LogFbx: SortedLinks :(38) pinky_03_r
[2015.08.18-17.32.10:117][103]LogFbx: SortedLinks :(39) ring_01_r
[2015.08.18-17.32.10:117][103]LogFbx: SortedLinks :(40) ring_02_r
[2015.08.18-17.32.10:117][103]LogFbx: SortedLinks :(41) ring_03_r
[2015.08.18-17.32.10:117][103]LogFbx: SortedLinks :(42) thumb_01_r
[2015.08.18-17.32.10:117][103]LogFbx: SortedLinks :(43) thumb_02_r
[2015.08.18-17.32.10:117][103]LogFbx: SortedLinks :(44) thumb_03_r
[2015.08.18-17.32.10:117][103]LogFbx: SortedLinks :(45) lowerarm_twist_01_r
[2015.08.18-17.32.10:117][103]LogFbx: SortedLinks :(46) upperarm_twist_01_r
[2015.08.18-17.32.10:117][103]LogFbx: SortedLinks :(47) neck_01
[2015.08.18-17.32.10:117][103]LogFbx: SortedLinks :(48) head
[2015.08.18-17.32.10:117][103]LogFbx: SortedLinks :(49) thigh_l
[2015.08.18-17.32.10:117][103]LogFbx: SortedLinks :(50) calf_l
[2015.08.18-17.32.10:117][103]LogFbx: SortedLinks :(51) calf_twist_01_l
[2015.08.18-17.32.10:117][103]LogFbx: SortedLinks :(52) foot_l
[2015.08.18-17.32.10:117][103]LogFbx: SortedLinks :(53) ball_l
[2015.08.18-17.32.10:117][103]LogFbx: SortedLinks :(54) thigh_twist_01_l
[2015.08.18-17.32.10:117][103]LogFbx: SortedLinks :(55) thigh_r
[2015.08.18-17.32.10:117][103]LogFbx: SortedLinks :(56) calf_r
[2015.08.18-17.32.10:117][103]LogFbx: SortedLinks :(57) calf_twist_01_r
[2015.08.18-17.32.10:117][103]LogFbx: SortedLinks :(58) foot_r
[2015.08.18-17.32.10:117][103]LogFbx: SortedLinks :(59) ball_r
[2015.08.18-17.32.10:117][103]LogFbx: SortedLinks :(60) thigh_twist_01_r
[2015.08.18-17.32.10:117][103]LogFbx: SortedLinks :(61) ik_foot_root
[2015.08.18-17.32.10:117][103]LogFbx: SortedLinks :(62) ik_foot_l
[2015.08.18-17.32.10:117][103]LogFbx: SortedLinks :(63) ik_foot_r
[2015.08.18-17.32.10:117][103]LogFbx: SortedLinks :(64) ik_hand_root
[2015.08.18-17.32.10:117][103]LogFbx: SortedLinks :(65) ik_hand_gun
[2015.08.18-17.32.10:117][103]LogFbx: SortedLinks :(66) ik_hand_l
[2015.08.18-17.32.10:117][103]LogFbx: SortedLinks :(67) ik_hand_r
[2015.08.18-17.32.10:119][103]LogFbx: Parsing AnimStack mixamo.com
[2015.08.18-17.32.17:161][120]LogD3D11RHI: InitD3DDevice
[2015.08.18-17.32.34:390][516]LogD3D11RHI: InitD3DDevice
[2015.08.18-17.32.36:212][531]LogEditorViewport: Clicking on Actor (context menu): StaticMeshActor (wallPlane83)
[2015.08.18-17.32.36:681][531]LogD3D11RHI: InitD3DDevice
[2015.08.18-17.32.42:616][661]LogEditorViewport: Clicking on Actor (LMB): PointLight (PointLight20)
[2015.08.18-17.32.46:964][757]LogEditorViewport: Clicking on Actor (LMB): ZombieAI_C (ZombieAI)
[2015.08.18-17.32.55:381][922]LogEditorViewport: Clicking on Actor (LMB): ZombieAI_C (ZombieAI)
[2015.08.18-17.33.01:371][ 40]LogD3D11RHI: InitD3DDevice
[2015.08.18-17.33.04:118][159]LogD3D11RHI: InitD3DDevice
[2015.08.18-17.33.04:284][159]LogD3D11RHI: InitD3DDevice
[2015.08.18-17.33.06:505][286]LogSlate:Warning: Prevented a slow task dialog from being summoned while a context menu was open
[2015.08.18-17.33.31:470][794]LogD3D11RHI: InitD3DDevice
[2015.08.18-17.33.32:963][794]LogD3D11RHI: InitD3DDevice
[2015.08.18-17.33.33:093][794]Cmd: OBJ SAVEPACKAGE PACKAGE="/Game/AI/zombie_walk" FILE="../../../../../../Users/Christian/Desktop/TheForsakensJacket/Content/AI/zombie_walk.uasset" SILENT=true
[2015.08.18-17.33.33:271][794]LogSavePackage: Save=100.143684ms
[2015.08.18-17.33.33:271][794]LogSavePackage: Moving '../../../../../../Users/Christian/Desktop/TheForsakensJacket/Saved/zombie_walkA32F1CE7488B1A4E0DE89CA9F0936B7F.tmp' to '../../../../../../Users/Christian/Desktop/TheForsakensJacket/Content/AI/zombie_walk.uasset'
[2015.08.18-17.33.33:559][794]Cmd: OBJ SAVEPACKAGE PACKAGE="/Game/Maps/MansionNew" FILE="../../../../../../Users/Christian/Desktop/TheForsakensJacket/Content/Maps/MansionNew.umap" SILENT=true AUTOSAVING=false KEEPDIRTY=false
[2015.08.18-17.33.54:230][794]LogSavePackage: Save=15068.006836ms
[2015.08.18-17.33.54:230][794]LogSavePackage: Moving '../../../../../../Users/Christian/Desktop/TheForsakensJacket/Saved/MansionNewE8482DEE4F2C8206D3EB07A6878082E2.tmp' to '../../../../../../Users/Christian/Desktop/TheForsakensJacket/Content/Maps/MansionNew.umap'
[2015.08.18-17.33.54:590][794]LogFileHelpers: Saving map 'MansionNew' took 21.245
[2015.08.18-17.34.01:997][961]LogPlayLevel: PIE:  No blueprints needed recompiling
[2015.08.18-17.34.02:802][961]PIE: New page: PIE session: MansionNew (Aug 18, 2015, 7:34:02 AM)
[2015.08.18-17.34.02:818][961]LogPlayLevel: Creating play world package: /Game/Maps/UEDPIE_0_MansionNew
[2015.08.18-17.34.10:262][961]LogPlayLevel: PIE: StaticDuplicateObject took: (7.444090s)
[2015.08.18-17.34.10:294][961]LogAIModule: Creating AISystem for world MansionNew
[2015.08.18-17.34.10:298][961]LogPlayLevel: PIE: World Init took: (0.006048s)
[2015.08.18-17.34.10:312][961]LogPlayLevel: PIE: Created PIE world by copying editor world from /Game/Maps/MansionNew.MansionNew to /Game/Maps/UEDPIE_0_MansionNew.MansionNew (7.494655s)
[2015.08.18-17.34.10:534][961]LogInit: XAudio2 using 'Speakers (Realtek High Definition Audio)' : 2 channels at 48 kHz using 32 bits per sample (channel mask 0x3)
[2015.08.18-17.34.10:563][961]LogInit: FAudioDevice initialized.
[2015.08.18-17.34.10:649][961]LogD3D11RHI: InitD3DDevice
[2015.08.18-17.34.11:786][961]LogWorld: Game class is 'MyGame_C'
[2015.08.18-17.34.12:556][961]LogWorld: Bringing World /Game/Maps/UEDPIE_0_MansionNew.MansionNew up for play (max tick rate 60) at 2015.08.18-12.34.12
[2015.08.18-17.34.12:556][961]LogActor:Warning: GameSession /Game/Maps/UEDPIE_0_MansionNew.MansionNew:PersistentLevel.GameSession_0 has natively added scene component(s), but none of them were set as the actor's RootComponent - picking one arbitrarily
[2015.08.18-17.34.12:862][961]LogActor:Warning: GameNetworkManager /Game/Maps/UEDPIE_0_MansionNew.MansionNew:PersistentLevel.GameNetworkManager_0 has natively added scene component(s), but none of them were set as the actor's RootComponent - picking one arbitrarily
[2015.08.18-17.34.15:815][961]LogWorld: Bringing up level for play took: 3.714917
[2015.08.18-17.34.16:802][961]PIE: Info Play in editor start time for /Game/Maps/UEDPIE_0_MansionNew 15.778
[2015.08.18-17.34.17:459][961]LogRenderer: Reallocating scene render targets to support 1296x728 (Frame:2699).
[2015.08.18-17.34.25:297][986]LogArray:Warning: Attempted to get an item from array CallFunc_GetDataTableRowNames_OutRowNames out of bounds [5/4]!
[2015.08.18-17.34.25:297][986]LogArray:Warning: Attempted to get an item from array CallFunc_GetDataTableRowNames_OutRowNames out of bounds [6/4]!
[2015.08.18-17.34.56:772][227]LogArray:Warning: Attempted to get an item from array CallFunc_GetDataTableRowNames_OutRowNames out of bounds [5/4]!
[2015.08.18-17.34.56:772][227]LogArray:Warning: Attempted to get an item from array CallFunc_GetDataTableRowNames_OutRowNames out of bounds [6/4]!
[2015.08.18-17.35.22:755][480]LogParticles: Destroying 0 GPU particle simulations for FXSystem 0x0000000111C54680
[2015.08.18-17.35.30:855][633]Cmd: TRANSACTION UNDO
[2015.08.18-17.35.30:875][633]LogEditorTransaction: Undo Scale Actors
[2015.08.18-17.35.30:911][633]LogD3D11RHI: InitD3DDevice
[2015.08.18-17.36.03:378][260]LogD3D11RHI: InitD3DDevice
[2015.08.18-17.36.03:729][260]LogLinker:Warning: Asset '../../../Engine/Content/ArtTools/RenderToTexture/Macros/RenderToTextureMacros.uasset' has been saved with empty engine version. The asset will be loaded but may be incompatible.
[2015.08.18-17.36.04:314][260]LogLinker:Warning: Asset '../../../Engine/Content/ArtTools/RenderToTexture/Enums/RenderToTexture_Enum.uasset' has been saved with empty engine version. The asset will be loaded but may be incompatible.
[2015.08.18-17.36.22:683][678]BlueprintLog: New page: Compile ombie
[2015.08.18-17.36.22:947][678]LogActorComponent: UnregisterComponent: (/Engine/Transient.CharMoveComp) Not registered. Aborting.
[2015.08.18-17.36.23:149][678]BlueprintEditorCompileResults: Info [0504.51] Compile of ombie successful! [in 466 ms]
[2015.08.18-17.36.24:506][716]LogPlayLevel: PIE:  No blueprints needed recompiling
[2015.08.18-17.36.24:506][716]PIE: New page: PIE session: MansionNew (Aug 18, 2015, 7:36:24 AM)
[2015.08.18-17.36.24:506][716]LogPlayLevel: Creating play world package: /G