[2015.08.20-23.29.06:221][  0]Log file open, 08/20/15 18:29:06
[2015.08.20-23.29.06:221][  0]LogInit:Display: Running engine for game: TheForsakensJacket
[2015.08.20-23.29.06:221][  0]LogInit:Display: RandInit(1653091707) SRandInit(1653091708).
[2015.08.20-23.29.06:224][  0]LogTaskGraph: Started task graph with 4 named threads and 5 total threads.
[2015.08.20-23.29.06:224][  0]LogStats: Stats thread started
[2015.08.20-23.29.06:224][  0]LogInit: Version: 4.8.3-2634408+++depot+UE4-Releases+4.8
[2015.08.20-23.29.06:224][  0]LogInit: API Version: 2579680
[2015.08.20-23.29.06:224][  0]LogInit: Compiled (64-bit): Jul 27 2015 16:24:33
[2015.08.20-23.29.06:225][  0]LogInit: Compiled with Visual C++: 18.00.21005.01
[2015.08.20-23.29.06:225][  0]LogInit: Build Configuration: Development
[2015.08.20-23.29.06:225][  0]LogInit: Branch Name: ++depot+UE4-Releases+4.8
[2015.08.20-23.29.06:225][  0]LogInit: Command line:  
[2015.08.20-23.29.06:225][  0]LogInit: Base directory: C:/Program Files/Epic Games/4.8/Engine/Binaries/Win64/
[2015.08.20-23.29.06:225][  0]LogInit: Rocket: 1
[2015.08.20-23.29.07:582][  0]LogInit: Using libcurl 7.41.0
[2015.08.20-23.29.07:582][  0]LogInit:  - built for x86_64-pc-win32
[2015.08.20-23.29.07:582][  0]LogInit:  - supports SSL with WinSSL
[2015.08.20-23.29.07:582][  0]LogInit:  - other features:
[2015.08.20-23.29.07:582][  0]LogInit:      CURL_VERSION_SSL
[2015.08.20-23.29.07:582][  0]LogInit:      CURL_VERSION_IPV6
[2015.08.20-23.29.07:582][  0]LogInit:      CURL_VERSION_ASYNCHDNS
[2015.08.20-23.29.07:582][  0]LogInit:      CURL_VERSION_LARGEFILE
[2015.08.20-23.29.07:582][  0]LogInit:      CURL_VERSION_IDN
[2015.08.20-23.29.07:592][  0]LogInit:  CurlRequestOptions (configurable via config and command line):
[2015.08.20-23.29.07:592][  0]LogInit:  - bVerifyPeer = true  - Libcurl will verify peer certificate
[2015.08.20-23.29.07:592][  0]LogInit:  - bUseHttpProxy = false  - Libcurl will NOT use HTTP proxy
[2015.08.20-23.29.07:592][  0]LogInit:  - bDontReuseConnections = false  - Libcurl will reuse connections
[2015.08.20-23.29.07:592][  0]LogInit:  - CertBundlePath = nullptr  - Libcurl will use whatever was configured at build time.
[2015.08.20-23.29.07:672][  0]LogOnline:Warning: No default platform service specified for OnlineSubsystem
[2015.08.20-23.29.08:022][  0]LogInit: Presizing for 0 objects not considered by GC, pre-allocating 0 bytes.
[2015.08.20-23.29.08:141][  0]LogInit: Object subsystem initialized
[2015.08.20-23.29.08:174][  0]LogConsoleResponse:Warning: Skipping Unknown console variable: 'TranslucentSortAxis = (X=0.000000,Y=-1.000000,Z=0.000000)'
[2015.08.20-23.29.08:174][  0]LogConsoleResponse:Warning:   Found in ini file 'C:/Users/Christian/Desktop/TheForsakensJacket/Saved/Config/Windows/Engine.ini', in section '[/Script/Engine.RendererSettings]'
[2015.08.20-23.29.08:174][  0]LogConsoleResponse:Warning: Skipping Unknown console variable: 'UIScaleRule = ShortestSide'
[2015.08.20-23.29.08:174][  0]LogConsoleResponse:Warning:   Found in ini file 'C:/Users/Christian/Desktop/TheForsakensJacket/Saved/Config/Windows/Engine.ini', in section '[/Script/Engine.RendererSettings]'
[2015.08.20-23.29.08:174][  0]LogConsoleResponse:Warning: Skipping Unknown console variable: 'UIScaleCurve = (EditorCurveData=(Keys=),ExternalCurve=None)'
[2015.08.20-23.29.08:174][  0]LogConsoleResponse:Warning:   Found in ini file 'C:/Users/Christian/Desktop/TheForsakensJacket/Saved/Config/Windows/Engine.ini', in section '[/Script/Engine.RendererSettings]'
[2015.08.20-23.29.08:303][  0]LogInit: Selected Device Profile: [Windows]
[2015.08.20-23.29.08:303][  0]LogInit: Applying CVar settings loaded from the selected device profile: [Windows]
[2015.08.20-23.29.08:869][  0]LogInit: Computer: CHRISTIANGAMING
[2015.08.20-23.29.08:869][  0]LogInit: User: Christian
[2015.08.20-23.29.08:869][  0]LogInit: CPU Page size=4096, Cores=2
[2015.08.20-23.29.08:869][  0]LogInit: High frequency timer resolution =2.143570 MHz
[2015.08.20-23.29.08:914][  0]LogMemory: Memory total: Physical=3.9GB (4GB approx)
[2015.08.20-23.29.08:956][  0]LogMemory: Platform Memory Stats for Windows
[2015.08.20-23.29.08:956][  0]LogMemory: Process Physical Memory: 56.16 MB used, 58.58 MB peak
[2015.08.20-23.29.08:956][  0]LogMemory: Process Virtual Memory: 28.64 MB used, 32.68 MB peak
[2015.08.20-23.29.08:956][  0]LogMemory: Physical Memory: 3006.88 MB used, 3983.27 MB total
[2015.08.20-23.29.08:956][  0]LogMemory: Virtual Memory: 297.21 MB used, 8388608.00 MB total
[2015.08.20-23.29.12:233][  0]LogTextLocalizationManager: The requested culture ('en_US') has no localization data; parent culture's ('en') localization data will be used.
[2015.08.20-23.29.13:903][  0]LogTextLocalizationManager:Warning: Loaded localization resources contain conflicting entries for (Namespace:ContentBrowser, Key:ImportAssetToolTip):
Localization Resource: (C:/Program Files/Epic Games/4.8/Engine/Content/Localization/Editor/en/Editor.locres) Source String Hash: (-630476809) Localized String: (Import to {0}...)
Localization Resource: (C:/Program Files/Epic Games/4.8/Engine/Content/Localization/Editor/en/Editor.locres) Source String Hash: (1271782899) Localized String: (Imports an asset from file to this folder.)
[2015.08.20-23.29.15:658][  0]LogD3D11RHI: Found D3D11 adapter 0: Intel(R) HD Graphics 3000 (Feature Level 10_0)
[2015.08.20-23.29.15:658][  0]LogD3D11RHI: Adapter has 32MB of dedicated video memory, 0MB of dedicated system memory, and 1632MB of shared system memory, 1 output[s]
[2015.08.20-23.29.15:659][  0]LogD3D11RHI: Found D3D11 adapter 1: Microsoft Basic Render Driver (Feature Level 11_0)
[2015.08.20-23.29.15:659][  0]LogD3D11RHI: Adapter has 0MB of dedicated video memory, 0MB of dedicated system memory, and 256MB of shared system memory, 0 output[s]
[2015.08.20-23.29.15:659][  0]LogD3D11RHI: Chosen D3D11 Adapter Id = 0
[2015.08.20-23.29.15:691][  0]LogD3D11RHI: InitD3DDevice
[2015.08.20-23.29.15:691][  0]LogD3D11RHI: !Direct3DDevice
[2015.08.20-23.29.15:691][  0]LogRHI: Texture pool is 593 MB (70% of 848 MB)
[2015.08.20-23.29.15:694][  0]LogD3D11RHI: Async texture creation enabled
[2015.08.20-23.29.15:718][  0]LogShaderCompilers:Display: Using Local Shader Compiler.
[2015.08.20-23.29.28:898][  0]LogTemp:Display: Loaded TP DesktopTargetPlatform
[2015.08.20-23.29.28:946][  0]LogTemp:Display: Loaded TP WindowsClientTargetPlatform
[2015.08.20-23.29.28:997][  0]LogTemp:Display: Loaded TP WindowsNoEditorTargetPlatform
[2015.08.20-23.29.29:043][  0]LogTemp:Display: Loaded TP WindowsServerTargetPlatform
[2015.08.20-23.29.29:108][  0]LogTemp:Display: Loaded TP WindowsTargetPlatform
[2015.08.20-23.29.29:159][  0]LogTemp:Display: Loaded TP AndroidTargetPlatform
[2015.08.20-23.29.29:191][  0]LogTemp:Display: Loaded TP Android_ASTCTargetPlatform
[2015.08.20-23.29.29:220][  0]LogTemp:Display: Loaded TP Android_ATCTargetPlatform
[2015.08.20-23.29.29:253][  0]LogTemp:Display: Loaded TP Android_DXTTargetPlatform
[2015.08.20-23.29.29:287][  0]LogTemp:Display: Loaded TP Android_ETC1TargetPlatform
[2015.08.20-23.29.29:332][  0]LogTemp:Display: Loaded TP Android_ETC2TargetPlatform
[2015.08.20-23.29.29:364][  0]LogTemp:Display: Loaded TP Android_PVRTCTargetPlatform
[2015.08.20-23.29.29:529][  0]LogTemp:Display: Loaded TP IOSTargetPlatform
[2015.08.20-23.29.29:577][  0]LogTemp:Display: Loaded TP LinuxNoEditorTargetPlatform
[2015.08.20-23.29.29:604][  0]LogTemp:Display: Loaded TP LinuxServerTargetPlatform
[2015.08.20-23.29.29:680][  0]LogTemp:Display: Loaded TP LinuxTargetPlatform
[2015.08.20-23.29.29:680][  0]LogTargetPlatformManager:Display: Building Assets For Windows
[2015.08.20-23.29.30:925][  0]LogDerivedDataCache:Display: Max Cache Size: 512 MB
[2015.08.20-23.29.32:501][  0]LogDerivedDataCache: Loaded boot cache 1.58s 48MB C:/Users/Christian/AppData/Local/UnrealEngine/4.8/DerivedDataCache/Boot.ddc.
[2015.08.20-23.29.32:501][  0]LogDerivedDataCache:Display: Loaded Boot cache: C:/Users/Christian/AppData/Local/UnrealEngine/4.8/DerivedDataCache/Boot.ddc
[2015.08.20-23.29.32:501][  0]LogDerivedDataCache: FDerivedDataBackendGraph:  Pak pak cache file ../../../../../../Users/Christian/Desktop/TheForsakensJacket/DerivedDataCache/DDC.ddp not found, will not use a pak cache.
[2015.08.20-23.29.32:503][  0]LogDerivedDataCache: Unable to find inner node Pak for hierarchical cache Hierarchy.
[2015.08.20-23.29.32:503][  0]LogDerivedDataCache: FDerivedDataBackendGraph:  CompressedPak pak cache file ../../../../../../Users/Christian/Desktop/TheForsakensJacket/DerivedDataCache/Compressed.ddp not found, will not use a pak cache.
[2015.08.20-23.29.32:503][  0]LogDerivedDataCache: Unable to find inner node CompressedPak for hierarchical cache Hierarchy.
[2015.08.20-23.29.33:170][  0]LogDerivedDataCache:Display: Pak cache opened for reading ../../../Engine/DerivedDataCache/Compressed.ddp.
[2015.08.20-23.29.33:185][  0]LogDerivedDataCache: Using Local data cache path C:/Users/Christian/AppData/Local/UnrealEngine/Common/DerivedDataCache: Writable
[2015.08.20-23.29.39:402][  0]LogInit: Selected Device Profile: [Windows]
[2015.08.20-23.29.39:671][  0]ImportText (ComponentSweepMultiTests): Missing closing parenthesis: (RootShapeAsset="/Engine/BasicShapes/Cube.Cube",ShapeType="TriggerCapsule",HitResult=(Time=0.50,Location=(X=-100.000015,Y=0.0,Z=100.000015),ImpactPoint=(X=-50.0,Y=0.0,Z=50.0),Normal=(X=-1.0,Y=-0.0,Z=0.0),ImpactNormal=(X=0.0,Y=0.0,Z=1.0),TraceStart=(X=-200.0,Y=0.0,Z=200.0),TraceEnd=(X=0.0,Y=0.0,Z=0.0))
[2015.08.20-23.29.39:672][  0]ImportText (LineTraceSingleByChannelTests): Missing closing parenthesis: (RootShapeAsset="/Engine/BasicShapes/Cube.Cube",HitResult=(Time=0.50,Location=(X=-100.000015,Y=0.0,Z=100.000015),ImpactPoint=(X=-50.0,Y=0.0,Z=50.0),Normal=(X=-1.0,Y=-0.0,Z=0.0),ImpactNormal=(X=0.0,Y=0.0,Z=1.0),TraceStart=(X=-200.0,Y=0.0,Z=200.0),TraceEnd=(X=0.0,Y=0.0,Z=0.0))
[2015.08.20-23.29.39:773][  0]LogMeshUtilities: No automatic mesh reduction module available
[2015.08.20-23.29.39:773][  0]LogMeshUtilities: No automatic mesh merging module available
[2015.08.20-23.29.41:554][  0]LogInit: WinSock: version 1.1 (2.2), MaxSocks=32767, MaxUdp=65467
[2015.08.20-23.30.08:739][  0]UdpMessaging: Initializing bridge on interface 0.0.0.0:0 to multicast group 230.0.0.1:6666.
[2015.08.20-23.30.10:728][  0]SourceControl: Info Source control is disabled
[2015.08.20-23.30.10:927][  0]SourceControl: Info Source control is disabled
[2015.08.20-23.30.11:045][  0]SourceControl: Info Source control is disabled
[2015.08.20-23.30.11:179][  0]SourceControl: Info Source control is disabled
[2015.08.20-23.30.13:845][  0]LogObj: 26273 objects as part of root set at end of initial load.
[2015.08.20-23.30.13:845][  0]LogUObjectAllocator: 5409248 out of 0 bytes used by permanent object pool.
[2015.08.20-23.30.14:782][  0]LogEngine: Initializing Engine...
[2015.08.20-23.30.14:786][  0]LogHMD: Can't find Oculus library dev build: is proper Runtime installed? Version: 0.6.0.0
[2015.08.20-23.30.16:599][  0]LogHMD:Warning: SteamVR failed to initialize.  Error: 110
[2015.08.20-23.30.17:282][  0]LogAIModule: Creating AISystem for world NewWorld
[2015.08.20-23.30.17:519][  0]LogInit: XAudio2 using 'Speakers (Realtek High Definition Audio)' : 2 channels at 48 kHz using 32 bits per sample (channel mask 0x3)
[2015.08.20-23.30.17:531][  0]LogInit: FAudioDevice initialized.
[2015.08.20-23.30.17:626][  0]LogDerivedDataCache: Saved boot cache 0.09s 48MB C:/Users/Christian/AppData/Local/UnrealEngine/4.8/DerivedDataCache/Boot.ddc.
[2015.08.20-23.30.17:775][  0]LogInit: Texture streaming: Disabled
[2015.08.20-23.30.18:015][  0]LogAnalytics: Creating configured Analytics provider AnalyticsET
[2015.08.20-23.30.18:015][  0]LogAnalytics: [UEEditor.Rocket.Release] APIServer = http://et2.epicgames.com/ET2/. AppVersion = 4.8.3-2634408+++depot+UE4-Releases+4.8
[2015.08.20-23.30.18:015][  0]LogAnalytics: [UEEditor.Rocket.Release] SetUserId d520111f42444ed2ae17ceb4cce854a2|256081b0662a4905b440382e278adc23|3ae4f12a-3c0a-4aaf-bb63-a78589ca1625
[2015.08.20-23.30.18:015][  0]LogAnalytics: [UEEditor.Rocket.Release] AnalyticsET::StartSession
[2015.08.20-23.30.18:278][  0]LogInit: Transaction tracking system initialized
[2015.08.20-23.30.20:175][  0]BlueprintLog: New page: Editor Load
[2015.08.20-23.30.20:275][  0]LogAssetRegistry: FAssetRegistry took 0.0109 seconds to start up
[2015.08.20-23.30.20:276][  0]LogDirectoryWatcher:Warning: Failed to begin reading directory changes for ../../../Engine/Plugins/Experimental/CharacterAI/Content/. Error: 0
[2015.08.20-23.30.30:586][  0]LogConsoleManager:Warning: Console variable 'r.VSync' wasn't set ('GameSetting' has a lower priority than 'SystemSettingsIni')
[2015.08.20-23.30.30:586][  0]LogConsoleResponse:Display: 
[2015.08.20-23.30.31:530][  0]LogCook:Display: Done creating registry. It took  0.00s.
[2015.08.20-23.30.33:956][  0]SourceControl: Info Source control is disabled
[2015.08.20-23.30.33:977][  0]Cmd: MAP LOAD FILE="../../../Engine/Content/Maps/Templates/Template_Default.umap" TEMPLATE=1 SHOWPROGRESS=1 FEATURELEVEL=2
[2015.08.20-23.30.34:105][  0]LightingResults: New page: Lighting Build
[2015.08.20-23.30.34:129][  0]MapCheck: New page: Map Check
[2015.08.20-23.30.34:129][  0]LightingResults: New page: Lighting Build
[2015.08.20-23.30.34:154][  0]LogParticles: Destroying 0 GPU particle simulations for FXSystem 0x00000047167A58A0
[2015.08.20-23.30.38:654][  0]LogAIModule: Creating AISystem for world Untitled_1
[2015.08.20-23.30.38:673][  0]LogEditorServer: Finished looking for orphan Actors (0.000 secs)
[2015.08.20-23.30.38:809][  0]Cmd: MAP CHECKDEP NOCLEARLOG
[2015.08.20-23.30.38:903][  0]MapCheck: Info Map check complete: 0 Error(s), 0 Warning(s), took 93.612ms to complete.
[2015.08.20-23.30.38:903][  0]LogFileHelpers: Loading map 'Template_Default' took 4.927
[2015.08.20-23.30.41:017][  0]LogCollectionManager: Loaded 0 collections in 0.003042 seconds
[2015.08.20-23.30.41:035][  0]LogContentBrowser: Native class hierarchy populated in 0.0177 seconds. Added 1792 classes and 301 folders.
[2015.08.20-23.30.42:181][  0]LogContentBrowser: Native class hierarchy updated for 'WidgetCarousel' in 0.0006 seconds. Added 0 classes and 0 folders.
[2015.08.20-23.30.54:695][  0]LogContentBrowser: Native class hierarchy updated for 'AddContentDialog' in 0.0006 seconds. Added 0 classes and 0 folders.
[2015.08.20-23.30.54:936][  0]LogContentBrowser: Native class hierarchy updated for 'SceneOutliner' in 0.0008 seconds. Added 1 classes and 2 folders.
[2015.08.20-23.30.56:366][  0]LogCrashTracker: Crashtracker disabled due to settings.
[2015.08.20-23.30.56:368][  0]LogD3D11RHI: InitD3DDevice
[2015.08.20-23.30.56:537][  0]LogUObjectGlobals:Warning: Failed to find object 'Class None.'
[2015.08.20-23.30.56:560][  0]LogLoad: Full Startup: 136.40 seconds (BP compile: 0.99 seconds)
[2015.08.20-23.30.57:486][  0]LogContentStreaming: Texture pool size is 0.000000MB
[2015.08.20-23.30.58:136][  0]LogContentStreaming: Texture pool size now 1000 MB
[2015.08.20-23.30.58:444][  0]LogRenderer: Reallocating scene render targets to support 728x376 (Frame:2).
[2015.08.20-23.31.22:596][ 63]LogAssetRegistry: Asset discovery search completed in 62.3316 seconds
[2015.08.20-23.33.34:743][460]LogD3D11RHI: InitD3DDevice
[2015.08.21-04.49.51:863][339]LogWindowsTextInputMethodSystem:Display: IME system now deactivated.
[2015.08.21-04.49.58:417][340]Cmd: QUIT_EDITOR
[2015.08.21-04.50.01:428][340]LogExit: Preparing to exit.
[2015.08.21-04.50.06:938][340]LogExit: Editor shut down
[2015.08.21-04.50.07:081][340]LogExit: Transaction tracking system shut down
[2015.08.21-04.50.07:317][340]LogParticles: Destroying 0 GPU particle simulations for FXSystem 0x00000047149634C0
[2015.08.21-04.50.14:735][340]LogParticles: Destroying 0 GPU particle simulations for FXSystem 0x000000470CDFAC00
[2015.08.21-04.50.14:735][340]LogParticles: Destroying 0 GPU particle simulations for FXSystem 0x0000004718DB1080
[2015.08.21-04.50.14:735][340]LogExit: Object subsystem successfully closed.
[2015.08.21-04.50.16:566][340]LogD3D11RHI: Shutdown
[2015.08.21-04.50.16:566][340]LogD3D11RHI: CleanupD3DDevice
[2015.08.21-04.50.18:266][340]LogD3D11RHI: ~FD3D11DynamicRHI
[2015.08.21-04.50.22:840][340]LogModuleManager: Shutting down and abandoning module CrashTracker (188)
[2015.08.21-04.50.22:848][340]LogModuleManager: Shutting down and abandoning module SceneOutliner (187)
[2015.08.21-04.50.22:848][340]LogModuleManager: Shutting down and abandoning module SuperSearch (186)
[2015.08.21-04.50.22:848][340]LogModuleManager: Shutting down and abandoning module WidgetCarousel (185)
[2015.08.21-04.50.22:871][340]LogModuleManager: Shutting down and abandoning module AddContentDialog (184)
[2015.08.21-04.50.23:566][340]LogModuleManager: Shutting down and abandoning module EditorWidgets (183)
[2015.08.21-04.50.23:566][340]LogModuleManager: Shutting down and abandoning module CollectionManager (182)
[2015.08.21-04.50.23:579][340]LogModuleManager: Shutting down and abandoning module StatsViewer (181)
[2015.08.21-04.50.23:609][340]LogModuleManager: Shutting down and abandoning module FoliageEdit (180)
[2015.08.21-04.50.23:609][340]LogModuleManager: Shutting down and abandoning module LandscapeEditor (179)
[2015.08.21-04.50.23:660][340]LogModuleManager: Shutting down and abandoning module ActorPickerMode (178)
[2015.08.21-04.50.23:660][340]LogModuleManager: Shutting down and abandoning module GeometryMode (177)
[2015.08.21-04.50.23:660][340]LogModuleManager: Shutting down and abandoning module TextureAlignMode (176)
[2015.08.21-04.50.23:660][340]LogModuleManager: Shutting down and abandoning module BspMode (175)
[2015.08.21-04.50.23:660][340]LogModuleManager: Shutting down and abandoning module PlacementMode (174)
[2015.08.21-04.50.23:661][340]LogModuleManager: Shutting down and abandoning module AutomationWorker (173)
[2015.08.21-04.50.23:678][340]LogModuleManager: Shutting down and abandoning module CharacterAI (172)
[2015.08.21-04.50.23:679][340]LogModuleManager: Shutting down and abandoning module SmartSnapping (171)
[2015.08.21-04.50.23:680][340]LogModuleManager: Shutting down and abandoning module ViewportSnapping (170)
[2015.08.21-04.50.23:688][340]LogModuleManager: Shutting down and abandoning module LogVisualizer (169)
[2015.08.21-04.50.23:796][340]LogModuleManager: Shutting down and abandoning module GameProjectGeneration (168)
[2015.08.21-04.50.23:829][340]LogModuleManager: Shutting down and abandoning module IntroTutorials (167)
[2015.08.21-04.50.23:842][340]LogModuleManager: Shutting down and abandoning module EditorLiveStreaming (166)
[2015.08.21-04.50.23:842][340]LogModuleManager: Shutting down and abandoning module IOSPlatformEditor (165)
[2015.08.21-04.50.23:869][340]LogModuleManager: Shutting down and abandoning module HTML5PlatformEditor (164)
[2015.08.21-04.50.23:870][340]LogModuleManager: Shutting down and abandoning module AndroidDeviceDetection (163)
[2015.08.21-04.50.24:333][340]LogModuleManager: Shutting down and abandoning module AndroidPlatformEditor (162)
[2015.08.21-04.50.24:333][340]LogModuleManager: Shutting down and abandoning module IOSRuntimeSettings (161)
[2015.08.21-04.50.24:333][340]LogModuleManager: Shutting down and abandoning module AndroidRuntimeSettings (160)
[2015.08.21-04.50.24:333][340]LogModuleManager: Shutting down and abandoning module MergeActors (159)
[2015.08.21-04.50.24:353][340]LogModuleManager: Shutting down and abandoning module SizeMap (158)
[2015.08.21-04.50.24:368][340]LogModuleManager: Shutting down and abandoning module TreeMap (157)
[2015.08.21-04.50.24:391][340]LogModuleManager: Shutting down and abandoning module ReferenceViewer (156)
[2015.08.21-04.50.24:391][340]LogModuleManager: Shutting down and abandoning module LocalizationDashboard (155)
[2015.08.21-04.50.24:458][340]LogModuleManager: Shutting down and abandoning module HardwareTargeting (154)
[2015.08.21-04.50.24:458][340]LogModuleManager: Shutting down and abandoning module DeviceProfileEditor (153)
[2015.08.21-04.50.24:480][340]LogModuleManager: Shutting down and abandoning module UndoHistory (152)
[2015.08.21-04.50.24:493][340]LogModuleManager: Shutting down and abandoning module GameplayTagsEditor (151)
[2015.08.21-04.50.24:493][340]LogModuleManager: Shutting down and abandoning module UserFeedback (150)
[2015.08.21-04.50.24:493][340]LogModuleManager: Shutting down and abandoning module XmlParser (149)
[2015.08.21-04.50.24:525][340]LogModuleManager: Shutting down and abandoning module Blutility (148)
[2015.08.21-04.50.24:525][340]LogModuleManager: Shutting down and abandoning module ProjectTargetPlatformEditor (147)
[2015.08.21-04.50.24:541][340]LogModuleManager: Shutting down and abandoning module ProjectSettingsViewer (146)
[2015.08.21-04.50.24:542][340]LogModuleManager: Shutting down and abandoning module InputBindingEditor (145)
[2015.08.21-04.50.24:558][340]LogModuleManager: Shutting down and abandoning module EditorSettingsViewer (144)
[2015.08.21-04.50.24:572][340]LogModuleManager: Shutting down and abandoning module SettingsEditor (143)
[2015.08.21-04.50.24:603][340]LogModuleManager: Shutting down and abandoning module ProjectLauncher (142)
[2015.08.21-04.50.24:633][340]LogModuleManager: Shutting down and abandoning module SessionFrontend (141)
[2015.08.21-04.50.24:664][340]LogModuleManager: Shutting down and abandoning module ProfilerClient (140)
[2015.08.21-04.50.24:679][340]LogModuleManager: Shutting down and abandoning module TargetDeviceServices (139)
[2015.08.21-04.50.24:696][340]LogModuleManager: Shutting down and abandoning module DeviceManager (138)
[2015.08.21-04.50.24:804][340]LogModuleManager: Shutting down and abandoning module AutomationController (137)
[2015.08.21-04.50.24:836][340]LogModuleManager: Shutting down and abandoning module AutomationWindow (136)
[2015.08.21-04.50.24:909][340]LogModuleManager: Shutting down and abandoning module Layers (135)
[2015.08.21-04.50.24:948][340]LogModuleManager: Shutting down and abandoning module ComponentVisualizers (134)
[2015.08.21-04.50.24:948][340]LogModuleManager: Shutting down and abandoning module DetailCustomizations (133)
[2015.08.21-04.50.24:949][340]LogModuleManager: Shutting down and abandoning module PackagesDialog (132)
[2015.08.21-04.50.24:978][340]LogModuleManager: Shutting down and abandoning module AssetRegistry (131)
[2015.08.21-04.50.28:944][340]LogModuleManager: Shutting down and abandoning module Persona (130)
[2015.08.21-04.50.29:022][340]LogModuleManager: Shutting down and abandoning module Kismet (129)
[2015.08.21-04.50.29:054][340]LogModuleManager: Shutting down and abandoning module GraphEditor (128)
[2015.08.21-04.50.29:144][340]LogModuleManager: Shutting down and abandoning module ClassViewer (127)
[2015.08.21-04.50.29:167][340]LogModuleManager: Shutting down and abandoning module Toolbox (126)
[2015.08.21-04.50.29:168][340]LogModuleManager: Shutting down and abandoning module ModuleUI (125)
[2015.08.21-04.50.29:180][340]LogModuleManager: Shutting down and abandoning module MovieSceneTools (124)
[2015.08.21-04.50.29:206][340]LogModuleManager: Shutting down and abandoning module OutputLog (123)
[2015.08.21-04.50.29:206][340]LogModuleManager: Shutting down and abandoning module GammaUI (122)
[2015.08.21-04.50.29:222][340]LogModuleManager: Shutting down and abandoning module Documentation (121)
[2015.08.21-04.50.29:222][340]LogModuleManager: Shutting down and abandoning module GameLiveStreaming (120)
[2015.08.21-04.50.29:222][340]LogModuleManager: Shutting down and abandoning module StreamingPauseRendering (119)
[2015.08.21-04.50.29:222][340]LogModuleManager: Shutting down and abandoning module AnalyticsET (118)
[2015.08.21-04.50.29:222][340]LogModuleManager: Shutting down and abandoning module Analytics (117)
[2015.08.21-04.50.29:222][340]LogModuleManager: Shutting down and abandoning module AITestSuite (116)
[2015.08.21-04.50.29:234][340]LogModuleManager: Shutting down and abandoning module GameplayDebugger (115)
[2015.08.21-04.50.29:234][340]LogModuleManager: Shutting down and abandoning module AIModule (114)
[2015.08.21-04.50.29:234][340]LogModuleManager: Shutting down and abandoning module ProfilerService (113)
[2015.08.21-04.50.29:409][340]LogModuleManager: Shutting down and abandoning module TaskGraph (112)
[2015.08.21-04.50.29:409][340]LogModuleManager: Shutting down and abandoning module SlateRemote (111)
[2015.08.21-04.50.29:422][340]LogModuleManager: Shutting down and abandoning module SteamVRController (110)
[2015.08.21-04.50.29:422][340]LogModuleManager: Shutting down and abandoning module SteamVR (109)
[2015.08.21-04.50.29:422][340]LogModuleManager: Shutting down and abandoning module ProceduralMeshComponent (108)
[2015.08.21-04.50.29:422][340]LogModuleManager: Shutting down and abandoning module OculusRift (107)
[2015.08.21-04.50.29:422][340]LogModuleManager: Shutting down and abandoning module LeapMotionController (106)
[2015.08.21-04.50.29:611][340]LogModuleManager: Shutting down and abandoning module CustomMeshComponent (105)
[2015.08.21-04.50.29:611][340]LogModuleManager: Shutting down and abandoning module CableComponent (104)
[2015.08.21-04.50.29:611][340]LogModuleManager: Shutting down and abandoning module MessagingDebugger (103)
[2015.08.21-04.50.29:713][340]LogModuleManager: Shutting down and abandoning module MediaPlayerEditor (102)
[2015.08.21-04.50.29:726][340]LogModuleManager: Shutting down and abandoning module SpeedTreeImporter (101)
[2015.08.21-04.50.29:726][340]LogModuleManager: Shutting down and abandoning module PluginBrowser (100)
[2015.08.21-04.50.29:752][340]LogModuleManager: Shutting down and abandoning module EpicSurvey (99)
[2015.08.21-04.50.29:788][340]LogModuleManager: Shutting down and abandoning module DesktopPlatform (98)
[2015.08.21-04.50.29:823][340]LogModuleManager: Shutting down and abandoning module VisualStudioSourceCodeAccess (97)
[2015.08.21-04.50.29:849][340]LogModuleManager: Shutting down and abandoning module UObjectPlugin (96)
[2015.08.21-04.50.29:849][340]LogModuleManager: Shutting down and abandoning module SubversionSourceControl (95)
[2015.08.21-04.50.29:884][340]LogModuleManager: Shutting down and abandoning module PerforceSourceControl (94)
[2015.08.21-04.50.29:898][340]LogModuleManager: Shutting down and abandoning module SourceControl (93)
[2015.08.21-04.50.29:907][340]LogModuleManager: Shutting down and abandoning module GitSourceControl (92)
[2015.08.21-04.50.29:945][340]LogModuleManager: Shutting down and abandoning module BlankPlugin (91)
[2015.08.21-04.50.29:945][340]LogModuleManager: Shutting down and abandoning module PaperTiledImporter (90)
[2015.08.21-04.50.29:945][340]LogModuleManager: Shutting down and abandoning module PaperSpriteSheetImporter (89)
[2015.08.21-04.50.29:945][340]LogModuleManager: Shutting down and abandoning module MeshPaint (88)
[2015.08.21-04.50.29:945][340]LogModuleManager: Shutting down and abandoning module SlateReflector (87)
[2015.08.21-04.50.29:961][340]LogModuleManager: Shutting down and abandoning module DirectoryWatcher (86)
[2015.08.21-04.50.30:045][340]LogModuleManager: Shutting down and abandoning module HotReload (85)
[2015.08.21-04.50.30:056][340]LogModuleManager: Shutting down and abandoning module MainFrame (84)
[2015.08.21-04.50.30:056][340]LogModuleManager: Shutting down and abandoning module LevelEditor (83)
[2015.08.21-04.50.30:179][340]LogModuleManager: Shutting down and abandoning module ContentBrowser (82)
[2015.08.21-04.50.30:204][340]LogModuleManager: Shutting down and abandoning module Paper2DEditor (81)
[2015.08.21-04.50.30:241][340]LogModuleManager: Shutting down and abandoning module UdpMessaging (80)
[2015.08.21-04.50.30:347][340]LogModuleManager: Shutting down and abandoning module Paper2D (79)
[2015.08.21-04.50.30:347][340]LogModuleManager: Shutting down and abandoning module WindowsMoviePlayer (78)
[2015.08.21-04.50.30:415][340]LogModuleManager: Shutting down and abandoning module Media (77)
[2015.08.21-04.50.30:427][340]LogModuleManager: Shutting down and abandoning module WmfMedia (76)
[2015.08.21-04.50.30:487][340]LogModuleManager: Shutting down and abandoning module OnlineBlueprintSupport (75)
[2015.08.21-04.50.30:487][340]LogModuleManager: Shutting down and abandoning module PropertyEditor (74)
[2015.08.21-04.50.30:513][340]LogModuleManager: Shutting down and abandoning module BehaviorTreeEditor (73)
[2015.08.21-04.50.30:541][340]LogModuleManager: Shutting down and abandoning module FunctionalTesting (72)
[2015.08.21-04.50.30:544][340]LogModuleManager: Shutting down and abandoning module CollisionAnalyzer (71)
[2015.08.21-04.50.30:582][340]LogModuleManager: Shutting down and abandoning module WorkspaceMenuStructure (70)
[2015.08.21-04.50.30:630][340]LogModuleManager: Shutting down and abandoning module MessageLog (69)
[2015.08.21-04.50.30:650][340]LogModuleManager: Shutting down and abandoning module Sequencer (68)
[2015.08.21-04.50.30:684][340]LogModuleManager: Shutting down and abandoning module AssetTools (67)
[2015.08.21-04.50.30:707][340]LogModuleManager: Shutting down and abandoning module UMGEditor (66)
[2015.08.21-04.50.30:724][340]LogModuleManager: Shutting down and abandoning module UMG (65)
[2015.08.21-04.50.30:738][340]LogModuleManager: Shutting down and abandoning module Slate (64)
[2015.08.21-04.50.30:738][340]LogModuleManager: Shutting down and abandoning module EditorStyle (63)
[2015.08.21-04.50.30:897][340]LogModuleManager: Shutting down and abandoning module SessionServices (62)
[2015.08.21-04.50.30:897][340]LogModuleManager: Shutting down and abandoning module SourceCodeAccess (61)
[2015.08.21-04.50.30:913][340]LogModuleManager: Shutting down and abandoning module HeadMountedDisplay (60)
[2015.08.21-04.50.30:928][340]LogModuleManager: Shutting down and abandoning module XAudio2 (59)
[2015.08.21-04.50.30:928][340]LogModuleManager: Shutting down and abandoning module Networking (57)
[2015.08.21-04.50.30:928][340]LogModuleManager: Shutting down and abandoning module Core (56)
[2015.08.21-04.50.30:928][340]LogModuleManager: Shutting down and abandoning module KismetCompiler (55)
[2015.08.21-04.50.30:948][340]LogModuleManager: Shutting down and abandoning module PhysXFormats (54)
[2015.08.21-04.50.30:973][340]LogModuleManager: Shutting down and abandoning module MeshUtilities (53)
[2015.08.21-04.50.31:012][340]LogModuleManager: Shutting down and abandoning module DerivedDataCache (52)
[2015.08.21-04.50.31:082][340]LogDerivedDataCache: Shutdown
[2015.08.21-04.50.31:082][340]LogModuleManager: Shutting down and abandoning module ShaderFormatOpenGL (51)
[2015.08.21-04.50.31:113][340]LogModuleManager: Shutting down and abandoning module ShaderFormatD3D (50)
[2015.08.21-04.50.31:126][340]LogModuleManager: Shutting down and abandoning module MetalShaderFormat (49)
[2015.08.21-04.50.31:161][340]LogModuleManager: Shutting down and abandoning module TextureFormatUncompressed (48)
[2015.08.21-04.50.31:162][340]LogModuleManager: Shutting down and abandoning module TextureFormatPVR (47)
[2015.08.21-04.50.31:162][340]LogModuleManager: Shutting down and abandoning module TextureFormatIntelISPCTexComp (46)
[2015.08.21-04.50.31:163][340]LogModuleManager: Shutting down and abandoning module TextureFormatDXT (45)
[2015.08.21-04.50.31:163][340]LogModuleManager: Shutting down and abandoning module ImageWrapper (44)
[2015.08.21-04.50.31:163][340]LogModuleManager: Shutting down and abandoning module TextureFormatASTC (43)
[2015.08.21-04.50.31:163][340]LogModuleManager: Shutting down and abandoning module TextureFormatAndroid (42)
[2015.08.21-04.50.31:177][340]LogModuleManager: Shutting down and abandoning module AudioFormatOpus (41)
[2015.08.21-04.50.31:193][340]LogModuleManager: Shutting down and abandoning module AudioFormatOgg (40)
[2015.08.21-04.50.31:194][340]LogModuleManager: Shutting down and abandoning module AudioFormatADPCM (39)
[2015.08.21-04.50.31:194][340]LogModuleManager: Shutting down and abandoning module LinuxTargetPlatform (38)
[2015.08.21-04.50.31:211][340]LogModuleManager: Shutting down and abandoning module LinuxServerTargetPlatform (37)
[2015.08.21-04.50.31:211][340]LogModuleManager: Shutting down and abandoning module LinuxNoEditorTargetPlatform (36)
[2015.08.21-04.50.31:212][340]LogModuleManager: Shutting down and abandoning module Messaging (35)
[2015.08.21-04.50.31:212][340]LogModuleManager: Shutting down and abandoning module IOSTargetPlatform (34)
[2015.08.21-04.50.31:219][340]LogModuleManager: Shutting down and abandoning module HTML5TargetPlatform (33)
[2015.08.21-04.50.31:232][340]LogModuleManager: Shutting down and abandoning module Android_PVRTCTargetPlatform (32)
[2015.08.21-04.50.31:232][340]LogModuleManager: Shutting down and abandoning module Android_ETC2TargetPlatform (31)
[2015.08.21-04.50.31:232][340]LogModuleManager: Shutting down and abandoning module Android_ETC1TargetPlatform (30)
[2015.08.21-04.50.31:232][340]LogModuleManager: Shutting down and abandoning module Android_DXTTargetPlatform (29)
[2015.08.21-04.50.31:232][340]LogModuleManager: Shutting down and abandoning module Android_ATCTargetPlatform (28)
[2015.08.21-04.50.31:232][340]LogModuleManager: Shutting down and abandoning module Android_ASTCTargetPlatform (27)
[2015.08.21-04.50.31:232][340]LogModuleManager: Shutting down and abandoning module AndroidTargetPlatform (26)
[2015.08.21-04.50.31:233][340]LogModuleManager: Shutting down and abandoning module WindowsTargetPlatform (25)
[2015.08.21-04.50.31:261][340]LogModuleManager: Shutting down and abandoning module WindowsServerTargetPlatform (24)
[2015.08.21-04.50.31:262][340]LogModuleManager: Shutting down and abandoning module WindowsNoEditorTargetPlatform (23)
[2015.08.21-04.50.31:262][340]LogModuleManager: Shutting down and abandoning module WindowsClientTargetPlatform (22)
[2015.08.21-04.50.31:262][340]LogModuleManager: Shutting down and abandoning module DesktopTargetPlatform (21)
[2015.08.21-04.50.31:262][340]LogModuleManager: Shutting down and abandoning module TargetPlatform (20)
[2015.08.21-04.50.31:272][340]LogModuleManager: Shutting down and abandoning module InputCore (19)
[2015.08.21-04.50.31:272][340]LogModuleManager: Shutting down and abandoning module Settings (18)
[2015.08.21-04.50.31:272][340]LogModuleManager: Shutting down and abandoning module OnlineSubsystem (16)
[2015.08.21-04.50.31:272][340]LogModuleManager: Shutting down and abandoning module HTTP (15)
[2015.08.21-04.50.31:288][340]LogModuleManager: Shutting down and abandoning module ExampleDeviceProfileSelector (14)
[2015.08.21-04.50.31:298][340]LogModuleManager: Shutting down and abandoning module TextureCompressor (13)
[2015.08.21-04.50.31:381][340]LogModuleManager: Shutting down and abandoning module ShaderCore (12)
[2015.08.21-04.50.31:381][340]LogModuleManager: Shutting down and abandoning module Landscape (11)
[2015.08.21-04.50.31:381][340]LogModuleManager: Shutting down and abandoning module SlateRHIRenderer (10)
[2015.08.21-04.50.31:614][340]LogModuleManager: Shutting down and abandoning module OpenGLDrv (9)
[2015.08.21-04.50.31:630][340]LogModuleManager: Shutting down and abandoning module D3D11RHI (8)
[2015.08.21-04.50.31:631][340]LogModuleManager: Shutting down and abandoning module Renderer (7)
[2015.08.21-04.50.31:631][340]LogModuleManager: Shutting down and abandoning module Engine (6)
[2015.08.21-04.50.31:631][340]LogModuleManager: Shutting down and abandoning module CoreUObject (5)
[2015.08.21-04.50.31:631][340]LogModuleManager: Shutting down and abandoning module NetworkFile (4)
[2015.08.21-04.50.31:659][340]LogModuleManager: Shutting down and abandoning module StreamingFile (3)
[2015.08.21-04.50.31:720][340]LogModuleManager: Shutting down and abandoning module SandboxFile (2)
[2015.08.21-04.50.31:745][340]LogModuleManager: Shutting down and abandoning module PakFile (1)
[2015.08.21-04.50.31:842][340]LogExit: Exiting.
[2015.08.21-04.50.32:589][340]Log file closed, 08/20/15 23:50:32
