[2015.07.30-00.33.57:538][  0]Log file open, 07/29/15 17:33:57
[2015.07.30-00.33.57:538][  0]LogInit:Display: Running engine for game: TheForsakens
[2015.07.30-00.33.57:538][  0]LogInit:Display: RandInit(-666494773) SRandInit(-666494772).
[2015.07.30-00.33.57:538][  0]LogTaskGraph: Started task graph with 4 named threads and 7 total threads.
[2015.07.30-00.33.57:538][  0]LogStats: Stats thread started
[2015.07.30-00.33.57:538][  0]LogInit: Version: 4.8.3-2634408+++depot+UE4-Releases+4.8
[2015.07.30-00.33.57:538][  0]LogInit: API Version: 2579680
[2015.07.30-00.33.57:538][  0]LogInit: Compiled (64-bit): Jul 27 2015 16:24:33
[2015.07.30-00.33.57:538][  0]LogInit: Compiled with Visual C++: 18.00.21005.01
[2015.07.30-00.33.57:538][  0]LogInit: Build Configuration: Development
[2015.07.30-00.33.57:538][  0]LogInit: Branch Name: ++depot+UE4-Releases+4.8
[2015.07.30-00.33.57:538][  0]LogInit: Command line:  
[2015.07.30-00.33.57:538][  0]LogInit: Base directory: C:/Program Files/Epic Games/4.8/Engine/Binaries/Win64/
[2015.07.30-00.33.57:538][  0]LogInit: Rocket: 1
[2015.07.30-00.33.57:558][  0]LogInit: Using libcurl 7.41.0
[2015.07.30-00.33.57:558][  0]LogInit:  - built for x86_64-pc-win32
[2015.07.30-00.33.57:558][  0]LogInit:  - supports SSL with WinSSL
[2015.07.30-00.33.57:558][  0]LogInit:  - other features:
[2015.07.30-00.33.57:558][  0]LogInit:      CURL_VERSION_SSL
[2015.07.30-00.33.57:558][  0]LogInit:      CURL_VERSION_IPV6
[2015.07.30-00.33.57:558][  0]LogInit:      CURL_VERSION_ASYNCHDNS
[2015.07.30-00.33.57:558][  0]LogInit:      CURL_VERSION_LARGEFILE
[2015.07.30-00.33.57:558][  0]LogInit:      CURL_VERSION_IDN
[2015.07.30-00.33.57:558][  0]LogInit:  CurlRequestOptions (configurable via config and command line):
[2015.07.30-00.33.57:558][  0]LogInit:  - bVerifyPeer = true  - Libcurl will verify peer certificate
[2015.07.30-00.33.57:558][  0]LogInit:  - bUseHttpProxy = false  - Libcurl will NOT use HTTP proxy
[2015.07.30-00.33.57:558][  0]LogInit:  - bDontReuseConnections = false  - Libcurl will reuse connections
[2015.07.30-00.33.57:558][  0]LogInit:  - CertBundlePath = nullptr  - Libcurl will use whatever was configured at build time.
[2015.07.30-00.33.57:575][  0]LogOnline:Warning: No default platform service specified for OnlineSubsystem
[2015.07.30-00.33.57:599][  0]LogInit: Presizing for 0 objects not considered by GC, pre-allocating 0 bytes.
[2015.07.30-00.33.57:610][  0]LogInit: Object subsystem initialized
[2015.07.30-00.33.57:611][  0]LogConsoleResponse:Warning: Skipping Unknown console variable: 'TranslucentSortAxis = (X=0.000000,Y=-1.000000,Z=0.000000)'
[2015.07.30-00.33.57:611][  0]LogConsoleResponse:Warning:   Found in ini file 'C:/Storage/TheForsakensCopy(1)/TheForsakensCopy/The-Forsaken/Saved/Config/Windows/Engine.ini', in section '[/Script/Engine.RendererSettings]'
[2015.07.30-00.33.57:611][  0]LogConsoleResponse:Warning: Skipping Unknown console variable: 'UIScaleRule = ShortestSide'
[2015.07.30-00.33.57:611][  0]LogConsoleResponse:Warning:   Found in ini file 'C:/Storage/TheForsakensCopy(1)/TheForsakensCopy/The-Forsaken/Saved/Config/Windows/Engine.ini', in section '[/Script/Engine.RendererSettings]'
[2015.07.30-00.33.57:611][  0]LogConsoleResponse:Warning: Skipping Unknown console variable: 'UIScaleCurve = (EditorCurveData=(Keys=),ExternalCurve=None)'
[2015.07.30-00.33.57:611][  0]LogConsoleResponse:Warning:   Found in ini file 'C:/Storage/TheForsakensCopy(1)/TheForsakensCopy/The-Forsaken/Saved/Config/Windows/Engine.ini', in section '[/Script/Engine.RendererSettings]'
[2015.07.30-00.33.57:611][  0]LogInit: Selected Device Profile: [Windows]
[2015.07.30-00.33.57:611][  0]LogInit: Applying CVar settings loaded from the selected device profile: [Windows]
[2015.07.30-00.33.57:635][  0]LogInit: Computer: WIN-55DAMN57OQH
[2015.07.30-00.33.57:635][  0]LogInit: User: Anthony
[2015.07.30-00.33.57:635][  0]LogInit: CPU Page size=4096, Cores=4
[2015.07.30-00.33.57:635][  0]LogInit: High frequency timer resolution =4.232935 MHz
[2015.07.30-00.33.57:635][  0]LogMemory: Memory total: Physical=15.7GB (16GB approx)
[2015.07.30-00.33.57:635][  0]LogMemory: Platform Memory Stats for Windows
[2015.07.30-00.33.57:635][  0]LogMemory: Process Physical Memory: 51.36 MB used, 51.36 MB peak
[2015.07.30-00.33.57:635][  0]LogMemory: Process Virtual Memory: 22.51 MB used, 22.51 MB peak
[2015.07.30-00.33.57:635][  0]LogMemory: Physical Memory: 9503.24 MB used, 16057.08 MB total
[2015.07.30-00.33.57:635][  0]LogMemory: Virtual Memory: 310.14 MB used, 134217728.00 MB total
[2015.07.30-00.33.58:018][  0]LogTextLocalizationManager: The requested culture ('en_US') has no localization data; parent culture's ('en') localization data will be used.
[2015.07.30-00.33.58:318][  0]LogTextLocalizationManager:Warning: Loaded localization resources contain conflicting entries for (Namespace:ContentBrowser, Key:ImportAssetToolTip):
Localization Resource: (C:/Program Files/Epic Games/4.8/Engine/Content/Localization/Editor/en/Editor.locres) Source String Hash: (-630476809) Localized String: (Import to {0}...)
Localization Resource: (C:/Program Files/Epic Games/4.8/Engine/Content/Localization/Editor/en/Editor.locres) Source String Hash: (1271782899) Localized String: (Imports an asset from file to this folder.)
[2015.07.30-00.33.58:976][  0]LogD3D11RHI: Found D3D11 adapter 0: NVIDIA GeForce GTX 760 (Feature Level 11_0)
[2015.07.30-00.33.58:976][  0]LogD3D11RHI: Adapter has 1990MB of dedicated video memory, 0MB of dedicated system memory, and 8028MB of shared system memory, 2 output[s]
[2015.07.30-00.33.58:978][  0]LogD3D11RHI: Found D3D11 adapter 1: Microsoft Basic Render Driver (Feature Level 11_0)
[2015.07.30-00.33.58:978][  0]LogD3D11RHI: Adapter has 0MB of dedicated video memory, 0MB of dedicated system memory, and 8028MB of shared system memory, 0 output[s]
[2015.07.30-00.33.58:978][  0]LogD3D11RHI: Chosen D3D11 Adapter Id = 0
[2015.07.30-00.33.58:996][  0]LogD3D11RHI: InitD3DDevice
[2015.07.30-00.33.58:996][  0]LogD3D11RHI: !Direct3DDevice
[2015.07.30-00.33.58:996][  0]LogRHI: Texture pool is 1361 MB (70% of 1945 MB)
[2015.07.30-00.33.59:017][  0]LogD3D11RHI: Async texture creation enabled
[2015.07.30-00.33.59:037][  0]LogShaderCompilers:Display: Using Local Shader Compiler.
[2015.07.30-00.34.00:692][  0]LogTemp:Display: Loaded TP DesktopTargetPlatform
[2015.07.30-00.34.00:715][  0]LogTemp:Display: Loaded TP WindowsClientTargetPlatform
[2015.07.30-00.34.00:739][  0]LogTemp:Display: Loaded TP WindowsNoEditorTargetPlatform
[2015.07.30-00.34.00:762][  0]LogTemp:Display: Loaded TP WindowsServerTargetPlatform
[2015.07.30-00.34.00:786][  0]LogTemp:Display: Loaded TP WindowsTargetPlatform
[2015.07.30-00.34.00:809][  0]LogTemp:Display: Loaded TP AndroidTargetPlatform
[2015.07.30-00.34.00:825][  0]LogTemp:Display: Loaded TP Android_ASTCTargetPlatform
[2015.07.30-00.34.00:841][  0]LogTemp:Display: Loaded TP Android_ATCTargetPlatform
[2015.07.30-00.34.00:859][  0]LogTemp:Display: Loaded TP Android_DXTTargetPlatform
[2015.07.30-00.34.00:877][  0]LogTemp:Display: Loaded TP Android_ETC1TargetPlatform
[2015.07.30-00.34.00:898][  0]LogTemp:Display: Loaded TP Android_ETC2TargetPlatform
[2015.07.30-00.34.00:918][  0]LogTemp:Display: Loaded TP Android_PVRTCTargetPlatform
[2015.07.30-00.34.01:058][  0]LogTemp:Display: Loaded TP IOSTargetPlatform
[2015.07.30-00.34.01:080][  0]LogTemp:Display: Loaded TP LinuxNoEditorTargetPlatform
[2015.07.30-00.34.01:095][  0]LogTemp:Display: Loaded TP LinuxServerTargetPlatform
[2015.07.30-00.34.01:134][  0]LogTemp:Display: Loaded TP LinuxTargetPlatform
[2015.07.30-00.34.01:134][  0]LogTargetPlatformManager:Display: Building Assets For Windows
[2015.07.30-00.34.01:772][  0]LogDerivedDataCache:Display: Max Cache Size: 512 MB
[2015.07.30-00.34.02:370][  0]LogDerivedDataCache: Loaded boot cache 0.60s 154MB C:/Users/Anthony/AppData/Local/UnrealEngine/4.8/DerivedDataCache/Boot.ddc.
[2015.07.30-00.34.02:370][  0]LogDerivedDataCache:Display: Loaded Boot cache: C:/Users/Anthony/AppData/Local/UnrealEngine/4.8/DerivedDataCache/Boot.ddc
[2015.07.30-00.34.02:371][  0]LogDerivedDataCache: FDerivedDataBackendGraph:  Pak pak cache file ../../../../../../Storage/TheForsakensCopy(1)/TheForsakensCopy/The-Forsaken/DerivedDataCache/DDC.ddp not found, will not use a pak cache.
[2015.07.30-00.34.02:371][  0]LogDerivedDataCache: Unable to find inner node Pak for hierarchical cache Hierarchy.
[2015.07.30-00.34.02:371][  0]LogDerivedDataCache: FDerivedDataBackendGraph:  CompressedPak pak cache file ../../../../../../Storage/TheForsakensCopy(1)/TheForsakensCopy/The-Forsaken/DerivedDataCache/Compressed.ddp not found, will not use a pak cache.
[2015.07.30-00.34.02:371][  0]LogDerivedDataCache: Unable to find inner node CompressedPak for hierarchical cache Hierarchy.
[2015.07.30-00.34.02:553][  0]LogDerivedDataCache:Display: Pak cache opened for reading ../../../Engine/DerivedDataCache/Compressed.ddp.
[2015.07.30-00.34.02:566][  0]LogDerivedDataCache: Using Local data cache path C:/Users/Anthony/AppData/Local/UnrealEngine/Common/DerivedDataCache: Writable
[2015.07.30-00.34.05:785][  0]LogInit: Selected Device Profile: [Windows]
[2015.07.30-00.34.05:986][  0]ImportText (ComponentSweepMultiTests): Missing closing parenthesis: (RootShapeAsset="/Engine/BasicShapes/Cube.Cube",ShapeType="TriggerCapsule",HitResult=(Time=0.50,Location=(X=-100.000015,Y=0.0,Z=100.000015),ImpactPoint=(X=-50.0,Y=0.0,Z=50.0),Normal=(X=-1.0,Y=-0.0,Z=0.0),ImpactNormal=(X=0.0,Y=0.0,Z=1.0),TraceStart=(X=-200.0,Y=0.0,Z=200.0),TraceEnd=(X=0.0,Y=0.0,Z=0.0))
[2015.07.30-00.34.05:987][  0]ImportText (LineTraceSingleByChannelTests): Missing closing parenthesis: (RootShapeAsset="/Engine/BasicShapes/Cube.Cube",HitResult=(Time=0.50,Location=(X=-100.000015,Y=0.0,Z=100.000015),ImpactPoint=(X=-50.0,Y=0.0,Z=50.0),Normal=(X=-1.0,Y=-0.0,Z=0.0),ImpactNormal=(X=0.0,Y=0.0,Z=1.0),TraceStart=(X=-200.0,Y=0.0,Z=200.0),TraceEnd=(X=0.0,Y=0.0,Z=0.0))
[2015.07.30-00.34.06:065][  0]LogMeshUtilities: No automatic mesh reduction module available
[2015.07.30-00.34.06:065][  0]LogMeshUtilities: No automatic mesh merging module available
[2015.07.30-00.34.07:315][  0]LogInit: WinSock: version 1.1 (2.2), MaxSocks=32767, MaxUdp=65467
[2015.07.30-00.34.16:805][  0]UdpMessaging: Initializing bridge on interface 0.0.0.0:0 to multicast group 230.0.0.1:6666.
[2015.07.30-00.34.17:583][  0]SourceControl: Info Source control is disabled
[2015.07.30-00.34.17:674][  0]SourceControl: Info Source control is disabled
[2015.07.30-00.34.17:698][  0]SourceControl: Info Source control is disabled
[2015.07.30-00.34.17:720][  0]SourceControl: Info Source control is disabled
[2015.07.30-00.34.18:145][  0]LogObj: 26273 objects as part of root set at end of initial load.
[2015.07.30-00.34.18:145][  0]LogUObjectAllocator: 5409248 out of 0 bytes used by permanent object pool.
[2015.07.30-00.34.18:313][  0]LogEngine: Initializing Engine...
[2015.07.30-00.34.18:318][  0]LogHMD: Can't find Oculus library dev build: is proper Runtime installed? Version: 0.6.0.0
[2015.07.30-00.34.18:340][  0]LogHMD:Warning: SteamVR failed to initialize.  Error: 110
[2015.07.30-00.34.18:851][  0]LogAIModule: Creating AISystem for world NewWorld
[2015.07.30-00.34.18:902][  0]LogInit: XAudio2 using 'Speakers (Realtek High Definition Audio)' : 2 channels at 48 kHz using 32 bits per sample (channel mask 0x3)
[2015.07.30-00.34.18:925][  0]LogInit: FAudioDevice initialized.
[2015.07.30-00.34.19:113][  0]LogDerivedDataCache: Saved boot cache 0.19s 154MB C:/Users/Anthony/AppData/Local/UnrealEngine/4.8/DerivedDataCache/Boot.ddc.
[2015.07.30-00.34.19:169][  0]LogInit: Texture streaming: Disabled
[2015.07.30-00.34.19:212][  0]LogAnalytics: Creating configured Analytics provider AnalyticsET
[2015.07.30-00.34.19:212][  0]LogAnalytics: [UEEditor.Rocket.Release] APIServer = http://et2.epicgames.com/ET2/. AppVersion = 4.8.3-2634408+++depot+UE4-Releases+4.8
[2015.07.30-00.34.19:212][  0]LogAnalytics: [UEEditor.Rocket.Release] SetUserId 95991fc0476255f629fcaf98d2613701|7c9fa1ec39b64c9f938beaadcb8943ad|3691a7cd-a3ac-46cd-a9bb-952d65400b26
[2015.07.30-00.34.19:213][  0]LogAnalytics: [UEEditor.Rocket.Release] AnalyticsET::StartSession
[2015.07.30-00.34.19:335][  0]LogInit: Transaction tracking system initialized
[2015.07.30-00.34.19:659][  0]BlueprintLog: New page: Editor Load
[2015.07.30-00.34.19:713][  0]LogAssetRegistry: FAssetRegistry took 0.0127 seconds to start up
[2015.07.30-00.34.19:716][  0]LogDirectoryWatcher:Warning: Failed to begin reading directory changes for ../../../Engine/Plugins/Experimental/CharacterAI/Content/. Error: 0
[2015.07.30-00.34.21:934][  0]LogConsoleManager:Warning: Console variable 'r.VSync' wasn't set ('GameSetting' has a lower priority than 'SystemSettingsIni')
[2015.07.30-00.34.21:935][  0]LogConsoleResponse:Display: 
[2015.07.30-00.34.22:732][  0]LogCook:Display: Done creating registry. It took  0.00s.
[2015.07.30-00.34.23:308][  0]SourceControl: Info Source control is disabled
[2015.07.30-00.34.23:308][  0]Cmd: MAP LOAD FILE="../../../Engine/Content/Maps/Templates/Template_Default.umap" TEMPLATE=1 SHOWPROGRESS=1 FEATURELEVEL=3
[2015.07.30-00.34.23:316][  0]LightingResults: New page: Lighting Build
[2015.07.30-00.34.23:343][  0]MapCheck: New page: Map Check
[2015.07.30-00.34.23:343][  0]LightingResults: New page: Lighting Build
[2015.07.30-00.34.23:368][  0]LogParticles: Destroying 0 GPU particle simulations for FXSystem 0x0000005DB30A68E0
[2015.07.30-00.34.24:193][  0]LogAIModule: Creating AISystem for world Untitled_1
[2015.07.30-00.34.24:241][  0]LogEditorServer: Finished looking for orphan Actors (0.000 secs)
[2015.07.30-00.34.24:255][  0]Cmd: MAP CHECKDEP NOCLEARLOG
[2015.07.30-00.34.24:322][  0]MapCheck: Info Map check complete: 0 Error(s), 0 Warning(s), took 66.445ms to complete.
[2015.07.30-00.34.24:324][  0]LogFileHelpers: Loading map 'Template_Default' took 1.016
[2015.07.30-00.34.24:656][  0]LogCollectionManager: Loaded 0 collections in 0.002862 seconds
[2015.07.30-00.34.24:671][  0]LogContentBrowser: Native class hierarchy populated in 0.0137 seconds. Added 1792 classes and 301 folders.
[2015.07.30-00.34.24:791][  0]LogContentBrowser: Native class hierarchy updated for 'WidgetCarousel' in 0.0009 seconds. Added 0 classes and 0 folders.
[2015.07.30-00.34.24:885][  0]LogContentBrowser: Native class hierarchy updated for 'AddContentDialog' in 0.0005 seconds. Added 0 classes and 0 folders.
[2015.07.30-00.34.24:919][  0]LogContentBrowser: Native class hierarchy updated for 'SceneOutliner' in 0.0005 seconds. Added 1 classes and 2 folders.
[2015.07.30-00.34.25:132][  0]LogCrashTracker: Crashtracker disabled due to settings.
[2015.07.30-00.34.25:141][  0]LogD3D11RHI: InitD3DDevice
[2015.07.30-00.34.25:153][  0]LogUObjectGlobals:Warning: Failed to find object 'Class None.'
[2015.07.30-00.34.25:178][  0]LogLoad: Full Startup: 30.67 seconds (BP compile: 0.50 seconds)
[2015.07.30-00.34.25:459][  0]LogContentStreaming: Texture pool size is 0.000000MB
[2015.07.30-00.34.25:498][  0]LogContentStreaming: Texture pool size now 1000 MB
[2015.07.30-00.34.25:766][  0]LogRenderer: Reallocating scene render targets to support 1224x576 (Frame:2).
[2015.07.30-00.34.26:249][  5]LogD3D11RHI: InitD3DDevice
[2015.07.30-00.34.26:838][ 17]LogAssetRegistry: Asset discovery search completed in 7.1367 seconds
[2015.07.30-00.34.46:826][210]LogD3D11RHI: InitD3DDevice
[2015.07.30-00.35.09:981][602]LogD3D11RHI: InitD3DDevice
[2015.07.30-00.35.10:022][602]LogFactory: FactoryCreateBinary: Texture with TextureFactory (0 0 C:\Storage\ECG Green (white).png)
[2015.07.30-00.35.10:028][602]LogTexture:Display: Building textures: ECG_Green__white_ (BGRA8)
[2015.07.30-00.35.12:561][750]LogD3D11RHI: InitD3DDevice
[2015.07.30-00.35.12:604][750]LogContentBrowser: Native class hierarchy updated for 'TextureEditor' in 0.0013 seconds. Added 1 classes and 2 folders.
[2015.07.30-00.35.12:637][750]LogD3D11RHI: InitD3DDevice
[2015.07.30-00.35.23:050][ 59]LogD3D11RHI: InitD3DDevice
[2015.07.30-00.35.23:124][ 59]LogD3D11RHI: InitD3DDevice
[2015.07.30-00.35.23:254][ 59]LogLinker:Warning: Asset '../../../Engine/Content/ArtTools/RenderToTexture/Macros/RenderToTextureMacros.uasset' has been saved with empty engine version. The asset will be loaded but may be incompatible.
[2015.07.30-00.35.23:345][ 59]LogLinker:Warning: Asset '../../../Engine/Content/ArtTools/RenderToTexture/Enums/RenderToTexture_Enum.uasset' has been saved with empty engine version. The asset will be loaded but may be incompatible.
[2015.07.30-00.35.27:497][184]LogD3D11RHI: InitD3DDevice
[2015.07.30-00.35.39:722][256]LogD3D11RHI: InitD3DDevice
[2015.07.30-00.35.47:959][923]BlueprintLog: New page: Compile WeaponAmmoHealthPanel
[2015.07.30-00.35.49:021][923]BlueprintEditorCompileResults: Info [0114.51] Compile of WeaponAmmoHealthPanel successful! [in 1,061 ms]
[2015.07.30-00.35.49:569][975]LogPlayLevel: PIE:  No blueprints needed recompiling
[2015.07.30-00.35.49:627][975]PIE: New page: PIE session: Untitled_1 (Jul 29, 2015, 10:35:49 AM)
[2015.07.30-00.35.49:627][975]LogPlayLevel: Creating play world package: /Temp/UEDPIE_0_Untitled_1
[2015.07.30-00.35.49:631][975]LogPlayLevel: PIE: StaticDuplicateObject took: (0.004008s)
[2015.07.30-00.35.49:633][975]LogAIModule: Creating AISystem for world Untitled_1
[2015.07.30-00.35.49:634][975]LogPlayLevel: PIE: World Init took: (0.002463s)
[2015.07.30-00.35.49:634][975]LogPlayLevel: PIE: Created PIE world by copying editor world from /Temp/Untitled_1.Untitled_1 to /Temp/UEDPIE_0_Untitled_1.Untitled_1 (0.006780s)
[2015.07.30-00.35.49:736][975]LogInit: XAudio2 using 'Speakers (Realtek High Definition Audio)' : 2 channels at 48 kHz using 32 bits per sample (channel mask 0x3)
[2015.07.30-00.35.49:753][975]LogInit: FAudioDevice initialized.
[2015.07.30-00.35.49:771][975]LogD3D11RHI: InitD3DDevice
[2015.07.30-00.35.50:474][975]LogWorld: Game class is 'MyGame_C'
[2015.07.30-00.35.50:482][975]LogWorld: Bringing World /Temp/UEDPIE_0_Untitled_1.Untitled_1 up for play (max tick rate 0) at 2015.07.29-17.35.50
[2015.07.30-00.35.50:482][975]LogActor:Warning: GameSession /Temp/UEDPIE_0_Untitled_1.Untitled_1:PersistentLevel.GameSession_0 has natively added scene component(s), but none of them were set as the actor's RootComponent - picking one arbitrarily
[2015.07.30-00.35.50:484][975]LogActor:Warning: GameNetworkManager /Temp/UEDPIE_0_Untitled_1.Untitled_1:PersistentLevel.GameNetworkManager_0 has natively added scene component(s), but none of them were set as the actor's RootComponent - picking one arbitrarily
[2015.07.30-00.35.50:486][975]LogWorld: Bringing up level for play took: 0.008342
[2015.07.30-00.35.50:566][975]PIE: Info Play in editor start time for /Temp/UEDPIE_0_Untitled_1 0.177
[2015.07.30-00.35.50:633][975]LogRenderer: Reallocating scene render targets to support 1296x760 (Frame:3038).
[2015.07.30-00.35.58:324][445]LogArray:Warning: Attempted to get an item from array CallFunc_GetDataTableRowNames_OutRowNames out of bounds [5/4]!
[2015.07.30-00.35.58:324][445]LogArray:Warning: Attempted to get an item from array CallFunc_GetDataTableRowNames_OutRowNames out of bounds [6/4]!
[2015.07.30-00.35.58:984][484]LogScript:Warning: Divide by zero: Divide_FloatFloat
[2015.07.30-00.35.58:998][485]LogScript:Warning: Divide by zero: Divide_FloatFloat
[2015.07.30-00.35.59:013][486]LogScript:Warning: Divide by zero: Divide_FloatFloat
[2015.07.30-00.35.59:030][487]LogScript:Warning: Divide by zero: Divide_FloatFloat
[2015.07.30-00.35.59:046][488]LogScript:Warning: Divide by zero: Divide_FloatFloat
[2015.07.30-00.35.59:063][489]LogScript:Warning: Divide by zero: Divide_FloatFloat
[2015.07.30-00.35.59:079][490]LogScript:Warning: Divide by zero: Divide_FloatFloat
[2015.07.30-00.35.59:095][491]LogScript:Warning: Divide by zero: Divide_FloatFloat
[2015.07.30-00.35.59:111][492]LogScript:Warning: Divide by zero: Divide_FloatFloat
[2015.07.30-00.35.59:128][493]LogScript:Warning: Divide by zero: Divide_FloatFloat
[2015.07.30-00.35.59:144][494]LogScript:Warning: Divide by zero: Divide_FloatFloat
[2015.07.30-00.35.59:160][495]LogScript:Warning: Divide by zero: Divide_FloatFloat
[2015.07.30-00.35.59:183][496]LogScript:Warning: Divide by zero: Divide_FloatFloat
[2015.07.30-00.35.59:200][497]LogScript:Warning: Divide by zero: Divide_FloatFloat
[2015.07.30-00.35.59:219][498]LogScript:Warning: Divide by zero: Divide_FloatFloat
[2015.07.30-00.35.59:236][499]LogScript:Warning: Divide by zero: Divide_FloatFloat
[2015.07.30-00.35.59:251][500]LogScript:Warning: Divide by zero: Divide_FloatFloat
[2015.07.30-00.35.59:269][501]LogScript:Warning: Divide by zero: Divide_FloatFloat
[2015.07.30-00.35.59:285][502]LogScript:Warning: Divide by zero: Divide_FloatFloat
[2015.07.30-00.35.59:298][503]LogScript:Warning: Divide by zero: Divide_FloatFloat
[2015.07.30-00.35.59:312][504]LogScript:Warning: Divide by zero: Divide_FloatFloat
[2015.07.30-00.35.59:326][505]LogScript:Warning: Divide by zero: Divide_FloatFloat
[2015.07.30-00.35.59:341][506]LogScript:Warning: Divide by zero: Divide_FloatFloat
[2015.07.30-00.35.59:356][507]LogScript:Warning: Divide by zero: Divide_FloatFloat
[2015.07.30-00.35.59:373][508]LogScript:Warning: Divide by zero: Divide_FloatFloat
[2015.07.30-00.35.59:389][509]LogScript:Warning: Divide by zero: Divide_FloatFloat
[2015.07.30-00.35.59:407][510]LogScript:Warning: Divide by zero: Divide_FloatFloat
[2015.07.30-00.35.59:422][511]LogScript:Warning: Divide by zero: Divide_FloatFloat
[2015.07.30-00.35.59:439][512]LogScript:Warning: Divide by zero: Divide_FloatFloat
[2015.07.30-00.35.59:456][513]LogScript:Warning: Divide by zero: Divide_FloatFloat
[2015.07.30-00.35.59:474][514]LogScript:Warning: Divide by zero: Divide_FloatFloat
[2015.07.30-00.35.59:487][515]LogScript:Warning: Divide by zero: Divide_FloatFloat
[2015.07.30-00.35.59:500][516]LogScript:Warning: Divide by zero: Divide_FloatFloat
[2015.07.30-00.35.59:516][517]LogScript:Warning: Divide by zero: Divide_FloatFloat
[2015.07.30-00.35.59:532][518]LogScript:Warning: Divide by zero: Divide_FloatFloat
[2015.07.30-00.35.59:554][519]LogScript:Warning: Divide by zero: Divide_FloatFloat
[2015.07.30-00.35.59:555][519]LogScript:Warning: Divide by zero: Divide_FloatFloat
[2015.07.30-00.35.59:572][520]LogScript:Warning: Divide by zero: Divide_FloatFloat
[2015.07.30-00.35.59:572][520]LogScript:Warning: Divide by zero: Divide_FloatFloat
[2015.07.30-00.35.59:592][521]LogScript:Warning: Divide by zero: Divide_FloatFloat
[2015.07.30-00.35.59:592][521]LogScript:Warning: Divide by zero: Divide_FloatFloat
[2015.07.30-00.35.59:606][522]LogScript:Warning: Divide by zero: Divide_FloatFloat
[2015.07.30-00.35.59:606][522]LogScript:Warning: Divide by zero: Divide_FloatFloat
[2015.07.30-00.35.59:622][523]LogScript:Warning: Divide by zero: Divide_FloatFloat
[2015.07.30-00.35.59:622][523]LogScript:Warning: Divide by zero: Divide_FloatFloat
[2015.07.30-00.35.59:644][524]LogScript:Warning: Divide by zero: Divide_FloatFloat
[2015.07.30-00.35.59:644][524]LogScript:Warning: Divide by zero: Divide_FloatFloat
[2015.07.30-00.35.59:663][525]LogScript:Warning: Divide by zero: Divide_FloatFloat
[2015.07.30-00.35.59:663][525]LogScript:Warning: Divide by zero: Divide_FloatFloat
[2015.07.30-00.35.59:679][526]LogScript:Warning: Divide by zero: Divide_FloatFloat
[2015.07.30-00.35.59:679][526]LogScript:Warning: Divide by zero: Divide_FloatFloat
[2015.07.30-00.35.59:697][527]LogScript:Warning: Divide by zero: Divide_FloatFloat
[2015.07.30-00.35.59:697][527]LogScript:Warning: Divide by zero: Divide_FloatFloat
[2015.07.30-00.35.59:716][528]LogScript:Warning: Divide by zero: Divide_FloatFloat
[2015.07.30-00.35.59:716][528]LogScript:Warning: Divide by zero: Divide_FloatFloat
[2015.07.30-00.35.59:736][529]LogScript:Warning: Divide by zero: Divide_FloatFloat
[2015.07.30-00.35.59:736][529]LogScript:Warning: Divide by zero: Divide_FloatFloat
[2015.07.30-00.35.59:751][530]LogScript:Warning: Divide by zero: Divide_FloatFloat
[2015.07.30-00.35.59:751][530]LogScript:Warning: Divide by zero: Divide_FloatFloat
[2015.07.30-00.35.59:766][531]LogScript:Warning: Divide by zero: Divide_FloatFloat
[2015.07.30-00.35.59:766][531]LogScript:Warning: Divide by zero: Divide_FloatFloat
[2015.07.30-00.35.59:784][532]LogScript:Warning: Divide by zero: Divide_FloatFloat
[2015.07.30-00.35.59:784][532]LogScript:Warning: Divide by zero: Divide_FloatFloat
[2015.07.30-00.35.59:799][533]LogScript:Warning: Divide by zero: Divide_FloatFloat
[2015.07.30-00.35.59:799][533]LogScript:Warning: Divide by zero: Divide_FloatFloat
[2015.07.30-00.35.59:816][534]LogScript:Warning: Divide by zero: Divide_FloatFloat
[2015.07.30-00.35.59:816][534]LogScript:Warning: Divide by zero: Divide_FloatFloat
[2015.07.30-00.35.59:834][535]LogScript:Warning: Divide by zero: Divide_FloatFloat
[2015.07.30-00.35.59:834][535]LogScript:Warning: Divide by zero: Divide_FloatFloat
[2015.07.30-00.35.59:980][536]LogParticles: Destroying 0 GPU particle simulations for FXSystem 0x0000005DA9DC89A0
[2015.07.30-01.57.20:369][410]BlueprintLog: New page: Compile WeaponAmmoHealthPanel
[2015.07.30-01.57.21:549][410]BlueprintEditorCompileResults: Info [5007.04] Compile of WeaponAmmoHealthPanel successful! [in 1,178 ms]
[2015.07.30-02.08.06:362][982]LogD3D11RHI: InitD3DDevice
[2015.07.30-02.08.06:449][982]LogSavePackage: Save=17.391716ms
[2015.07.30-02.08.06:449][982]LogSavePackage: Moving '../../../../../../Storage/TheForsakensCopy(1)/TheForsakensCopy/The-Forsaken/Saved/ECG_Green__white_52C41F7E4AC9B700CA1BCEA9D53EA847.tmp' to '../../../../../../Storage/TheForsakensCopy(1)/TheForsakensCopy/The-Forsaken/Content/Weapons/HUDWidgets/ECG_Green__white_.uasset'
[2015.07.30-02.08.06:739][982]LogSavePackage: Save=127.620201ms
[2015.07.30-02.08.06:739][982]LogSavePackage: Moving '../../../../../../Storage/TheForsakensCopy(1)/TheForsakensCopy/The-Forsaken/Saved/WeaponAmmoHealthPanel756C97D04BA657ABFD2FD5AE7DC5820C.tmp' to '../../../../../../Storage/TheForsakensCopy(1)/TheForsakensCopy/The-Forsaken/Content/Weapons/HUDWidgets/WeaponAmmoHealthPanel.uasset'
[2015.07.30-02.08.07:674][ 14]LogWindowsTextInputMethodSystem:Display: IME system now deactivated.
[2015.07.30-02.08.08:471][ 15]Cmd: QUIT_EDITOR
[2015.07.30-02.08.10:679][ 15]LogExit: Preparing to exit.
[2015.07.30-02.08.12:001][ 15]LogExit: Editor shut down
[2015.07.30-02.08.12:004][ 15]LogExit: Transaction tracking system shut down
[2015.07.30-02.08.12:044][ 15]LogParticles: Destroying 0 GPU particle simulations for FXSystem 0x0000005DA83E7420
[2015.07.30-02.08.12:045][ 15]LogParticles: Destroying 0 GPU particle simulations for FXSystem 0x0000005DA64FB600
[2015.07.30-02.08.12:045][ 15]LogParticles: Destroying 0 GPU particle simulations for FXSystem 0x0000005DA64074C0
[2015.07.30-02.08.12:053][ 15]LogParticles: Destroying 0 GPU particle simulations for FXSystem 0x0000005DA8EC6520
[2015.07.30-02.08.12:105][ 15]LogParticles: Destroying 0 GPU particle simulations for FXSystem 0x0000005DAD30EF20
[2015.07.30-02.08.12:106][ 15]LogParticles: Destroying 0 GPU particle simulations for FXSystem 0x0000005DAD30D4E0
[2015.07.30-02.08.12:133][ 15]LogParticles: Destroying 0 GPU particle simulations for FXSystem 0x0000005DEC581A80
[2015.07.30-02.08.14:801][ 15]LogExit: Object subsystem successfully closed.
[2015.07.30-02.08.15:046][ 15]LogD3D11RHI: Shutdown
[2015.07.30-02.08.15:046][ 15]LogD3D11RHI: CleanupD3DDevice
[2015.07.30-02.08.15:536][ 15]LogD3D11RHI: ~FD3D11DynamicRHI
[2015.07.30-02.08.15:855][ 15]LogModuleManager: Shutting down and abandoning module SequencerWidgets (190)
[2015.07.30-02.08.15:856][ 15]LogModuleManager: Shutting down and abandoning module TextureEditor (189)
[2015.07.30-02.08.15:884][ 15]LogModuleManager: Shutting down and abandoning module CrashTracker (188)
[2015.07.30-02.08.15:885][ 15]LogModuleManager: Shutting down and abandoning module SceneOutliner (187)
[2015.07.30-02.08.15:910][ 15]LogModuleManager: Shutting down and abandoning module SuperSearch (186)
[2015.07.30-02.08.15:910][ 15]LogModuleManager: Shutting down and abandoning module WidgetCarousel (185)
[2015.07.30-02.08.15:914][ 15]LogModuleManager: Shutting down and abandoning module AddContentDialog (184)
[2015.07.30-02.08.16:071][ 15]LogModuleManager: Shutting down and abandoning module EditorWidgets (183)
[2015.07.30-02.08.16:071][ 15]LogModuleManager: Shutting down and abandoning module CollectionManager (182)
[2015.07.30-02.08.16:075][ 15]LogModuleManager: Shutting down and abandoning module StatsViewer (181)
[2015.07.30-02.08.16:076][ 15]LogModuleManager: Shutting down and abandoning module FoliageEdit (180)
[2015.07.30-02.08.16:076][ 15]LogModuleManager: Shutting down and abandoning module LandscapeEditor (179)
[2015.07.30-02.08.16:079][ 15]LogModuleManager: Shutting down and abandoning module ActorPickerMode (178)
[2015.07.30-02.08.16:079][ 15]LogModuleManager: Shutting down and abandoning module GeometryMode (177)
[2015.07.30-02.08.16:079][ 15]LogModuleManager: Shutting down and abandoning module TextureAlignMode (176)
[2015.07.30-02.08.16:079][ 15]LogModuleManager: Shutting down and abandoning module BspMode (175)
[2015.07.30-02.08.16:079][ 15]LogModuleManager: Shutting down and abandoning module PlacementMode (174)
[2015.07.30-02.08.16:080][ 15]LogModuleManager: Shutting down and abandoning module AutomationWorker (173)
[2015.07.30-02.08.16:080][ 15]LogModuleManager: Shutting down and abandoning module CharacterAI (172)
[2015.07.30-02.08.16:080][ 15]LogModuleManager: Shutting down and abandoning module SmartSnapping (171)
[2015.07.30-02.08.16:080][ 15]LogModuleManager: Shutting down and abandoning module ViewportSnapping (170)
[2015.07.30-02.08.16:080][ 15]LogModuleManager: Shutting down and abandoning module LogVisualizer (169)
[2015.07.30-02.08.16:084][ 15]LogModuleManager: Shutting down and abandoning module GameProjectGeneration (168)
[2015.07.30-02.08.16:086][ 15]LogModuleManager: Shutting down and abandoning module IntroTutorials (167)
[2015.07.30-02.08.16:100][ 15]LogModuleManager: Shutting down and abandoning module EditorLiveStreaming (166)
[2015.07.30-02.08.16:100][ 15]LogModuleManager: Shutting down and abandoning module IOSPlatformEditor (165)
[2015.07.30-02.08.16:101][ 15]LogModuleManager: Shutting down and abandoning module HTML5PlatformEditor (164)
[2015.07.30-02.08.16:101][ 15]LogModuleManager: Shutting down and abandoning module AndroidDeviceDetection (163)
[2015.07.30-02.08.16:940][ 15]LogModuleManager: Shutting down and abandoning module AndroidPlatformEditor (162)
[2015.07.30-02.08.16:940][ 15]LogModuleManager: Shutting down and abandoning module IOSRuntimeSettings (161)
[2015.07.30-02.08.16:940][ 15]LogModuleManager: Shutting down and abandoning module AndroidRuntimeSettings (160)
[2015.07.30-02.08.16:940][ 15]LogModuleManager: Shutting down and abandoning module MergeActors (159)
[2015.07.30-02.08.16:945][ 15]LogModuleManager: Shutting down and abandoning module SizeMap (158)
[2015.07.30-02.08.16:945][ 15]LogModuleManager: Shutting down and abandoning module TreeMap (157)
[2015.07.30-02.08.16:963][ 15]LogModuleManager: Shutting down and abandoning module ReferenceViewer (156)
[2015.07.30-02.08.16:963][ 15]LogModuleManager: Shutting down and abandoning module LocalizationDashboard (155)
[2015.07.30-02.08.16:965][ 15]LogModuleManager: Shutting down and abandoning module HardwareTargeting (154)
[2015.07.30-02.08.16:965][ 15]LogModuleManager: Shutting down and abandoning module DeviceProfileEditor (153)
[2015.07.30-02.08.16:965][ 15]LogModuleManager: Shutting down and abandoning module UndoHistory (152)
[2015.07.30-02.08.16:966][ 15]LogModuleManager: Shutting down and abandoning module GameplayTagsEditor (151)
[2015.07.30-02.08.16:966][ 15]LogModuleManager: Shutting down and abandoning module UserFeedback (150)
[2015.07.30-02.08.16:966][ 15]LogModuleManager: Shutting down and abandoning module XmlParser (149)
[2015.07.30-02.08.16:967][ 15]LogModuleManager: Shutting down and abandoning module Blutility (148)
[2015.07.30-02.08.16:967][ 15]LogModuleManager: Shutting down and abandoning module ProjectTargetPlatformEditor (147)
[2015.07.30-02.08.16:967][ 15]LogModuleManager: Shutting down and abandoning module ProjectSettingsViewer (146)
[2015.07.30-02.08.16:967][ 15]LogModuleManager: Shutting down and abandoning module InputBindingEditor (145)
[2015.07.30-02.08.16:968][ 15]LogModuleManager: Shutting down and abandoning module EditorSettingsViewer (144)
[2015.07.30-02.08.16:969][ 15]LogModuleManager: Shutting down and abandoning module SettingsEditor (143)
[2015.07.30-02.08.16:970][ 15]LogModuleManager: Shutting down and abandoning module ProjectLauncher (142)
[2015.07.30-02.08.16:974][ 15]LogModuleManager: Shutting down and abandoning module SessionFrontend (141)
[2015.07.30-02.08.16:979][ 15]LogModuleManager: Shutting down and abandoning module ProfilerClient (140)
[2015.07.30-02.08.16:985][ 15]LogModuleManager: Shutting down and abandoning module TargetDeviceServices (139)
[2015.07.30-02.08.16:988][ 15]LogModuleManager: Shutting down and abandoning module DeviceManager (138)
[2015.07.30-02.08.16:997][ 15]LogModuleManager: Shutting down and abandoning module AutomationController (137)
[2015.07.30-02.08.17:021][ 15]LogModuleManager: Shutting down and abandoning module AutomationWindow (136)
[2015.07.30-02.08.17:023][ 15]LogModuleManager: Shutting down and abandoning module Layers (135)
[2015.07.30-02.08.17:026][ 15]LogModuleManager: Shutting down and abandoning module ComponentVisualizers (134)
[2015.07.30-02.08.17:026][ 15]LogModuleManager: Shutting down and abandoning module DetailCustomizations (133)
[2015.07.30-02.08.17:027][ 15]LogModuleManager: Shutting down and abandoning module PackagesDialog (132)
[2015.07.30-02.08.17:044][ 15]LogModuleManager: Shutting down and abandoning module AssetRegistry (131)
[2015.07.30-02.08.18:470][ 15]LogModuleManager: Shutting down and abandoning module Persona (130)
[2015.07.30-02.08.18:494][ 15]LogModuleManager: Shutting down and abandoning module Kismet (129)
[2015.07.30-02.08.18:494][ 15]LogModuleManager: Shutting down and abandoning module GraphEditor (128)
[2015.07.30-02.08.18:496][ 15]LogModuleManager: Shutting down and abandoning module ClassViewer (127)
[2015.07.30-02.08.18:496][ 15]LogModuleManager: Shutting down and abandoning module Toolbox (126)
[2015.07.30-02.08.18:496][ 15]LogModuleManager: Shutting down and abandoning module ModuleUI (125)
[2015.07.30-02.08.18:497][ 15]LogModuleManager: Shutting down and abandoning module MovieSceneTools (124)
[2015.07.30-02.08.18:497][ 15]LogModuleManager: Shutting down and abandoning module OutputLog (123)
[2015.07.30-02.08.18:497][ 15]LogModuleManager: Shutting down and abandoning module GammaUI (122)
[2015.07.30-02.08.18:498][ 15]LogModuleManager: Shutting down and abandoning module Documentation (121)
[2015.07.30-02.08.18:498][ 15]LogModuleManager: Shutting down and abandoning module GameLiveStreaming (120)
[2015.07.30-02.08.18:499][ 15]LogModuleManager: Shutting down and abandoning module StreamingPauseRendering (119)
[2015.07.30-02.08.18:499][ 15]LogModuleManager: Shutting down and abandoning module AnalyticsET (118)
[2015.07.30-02.08.18:499][ 15]LogModuleManager: Shutting down and abandoning module Analytics (117)
[2015.07.30-02.08.18:499][ 15]LogModuleManager: Shutting down and abandoning module AITestSuite (116)
[2015.07.30-02.08.18:501][ 15]LogModuleManager: Shutting down and abandoning module GameplayDebugger (115)
[2015.07.30-02.08.18:501][ 15]LogModuleManager: Shutting down and abandoning module AIModule (114)
[2015.07.30-02.08.18:501][ 15]LogModuleManager: Shutting down and abandoning module ProfilerService (113)
[2015.07.30-02.08.18:705][ 15]LogModuleManager: Shutting down and abandoning module TaskGraph (112)
[2015.07.30-02.08.18:709][ 15]LogModuleManager: Shutting down and abandoning module SlateRemote (111)
[2015.07.30-02.08.18:710][ 15]LogModuleManager: Shutting down and abandoning module SteamVRController (110)
[2015.07.30-02.08.18:710][ 15]LogModuleManager: Shutting down and abandoning module SteamVR (109)
[2015.07.30-02.08.18:710][ 15]LogModuleManager: Shutting down and abandoning module ProceduralMeshComponent (108)
[2015.07.30-02.08.18:710][ 15]LogModuleManager: Shutting down and abandoning module OculusRift (107)
[2015.07.30-02.08.18:710][ 15]LogModuleManager: Shutting down and abandoning module LeapMotionController (106)
[2015.07.30-02.08.19:189][ 15]LogModuleManager: Shutting down and abandoning module CustomMeshComponent (105)
[2015.07.30-02.08.19:189][ 15]LogModuleManager: Shutting down and abandoning module CableComponent (104)
[2015.07.30-02.08.19:189][ 15]LogModuleManager: Shutting down and abandoning module MessagingDebugger (103)
[2015.07.30-02.08.19:191][ 15]LogModuleManager: Shutting down and abandoning module MediaPlayerEditor (102)
[2015.07.30-02.08.19:194][ 15]LogModuleManager: Shutting down and abandoning module SpeedTreeImporter (101)
[2015.07.30-02.08.19:194][ 15]LogModuleManager: Shutting down and abandoning module PluginBrowser (100)
[2015.07.30-02.08.19:195][ 15]LogModuleManager: Shutting down and abandoning module EpicSurvey (99)
[2015.07.30-02.08.19:196][ 15]LogModuleManager: Shutting down and abandoning module DesktopPlatform (98)
[2015.07.30-02.08.19:198][ 15]LogModuleManager: Shutting down and abandoning module VisualStudioSourceCodeAccess (97)
[2015.07.30-02.08.19:199][ 15]LogModuleManager: Shutting down and abandoning module UObjectPlugin (96)
[2015.07.30-02.08.19:199][ 15]LogModuleManager: Shutting down and abandoning module SubversionSourceControl (95)
[2015.07.30-02.08.19:200][ 15]LogModuleManager: Shutting down and abandoning module PerforceSourceControl (94)
[2015.07.30-02.08.19:201][ 15]LogModuleManager: Shutting down and abandoning module SourceControl (93)
[2015.07.30-02.08.19:202][ 15]LogModuleManager: Shutting down and abandoning module GitSourceControl (92)
[2015.07.30-02.08.19:210][ 15]LogModuleManager: Shutting down and abandoning module BlankPlugin (91)
[2015.07.30-02.08.19:210][ 15]LogModuleManager: Shutting down and abandoning module PaperTiledImporter (90)
[2015.07.30-02.08.19:210][ 15]LogModuleManager: Shutting down and abandoning module PaperSpriteSheetImporter (89)
[2015.07.30-02.08.19:214][ 15]LogModuleManager: Shutting down and abandoning module MeshPaint (88)
[2015.07.30-02.08.19:216][ 15]LogModuleManager: Shutting down and abandoning module SlateReflector (87)
[2015.07.30-02.08.19:222][ 15]LogModuleManager: Shutting down and abandoning module DirectoryWatcher (86)
[2015.07.30-02.08.19:227][ 15]LogModuleManager: Shutting down and abandoning module HotReload (85)
[2015.07.30-02.08.19:228][ 15]LogModuleManager: Shutting down and abandoning module MainFrame (84)
[2015.07.30-02.08.19:228][ 15]LogModuleManager: Shutting down and abandoning module LevelEditor (83)
[2015.07.30-02.08.19:235][ 15]LogModuleManager: Shutting down and abandoning module ContentBrowser (82)
[2015.07.30-02.08.19:238][ 15]LogModuleManager: Shutting down and abandoning module Paper2DEditor (81)
[2015.07.30-02.08.19:239][ 15]LogModuleManager: Shutting down and abandoning module UdpMessaging (80)
[2015.07.30-02.08.19:348][ 15]LogModuleManager: Shutting down and abandoning module Paper2D (79)
[2015.07.30-02.08.19:349][ 15]LogModuleManager: Shutting down and abandoning module WindowsMoviePlayer (78)
[2015.07.30-02.08.19:366][ 15]LogModuleManager: Shutting down and abandoning module Media (77)
[2015.07.30-02.08.19:366][ 15]LogModuleManager: Shutting down and abandoning module WmfMedia (76)
[2015.07.30-02.08.19:368][ 15]LogModuleManager: Shutting down and abandoning module OnlineBlueprintSupport (75)
[2015.07.30-02.08.19:368][ 15]LogModuleManager: Shutting down and abandoning module PropertyEditor (74)
[2015.07.30-02.08.19:368][ 15]LogModuleManager: Shutting down and abandoning module BehaviorTreeEditor (73)
[2015.07.30-02.08.19:369][ 15]LogModuleManager: Shutting down and abandoning module FunctionalTesting (72)
[2015.07.30-02.08.19:370][ 15]LogModuleManager: Shutting down and abandoning module CollisionAnalyzer (71)
[2015.07.30-02.08.19:371][ 15]LogModuleManager: Shutting down and abandoning module WorkspaceMenuStructure (70)
[2015.07.30-02.08.19:371][ 15]LogModuleManager: Shutting down and abandoning module MessageLog (69)
[2015.07.30-02.08.19:371][ 15]LogModuleManager: Shutting down and abandoning module Sequencer (68)
[2015.07.30-02.08.19:371][ 15]LogModuleManager: Shutting down and abandoning module AssetTools (67)
[2015.07.30-02.08.19:374][ 15]LogModuleManager: Shutting down and abandoning module UMGEditor (66)
[2015.07.30-02.08.19:374][ 15]LogModuleManager: Shutting down and abandoning module UMG (65)
[2015.07.30-02.08.19:374][ 15]LogModuleManager: Shutting down and abandoning module Slate (64)
[2015.07.30-02.08.19:374][ 15]LogModuleManager: Shutting down and abandoning module EditorStyle (63)
[2015.07.30-02.08.19:383][ 15]LogModuleManager: Shutting down and abandoning module SessionServices (62)
[2015.07.30-02.08.19:383][ 15]LogModuleManager: Shutting down and abandoning module SourceCodeAccess (61)
[2015.07.30-02.08.19:383][ 15]LogModuleManager: Shutting down and abandoning module HeadMountedDisplay (60)
[2015.07.30-02.08.19:383][ 15]LogModuleManager: Shutting down and abandoning module XAudio2 (59)
[2015.07.30-02.08.19:383][ 15]LogModuleManager: Shutting down and abandoning module Networking (57)
[2015.07.30-02.08.19:383][ 15]LogModuleManager: Shutting down and abandoning module Core (56)
[2015.07.30-02.08.19:383][ 15]LogModuleManager: Shutting down and abandoning module KismetCompiler (55)
[2015.07.30-02.08.19:383][ 15]LogModuleManager: Shutting down and abandoning module PhysXFormats (54)
[2015.07.30-02.08.19:384][ 15]LogModuleManager: Shutting down and abandoning module MeshUtilities (53)
[2015.07.30-02.08.19:386][ 15]LogModuleManager: Shutting down and abandoning module DerivedDataCache (52)
[2015.07.30-02.08.19:443][ 15]LogDerivedDataCache: Shutdown
[2015.07.30-02.08.19:443][ 15]LogModuleManager: Shutting down and abandoning module ShaderFormatOpenGL (51)
[2015.07.30-02.08.19:449][ 15]LogModuleManager: Shutting down and abandoning module ShaderFormatD3D (50)
[2015.07.30-02.08.19:454][ 15]LogModuleManager: Shutting down and abandoning module MetalShaderFormat (49)
[2015.07.30-02.08.19:458][ 15]LogModuleManager: Shutting down and abandoning module TextureFormatUncompressed (48)
[2015.07.30-02.08.19:459][ 15]LogModuleManager: Shutting down and abandoning module TextureFormatPVR (47)
[2015.07.30-02.08.19:459][ 15]LogModuleManager: Shutting down and abandoning module TextureFormatIntelISPCTexComp (46)
[2015.07.30-02.08.19:459][ 15]LogModuleManager: Shutting down and abandoning module TextureFormatDXT (45)
[2015.07.30-02.08.19:460][ 15]LogModuleManager: Shutting down and abandoning module ImageWrapper (44)
[2015.07.30-02.08.19:460][ 15]LogModuleManager: Shutting down and abandoning module TextureFormatASTC (43)
[2015.07.30-02.08.19:460][ 15]LogModuleManager: Shutting down and abandoning module TextureFormatAndroid (42)
[2015.07.30-02.08.19:460][ 15]LogModuleManager: Shutting down and abandoning module AudioFormatOpus (41)
[2015.07.30-02.08.19:461][ 15]LogModuleManager: Shutting down and abandoning module AudioFormatOgg (40)
[2015.07.30-02.08.19:461][ 15]LogModuleManager: Shutting down and abandoning module AudioFormatADPCM (39)
[2015.07.30-02.08.19:461][ 15]LogModuleManager: Shutting down and abandoning module LinuxTargetPlatform (38)
[2015.07.30-02.08.19:461][ 15]LogModuleManager: Shutting down and abandoning module LinuxServerTargetPlatform (37)
[2015.07.30-02.08.19:463][ 15]LogModuleManager: Shutting down and abandoning module LinuxNoEditorTargetPlatform (36)
[2015.07.30-02.08.19:463][ 15]LogModuleManager: Shutting down and abandoning module Messaging (35)
[2015.07.30-02.08.19:463][ 15]LogModuleManager: Shutting down and abandoning module IOSTargetPlatform (34)
[2015.07.30-02.08.19:463][ 15]LogModuleManager: Shutting down and abandoning module HTML5TargetPlatform (33)
[2015.07.30-02.08.19:463][ 15]LogModuleManager: Shutting down and abandoning module Android_PVRTCTargetPlatform (32)
[2015.07.30-02.08.19:463][ 15]LogModuleManager: Shutting down and abandoning module Android_ETC2TargetPlatform (31)
[2015.07.30-02.08.19:463][ 15]LogModuleManager: Shutting down and abandoning module Android_ETC1TargetPlatform (30)
[2015.07.30-02.08.19:463][ 15]LogModuleManager: Shutting down and abandoning module Android_DXTTargetPlatform (29)
[2015.07.30-02.08.19:463][ 15]LogModuleManager: Shutting down and abandoning module Android_ATCTargetPlatform (28)
[2015.07.30-02.08.19:463][ 15]LogModuleManager: Shutting down and abandoning module Android_ASTCTargetPlatform (27)
[2015.07.30-02.08.19:463][ 15]LogModuleManager: Shutting down and abandoning module AndroidTargetPlatform (26)
[2015.07.30-02.08.19:463][ 15]LogModuleManager: Shutting down and abandoning module WindowsTargetPlatform (25)
[2015.07.30-02.08.19:463][ 15]LogModuleManager: Shutting down and abandoning module WindowsServerTargetPlatform (24)
[2015.07.30-02.08.19:464][ 15]LogModuleManager: Shutting down and abandoning module WindowsNoEditorTargetPlatform (23)
[2015.07.30-02.08.19:464][ 15]LogModuleManager: Shutting down and abandoning module WindowsClientTargetPlatform (22)
[2015.07.30-02.08.19:464][ 15]LogModuleManager: Shutting down and abandoning module DesktopTargetPlatform (21)
[2015.07.30-02.08.19:464][ 15]LogModuleManager: Shutting down and abandoning module TargetPlatform (20)
[2015.07.30-02.08.19:464][ 15]LogModuleManager: Shutting down and abandoning module InputCore (19)
[2015.07.30-02.08.19:464][ 15]LogModuleManager: Shutting down and abandoning module Settings (18)
[2015.07.30-02.08.19:464][ 15]LogModuleManager: Shutting down and abandoning module OnlineSubsystem (16)
[2015.07.30-02.08.19:464][ 15]LogModuleManager: Shutting down and abandoning module HTTP (15)
[2015.07.30-02.08.19:466][ 15]LogModuleManager: Shutting down and abandoning module ExampleDeviceProfileSelector (14)
[2015.07.30-02.08.19:466][ 15]LogModuleManager: Shutting down and abandoning module TextureCompressor (13)
[2015.07.30-02.08.19:466][ 15]LogModuleManager: Shutting down and abandoning module ShaderCore (12)
[2015.07.30-02.08.19:466][ 15]LogModuleManager: Shutting down and abandoning module Landscape (11)
[2015.07.30-02.08.19:466][ 15]LogModuleManager: Shutting down and abandoning module SlateRHIRenderer (10)
[2015.07.30-02.08.19:540][ 15]LogModuleManager: Shutting down and abandoning module OpenGLDrv (9)
[2015.07.30-02.08.19:541][ 15]LogModuleManager: Shutting down and abandoning module D3D11RHI (8)
[2015.07.30-02.08.19:541][ 15]LogModuleManager: Shutting down and abandoning module Renderer (7)
[2015.07.30-02.08.19:541][ 15]LogModuleManager: Shutting down and abandoning module Engine (6)
[2015.07.30-02.08.19:541][ 15]LogModuleManager: Shutting down and abandoning module CoreUObject (5)
[2015.07.30-02.08.19:541][ 15]LogModuleManager: Shutting down and abandoning module NetworkFile (4)
[2015.07.30-02.08.19:542][ 15]LogModuleManager: Shutting down and abandoning module StreamingFile (3)
[2015.07.30-02.08.19:543][ 15]LogModuleManager: Shutting down and abandoning module SandboxFile (2)
[2015.07.30-02.08.19:546][ 15]LogModuleManager: Shutting down and abandoning module PakFile (1)
[2015.07.30-02.08.19:553][ 15]LogExit: Exiting.
[2015.07.30-02.08.19:648][ 15]Log file closed, 07/29/15 19:08:19
