[2015.07.28-07.45.16:672][  0]Log file open, 07/28/15 00:45:16
[2015.07.28-07.45.16:672][  0]LogInit:Display: Running engine for game: TheForsakens
[2015.07.28-07.45.16:672][  0]LogInit:Display: RandInit(194648104) SRandInit(194648106).
[2015.07.28-07.45.16:672][  0]LogTaskGraph: Started task graph with 4 named threads and 7 total threads.
[2015.07.28-07.45.16:672][  0]LogStats: Stats thread started
[2015.07.28-07.45.16:672][  0]LogInit: Version: 4.8.2-2614606+++depot+UE4-Releases+4.8
[2015.07.28-07.45.16:672][  0]LogInit: API Version: 2579680
[2015.07.28-07.45.16:672][  0]LogInit: Compiled (64-bit): Jul  8 2015 23:43:41
[2015.07.28-07.45.16:672][  0]LogInit: Compiled with Visual C++: 18.00.21005.01
[2015.07.28-07.45.16:672][  0]LogInit: Build Configuration: Development
[2015.07.28-07.45.16:672][  0]LogInit: Branch Name: ++depot+UE4-Releases+4.8
[2015.07.28-07.45.16:672][  0]LogInit: Command line:  
[2015.07.28-07.45.16:672][  0]LogInit: Base directory: C:/Program Files/Epic Games/4.8/Engine/Binaries/Win64/
[2015.07.28-07.45.16:672][  0]LogInit: Rocket: 1
[2015.07.28-07.45.16:700][  0]LogInit: Using libcurl 7.41.0
[2015.07.28-07.45.16:700][  0]LogInit:  - built for x86_64-pc-win32
[2015.07.28-07.45.16:700][  0]LogInit:  - supports SSL with WinSSL
[2015.07.28-07.45.16:700][  0]LogInit:  - other features:
[2015.07.28-07.45.16:700][  0]LogInit:      CURL_VERSION_SSL
[2015.07.28-07.45.16:700][  0]LogInit:      CURL_VERSION_IPV6
[2015.07.28-07.45.16:700][  0]LogInit:      CURL_VERSION_ASYNCHDNS
[2015.07.28-07.45.16:700][  0]LogInit:      CURL_VERSION_LARGEFILE
[2015.07.28-07.45.16:700][  0]LogInit:      CURL_VERSION_IDN
[2015.07.28-07.45.16:701][  0]LogInit:  CurlRequestOptions (configurable via config and command line):
[2015.07.28-07.45.16:701][  0]LogInit:  - bVerifyPeer = true  - Libcurl will verify peer certificate
[2015.07.28-07.45.16:701][  0]LogInit:  - bUseHttpProxy = false  - Libcurl will NOT use HTTP proxy
[2015.07.28-07.45.16:701][  0]LogInit:  - bDontReuseConnections = false  - Libcurl will reuse connections
[2015.07.28-07.45.16:701][  0]LogInit:  - CertBundlePath = nullptr  - Libcurl will use whatever was configured at build time.
[2015.07.28-07.45.16:721][  0]LogOnline:Warning: No default platform service specified for OnlineSubsystem
[2015.07.28-07.45.16:748][  0]LogInit: Presizing for 0 objects not considered by GC, pre-allocating 0 bytes.
[2015.07.28-07.45.16:759][  0]LogInit: Object subsystem initialized
[2015.07.28-07.45.16:760][  0]LogConsoleResponse:Warning: Skipping Unknown console variable: 'TranslucentSortAxis = (X=0.000000,Y=-1.000000,Z=0.000000)'
[2015.07.28-07.45.16:760][  0]LogConsoleResponse:Warning:   Found in ini file 'C:/Storage/TheForsakensCopy(1)/TheForsakensCopy/The-Forsaken/Saved/Config/Windows/Engine.ini', in section '[/Script/Engine.RendererSettings]'
[2015.07.28-07.45.16:760][  0]LogConsoleResponse:Warning: Skipping Unknown console variable: 'UIScaleRule = ShortestSide'
[2015.07.28-07.45.16:760][  0]LogConsoleResponse:Warning:   Found in ini file 'C:/Storage/TheForsakensCopy(1)/TheForsakensCopy/The-Forsaken/Saved/Config/Windows/Engine.ini', in section '[/Script/Engine.RendererSettings]'
[2015.07.28-07.45.16:760][  0]LogConsoleResponse:Warning: Skipping Unknown console variable: 'UIScaleCurve = (EditorCurveData=(Keys=),ExternalCurve=None)'
[2015.07.28-07.45.16:760][  0]LogConsoleResponse:Warning:   Found in ini file 'C:/Storage/TheForsakensCopy(1)/TheForsakensCopy/The-Forsaken/Saved/Config/Windows/Engine.ini', in section '[/Script/Engine.RendererSettings]'
[2015.07.28-07.45.16:761][  0]LogInit: Selected Device Profile: [Windows]
[2015.07.28-07.45.16:761][  0]LogInit: Applying CVar settings loaded from the selected device profile: [Windows]
[2015.07.28-07.45.16:774][  0]LogInit: Computer: WIN-55DAMN57OQH
[2015.07.28-07.45.16:774][  0]LogInit: User: Anthony
[2015.07.28-07.45.16:774][  0]LogInit: CPU Page size=4096, Cores=4
[2015.07.28-07.45.16:774][  0]LogInit: High frequency timer resolution =4.232935 MHz
[2015.07.28-07.45.16:774][  0]LogMemory: Memory total: Physical=15.7GB (16GB approx)
[2015.07.28-07.45.16:774][  0]LogMemory: Platform Memory Stats for Windows
[2015.07.28-07.45.16:774][  0]LogMemory: Process Physical Memory: 50.98 MB used, 50.98 MB peak
[2015.07.28-07.45.16:774][  0]LogMemory: Process Virtual Memory: 22.48 MB used, 22.48 MB peak
[2015.07.28-07.45.16:774][  0]LogMemory: Physical Memory: 6488.31 MB used, 16057.08 MB total
[2015.07.28-07.45.16:774][  0]LogMemory: Virtual Memory: 310.14 MB used, 134217728.00 MB total
[2015.07.28-07.45.16:853][  0]LogTextLocalizationManager: The requested culture ('en_US') has no localization data; parent culture's ('en') localization data will be used.
[2015.07.28-07.45.17:159][  0]LogTextLocalizationManager:Warning: Loaded localization resources contain conflicting entries for (Namespace:ContentBrowser, Key:ImportAssetToolTip):
Localization Resource: (C:/Program Files/Epic Games/4.8/Engine/Content/Localization/Editor/en/Editor.locres) Source String Hash: (-630476809) Localized String: (Import to {0}...)
Localization Resource: (C:/Program Files/Epic Games/4.8/Engine/Content/Localization/Editor/en/Editor.locres) Source String Hash: (1271782899) Localized String: (Imports an asset from file to this folder.)
[2015.07.28-07.45.17:776][  0]LogD3D11RHI: Found D3D11 adapter 0: NVIDIA GeForce GTX 760 (Feature Level 11_0)
[2015.07.28-07.45.17:776][  0]LogD3D11RHI: Adapter has 1990MB of dedicated video memory, 0MB of dedicated system memory, and 8028MB of shared system memory, 2 output[s]
[2015.07.28-07.45.17:778][  0]LogD3D11RHI: Found D3D11 adapter 1: Microsoft Basic Render Driver (Feature Level 11_0)
[2015.07.28-07.45.17:778][  0]LogD3D11RHI: Adapter has 0MB of dedicated video memory, 0MB of dedicated system memory, and 8028MB of shared system memory, 0 output[s]
[2015.07.28-07.45.17:778][  0]LogD3D11RHI: Chosen D3D11 Adapter Id = 0
[2015.07.28-07.45.17:794][  0]LogD3D11RHI: InitD3DDevice
[2015.07.28-07.45.17:794][  0]LogD3D11RHI: !Direct3DDevice
[2015.07.28-07.45.17:794][  0]LogRHI: Texture pool is 1361 MB (70% of 1945 MB)
[2015.07.28-07.45.17:813][  0]LogD3D11RHI: Async texture creation enabled
[2015.07.28-07.45.17:829][  0]LogShaderCompilers:Display: Using Local Shader Compiler.
[2015.07.28-07.45.19:246][  0]LogTemp:Display: Loaded TP DesktopTargetPlatform
[2015.07.28-07.45.19:266][  0]LogTemp:Display: Loaded TP WindowsClientTargetPlatform
[2015.07.28-07.45.19:290][  0]LogTemp:Display: Loaded TP WindowsNoEditorTargetPlatform
[2015.07.28-07.45.19:312][  0]LogTemp:Display: Loaded TP WindowsServerTargetPlatform
[2015.07.28-07.45.19:336][  0]LogTemp:Display: Loaded TP WindowsTargetPlatform
[2015.07.28-07.45.19:358][  0]LogTemp:Display: Loaded TP AndroidTargetPlatform
[2015.07.28-07.45.19:377][  0]LogTemp:Display: Loaded TP Android_ASTCTargetPlatform
[2015.07.28-07.45.19:396][  0]LogTemp:Display: Loaded TP Android_ATCTargetPlatform
[2015.07.28-07.45.19:416][  0]LogTemp:Display: Loaded TP Android_DXTTargetPlatform
[2015.07.28-07.45.19:437][  0]LogTemp:Display: Loaded TP Android_ETC1TargetPlatform
[2015.07.28-07.45.19:456][  0]LogTemp:Display: Loaded TP Android_ETC2TargetPlatform
[2015.07.28-07.45.19:475][  0]LogTemp:Display: Loaded TP Android_PVRTCTargetPlatform
[2015.07.28-07.45.19:546][  0]LogTemp:Display: Loaded TP IOSTargetPlatform
[2015.07.28-07.45.19:567][  0]LogTemp:Display: Loaded TP LinuxNoEditorTargetPlatform
[2015.07.28-07.45.19:589][  0]LogTemp:Display: Loaded TP LinuxServerTargetPlatform
[2015.07.28-07.45.19:616][  0]LogTemp:Display: Loaded TP LinuxTargetPlatform
[2015.07.28-07.45.19:616][  0]LogTargetPlatformManager:Display: Building Assets For Windows
[2015.07.28-07.45.19:934][  0]LogDerivedDataCache:Display: Max Cache Size: 512 MB
[2015.07.28-07.45.20:054][  0]LogDerivedDataCache: Loaded boot cache 0.12s 53MB C:/Users/Anthony/AppData/Local/UnrealEngine/4.8/DerivedDataCache/Boot.ddc.
[2015.07.28-07.45.20:054][  0]LogDerivedDataCache:Display: Loaded Boot cache: C:/Users/Anthony/AppData/Local/UnrealEngine/4.8/DerivedDataCache/Boot.ddc
[2015.07.28-07.45.20:054][  0]LogDerivedDataCache: FDerivedDataBackendGraph:  Pak pak cache file ../../../../../../Storage/TheForsakensCopy(1)/TheForsakensCopy/The-Forsaken/DerivedDataCache/DDC.ddp not found, will not use a pak cache.
[2015.07.28-07.45.20:054][  0]LogDerivedDataCache: Unable to find inner node Pak for hierarchical cache Hierarchy.
[2015.07.28-07.45.20:054][  0]LogDerivedDataCache: FDerivedDataBackendGraph:  CompressedPak pak cache file ../../../../../../Storage/TheForsakensCopy(1)/TheForsakensCopy/The-Forsaken/DerivedDataCache/Compressed.ddp not found, will not use a pak cache.
[2015.07.28-07.45.20:054][  0]LogDerivedDataCache: Unable to find inner node CompressedPak for hierarchical cache Hierarchy.
[2015.07.28-07.45.20:231][  0]LogDerivedDataCache:Display: Pak cache opened for reading ../../../Engine/DerivedDataCache/Compressed.ddp.
[2015.07.28-07.45.20:244][  0]LogDerivedDataCache: Using Local data cache path C:/Users/Anthony/AppData/Local/UnrealEngine/Common/DerivedDataCache: Writable
[2015.07.28-07.45.21:925][  0]LogInit: Selected Device Profile: [Windows]
[2015.07.28-07.45.22:034][  0]ImportText (ComponentSweepMultiTests): Missing closing parenthesis: (RootShapeAsset="/Engine/BasicShapes/Cube.Cube",ShapeType="TriggerCapsule",HitResult=(Time=0.50,Location=(X=-100.000015,Y=0.0,Z=100.000015),ImpactPoint=(X=-50.0,Y=0.0,Z=50.0),Normal=(X=-1.0,Y=-0.0,Z=0.0),ImpactNormal=(X=0.0,Y=0.0,Z=1.0),TraceStart=(X=-200.0,Y=0.0,Z=200.0),TraceEnd=(X=0.0,Y=0.0,Z=0.0))
[2015.07.28-07.45.22:034][  0]ImportText (LineTraceSingleByChannelTests): Missing closing parenthesis: (RootShapeAsset="/Engine/BasicShapes/Cube.Cube",HitResult=(Time=0.50,Location=(X=-100.000015,Y=0.0,Z=100.000015),ImpactPoint=(X=-50.0,Y=0.0,Z=50.0),Normal=(X=-1.0,Y=-0.0,Z=0.0),ImpactNormal=(X=0.0,Y=0.0,Z=1.0),TraceStart=(X=-200.0,Y=0.0,Z=200.0),TraceEnd=(X=0.0,Y=0.0,Z=0.0))
[2015.07.28-07.45.22:083][  0]LogMeshUtilities: No automatic mesh reduction module available
[2015.07.28-07.45.22:083][  0]LogMeshUtilities: No automatic mesh merging module available
[2015.07.28-07.45.22:674][  0]LogInit: WinSock: version 1.1 (2.2), MaxSocks=32767, MaxUdp=65467
[2015.07.28-07.45.25:651][  0]UdpMessaging: Initializing bridge on interface 0.0.0.0:0 to multicast group 230.0.0.1:6666.
[2015.07.28-07.45.26:207][  0]SourceControl: Info Source control is disabled
[2015.07.28-07.45.26:283][  0]SourceControl: Info Source control is disabled
[2015.07.28-07.45.26:302][  0]SourceControl: Info Source control is disabled
[2015.07.28-07.45.26:322][  0]SourceControl: Info Source control is disabled
[2015.07.28-07.45.26:737][  0]LogObj: 26273 objects as part of root set at end of initial load.
[2015.07.28-07.45.26:737][  0]LogUObjectAllocator: 5409248 out of 0 bytes used by permanent object pool.
[2015.07.28-07.45.26:837][  0]LogEngine: Initializing Engine...
[2015.07.28-07.45.26:841][  0]LogHMD: Can't find Oculus library dev build: is proper Runtime installed? Version: 0.6.0.0
[2015.07.28-07.45.26:855][  0]LogHMD:Warning: SteamVR failed to initialize.  Error: 110
[2015.07.28-07.45.27:124][  0]LogAIModule: Creating AISystem for world NewWorld
[2015.07.28-07.45.27:153][  0]LogInit: XAudio2 using 'Speakers (Realtek High Definition Audio)' : 2 channels at 48 kHz using 32 bits per sample (channel mask 0x3)
[2015.07.28-07.45.27:169][  0]LogInit: FAudioDevice initialized.
[2015.07.28-07.45.27:222][  0]LogDerivedDataCache: Saved boot cache 0.05s 53MB C:/Users/Anthony/AppData/Local/UnrealEngine/4.8/DerivedDataCache/Boot.ddc.
[2015.07.28-07.45.27:241][  0]LogInit: Texture streaming: Disabled
[2015.07.28-07.45.27:278][  0]LogAnalytics: Creating configured Analytics provider AnalyticsET
[2015.07.28-07.45.27:278][  0]LogAnalytics: [UEEditor.Rocket.Release] APIServer = http://et2.epicgames.com/ET2/. AppVersion = 4.8.2-2614606+++depot+UE4-Releases+4.8
[2015.07.28-07.45.27:278][  0]LogAnalytics: [UEEditor.Rocket.Release] SetUserId 95991fc0476255f629fcaf98d2613701|7c9fa1ec39b64c9f938beaadcb8943ad|3691a7cd-a3ac-46cd-a9bb-952d65400b26
[2015.07.28-07.45.27:278][  0]LogAnalytics: [UEEditor.Rocket.Release] AnalyticsET::StartSession
[2015.07.28-07.45.27:372][  0]LogInit: Transaction tracking system initialized
[2015.07.28-07.45.27:639][  0]BlueprintLog: New page: Editor Load
[2015.07.28-07.45.27:692][  0]LogAssetRegistry: FAssetRegistry took 0.0113 seconds to start up
[2015.07.28-07.45.27:693][  0]LogDirectoryWatcher:Warning: Failed to begin reading directory changes for ../../../Engine/Plugins/Experimental/CharacterAI/Content/. Error: 0
[2015.07.28-07.45.29:267][  0]LogConsoleManager:Warning: Console variable 'r.VSync' wasn't set ('GameSetting' has a lower priority than 'SystemSettingsIni')
[2015.07.28-07.45.29:268][  0]LogConsoleResponse:Display: 
[2015.07.28-07.45.29:449][  0]LogCook:Display: Done creating registry. It took  0.00s.
[2015.07.28-07.45.29:790][  0]SourceControl: Info Source control is disabled
[2015.07.28-07.45.29:790][  0]Cmd: MAP LOAD FILE="../../../Engine/Content/Maps/Templates/Template_Default.umap" TEMPLATE=1 SHOWPROGRESS=1 FEATURELEVEL=3
[2015.07.28-07.45.29:791][  0]LightingResults: New page: Lighting Build
[2015.07.28-07.45.29:809][  0]MapCheck: New page: Map Check
[2015.07.28-07.45.29:809][  0]LightingResults: New page: Lighting Build
[2015.07.28-07.45.29:826][  0]LogParticles: Destroying 0 GPU particle simulations for FXSystem 0x00000024101828E0
[2015.07.28-07.45.30:508][  0]LogAIModule: Creating AISystem for world Untitled_1
[2015.07.28-07.45.30:519][  0]LogEditorServer: Finished looking for orphan Actors (0.000 secs)
[2015.07.28-07.45.30:532][  0]Cmd: MAP CHECKDEP NOCLEARLOG
[2015.07.28-07.45.30:595][  0]MapCheck: Info Map check complete: 0 Error(s), 0 Warning(s), took 63.655ms to complete.
[2015.07.28-07.45.30:595][  0]LogFileHelpers: Loading map 'Template_Default' took 0.805
[2015.07.28-07.45.30:813][  0]LogCollectionManager: Loaded 0 collections in 0.003696 seconds
[2015.07.28-07.45.30:826][  0]LogContentBrowser: Native class hierarchy populated in 0.0125 seconds. Added 1792 classes and 301 folders.
[2015.07.28-07.45.30:912][  0]LogContentBrowser: Native class hierarchy updated for 'WidgetCarousel' in 0.0006 seconds. Added 0 classes and 0 folders.
[2015.07.28-07.45.30:965][  0]LogContentBrowser: Native class hierarchy updated for 'AddContentDialog' in 0.0006 seconds. Added 0 classes and 0 folders.
[2015.07.28-07.45.30:990][  0]LogContentBrowser: Native class hierarchy updated for 'SceneOutliner' in 0.0007 seconds. Added 1 classes and 2 folders.
[2015.07.28-07.45.31:070][  0]LogCrashTracker: Crashtracker disabled due to settings.
[2015.07.28-07.45.31:073][  0]LogD3D11RHI: InitD3DDevice
[2015.07.28-07.45.31:083][  0]LogUObjectGlobals:Warning: Failed to find object 'Class None.'
[2015.07.28-07.45.31:105][  0]LogLoad: Full Startup: 17.48 seconds (BP compile: 0.42 seconds)
[2015.07.28-07.45.31:576][  0]LogContentStreaming: Texture pool size is 0.000000MB
[2015.07.28-07.45.31:632][  0]LogContentStreaming: Texture pool size now 1000 MB
[2015.07.28-07.45.31:829][  0]LogRenderer: Reallocating scene render targets to support 1224x576 (Frame:2).
[2015.07.28-07.45.37:328][ 17]LogAssetRegistry: Asset discovery search completed in 9.6468 seconds
[2015.07.28-07.45.43:332][ 35]LogD3D11RHI: InitD3DDevice
[2015.07.28-07.45.45:001][ 40]LogD3D11RHI: InitD3DDevice
[2015.07.28-07.45.49:702][ 40]LogMaterial: Missing cached shader map for material BulletHole, compiling. 
[2015.07.28-07.45.50:197][ 40]LogMaterial: Missing cached shader map for material Hairmat, compiling. 
[2015.07.28-07.45.50:235][ 40]LogMaterial: Missing cached shader map for material Bottommat, compiling. 
[2015.07.28-07.45.50:269][ 40]LogMaterial: Missing cached shader map for material Bodymat_eyelashes, compiling. 
[2015.07.28-07.45.50:382][ 40]LogMaterial: Missing cached shader map for material Shoesmat, compiling. 
[2015.07.28-07.45.50:425][ 40]LogMaterial: Missing cached shader map for material Topmat, compiling. 
[2015.07.28-07.45.50:465][ 40]LogMaterial: Missing cached shader map for material lambert2, compiling. 
[2015.07.28-07.45.51:256][ 40]LogMaterial: Missing cached shader map for material Bodymat_eyelashes, compiling. 
[2015.07.28-07.45.51:435][ 40]LogMaterial: Missing cached shader map for material White_Wall_Mat, compiling. 
[2015.07.28-07.45.51:480][ 40]LogMaterial: Missing cached shader map for material Rusty_Wall_Grey_Mat, compiling. 
[2015.07.28-07.45.51:505][ 40]LogMaterial: Missing cached shader map for material MansionFloor, compiling. 
[2015.07.28-07.45.51:648][ 40]LogMaterial: Missing cached shader map for material M_Basic_Wall2, compiling. 
[2015.07.28-07.45.51:704][ 40]LogMaterial: Missing cached shader map for material T_Wood_Floor_Walnut_Mat, compiling. 
[2015.07.28-07.45.51:722][ 40]LogMaterial: Missing cached shader map for material Bottommat, compiling. 
[2015.07.28-07.45.51:754][ 40]LogMaterial: Missing cached shader map for material Maskmat, compiling. 
[2015.07.28-07.45.51:822][ 40]LogAIModule: Creating AISystem for world Mansion
[2015.07.28-07.45.52:637][ 40]Cmd: MAP LOAD FILE="../../../../../../Storage/TheForsakensCopy(1)/TheForsakensCopy/The-Forsaken/Content/Maps/Mansion.umap" TEMPLATE=0 SHOWPROGRESS=1 FEATURELEVEL=3
[2015.07.28-07.45.52:638][ 40]LightingResults: New page: Lighting Build
[2015.07.28-07.45.52:703][ 40]LoadErrors: New page: Loading map: Mansion.umap
[2015.07.28-07.45.52:704][ 40]MapCheck: New page: Map Check
[2015.07.28-07.45.52:704][ 40]LightingResults: New page: Lighting Build
[2015.07.28-07.45.52:737][ 40]LogParticles: Destroying 0 GPU particle simulations for FXSystem 0x0000002415877B00
[2015.07.28-07.45.53:934][ 40]LogAIModule: Creating AISystem for world Mansion
[2015.07.28-07.45.54:239][ 40]LogEditorServer: Finished looking for orphan Actors (0.001 secs)
[2015.07.28-07.45.54:675][ 40]Cmd: MAP CHECKDEP NOCLEARLOG
[2015.07.28-07.45.54:851][ 40]MapCheck: Info Map check complete: 0 Error(s), 0 Warning(s), took 175.588ms to complete.
[2015.07.28-07.45.54:853][ 40]LogFileHelpers: Loading map 'Mansion' took 2.218
[2015.07.28-07.45.56:008][ 43]LogD3D11RHI: InitD3DDevice
[2015.07.28-07.47.06:626][719]LogEditorViewport: Clicking on Actor (context menu): StaticMeshActor (Floor71)
[2015.07.28-07.47.06:728][719]LogD3D11RHI: InitD3DDevice
[2015.07.28-07.47.09:128][894]LogPlayLevel: PIE:  No blueprints needed recompiling
[2015.07.28-07.47.09:158][894]PIE: New page: PIE session: Mansion (Jul 27, 2015, 5:47:09 PM)
[2015.07.28-07.47.09:159][894]LogPlayLevel: Creating play world package: /Game/Maps/UEDPIE_0_Mansion
[2015.07.28-07.47.09:776][894]LogPlayLevel: PIE: StaticDuplicateObject took: (0.617176s)
[2015.07.28-07.47.09:777][894]LogAIModule: Creating AISystem for world Mansion
[2015.07.28-07.47.09:778][894]LogPlayLevel: PIE: World Init took: (0.001707s)
[2015.07.28-07.47.09:779][894]LogPlayLevel: PIE: Created PIE world by copying editor world from /Game/Maps/Mansion.Mansion to /Game/Maps/UEDPIE_0_Mansion.Mansion (0.619908s)
[2015.07.28-07.47.09:865][894]LogInit: XAudio2 using 'Speakers (Realtek High Definition Audio)' : 2 channels at 48 kHz using 32 bits per sample (channel mask 0x3)
[2015.07.28-07.47.09:880][894]LogInit: FAudioDevice initialized.
[2015.07.28-07.47.09:898][894]LogD3D11RHI: InitD3DDevice
[2015.07.28-07.47.09:975][894]LogWorld: Game class is 'MyGame_C'
[2015.07.28-07.47.10:076][894]LogWorld: Bringing World /Game/Maps/UEDPIE_0_Mansion.Mansion up for play (max tick rate 0) at 2015.07.28-00.47.10
[2015.07.28-07.47.10:076][894]LogActor:Warning: GameSession /Game/Maps/UEDPIE_0_Mansion.Mansion:PersistentLevel.GameSession_0 has natively added scene component(s), but none of them were set as the actor's RootComponent - picking one arbitrarily
[2015.07.28-07.47.10:079][894]LogActor:Warning: GameNetworkManager /Game/Maps/UEDPIE_0_Mansion.Mansion:PersistentLevel.GameNetworkManager_0 has natively added scene component(s), but none of them were set as the actor's RootComponent - picking one arbitrarily
[2015.07.28-07.47.10:092][894]LogWorld: Bringing up level for play took: 0.103718
[2015.07.28-07.47.10:150][894]PIE: Info Play in editor start time for /Game/Maps/UEDPIE_0_Mansion 1.213
[2015.07.28-07.47.10:193][894]LogRenderer: Reallocating scene render targets to support 1296x760 (Frame:2742).
[2015.07.28-07.47.13:763][138]LogScript:Warning: Divide by zero: Divide_FloatFloat
[2015.07.28-07.47.13:794][139]LogArray:Warning: Attempted to get an item from array CallFunc_GetDataTableRowNames_OutRowNames out of bounds [5/4]!
[2015.07.28-07.47.13:794][139]LogArray:Warning: Attempted to get an item from array CallFunc_GetDataTableRowNames_OutRowNames out of bounds [6/4]!
[2015.07.28-07.47.14:911][215]LogScript:Warning: Divide by zero: Divide_FloatFloat
[2015.07.28-07.47.14:923][216]LogScript:Warning: Divide by zero: Divide_FloatFloat
[2015.07.28-07.47.14:935][217]LogArray:Warning: Attempted to get an item from array CallFunc_GetDataTableRowNames_OutRowNames out of bounds [5/4]!
[2015.07.28-07.47.14:935][217]LogArray:Warning: Attempted to get an item from array CallFunc_GetDataTableRowNames_OutRowNames out of bounds [6/4]!
[2015.07.28-07.47.22:012][802]LogScript:Warning: Divide by zero: Divide_FloatFloat
[2015.07.28-07.47.22:021][803]LogArray:Warning: Attempted to get an item from array CallFunc_GetDataTableRowNames_OutRowNames out of bounds [5/4]!
[2015.07.28-07.47.22:021][803]LogArray:Warning: Attempted to get an item from array CallFunc_GetDataTableRowNames_OutRowNames out of bounds [6/4]!
[2015.07.28-07.47.22:840][880]LogBlueprintUserMessages: No ammo, CLICK!
[2015.07.28-07.47.23:290][923]LogBlueprintUserMessages: No ammo, CLICK!
[2015.07.28-07.47.23:695][962]LogBlueprintUserMessages: No ammo, CLICK!
[2015.07.28-07.47.23:883][979]LogBlueprintUserMessages: No ammo, CLICK!
[2015.07.28-07.47.24:599][ 47]LogBlueprintUserMessages: No ammo, CLICK!
[2015.07.28-07.47.27:006][265]LogScript:Warning: Divide by zero: Divide_FloatFloat
[2015.07.28-07.47.27:017][266]LogArray:Warning: Attempted to get an item from array CallFunc_GetDataTableRowNames_OutRowNames out of bounds [5/4]!
[2015.07.28-07.47.27:017][266]LogArray:Warning: Attempted to get an item from array CallFunc_GetDataTableRowNames_OutRowNames out of bounds [6/4]!
[2015.07.28-07.47.28:207][379]LogScript:Warning: Divide by zero: Divide_FloatFloat
[2015.07.28-07.47.28:219][380]LogArray:Warning: Attempted to get an item from array CallFunc_GetDataTableRowNames_OutRowNames out of bounds [5/4]!
[2015.07.28-07.47.28:219][380]LogArray:Warning: Attempted to get an item from array CallFunc_GetDataTableRowNames_OutRowNames out of bounds [6/4]!
[2015.07.28-07.47.29:751][533]LogScript:Warning: Divide by zero: Divide_FloatFloat
[2015.07.28-07.47.29:760][534]LogArray:Warning: Attempted to get an item from array CallFunc_GetDataTableRowNames_OutRowNames out of bounds [5/4]!
[2015.07.28-07.47.29:760][534]LogArray:Warning: Attempted to get an item from array CallFunc_GetDataTableRowNames_OutRowNames out of bounds [6/4]!
[2015.07.28-07.47.30:631][610]LogScript:Warning: Divide by zero: Divide_FloatFloat
[2015.07.28-07.47.30:642][611]LogArray:Warning: Attempted to get an item from array CallFunc_GetDataTableRowNames_OutRowNames out of bounds [5/4]!
[2015.07.28-07.47.30:642][611]LogArray:Warning: Attempted to get an item from array CallFunc_GetDataTableRowNames_OutRowNames out of bounds [6/4]!
[2015.07.28-07.47.31:385][670]LogScript:Warning: Divide by zero: Divide_FloatFloat
[2015.07.28-07.47.31:396][671]LogArray:Warning: Attempted to get an item from array CallFunc_GetDataTableRowNames_OutRowNames out of bounds [5/4]!
[2015.07.28-07.47.31:396][671]LogArray:Warning: Attempted to get an item from array CallFunc_GetDataTableRowNames_OutRowNames out of bounds [6/4]!
[2015.07.28-07.47.31:957][718]LogScript:Warning: Divide by zero: Divide_FloatFloat
[2015.07.28-07.47.31:967][719]LogArray:Warning: Attempted to get an item from array CallFunc_GetDataTableRowNames_OutRowNames out of bounds [5/4]!
[2015.07.28-07.47.31:967][719]LogArray:Warning: Attempted to get an item from array CallFunc_GetDataTableRowNames_OutRowNames out of bounds [6/4]!
[2015.07.28-07.47.32:713][786]LogScript:Warning: Divide by zero: Divide_FloatFloat
[2015.07.28-07.47.32:724][787]LogArray:Warning: Attempted to get an item from array CallFunc_GetDataTableRowNames_OutRowNames out of bounds [5/4]!
[2015.07.28-07.47.32:724][787]LogArray:Warning: Attempted to get an item from array CallFunc_GetDataTableRowNames_OutRowNames out of bounds [6/4]!
[2015.07.28-07.47.33:395][846]LogScript:Warning: Divide by zero: Divide_FloatFloat
[2015.07.28-07.47.33:405][847]LogArray:Warning: Attempted to get an item from array CallFunc_GetDataTableRowNames_OutRowNames out of bounds [5/4]!
[2015.07.28-07.47.33:405][847]LogArray:Warning: Attempted to get an item from array CallFunc_GetDataTableRowNames_OutRowNames out of bounds [6/4]!
[2015.07.28-07.48.07:523][760]LogArray:Warning: Attempted to get an item from array CallFunc_GetDataTableRowNames_OutRowNames out of bounds [5/4]!
[2015.07.28-07.48.07:523][760]LogArray:Warning: Attempted to get an item from array CallFunc_GetDataTableRowNames_OutRowNames out of bounds [6/4]!
[2015.07.28-07.48.10:890][ 55]LogScript:Warning: Divide by zero: Divide_FloatFloat
[2015.07.28-07.48.10:900][ 56]LogArray:Warning: Attempted to get an item from array CallFunc_GetDataTableRowNames_OutRowNames out of bounds [5/4]!
[2015.07.28-07.48.10:900][ 56]LogArray:Warning: Attempted to get an item from array CallFunc_GetDataTableRowNames_OutRowNames out of bounds [6/4]!
[2015.07.28-07.48.20:185][806]LogParticles: Destroying 0 GPU particle simulations for FXSystem 0x0000002433EF2520
[2015.07.28-07.48.30:012][492]LogTexture:Display: Building textures: T_Mask_AO_01 (AutoDXT)
[2015.07.28-07.48.35:226][492]LogTexture:Display: Building textures: T_Coat_N (BC5)
[2015.07.28-07.48.38:864][492]LogTexture:Display: Building textures: T_Leather_N (BC5)
[2015.07.28-07.48.40:066][492]LogTexture:Display: Building textures: T_Leather (DXT1)
[2015.07.28-07.48.45:328][492]LogTexture:Display: Building textures: T_Metal_Metal01_D (AutoDXT)
[2015.07.28-07.48.51:164][492]LogTexture:Display: Building textures: T_Metal_Metal01_N (BC5)
[2015.07.28-07.48.52:149][492]LogTexture:Display: Building textures: T_Metal01 (DXT1)
[2015.07.28-07.48.54:835][492]LogTexture:Display: Building textures: T_Mask_Pants (AutoDXT)
[2015.07.28-07.48.55:009][492]LogTexture:Display: Building textures: T_Mask_Shirt_Hands (AutoDXT)
[2015.07.28-07.48.55:259][492]LogTexture:Display: Building textures: T_Fabric_Weave_N (BC5)
[2015.07.28-07.48.55:558][492]LogTexture:Display: Building textures: T_Fabric_Weave (DXT1)
[2015.07.28-07.48.57:068][492]LogTexture:Display: Building textures: T_Mask_Eye_Coat (AutoDXT)
[2015.07.28-07.48.57:188][492]LogMaterial: Missing cached shader map for material M_Owen_Master, compiling. 
[2015.07.28-07.48.57:250][492]LogMaterial: Missing cached shader map for material M_Owen_Master, compiling. 
[2015.07.28-07.48.58:007][492]LogTexture:Display: Building textures: T_Pants_N (BC5)
[2015.07.28-07.49.02:010][492]LogTexture:Display: Building textures: T_Mask_AO_02 (AutoDXT)
[2015.07.28-07.49.06:249][492]LogTexture:Display: Building textures: T_head_N (BC5)
[2015.07.28-07.49.10:371][492]LogMaterial: Missing cached shader map for material M_Owen_Master, compiling. 
[2015.07.28-07.49.10:540][492]LogTexture:Display: Building textures: T_Mask_AO_03 (AutoDXT)
[2015.07.28-07.49.11:723][492]LogTexture:Display: Building textures: T_Hand_N (BC5)
[2015.07.28-07.49.12:586][492]LogMaterial: Missing cached shader map for material M_Owen_Master, compiling. 
[2015.07.28-07.49.12:669][492]LogMaterial: Missing cached shader map for material M_Owen_Eyes, compiling. 
[2015.07.28-07.49.13:504][492]LogTexture:Display: Building textures: T_Shirt_N (BC5)
[2015.07.28-07.49.17:553][492]LogMaterial: Missing cached shader map for material M_Owen_Master, compiling. 
[2015.07.28-07.49.17:653][492]LogMaterial: Missing cached shader map for material M_Owen_Master, compiling. 
[2015.07.28-07.49.18:436][492]LogTexture:Display: Building textures: T_Shoes_N (BC5)
[2015.07.28-07.49.22:279][492]LogMaterial: Missing cached shader map for material M_Owen_Master, compiling. 
[2015.07.28-07.49.22:443][493]LogD3D11RHI: InitD3DDevice
[2015.07.28-07.49.23:543][544]LogD3D11RHI: InitD3DDevice
[2015.07.28-07.50.42:789][305]LogD3D11RHI: InitD3DDevice
[2015.07.28-07.50.42:893][305]LogLinker:Warning: Asset '../../../Engine/Content/ArtTools/RenderToTexture/Macros/RenderToTextureMacros.uasset' has been saved with empty engine version. The asset will be loaded but may be incompatible.
[2015.07.28-07.50.43:048][305]LogLinker:Warning: Asset '../../../Engine/Content/ArtTools/RenderToTexture/Enums/RenderToTexture_Enum.uasset' has been saved with empty engine version. The asset will be loaded but may be incompatible.
[2015.07.28-07.51.00:017][966]LogD3D11RHI: InitD3DDevice
[2015.07.28-07.51.42:453][292]LogActorComponent: UnregisterComponent: (/Engine/Transient.CharMoveComp) Not registered. Aborting.
[2015.07.28-07.51.42:454][292]LogActorComponent: UnregisterComponent: (/Engine/Transient.CharacterMovementComponent_0) Not registered. Aborting.
[2015.07.28-07.51.43:864][375]BlueprintLog: New page: Compile MyCharacter
[2015.07.28-07.51.44:707][375]LogActorComponent: UnregisterComponent: (/Engine/Transient.CharacterMovementComponent_1) Not registered. Aborting.
[2015.07.28-07.51.44:941][375]BlueprintEditorCompileResults: Info [0391.32] Compile of MyCharacter successful! [in 1,076 ms]
[2015.07.28-07.51.46:395][440]LogPlayLevel: PIE:  No blueprints needed recompiling
[2015.07.28-07.51.46:395][440]PIE: New page: PIE session: Mansion (Jul 27, 2015, 5:51:46 PM)
[2015.07.28-07.51.46:396][440]LogPlayLevel: Creating play world package: /Game/Maps/UEDPIE_0_Mansion
[2015.07.28-07.51.46:613][440]LogPlayLevel: PIE: StaticDuplicateObject took: (0.217325s)
[2015.07.28-07.51.46:614][440]LogAIModule: Creating AISystem for world Mansion
[2015.07.28-07.51.46:615][440]LogPlayLevel: PIE: World Init took: (0.001850s)
[2015.07.28-07.51.46:615][440]LogPlayLevel: PIE: Created PIE world by copying editor world from /Game/Maps/Mansion.Mansion to /Game/Maps/UEDPIE_0_Mansion.Mansion (0.219654s)
[2015.07.28-07.51.46:615][440]LogActorComponent: UnregisterComponent: (/Engine/Transient.CharMoveComp) Not registered. Aborting.
[2015.07.28-07.51.46:740][440]LogInit: XAudio2 using 'Speakers (Realtek High Definition Audio)' : 2 channels at 48 kHz using 32 bits per sample (channel mask 0x3)
[2015.07.28-07.51.46:761][440]LogInit: FAudioDevice initialized.
[2015.07.28-07.51.46:779][440]LogD3D11RHI: InitD3DDevice
[2015.07.28-07.51.46:840][440]LogWorld: Game class is 'MyGame_C'
[2015.07.28-07.51.46:992][440]LogWorld: Bringing World /Game/Maps/UEDPIE_0_Mansion.Mansion up for play (max tick rate 0) at 2015.07.28-00.51.46
[2015.07.28-07.51.46:993][440]LogActor:Warning: GameSession /Game/Maps/UEDPIE_0_Mansion.Mansion:PersistentLevel.GameSession_1 has natively added scene component(s), but none of them were set as the actor's RootComponent - picking one arbitrarily
[2015.07.28-07.51.46:993][440]LogActor:Warning: GameNetworkManager /Game/Maps/UEDPIE_0_Mansion.Mansion:PersistentLevel.GameNetworkManager_1 has natively added scene component(s), but none of them were set as the actor's RootComponent - picking one arbitrarily
[2015.07.28-07.51.47:004][440]LogWorld: Bringing up level for play took: 0.159639
[2015.07.28-07.51.47:067][440]PIE: Info Play in editor start time for /Game/Maps/UEDPIE_0_Mansion 0.13
[2015.07.28-07.52.16:532][799]LogArray:Warning: Attempted to get an item from array CallFunc_GetDataTableRowNames_OutRowNames out of bounds [5/4]!
[2015.07.28-07.52.16:532][799]LogArray:Warning: Attempted to get an item from array CallFunc_GetDataTableRowNames_OutRowNames out of bounds [6/4]!
[2015.07.28-07.52.17:237][836]LogArray:Warning: Attempted to get an item from array CallFunc_GetDataTableRowNames_OutRowNames out of bounds [5/4]!
[2015.07.28-07.52.17:238][836]LogArray:Warning: Attempted to get an item from array CallFunc_GetDataTableRowNames_OutRowNames out of bounds [6/4]!
[2015.07.28-07.52.17:841][867]LogScript:Warning: Divide by zero: Divide_FloatFloat
[2015.07.28-07.52.17:857][868]LogArray:Warning: Attempted to get an item from array CallFunc_GetDataTableRowNames_OutRowNames out of bounds [5/4]!
[2015.07.28-07.52.17:857][868]LogArray:Warning: Attempted to get an item from array CallFunc_GetDataTableRowNames_OutRowNames out of bounds [6/4]!
[2015.07.28-07.52.18:248][889]LogBlueprintUserMessages: No ammo, CLICK!
[2015.07.28-07.52.18:619][909]LogBlueprintUserMessages: No ammo, CLICK!
[2015.07.28-07.52.20:843][ 26]LogScript:Warning: Divide by zero: Divide_FloatFloat
[2015.07.28-07.52.20:860][ 27]LogArray:Warning: Attempted to get an item from array CallFunc_GetDataTableRowNames_OutRowNames out of bounds [5/4]!
[2015.07.28-07.52.20:860][ 27]LogArray:Warning: Attempted to get an item from array CallFunc_GetDataTableRowNames_OutRowNames out of bounds [6/4]!
[2015.07.28-07.52.21:568][ 73]LogScript:Warning: Divide by zero: Divide_FloatFloat
[2015.07.28-07.52.21:589][ 74]LogArray:Warning: Attempted to get an item from array CallFunc_GetDataTableRowNames_OutRowNames out of bounds [5/4]!
[2015.07.28-07.52.21:589][ 74]LogArray:Warning: Attempted to get an item from array CallFunc_GetDataTableRowNames_OutRowNames out of bounds [6/4]!
[2015.07.28-07.52.22:086][115]LogScript:Warning: Divide by zero: Divide_FloatFloat
[2015.07.28-07.52.22:096][116]LogScript:Warning: Divide by zero: Divide_FloatFloat
[2015.07.28-07.52.22:108][117]LogArray:Warning: Attempted to get an item from array CallFunc_GetDataTableRowNames_OutRowNames out of bounds [5/4]!
[2015.07.28-07.52.22:108][117]LogArray:Warning: Attempted to get an item from array CallFunc_GetDataTableRowNames_OutRowNames out of bounds [6/4]!
[2015.07.28-07.52.22:691][167]LogScript:Warning: Divide by zero: Divide_FloatFloat
[2015.07.28-07.52.22:702][168]LogScript:Warning: Divide by zero: Divide_FloatFloat
[2015.07.28-07.52.22:714][169]LogArray:Warning: Attempted to get an item from array CallFunc_GetDataTableRowNames_OutRowNames out of bounds [5/4]!
[2015.07.28-07.52.22:714][169]LogArray:Warning: Attempted to get an item from array CallFunc_GetDataTableRowNames_OutRowNames out of bounds [6/4]!
[2015.07.28-07.52.23:254][215]LogScript:Warning: Divide by zero: Divide_FloatFloat
[2015.07.28-07.52.23:265][216]LogScript:Warning: Divide by zero: Divide_FloatFloat
[2015.07.28-07.52.23:277][217]LogArray:Warning: Attempted to get an item from array CallFunc_GetDataTableRowNames_OutRowNames out of bounds [5/4]!
[2015.07.28-07.52.23:277][217]LogArray:Warning: Attempted to get an item from array CallFunc_GetDataTableRowNames_OutRowNames out of bounds [6/4]!
[2015.07.28-07.52.23:858][260]LogScript:Warning: Divide by zero: Divide_FloatFloat
[2015.07.28-07.52.23:871][261]LogArray:Warning: Attempted to get an item from array CallFunc_GetDataTableRowNames_OutRowNames out of bounds [5/4]!
[2015.07.28-07.52.23:871][261]LogArray:Warning: Attempted to get an item from array CallFunc_GetDataTableRowNames_OutRowNames out of bounds [6/4]!
[2015.07.28-07.52.24:524][295]LogArray:Warning: Attempted to get an item from array CallFunc_GetDataTableRowNames_OutRowNames out of bounds [5/4]!
[2015.07.28-07.52.24:525][295]LogArray:Warning: Attempted to get an item from array CallFunc_GetDataTableRowNames_OutRowNames out of bounds [6/4]!
[2015.07.28-07.52.24:749][308]LogBlueprintUserMessages: No ammo, CLICK!
[2015.07.28-07.52.24:998][323]LogBlueprintUserMessages: No ammo, CLICK!
[2015.07.28-07.52.25:216][337]LogBlueprintUserMessages: No ammo, CLICK!
[2015.07.28-07.52.30:868][768]LogParticles: Destroying 0 GPU particle simulations for FXSystem 0x000000248B235800
[2015.07.28-07.52.41:753][220]LogActorComponent: UnregisterComponent: (/Engine/Transient.CharMoveComp) Not registered. Aborting.
[2015.07.28-07.52.41:754][220]LogActorComponent: UnregisterComponent: (/Engine/Transient.CharacterMovementComponent_2) Not registered. Aborting.
[2015.07.28-07.52.41:850][220]LogD3D11RHI: InitD3DDevice
[2015.07.28-07.52.42:387][220]LogSavePackage: Save=443.346527ms
[2015.07.28-07.52.42:387][220]LogSavePackage: Moving '../../../../../../Storage/TheForsakensCopy(1)/TheForsakensCopy/The-Forsaken/Saved/MyCharacterC87177DF4C86D19C9B926C895F9D11DC.tmp' to '../../../../../../Storage/TheForsakensCopy(1)/TheForsakensCopy/The-Forsaken/Content/Realistic