[2015.07.22-18.44.27:994][  0]Log file open, 07/22/15 13:44:27
[2015.07.22-18.44.27:994][  0]LogInit:Display: Running engine for game: TheForsakens
[2015.07.22-18.44.27:994][  0]LogInit:Display: RandInit(1983608797) SRandInit(1983608798).
[2015.07.22-18.44.27:994][  0]LogTaskGraph: Started task graph with 4 named threads and 5 total threads.
[2015.07.22-18.44.27:994][  0]LogStats: Stats thread started
[2015.07.22-18.44.27:994][  0]LogInit: Version: 4.8.2-2614606+++depot+UE4-Releases+4.8
[2015.07.22-18.44.27:994][  0]LogInit: API Version: 2579680
[2015.07.22-18.44.27:994][  0]LogInit: Compiled (64-bit): Jul  8 2015 23:43:41
[2015.07.22-18.44.27:994][  0]LogInit: Compiled with Visual C++: 18.00.21005.01
[2015.07.22-18.44.27:994][  0]LogInit: Build Configuration: Development
[2015.07.22-18.44.27:994][  0]LogInit: Branch Name: ++depot+UE4-Releases+4.8
[2015.07.22-18.44.27:994][  0]LogInit: Command line:  
[2015.07.22-18.44.27:994][  0]LogInit: Base directory: C:/Program Files/Epic Games/4.8/Engine/Binaries/Win64/
[2015.07.22-18.44.27:994][  0]LogInit: Rocket: 1
[2015.07.22-18.44.28:181][  0]LogInit: Using libcurl 7.41.0
[2015.07.22-18.44.28:181][  0]LogInit:  - built for x86_64-pc-win32
[2015.07.22-18.44.28:182][  0]LogInit:  - supports SSL with WinSSL
[2015.07.22-18.44.28:182][  0]LogInit:  - other features:
[2015.07.22-18.44.28:182][  0]LogInit:      CURL_VERSION_SSL
[2015.07.22-18.44.28:182][  0]LogInit:      CURL_VERSION_IPV6
[2015.07.22-18.44.28:182][  0]LogInit:      CURL_VERSION_ASYNCHDNS
[2015.07.22-18.44.28:182][  0]LogInit:      CURL_VERSION_LARGEFILE
[2015.07.22-18.44.28:182][  0]LogInit:      CURL_VERSION_IDN
[2015.07.22-18.44.28:182][  0]LogInit:  CurlRequestOptions (configurable via config and command line):
[2015.07.22-18.44.28:183][  0]LogInit:  - bVerifyPeer = true  - Libcurl will verify peer certificate
[2015.07.22-18.44.28:183][  0]LogInit:  - bUseHttpProxy = false  - Libcurl will NOT use HTTP proxy
[2015.07.22-18.44.28:183][  0]LogInit:  - bDontReuseConnections = false  - Libcurl will reuse connections
[2015.07.22-18.44.28:183][  0]LogInit:  - CertBundlePath = nullptr  - Libcurl will use whatever was configured at build time.
[2015.07.22-18.44.28:222][  0]LogOnline:Warning: No default platform service specified for OnlineSubsystem
[2015.07.22-18.44.28:423][  0]LogInit: Presizing for 0 objects not considered by GC, pre-allocating 0 bytes.
[2015.07.22-18.44.28:456][  0]LogInit: Object subsystem initialized
[2015.07.22-18.44.28:476][  0]LogConsoleResponse:Warning: Skipping Unknown console variable: 'TranslucentSortAxis = (X=0.000000,Y=-1.000000,Z=0.000000)'
[2015.07.22-18.44.28:476][  0]LogConsoleResponse:Warning:   Found in ini file 'C:/Users/Christian/Documents/Unreal Projects/TheForsakens 4.8/Saved/Config/Windows/Engine.ini', in section '[/Script/Engine.RendererSettings]'
[2015.07.22-18.44.28:477][  0]LogConsoleResponse:Warning: Skipping Unknown console variable: 'UIScaleRule = ShortestSide'
[2015.07.22-18.44.28:477][  0]LogConsoleResponse:Warning:   Found in ini file 'C:/Users/Christian/Documents/Unreal Projects/TheForsakens 4.8/Saved/Config/Windows/Engine.ini', in section '[/Script/Engine.RendererSettings]'
[2015.07.22-18.44.28:477][  0]LogConsoleResponse:Warning: Skipping Unknown console variable: 'UIScaleCurve = (EditorCurveData=(Keys=),ExternalCurve=None)'
[2015.07.22-18.44.28:477][  0]LogConsoleResponse:Warning:   Found in ini file 'C:/Users/Christian/Documents/Unreal Projects/TheForsakens 4.8/Saved/Config/Windows/Engine.ini', in section '[/Script/Engine.RendererSettings]'
[2015.07.22-18.44.28:529][  0]LogInit: Selected Device Profile: [Windows]
[2015.07.22-18.44.28:529][  0]LogInit: Applying CVar settings loaded from the selected device profile: [Windows]
[2015.07.22-18.44.28:622][  0]LogInit: Computer: CHRISTIANGAMING
[2015.07.22-18.44.28:622][  0]LogInit: User: Christian
[2015.07.22-18.44.28:622][  0]LogInit: CPU Page size=4096, Cores=2
[2015.07.22-18.44.28:622][  0]LogInit: High frequency timer resolution =2.143570 MHz
[2015.07.22-18.44.28:630][  0]LogMemory: Memory total: Physical=3.9GB (4GB approx)
[2015.07.22-18.44.28:640][  0]LogMemory: Platform Memory Stats for Windows
[2015.07.22-18.44.28:640][  0]LogMemory: Process Physical Memory: 48.55 MB used, 48.55 MB peak
[2015.07.22-18.44.28:640][  0]LogMemory: Process Virtual Memory: 21.99 MB used, 21.99 MB peak
[2015.07.22-18.44.28:640][  0]LogMemory: Physical Memory: 2190.47 MB used, 3983.27 MB total
[2015.07.22-18.44.28:640][  0]LogMemory: Virtual Memory: 290.59 MB used, 8388608.00 MB total
[2015.07.22-18.44.29:561][  0]LogTextLocalizationManager: The requested culture ('en_US') has no localization data; parent culture's ('en') localization data will be used.
[2015.07.22-18.44.30:144][  0]LogTextLocalizationManager:Warning: Loaded localization resources contain conflicting entries for (Namespace:ContentBrowser, Key:ImportAssetToolTip):
Localization Resource: (C:/Program Files/Epic Games/4.8/Engine/Content/Localization/Editor/en/Editor.locres) Source String Hash: (-630476809) Localized String: (Import to {0}...)
Localization Resource: (C:/Program Files/Epic Games/4.8/Engine/Content/Localization/Editor/en/Editor.locres) Source String Hash: (1271782899) Localized String: (Imports an asset from file to this folder.)
[2015.07.22-18.44.31:352][  0]LogD3D11RHI: Found D3D11 adapter 0: Intel(R) HD Graphics 3000 (Feature Level 10_0)
[2015.07.22-18.44.31:352][  0]LogD3D11RHI: Adapter has 32MB of dedicated video memory, 0MB of dedicated system memory, and 1632MB of shared system memory, 1 output[s]
[2015.07.22-18.44.31:355][  0]LogD3D11RHI: Found D3D11 adapter 1: Microsoft Basic Render Driver (Feature Level 11_0)
[2015.07.22-18.44.31:355][  0]LogD3D11RHI: Adapter has 0MB of dedicated video memory, 0MB of dedicated system memory, and 256MB of shared system memory, 0 output[s]
[2015.07.22-18.44.31:355][  0]LogD3D11RHI: Chosen D3D11 Adapter Id = 0
[2015.07.22-18.44.31:393][  0]LogD3D11RHI: InitD3DDevice
[2015.07.22-18.44.31:393][  0]LogD3D11RHI: !Direct3DDevice
[2015.07.22-18.44.31:393][  0]LogRHI: Texture pool is 593 MB (70% of 848 MB)
[2015.07.22-18.44.31:398][  0]LogD3D11RHI: Async texture creation enabled
[2015.07.22-18.44.31:507][  0]LogShaderCompilers:Display: Using Local Shader Compiler.
[2015.07.22-18.44.38:083][  0]LogTemp:Display: Loaded TP DesktopTargetPlatform
[2015.07.22-18.44.38:158][  0]LogTemp:Display: Loaded TP WindowsClientTargetPlatform
[2015.07.22-18.44.38:183][  0]LogTemp:Display: Loaded TP WindowsNoEditorTargetPlatform
[2015.07.22-18.44.38:217][  0]LogTemp:Display: Loaded TP WindowsServerTargetPlatform
[2015.07.22-18.44.38:253][  0]LogTemp:Display: Loaded TP WindowsTargetPlatform
[2015.07.22-18.44.38:279][  0]LogTemp:Display: Loaded TP AndroidTargetPlatform
[2015.07.22-18.44.38:319][  0]LogTemp:Display: Loaded TP Android_ASTCTargetPlatform
[2015.07.22-18.44.38:342][  0]LogTemp:Display: Loaded TP Android_ATCTargetPlatform
[2015.07.22-18.44.38:363][  0]LogTemp:Display: Loaded TP Android_DXTTargetPlatform
[2015.07.22-18.44.38:393][  0]LogTemp:Display: Loaded TP Android_ETC1TargetPlatform
[2015.07.22-18.44.38:453][  0]LogTemp:Display: Loaded TP Android_ETC2TargetPlatform
[2015.07.22-18.44.38:497][  0]LogTemp:Display: Loaded TP Android_PVRTCTargetPlatform
[2015.07.22-18.44.38:683][  0]LogTemp:Display: Loaded TP IOSTargetPlatform
[2015.07.22-18.44.38:712][  0]LogTemp:Display: Loaded TP LinuxNoEditorTargetPlatform
[2015.07.22-18.44.38:755][  0]LogTemp:Display: Loaded TP LinuxServerTargetPlatform
[2015.07.22-18.44.38:810][  0]LogTemp:Display: Loaded TP LinuxTargetPlatform
[2015.07.22-18.44.38:810][  0]LogTargetPlatformManager:Display: Building Assets For Windows
[2015.07.22-18.44.39:651][  0]LogDerivedDataCache:Display: Max Cache Size: 512 MB
[2015.07.22-18.44.40:339][  0]LogDerivedDataCache: Loaded boot cache 0.69s 48MB C:/Users/Christian/AppData/Local/UnrealEngine/4.8/DerivedDataCache/Boot.ddc.
[2015.07.22-18.44.40:339][  0]LogDerivedDataCache:Display: Loaded Boot cache: C:/Users/Christian/AppData/Local/UnrealEngine/4.8/DerivedDataCache/Boot.ddc
[2015.07.22-18.44.40:340][  0]LogDerivedDataCache: FDerivedDataBackendGraph:  Pak pak cache file ../../../../../../Users/Christian/Documents/Unreal Projects/TheForsakens 4.8/DerivedDataCache/DDC.ddp not found, will not use a pak cache.
[2015.07.22-18.44.40:340][  0]LogDerivedDataCache: Unable to find inner node Pak for hierarchical cache Hierarchy.
[2015.07.22-18.44.40:340][  0]LogDerivedDataCache: FDerivedDataBackendGraph:  CompressedPak pak cache file ../../../../../../Users/Christian/Documents/Unreal Projects/TheForsakens 4.8/DerivedDataCache/Compressed.ddp not found, will not use a pak cache.
[2015.07.22-18.44.40:340][  0]LogDerivedDataCache: Unable to find inner node CompressedPak for hierarchical cache Hierarchy.
[2015.07.22-18.44.40:688][  0]LogDerivedDataCache:Display: Pak cache opened for reading ../../../Engine/DerivedDataCache/Compressed.ddp.
[2015.07.22-18.44.40:703][  0]LogDerivedDataCache: Using Local data cache path C:/Users/Christian/AppData/Local/UnrealEngine/Common/DerivedDataCache: Writable
[2015.07.22-18.44.46:745][  0]LogInit: Selected Device Profile: [Windows]
[2015.07.22-18.44.47:323][  0]ImportText (ComponentSweepMultiTests): Missing closing parenthesis: (RootShapeAsset="/Engine/BasicShapes/Cube.Cube",ShapeType="TriggerCapsule",HitResult=(Time=0.50,Location=(X=-100.000015,Y=0.0,Z=100.000015),ImpactPoint=(X=-50.0,Y=0.0,Z=50.0),Normal=(X=-1.0,Y=-0.0,Z=0.0),ImpactNormal=(X=0.0,Y=0.0,Z=1.0),TraceStart=(X=-200.0,Y=0.0,Z=200.0),TraceEnd=(X=0.0,Y=0.0,Z=0.0))
[2015.07.22-18.44.47:325][  0]ImportText (LineTraceSingleByChannelTests): Missing closing parenthesis: (RootShapeAsset="/Engine/BasicShapes/Cube.Cube",HitResult=(Time=0.50,Location=(X=-100.000015,Y=0.0,Z=100.000015),ImpactPoint=(X=-50.0,Y=0.0,Z=50.0),Normal=(X=-1.0,Y=-0.0,Z=0.0),ImpactNormal=(X=0.0,Y=0.0,Z=1.0),TraceStart=(X=-200.0,Y=0.0,Z=200.0),TraceEnd=(X=0.0,Y=0.0,Z=0.0))
[2015.07.22-18.44.47:461][  0]LogMeshUtilities: No automatic mesh reduction module available
[2015.07.22-18.44.47:461][  0]LogMeshUtilities: No automatic mesh merging module available
[2015.07.22-18.44.49:682][  0]LogInit: WinSock: version 1.1 (2.2), MaxSocks=32767, MaxUdp=65467
[2015.07.22-18.45.06:188][  0]UdpMessaging: Initializing bridge on interface 0.0.0.0:0 to multicast group 230.0.0.1:6666.
[2015.07.22-18.45.08:149][  0]SourceControl: Info Source control is disabled
[2015.07.22-18.45.08:174][  0]SourceControl: Info Source control is disabled
[2015.07.22-18.45.08:455][  0]SourceControl: Info Source control is disabled
[2015.07.22-18.45.09:029][  0]SourceControl: Info Source control is disabled
[2015.07.22-18.45.10:830][  0]LogObj: 26273 objects as part of root set at end of initial load.
[2015.07.22-18.45.10:830][  0]LogUObjectAllocator: 5409248 out of 0 bytes used by permanent object pool.
[2015.07.22-18.45.11:528][  0]LogEngine: Initializing Engine...
[2015.07.22-18.45.11:554][  0]LogHMD: Can't find Oculus library dev build: is proper Runtime installed? Version: 0.6.0.0
[2015.07.22-18.45.11:674][  0]LogHMD:Warning: SteamVR failed to initialize.  Error: 110
[2015.07.22-18.45.12:436][  0]LogAIModule: Creating AISystem for world NewWorld
[2015.07.22-18.45.12:484][  0]LogInit: XAudio2 using 'Speakers (Realtek High Definition Audio)' : 2 channels at 48 kHz using 32 bits per sample (channel mask 0x3)
[2015.07.22-18.45.12:541][  0]LogInit: FAudioDevice initialized.
[2015.07.22-18.45.12:666][  0]LogDerivedDataCache: Saved boot cache 0.12s 48MB C:/Users/Christian/AppData/Local/UnrealEngine/4.8/DerivedDataCache/Boot.ddc.
[2015.07.22-18.45.12:696][  0]LogInit: Texture streaming: Disabled
[2015.07.22-18.45.12:936][  0]LogAnalytics: Creating configured Analytics provider AnalyticsET
[2015.07.22-18.45.12:936][  0]LogAnalytics: [UEEditor.Rocket.Release] APIServer = http://et2.epicgames.com/ET2/. AppVersion = 4.8.2-2614606+++depot+UE4-Releases+4.8
[2015.07.22-18.45.12:936][  0]LogAnalytics: [UEEditor.Rocket.Release] SetUserId d520111f42444ed2ae17ceb4cce854a2|256081b0662a4905b440382e278adc23|3ae4f12a-3c0a-4aaf-bb63-a78589ca1625
[2015.07.22-18.45.12:937][  0]LogAnalytics: [UEEditor.Rocket.Release] AnalyticsET::StartSession
[2015.07.22-18.45.13:766][  0]LogInit: Transaction tracking system initialized
[2015.07.22-18.45.15:974][  0]BlueprintLog: New page: Editor Load
[2015.07.22-18.45.16:504][  0]LogAssetRegistry: FAssetRegistry took 0.0113 seconds to start up
[2015.07.22-18.45.16:506][  0]LogDirectoryWatcher:Warning: Failed to begin reading directory changes for ../../../Engine/Plugins/Experimental/CharacterAI/Content/. Error: 0
[2015.07.22-18.45.26:015][  0]LogConsoleManager:Warning: Console variable 'r.VSync' wasn't set ('GameSetting' has a lower priority than 'SystemSettingsIni')
[2015.07.22-18.45.26:016][  0]LogConsoleResponse:Display: 
[2015.07.22-18.45.29:597][  0]LogCook:Display: Done creating registry. It took  0.00s.
[2015.07.22-18.45.32:336][  0]SourceControl: Info Source control is disabled
[2015.07.22-18.45.32:336][  0]Cmd: MAP LOAD FILE="../../../Engine/Content/Maps/Templates/Template_Default.umap" TEMPLATE=1 SHOWPROGRESS=1 FEATURELEVEL=2
[2015.07.22-18.45.32:388][  0]LightingResults: New page: Lighting Build
[2015.07.22-18.45.32:411][  0]MapCheck: New page: Map Check
[2015.07.22-18.45.32:411][  0]LightingResults: New page: Lighting Build
[2015.07.22-18.45.32:444][  0]LogParticles: Destroying 0 GPU particle simulations for FXSystem 0x0000001B60D1E160
[2015.07.22-18.45.35:110][  0]LogAIModule: Creating AISystem for world Untitled_1
[2015.07.22-18.45.35:321][  0]LogEditorServer: Finished looking for orphan Actors (0.000 secs)
[2015.07.22-18.45.35:337][  0]Cmd: MAP CHECKDEP NOCLEARLOG
[2015.07.22-18.45.35:392][  0]MapCheck: Info Map check complete: 0 Error(s), 0 Warning(s), took 55.544ms to complete.
[2015.07.22-18.45.35:392][  0]LogFileHelpers: Loading map 'Template_Default' took 3.056
[2015.07.22-18.45.35:960][  0]LogCollectionManager: Loaded 0 collections in 0.003307 seconds
[2015.07.22-18.45.36:058][  0]LogContentBrowser: Native class hierarchy populated in 0.0785 seconds. Added 1792 classes and 301 folders.
[2015.07.22-18.45.36:327][  0]LogContentBrowser: Native class hierarchy updated for 'WidgetCarousel' in 0.0005 seconds. Added 0 classes and 0 folders.
[2015.07.22-18.45.37:590][  0]LogContentBrowser: Native class hierarchy updated for 'AddContentDialog' in 0.0016 seconds. Added 0 classes and 0 folders.
[2015.07.22-18.45.37:702][  0]LogContentBrowser: Native class hierarchy updated for 'SceneOutliner' in 0.0014 seconds. Added 1 classes and 2 folders.
[2015.07.22-18.45.38:106][  0]LogCrashTracker: Crashtracker disabled due to settings.
[2015.07.22-18.45.38:111][  0]LogD3D11RHI: InitD3DDevice
[2015.07.22-18.45.38:151][  0]LogUObjectGlobals:Warning: Failed to find object 'Class None.'
[2015.07.22-18.45.38:212][  0]LogLoad: Full Startup: 76.75 seconds (BP compile: 0.48 seconds)
[2015.07.22-18.45.38:424][  0]LogContentStreaming: Texture pool size is 0.000000MB
[2015.07.22-18.45.38:676][  0]LogContentStreaming: Texture pool size now 700 MB
[2015.07.22-18.45.39:358][  0]LogRenderer: Reallocating scene render targets to support 856x376 (Frame:2).
[2015.07.22-18.45.40:134][  1]LogD3D11RHI: InitD3DDevice
[2015.07.22-18.45.40:423][  2]LogD3D11RHI: InitD3DDevice
[2015.07.22-18.45.41:645][ 22]LogAssetRegistry: Asset discovery search completed in 25.1533 seconds
[2015.07.22-18.49.23:503][ 11]LogD3D11RHI: InitD3DDevice
[2015.07.22-18.49.38:339][ 11]LogAIModule: Creating AISystem for world Mansion
[2015.07.22-18.49.39:387][ 11]Cmd: MAP LOAD FILE="../../../../../../Users/Christian/Documents/Unreal Projects/TheForsakens 4.8/Content/Maps/Mansion.umap" TEMPLATE=0 SHOWPROGRESS=1 FEATURELEVEL=2
[2015.07.22-18.49.39:389][ 11]LightingResults: New page: Lighting Build
[2015.07.22-18.49.39:431][ 11]LoadErrors: New page: Loading map: Mansion.umap
[2015.07.22-18.49.39:431][ 11]MapCheck: New page: Map Check
[2015.07.22-18.49.39:431][ 11]LightingResults: New page: Lighting Build
[2015.07.22-18.49.39:500][ 11]LogParticles: Destroying 0 GPU particle simulations for FXSystem 0x0000001B66DE3240
[2015.07.22-18.49.40:576][ 11]LogAIModule: Creating AISystem for world Mansion
[2015.07.22-18.49.40:735][ 11]LogEditorServer: Finished looking for orphan Actors (0.000 secs)
[2015.07.22-18.49.40:810][ 11]Cmd: MAP CHECKDEP NOCLEARLOG
[2015.07.22-18.49.40:900][ 11]MapCheck: Info Map check complete: 0 Error(s), 0 Warning(s), took 89.678ms to complete.
[2015.07.22-18.49.40:901][ 11]LogFileHelpers: Loading map 'Mansion' took 1.516
[2015.07.22-18.50.00:288][251]LogEditorActor: Deleted Actor: NavMeshBoundsVolume
[2015.07.22-18.50.00:288][251]LogActorComponent: UnregisterComponent: (/Engine/Transient.CharMoveComp) Not registered. Aborting.
[2015.07.22-18.50.03:796][251]LogEditorActor: Deleted 1 Actors (3.519 secs)
[2015.07.22-18.50.05:986][272]LogEditorViewport: Clicking on Actor (LMB): StaticMeshActor (Floor52)
[2015.07.22-18.50.09:943][296]Cmd: DELETE
[2015.07.22-18.50.09:943][296]Cmd: ACTOR DELETE
[2015.07.22-18.50.10:117][296]LogEditorActor: Deleted Actor: StaticMeshActor
[2015.07.22-18.50.10:263][296]LogEditorActor: Deleted 1 Actors (0.171 secs)
[2015.07.22-18.50.19:432][360]Cmd: TRANSACTION UNDO
[2015.07.22-18.50.19:440][360]LogEditorTransaction: Undo Select Brush Surface
[2015.07.22-18.50.19:551][360]LogD3D11RHI: InitD3DDevice
[2015.07.22-18.50.21:560][369]Cmd: TRANSACTION UNDO
[2015.07.22-18.50.21:560][369]LogEditorTransaction: Undo Delete Actors
[2015.07.22-18.50.39:374][556]LogD3D11RHI: InitD3DDevice
[2015.07.22-18.50.44:443][600]LogD3D11RHI: InitD3DDevice
[2015.07.22-18.50.45:057][605]LogActorFactory: Actor Factory created SM_DoorFrame
[2015.07.22-18.50.46:471][616]LogActorFactory: Actor Factory created SM_DoorFrame
[2015.07.22-18.51.20:418][852]LogPlayLevel: PIE:  No blueprints needed recompiling
[2015.07.22-18.51.20:631][852]PIE: New page: PIE session: Mansion (Jul 22, 2015, 8:51:20 AM)
[2015.07.22-18.51.20:633][852]LogPlayLevel: Creating play world package: /Game/Maps/UEDPIE_0_Mansion
[2015.07.22-18.51.20:873][852]LogPlayLevel: PIE: StaticDuplicateObject took: (0.241081s)
[2015.07.22-18.51.20:875][852]LogAIModule: Creating AISystem for world Mansion
[2015.07.22-18.51.20:876][852]LogPlayLevel: PIE: World Init took: (0.002298s)
[2015.07.22-18.51.20:876][852]LogPlayLevel: PIE: Created PIE world by copying editor world from /Game/Maps/Mansion.Mansion to /Game/Maps/UEDPIE_0_Mansion.Mansion (0.243923s)
[2015.07.22-18.51.20:876][852]LogActorComponent: UnregisterComponent: (/Engine/Transient.CharMoveComp) Not registered. Aborting.
[2015.07.22-18.51.20:969][852]LogInit: XAudio2 using 'Speakers (Realtek High Definition Audio)' : 2 channels at 48 kHz using 32 bits per sample (channel mask 0x3)
[2015.07.22-18.51.20:979][852]LogInit: FAudioDevice initialized.
[2015.07.22-18.51.21:064][852]LogD3D11RHI: InitD3DDevice
[2015.07.22-18.51.21:187][852]LogWorld: Game class is 'MyGame_C'
[2015.07.22-18.51.21:308][852]LogWorld: Bringing World /Game/Maps/UEDPIE_0_Mansion.Mansion up for play (max tick rate 60) at 2015.07.22-13.51.21
[2015.07.22-18.51.21:308][852]LogActor:Warning: GameSession /Game/Maps/UEDPIE_0_Mansion.Mansion:PersistentLevel.GameSession_0 has natively added scene component(s), but none of them were set as the actor's RootComponent - picking one arbitrarily
[2015.07.22-18.51.21:309][852]LogActor:Warning: GameNetworkManager /Game/Maps/UEDPIE_0_Mansion.Mansion:PersistentLevel.GameNetworkManager_0 has natively added scene component(s), but none of them were set as the actor's RootComponent - picking one arbitrarily
[2015.07.22-18.51.21:369][852]LogWorld: Bringing up level for play took: 0.166581
[2015.07.22-18.51.21:586][852]PIE: Info Play in editor start time for /Game/Maps/UEDPIE_0_Mansion 1.535
[2015.07.22-18.51.21:778][852]LogRenderer: Reallocating scene render targets to support 1296x728 (Frame:1162).
[2015.07.22-18.51.51:739][ 46]LogParticles: Destroying 0 GPU particle simulations for FXSystem 0x0000001B69CC1800
[2015.07.22-18.52.02:603][127]LogPlayLevel: PIE:  No blueprints needed recompiling
[2015.07.22-18.52.02:603][127]PIE: New page: PIE session: Mansion (Jul 22, 2015, 8:52:02 AM)
[2015.07.22-18.52.02:630][127]LogPlayLevel: Creating play world package: /Game/Maps/UEDPIE_0_Mansion
[2015.07.22-18.52.02:783][127]LogPlayLevel: PIE: StaticDuplicateObject took: (0.152678s)
[2015.07.22-18.52.02:784][127]LogAIModule: Creating AISystem for world Mansion
[2015.07.22-18.52.02:785][127]LogPlayLevel: PIE: World Init took: (0.002292s)
[2015.07.22-18.52.02:786][127]LogPlayLevel: PIE: Created PIE world by copying editor world from /Game/Maps/Mansion.Mansion to /Game/Maps/UEDPIE_0_Mansion.Mansion (0.155624s)
[2015.07.22-18.52.02:876][127]LogInit: XAudio2 using 'Speakers (Realtek High Definition Audio)' : 2 channels at 48 kHz using 32 bits per sample (channel mask 0x3)
[2015.07.22-18.52.02:884][127]LogInit: FAudioDevice initialized.
[2015.07.22-18.52.02:887][127]LogD3D11RHI: InitD3DDevice
[2015.07.22-18.52.02:920][127]LogWorld: Game class is 'MyGame_C'
[2015.07.22-18.52.03:000][127]LogWorld: Bringing World /Game/Maps/UEDPIE_0_Mansion.Mansion up for play (max tick rate 60) at 2015.07.22-13.52.03
[2015.07.22-18.52.03:000][127]LogActor:Warning: GameSession /Game/Maps/UEDPIE_0_Mansion.Mansion:PersistentLevel.GameSession_1 has natively added scene component(s), but none of them were set as the actor's RootComponent - picking one arbitrarily
[2015.07.22-18.52.03:001][127]LogActor:Warning: GameNetworkManager /Game/Maps/UEDPIE_0_Mansion.Mansion:PersistentLevel.GameNetworkManager_1 has natively added scene component(s), but none of them were set as the actor's RootComponent - picking one arbitrarily
[2015.07.22-18.52.03:010][127]LogWorld: Bringing up level for play took: 0.088477
[2015.07.22-18.52.03:055][127]PIE: Info Play in editor start time for /Game/Maps/UEDPIE_0_Mansion 1.005
[2015.07.22-18.52.33:070][323]LogParticles: Destroying 0 GPU particle simulations for FXSystem 0x0000001B54E600E0
[2015.07.22-18.54.22:002][928]LogPlayLevel: PIE:  No blueprints needed recompiling
[2015.07.22-18.54.22:002][928]PIE: New page: PIE session: Mansion (Jul 22, 2015, 8:54:22 AM)
[2015.07.22-18.54.22:029][928]LogPlayLevel: Creating play world package: /Game/Maps/UEDPIE_0_Mansion
[2015.07.22-18.54.22:193][928]LogPlayLevel: PIE: StaticDuplicateObject took: (0.163638s)
[2015.07.22-18.54.22:194][928]LogAIModule: Creating AISystem for world Mansion
[2015.07.22-18.54.22:196][928]LogPlayLevel: PIE: World Init took: (0.002689s)
[2015.07.22-18.54.22:196][928]LogPlayLevel: PIE: Created PIE world by copying editor world from /Game/Maps/Mansion.Mansion to /Game/Maps/UEDPIE_0_Mansion.Mansion (0.166803s)
[2015.07.22-18.54.22:405][928]LogInit: XAudio2 using 'Speakers (Realtek High Definition Audio)' : 2 channels at 48 kHz using 32 bits per sample (channel mask 0x3)
[2015.07.22-18.54.22:415][928]LogInit: FAudioDevice initialized.
[2015.07.22-18.54.22:419][928]LogD3D11RHI: InitD3DDevice
[2015.07.22-18.54.22:455][928]LogWorld: Game class is 'MyGame_C'
[2015.07.22-18.54.22:527][928]LogWorld: Bringing World /Game/Maps/UEDPIE_0_Mansion.Mansion up for play (max tick rate 60) at 2015.07.22-13.54.22
[2015.07.22-18.54.22:528][928]LogActor:Warning: GameSession /Game/Maps/UEDPIE_0_Mansion.Mansion:PersistentLevel.GameSession_2 has natively added scene component(s), but none of them were set as the actor's RootComponent - picking one arbitrarily
[2015.07.22-18.54.22:528][928]LogActor:Warning: GameNetworkManager /Game/Maps/UEDPIE_0_Mansion.Mansion:PersistentLevel.GameNetworkManager_2 has natively added scene component(s), but none of them were set as the actor's RootComponent - picking one arbitrarily
[2015.07.22-18.54.22:537][928]LogWorld: Bringing up level for play took: 0.078017
[2015.07.22-18.54.22:581][928]PIE: Info Play in editor start time for /Game/Maps/UEDPIE_0_Mansion 0.531
[2015.07.22-18.55.18:205][355]LogParticles: Destroying 0 GPU particle simulations for FXSystem 0x0000001B38F845E0
[2015.07.22-18.55.22:442][391]LogEditorViewport: Clicking on Actor (LMB): StaticMeshActor (SM_DoorFrame)
[2015.07.22-18.56.21:769][906]LogEditorViewport: Clicking on Actor (context menu): StaticMeshActor (Floor54)
[2015.07.22-18.56.22:112][906]LogD3D11RHI: InitD3DDevice
[2015.07.22-18.56.47:344][214]LogEditorViewport: Clicking on Actor (LMB): StaticMeshActor (SM_DoorFrame2)
[2015.07.22-18.57.13:775][462]LogEditorViewport: Clicking on Actor (LMB): StaticMeshActor (Floor54)
[2015.07.22-18.57.15:713][478]LogEditorViewport: Clicking on Actor (LMB): StaticMeshActor (SM_DoorFrame2)
[2015.07.22-18.58.17:769][114]LogD3D11RHI: InitD3DDevice
[2015.07.22-18.58.19:346][114]LogD3D11RHI: InitD3DDevice
[2015.07.22-18.58.19:516][114]Cmd: OBJ SAVEPACKAGE PACKAGE="/Game/Maps/Mansion" FILE="../../../../../../Users/Christian/Documents/Unreal Projects/TheForsakens 4.8/Content/Maps/Mansion.umap" SILENT=true AUTOSAVING=false KEEPDIRTY=false
[2015.07.22-18.58.23:798][114]LogSavePackage: Save=3973.495117ms
[2015.07.22-18.58.23:798][114]LogSavePackage: Moving '../../../../../../Users/Christian/Documents/Unreal Projects/TheForsakens 4.8/Saved/MansionEDC3AC5147276EB80F2B159994C30585.tmp' to '../../../../../../Users/Christian/Documents/Unreal Projects/TheForsakens 4.8/Content/Maps/Mansion.umap'
[2015.07.22-18.58.26:206][114]LogFileHelpers: Saving map 'Mansion' took 6.822
[2015.07.22-18.58.27:671][134]LogD3D11RHI: InitD3DDevice
[2015.07.22-18.58.31:265][174]LogPlayLevel: PIE:  No blueprints needed recompiling
[2015.07.22-18.58.31:265][174]PIE: New page: PIE session: Mansion (Jul 22, 2015, 8:58:31 AM)
[2015.07.22-18.58.31:266][174]LogPlayLevel: Creating play world package: /Game/Maps/UEDPIE_0_Mansion
[2015.07.22-18.58.31:524][174]LogPlayLevel: PIE: StaticDuplicateObject took: (0.258127s)
[2015.07.22-18.58.31:525][174]LogAIModule: Creating AISystem for world Mansion
[2015.07.22-18.58.31:527][174]LogPlayLevel: PIE: World Init took: (0.003483s)
[2015.07.22-18.58.31:528][174]LogPlayLevel: PIE: Created PIE world by copying editor world from /Game/Maps/Mansion.Mansion to /Game/Maps/UEDPIE_0_Mansion.Mansion (0.262445s)
[2015.07.22-18.58.31:528][174]LogActorComponent: UnregisterComponent: (/Engine/Transient.CharMoveComp) Not registered. Aborting.
[2015.07.22-18.58.31:652][174]LogInit: XAudio2 using 'Speakers (Realtek High Definition Audio)' : 2 channels at 48 kHz using 32 bits per sample (channel mask 0x3)
[2015.07.22-18.58.31:661][174]LogInit: FAudioDevice initialized.
[2015.07.22-18.58.31:664][174]LogD3D11RHI: InitD3DDevice
[2015.07.22-18.58.31:766][174]LogWorld: Game class is 'MyGame_C'
[2015.07.22-18.58.31:895][174]LogWorld: Bringing World /Game/Maps/UEDPIE_0_Mansion.Mansion up for play (max tick rate 60) at 2015.07.22-13.58.31
[2015.07.22-18.58.31:895][174]LogActor:Warning: GameSession /Game/Maps/UEDPIE_0_Mansion.Mansion:PersistentLevel.GameSession_3 has natively added scene component(s), but none of them were set as the actor's RootComponent - picking one arbitrarily
[2015.07.22-18.58.31:896][174]LogActor:Warning: GameNetworkManager /Game/Maps/UEDPIE_0_Mansion.Mansion:PersistentLevel.GameNetworkManager_3 has natively added scene component(s), but none of them were set as the actor's RootComponent - picking one arbitrarily
[2015.07.22-18.58.31:906][174]LogWorld: Bringing up level for play took: 0.135123
[2015.07.22-18.58.31:952][174]PIE: Info Play in editor start time for /Game/Maps/UEDPIE_0_Mansion -0.098
[2015.07.22-18.59.04:609][398]LogArray:Warning: Attempted to get an item from array CallFunc_GetDataTableRowNames_OutRowNames out of bounds [5/4]!
[2015.07.22-18.59.04:609][398]LogArray:Warning: Attempted to get an item from array CallFunc_GetDataTableRowNames_OutRowNames out of bounds [6/4]!
[2015.07.22-18.59.05:562][403]LogArray:Warning: Attempted to get an item from array CallFunc_GetDataTableRowNames_OutRowNames out of bounds [5/4]!
[2015.07.22-18.59.05:562][403]LogArray:Warning: Attempted to get an item from array CallFunc_GetDataTableRowNames_OutRowNames out of bounds [6/4]!
[2015.07.22-18.59.19:820][511]LogArray:Warning: Attempted to get an item from array CallFunc_GetDataTableRowNames_OutRowNames out of bounds [5/4]!
[2015.07.22-18.59.19:820][511]LogArray:Warning: Attempted to get an item from array CallFunc_GetDataTableRowNames_OutRowNames out of bounds [6/4]!
[2015.07.22-18.59.20:355][515]LogBlueprintUserMessages: No ammo, CLICK!
[2015.07.22-18.59.26:658][561]LogBlueprintUserMessages: No ammo, CLICK!
[2015.07.22-18.59.43:310][673]LogArray:Warning: Attempted to get an item from array CallFunc_GetDataTableRowNames_OutRowNames out of bounds [5/4]!
[2015.07.22-18.59.43:310][673]LogArray:Warning: Attempted to get an item from array CallFunc_GetDataTableRowNames_OutRowNames out of bounds [6/4]!
[2015.07.22-18.59.45:242][685]LogArray:Warning: Attempted to get an item from array CallFunc_GetDataTableRowNames_OutRowNames out of bounds [5/4]!
[2015.07.22-18.59.45:242][685]LogArray:Warning: Attempted to get an item from array CallFunc_GetDataTableRowNames_OutRowNames out of bounds [6/4]!
[2015.07.22-19.00.08:541][883]LogArray:Warning: Attempted to get an item from array CallFunc_GetDataTableRowNames_OutRowNames out of bounds [5/4]!
[2015.07.22-19.00.08:542][883]LogArray:Warning: Attempted to get an item from array CallFunc_GetDataTableRowNames_OutRowNames out of bounds [6/4]!
[2015.07.22-19.00.09:348][891]LogParticles: Destroying 0 GPU particle simulations for FXSystem 0x0000001B69F8B600
[2015.07.22-19.00.42:276][362]LogD3D11RHI: InitD3DDevice
[2015.07.22-19.00.42:317][362]LogActorFactory: Actor Factory created SM_Door
[2015.07.22-19.00.44:861][411]LogActorFactory: Actor Factory created SM_Door
[2015.07.22-19.00.51:850][539]LogD3D11RHI: InitD3DDevice
[2015.07.22-19.00.52:188][557]LogActorFactory: Actor Factory created SM_DoorFrame
[2015.07.22-19.00.53:254][577]LogActorFactory: Actor Factory created SM_DoorFrame
[2015.07.22-19.01.19:527][ 87]LogPlayLevel: PIE:  No blueprints needed recompiling
[2015.07.22-19.01.19:527][ 87]PIE: New page: PIE session: Mansion (Jul 22, 2015, 9:01:19 AM)
[2015.07.22-19.01.19:527][ 87]LogPlayLevel: Creating play world package: /Game/Maps/UEDPIE_0_Mansion
[2015.07.22-19.01.19:701][ 87]LogPlayLevel: PIE: StaticDuplicateObject took: (0.174064s)
[2015.07.22-19.01.19:703][ 87]LogAIModule: Creating AISystem for world Mansion
[2015.07.22-19.01.19:704][ 87]LogPlayLevel: PIE: World Init took: (0.002343s)
[2015.07.22-19.01.19:704][ 87]LogPlayLevel: PIE: Created PIE world by copying editor world from /Game/Maps/Mansion.Mansion to /Game/Maps/UEDPIE_0_Mansion.Mansion (0.176836s)
[2015.07.22-19.01.19:704][ 87]LogActorComponent: UnregisterComponent: (/Engine/Transient.CharMoveComp) Not registered. Aborting.
[2015.07.22-19.01.19:788][ 87]LogInit: XAudio2 using 'Speakers (Realtek High Definition Audio)' : 2 channels at 48 kHz using 32 bits per sample (channel mask 0x3)
[2015.07.22-19.01.19:797][ 87]LogInit: FAudioDevice initialized.
[2015.07.22-19.01.19:800][ 87]LogD3D11RHI: InitD3DDevice
[2015.07.22-19.01.19:829][ 87]LogWorld: Game class is 'MyGame_C'
[2015.07.22-19.01.19:900][ 87]LogWorld: Bringing World /Game/Maps/UEDPIE_0_Mansion.Mansion up for play (max tick rate 60) at 2015.07.22-14.01.19
[2015.07.22-19.01.19:900][ 87]LogActor:Warning: GameSession /Game/Maps/UEDPIE_0_Mansion.Mansion:PersistentLevel.GameSession_4 has natively added scene component(s), but none of them were set as the actor's RootComponent - picking one arbitrarily
[2015.07.22-19.01.19:901][ 87]LogActor:Warning: GameNetworkManager /Game/Maps/UEDPIE_0_Mansion.Mansion:PersistentLevel.GameNetworkManager_4 has natively added scene component(s), but none of them were set as the actor's RootComponent - picking one arbitrarily
[2015.07.22-19.01.19:911][ 87]LogWorld: Bringing up level for play took: 0.080463
[2015.07.22-19.01.19:956][ 87]PIE: Info Play in editor start time for /Game/Maps/UEDPIE_0_Mansion -0.094
[2015.07.22-19.01.23:459][106]LogArray:Warning: Attempted to get an item from array CallFunc_GetDataTableRowNames_OutRowNames out of bounds [5/4]!
[2015.07.22-19.01.23:459][106]LogArray:Warning: Attempted to get an item from array CallFunc_GetDataTableRowNames_OutRowNames out of bounds [6/4]!
[2015.07.22-19.01.41:888][271]LogArray:Warning: Attempted to get an item from array CallFunc_GetDataTableRowNames_OutRowNames out of bounds [5/4]!
[2015.07.22-19.01.41:888][271]LogArray:Warning: Attempted to get an item from array CallFunc_GetDataTableRowNames_OutRowNames out of bounds [6/4]!
[2015.07.22-19.02.17:873][563]LogArray:Warning: Attempted to get an item from array CallFunc_GetDataTableRowNames_OutRowNames out of bounds [5/4]!
[2015.07.22-19.02.17:873][563]LogArray:Warning: Attempted to get an item from array CallFunc_GetDataTableRowNames_OutRowNames out of bounds [6/4]!
[2015.07.22-19.02.19:159][577]LogBlueprintUserMessages: No ammo, CLICK!
[2015.07.22-19.02.20:218][589]LogArray:Warning: Attempted to get an item from array CallFunc_GetDataTableRowNames_OutRowNames out of bounds [5/4]!
[2015.07.22-19.02.20:218][589]LogArray:Warning: Attempted to get an item from array CallFunc_GetDataTableRowNames_OutRowNames out of bounds [6/4]!
[2015.07.22-19.02.31:480][674]LogParticles: Destroying 0 GPU particle simulations for FXSystem 0x0000001B66E15440
[2015.07.22-19.02.53:363][930]LogEditorViewport: Clicking on Actor (LMB): StaticMeshActor (Floor55)
[2015.07.22-19.05.28:046][845]LogEditorViewport: Clicking on Actor (LMB): StaticMeshActor (Floor70)
[2015.07.22-19.05.40:747][907]LogD3D11RHI: InitD3DDevice
[2015.07.22-19.05.43:895][924]LogEditorViewport: Clicking on Actor (LMB): StaticMeshActor (Floor70)
[2015.07.22-19.05.59:114][ 22]LogD3D11RHI: InitD3DDevice
[2015.07.22-19.06.08:979][104]LogD3D11RHI: InitD3DDevice
[2015.07.22-19.06.09:098][108]LogActorFactory: Actor Factory created Wall_500x500
[2015.07.22-19.06.12:279][128]LogActorFactory: Actor Factory created Wall_500x500
[2015.07.22-19.08.08:945][261]LogEditorViewport: Clicking on Actor (LMB): StaticMeshActor (Floor70)
[2015.07.22-19.08.20:619][396]LogEditorViewport: Clicking on Actor (LMB): StaticMeshActor (Wall_500x512)
[2015.07.22-19.08.21:226][400]LogEditorViewport: Clicking on Actor (LMB): StaticMeshActor (Wall_500x512)
[2015.07.22-19.08.25:354][444]LogEditorViewport: Clicking on Actor (CTRL LMB): StaticMeshActor (Wall_500x511)
[2015.07.22-19.08.35:162][544]LogEditorViewport: Clicking on Actor (context menu): StaticMeshActor (Wall_500x513)
[2015.07.22-19.08.35:174][544]LogD3D11RHI: InitD3DDevice
[2015.07.22-19.08.36:211][584]LogEditorViewport: Clicking on Actor (LMB): StaticMeshActor (Wall_500x513)
[2015.07.22-19.08.49:945][768]LogEditorViewport: Clicking on Actor (LMB): StaticMeshActor (Wall_500x514)
[2015.07.22-19.09.35:821][500]LogD3D11RHI: InitD3DDevice
[2015.07.22-19.09.35:855][500]Cmd: OBJ SAVEPACKAGE PACKAGE="/Game/Maps/Mansion" FILE="../../../../../../Users/Christian/Documents/Unreal Projects/TheForsakens 4.8/Content/Maps/Mansion.umap" SILENT=true AUTOSAVING=false KEEPDIRTY=false
[2015.07.22-19.09.35:857][500]LogActorComponent: UnregisterComponent: (/Engine/Transient.CharMoveComp) Not registered. Aborting.
[2015.07.22-19.09.38:099][500]LogSavePackage: Save=2075.588867ms
[2015.07.22-19.09.38:099][500]LogSavePackage: Moving '../../../../../../Users/Christian/Documents/Unreal Projects/TheForsakens 4.8/Saved/Mansion6713283F4593B767DAADC983741DB811.tmp' to '../../../../../../Users/Christian/Documents/Unreal Projects/TheForsakens 4.8/Content/Maps/Mansion.umap'
[2015.07.22-19.09.41:864][550]LogPlayLevel: PIE:  No blueprints needed recompiling
[2015.07.22-19.09.41:865][550]PIE: New page: PIE session: Mansion (Jul 22, 2015, 9:09:41 AM)
[2015.07.22-19.09.41:865][550]LogPlayLevel: Creating play world package: /Game/Maps/UEDPIE_0_Mansion
[2015.07.22-19.09.42:047][550]LogPlayLevel: PIE: StaticDuplicateObject took: (0.182052s)
[2015.07.22-19.09.42:049][550]LogAIModule: Creating AISystem for world Mansion
[2015.07.22-19.09.42:050][550]LogPlayLevel: PIE: World Init took: (0.002663s)
[2015.07.22-19.09.42:050][550]LogPlayLevel: PIE: Created PIE world by copying editor world from /Game/Maps/Mansion.Mansion to /Game/Maps/UEDPIE_0_Mansion.Mansion (0.185284s)
[2015.07.22-19.09.42:131][550]LogInit: XAudio2 using 'Speakers (Realtek High Definition Audio)' : 2 channels at 48 kHz using 32 bits per sample (channel mask 0x3)
[2015.07.22-19.09.42:140][550]LogInit: FAudioDevice initialized.
[2015.07.22-19.09.42:143][550]LogD3D11RHI: InitD3DDevice
[2015.07.22-19.09.42:178][550]LogWorld: Game class is 'MyGame_C'
[2015.07.22-19.09.42:257][550]LogWorld: Bringing World /Game/Maps/UEDPIE_0_Mansion.Mansion up for play (max tick rate 0) at 2015.07.22-14.09.42
[2015.07.22-19.09.42:258][550]LogActor:Warning: GameSession /Game/Maps/UEDPIE_0_Mansion.Mansion:PersistentLevel.GameSession_5 has natively added scene component(s), but none of them were set as the actor's RootComponent - picking one arbitrarily
[2015.07.22-19.09.42:258][550]LogActor:Warning: GameNetworkManager /Game/Maps/UEDPIE_0_Mansion.Mansion:PersistentLevel.GameNetworkManager_5 has natively added scene component(s), but none of them were set as the actor's RootComponent - picking one arbitrarily
[2015.07.22-19.09.42:267][550]LogWorld: Bringing up level for play took: 0.085536
[2015.07.22-19.09.42:317][550]PIE: Info Play in editor start time for /Game/Maps/UEDPIE_0_Mansion 0.266
[2015.07.22-19.10.37:293][950]LogParticles: Destroying 0 GPU particle simulations for FXSystem 0x0000001B66C5CA40
[2015.07.22-19.10.45:109][ 48]LogEditorViewport: Clicking on Actor (LMB): StaticMeshActor (Wall_500x514)
[2015.07.22-19.10.46:537][ 61]LogEditorViewport: Clicking on Actor (CTRL LMB): StaticMeshActor (Wall_500x513)
[2015.07.22-19.10.47:812][ 71]LogEditorViewport: Clicking on Actor (CTRL LMB): StaticMeshActor (Wall_500x512)
[2015.07.22-19.10.48:678][ 76]LogEditorViewport: Clicking on Actor (CTRL LMB): StaticMeshActor (Wall_500x511)
[2015.07.22-19.10.54:937][124]LogEditorViewport: Clicking on Actor (LMB): StaticMeshActor (Floor71)
[2015.07.22-19.10.56:308][134]LogEditorViewport: Clicking on Actor (CTRL LMB): StaticMeshActor (Floor70)
[2015.07.22-19.11.18:119][344]LogD3D11RHI: InitD3DDevice
[2015.07.22-19.11.20:101][365]Cmd: BRUSH ADD SELECTNEWBRUSH
[2015.07.22-19.12.07:751][654]LogD3D11RHI: InitD3DDevice
[2015.07.22-19.12.08:987][654]LogD3D11RHI: InitD3DDevice
[2015.07.22-19.12.09:104][654]Cmd: OBJ SAVEPACKAGE PACKAGE="/Game/Maps/Mansion" FILE="../../../../../../Users/Christian/Documents/Unreal Projects/TheForsakens 4.8/Content/Maps/Mansion.umap" SILENT=true AUTOSAVING=false KEEPDIRTY=false
[2015.07.22-19.12.11:140][654]LogSavePackage: Save=1916.759399ms
[2015.07.22-19.12.11:140][654]LogSavePackage: Moving '../../../../../../Users/Christian/Documents/Unreal Projects/TheForsakens 4.8/Saved/Mansion8A4507304E350F04D5CDE9915A937E8F.tmp' to '../../../../../../Users/Christian/Documents/Unreal Projects/TheForsakens 4.8/Content/Maps/Mansion.umap'
[2015.07.22-19.12.11:242][654]LogFileHelpers: Saving map 'Mansion' took 2.232
[2015.07.22-19.13.15:172][ 75]LogD3D11RHI: InitD3DDevice
[2015.07.22-19.13.16:412][141]MapCheck: New page: Map Check
[2015.07.22-19.13.16:476][141]LogD3D11RHI: InitD3DDevice
[2015.07.22-19.13.16:508][141]Cmd: MAP REBUILD ALLVISIBLE
[2015.07.22-19.13.16:589][141]LogEditorServer: Rebuildmap Clear paths rebuilt
[2015.07.22-19.13.20:914][141]LightingResults: New page: Lighting Build - Jul 22, 2015, 9:13:20 AM
[2015.07.22-19.13.40:543][141]LogStaticLightingSystem:Warning: No importance volume found, so the scene bounding box was used.  You can optimize your scene's quality and lighting build times by adding importance volumes.
[2015.07.22-19.13.40:609][141]LogStaticLightingSystem: Running Lightmass w/ ImmediateImport mode ENABLED
[2015.07.22-19.13.40:609][141]LogStaticLightingSystem: Running Lightmass w/ ImmediateProcess mode ENABLED
[2015.07.22-19.13.40:609][141]LogStaticLightingSystem: Running Lightmass w/ Sorting mode ENABLED
[2015.07.22-19.13.40:609][141]LogStaticLightingSystem: Running Lightmass w/ Mapping paddings ENABLED
[2015.07.22-19.13.40:609][141]LogStaticLightingSystem: Running Lightmass w/ Mapping debug paddings DISABLED
[2015.07.22-19.13.46:438][141]LogD3D11RHI: InitD3DDevice
[2015.07.22-19.13.46:461][141]LogEditorBuildUtils: Build time 0:00:29
[2015.07.22-19.13.46:989][144]LogMaterial: Missing cached shader map for material FLightmassMaterialRenderer M_Frame, compiling. 
[2015.07.22-19.13.47:354][144]LogMaterial: Missing cached shader map for material FLightmassMaterialRenderer M_Frame, compiling. 
[2015.07.22-19.13.47:421][145]LogMaterial: Missing cached shader map for material FLightmassMaterialRenderer M_Door, compiling. 
[2015.07.22-19.13.47:431][145]LogMaterial: Missing cached shader map for material FLightmassMaterialRenderer M_Door, compiling. 
[2015.07.22-19.13.47:598][146]LogMaterial: Missing cached shader map for material FLightmassMaterialRenderer M_Glass, compiling. 
[2015.07.22-19.13.47:604][146]LogMaterial: Missing cached shader map for material FLightmassMaterialRenderer M_Glass, compiling. 
[2015.07.22-19.14.39:563][291]LightingResults:Error: Error <None> Object has overlapping UVs.
[2015.07.22-19.14.39:563][291]LightingResults: Info <None> Lightmap UV are overlapping by 5.0%. Please adjust content - Enable Error Coloring to visualize.
[2015.07.22-19.14.43:564][303]Job is a success!
[2015.07.22-19.14.43:901][304]LogD3D11RHI: InitD3DDevice
[2015.07.22-19.14.43:988][304]LogD3D11RHI: InitD3DDevice
[2015.07.22-19.14.45:409][304]LightingResults:Error: Error PointLight8 Severe performance loss: Failed to allocate shadowmap channel for stationary light due to overlap - light will fall back to dynamic shadows!
[2015.07.22-19.14.45:413][304]LightingResults:Error: Error PointLight4 Severe performance loss: Failed to allocate shadowmap channel for stationary light due to overlap - light will fall back to dynamic shadows!
[2015.07.22-19.14.45:418][304]LightingResults:Error: Error PointLight6 Severe performance loss: Failed to allocate shadowmap channel for stationary light due to overlap - light will fall back to dynamic shadows!
[2015.07.22-19.14.45:422][304]LightingResults:Error: Error PointLight18 Severe performance loss: Failed to allocate shadowmap channel for stationary light due to overlap - light will fall back to dynamic shadows!
[2015.07.22-19.14.45:427][304]LightingResults:Error: Error PointLight17 Severe performance loss: Failed to allocate shadowmap channel for stationary light due to overlap - light will fall back to dynamic shadows!
[2015.07.22-19.14.45:431][304]LightingResults:Error: Error PointLight2_2 Severe performance loss: Failed to allocate shadowmap channel for stationary light due to overlap - light will fall back to dynamic shadows!
[2015.07.22-19.14.46:196][304]LogTexture:Display: Building textures: HQ_Lightmap0_1 (AutoDXT)
[2015.07.22-19.14.47:453][304]LogTexture:Display: Building textures: LQ_Lightmap_0_14 (DXT1)
[2015.07.22-19.14.47:467][304]LogTexture:Display: Building textures: HQ_Lightmap0_14 (AutoDXT)
[2015.07.22-19.14.47:507][304]LogTexture:Display: Building textures: LQ_Lightmap_0_13 (DXT1)
[2015.07.22-19.14.47:600][304]LogTexture:Display: Building textures: HQ_Lightmap0_13 (AutoDXT)
[2015.07.22-19.14.47:781][304]LogTexture:Display: Building textures: LQ_Lightmap_0_12 (DXT1)
[2015.07.22-19.14.47:807][304]LogTexture:Display: Building textures: HQ_Lightmap0_12 (AutoDXT)
[2015.07.22-19.14.47:858][304]LogTexture:Display: Building textures: LQ_Lightmap_0_11 (DXT1)
[2015.07.22-19.14.47:943][304]LogTexture:Display: Building textures: HQ_Lightmap0_11 (AutoDXT)
[2015.07.22-19.14.48:129][304]LogTexture:Display: Building textures: LQ_Lightmap_0_10 (DXT1)
[2015.07.22-19.14.48:164][304]LogTexture:Display: Building textures: HQ_Lightmap0_10 (AutoDXT)
[2015.07.22-19.14.48:233][304]LogTexture:Display: Building textures: LQ_Lightmap_1_9 (DXT1)
[2015.07.22-19.14.48:364][304]LogTexture:Display: Building textures: HQ_Lightmap1_9 (AutoDXT)
[2015.07.22-19.14.48:693][304]LogTexture:Display: Building textures: LQ_Lightmap_1_8 (DXT1)
[2015.07.22-19.14.48:862][304]LogTexture:Display: Building textures: HQ_Lightmap1_8 (AutoDXT)
[2015.07.22-19.14.49:169][304]LogTexture:Display: Building textures: LQ_Lightmap_1_7 (DXT1)
[2015.07.22-19.14.49:275][304]LogTexture:Display: Building textures: HQ_Lightmap1_7 (AutoDXT)
[2015.07.22-19.14.49:436][304]LogTexture:Display: Building textures: LQ_Lightmap_1_6 (DXT1)
[2015.07.22-19.14.49:792][304]LogTexture:Display: Building textures: HQ_Lightmap1_6 (AutoDXT)
[2015.07.22-19.14.50:581][304]LogTexture:Display: Building textures: LQ_Lightmap_1_5 (DXT1)
[2015.07.22-19.14.50:940][304]LogTexture:Display: Building textures: HQ_Lightmap1_5 (AutoDXT)
[2015.07.22-19.14.51:421][304]LogTexture:Display: Building textures: LQ_Lightmap_1_4 (DXT1)
[2015.07.22-19.14.51:538][304]LogTexture:Display: Building textures: HQ_Lightmap1_4 (AutoDXT)
[2015.07.22-19.14.51:790][304]LogTexture:Display: Building textures: LQ_Lightmap_1_3 (DXT1)
[2015.07.22-19.14.51:963][304]LogTexture:Display: Building textures: HQ_Lightmap1_3 (AutoDXT)
[2015.07.22-19.14.52:422][304]LogTexture:Display: Building textures: LQ_Lightmap_0_2 (DXT1)
[2015.07.22-19.14.52:821][304]LogTexture:Display: Building textures: HQ_Lightmap0_2 (AutoDXT)
[2015.07.22-19.14.53:405][304]LogTexture:Display: Building textures: LQ_Lightmap_0_1 (DXT1)
[2015.07.22-19.14.54:391][304]LogTexture:Display: Building textures: ShadowMapTexture2D_0 (BGRA8)
[2015.07.22-19.14.54:659][304]LogTexture:Display: Building textures: ShadowMapTexture2D_1 (BGRA8)
[2015.07.22-19.14.54:760][304]LogTexture:Display: Building textures: ShadowMapTexture2D_2 (BGRA8)
[2015.07.22-19.14.54:981][304]LogTexture:Display: Building textures: ShadowMapTexture2D_3 (BGRA8)
[2015.07.22-19.14.55:246][304]LogTexture:Display: Building textures: ShadowMapTexture2D_4 (BGRA8)
[2015.07.22-19.14.55:456][304]LogTexture:Display: Building textures: ShadowMapTexture2D_5 (BGRA8)
[2015.07.22-19.14.55:543][304]LogTexture:Display: Building textures: ShadowMapTexture2D_6 (BGRA8)
[2015.07.22-19.14.55:608][304]LogTexture:Display: Building textures: ShadowMapTexture2D_7 (BGRA8)
[2015.07.22-19.14.55:638][304]LogTexture:Display: Building textures: ShadowMapTexture2D_8 (BGRA8)
[2015.07.22-19.14.55:738][304]LogTexture:Display: Building textures: ShadowMapTexture2D_9 (BGRA8)
[2015.07.22-19.14.55:836][304]LogTexture:Display: Building textures: ShadowMapTexture2D_10 (BGRA8)
[2015.07.22-19.14.55:912][304]LogTexture:Display: Building textures: ShadowMapTexture2D_11 (BGRA8)
[2015.07.22-19.15.02:703][304]Lightmass on CHRISTIANGAMING: 58.5 sec total, 758 ms importing, 96 ms setup, 3.15 sec photons, 54.0 sec processing, 0 ms extra exporting [910/910 mappings]. Threads: 3:36 min total, 2:01 min processing.
[2015.07.22-19.15.02:703][304]LogD3D11RHI: InitD3DDevice
[2015.07.22-19.15.03:517][304]LogStaticLightingSystem: Illumination: 1:42 min (10.4 sec encoding lightmaps)
[2015.07.22-19.15.03:517][304]LogStaticLightingSystem: Lightmap texture memory:  7.9 MB (6.6 MB streaming, 1.3 MB non-streaming), 28 textures
[2015.07.22-19.15.03:517][304]LogStaticLightingSystem: Shadowmap texture memory: 15.0 MB (12.3 MB streaming, 2.7 MB non-streaming), 12 textures
[2015.07.22-19.15.04:738][305]Cmd: MAP CHECK NOTIFYRESULTS
[2015.07.22-19.15.04:738][305]MapCheck: New page: Mansion - Jul 22, 2015, 9:15:04 AM
[2015.07.22-19.15.05:357][305]MapCheck:Error: Error Element_4 Component is a static type but has invalid lightmap settings!  Indirect lighting will be black.  Common causes are lightmap resolution of 0, LightmapCoordinateIndex out of bounds. 
[2015.07.22-19.15.05:357][305]MapCheck:Warning: Warning Element_4 Static mesh actor has NULL StaticMesh property 
[2015.07.22-19.15.05:357][305]MapCheck:Warning: Warning Element_4 Static mesh actor has NULL StaticMesh property 
[2015.07.22-19.15.05:358][305]MapCheck:Error: Error Element5 Component is a static type but has invalid lightmap settings!  Indirect lighting will be black.  Common causes are lightmap resolution of 0, LightmapCoordinateIndex out of bounds. 
[2015.07.22-19.15.05:358][305]MapCheck:Warning: Warning Element5 Static mesh actor has NULL StaticMesh property 
[2015.07.22-19.15.05:358][305]MapCheck:Warning: Warning Element5 Static mesh actor has NULL StaticMesh property 
[2015.07.22-19.15.05:359][305]MapCheck:Error: Error Element4 Component is a static type but has invalid lightmap settings!  Indirect lighting will be black.  Common causes are lightmap resolution of 0, LightmapCoordinateIndex out of bounds. 
[2015.07.22-19.15.05:359][305]MapCheck:Warning: Warning Element4 Static mesh actor has NULL StaticMesh property 
[2015.07.22-19.15.05:359][305]MapCheck:Warning: Warning Element4 Static mesh actor has NULL StaticMesh property 
[2015.07.22-19.15.05:359][305]MapCheck:Error: Error Element3 Component is a static type but has invalid lightmap settings!  Indirect lighting will be black.  Common causes are lightmap resolution of 0, LightmapCoordinateIndex out of bounds. 
[2015.07.22-19.15.05:360][305]MapCheck:Warning: Warning Element3 Static mesh actor has NULL StaticMesh property 
[2015.07.22-19.15.05:360][305]MapCheck:Warning: Warning Element3 Static mesh actor has NULL StaticMesh property 
[2015.07.22-19.15.05:360][305]MapCheck:Error: Error Element2_7 Component is a static type but has invalid lightmap settings!  Indirect lighting will be black.  Common causes are lightmap resolution of 0, LightmapCoordinateIndex out of bounds. 
[2015.07.22-19.15.05:361][305]MapCheck:Warning: Warning Element2_7 Static mesh actor has NULL StaticMesh property 
[2015.07.22-19.15.05:361][305]MapCheck:Warning: Warning Element2_7 Static mesh actor has NULL StaticMesh property 
[2015.07.22-19.15.05:524][305]MapCheck: Info Map check complete: 5 Error(s), 10 Warning(s), took 785.111ms to complete.
[2015.07.22-19.15.05:525][305]LogD3D11RHI: InitD3DDevice
[2015.07.22-19.16.12:171][538]LogPlayLevel: PIE:  No blueprints needed recompiling
[2015.07.22-19.16.12:171][538]PIE: New page: PIE session: Mansion (Jul 22, 2015, 9:16:12 AM)
[2015.07.22-19.16.12:172][538]LogPlayLevel: Creating play world package: /Game/Maps/UEDPIE_0_Mansion
[2015.07.22-19.16.12:367][538]LogPlayLevel: PIE: StaticDuplicateObject took: (0.194681s)
[2015.07.22-19.16.12:369][538]LogAIModule: Creating AISystem for world Mansion
[2015.07.22-19.16.12:372][538]LogPlayLevel: PIE: World Init took: (0.004883s)
[2015.07.22-19.16.12:373][538]LogPlayLevel: PIE: Created PIE world by copying editor world from /Game/Maps/Mansion.Mansion to /Game/Maps/UEDPIE_0_Mansion.Mansion (0.200527s)
[2015.07.22-19.16.12:512][538]LogInit: XAudio2 using 'Speakers (Realtek High Definition Audio)' : 2 channels at 48 kHz using 32 bits per sample (channel mask 0x3)
[2015.07.22-19.16.12:520][538]LogInit: FAudioDevice initialized.
[2015.07.22-19.16.12:522][538]LogD3D11RHI: InitD3DDevice
[2015.07.22-19.16.12:563][538]LogWorld: Game class is 'MyGame_C'
[2015.07.22-19.16.12:693][538]LogWorld: Bringing World /Game/Maps/UEDPIE_0_Mansion.Mansion up for play (max tick rate 0) at 2015.07.22-14.16.12
[2015.07.22-19.16.12:693][538]LogActor:Warning: GameSession /Game/Maps/UEDPIE_0_Mansion.Mansion:PersistentLevel.GameSession_6 has natively added scene component(s), but none of them were set as the actor's RootComponent - picking one arbitrarily
[2015.07.22-19.16.12:694][538]LogActor:Warning: GameNetworkManager /Game/Maps/UEDPIE_0_Mansion.Mansion:PersistentLevel.GameNetworkManager_6 has natively added scene component(s), but none of them were set as the actor's RootComponent - picking one arbitrarily
[2015.07.22-19.16.12:703][538]LogWorld: Bringing up level for play took: 0.137366
[2015.07.22-19.16.12:752][538]PIE: Info Play in editor start time for /Game/Maps/UEDPIE_0_Mansion 0.701
[2015.07.22-19.16.48:813][874]LogParticles: Destroying 0 GPU particle simulations for FXSystem 0x0000001B7760D580
[2015.07.22-19.17.15:972][348]Cmd: SELECT NONE
[2015.07.22-19.17.17:683][366]LogD3D11RHI: InitD3DDevice
[2015.07.22-19.17.19:115][366]LogD3D11RHI: InitD3DDevice
[2015.07.22-19.17.19:234][366]Cmd: OBJ SAVEPACKAGE PACKAGE="/Game/Maps/Mansion" FILE="../../../../../../Users/Christian/Documents/Unreal Projects/TheForsakens 4.8/Content/Maps/Mansion.umap" SILENT=true AUTOSAVING=false KEEPDIRTY=false
[2015.07.22-19.17.21:962][366]LogSavePackage: Save=2635.238525ms
[2015.07.22-19.17.21:962][366]LogSavePackage: Moving '../../../../../../Users/Christian/Documents/Unreal Projects/TheForsakens 4.8/Saved/Mansion0F5193CC45AB751C7820CABC24533948.tmp' to '../../../../../../Users/Christian/Documents/Unreal Projects/TheForsakens 4.8/Content/Maps/Mansion.umap'
[2015.07.22-19.17.22:010][366]LogFileHelpers: Saving map 'Mansion' took 2.880
[2015.07.22-19.43.22:256][ 26]LogWindowsTextInputMethodSystem:Display: IME system now deactivated.
[2015.07.22-19.43.22:889][ 27]Cmd: QUIT_EDITOR
[2015.07.22-19.43.23:648][ 27]LogExit: Preparing to exit.
[2015.07.22-19.43.25:008][ 27]LogExit: Editor shut down
[2015.07.22-19.43.25:009][ 27]LogExit: Transaction tracking system shut down
[2015.07.22-19.43.25:012][ 27]LogParticles: Destroying 0 GPU particle simulations for FXSystem 0x0000001B787F7F60
[2015.07.22-19.43.25:014][ 27]LogParticles: Destroying 0 GPU particle simulations for FXSystem 0x0000001B66A8A020
[2015.07.22-19.43.25:015][ 27]LogParticles: Destroying 0 GPU particle simulations for FXSystem 0x0000001B788FD620
[2015.07.22-19.43.25:055][ 27]LogParticles: Destroying 0 GPU particle simulations for FXSystem 0x0000001B78797560
[2015.07.22-19.43.25:056][ 27]LogParticles: Destroying 0 GPU particle simulations for FXSystem 0x0000001B787F7E20
[2015.07.22-19.43.25:058][ 27]LogParticles: Destroying 0 GPU particle simulations for FXSystem 0x0000001B78888AE0
[2015.07.22-19.43.26:430][ 27]LogExit: Object subsystem successfully closed.
[2015.07.22-19.43.26:676][ 27]LogD3D11RHI: Shutdown
[2015.07.22-19.43.26:689][ 27]LogD3D11RHI: CleanupD3DDevice
[2015.07.22-19.43.27:000][ 27]LogD3D11RHI: ~FD3D11DynamicRHI
[2015.07.22-19.43.27:115][ 27]LogModuleManager: Shutting down and abandoning module CrashTracker (188)
[2015.07.22-19.43.27:115][ 27]LogModuleManager: Shutting down and abandoning module SceneOutliner (187)
[2015.07.22-19.43.27:115][ 27]LogModuleManager: Shutting down and abandoning module SuperSearch (186)
[2015.07.22-19.43.27:115][ 27]LogModuleManager: Shutting down and abandoning module WidgetCarousel (185)
[2015.07.22-19.43.27:135][ 27]LogModuleManager: Shutting down and abandoning module AddContentDialog (184)
[2015.07.22-19.43.27:148][ 27]LogModuleManager: Shutting down and abandoning module EditorWidgets (183)
[2015.07.22-19.43.27:148][ 27]LogModuleManager: Shutting down and abandoning module CollectionManager (182)
[2015.07.22-19.43.27:159][ 27]LogModuleManager: Shutting down and abandoning module StatsViewer (181)
[2015.07.22-19.43.27:173][ 27]LogModuleManager: Shutting down and abandoning module FoliageEdit (180)
[2015.07.22-19.43.27:177][ 27]LogModuleManager: Shutting down and abandoning module LandscapeEditor (179)
[2015.07.22-19.43.27:194][ 27]LogModuleManager: Shutting down and abandoning module ActorPickerMode (178)
[2015.07.22-19.43.27:194][ 27]LogModuleManager: Shutting down and abandoning module GeometryMode (177)
[2015.07.22-19.43.27:194][ 27]LogModuleManager: Shutting down and abandoning module TextureAlignMode (176)
[2015.07.22-19.43.27:194][ 27]LogModuleManager: Shutting down and abandoning module BspMode (175)
[2015.07.22-19.43.27:194][ 27]LogModuleManager: Shutting down and abandoning module PlacementMode (174)
[2015.07.22-19.43.27:206][ 27]LogModuleManager: Shutting down and abandoning module AutomationWorker (173)
[2015.07.22-19.43.27:206][ 27]LogModuleManager: Shutting down and abandoning module CharacterAI (172)
[2015.07.22-19.43.27:206][ 27]LogModuleManager: Shutting down and abandoning module SmartSnapping (171)
[2015.07.22-19.43.27:206][ 27]LogModuleManager: Shutting down and abandoning module ViewportSnapping (170)
[2015.07.22-19.43.27:206][ 27]LogModuleManager: Shutting down and abandoning module LogVisualizer (169)
[2015.07.22-19.43.27:242][ 27]LogModuleManager: Shutting down and abandoning module GameProjectGeneration (168)
[2015.07.22-19.43.27:283][ 27]LogModuleManager: Shutting down and abandoning module IntroTutorials (167)
[2015.07.22-19.43.27:310][ 27]LogModuleManager: Shutting down and abandoning module EditorLiveStreaming (166)
[2015.07.22-19.43.27:310][ 27]LogModuleManager: Shutting down and abandoning module IOSPlatformEditor (165)
[2015.07.22-19.43.27:326][ 27]LogModuleManager: Shutting down and abandoning module HTML5PlatformEditor (164)
[2015.07.22-19.43.27:326][ 27]LogModuleManager: Shutting down and abandoning module AndroidDeviceDetection (163)
[2015.07.22-19.43.28:059][ 27]LogModuleManager: Shutting down and abandoning module AndroidPlatformEditor (162)
[2015.07.22-19.43.28:059][ 27]LogModuleManager: Shutting down and abandoning module IOSRuntimeSettings (161)
[2015.07.22-19.43.28:059][ 27]LogModuleManager: Shutting down and abandoning module AndroidRuntimeSettings (160)
[2015.07.22-19.43.28:059][ 27]LogModuleManager: Shutting down and abandoning module MergeActors (159)
[2015.07.22-19.43.28:081][ 27]LogModuleManager: Shutting down and abandoning module SizeMap (158)
[2015.07.22-19.43.28:081][ 27]LogModuleManager: Shutting down and abandoning module TreeMap (157)
[2015.07.22-19.43.28:118][ 27]LogModuleManager: Shutting down and abandoning module ReferenceViewer (156)
[2015.07.22-19.43.28:118][ 27]LogModuleManager: Shutting down and abandoning module LocalizationDashboard (155)
[2015.07.22-19.43.28:155][ 27]LogModuleManager: Shutting down and abandoning module HardwareTargeting (154)
[2015.07.22-19.43.28:156][ 27]LogModuleManager: Shutting down and abandoning module DeviceProfileEditor (153)
[2015.07.22-19.43.28:185][ 27]LogModuleManager: Shutting down and abandoning module UndoHistory (152)
[2015.07.22-19.43.28:224][ 27]LogModuleManager: Shutting down and abandoning module GameplayTagsEditor (151)
[2015.07.22-19.43.28:253][ 27]LogModuleManager: Shutting down and abandoning module UserFeedback (150)
[2015.07.22-19.43.28:253][ 27]LogModuleManager: Shutting down and abandoning module XmlParser (149)
[2015.07.22-19.43.28:284][ 27]LogModuleManager: Shutting down and abandoning module Blutility (148)
[2015.07.22-19.43.28:284][ 27]LogModuleManager: Shutting down and abandoning module ProjectTargetPlatformEditor (147)
[2015.07.22-19.43.28:284][ 27]LogModuleManager: Shutting down and abandoning module ProjectSettingsViewer (146)
[2015.07.22-19.43.28:284][ 27]LogModuleManager: Shutting down and abandoning module InputBindingEditor (145)
[2015.07.22-19.43.28:346][ 27]LogModuleManager: Shutting down and abandoning module EditorSettingsViewer (144)
[2015.07.22-19.43.28:346][ 27]LogModuleManager: Shutting down and abandoning module SettingsEditor (143)
[2015.07.22-19.43.28:374][ 27]LogModuleManager: Shutting down and abandoning module ProjectLauncher (142)
[2015.07.22-19.43.28:456][ 27]LogModuleManager: Shutting down and abandoning module SessionFrontend (141)
[2015.07.22-19.43.28:502][ 27]LogModuleManager: Shutting down and abandoning module ProfilerClient (140)
[2015.07.22-19.43.28:526][ 27]LogModuleManager: Shutting down and abandoning module TargetDeviceServices (139)
[2015.07.22-19.43.28:526][ 27]LogModuleManager: Shutting down and abandoning module DeviceManager (138)
[2015.07.22-19.43.28:559][ 27]LogModuleManager: Shutting down and abandoning module AutomationController (137)
[2015.07.22-19.43.28:577][ 27]LogModuleManager: Shutting down and abandoning module AutomationWindow (136)
[2015.07.22-19.43.28:602][ 27]LogModuleManager: Shutting down and abandoning module Layers (135)
[2015.07.22-19.43.28:690][ 27]LogModuleManager: Shutting down and abandoning module ComponentVisualizers (134)
[2015.07.22-19.43.28:690][ 27]LogModuleManager: Shutting down and abandoning module DetailCustomizations (133)
[2015.07.22-19.43.28:690][ 27]LogModuleManager: Shutting down and abandoning module PackagesDialog (132)
[2015.07.22-19.43.28:691][ 27]LogModuleManager: Shutting down and abandoning module AssetRegistry (131)
[2015.07.22-19.43.29:039][ 27]LogModuleManager: Shutting down and abandoning module Persona (130)
[2015.07.22-19.43.29:061][ 27]LogModuleManager: Shutting down and abandoning module Kismet (129)
[2015.07.22-19.43.29:061][ 27]LogModuleManager: Shutting down and abandoning module GraphEditor (128)
[2015.07.22-19.43.29:061][ 27]LogModuleManager: Shutting down and abandoning module ClassViewer (127)
[2015.07.22-19.43.29:083][ 27]LogModuleManager: Shutting down and abandoning module Toolbox (126)
[2015.07.22-19.43.29:083][ 27]LogModuleManager: Shutting down and abandoning module ModuleUI (125)
[2015.07.22-19.43.29:100][ 27]LogModuleManager: Shutting down and abandoning module MovieSceneTools (124)
[2015.07.22-19.43.30:147][ 27]LogModuleManager: Shutting down and abandoning module OutputLog (123)
[2015.07.22-19.43.30:147][ 27]LogModuleManager: Shutting down and abandoning module GammaUI (122)
[2015.07.22-19.43.30:309][ 27]LogModuleManager: Shutting down and abandoning module Documentation (121)
[2015.07.22-19.43.30:309][ 27]LogModuleManager: Shutting down and abandoning module GameLiveStreaming (120)
[2015.07.22-19.43.30:328][ 27]LogModuleManager: Shutting down and abandoning module StreamingPauseRendering (119)
[2015.07.22-19.43.30:328][ 27]LogModuleManager: Shutting down and abandoning module AnalyticsET (118)
[2015.07.22-19.43.30:328][ 27]LogModuleManager: Shutting down and abandoning module Analytics (117)
[2015.07.22-19.43.30:328][ 27]LogModuleManager: Shutting down and abandoning module AITestSuite (116)
[2015.07.22-19.43.30:400][ 27]LogModuleManager: Shutting down and abandoning module GameplayDebugger (115)
[2015.07.22-19.43.30:400][ 27]LogModuleManager: Shutting down and abandoning module AIModule (114)
[2015.07.22-19.43.30:400][ 27]LogModuleManager: Shutting down and abandoning module ProfilerService (113)
[2015.07.22-19.43.30:588][ 27]LogModuleManager: Shutting down and abandoning module TaskGraph (112)
[2015.07.22-19.43.32:617][ 27]LogModuleManager: Shutting down and abandoning module SlateRemote (111)
[2015.07.22-19.43.32:617][ 27]LogModuleManager: Shutting down and abandoning module SteamVRController (110)
[2015.07.22-19.43.32:617][ 27]LogModuleManager: Shutting down and abandoning module SteamVR (109)
[2015.07.22-19.43.32:617][ 27]LogModuleManager: Shutting down and abandoning module ProceduralMeshComponent (108)
[2015.07.22-19.43.32:617][ 27]LogModuleManager: Shutting down and abandoning module OculusRift (107)
[2015.07.22-19.43.32:617][ 27]LogModuleManager: Shutting down and abandoning module LeapMotionController (106)
[2015.07.22-19.43.32:750][ 27]LogModuleManager: Shutting down and abandoning module CustomMeshComponent (105)
[2015.07.22-19.43.32:750][ 27]LogModuleManager: Shutting down and abandoning module CableComponent (104)
[2015.07.22-19.43.32:762][ 27]LogModuleManager: Shutting down and abandoning module MessagingDebugger (103)
[2015.07.22-19.43.32:824][ 27]LogModuleManager: Shutting down and abandoning module MediaPlayerEditor (102)
[2015.07.22-19.43.32:851][ 27]LogModuleManager: Shutting down and abandoning module SpeedTreeImporter (101)
[2015.07.22-19.43.32:851][ 27]LogModuleManager: Shutting down and abandoning module PluginBrowser (100)
[2015.07.22-19.43.32:867][ 27]LogModuleManager: Shutting down and abandoning module EpicSurvey (99)
[2015.07.22-19.43.32:889][ 27]LogModuleManager: Shutting down and abandoning module DesktopPlatform (98)
[2015.07.22-19.43.32:956][ 27]LogModuleManager: Shutting down and abandoning module VisualStudioSourceCodeAccess (97)
[2015.07.22-19.43.32:978][ 27]LogModuleManager: Shutting down and abandoning module UObjectPlugin (96)
[2015.07.22-19.43.32:978][ 27]LogModuleManager: Shutting down and abandoning module SubversionSourceControl (95)
[2015.07.22-19.43.32:991][ 27]LogModuleManager: Shutting down and abandoning module PerforceSourceControl (94)
[2015.07.22-19.43.33:028][ 27]LogModuleManager: Shutting down and abandoning module SourceControl (93)
[2015.07.22-19.43.33:098][ 27]LogModuleManager: Shutting down and abandoning module GitSourceControl (92)
[2015.07.22-19.43.33:125][ 27]LogModuleManager: Shutting down and abandoning module BlankPlugin (91)
[2015.07.22-19.43.33:125][ 27]LogModuleManager: Shutting down and abandoning module PaperTiledImporter (90)
[2015.07.22-19.43.33:125][ 27]LogModuleManager: Shutting down and abandoning module PaperSpriteSheetImporter (89)
[2015.07.22-19.43.33:125][ 27]LogModuleManager: Shutting down and abandoning module MeshPaint (88)
[2015.07.22-19.43.33:149][ 27]LogModuleManager: Shutting down and abandoning module SlateReflector (87)
[2015.07.22-19.43.33:196][ 27]LogModuleManager: Shutting down and abandoning module DirectoryWatcher (86)
[2015.07.22-19.43.33:204][ 27]LogModuleManager: Shutting down and abandoning module HotReload (85)
[2015.07.22-19.43.33:204][ 27]LogModuleManager: Shutting down and abandoning module MainFrame (84)
[2015.07.22-19.43.33:204][ 27]LogModuleManager: Shutting down and abandoning module LevelEditor (83)
[2015.07.22-19.43.33:253][ 27]LogModuleManager: Shutting down and abandoning module ContentBrowser (82)
[2015.07.22-19.43.33:257][ 27]LogModuleManager: Shutting down and abandoning module Paper2DEditor (81)
[2015.07.22-19.43.33:320][ 27]LogModuleManager: Shutting down and abandoning module UdpMessaging (80)
[2015.07.22-19.43.33:422][ 27]LogModuleManager: Shutting down and abandoning module Paper2D (79)
[2015.07.22-19.43.33:470][ 27]LogModuleManager: Shutting down and abandoning module WindowsMoviePlayer (78)
[2015.07.22-19.43.33:501][ 27]LogModuleManager: Shutting down and abandoning module Media (77)
[2015.07.22-19.43.33:502][ 27]LogModuleManager: Shutting down and abandoning module WmfMedia (76)
[2015.07.22-19.43.33:519][ 27]LogModuleManager: Shutting down and abandoning module OnlineBlueprintSupport (75)
[2015.07.22-19.43.33:519][ 27]LogModuleManager: Shutting down and abandoning module PropertyEditor (74)
[2015.07.22-19.43.33:519][ 27]LogModuleManager: Shutting down and abandoning module BehaviorTreeEditor (73)
[2015.07.22-19.43.33:600][ 27]LogModuleManager: Shutting down and abandoning module FunctionalTesting (72)
[2015.07.22-19.43.33:612][ 27]LogModuleManager: Shutting down and abandoning module CollisionAnalyzer (71)
[2015.07.22-19.43.33:625][ 27]LogModuleManager: Shutting down and abandoning module WorkspaceMenuStructure (70)
[2015.07.22-19.43.33:625][ 27]LogModuleManager: Shutting down and abandoning module MessageLog (69)
[2015.07.22-19.43.33:626][ 27]LogModuleManager: Shutting down and abandoning module Sequencer (68)
[2015.07.22-19.43.33:697][ 27]LogModuleManager: Shutting down and abandoning module AssetTools (67)
[2015.07.22-19.43.33:746][ 27]LogModuleManager: Shutting down and abandoning module UMGEditor (66)
[2015.07.22-19.43.33:802][ 27]LogModuleManager: Shutting down and abandoning module UMG (65)
[2015.07.22-19.43.33:848][ 27]LogModuleManager: Shutting down and abandoning module Slate (64)
[2015.07.22-19.43.33:848][ 27]LogModuleManager: Shutting down and abandoning module EditorStyle (63)
[2015.07.22-19.43.33:858][ 27]LogModuleManager: Shutting down and abandoning module SessionServices (62)
[2015.07.22-19.43.33:858][ 27]LogModuleManager: Shutting down and abandoning module SourceCodeAccess (61)
[2015.07.22-19.43.33:858][ 27]LogModuleManager: Shutting down and abandoning module HeadMountedDisplay (60)
[2015.07.22-19.43.33:858][ 27]LogModuleManager: Shutting down and abandoning module XAudio2 (59)
[2015.07.22-19.43.33:858][ 27]LogModuleManager: Shutting down and abandoning module Networking (57)
[2015.07.22-19.43.33:858][ 27]LogModuleManager: Shutting down and abandoning module Core (56)
[2015.07.22-19.43.33:858][ 27]LogModuleManager: Shutting down and abandoning module KismetCompiler (55)
[2015.07.22-19.43.33:858][ 27]LogModuleManager: Shutting down and abandoning module PhysXFormats (54)
[2015.07.22-19.43.33:859][ 27]LogModuleManager: Shutting down and abandoning module MeshUtilities (53)
[2015.07.22-19.43.33:882][ 27]LogModuleManager: Shutting down and abandoning module DerivedDataCache (52)
[2015.07.22-19.43.33:918][ 27]LogDerivedDataCache: Shutdown
[2015.07.22-19.43.33:918][ 27]LogModuleManager: Shutting down and abandoning module ShaderFormatOpenGL (51)
[2015.07.22-19.43.33:937][ 27]LogModuleManager: Shutting down and abandoning module ShaderFormatD3D (50)
[2015.07.22-19.43.33:937][ 27]LogModuleManager: Shutting down and abandoning module MetalShaderFormat (49)
[2015.07.22-19.43.33:944][ 27]LogModuleManager: Shutting down and abandoning module TextureFormatUncompressed (48)
[2015.07.22-19.43.33:944][ 27]LogModuleManager: Shutting down and abandoning module TextureFormatPVR (47)
[2015.07.22-19.43.33:959][ 27]LogModuleManager: Shutting down and abandoning module TextureFormatIntelISPCTexComp (46)
[2015.07.22-19.43.33:989][ 27]LogModuleManager: Shutting down and abandoning module TextureFormatDXT (45)
[2015.07.22-19.43.33:989][ 27]LogModuleManager: Shutting down and abandoning module ImageWrapper (44)
[2015.07.22-19.43.33:989][ 27]LogModuleManager: Shutting down and abandoning module TextureFormatASTC (43)
[2015.07.22-19.43.33:989][ 27]LogModuleManager: Shutting down and abandoning module TextureFormatAndroid (42)
[2015.07.22-19.43.33:989][ 27]LogModuleManager: Shutting down and abandoning module AudioFormatOpus (41)
[2015.07.22-19.43.34:015][ 27]LogModuleManager: Shutting down and abandoning module AudioFormatOgg (40)
[2015.07.22-19.43.34:043][ 27]LogModuleManager: Shutting down and abandoning module AudioFormatADPCM (39)
[2015.07.22-19.43.34:043][ 27]LogModuleManager: Shutting down and abandoning module LinuxTargetPlatform (38)
[2015.07.22-19.43.34:043][ 27]LogModuleManager: Shutting down and abandoning module LinuxServerTargetPlatform (37)
[2015.07.22-19.43.34:075][ 27]LogModuleManager: Shutting down and abandoning module LinuxNoEditorTargetPlatform (36)
[2015.07.22-19.43.34:099][ 27]LogModuleManager: Shutting down and abandoning module Messaging (35)
[2015.07.22-19.43.34:099][ 27]LogModuleManager: Shutting down and abandoning module IOSTargetPlatform (34)
[2015.07.22-19.43.34:099][ 27]LogModuleManager: Shutting down and abandoning module HTML5TargetPlatform (33)
[2015.07.22-19.43.34:099][ 27]LogModuleManager: Shutting down and abandoning module Android_PVRTCTargetPlatform (32)
[2015.07.22-19.43.34:099][ 27]LogModuleManager: Shutting down and abandoning module Android_ETC2TargetPlatform (31)
[2015.07.22-19.43.34:099][ 27]LogModuleManager: Shutting down and abandoning module Android_ETC1TargetPlatform (30)
[2015.07.22-19.43.34:099][ 27]LogModuleManager: Shutting down and abandoning module Android_DXTTargetPlatform (29)
[2015.07.22-19.43.34:099][ 27]LogModuleManager: Shutting down and abandoning module Android_ATCTargetPlatform (28)
[2015.07.22-19.43.34:099][ 27]LogModuleManager: Shutting down and abandoning module Android_ASTCTargetPlatform (27)
[2015.07.22-19.43.34:099][ 27]LogModuleManager: Shutting down and abandoning module AndroidTargetPlatform (26)
[2015.07.22-19.43.34:099][ 27]LogModuleManager: Shutting down and abandoning module WindowsTargetPlatform (25)
[2015.07.22-19.43.34:099][ 27]LogModuleManager: Shutting down and abandoning module WindowsServerTargetPlatform (24)
[2015.07.22-19.43.34:099][ 27]LogModuleManager: Shutting down and abandoning module WindowsNoEditorTargetPlatform (23)
[2015.07.22-19.43.34:099][ 27]LogModuleManager: Shutting down and abandoning module WindowsClientTargetPlatform (22)
[2015.07.22-19.43.34:099][ 27]LogModuleManager: Shutting down and abandoning module DesktopTargetPlatform (21)
[2015.07.22-19.43.34:099][ 27]LogModuleManager: Shutting down and abandoning module TargetPlatform (20)
[2015.07.22-19.43.34:099][ 27]LogModuleManager: Shutting down and abandoning module InputCore (19)
[2015.07.22-19.43.34:099][ 27]LogModuleManager: Shutting down and abandoning module Settings (18)
[2015.07.22-19.43.34:099][ 27]LogModuleManager: Shutting down and abandoning module OnlineSubsystem (16)
[2015.07.22-19.43.34:099][ 27]LogModuleManager: Shutting down and abandoning module HTTP (15)
[2015.07.22-19.43.34:100][ 27]LogModuleManager: Shutting down and abandoning module ExampleDeviceProfileSelector (14)
[2015.07.22-19.43.34:100][ 27]LogModuleManager: Shutting down and abandoning module TextureCompressor (13)
[2015.07.22-19.43.34:100][ 27]LogModuleManager: Shutting down and abandoning module ShaderCore (12)
[2015.07.22-19.43.34:100][ 27]LogModuleManager: Shutting down and abandoning module Landscape (11)
[2015.07.22-19.43.34:100][ 27]LogModuleManager: Shutting down and abandoning module SlateRHIRenderer (10)
[2015.07.22-19.43.34:178][ 27]LogModuleManager: Shutting down and abandoning module OpenGLDrv (9)
[2015.07.22-19.43.34:178][ 27]LogModuleManager: Shutting down and abandoning module D3D11RHI (8)
[2015.07.22-19.43.34:179][ 27]LogModuleManager: Shutting down and abandoning module Renderer (7)
[2015.07.22-19.43.34:179][ 27]LogModuleManager: Shutting down and abandoning module Engine (6)
[2015.07.22-19.43.34:179][ 27]LogModuleManager: Shutting down and abandoning module CoreUObject (5)
[2015.07.22-19.43.34:179][ 27]LogModuleManager: Shutting down and abandoning module NetworkFile (4)
[2015.07.22-19.43.34:201][ 27]LogModuleManager: Shutting down and abandoning module StreamingFile (3)
[2015.07.22-19.43.34:223][ 27]LogModuleManager: Shutting down and abandoning module SandboxFile (2)
[2015.07.22-19.43.34:230][ 27]LogModuleManager: Shutting down and abandoning module PakFile (1)
[2015.07.22-19.43.34:248][ 27]LogExit: Exiting.
[2015.07.22-19.43.34:253][ 27]Log file closed, 07/22/15 14:43:34
