[2015.07.23-13.22.44:142][  0]Log file open, 07/23/15 08:22:44
[2015.07.23-13.22.44:142][  0]LogInit:Display: Running engine for game: TheForsakens
[2015.07.23-13.22.44:142][  0]LogInit:Display: RandInit(-219724539) SRandInit(-219724539).
[2015.07.23-13.22.44:142][  0]LogTaskGraph: Started task graph with 4 named threads and 5 total threads.
[2015.07.23-13.22.44:142][  0]LogStats: Stats thread started
[2015.07.23-13.22.44:142][  0]LogInit: Version: 4.8.2-2614606+++depot+UE4-Releases+4.8
[2015.07.23-13.22.44:142][  0]LogInit: API Version: 2579680
[2015.07.23-13.22.44:142][  0]LogInit: Compiled (64-bit): Jul  8 2015 23:43:41
[2015.07.23-13.22.44:142][  0]LogInit: Compiled with Visual C++: 18.00.21005.01
[2015.07.23-13.22.44:142][  0]LogInit: Build Configuration: Development
[2015.07.23-13.22.44:142][  0]LogInit: Branch Name: ++depot+UE4-Releases+4.8
[2015.07.23-13.22.44:142][  0]LogInit: Command line:  
[2015.07.23-13.22.44:142][  0]LogInit: Base directory: C:/Program Files/Epic Games/4.8/Engine/Binaries/Win64/
[2015.07.23-13.22.44:142][  0]LogInit: Rocket: 1
[2015.07.23-13.22.44:364][  0]LogInit: Using libcurl 7.41.0
[2015.07.23-13.22.44:364][  0]LogInit:  - built for x86_64-pc-win32
[2015.07.23-13.22.44:364][  0]LogInit:  - supports SSL with WinSSL
[2015.07.23-13.22.44:364][  0]LogInit:  - other features:
[2015.07.23-13.22.44:364][  0]LogInit:      CURL_VERSION_SSL
[2015.07.23-13.22.44:364][  0]LogInit:      CURL_VERSION_IPV6
[2015.07.23-13.22.44:364][  0]LogInit:      CURL_VERSION_ASYNCHDNS
[2015.07.23-13.22.44:364][  0]LogInit:      CURL_VERSION_LARGEFILE
[2015.07.23-13.22.44:364][  0]LogInit:      CURL_VERSION_IDN
[2015.07.23-13.22.44:365][  0]LogInit:  CurlRequestOptions (configurable via config and command line):
[2015.07.23-13.22.44:365][  0]LogInit:  - bVerifyPeer = true  - Libcurl will verify peer certificate
[2015.07.23-13.22.44:365][  0]LogInit:  - bUseHttpProxy = false  - Libcurl will NOT use HTTP proxy
[2015.07.23-13.22.44:365][  0]LogInit:  - bDontReuseConnections = false  - Libcurl will reuse connections
[2015.07.23-13.22.44:365][  0]LogInit:  - CertBundlePath = nullptr  - Libcurl will use whatever was configured at build time.
[2015.07.23-13.22.44:427][  0]LogOnline:Warning: No default platform service specified for OnlineSubsystem
[2015.07.23-13.22.44:547][  0]LogInit: Presizing for 0 objects not considered by GC, pre-allocating 0 bytes.
[2015.07.23-13.22.44:569][  0]LogInit: Object subsystem initialized
[2015.07.23-13.22.44:578][  0]LogConsoleResponse:Warning: Skipping Unknown console variable: 'TranslucentSortAxis = (X=0.000000,Y=-1.000000,Z=0.000000)'
[2015.07.23-13.22.44:578][  0]LogConsoleResponse:Warning:   Found in ini file 'C:/Users/Christian/Documents/Unreal Projects/TheForsakens 4.8/Saved/Config/Windows/Engine.ini', in section '[/Script/Engine.RendererSettings]'
[2015.07.23-13.22.44:578][  0]LogConsoleResponse:Warning: Skipping Unknown console variable: 'UIScaleRule = ShortestSide'
[2015.07.23-13.22.44:578][  0]LogConsoleResponse:Warning:   Found in ini file 'C:/Users/Christian/Documents/Unreal Projects/TheForsakens 4.8/Saved/Config/Windows/Engine.ini', in section '[/Script/Engine.RendererSettings]'
[2015.07.23-13.22.44:578][  0]LogConsoleResponse:Warning: Skipping Unknown console variable: 'UIScaleCurve = (EditorCurveData=(Keys=),ExternalCurve=None)'
[2015.07.23-13.22.44:578][  0]LogConsoleResponse:Warning:   Found in ini file 'C:/Users/Christian/Documents/Unreal Projects/TheForsakens 4.8/Saved/Config/Windows/Engine.ini', in section '[/Script/Engine.RendererSettings]'
[2015.07.23-13.22.44:625][  0]LogInit: Selected Device Profile: [Windows]
[2015.07.23-13.22.44:625][  0]LogInit: Applying CVar settings loaded from the selected device profile: [Windows]
[2015.07.23-13.22.44:721][  0]LogInit: Computer: CHRISTIANGAMING
[2015.07.23-13.22.44:721][  0]LogInit: User: Christian
[2015.07.23-13.22.44:721][  0]LogInit: CPU Page size=4096, Cores=2
[2015.07.23-13.22.44:721][  0]LogInit: High frequency timer resolution =2.143570 MHz
[2015.07.23-13.22.44:723][  0]LogMemory: Memory total: Physical=3.9GB (4GB approx)
[2015.07.23-13.22.44:734][  0]LogMemory: Platform Memory Stats for Windows
[2015.07.23-13.22.44:734][  0]LogMemory: Process Physical Memory: 48.89 MB used, 48.89 MB peak
[2015.07.23-13.22.44:734][  0]LogMemory: Process Virtual Memory: 21.98 MB used, 21.98 MB peak
[2015.07.23-13.22.44:734][  0]LogMemory: Physical Memory: 2109.68 MB used, 3983.27 MB total
[2015.07.23-13.22.44:734][  0]LogMemory: Virtual Memory: 290.59 MB used, 8388608.00 MB total
[2015.07.23-13.22.45:610][  0]LogTextLocalizationManager: The requested culture ('en_US') has no localization data; parent culture's ('en') localization data will be used.
[2015.07.23-13.22.46:063][  0]LogTextLocalizationManager:Warning: Loaded localization resources contain conflicting entries for (Namespace:ContentBrowser, Key:ImportAssetToolTip):
Localization Resource: (C:/Program Files/Epic Games/4.8/Engine/Content/Localization/Editor/en/Editor.locres) Source String Hash: (-630476809) Localized String: (Import to {0}...)
Localization Resource: (C:/Program Files/Epic Games/4.8/Engine/Content/Localization/Editor/en/Editor.locres) Source String Hash: (1271782899) Localized String: (Imports an asset from file to this folder.)
[2015.07.23-13.22.47:022][  0]LogD3D11RHI: Found D3D11 adapter 0: Intel(R) HD Graphics 3000 (Feature Level 10_0)
[2015.07.23-13.22.47:022][  0]LogD3D11RHI: Adapter has 32MB of dedicated video memory, 0MB of dedicated system memory, and 1632MB of shared system memory, 1 output[s]
[2015.07.23-13.22.47:023][  0]LogD3D11RHI: Found D3D11 adapter 1: Microsoft Basic Render Driver (Feature Level 11_0)
[2015.07.23-13.22.47:023][  0]LogD3D11RHI: Adapter has 0MB of dedicated video memory, 0MB of dedicated system memory, and 256MB of shared system memory, 0 output[s]
[2015.07.23-13.22.47:024][  0]LogD3D11RHI: Chosen D3D11 Adapter Id = 0
[2015.07.23-13.22.47:039][  0]LogD3D11RHI: InitD3DDevice
[2015.07.23-13.22.47:039][  0]LogD3D11RHI: !Direct3DDevice
[2015.07.23-13.22.47:041][  0]LogRHI: Texture pool is 593 MB (70% of 848 MB)
[2015.07.23-13.22.47:043][  0]LogD3D11RHI: Async texture creation enabled
[2015.07.23-13.22.47:155][  0]LogShaderCompilers:Display: Using Local Shader Compiler.
[2015.07.23-13.22.53:309][  0]LogTemp:Display: Loaded TP DesktopTargetPlatform
[2015.07.23-13.22.53:342][  0]LogTemp:Display: Loaded TP WindowsClientTargetPlatform
[2015.07.23-13.22.53:368][  0]LogTemp:Display: Loaded TP WindowsNoEditorTargetPlatform
[2015.07.23-13.22.53:400][  0]LogTemp:Display: Loaded TP WindowsServerTargetPlatform
[2015.07.23-13.22.53:435][  0]LogTemp:Display: Loaded TP WindowsTargetPlatform
[2015.07.23-13.22.53:460][  0]LogTemp:Display: Loaded TP AndroidTargetPlatform
[2015.07.23-13.22.53:498][  0]LogTemp:Display: Loaded TP Android_ASTCTargetPlatform
[2015.07.23-13.22.53:525][  0]LogTemp:Display: Loaded TP Android_ATCTargetPlatform
[2015.07.23-13.22.53:545][  0]LogTemp:Display: Loaded TP Android_DXTTargetPlatform
[2015.07.23-13.22.53:574][  0]LogTemp:Display: Loaded TP Android_ETC1TargetPlatform
[2015.07.23-13.22.53:609][  0]LogTemp:Display: Loaded TP Android_ETC2TargetPlatform
[2015.07.23-13.22.53:640][  0]LogTemp:Display: Loaded TP Android_PVRTCTargetPlatform
[2015.07.23-13.22.53:786][  0]LogTemp:Display: Loaded TP IOSTargetPlatform
[2015.07.23-13.22.53:822][  0]LogTemp:Display: Loaded TP LinuxNoEditorTargetPlatform
[2015.07.23-13.22.53:854][  0]LogTemp:Display: Loaded TP LinuxServerTargetPlatform
[2015.07.23-13.22.53:887][  0]LogTemp:Display: Loaded TP LinuxTargetPlatform
[2015.07.23-13.22.53:887][  0]LogTargetPlatformManager:Display: Building Assets For Windows
[2015.07.23-13.22.54:898][  0]LogDerivedDataCache:Display: Max Cache Size: 512 MB
[2015.07.23-13.22.55:670][  0]LogDerivedDataCache: Loaded boot cache 0.77s 48MB C:/Users/Christian/AppData/Local/UnrealEngine/4.8/DerivedDataCache/Boot.ddc.
[2015.07.23-13.22.55:670][  0]LogDerivedDataCache:Display: Loaded Boot cache: C:/Users/Christian/AppData/Local/UnrealEngine/4.8/DerivedDataCache/Boot.ddc
[2015.07.23-13.22.55:671][  0]LogDerivedDataCache: FDerivedDataBackendGraph:  Pak pak cache file ../../../../../../Users/Christian/Documents/Unreal Projects/TheForsakens 4.8/DerivedDataCache/DDC.ddp not found, will not use a pak cache.
[2015.07.23-13.22.55:671][  0]LogDerivedDataCache: Unable to find inner node Pak for hierarchical cache Hierarchy.
[2015.07.23-13.22.55:671][  0]LogDerivedDataCache: FDerivedDataBackendGraph:  CompressedPak pak cache file ../../../../../../Users/Christian/Documents/Unreal Projects/TheForsakens 4.8/DerivedDataCache/Compressed.ddp not found, will not use a pak cache.
[2015.07.23-13.22.55:671][  0]LogDerivedDataCache: Unable to find inner node CompressedPak for hierarchical cache Hierarchy.
[2015.07.23-13.22.55:995][  0]LogDerivedDataCache:Display: Pak cache opened for reading ../../../Engine/DerivedDataCache/Compressed.ddp.
[2015.07.23-13.22.56:007][  0]LogDerivedDataCache: Using Local data cache path C:/Users/Christian/AppData/Local/UnrealEngine/Common/DerivedDataCache: Writable
[2015.07.23-13.23.04:217][  0]LogInit: Selected Device Profile: [Windows]
[2015.07.23-13.23.04:740][  0]ImportText (ComponentSweepMultiTests): Missing closing parenthesis: (RootShapeAsset="/Engine/BasicShapes/Cube.Cube",ShapeType="TriggerCapsule",HitResult=(Time=0.50,Location=(X=-100.000015,Y=0.0,Z=100.000015),ImpactPoint=(X=-50.0,Y=0.0,Z=50.0),Normal=(X=-1.0,Y=-0.0,Z=0.0),ImpactNormal=(X=0.0,Y=0.0,Z=1.0),TraceStart=(X=-200.0,Y=0.0,Z=200.0),TraceEnd=(X=0.0,Y=0.0,Z=0.0))
[2015.07.23-13.23.04:742][  0]ImportText (LineTraceSingleByChannelTests): Missing closing parenthesis: (RootShapeAsset="/Engine/BasicShapes/Cube.Cube",HitResult=(Time=0.50,Location=(X=-100.000015,Y=0.0,Z=100.000015),ImpactPoint=(X=-50.0,Y=0.0,Z=50.0),Normal=(X=-1.0,Y=-0.0,Z=0.0),ImpactNormal=(X=0.0,Y=0.0,Z=1.0),TraceStart=(X=-200.0,Y=0.0,Z=200.0),TraceEnd=(X=0.0,Y=0.0,Z=0.0))
[2015.07.23-13.23.04:865][  0]LogMeshUtilities: No automatic mesh reduction module available
[2015.07.23-13.23.04:865][  0]LogMeshUtilities: No automatic mesh merging module available
[2015.07.23-13.23.06:450][  0]LogInit: WinSock: version 1.1 (2.2), MaxSocks=32767, MaxUdp=65467
[2015.07.23-13.23.20:144][  0]UdpMessaging: Initializing bridge on interface 0.0.0.0:0 to multicast group 230.0.0.1:6666.
[2015.07.23-13.23.22:394][  0]SourceControl: Info Source control is disabled
[2015.07.23-13.23.22:394][  0]SourceControl: Info Source control is disabled
[2015.07.23-13.23.22:456][  0]SourceControl: Info Source control is disabled
[2015.07.23-13.23.22:523][  0]SourceControl: Info Source control is disabled
[2015.07.23-13.23.23:414][  0]LogObj: 26273 objects as part of root set at end of initial load.
[2015.07.23-13.23.23:414][  0]LogUObjectAllocator: 5409248 out of 0 bytes used by permanent object pool.
[2015.07.23-13.23.23:999][  0]LogEngine: Initializing Engine...
[2015.07.23-13.23.24:020][  0]LogHMD: Can't find Oculus library dev build: is proper Runtime installed? Version: 0.6.0.0
[2015.07.23-13.23.24:091][  0]LogHMD:Warning: SteamVR failed to initialize.  Error: 110
[2015.07.23-13.23.24:796][  0]LogAIModule: Creating AISystem for world NewWorld
[2015.07.23-13.23.24:827][  0]LogInit: XAudio2 using 'Speakers (Realtek High Definition Audio)' : 2 channels at 48 kHz using 32 bits per sample (channel mask 0x3)
[2015.07.23-13.23.24:872][  0]LogInit: FAudioDevice initialized.
[2015.07.23-13.23.24:920][  0]LogDerivedDataCache: Saved boot cache 0.05s 48MB C:/Users/Christian/AppData/Local/UnrealEngine/4.8/DerivedDataCache/Boot.ddc.
[2015.07.23-13.23.24:933][  0]LogInit: Texture streaming: Disabled
[2015.07.23-13.23.24:996][  0]LogAnalytics: Creating configured Analytics provider AnalyticsET
[2015.07.23-13.23.24:996][  0]LogAnalytics: [UEEditor.Rocket.Release] APIServer = http://et2.epicgames.com/ET2/. AppVersion = 4.8.2-2614606+++depot+UE4-Releases+4.8
[2015.07.23-13.23.24:996][  0]LogAnalytics: [UEEditor.Rocket.Release] SetUserId d520111f42444ed2ae17ceb4cce854a2|256081b0662a4905b440382e278adc23|3ae4f12a-3c0a-4aaf-bb63-a78589ca1625
[2015.07.23-13.23.24:996][  0]LogAnalytics: [UEEditor.Rocket.Release] AnalyticsET::StartSession
[2015.07.23-13.23.25:286][  0]LogInit: Transaction tracking system initialized
[2015.07.23-13.23.25:978][  0]BlueprintLog: New page: Editor Load
[2015.07.23-13.23.26:083][  0]LogAssetRegistry: FAssetRegistry took 0.0117 seconds to start up
[2015.07.23-13.23.26:084][  0]LogDirectoryWatcher:Warning: Failed to begin reading directory changes for ../../../Engine/Plugins/Experimental/CharacterAI/Content/. Error: 0
[2015.07.23-13.23.32:029][  0]LogConsoleManager:Warning: Console variable 'r.VSync' wasn't set ('GameSetting' has a lower priority than 'SystemSettingsIni')
[2015.07.23-13.23.32:030][  0]LogConsoleResponse:Display: 
[2015.07.23-13.23.33:965][  0]LogCook:Display: Done creating registry. It took  0.00s.
[2015.07.23-13.23.35:427][  0]SourceControl: Info Source control is disabled
[2015.07.23-13.23.35:428][  0]Cmd: MAP LOAD FILE="../../../Engine/Content/Maps/Templates/Template_Default.umap" TEMPLATE=1 SHOWPROGRESS=1 FEATURELEVEL=2
[2015.07.23-13.23.35:437][  0]LightingResults: New page: Lighting Build
[2015.07.23-13.23.35:479][  0]MapCheck: New page: Map Check
[2015.07.23-13.23.35:479][  0]LightingResults: New page: Lighting Build
[2015.07.23-13.23.35:503][  0]LogParticles: Destroying 0 GPU particle simulations for FXSystem 0x000000486D502160
[2015.07.23-13.23.36:664][  0]LogAIModule: Creating AISystem for world Untitled_1
[2015.07.23-13.23.36:700][  0]LogEditorServer: Finished looking for orphan Actors (0.000 secs)
[2015.07.23-13.23.36:756][  0]Cmd: MAP CHECKDEP NOCLEARLOG
[2015.07.23-13.23.36:807][  0]MapCheck: Info Map check complete: 0 Error(s), 0 Warning(s), took 51.107ms to complete.
[2015.07.23-13.23.36:807][  0]LogFileHelpers: Loading map 'Template_Default' took 1.380
[2015.07.23-13.23.37:074][  0]LogCollectionManager: Loaded 0 collections in 0.005041 seconds
[2015.07.23-13.23.37:123][  0]LogContentBrowser: Native class hierarchy populated in 0.0484 seconds. Added 1792 classes and 301 folders.
[2015.07.23-13.23.37:274][  0]LogContentBrowser: Native class hierarchy updated for 'WidgetCarousel' in 0.0012 seconds. Added 0 classes and 0 folders.
[2015.07.23-13.23.37:523][  0]LogContentBrowser: Native class hierarchy updated for 'AddContentDialog' in 0.0005 seconds. Added 0 classes and 0 folders.
[2015.07.23-13.23.37:577][  0]LogContentBrowser: Native class hierarchy updated for 'SceneOutliner' in 0.0008 seconds. Added 1 classes and 2 folders.
[2015.07.23-13.23.38:448][  0]LogCrashTracker: Crashtracker disabled due to settings.
[2015.07.23-13.23.38:449][  0]LogD3D11RHI: InitD3DDevice
[2015.07.23-13.23.38:455][  0]LogUObjectGlobals:Warning: Failed to find object 'Class None.'
[2015.07.23-13.23.38:479][  0]LogLoad: Full Startup: 60.78 seconds (BP compile: 0.29 seconds)
[2015.07.23-13.23.39:041][  0]LogContentStreaming: Texture pool size is 0.000000MB
[2015.07.23-13.23.39:207][  0]LogContentStreaming: Texture pool size now 700 MB
[2015.07.23-13.23.39:689][  0]LogRenderer: Reallocating scene render targets to support 840x376 (Frame:2).
[2015.07.23-13.23.40:658][  2]LogD3D11RHI: InitD3DDevice
[2015.07.23-13.23.50:024][ 30]LogAssetRegistry: Asset discovery search completed in 23.9530 seconds
[2015.07.23-13.24.03:307][131]LogD3D11RHI: InitD3DDevice
[2015.07.23-13.24.11:279][370]LogD3D11RHI: InitD3DDevice
[2015.07.23-13.24.25:093][370]LogAIModule: Creating AISystem for world Mansion
[2015.07.23-13.24.26:047][370]Cmd: MAP LOAD FILE="../../../../../../Users/Christian/Documents/Unreal Projects/TheForsakens 4.8/Content/Maps/Mansion.umap" TEMPLATE=0 SHOWPROGRESS=1 FEATURELEVEL=2
[2015.07.23-13.24.26:048][370]LightingResults: New page: Lighting Build
[2015.07.23-13.24.26:083][370]LoadErrors: New page: Loading map: Mansion.umap
[2015.07.23-13.24.26:083][370]MapCheck: New page: Map Check
[2015.07.23-13.24.26:083][370]LightingResults: New page: Lighting Build
[2015.07.23-13.24.26:155][370]LogParticles: Destroying 0 GPU particle simulations for FXSystem 0x000000486DA3F560
[2015.07.23-13.24.27:394][370]LogAIModule: Creating AISystem for world Mansion
[2015.07.23-13.24.27:575][370]LogEditorServer: Finished looking for orphan Actors (0.000 secs)
[2015.07.23-13.24.27:919][370]Cmd: MAP CHECKDEP NOCLEARLOG
[2015.07.23-13.24.28:015][370]MapCheck: Info Map check complete: 0 Error(s), 0 Warning(s), took 95.712ms to complete.
[2015.07.23-13.24.28:015][370]LogFileHelpers: Loading map 'Mansion' took 1.970
[2015.07.23-13.25.00:634][201]LogPlayLevel: PIE:  No blueprints needed recompiling
[2015.07.23-13.25.00:805][201]PIE: New page: PIE session: Mansion (Jul 23, 2015, 3:25:00 AM)
[2015.07.23-13.25.00:806][201]LogPlayLevel: Creating play world package: /Game/Maps/UEDPIE_0_Mansion
[2015.07.23-13.25.00:970][201]LogPlayLevel: PIE: StaticDuplicateObject took: (0.163537s)
[2015.07.23-13.25.00:971][201]LogAIModule: Creating AISystem for world Mansion
[2015.07.23-13.25.00:972][201]LogPlayLevel: PIE: World Init took: (0.002318s)
[2015.07.23-13.25.00:972][201]LogPlayLevel: PIE: Created PIE world by copying editor world from /Game/Maps/Mansion.Mansion to /Game/Maps/UEDPIE_0_Mansion.Mansion (0.166393s)
[2015.07.23-13.25.00:990][201]LogActorComponent: UnregisterComponent: (/Engine/Transient.CharMoveComp) Not registered. Aborting.
[2015.07.23-13.25.01:068][201]LogInit: XAudio2 using 'Speakers (Realtek High Definition Audio)' : 2 channels at 48 kHz using 32 bits per sample (channel mask 0x3)
[2015.07.23-13.25.01:076][201]LogInit: FAudioDevice initialized.
[2015.07.23-13.25.01:124][201]LogD3D11RHI: InitD3DDevice
[2015.07.23-13.25.01:229][201]LogWorld: Game class is 'MyGame_C'
[2015.07.23-13.25.01:324][201]LogWorld: Bringing World /Game/Maps/UEDPIE_0_Mansion.Mansion up for play (max tick rate 60) at 2015.07.23-08.25.01
[2015.07.23-13.25.01:324][201]LogActor:Warning: GameSession /Game/Maps/UEDPIE_0_Mansion.Mansion:PersistentLevel.GameSession_0 has natively added scene component(s), but none of them were set as the actor's RootComponent - picking one arbitrarily
[2015.07.23-13.25.01:325][201]LogActor:Warning: GameNetworkManager /Game/Maps/UEDPIE_0_Mansion.Mansion:PersistentLevel.GameNetworkManager_0 has natively added scene component(s), but none of them were set as the actor's RootComponent - picking one arbitrarily
[2015.07.23-13.25.01:335][201]LogWorld: Bringing up level for play took: 0.094210
[2015.07.23-13.25.01:420][201]PIE: Info Play in editor start time for /Game/Maps/UEDPIE_0_Mansion 1.37
[2015.07.23-13.25.01:464][201]LogRenderer: Reallocating scene render targets to support 1296x728 (Frame:1152).
[2015.07.23-13.25.08:837][300]LogArray:Warning: Attempted to get an item from array CallFunc_GetDataTableRowNames_OutRowNames out of bounds [5/4]!
[2015.07.23-13.25.08:837][300]LogArray:Warning: Attempted to get an item from array CallFunc_GetDataTableRowNames_OutRowNames out of bounds [6/4]!
[2015.07.23-13.25.46:205][781]LogArray:Warning: Attempted to get an item from array CallFunc_GetDataTableRowNames_OutRowNames out of bounds [5/4]!
[2015.07.23-13.25.46:205][781]LogArray:Warning: Attempted to get an item from array CallFunc_GetDataTableRowNames_OutRowNames out of bounds [6/4]!
[2015.07.23-13.26.03:294][  6]LogArray:Warning: Attempted to get an item from array CallFunc_GetDataTableRowNames_OutRowNames out of bounds [5/4]!
[2015.07.23-13.26.03:295][  6]LogArray:Warning: Attempted to get an item from array CallFunc_GetDataTableRowNames_OutRowNames out of bounds [6/4]!
[2015.07.23-13.26.14:900][158]LogBlueprintUserMessages: No ammo, CLICK!
[2015.07.23-13.26.16:869][183]LogArray:Warning: Attempted to get an item from array CallFunc_GetDataTableRowNames_OutRowNames out of bounds [5/4]!
[2015.07.23-13.26.16:869][183]LogArray:Warning: Attempted to get an item from array CallFunc_GetDataTableRowNames_OutRowNames out of bounds [6/4]!
[2015.07.23-13.26.17:367][189]LogArray:Warning: Attempted to get an item from array CallFunc_GetDataTableRowNames_OutRowNames out of bounds [5/4]!
[2015.07.23-13.26.17:367][189]LogArray:Warning: Attempted to get an item from array CallFunc_GetDataTableRowNames_OutRowNames out of bounds [6/4]!
[2015.07.23-13.26.17:869][195]LogArray:Warning: Attempted to get an item from array CallFunc_GetDataTableRowNames_OutRowNames out of bounds [5/4]!
[2015.07.23-13.26.17:869][195]LogArray:Warning: Attempted to get an item from array CallFunc_GetDataTableRowNames_OutRowNames out of bounds [6/4]!
[2015.07.23-13.26.18:485][202]LogArray:Warning: Attempted to get an item from array CallFunc_GetDataTableRowNames_OutRowNames out of bounds [5/4]!
[2015.07.23-13.26.18:485][202]LogArray:Warning: Attempted to get an item from array CallFunc_GetDataTableRowNames_OutRowNames out of bounds [6/4]!
[2015.07.23-13.26.24:864][293]LogParticles: Destroying 0 GPU particle simulations for FXSystem 0x000000480642FE20
[2015.07.23-13.26.39:287][627]LogEditorViewport: Clicking on Actor (LMB): StaticMeshActor (Wall_500x533)
[2015.07.23-13.26.40:911][650]Cmd: DELETE
[2015.07.23-13.26.40:911][650]Cmd: ACTOR DELETE
[2015.07.23-13.26.41:293][650]LogEditorActor: Deleted Actor: StaticMeshActor
[2015.07.23-13.26.41:410][650]LogEditorActor: Deleted 1 Actors (0.221 secs)
[2015.07.23-13.26.47:125][786]LogD3D11RHI: InitD3DDevice
[2015.07.23-13.26.51:326][862]LogD3D11RHI: InitD3DDevice
[2015.07.23-13.26.51:837][885]LogActorFactory: Actor Factory created Wall_Door_400x400
[2015.07.23-13.27.00:299][103]LogActorFactory: Actor Factory created Wall_Door_400x400
[2015.07.23-13.27.21:204][627]LogEditorViewport: Clicking on Actor (LMB): StaticMeshActor (Wall_500x525)
[2015.07.23-13.27.22:284][653]LogEditorViewport: Clicking on Actor (CTRL LMB): StaticMeshActor (Wall_500x524)
[2015.07.23-13.27.24:400][697]LogEditorViewport: Clicking on Actor (CTRL LMB): StaticMeshActor (Wall_500x523)
[2015.07.23-13.27.25:015][709]LogEditorViewport: Clicking on Actor (CTRL LMB): StaticMeshActor (Wall_500x522)
[2015.07.23-13.27.59:927][513]LogEditorViewport: Clicking on Actor (LMB): StaticMeshActor (Wall_Door_400x400)
[2015.07.23-13.28.26:035][160]LogActorComponent: UnregisterComponent: (/Engine/Transient.CharMoveComp) Not registered. Aborting.
[2015.07.23-13.28.26:174][160]LogD3D11RHI: InitD3DDevice
[2015.07.23-13.28.38:792][390]LogD3D11RHI: InitD3DDevice
[2015.07.23-13.28.39:812][443]LogActorFactory: Actor Factory created Wall_400x200
[2015.07.23-13.28.42:734][542]LogActorFactory: Actor Factory created Wall_400x200
[2015.07.23-13.28.44:391][597]LogActorFactory: Actor Factory created Wall_400x200
[2015.07.23-13.28.44:978][611]LogActorFactory: Actor Factory created Wall_400x200
[2015.07.23-13.29.12:426][318]LogEditorViewport: Clicking on Actor (context menu): StaticMeshActor (Wall_500x525)
[2015.07.23-13.29.12:620][318]LogD3D11RHI: InitD3DDevice
[2015.07.23-13.29.14:156][387]LogEditorViewport: Clicking on Actor (LMB): StaticMeshActor (Wall_500x532)
[2015.07.23-13.29.25:531][665]LogD3D11RHI: InitD3DDevice
[2015.07.23-13.29.26:370][706]MapCheck: New page: Map Check
[2015.07.23-13.29.26:422][706]LogD3D11RHI: InitD3DDevice
[2015.07.23-13.29.26:443][706]Cmd: MAP REBUILD ALLVISIBLE
[2015.07.23-13.29.26:450][706]LogEditorServer: Rebuildmap Clear paths rebuilt
[2015.07.23-13.29.32:028][706]LightingResults: New page: Lighting Build - Jul 23, 2015, 3:29:32 AM
[2015.07.23-13.29.55:244][706]LogStaticLightingSystem:Warning: No importance volume found, so the scene bounding box was used.  You can optimize your scene's quality and lighting build times by adding importance volumes.
[2015.07.23-13.29.55:263][706]LogStaticLightingSystem: Running Lightmass w/ ImmediateImport mode ENABLED
[2015.07.23-13.29.55:263][706]LogStaticLightingSystem: Running Lightmass w/ ImmediateProcess mode ENABLED
[2015.07.23-13.29.55:263][706]LogStaticLightingSystem: Running Lightmass w/ Sorting mode ENABLED
[2015.07.23-13.29.55:263][706]LogStaticLightingSystem: Running Lightmass w/ Mapping paddings ENABLED
[2015.07.23-13.29.55:263][706]LogStaticLightingSystem: Running Lightmass w/ Mapping debug paddings DISABLED
[2015.07.23-13.29.57:001][706]LogD3D11RHI: InitD3DDevice
[2015.07.23-13.29.57:036][706]LogEditorBuildUtils: Build time 0:00:30
[2015.07.23-13.29.57:929][716]LogActorComponent: UnregisterComponent: (/Engine/Transient.CharMoveComp) Not registered. Aborting.
[2015.07.23-13.30.54:676][912]LightingResults:Error: Error <None> Object has overlapping UVs.
[2015.07.23-13.30.54:676][912]LightingResults: Info <None> Lightmap UV are overlapping by 5.2%. Please adjust content - Enable Error Coloring to visualize.
[2015.07.23-13.31.03:378][938]Job is a success!
[2015.07.23-13.31.03:713][939]LogD3D11RHI: InitD3DDevice
[2015.07.23-13.31.03:765][939]LogD3D11RHI: InitD3DDevice
[2015.07.23-13.31.05:412][939]LightingResults:Error: Error PointLight6 Severe performance loss: Failed to allocate shadowmap channel for stationary light due to overlap - light will fall back to dynamic shadows!
[2015.07.23-13.31.05:415][939]LightingResults:Error: Error PointLight8 Severe performance loss: Failed to allocate shadowmap channel for stationary light due to overlap - light will fall back to dynamic shadows!
[2015.07.23-13.31.05:422][939]LightingResults:Error: Error PointLight4 Severe performance loss: Failed to allocate shadowmap channel for stationary light due to overlap - light will fall back to dynamic shadows!
[2015.07.23-13.31.05:425][939]LightingResults:Error: Error PointLight18 Severe performance loss: Failed to allocate shadowmap channel for stationary light due to overlap - light will fall back to dynamic shadows!
[2015.07.23-13.31.05:430][939]LightingResults:Error: Error PointLight17 Severe performance loss: Failed to allocate shadowmap channel for stationary light due to overlap - light will fall back to dynamic shadows!
[2015.07.23-13.31.05:436][939]LightingResults:Error: Error PointLight2_2 Severe performance loss: Failed to allocate shadowmap channel for stationary light due to overlap - light will fall back to dynamic shadows!
[2015.07.23-13.31.06:498][939]LogTexture:Display: Building textures: HQ_Lightmap0_1 (AutoDXT)
[2015.07.23-13.31.08:046][939]LogTexture:Display: Building textures: LQ_Lightmap_1_13 (DXT1)
[2015.07.23-13.31.08:100][939]LogTexture:Display: Building textures: HQ_Lightmap1_13 (AutoDXT)
[2015.07.23-13.31.08:195][939]LogTexture:Display: Building textures: LQ_Lightmap_1_12 (DXT1)
[2015.07.23-13.31.08:326][939]LogTexture:Display: Building textures: HQ_Lightmap1_12 (AutoDXT)
[2015.07.23-13.31.08:540][939]LogTexture:Display: Building textures: LQ_Lightmap_1_11 (DXT1)
[2015.07.23-13.31.08:711][939]LogTexture:Display: Building textures: HQ_Lightmap1_11 (AutoDXT)
[2015.07.23-13.31.09:040][939]LogTexture:Display: Building textures: LQ_Lightmap_1_10 (DXT1)
[2015.07.23-13.31.09:152][939]LogTexture:Display: Building textures: HQ_Lightmap1_10 (AutoDXT)
[2015.07.23-13.31.09:457][939]LogTexture:Display: Building textures: LQ_Lightmap_0_9 (DXT1)
[2015.07.23-13.31.09:489][939]LogTexture:Display: Building textures: HQ_Lightmap0_9 (AutoDXT)
[2015.07.23-13.31.09:579][939]LogTexture:Display: Building textures: LQ_Lightmap_0_8 (DXT1)
[2015.07.23-13.31.09:963][939]LogTexture:Display: Building textures: HQ_Lightmap0_8 (AutoDXT)
[2015.07.23-13.31.10:972][939]LogTexture:Display: Building textures: LQ_Lightmap_0_7 (DXT1)
[2015.07.23-13.31.11:248][939]LogTexture:Display: Building textures: HQ_Lightmap0_7 (AutoDXT)
[2015.07.23-13.31.11:755][939]LogTexture:Display: Building textures: LQ_Lightmap_0_6 (DXT1)
[2015.07.23-13.31.11:920][939]LogTexture:Display: Building textures: HQ_Lightmap0_6 (AutoDXT)
[2015.07.23-13.31.12:270][939]LogTexture:Display: Building textures: LQ_Lightmap_0_5 (DXT1)
[2015.07.23-13.31.12:460][939]LogTexture:Display: Building textures: HQ_Lightmap0_5 (AutoDXT)
[2015.07.23-13.31.12:825][939]LogTexture:Display: Building textures: LQ_Lightmap_0_4 (DXT1)
[2015.07.23-13.31.13:724][939]LogTexture:Display: Building textures: HQ_Lightmap0_4 (AutoDXT)
[2015.07.23-13.31.15:175][939]LogTexture:Display: Building textures: LQ_Lightmap_0_3 (DXT1)
[2015.07.23-13.31.15:335][939]LogTexture:Display: Building textures: HQ_Lightmap0_3 (AutoDXT)
[2015.07.23-13.31.15:618][939]LogTexture:Display: Building textures: LQ_Lightmap_1_2 (DXT1)
[2015.07.23-13.31.16:002][939]LogTexture:Display: Building textures: HQ_Lightmap1_2 (AutoDXT)
[2015.07.23-13.31.16:737][939]LogTexture:Display: Building textures: LQ_Lightmap_0_1 (DXT1)
[2015.07.23-13.31.17:562][939]LogTexture:Display: Building textures: ShadowMapTexture2D_0 (BGRA8)
[2015.07.23-13.31.17:696][939]LogTexture:Display: Building textures: ShadowMapTexture2D_12 (BGRA8)
[2015.07.23-13.31.17:941][939]LogTexture:Display: Building textures: ShadowMapTexture2D_13 (BGRA8)
[2015.07.23-13.31.18:256][939]LogTexture:Display: Building textures: ShadowMapTexture2D_14 (BGRA8)
[2015.07.23-13.31.18:429][939]LogTexture:Display: Building textures: ShadowMapTexture2D_15 (BGRA8)
[2015.07.23-13.31.18:652][939]LogTexture:Display: Building textures: ShadowMapTexture2D_16 (BGRA8)
[2015.07.23-13.31.18:922][939]LogTexture:Display: Building textures: ShadowMapTexture2D_17 (BGRA8)
[2015.07.23-13.31.19:394][939]LogTexture:Display: Building textures: ShadowMapTexture2D_18 (BGRA8)
[2015.07.23-13.31.19:626][939]LogTexture:Display: Building textures: ShadowMapTexture2D_19 (BGRA8)
[2015.07.23-13.31.19:902][939]LogTexture:Display: Building textures: ShadowMapTexture2D_20 (BGRA8)
[2015.07.23-13.31.19:971][939]LogTexture:Display: Building textures: ShadowMapTexture2D_21 (BGRA8)
[2015.07.23-13.31.19:987][939]LogTexture:Display: Building textures: ShadowMapTexture2D_22 (BGRA8)
[2015.07.23-13.31.20:848][939]Lightmass on CHRISTIANGAMING: 1:18 min total, 622 ms importing, 54 ms setup, 3.63 sec photons, 1:13 min processing, 0 ms extra exporting [964/964 mappings]. Threads: 4:55 min total, 2:47 min processing.
[2015.07.23-13.31.20:848][939]LogD3D11RHI: InitD3DDevice
[2015.07.23-13.31.22:352][939]LogStaticLightingSystem: Illumination: 1:49 min (14.5 sec encoding lightmaps)
[2015.07.23-13.31.22:352][939]LogStaticLightingSystem: Lightmap texture memory:  8.8 MB (7.5 MB streaming, 1.3 MB non-streaming), 26 textures
[2015.07.23-13.31.22:352][939]LogStaticLightingSystem: Shadowmap texture memory: 20.5 MB (17.8 MB streaming, 2.7 MB non-streaming), 12 textures
[2015.07.23-13.31.29:320][940]Cmd: MAP CHECK NOTIFYRESULTS
[2015.07.23-13.31.29:320][940]MapCheck: New page: Mansion - Jul 23, 2015, 3:31:29 AM
[2015.07.23-13.31.29:436][940]MapCheck:Error: Error Element_4 Component is a static type but has invalid lightmap settings!  Indirect lighting will be black.  Common causes are lightmap resolution of 0, LightmapCoordinateIndex out of bounds. 
[2015.07.23-13.31.29:447][940]MapCheck:Warning: Warning Element_4 Static mesh actor has NULL StaticMesh property 
[2015.07.23-13.31.29:447][940]MapCheck:Warning: Warning Element_4 Static mesh actor has NULL StaticMesh property 
[2015.07.23-13.31.29:447][940]MapCheck:Error: Error Element5 Component is a static type but has invalid lightmap settings!  Indirect lighting will be black.  Common causes are lightmap resolution of 0, LightmapCoordinateIndex out of bounds. 
[2015.07.23-13.31.29:447][940]MapCheck:Warning: Warning Element5 Static mesh actor has NULL StaticMesh property 
[2015.07.23-13.31.29:447][940]MapCheck:Warning: Warning Element5 Static mesh actor has NULL StaticMesh property 
[2015.07.23-13.31.29:448][940]MapCheck:Error: Error Element4 Component is a static type but has invalid lightmap settings!  Indirect lighting will be black.  Common causes are lightmap resolution of 0, LightmapCoordinateIndex out of bounds. 
[2015.07.23-13.31.29:448][940]MapCheck:Warning: Warning Element4 Static mesh actor has NULL StaticMesh property 
[2015.07.23-13.31.29:448][940]MapCheck:Warning: Warning Element4 Static mesh actor has NULL StaticMesh property 
[2015.07.23-13.31.29:448][940]MapCheck:Error: Error Element3 Component is a static type but has invalid lightmap settings!  Indirect lighting will be black.  Common causes are lightmap resolution of 0, LightmapCoordinateIndex out of bounds. 
[2015.07.23-13.31.29:448][940]MapCheck:Warning: Warning Element3 Static mesh actor has NULL StaticMesh property 
[2015.07.23-13.31.29:448][940]MapCheck:Warning: Warning Element3 Static mesh actor has NULL StaticMesh property 
[2015.07.23-13.31.29:448][940]MapCheck:Error: Error Element2_7 Component is a static type but has invalid lightmap settings!  Indirect lighting will be black.  Common causes are lightmap resolution of 0, LightmapCoordinateIndex out of bounds. 
[2015.07.23-13.31.29:448][940]MapCheck:Warning: Warning Element2_7 Static mesh actor has NULL StaticMesh property 
[2015.07.23-13.31.29:448][940]MapCheck:Warning: Warning Element2_7 Static mesh actor has NULL StaticMesh property 
[2015.07.23-13.31.29:574][940]MapCheck: Info Map check complete: 5 Error(s), 10 Warning(s), took 254.075ms to complete.
[2015.07.23-13.31.29:576][940]LogD3D11RHI: InitD3DDevice
[2015.07.23-13.33.01:554][423]LogPlayLevel: PIE:  No blueprints needed recompiling
[2015.07.23-13.33.01:554][423]PIE: New page: PIE session: Mansion (Jul 23, 2015, 3:33:01 AM)
[2015.07.23-13.33.01:554][423]LogPlayLevel: Creating play world package: /Game/Maps/UEDPIE_0_Mansion
[2015.07.23-13.33.01:686][423]LogPlayLevel: PIE: StaticDuplicateObject took: (0.131779s)
[2015.07.23-13.33.01:688][423]LogAIModule: Creating AISystem for world Mansion
[2015.07.23-13.33.01:689][423]LogPlayLevel: PIE: World Init took: (0.002665s)
[2015.07.23-13.33.01:689][423]LogPlayLevel: PIE: Created PIE world by copying editor world from /Game/Maps/Mansion.Mansion to /Game/Maps/UEDPIE_0_Mansion.Mansion (0.134946s)
[2015.07.23-13.33.01:784][423]LogInit: XAudio2 using 'Speakers (Realtek High Definition Audio)' : 2 channels at 48 kHz using 32 bits per sample (channel mask 0x3)
[2015.07.23-13.33.01:792][423]LogInit: FAudioDevice initialized.
[2015.07.23-13.33.01:795][423]LogD3D11RHI: InitD3DDevice
[2015.07.23-13.33.01:836][423]LogWorld: Game class is 'MyGame_C'
[2015.07.23-13.33.01:921][423]LogWorld: Bringing World /Game/Maps/UEDPIE_0_Mansion.Mansion up for play (max tick rate 60) at 2015.07.23-08.33.01
[2015.07.23-13.33.01:921][423]LogActor:Warning: GameSession /Game/Maps/UEDPIE_0_Mansion.Mansion:PersistentLevel.GameSession_1 has natively added scene component(s), but none of them were set as the actor's RootComponent - picking one arbitrarily
[2015.07.23-13.33.01:922][423]LogActor:Warning: GameNetworkManager /Game/Maps/UEDPIE_0_Mansion.Mansion:PersistentLevel.GameNetworkManager_1 has natively added scene component(s), but none of them were set as the actor's RootComponent - picking one arbitrarily
[2015.07.23-13.33.01:930][423]LogWorld: Bringing up level for play took: 0.092017
[2015.07.23-13.33.01:996][423]PIE: Info Play in editor start time for /Game/Maps/UEDPIE_0_Mansion -0.054
[2015.07.23-13.33.05:225][463]LogArray:Warning: Attempted to get an item from array CallFunc_GetDataTableRowNames_OutRowNames out of bounds [5/4]!
[2015.07.23-13.33.05:225][463]LogArray:Warning: Attempted to get an item from array CallFunc_GetDataTableRowNames_OutRowNames out of bounds [6/4]!
[2015.07.23-13.33.22:562][686]LogArray:Warning: Attempted to get an item from array CallFunc_GetDataTableRowNames_OutRowNames out of bounds [5/4]!
[2015.07.23-13.33.22:562][686]LogArray:Warning: Attempted to get an item from array CallFunc_GetDataTableRowNames_OutRowNames out of bounds [6/4]!
[2015.07.23-13.33.23:126][692]LogArray:Warning: Attempted to get an item from array CallFunc_GetDataTableRowNames_OutRowNames out of bounds [5/4]!
[2015.07.23-13.33.23:126][692]LogArray:Warning: Attempted to get an item from array CallFunc_GetDataTableRowNames_OutRowNames out of bounds [6/4]!
[2015.07.23-13.33.24:291][705]LogArray:Warning: Attempted to get an item from array CallFunc_GetDataTableRowNames_OutRowNames out of bounds [5/4]!
[2015.07.23-13.33.24:291][705]LogArray:Warning: Attempted to get an item from array CallFunc_GetDataTableRowNames_OutRowNames out of bounds [6/4]!
[2015.07.23-13.33.50:793][123]LogArray:Warning: Attempted to get an item from array CallFunc_GetDataTableRowNames_OutRowNames out of bounds [5/4]!
[2015.07.23-13.33.50:793][123]LogArray:Warning: Attempted to get an item from array CallFunc_GetDataTableRowNames_OutRowNames out of bounds [6/4]!
[2015.07.23-13.33.59:448][278]LogParticles: Destroying 0 GPU particle simulations for FXSystem 0x0000004803B094E0
[2015.07.23-13.34.53:447][550]LogEditorViewport: Clicking on Actor (LMB): StaticMeshActor (Floor62)
[2015.07.23-13.37.41:165][391]LogEditorViewport: Clicking on Actor (LMB): StaticMeshActor (Floor85)
[2015.07.23-13.37.43:622][450]LogEditorViewport: Clicking on Actor (LMB): StaticMeshActor (Floor86)
[2015.07.23-13.38.04:019][917]LogD3D11RHI: InitD3DDevice
[2015.07.23-13.38.04:819][955]MapCheck: New page: Map Check
[2015.07.23-13.38.04:829][955]LogD3D11RHI: InitD3DDevice
[2015.07.23-13.38.04:843][955]Cmd: MAP REBUILD ALLVISIBLE
[2015.07.23-13.38.04:854][955]LogEditorServer: Rebuildmap Clear paths rebuilt
[2015.07.23-13.38.08:977][955]LightingResults: New page: Lighting Build - Jul 23, 2015, 3:38:08 AM
[2015.07.23-13.38.13:684][955]LogStaticLightingSystem:Warning: No importance volume found, so the scene bounding box was used.  You can optimize your scene's quality and lighting build times by adding importance volumes.
[2015.07.23-13.38.13:692][955]LogStaticLightingSystem: Running Lightmass w/ ImmediateImport mode ENABLED
[2015.07.23-13.38.13:692][955]LogStaticLightingSystem: Running Lightmass w/ ImmediateProcess mode ENABLED
[2015.07.23-13.38.13:692][955]LogStaticLightingSystem: Running Lightmass w/ Sorting mode ENABLED
[2015.07.23-13.38.13:692][955]LogStaticLightingSystem: Running Lightmass w/ Mapping paddings ENABLED
[2015.07.23-13.38.13:692][955]LogStaticLightingSystem: Running Lightmass w/ Mapping debug paddings DISABLED
[2015.07.23-13.38.13:943][955]LogD3D11RHI: InitD3DDevice
[2015.07.23-13.38.13:967][955]LogEditorBuildUtils: Build time 0:00:09
[2015.07.23-13.40.08:325][360]LightingResults:Error: Error <None> Object has overlapping UVs.
[2015.07.23-13.40.08:325][360]LightingResults: Info <None> Lightmap UV are overlapping by 5.2%. Please adjust content - Enable Error Coloring to visualize.
[2015.07.23-13.40.12:662][373]Job is a success!
[2015.07.23-13.40.12:997][374]LogD3D11RHI: InitD3DDevice
[2015.07.23-13.40.13:001][374]LogD3D11RHI: InitD3DDevice
[2015.07.23-13.40.14:027][374]LightingResults:Error: Error PointLight6 Severe performance loss: Failed to allocate shadowmap channel for stationary light due to overlap - light will fall back to dynamic shadows!
[2015.07.23-13.40.14:031][374]LightingResults:Error: Error PointLight8 Severe performance loss: Failed to allocate shadowmap channel for stationary light due to overlap - light will fall back to dynamic shadows!
[2015.07.23-13.40.14:037][374]LightingResults:Error: Error PointLight4 Severe performance loss: Failed to allocate shadowmap channel for stationary light due to overlap - light will fall back to dynamic shadows!
[2015.07.23-13.40.14:042][374]LightingResults:Error: Error PointLight18 Severe performance loss: Failed to allocate shadowmap channel for stationary light due to overlap - light will fall back to dynamic shadows!
[2015.07.23-13.40.14:047][374]LightingResults:Error: Error PointLight17 Severe performance loss: Failed to allocate shadowmap channel for stationary light due to overlap - light will fall back to dynamic shadows!
[2015.07.23-13.40.14:053][374]LightingResults:Error: Error PointLight2_2 Severe performance loss: Failed to allocate shadowmap channel for stationary light due to overlap - light will fall back to dynamic shadows!
[2015.07.23-13.40.14:967][374]LogTexture:Display: Building textures: HQ_Lightmap0_1 (AutoDXT)
[2015.07.23-13.40.16:217][374]LogTexture:Display: Building textures: LQ_Lightmap_0_11 (DXT1)
[2015.07.23-13.40.16:342][374]LogTexture:Display: Building textures: HQ_Lightmap0_11 (AutoDXT)
[2015.07.23-13.40.16:588][374]LogTexture:Display: Building textures: LQ_Lightmap_0_10 (DXT1)
[2015.07.23-13.40.16:997][374]LogTexture:Display: Building textures: HQ_Lightmap0_10 (AutoDXT)
[2015.07.23-13.40.17:701][374]LogTexture:Display: Building textures: LQ_Lightmap_1_9 (DXT1)
[2015.07.23-13.40.17:790][374]LogTexture:Display: Building textures: HQ_Lightmap1_9 (AutoDXT)
[2015.07.23-13.40.17:908][374]LogTexture:Display: Building textures: LQ_Lightmap_1_8 (DXT1)
[2015.07.23-13.40.18:029][374]LogTexture:Display: Building textures: HQ_Lightmap1_8 (AutoDXT)
[2015.07.23-13.40.18:293][374]LogTexture:Display: Building textures: LQ_Lightmap_1_7 (DXT1)
[2015.07.23-13.40.18:538][374]LogTexture:Display: Building textures: HQ_Lightmap1_7 (AutoDXT)
[2015.07.23-13.40.19:028][374]LogTexture:Display: Building textures: LQ_Lightmap_1_6 (DXT1)
[2015.07.23-13.40.19:424][374]LogTexture:Display: Building textures: HQ_Lightmap1_6 (AutoDXT)
[2015.07.23-13.40.20:318][374]LogTexture:Display: Building textures: LQ_Lightmap_1_5 (DXT1)
[2015.07.23-13.40.20:502][374]LogTexture:Display: Building textures: HQ_Lightmap1_5 (AutoDXT)
[2015.07.23-13.40.20:848][374]LogTexture:Display: Building textures: LQ_Lightmap_1_4 (DXT1)
[2015.07.23-13.40.20:989][374]LogTexture:Display: Building textures: HQ_Lightmap1_4 (AutoDXT)
[2015.07.23-13.40.21:242][374]LogTexture:Display: Building textures: LQ_Lightmap_1_3 (DXT1)
[2015.07.23-13.40.21:862][374]LogTexture:Display: Building textures: HQ_Lightmap1_3 (AutoDXT)
[2015.07.23-13.40.23:236][374]LogTexture:Display: Building textures: LQ_Lightmap_0_2 (DXT1)
[2015.07.23-13.40.23:631][374]LogTexture:Display: Building textures: HQ_Lightmap0_2 (AutoDXT)
[2015.07.23-13.40.24:365][374]LogTexture:Display: Building textures: LQ_Lightmap_0_1 (DXT1)
[2015.07.23-13.40.25:027][374]LogTexture:Display: Building textures: ShadowMapTexture2D_23 (BGRA8)
[2015.07.23-13.40.25:297][374]LogTexture:Display: Building textures: ShadowMapTexture2D_24 (BGRA8)
[2015.07.23-13.40.25:559][374]LogTexture:Display: Building textures: ShadowMapTexture2D_25 (BGRA8)
[2015.07.23-13.40.25:669][374]LogTexture:Display: Building textures: ShadowMapTexture2D_26 (BGRA8)
[2015.07.23-13.40.25:727][374]LogTexture:Display: Building textures: ShadowMapTexture2D_27 (BGRA8)
[2015.07.23-13.40.25:996][374]LogTexture:Display: Building textures: ShadowMapTexture2D_28 (BGRA8)
[2015.07.23-13.40.26:164][374]LogTexture:Display: Building textures: ShadowMapTexture2D_29 (BGRA8)
[2015.07.23-13.40.26:231][374]LogTexture:Display: Building textures: ShadowMapTexture2D_30 (BGRA8)
[2015.07.23-13.40.26:312][374]LogTexture:Display: Building textures: ShadowMapTexture2D_31 (BGRA8)
[2015.07.23-13.40.26:539][374]LogTexture:Display: Building textures: ShadowMapTexture2D_32 (BGRA8)
[2015.07.23-13.40.26:695][374]LogTexture:Display: Building textures: ShadowMapTexture2D_33 (BGRA8)
[2015.07.23-13.40.26:733][374]LogD3D11RHI: InitD3DDevice
[2015.07.23-13.40.26:756][374]Lightmass on CHRISTIANGAMING: 2:11 min total, 401 ms importing, 71 ms setup, 11.7 sec photons, 1:59 min processing, 0 ms extra exporting [973/973 mappings]. Threads: 7:56 min total, 5:09 min processing.
[2015.07.23-13.40.27:955][374]LogStaticLightingSystem: Illumination: 2:18 min (12.6 sec encoding lightmaps)
[2015.07.23-13.40.27:955][374]LogStaticLightingSystem: Lightmap texture memory:  9.4 MB (8.1 MB streaming, 1.3 MB non-streaming), 22 textures
[2015.07.23-13.40.27:955][374]LogStaticLightingSystem: Shadowmap texture memory: 37.3 MB (32.0 MB streaming, 5.3 MB non-streaming), 23 textures
[2015.07.23-13.40.32:796][375]Cmd: MAP CHECK NOTIFYRESULTS
[2015.07.23-13.40.32:797][375]MapCheck: New page: Mansion - Jul 23, 2015, 3:40:32 AM
[2015.07.23-13.40.32:821][375]MapCheck:Error: Error Element_4 Component is a static type but has invalid lightmap settings!  Indirect lighting will be black.  Common causes are lightmap resolution of 0, LightmapCoordinateIndex out of bounds. 
[2015.07.23-13.40.32:821][375]MapCheck:Warning: Warning Element_4 Static mesh actor has NULL StaticMesh property 
[2015.07.23-13.40.32:821][375]MapCheck:Warning: Warning Element_4 Static mesh actor has NULL StaticMesh property 
[2015.07.23-13.40.32:821][375]MapCheck:Error: Error Element5 Component is a static type but has invalid lightmap settings!  Indirect lighting will be black.  Common causes are lightmap resolution of 0, LightmapCoordinateIndex out of bounds. 
[2015.07.23-13.40.32:821][375]MapCheck:Warning: Warning Element5 Static mesh actor has NULL StaticMesh property 
[2015.07.23-13.40.32:821][375]MapCheck:Warning: Warning Element5 Static mesh actor has NULL StaticMesh property 
[2015.07.23-13.40.32:821][375]MapCheck:Error: Error Element4 Component is a static type but has invalid lightmap settings!  Indirect lighting will be black.  Common causes are lightmap resolution of 0, LightmapCoordinateIndex out of bounds. 
[2015.07.23-13.40.32:821][375]MapCheck:Warning: Warning Element4 Static mesh actor has NULL StaticMesh property 
[2015.07.23-13.40.32:821][375]MapCheck:Warning: Warning Element4 Static mesh actor has NULL StaticMesh property 
[2015.07.23-13.40.32:822][375]MapCheck:Error: Error Element3 Component is a static type but has invalid lightmap settings!  Indirect lighting will be black.  Common causes are lightmap resolution of 0, LightmapCoordinateIndex out of bounds. 
[2015.07.23-13.40.32:822][375]MapCheck:Warning: Warning Element3 Static mesh actor has NULL StaticMesh property 
[2015.07.23-13.40.32:822][375]MapCheck:Warning: Warning Element3 Static mesh actor has NULL StaticMesh property 
[2015.07.23-13.40.32:822][375]MapCheck:Error: Error Element2_7 Component is a static type but has invalid lightmap settings!  Indirect lighting will be black.  Common causes are lightmap resolution of 0, LightmapCoordinateIndex out of bounds. 
[2015.07.23-13.40.32:822][375]MapCheck:Warning: Warning Element2_7 Static mesh actor has NULL StaticMesh property 
[2015.07.23-13.40.32:822][375]MapCheck:Warning: Warning Element2_7 Static mesh actor has NULL StaticMesh property 
[2015.07.23-13.40.32:916][375]MapCheck: Info Map check complete: 5 Error(s), 10 Warning(s), took 119.758ms to complete.
[2015.07.23-13.40.32:917][375]LogD3D11RHI: InitD3DDevice
[2015.07.23-13.40.44:089][446]LogPlayLevel: PIE:  No blueprints needed recompiling
[2015.07.23-13.40.44:089][446]PIE: New page: PIE session: Mansion (Jul 23, 2015, 3:40:44 AM)
[2015.07.23-13.40.44:090][446]LogPlayLevel: Creating play world package: /Game/Maps/UEDPIE_0_Mansion
[2015.07.23-13.40.44:239][446]LogPlayLevel: PIE: StaticDuplicateObject took: (0.149028s)
[2015.07.23-13.40.44:242][446]LogAIModule: Creating AISystem for world Mansion
[2015.07.23-13.40.44:243][446]LogPlayLevel: PIE: World Init took: (0.004200s)
[2015.07.23-13.40.44:243][446]LogPlayLevel: PIE: Created PIE world by copying editor world from /Game/Maps/Mansion.Mansion to /Game/Maps/UEDPIE_0_Mansion.Mansion (0.153943s)
[2015.07.23-13.40.44:346][446]LogInit: XAudio2 using 'Speakers (Realtek High Definition Audio)' : 2 channels at 48 kHz using 32 bits per sample (channel mask 0x3)
[2015.07.23-13.40.44:353][446]LogInit: FAudioDevice initialized.
[2015.07.23-13.40.44:356][446]LogD3D11RHI: InitD3DDevice
[2015.07.23-13.40.44:397][446]LogWorld: Game class is 'MyGame_C'
[2015.07.23-13.40.44:490][446]LogWorld: Bringing World /Game/Maps/UEDPIE_0_Mansion.Mansion up for play (max tick rate 60) at 2015.07.23-08.40.44
[2015.07.23-13.40.44:491][446]LogActor:Warning: GameSession /Game/Maps/UEDPIE_0_Mansion.Mansion:PersistentLevel.GameSession_2 has natively added scene component(s), but none of them were set as the actor's RootComponent - picking one arbitrarily
[2015.07.23-13.40.44:491][446]LogActor:Warning: GameNetworkManager /Game/Maps/UEDPIE_0_Mansion.Mansion:PersistentLevel.GameNetworkManager_2 has natively added scene component(s), but none of them were set as the actor's RootComponent - picking one arbitrarily
[2015.07.23-13.40.44:500][446]LogWorld: Bringing up level for play took: 0.100170
[2015.07.23-13.40.44:554][446]PIE: Info Play in editor start time for /Game/Maps/UEDPIE_0_Mansion 0.504
[2015.07.23-13.41.15:170][835]LogArray:Warning: Attempted to get an item from array CallFunc_GetDataTableRowNames_OutRowNames out of bounds [5/4]!
[2015.07.23-13.41.15:170][835]LogArray:Warning: Attempted to get an item from array CallFunc_GetDataTableRowNames_OutRowNames out of bounds [6/4]!
[2015.07.23-13.41.27:724][991]LogArray:Warning: Attempted to get an item from array CallFunc_GetDataTableRowNames_OutRowNames out of bounds [5/4]!
[2015.07.23-13.41.27:724][991]LogArray:Warning: Attempted to get an item from array CallFunc_GetDataTableRowNames_OutRowNames out of bounds [6/4]!
[2015.07.23-13.41.32:696][ 50]LogArray:Warning: Attempted to get an item from array CallFunc_GetDataTableRowNames_OutRowNames out of bounds [5/4]!
[2015.07.23-13.41.32:696][ 50]LogArray:Warning: Attempted to get an item from array CallFunc_GetDataTableRowNames_OutRowNames out of bounds [6/4]!
[2015.07.23-13.42.05:755][525]LogParticles: Destroying 0 GPU particle simulations for FXSystem 0x0000004805823100
[2015.07.23-13.43.56:259][ 84]LogPlayLevel: PIE:  No blueprints needed recompiling
[2015.07.23-13.43.56:259][ 84]PIE: New page: PIE session: Mansion (Jul 23, 2015, 3:43:56 AM)
[2015.07.23-13.43.56:260][ 84]LogPlayLevel: Creating play world package: /Game/Maps/UEDPIE_0_Mansion
[2015.07.23-13.43.56:420][ 84]LogPlayLevel: PIE: StaticDuplicateObject took: (0.160394s)
[2015.07.23-13.43.56:421][ 84]LogAIModule: Creating AISystem for world Mansion
[2015.07.23-13.43.56:422][ 84]LogPlayLevel: PIE: World Init took: (0.002404s)
[2015.07.23-13.43.56:423][ 84]LogPlayLevel: PIE: Created PIE world by copying editor world from /Game/Maps/Mansion.Mansion to /Game/Maps/UEDPIE_0_Mansion.Mansion (0.163371s)
[2015.07.23-13.43.56:507][ 84]LogInit: XAudio2 using 'Speakers (Realtek High Definition Audio)' : 2 channels at 48 kHz using 32 bits per sample (channel mask 0x3)
[2015.07.23-13.43.56:515][ 84]LogInit: FAudioDevice initialized.
[2015.07.23-13.43.56:518][ 84]LogD3D11RHI: InitD3DDevice
[2015.07.23-13.43.56:557][ 84]LogWorld: Game class is 'MyGame_C'
[2015.07.23-13.43.56:641][ 84]LogWorld: Bringing World /Game/Maps/UEDPIE_0_Mansion.Mansion up for play (max tick rate 60) at 2015.07.23-08.43.56
[2015.07.23-13.43.56:641][ 84]LogActor:Warning: GameSession /Game/Maps/UEDPIE_0_Mansion.Mansion:PersistentLevel.GameSession_3 has natively added scene component(s), but none of them were set as the actor's RootComponent - picking one arbitrarily
[2015.07.23-13.43.56:642][ 84]LogActor:Warning: GameNetworkManager /Game/Maps/UEDPIE_0_Mansion.Mansion:PersistentLevel.GameNetworkManager_3 has natively added scene component(s), but none of them were set as the actor's RootComponent - picking one arbitrarily
[2015.07.23-13.43.56:651][ 84]LogWorld: Bringing up level for play took: 0.089476
[2015.07.23-13.43.56:703][ 84]PIE: Info Play in editor start time for /Game/Maps/UEDPIE_0_Mansion 0.653
[2015.07.23-13.44.03:670][174]LogArray:Warning: Attempted to get an item from array CallFunc_GetDataTableRowNames_OutRowNames out of bounds [5/4]!
[2015.07.23-13.44.03:670][174]LogArray:Warning: Attempted to get an item from array CallFunc_GetDataTableRowNames_OutRowNames out of bounds [6/4]!
[2015.07.23-13.44.04:379][183]LogArray:Warning: Attempted to get an item from array CallFunc_GetDataTableRowNames_OutRowNames out of bounds [5/4]!
[2015.07.23-13.44.04:379][183]LogArray:Warning: Attempted to get an item from array CallFunc_GetDataTableRowNames_OutRowNames out of bounds [6/4]!
[2015.07.23-13.44.05:908][203]LogArray:Warning: Attempted to get an item from array CallFunc_GetDataTableRowNames_OutRowNames out of bounds [5/4]!
[2015.07.23-13.44.05:908][203]LogArray:Warning: Attempted to get an item from array CallFunc_GetDataTableRowNames_OutRowNames out of bounds [6/4]!
[2015.07.23-13.44.06:633][213]LogArray:Warning: Attempted to get an item from array CallFunc_GetDataTableRowNames_OutRowNames out of bounds [5/4]!
[2015.07.23-13.44.06:633][213]LogArray:Warning: Attempted to get an item from array CallFunc_GetDataTableRowNames_OutRowNames out of bounds [6/4]!
[2015.07.23-13.44.07:293][222]LogArray:Warning: Attempted to get an item from array CallFunc_GetDataTableRowNames_OutRowNames out of bounds [5/4]!
[2015.07.23-13.44.07:293][222]LogArray:Warning: Attempted to get an item from array CallFunc_GetDataTableRowNames_OutRowNames out of bounds [6/4]!
[2015.07.23-13.44.07:809][229]LogArray:Warning: Attempted to get an item from array CallFunc_GetDataTableRowNames_OutRowNames out of bounds [5/4]!
[2015.07.23-13.44.07:809][229]LogArray:Warning: Attempted to get an item from array CallFunc_GetDataTableRowNames_OutRowNames out of bounds [6/4]!
[2015.07.23-13.44.08:353][236]LogArray:Warning: Attempted to get an item from array CallFunc_GetDataTableRowNames_OutRowNames out of bounds [5/4]!
[2015.07.23-13.44.08:353][236]LogArray:Warning: Attempted to get an item from array CallFunc_GetDataTableRowNames_OutRowNames out of bounds [6/4]!
[2015.07.23-13.44.08:972][244]LogArray:Warning: Attempted to get an item from array CallFunc_GetDataTableRowNames_OutRowNames out of bounds [5/4]!
[2015.07.23-13.44.08:972][244]LogArray:Warning: Attempted to get an item from array CallFunc_GetDataTableRowNames_OutRowNames out of bounds [6/4]!
[2015.07.23-13.44.09:611][252]LogArray:Warning: Attempted to get an item from array CallFunc_GetDataTableRowNames_OutRowNames out of bounds [5/4]!
[2015.07.23-13.44.09:611][252]LogArray:Warning: Attempted to get an item from array CallFunc_GetDataTableRowNames_OutRowNames out of bounds [6/4]!
[2015.07.23-13.44.10:302][261]LogBlueprintUserMessages: No ammo, CLICK!
[2015.07.23-13.44.11:280][275]LogArray:Warning: Attempted to get an item from array CallFunc_GetDataTableRowNames_OutRowNames out of bounds [5/4]!
[2015.07.23-13.44.11:280][275]LogArray:Warning: Attempted to get an item from array CallFunc_GetDataTableRowNames_OutRowNames out of bounds [6/4]!
[2015.07.23-13.44.12:158][287]LogArray:Warning: Attempted to get an item from array CallFunc_GetDataTableRowNames_OutRowNames out of bounds [5/4]!
[2015.07.23-13.44.12:159][287]LogArray:Warning: Attempted to get an item from array CallFunc_GetDataTableRowNames_OutRowNames out of bounds [6/4]!
[2015.07.23-13.44.12:781][295]LogArray:Warning: Attempted to get an item from array CallFunc_GetDataTableRowNames_OutRowNames out of bounds [5/4]!
[2015.07.23-13.44.12:781][295]LogArray:Warning: Attempted to get an item from array CallFunc_GetDataTableRowNames_OutRowNames out of bounds [6/4]!
[2015.07.23-13.44.13:618][306]LogArray:Warning: Attempted to get an item from array CallFunc_GetDataTableRowNames_OutRowNames out of bounds [5/4]!
[2015.07.23-13.44.13:618][306]LogArray:Warning: Attempted to get an item from array CallFunc_GetDataTableRowNames_OutRowNames out of bounds [6/4]!
[2015.07.23-13.44.14:241][314]LogArray:Warning: Attempted to get an item from array CallFunc_GetDataTableRowNames_OutRowNames out of bounds [5/4]!
[2015.07.23-13.44.14:241][314]LogArray:Warning: Attempted to get an item from array CallFunc_GetDataTableRowNames_OutRowNames out of bounds [6/4]!
[2015.07.23-13.44.14:734][320]LogArray:Warning: Attempted to get an item from array CallFunc_GetDataTableRowNames_OutRowNames out of bounds [5/4]!
[2015.07.23-13.44.14:735][320]LogArray:Warning: Attempted to get an item from array CallFunc_GetDataTableRowNames_OutRowNames out of bounds [6/4]!
[2015.07.23-13.44.16:257][341]LogArray:Warning: Attempted to get an item from array CallFunc_GetDataTableRowNames_OutRowNames out of bounds [5/4]!
[2015.07.23-13.44.16:257][341]LogArray:Warning: Attempted to get an item from array CallFunc_GetDataTableRowNames_OutRowNames out of bounds [6/4]!
[2015.07.23-13.44.16:622][346]LogBlueprintUserMessages: No ammo, CLICK!
[2015.07.23-13.44.16:908][350]LogBlueprintUserMessages: No ammo, CLICK!
[2015.07.23-13.44.17:167][354]LogBlueprintUserMessages: No ammo, CLICK!
[2015.07.23-13.44.17:726][362]LogArray:Warning: Attempted to get an item from array CallFunc_GetDataTableRowNames_OutRowNames out of bounds [5/4]!
[2015.07.23-13.44.17:726][362]LogArray:Warning: Attempted to get an item from array CallFunc_GetDataTableRowNames_OutRowNames out of bounds [6/4]!
[2015.07.23-13.44.18:450][372]LogArray:Warning: Attempted to get an item from array CallFunc_GetDataTableRowNames_OutRowNames out of bounds [5/4]!
[2015.07.23-13.44.18:451][372]LogArray:Warning: Attempted to get an item from array CallFunc_GetDataTableRowNames_OutRowNames out of bounds [6/4]!
[2015.07.23-13.44.19:212][382]LogArray:Warning: Attempted to get an item from array CallFunc_GetDataTableRowNames_OutRowNames out of bounds [5/4]!
[2015.07.23-13.44.19:212][382]LogArray:Warning: Attempted to get an item from array CallFunc_GetDataTableRowNames_OutRowNames out of bounds [6/4]!
[2015.07.23-13.44.23:407][436]LogD3D11RHI: InitD3DDevice
[2015.07.23-13.44.28:765][517]Cmd: SELECT NONE
[2015.07.23-13.44.42:290][658]LogParticles: Destroying 0 GPU particle simulations for FXSystem 0x000000487C43F9C0
[2015.07.23-13.44.44:217][697]LogPlayLevel: PIE:  No blueprints needed recompiling
[2015.07.23-13.44.44:218][697]PIE: New page: PIE session: Mansion (Jul 23, 2015, 3:44:44 AM)
[2015.07.23-13.44.44:218][697]LogPlayLevel: Creating play world package: /Game/Maps/UEDPIE_0_Mansion
[2015.07.23-13.44.44:379][697]LogPlayLevel: PIE: StaticDuplicateObject took: (0.161382s)
[2015.07.23-13.44.44:381][697]LogAIModule: Creating AISystem for world Mansion
[2015.07.23-13.44.44:382][697]LogPlayLevel: PIE: World Init took: (0.002298s)
[2015.07.23-13.44.44:382][697]LogPlayLevel: PIE: Created PIE world by copying editor world from /Game/Maps/Mansion.Mansion to /Game/Maps/UEDPIE_0_Mansion.Mansion (0.164155s)
[2015.07.23-13.44.44:462][697]LogInit: XAudio2 using 'Speakers (Realtek High Definition Audio)' : 2 channels at 48 kHz using 32 bits per sample (channel mask 0x3)
[2015.07.23-13.44.44:505][697]LogInit: FAudioDevice initialized.
[2015.07.23-13.44.44:507][697]LogD3D11RHI: InitD3DDevice
[2015.07.23-13.44.44:542][697]LogWorld: Game class is 'MyGame_C'
[2015.07.23-13.44.44:626][697]LogWorld: Bringing World /Game/Maps/UEDPIE_0_Mansion.Mansion up for play (max tick rate 60) at 2015.07.23-08.44.44
[2015.07.23-13.44.44:626][697]LogActor:Warning: GameSession /Game/Maps/UEDPIE_0_Mansion.Mansion:PersistentLevel.GameSession_4 has natively added scene component(s), but none of them were set as the actor's RootComponent - picking one arbitrarily
[2015.07.23-13.44.44:627][697]LogActor:Warning: GameNetworkManager /Game/Maps/UEDPIE_0_Mansion.Mansion:PersistentLevel.GameNetworkManager_4 has natively added scene component(s), but none of them were set as the actor's RootComponent - picking one arbitrarily
[2015.07.23-13.44.44:637][697]LogWorld: Bringing up level for play took: 0.092645
[2015.07.23-13.44.44:691][697]PIE: Info Play in editor start time for /Game/Maps/UEDPIE_0_Mansion 0.641
[2015.07.23-13.44.47:975][737]LogArray:Warning: Attempted to get an item from array CallFunc_GetDataTableRowNames_OutRowNames out of bounds [5/4]!
[2015.07.23-13.44.47:975][737]LogArray:Warning: Attempted to get an item from array CallFunc_GetDataTableRowNames_OutRowNames out of bounds [6/4]!
[2015.07.23-13.44.48:485][743]LogArray:Warning: Attempted to get an item from array CallFunc_GetDataTableRowNames_OutRowNames out of bounds [5/4]!
[2015.07.23-13.44.48:485][743]LogArray:Warning: Attempted to get an item from array CallFunc_GetDataTableRowNames_OutRowNames out of bounds [6/4]!
[2015.07.23-13.44.49:173][751]LogArray:Warning: Attempted to get an item from array CallFunc_GetDataTableRowNames_OutRowNames out of bounds [5/4]!
[2015.07.23-13.44.49:173][751]LogArray:Warning: Attempted to get an item from array CallFunc_GetDataTableRowNames_OutRowNames out of bounds [6/4]!
[2015.07.23-13.44.49:434][754]LogBlueprintUserMessages: No ammo, CLICK!
[2015.07.23-13.44.49:610][756]LogBlueprintUserMessages: No ammo, CLICK!
[2015.07.23-13.44.49:860][759]LogBlueprintUserMessages: No ammo, CLICK!
[2015.07.23-13.44.50:677][770]LogArray:Warning: Attempted to get an item from array CallFunc_GetDataTableRowNames_OutRowNames out of bounds [5/4]!
[2015.07.23-13.44.50:677][770]LogArray:Warning: Attempted to get an item from array CallFunc_GetDataTableRowNames_OutRowNames out of bounds [6/4]!
[2015.07.23-13.44.51:241][777]LogArray:Warning: Attempted to get an item from array CallFunc_GetDataTableRowNames_OutRowNames out of bounds [5/4]!
[2015.07.23-13.44.51:241][777]LogArray:Warning: Attempted to get an item from array CallFunc_GetDataTableRowNames_OutRowNames out of bounds [6/4]!
[2015.07.23-13.44.51:887][785]LogArray:Warning: Attempted to get an item from array CallFunc_GetDataTableRowNames_OutRowNames out of bounds [5/4]!
[2015.07.23-13.44.51:887][785]LogArray:Warning: Attempted to get an item from array CallFunc_GetDataTableRowNames_OutRowNames out of bounds [6/4]!
[2015.07.23-13.44.52:844][797]LogArray:Warning: Attempted to get an item from array CallFunc_GetDataTableRowNames_OutRowNames out of bounds [5/4]!
[2015.07.23-13.44.52:844][797]LogArray:Warning: Attempted to get an item from array CallFunc_GetDataTableRowNames_OutRowNames out of bounds [6/4]!
[2015.07.23-13.46.08:754][761]LogArray:Warning: Attempted to get an item from array CallFunc_GetDataTableRowNames_OutRowNames out of bounds [5/4]!
[2015.07.23-13.46.08:754][761]LogArray:Warning: Attempted to get an item from array CallFunc_GetDataTableRowNames_OutRowNames out of bounds [6/4]!
[2015.07.23-13.47.38:650][918]LogParticles: Destroying 0 GPU particle simulations for FXSystem 0x0000004872CF1080
[2015.07.23-13.47.53:330][226]LogEditorViewport: Clicking on Actor (LMB): StaticMeshActor (Wall_500x508)
[2015.07.23-13.47.54:283][244]LogEditorViewport: Clicking on Actor (CTRL LMB): StaticMeshActor (Wall_500x509)
[2015.07.23-13.47.55:187][260]LogEditorViewport: Clicking on Actor (CTRL LMB): StaticMeshActor (Wall_500x510)
[2015.07.23-13.47.55:804][271]LogEditorViewport: Clicking on Actor (CTRL LMB): StaticMeshActor (Wall_500x511)
[2015.07.23-13.47.58:170][320]LogEditorViewport: Clicking on Actor (CTRL LMB): StaticMeshActor (Wall_500x512)
[2015.07.23-13.47.58:702][330]LogEditorViewport: Clicking on Actor (CTRL LMB): StaticMeshActor (Wall_500x513)
[2015.07.23-13.47.59:318][342]LogEditorViewport: Clicking on Actor (CTRL LMB): StaticMeshActor (Wall_500x514)
[2015.07.23-13.47.59:816][352]LogEditorViewport: Clicking on Actor (CTRL LMB): StaticMeshActor (Wall_500x517)
[2015.07.23-13.48.02:787][415]LogEditorViewport: Clicking on Actor (CTRL LMB): StaticMeshActor (Wall_500x515)
[2015.07.23-13.48.03:612][431]LogEditorViewport: Clicking on Actor (CTRL LMB): StaticMeshActor (Wall_500x516)
[2015.07.23-13.48.07:423][509]Cmd: DELETE
[2015.07.23-13.48.07:423][509]Cmd: ACTOR DELETE
[2015.07.23-13.48.07:433][509]LogEditorActor: Deleted Actor: StaticMeshActor
[2015.07.23-13.48.07:436][509]LogEditorActor: Deleted Actor: StaticMeshActor
[2015.07.23-13.48.07:438][509]LogEditorActor: Deleted Actor: StaticMeshActor
[2015.07.23-13.48.07:440][509]LogEditorActor: Deleted Actor: StaticMeshActor
[2015.07.23-13.48.07:442][509]LogEditorActor: Deleted Actor: StaticMeshActor
[2015.07.23-13.48.07:444][509]LogEditorActor: Deleted Actor: StaticMeshActor
[2015.07.23-13.48.07:446][509]LogEditorActor: Deleted Actor: StaticMeshActor
[2015.07.23-13.48.07:449][509]LogEditorActor: Deleted Actor: StaticMeshActor
[2015.07.23-13.48.07:454][509]LogEditorActor: Deleted Actor: StaticMeshActor
[2015.07.23-13.48.07:474][509]LogEditorActor: Deleted Actor: StaticMeshActor
[2015.07.23-13.48.07:558][509]LogEditorActor: Deleted 10 Actors (0.135 secs)
[2015.07.23-13.50.57:453][927]LogD3D11RHI: InitD3DDevice
[2015.07.23-13.50.58:992][927]LogD3D11RHI: InitD3DDevice
[2015.07.23-13.50.59:173][927]Cmd: OBJ SAVEPACKAGE PACKAGE="/Game/Maps/Mansion" FILE="../../../../../../Users/Christian/Documents/Unreal Projects/TheForsakens 4.8/Content/Maps/Mansion.umap" SILENT=true AUTOSAVING=false KEEPDIRTY=false
[2015.07.23-13.51.04:734][927]LogSavePackage: Save=3537.383789ms
[2015.07.23-13.51.04:734][927]LogSavePackage: Moving '../../../../../../Users/Christian/Documents/Unreal Projects/TheForsakens 4.8/Saved/Mansion5EC13EB8459966D6D74F06B0F0EAF048.tmp' to '../../../../../../Users/Christian/Documents/Unreal Projects/TheForsakens 4.8/Content/Maps/Mansion.umap'
[2015.07.23-13.51.05:012][927]LogFileHelpers: Saving map 'Mansion' took 5.989
[2015.07.23-13.54.32:917][681]LogD3D11RHI: InitD3DDevice
[2015.07.23-13.54.34:209][681]LogD3D11RHI: InitD3DDevice
[2015.07.23-13.54.34:330][681]Cmd: OBJ SAVEPACKAGE PACKAGE="/Game/Maps/Mansion" FILE="../../../../../../Users/Christian/Documents/Unreal Projects/TheForsakens 4.8/Content/Maps/Mansion.umap" SILENT=true AUTOSAVING=false KEEPDIRTY=false
[2015.07.23-13.54.37:340][681]LogSavePackage: Save=2877.386230ms
[2015.07.23-13.54.37:340][681]LogSavePackage: Moving '../../../../../../Users/Christian/Documents/Unreal Projects/TheForsakens 4.8/Saved/Mansion3D90A98149698AC92E7E7EAC1369871B.tmp' to '../../../../../../Users/Christian/Documents/Unreal Projects/TheForsakens 4.8/Content/Maps/Mansion.umap'
[2015.07.23-13.54.37:553][681]LogFileHelpers: Saving map 'Mansion' took 3.330
[2015.07.23-13.58.35:767][831]LogD3D11RHI: InitD3DDevice
[2015.07.23-13.58.36:720][831]LogD3D11RHI: InitD3DDevice
[2015.07.23-13.58.36:847][831]Cmd: OBJ SAVEPACKAGE PACKAGE="/Game/Maps/Mansion" FILE="../../../../../../Users/Christian/Documents/Unreal Projects/TheForsakens 4.8/Content/Maps/Mansion.umap" SILENT=true AUTOSAVING=false KEEPDIRTY=false
[2015.07.23-13.58.39:908][831]LogSavePackage: Save=2885.067383ms
[2015.07.23-13.58.39:908][831]LogSavePackage: Moving '../../../../../../Users/Christian/Documents/Unreal Projects/TheForsakens 4.8/Saved/Mansion90826C38479FBE854D7F7DA5A3A1B586.tmp' to '../../../../../../Users/Christian/Documents/Unreal Projects/TheForsakens 4.8/Content/Maps/Mansion.umap'
[2015.07.23-13.58.53:733][831]LogFileHelpers: Saving map 'Mansion' took 16.993
[2015.07.23-14.19.46:909][305]LogD3D11RHI: InitD3DDevice
[2015.07.23-14.19.48:012][305]LogD3D11RHI: InitD3DDevice
[2015.07.23-14.19.48:168][305]Cmd: OBJ SAVEPACKAGE PACKAGE="/Game/Maps/Mansion" FILE="../../../../../../Users/Christian/Documents/Unreal Projects/TheForsakens 4.8/Content/Maps/Mansion.umap" SILENT=true AUTOSAVING=false KEEPDIRTY=false
[2015.07.23-14.19.52:861][305]LogSavePackage: Save=2900.110107ms
[2015.07.23-14.19.52:861][305]LogSavePackage: Moving '../../../../../../Users/Christian/Documents/Unreal Projects/TheForsakens 4.8/Saved/Mansion3C2F2C5F451D7E92499A4787B13A6C7B.tmp' to '../../../../../../Users/Christian/Documents/Unreal Projects/TheForsakens 4.8/Content/Maps/Mansion.umap'
[2015.07.23-14.19.52:953][305]LogFileHelpers: Saving map 'Mansion' took 4.932
[2015.07.23-14.21.26:229][462]LogD3D11RHI: InitD3DDevice
[2015.07.23-14.21.27:514][462]LogD3D11RHI: InitD3DDevice
[2015.07.23-14.21.27:646][462]Cmd: OBJ SAVEPACKAGE PACKAGE="/Game/Maps/Mansion" FILE="../../../../../../Users/Christian/Documents/Unreal Projects/TheForsakens 4.8/Content/Maps/Mansion.umap" SILENT=true AUTOSAVING=false KEEPDIRTY=false
[2015.07.23-14.21.30:898][462]LogSavePackage: Save=3119.031250ms
[2015.07.23-14.21.30:898][462]LogSavePackage: Moving '../../../../../../Users/Christian/Documents/Unreal Projects/TheForsakens 4.8/Saved/MansionB5967F894532BF5B4A09EE8F2934DEAF.tmp' to '../../../../../../Users/Christian/Documents/Unreal Projects/TheForsakens 4.8/Content/Maps/Mansion.umap'
[2015.07.23-14.21.31:025][462]LogFileHelpers: Saving map 'Mansion' took 3.490
[2015.07.23-14.24.25:406][868]LogD3D11RHI: InitD3DDevice
[2015.07.23-14.24.26:873][868]LogD3D11RHI: InitD3DDevice
[2015.07.23-14.24.27:010][868]Cmd: OBJ SAVEPACKAGE PACKAGE="/Game/Maps/Mansion" FILE="../../../../../../Users/Christian/Documents/Unreal Projects/TheForsakens 4.8/Content/Maps/Mansion.umap" SILENT=true AUTOSAVING=false KEEPDIRTY=false
[2015.07.23-14.24.30:170][868]LogSavePackage: Save=3023.266846ms
[2015.07.23-14.24.30:170][868]LogSavePackage: Moving '../../../../../../Users/Christian/Documents/Unreal Projects/TheForsakens 4.8/Saved/MansionA0F761534D15D8175802398B02DF1F68.tmp' to '../../../../../../Users/Christian/Documents/Unreal Projects/TheForsakens 4.8/Content/Maps/Mansion.umap'
[2015.07.23-14.24.30:341][868]LogFileHelpers: Saving map 'Mansion' took 3.440
[2015.07.23-14.24.32:161][907]LogPlayLevel: PIE:  No blueprints needed recompiling
[2015.07.23-14.24.32:206][907]PIE: New page: PIE session: Mansion (Jul 23, 2015, 4:24:32 AM)
[2015.07.23-14.24.32:206][907]LogPlayLevel: Creating play world package: /Game/Maps/UEDPIE_0_Mansion
[2015.07.23-14.24.32:563][907]LogPlayLevel: PIE: StaticDuplicateObject took: (0.333301s)
[2015.07.23-14.24.33:340][907]LogAIModule: Creating AISystem for world Mansion
[2015.07.23-14.24.33:377][907]LogPlayLevel: PIE: World Init took: (0.813602s)
[2015.07.23-14.24.33:377][907]LogPlayLevel: PIE: Created PIE world by copying editor world from /Game/Maps/Mansion.Mansion to /Game/Maps/UEDPIE_0_Mansion.Mansion (1.170920s)
[2015.07.23-14.24.33:732][907]LogInit: XAudio2 using 'Speakers (Realtek High Definition Audio)' : 2 channels at 48 kHz using 32 bits per sample (channel mask 0x3)
[2015.07.23-14.24.33:833][907]LogInit: FAudioDevice initialized.
[2015.07.23-14.24.33:880][907]LogD3D11RHI: InitD3DDevice
[2015.07.23-14.24.34:001][907]LogWorld: Game class is 'MyGame_C'
[2015.07.23-14.24.34:429][907]LogWorld: Bringing World /Game/Maps/UEDPIE_0_Mansion.Mansion up for play (max tick rate 60) at 2015.07.23-09.24.34
[2015.07.23-14.24.34:429][907]LogActor:Warning: GameSession /Game/Maps/UEDPIE_0_Mansion.Mansion:PersistentLevel.GameSession_5 has natively added scene component(s), but none of them were set as the actor's RootComponent - picking one arbitrarily
[2015.07.23-14.24.34:460][907]LogActor:Warning: GameNetworkManager /Game/Maps/UEDPIE_0_Mansion.Mansion:PersistentLevel.GameNetworkManager_5 has natively added scene component(s), but none of them were set as the actor's RootComponent - picking one arbitrarily
[2015.07.23-14.24.34:477][907]LogWorld: Bringing up level for play took: 0.395898
[2015.07.23-14.24.34:747][907]PIE: Info Play in editor start time for /Game/Maps/UEDPIE_0_Mansion 2.672
[2015.07.23-14.24.42:917][ 13]LogArray:Warning: Attempted to get an item from array CallFunc_GetDataTableRowNames_OutRowNames out of bounds [5/4]!
[2015.07.23-14.24.42:917][ 13]LogArray:Warning: Attempted to get an item from array CallFunc_GetDataTableRowNames_OutRowNames out of bounds [6/4]!
[2015.07.23-14.24.52:057][124]LogArray:Warning: Attempted to get an item from array CallFunc_GetDataTableRowNames_OutRowNames out of bounds [5/4]!
[2015.07.23-14.24.52:057][124]LogArray:Warning: Attempted to get an item from array CallFunc_GetDataTableRowNames_OutRowNames out of bounds [6/4]!
[2015.07.23-14.24.52:648][131]LogArray:Warning: Attempted to get an item from array CallFunc_GetDataTableRowNames_OutRowNames out of bounds [5/4]!
[2015.07.23-14.24.52:648][131]LogArray:Warning: Attempted to get an item from array CallFunc_GetDataTableRowNames_OutRowNames out of bounds [6/4]!
[2015.07.23-14.24.54:973][160]LogArray:Warning: Attempted to get an item from array CallFunc_GetDataTableRowNames_OutRowNames out of bounds [5/4]!
[2015.07.23-14.24.54:973][160]LogArray:Warning: Attempted to get an item from array CallFunc_GetDataTableRowNames_OutRowNames out of bounds [6/4]!
[2015.07.23-14.24.55:658][168]LogArray:Warning: Attempted to get an item from array CallFunc_GetDataTableRowNames_OutRowNames out of bounds [5/4]!
[2015.07.23-14.24.55:658][168]LogArray:Warning: Attempted to get an item from array CallFunc_GetDataTableRowNames_OutRowNames out of bounds [6/4]!
[2015.07.23-14.25.05:970][302]LogArray:Warning: Attempted to get an item from array CallFunc_GetDataTableRowNames_OutRowNames out of bounds [5/4]!
[2015.07.23-14.25.05:970][302]LogArray:Warning: Attempted to get an item from array CallFunc_GetDataTableRowNames_OutRowNames out of bounds [6/4]!
[2015.07.23-14.25.06:654][311]LogArray:Warning: Attempted to get an item from array CallFunc_GetDataTableRowNames_OutRowNames out of bounds [5/4]!
[2015.07.23-14.25.06:655][311]LogArray:Warning: Attempted to get an item from array CallFunc_GetDataTableRowNames_OutRowNames out of bounds [6/4]!
[2015.07.23-14.25.07:248][319]LogScriptCore: Script call stack:
	Function /Game/RealisticBlueprintWeapons/Blueprints/MyCharacter.MyCharacter_C:InpActEvt_F_K2Node_InputKeyEvent_14
	Function /Game/RealisticBlueprintWeapons/Blueprints/MyCharacter.MyCharacter_C:ExecuteUbergraph_MyCharacter
	Function /Game/RealisticBlueprintWeapons/Blueprints/MyCharacter.MyCharacter_C:SRV_FireModeStep
	Function /Game/RealisticBlueprintWeapons/Blueprints/MyCharacter.MyCharacter_C:ExecuteUbergraph_MyCharacter
	Function /Game/RealisticBlueprintWeapons/Blueprints/Weapons/Pistol.Pistol_C:FireModeStep
	Function /Game/RealisticBlueprintWeapons/Blueprints/Weapons/Pistol.Pistol_C:Set Fire Mode Burst
	Function /Game/RealisticBlueprintWeapons/Blueprints/Weapons/Pistol.Pistol_C:Set Fire Mode FullAuto
	Function /Game/RealisticBlueprintWeapons/Blueprints/Weapons/Pistol.Pistol_C:Set Fire Mode Burst
	Function /Game/RealisticBlueprintWeapons/Blueprints/Weapons/Pistol.Pistol_C:Set Fire Mode FullAuto
	Function /Game/RealisticBlueprintWeapons/Blueprints/Weapons/Pistol.Pistol_C:Set Fire Mode Burst
	Function /Game/RealisticBlueprintWeapons/Blueprints/Weapons/Pistol.Pistol_C:Set Fire Mode FullAuto
	Function /Game/RealisticBlueprintWeapons/Blueprints/Weapons/Pistol.Pistol_C:Set Fire Mode Burst
	Function /Game/RealisticBlueprintWeapons/Blueprints/Weapons/Pistol.Pistol_C:Set Fire Mode FullAuto
	Function /Game/RealisticBlueprintWeapons/Blueprints/Weapons/Pistol.Pistol_C:Set Fire Mode Burst
	Function /Game/RealisticBlueprintWeapons/Blueprints/Weapons/Pistol.Pistol_C:Set Fire Mode FullAuto
	Function /Game/RealisticBlueprintWeapons/Blueprints/Weapons/Pistol.Pistol_C:Set Fire Mode Burst
	Function /Game/RealisticBlueprintWeapons/Blueprints/Weapons/Pistol.Pistol_C:Set Fire Mode FullAuto
	Function /Game/RealisticBlueprintWeapons/Blueprints/Weapons/Pistol.Pistol_C:Set Fire Mode Burst
	Function /Game/RealisticBlueprintWeapons/Blueprints/Weapons/Pistol.Pistol_C:Set Fire Mode FullAuto
	Function /Game/RealisticBlueprintWeapons/Blueprints/Weapons/Pistol.Pistol_C:Set Fire Mode Burst
	Function /Game/RealisticBlueprintWeapons/Blueprints/Weapons/Pistol.Pistol_C:Set Fire Mode FullAuto
	Function /Game/RealisticBlueprintWeapons/Blueprints/Weapons/Pistol.Pistol_C:Set Fire Mode Burst
	Function /Game/RealisticBlueprintWeapons/Blueprints/Weapons/Pistol.Pistol_C:Set Fire Mode FullAuto
	Function /Game/RealisticBlueprintWeapons/Blueprints/Weapons/Pistol.Pistol_C:Set Fire Mode Burst
	Function /Game/RealisticBlueprintWeapons/Blueprints/Weapons/Pistol.Pistol_C:Set Fire Mode FullAuto
	Function /Game/RealisticBlueprintWeapons/Blueprints/Weapons/Pistol.Pistol_C:Set Fire Mode Burst
	Function /Game/RealisticBlueprintWeapons/Blueprints/Weapons/Pistol.Pistol_C:Set Fire Mode FullAuto
	Function /Game/RealisticBlueprintWeapons/Blueprints/Weapons/Pistol.Pistol_C:Set Fire Mode Burst
	Function /Game/RealisticBlueprintWeapons/Blueprints/Weapons/Pistol.Pistol_C:Set Fire Mode FullAuto
	Function /Game/RealisticBlueprintWeapons/Blueprints/Weapons/Pistol.Pistol_C:Set Fire Mode Burst
	Function /Game/RealisticBlueprintWeapons/Blueprints/Weapons/Pistol.Pistol_C:Set Fire Mode FullAuto
	Function /Game/RealisticBlueprintWeapons/Blueprints/Weapons/Pistol.Pistol_C:Set Fire Mode Burst
	Function /Game/RealisticBlueprintWeapons/Blueprints/Weapons/Pistol.Pistol_C:Set Fire Mode FullAuto
	Function /Game/RealisticBlueprintWeapons/Blueprints/Weapons/Pistol.Pistol_C:Set Fire Mode Burst
	Function /Game/RealisticBlueprintWeapons/Blueprints/Weapons/Pistol.Pistol_C:Set Fire Mode FullAuto
	Function /Game/RealisticBlueprintWeapons/Blueprints/Weapons/Pistol.Pistol_C:Set Fire Mode Burst
	Function /Game/RealisticBlueprintWeapons/Blueprints/Weapons/Pistol.Pistol_C:Set Fire Mode FullAuto
	Function /Game/RealisticBlueprintWeapons/Blueprints/Weapons/Pistol.Pistol_C:Set Fire Mode Burst
	Function /Game/RealisticBlueprintWeapons/Blueprints/Weapons/Pistol.Pistol_C:Set Fire Mode FullAuto
	Function /Game/RealisticBlueprintWeapons/Blueprints/Weapons/Pistol.Pistol_C:Set Fire Mode Burst
	Function /Game/RealisticBlueprintWeapons/Blueprints/Weapons/Pistol.Pistol_C:Set Fire Mode FullAuto
	Function /Game/RealisticBlueprintWeapons/Blueprints/Weapons/Pistol.Pistol_C:Set Fire Mode Burst
	Function /Game/RealisticBlueprintWeapons/Blueprints/Weapons/Pistol.Pistol_C:Set Fire Mode FullAuto
	Function /Game/RealisticBlueprintWeapons/Blueprints/Weapons/Pistol.Pistol_C:Set Fire Mode Burst
	Function /Game/RealisticBlueprintWeapons/Blueprints/Weapons/Pistol.Pistol_C:Set Fire Mode FullAuto
	Function /Game/RealisticBlueprintWeapons/Blueprints/Weapons/Pistol.Pistol_C:Set Fire Mode Burst
	Function /Game/RealisticBlueprintWeapons/Blueprints/Weapons/Pistol.Pistol_C:Set Fire Mode FullAuto
	Function /Game/RealisticBlueprintWeapons/Blueprints/Weapons/Pistol.Pistol_C:Set Fire Mode Burst
	Function /Game/RealisticBlueprintWeapons/Blueprints/Weapons/Pistol.Pistol_C:Set Fire Mode FullAuto
	Function /Game/RealisticBlueprintWeapons/Blueprints/Weapons/Pistol.Pistol_C:Set Fire Mode Burst
	Function /Game/RealisticBlueprintWeapons/Blueprints/Weapons/Pistol.Pistol_C:Set Fire Mode FullAuto
	Function /Game/RealisticBlueprintWeapons/Blueprints/Weapons/Pistol.Pistol_C:Set Fire Mode Burst
	Function /Game/RealisticBlueprintWeapons/Blueprints/Weapons/Pistol.Pistol_C:Set Fire Mode FullAuto
	Function /Game/RealisticBlueprintWeapons/Blueprints/Weapons/Pistol.Pistol_C:Set Fire Mode Burst
	Function /Game/RealisticBlueprintWeapons/Blueprints/Weapons/Pistol.Pistol_C:Set Fire Mode FullAuto
	Function /Game/RealisticBlueprintWeapons/Blueprints/Weapons/Pistol.Pistol_C:Set Fire Mode Burst
	Function /Game/RealisticBlueprintWeapons/Blueprints/Weapons/Pistol.Pistol_C:Set Fire Mode FullAuto
	Function /Game/RealisticBlueprintWeapons/Blueprints/Weapons/Pistol.Pistol_C:Set Fire Mode Burst
	Function /Game/RealisticBlueprintWeapons/Blueprints/Weapons/Pistol.Pistol_C:Set Fire Mode FullAuto
	Function /Game/RealisticBlueprintWeapons/Blueprints/Weapons/Pistol.Pistol_C:Set Fire Mode Burst
	Function /Game/RealisticBlueprintWeapons/Blueprints/Weapons/Pistol.Pistol_C:Set Fire Mode FullAuto
	Function /Game/RealisticBlueprintWeapons/Blueprints/Weapons/Pistol.Pistol_C:Set Fire Mode Burst
	Function /Game/RealisticBlueprintWeapons/Blueprints/Weapons/Pistol.Pistol_C:Set Fire Mode FullAuto
	Function /Game/RealisticBlueprintWeapons/Blueprints/Weapons/Pistol.Pistol_C:Set Fire Mode Burst
	Function /Game/RealisticBlueprintWeapons/Blueprints/Weapons/Pistol.Pistol_C:Set Fire Mode FullAuto
	Function /Game/RealisticBlueprintWeapons/Blueprints/Weapons/Pistol.Pistol_C:Set Fire Mode Burst
	Function /Game/RealisticBlueprintWeapons/Blueprints/Weapons/Pistol.Pistol_C:Set Fire Mode FullAuto
	Function /Game/RealisticBlueprintWeapons/Blueprints/Weapons/Pistol.Pistol_C:Set Fire Mode Burst
	Function /Game/RealisticBlueprintWeapons/Blueprints/Weapons/Pistol.Pistol_C:Set Fire Mode FullAuto
	Function /Game/RealisticBlueprintWeapons/Blueprints/Weapons/Pistol.Pistol_C:Set Fire Mode Burst
	Function /Game/RealisticBlueprintWeapons/Blueprints/Weapons/Pistol.Pistol_C:Set Fire Mode FullAuto
	Function /Game/RealisticBlueprintWeapons/Blueprints/Weapons/Pistol.Pistol_C:Set Fire Mode Burst
	Function /Game/RealisticBlueprintWeapons/Blueprints/Weapons/Pistol.Pistol_C:Set Fire Mode FullAuto
	Function /Game/RealisticBlueprintWeapons/Blueprints/Weapons/Pistol.Pistol_C:Set Fire Mode Burst
	Function /Game/RealisticBlueprintWeapons/Blueprints/Weapons/Pistol.Pistol_C:Set Fire Mode FullAuto
	Function /Game/RealisticBlueprintWeapons/Blueprints/Weapons/Pistol.Pistol_C:Set Fire Mode Burst
	Function /Game/RealisticBlueprintWeapons/Blueprints/Weapons/Pistol.Pistol_C:Set Fire Mode FullAuto
	Function /Game/RealisticBlueprintWeapons/Blueprints/Weapons/Pistol.Pistol_C:Set Fire Mode Burst
	Function /Game/RealisticBlueprintWeapons/Blueprints/Weapons/Pistol.Pistol_C:Set Fire Mode FullAuto
	Function /Game/RealisticBlueprintWeapons/Blueprints/Weapons/Pistol.Pistol_C:Set Fire Mode Burst
	Function /Game/RealisticBlueprintWeapons/Blueprints/Weapons/Pistol.Pistol_C:Set Fire Mode FullAuto
	Function /Game/RealisticBlueprintWeapons/Blueprints/Weapons/Pistol.Pistol_C:Set Fire Mode Burst
	Function /Game/RealisticBlueprintWeapons/Blueprints/Weapons/Pistol.Pistol_C:Set Fire Mode FullAuto
	Function /Game/RealisticBlueprintWeapons/Blueprints/Weapons/Pistol.Pistol_C:Set Fire Mode Burst
	Function /Game/RealisticBlueprintWeapons/Blueprints/Weapons/Pistol.Pistol_C:Set Fire Mode FullAuto
	Function /Game/RealisticBlueprintWeapons/Blueprints/Weapons/Pistol.Pistol_C:Set Fire Mode Burst
	Function /Game/RealisticBlueprintWeapons/Blueprints/Weapons/Pistol.Pistol_C:Set Fire Mode FullAuto
	Function /Game/RealisticBlueprintWeapons/Blueprints/Weapons/Pistol.Pistol_C:Set Fire Mode Burst
	Function /Game/RealisticBlueprintWeapons/Blueprints/Weapons/Pistol.Pistol_C:Set Fire Mode FullAuto
	Function /Game/RealisticBlueprintWeapons/Blueprints/Weapons/Pistol.Pistol_C:Set Fire Mode Burst
	Function /Game/RealisticBlueprintWeapons/Blueprints/Weapons/Pistol.Pistol_C:Set Fire Mode FullAuto
	Function /Game/RealisticBlueprintWeapons/Blueprints/Weapons/Pistol.Pistol_C:Set Fire Mode Burst
	Function /Game/RealisticBlueprintWeapons/Blueprints/Weapons/Pistol.Pistol_C:Set Fire Mode FullAuto
	Function /Game/RealisticBlueprintWeapons/Blueprints/Weapons/Pistol.Pistol_C:Set Fire Mode Burst
	Function /Game/RealisticBlueprintWeapons/Blueprints/Weapons/Pistol.Pistol_C:Set Fire Mode FullAuto
	Function /Game/RealisticBlueprintWeapons/Blueprints/Weapons/Pistol.Pistol_C:Set Fire Mode Burst
	Function /Game/RealisticBlueprintWeapons/Blueprints/Weapons/Pistol.Pistol_C:Set Fire Mode FullAuto
	Function /Game/RealisticBlueprintWeapons/Blueprints/Weapons/Pistol.Pistol_C:Set Fire Mode Burst
	Function /Game/RealisticBlueprintWeapons/Blueprints/Weapons/Pistol.Pistol_C:Set Fire Mode FullAuto
	Function /Game/RealisticBlueprintWeapons/Blueprints/Weapons/Pistol.Pistol_C:Set Fire Mode Burst
	Function /Game/RealisticBlueprintWeapons/Blueprints/Weapons/Pistol.Pistol_C:Set Fire Mode FullAuto
	Function /Game/RealisticBlueprintWeapons/Blueprints/Weapons/Pistol.Pistol_C:Set Fire Mode Burst
	Function /Game/RealisticBlueprintWeapons/Blueprints/Weapons/Pistol.Pistol_C:Set Fire Mode FullAuto
	Function /Game/RealisticBlueprintWeapons/Blueprints/Weapons/Pistol.Pistol_C:Set Fire Mode Burst
	Function /Game/RealisticBlueprintWeapons/Blueprints/Weapons/Pistol.Pistol_C:Set Fire Mode FullAuto
	Function /Game/RealisticBlueprintWeapons/Blueprints/Weapons/Pistol.Pistol_C:Set Fire Mode Burst
	Function /Game/RealisticBlueprintWeapons/Blueprints/Weapons/Pistol.Pistol_C:Set Fire Mode FullAuto
	Function /Game/RealisticBlueprintWeapons/Blueprints/Weapons/Pistol.Pistol_C:Set Fire Mode Burst
	Function /Game/RealisticBlueprintWeapons/Blueprints/Weapons/Pistol.Pistol_C:Set Fire Mode FullAuto
	Function /Game/RealisticBlueprintWeapons/Blueprints/Weapons/Pistol.Pistol_C:Set Fire Mode Burst
	Function /Game/RealisticBlueprintWeapons/Blueprints/Weapons/Pistol.Pistol_C:Set Fire Mode FullAuto
	Function /Game/RealisticBlueprintWeapons/Blueprints/Weapons/Pistol.Pistol_C:Set Fire Mode Burst
	Function /Game/RealisticBlueprintWeapons/Blueprints/Weapons/Pistol.Pistol_C:Set Fire Mode FullAuto
	Function /Game/RealisticBlueprintWeapons/Blueprints/Weapons/Pistol.Pistol_C:Set Fire Mode Burst
	Function /Game/RealisticBlueprintWeapons/Blueprints/Weapons/Pistol.Pistol_C:Set Fire Mode FullAuto
	Function /Game/RealisticBlueprintWeapons/Blueprints/Weapons/Pistol.Pistol_C:Set Fire Mode Burst
	Function /Game/RealisticBlueprintWeapons/Blueprints/Weapons/Pistol.Pistol_C:Set Fire Mode FullAuto
	Function /Game/RealisticBlueprintWeapons/Blueprints/Weapons/Pistol.Pistol_C:Set Fire Mode Burst
	Function /Game/RealisticBlueprintWeapons/Blueprints/Weapons/Pistol.Pistol_C:Set Fire Mode FullAuto
	Function /Game/RealisticBlueprintWeapons/Blueprints/Weapons/Pistol.Pistol_C:Set Fire Mode Burst
	Function /Game/RealisticBlueprintWeapons/Blueprints/Weapons/Pistol.Pistol_C:Set Fire Mode FullAuto
	Function /Game/RealisticBlueprintWeapons/Blueprints/Weapons/Pistol.Pistol_C:Set Fire Mode Burst
	Function /Game/RealisticBlueprintWeapons/Blueprints/Weapons/Pistol.Pistol_C:Set Fire Mode FullAuto
	Function /Game/RealisticBlueprintWeapons/Blueprints/Weapons/Pistol.Pistol_C:Set Fire Mode Burst
	Function /Game/RealisticBlueprintWeapons/Blueprints/Weapons/Pistol.Pistol_C:Set Fire Mode FullAuto
	Function /Game/RealisticBlueprintWeapons/Blueprints/Weapons/Pistol.Pistol_C:Set Fire Mode Burst
	Function /Game/RealisticBlueprintWeapons/Blueprints/Weapons/Pistol.Pistol_C:Set Fire Mode FullAuto
	Function /Game/RealisticBlueprintWeapons/Blueprints/Weapons/Pistol.Pistol_C:Set Fire Mode Burst
	Function /Game/RealisticBlueprintWeapons/Blueprints/Weapons/Pistol.Pistol_C:Set Fire Mode FullAuto
	Function /Game/RealisticBlueprintWeapons/Blueprints/Weapons/Pistol.Pistol_C:Set Fire Mode Burst
	Function /Game/RealisticBlueprintWeapons/Blueprints/Weapons/Pistol.Pistol_C:Set Fire Mode FullAuto
	Function /Game/RealisticBlueprintWeapons/Blueprints/Weapons/Pistol.Pistol_C:Set Fire Mode Burst
	Function /Game/RealisticBlueprintWeapons/Blueprints/Weapons/Pistol.Pistol_C:Set Fire Mode FullAuto
	Function /Game/RealisticBlueprintWeapons/Blueprints/Weapons/Pistol.Pistol_C:Set Fire Mode Burst
	Function /Game/RealisticBlueprintWeapons/Blueprints/Weapons/Pistol.Pistol_C:Set Fire Mode FullAuto
	Function /Game/RealisticBlueprintWeapons/Blueprints/Weapons/Pistol.Pistol_C:Set Fire Mode Burst
	Function /Game/RealisticBlueprintWeapons/Blueprints/Weapons/Pistol.Pistol_C:Set Fire Mode FullAuto
	Function /Game/RealisticBlueprintWeapons/Blueprints/Weapons/Pistol.Pistol_C:Set Fire Mode Burst
	Function /Game/RealisticBlueprintWeapons/Blueprints/Weapons/Pistol.Pistol_C:Set Fire Mode FullAuto
	Function /Game/RealisticBlueprintWeapons/Blueprints/Weapons/Pistol.Pistol_C:Set Fire Mode Burst
	Function /Game/RealisticBlueprintWeapons/Blueprints/Weapons/Pistol.Pistol_C:Set Fire Mode FullAuto
	Function /Game/RealisticBlueprintWeapons/Blueprints/Weapons/Pistol.Pistol_C:Set Fire Mode Burst
	Function /Game/RealisticBlueprintWeapons/Blueprints/Weapons/Pistol.Pistol_C:Set Fire Mode FullAuto
	Function /Game/RealisticBlueprintWeapons/Blueprints/Weapons/Pistol.Pistol_C:Set Fire Mode Burst
	Function /Game/RealisticBlueprintWeapons/Blueprints/Weapons/Pistol.Pistol_C:Set Fire Mode FullAuto
	Function /Game/RealisticBlueprintWeapons/Blueprints/Weapons/Pistol.Pistol_C:Set Fire Mode Burst
	Function /Game/RealisticBlueprintWeapons/Blueprints/Weapons/Pistol.Pistol_C:Set Fire Mode FullAuto
	Function /Game/RealisticBlueprintWeapons/Blueprints/Weapons/Pistol.Pistol_C:Set Fire Mode Burst
	Function /Game/RealisticBlueprintWeapons/Blueprints/Weapons/Pistol.Pistol_C:Set Fire Mode FullAuto
	Function /Game/RealisticBlueprintWeapons/Blueprints/Weapons/Pistol.Pistol_C:Set Fire Mode Burst
	Function /Game/RealisticBlueprintWeapons/Blueprints/Weapons/Pistol.Pistol_C:Set Fire Mode FullAuto
	Function /Game/RealisticBlueprintWeapons/Blueprints/Weapons/Pistol.Pistol_C:Set Fire Mode Burst
	Function /Game/RealisticBlueprintWeapons/Blueprints/Weapons/Pistol.Pistol_C:Set Fire Mode FullAuto
	Function /Game/RealisticBlueprintWeapons/Blueprints/Weapons/Pistol.Pistol_C:Set Fire Mode Burst
	Function /Game/RealisticBlueprintWeapons/Blueprints/Weapons/Pistol.Pistol_C:Set Fire Mode FullAuto
	Function /Game/RealisticBlueprintWeapons/Blueprints/Weapons/Pistol.Pistol_C:Set Fire Mode Burst
	Function /Game/RealisticBlueprintWeapons/Blueprints/Weapons/Pistol.Pistol_C:Set Fire Mode FullAuto
	Function /Game/RealisticBlueprintWeapons/Blueprints/Weapons/Pistol.Pistol_C:Set Fire Mode Burst
	Function /Game/RealisticBlueprintWeapons/Blueprints/Weapons/Pistol.Pistol_C:Set Fire Mode FullAuto
	Function /Game/RealisticBlueprintWeapons/Blueprints/Weapons/Pistol.Pistol_C:Set Fire Mode Burst
	Function /Game/RealisticBlueprintWeapons/Blueprints/Weapons/Pistol.Pistol_C:Set Fire Mode FullAuto
	Function /Game/RealisticBlueprintWeapons/Blueprints/Weapons/Pistol.Pistol_C:Set Fire Mode Burst
	Function /Game/RealisticBlueprintWeapons/Blueprints/Weapons/Pistol.Pistol_C:Set Fire Mode FullAuto
	Function /Game/RealisticBlueprintWeapons/Blueprints/Weapons/Pistol.Pistol_C:Set Fire Mode Burst
	Function /Game/RealisticBlueprintWeapons/Blueprints/Weapons/Pistol.Pistol_C:Set Fire Mode FullAuto
	Function /Game/RealisticBlueprintWeapons/Blueprints/Weapons/Pistol.Pistol_C:Set Fire Mode Burst
	Function /Game/RealisticBlueprintWeapons/Blueprints/Weapons/Pistol.Pistol_C:Set Fire Mode FullAuto
	Function /Game/RealisticBlueprintWeapons/Blueprints/Weapons/Pistol.Pistol_C:Set Fire Mode Burst
	Function /Game/RealisticBlueprintWeapons/Blueprints/Weapons/Pistol.Pistol_C:Set Fire Mode FullAuto
	Function /Game/RealisticBlueprintWeapons/Blueprints/Weapons/Pistol.Pistol_C:Set Fire Mode Burst
	Function /Game/RealisticBlueprintWeapons/Blueprints/Weapons/Pistol.Pistol_C:Set Fire Mode FullAuto
	Function /Game/RealisticBlueprintWeapons/Blueprints/Weapons/Pistol.Pistol_C:Set Fire Mode Burst
	Function /Game/RealisticBlueprintWeapons/Blueprints/Weapons/Pistol.Pistol_C:Set Fire Mode FullAuto
	Function /Game/RealisticBlueprintWeapons/Blueprints/Weapons/Pistol.Pistol_C:Set Fire Mode Burst
	Function /Game/RealisticBlueprintWeapons/Blueprints/Weapons/Pistol.Pistol_C:Set Fire Mode FullAuto
	Function /Game/RealisticBlueprintWeapons/Blueprints/Weapons/Pistol.Pistol_C:Set Fire Mode Burst
	Function /Game/RealisticBlueprintWeapons/Blueprints/Weapons/Pistol.Pistol_C:Set Fire Mode FullAuto
	Function /Game/RealisticBlueprintWeapons/Blueprints/Weapons/Pistol.Pistol_C:Set Fire Mode Burst
	Function /Game/RealisticBlueprintWeapons/Blueprints/Weapons/Pistol.Pistol_C:Set Fire Mode FullAuto
	Function /Game/RealisticBlueprintWeapons/Blueprints/Weapons/Pistol.Pistol_C:Set Fire Mode Burst
	Function /Game/RealisticBlueprintWeapons/Blueprints/Weapons/Pistol.Pistol_C:Set Fire Mode FullAuto
	Function /Game/RealisticBlueprintWeapons/Blueprints/Weapons/Pistol.Pistol_C:Set Fire Mode Burst
	Function /Game/RealisticBlueprintWeapons/Blueprints/Weapons/Pistol.Pistol_C:Set Fire Mode FullAuto
	Function /Game/RealisticBlueprintWeapons/Blueprints/Weapons/Pistol.Pistol_C:Set Fire Mode Burst
	Function /Game/RealisticBlueprintWeapons/Blueprints/Weapons/Pistol.Pistol_C:Set Fire Mode FullAuto
	Function /Game/RealisticBlueprintWeapons/Blueprints/Weapons/Pistol.Pistol_C:Set Fire Mode Burst
	Function /Game/RealisticBlueprintWeapons/Blueprints/Weapons/Pistol.Pistol_C:Set Fire Mode FullAuto
	Function /Game/RealisticBlueprintWeapons/Blueprints/Weapons/Pistol.Pistol_C:Set Fire Mode Burst
	Function /Game/RealisticBlueprintWeapons/Blueprints/Weapons/Pistol.Pistol_C:Set Fire Mode FullAuto
	Function /Game/RealisticBlueprintWeapons/Blueprints/Weapons/Pistol.Pistol_C:Set Fire Mode Burst
	Function /Game/RealisticBlueprintWeapons/Blueprints/Weapons/Pistol.Pistol_C:Set Fire Mode FullAuto
	Function /Game/RealisticBlueprintWeapons/Blueprints/Weapons/Pistol.Pistol_C:Set Fire Mode Burst
	Function /Game/RealisticBlueprintWeapons/Blueprints/Weapons/Pistol.Pistol_C:Set Fire Mode FullAuto
	Function /Game/RealisticBlueprintWeapons/Blueprints/Weapons/Pistol.Pistol_C:Set Fire Mode Burst
	Function /Game/RealisticBlueprintWeapons/Blueprints/Weapons/Pistol.Pistol_C:Set Fire Mode FullAuto
	Function /Game/RealisticBlueprintWeapons/Blueprints/Weapons/Pistol.Pistol_C:Set Fire Mode Burst
	Function /Game/RealisticBlueprintWeapons/Blueprints/Weapons/Pistol.Pistol_C:Set Fire Mode FullAuto
	Function /Game/RealisticBlueprintWeapons/Blueprints/Weapons/Pistol.Pistol_C:Set Fire Mode Burst
	Function /Game/RealisticBlueprintWeapons/Blueprints/Weapons/Pistol.Pistol_C:Set Fire Mode FullAuto
	Function /Game/RealisticBlueprintWeapons/Blueprints/Weapons/Pistol.Pistol_C:Set Fire Mode Burst
	Function /Game/RealisticBlueprintWeapons/Blueprints/Weapons/Pistol.Pistol_C:Set Fire Mode FullAuto
	Function /Game/RealisticBlueprintWeapons/Blueprints/Weapons/Pistol.Pistol_C:Set Fire Mode Burst
	Function /Game/RealisticBlueprintWeapons/Blueprints/Weapons/Pistol.Pistol_C:Set Fire Mode FullAuto
	Function /Game/RealisticBlueprintWeapons/Blueprints/Weapons/Pistol.Pistol_C:Set Fire Mode Burst
	Function /Game/RealisticBlueprintWeapons/Blueprints/Weapons/Pistol.Pistol_C:Set Fire Mode FullAuto
	Function /Game/RealisticBlueprintWeapons/Blueprints/Weapons/Pistol.Pistol_C:Set Fire Mode Burst
	Function /Game/RealisticBlueprintWeapons/Blueprints/Weapons/Pistol.Pistol_C:Set Fire Mode FullAuto
	Function /Game/RealisticBlueprintWeapons/Blueprints/Weapons/Pistol.Pistol_C:Set Fire Mode Burst
	Function /Game/RealisticBlueprintWeapons/Blueprints/Weapons/Pistol.Pistol_C:Set Fire Mode FullAuto
	Function /Game/RealisticBlueprintWeapons/Blueprints/Weapons/Pistol.Pistol_C:Set Fire Mode Burst
	Function /Game/RealisticBlueprintWeapons/Blueprints/Weapons/Pistol.Pistol_C:Set Fire Mode FullAuto
	Function /Game/RealisticBlueprintWeapons/Blueprints/Weapons/Pistol.Pistol_C:Set Fire Mode Burst
	Function /Game/RealisticBlueprintWeapons/Blueprints/Weapons/Pistol.Pistol_C:Set Fire Mode FullAuto
	Function /Game/RealisticBlueprintWeapons/Blueprints/Weapons/Pistol.Pistol_C:Set Fire Mode Burst
	Function /Game/RealisticBlueprintWeapons/Blueprints/Weapons/Pistol.Pistol_C:Set Fire Mode FullAuto
	Function /Game/RealisticBlueprintWeapons/Blueprints/Weapons/Pistol.Pistol_C:Set Fire Mode Burst
	Function /Game/RealisticBlueprintWeapons/Blueprints/Weapons/Pistol.Pistol_C:Set Fire Mode FullAuto
	Function /Game/RealisticBlueprintWeapons/Blueprints/Weapons/Pistol.Pistol_C:Set Fire Mode Burst
	Function /Game/RealisticBlueprintWeapons/Blueprints/Weapons/Pistol.Pistol_C:Set Fire Mode FullAuto
	Function /Game/RealisticBlueprintWeapons/Blueprints/Weapons/Pistol.Pistol_C:Set Fire Mode Burst
	Function /Game/RealisticBlueprintWeapons/Blueprints/Weapons/Pistol.Pistol_C:Set Fire Mode FullAuto
	Function /Game/RealisticBlueprintWeapons/Blueprints/Weapons/Pistol.Pistol_C:Set Fire Mode Burst
	Function /Game/RealisticBlueprintWeapons/Blueprints/Weapons/Pistol.Pistol_C:Set Fire Mode FullAuto
	Function /Game/RealisticBlueprintWeapons/Blueprints/Weapons/Pistol.Pistol_C:Set Fire Mode Burst
	Function /Game/RealisticBlueprintWeapons/Blueprints/Weapons/Pistol.Pistol_C:Set Fire Mode FullAuto
	Function /Game/RealisticBlueprintWeapons/Blueprints/Weapons/Pistol.Pistol_C:Set Fire Mode Burst
	Function /Game/RealisticBlueprintWeapons/Blueprints/Weapons/Pistol.Pistol_C:Set Fire Mode FullAuto
	Function /Game/RealisticBlueprintWeapons/Blueprints/Weapons/Pistol.Pistol_C:Set Fire Mode Burst
	Function /Game/RealisticBlueprintWeapons/Blueprints/Weapons/Pistol.Pistol_C:Set Fire Mode FullAuto
	Function /Game/RealisticBlueprintWeapons/Blueprints/Weapons/Pistol.Pistol_C:Set Fire Mode Burst
	Function /Game/RealisticBlueprintWeapons/Blueprints/Weapons/Pistol.Pistol_C:Set Fire Mode FullAuto
	Function /Game/RealisticBlueprintWeapons/Blueprints/Weapons/Pistol.Pistol_C:Set Fire Mode Burst
	Function /Game/RealisticBlueprintWeapons/Blueprints/Weapons/Pistol.Pistol_C:Set Fire Mode FullAuto
	Function /Game/RealisticBlueprintWeapons/Blueprints/Weapons/Pistol.Pistol_C:Set Fire Mode Burst
	Function /Game/RealisticBlueprintWeapons/Blueprints/Weapons/Pistol.Pistol_C:Set Fire Mode FullAuto
	Function /Game/RealisticBlueprintWeapons/Blueprints/Weapons/Pistol.Pistol_C:Set Fire Mode Burst
	Function /Game/RealisticBlueprintWeapons/Blueprints/Weapons/Pistol.Pistol_C:Set Fire Mode FullAuto
	Function /Game/RealisticBlueprintWeapons/Blueprints/Weapons/Pistol.Pistol_C:Set Fire Mode Burst
	Function /Game/RealisticBlueprintWeapons/Blueprints/Weapons/Pistol.Pistol_C:Set Fire Mode FullAuto
	Function /Game/RealisticBlueprintWeapons/Blueprints/Weapons/Pistol.Pistol_C:Set Fire Mode Burst
	Function /Game/RealisticBlueprintWeapons/Blueprints/Weapons/Pistol.Pistol_C:Set Fire Mode FullAuto
	Function /Game/RealisticBlueprintWeapons/Blueprints/Weapons/Pistol.Pistol_C:Set Fire Mode Burst
	Function /Game/RealisticBlueprintWeapons/Blueprints/Weapons/Pistol.Pistol_C:Set Fire Mode FullAuto
	Function /Game/RealisticBlueprintWeapons/Blueprints/Weapons/Pistol.Pistol_C:Set Fire Mode Burst
	Function /Game/RealisticBlueprintWeapons/Blueprints/Weapons/Pistol.Pistol_C:Set Fire Mode FullAuto
	Function /Game/RealisticBlueprintWeapons/Blueprints/Weapons/Pistol.Pistol_C:Set Fire Mode Burst
	Function /Game/RealisticBlueprintWeapons/Blueprints/Weapons/Pistol.Pistol_C:Set Fire Mode FullAuto
	Function /Game/RealisticBlueprintWeapons/Blueprints/Weapons/Pistol.Pistol_C:Set Fire Mode Burst
	Function /Game/RealisticBlueprintWeapons/Blueprints/Weapons/Pistol.Pistol_C:Set Fire Mode FullAuto
	Function /Game/RealisticBlueprintWeapons/Blueprints/Weapons/Pistol.Pistol_C:Set Fire Mode Burst
