[2015.07.22-23.27.29:306][  0]Log file open, 07/22/15 18:27:29
[2015.07.22-23.27.29:306][  0]LogInit:Display: Running engine for game: TheForsakens
[2015.07.22-23.27.29:306][  0]LogInit:Display: RandInit(-273487714) SRandInit(-273487713).
[2015.07.22-23.27.29:306][  0]LogTaskGraph: Started task graph with 4 named threads and 5 total threads.
[2015.07.22-23.27.29:306][  0]LogStats: Stats thread started
[2015.07.22-23.27.29:306][  0]LogInit: Version: 4.8.2-2614606+++depot+UE4-Releases+4.8
[2015.07.22-23.27.29:306][  0]LogInit: API Version: 2579680
[2015.07.22-23.27.29:306][  0]LogInit: Compiled (64-bit): Jul  8 2015 23:43:41
[2015.07.22-23.27.29:306][  0]LogInit: Compiled with Visual C++: 18.00.21005.01
[2015.07.22-23.27.29:306][  0]LogInit: Build Configuration: Development
[2015.07.22-23.27.29:306][  0]LogInit: Branch Name: ++depot+UE4-Releases+4.8
[2015.07.22-23.27.29:306][  0]LogInit: Command line:  
[2015.07.22-23.27.29:306][  0]LogInit: Base directory: C:/Program Files/Epic Games/4.8/Engine/Binaries/Win64/
[2015.07.22-23.27.29:306][  0]LogInit: Rocket: 1
[2015.07.22-23.27.29:350][  0]LogInit: Using libcurl 7.41.0
[2015.07.22-23.27.29:350][  0]LogInit:  - built for x86_64-pc-win32
[2015.07.22-23.27.29:350][  0]LogInit:  - supports SSL with WinSSL
[2015.07.22-23.27.29:350][  0]LogInit:  - other features:
[2015.07.22-23.27.29:350][  0]LogInit:      CURL_VERSION_SSL
[2015.07.22-23.27.29:350][  0]LogInit:      CURL_VERSION_IPV6
[2015.07.22-23.27.29:350][  0]LogInit:      CURL_VERSION_ASYNCHDNS
[2015.07.22-23.27.29:350][  0]LogInit:      CURL_VERSION_LARGEFILE
[2015.07.22-23.27.29:350][  0]LogInit:      CURL_VERSION_IDN
[2015.07.22-23.27.29:351][  0]LogInit:  CurlRequestOptions (configurable via config and command line):
[2015.07.22-23.27.29:351][  0]LogInit:  - bVerifyPeer = true  - Libcurl will verify peer certificate
[2015.07.22-23.27.29:351][  0]LogInit:  - bUseHttpProxy = false  - Libcurl will NOT use HTTP proxy
[2015.07.22-23.27.29:351][  0]LogInit:  - bDontReuseConnections = false  - Libcurl will reuse connections
[2015.07.22-23.27.29:351][  0]LogInit:  - CertBundlePath = nullptr  - Libcurl will use whatever was configured at build time.
[2015.07.22-23.27.29:378][  0]LogOnline:Warning: No default platform service specified for OnlineSubsystem
[2015.07.22-23.27.29:582][  0]LogInit: Presizing for 0 objects not considered by GC, pre-allocating 0 bytes.
[2015.07.22-23.27.30:230][  0]LogInit: Object subsystem initialized
[2015.07.22-23.27.30:360][  0]LogConsoleResponse:Warning: Skipping Unknown console variable: 'TranslucentSortAxis = (X=0.000000,Y=-1.000000,Z=0.000000)'
[2015.07.22-23.27.30:360][  0]LogConsoleResponse:Warning:   Found in ini file 'C:/Users/Christian/Documents/Unreal Projects/TheForsakens 4.8/Saved/Config/Windows/Engine.ini', in section '[/Script/Engine.RendererSettings]'
[2015.07.22-23.27.30:360][  0]LogConsoleResponse:Warning: Skipping Unknown console variable: 'UIScaleRule = ShortestSide'
[2015.07.22-23.27.30:360][  0]LogConsoleResponse:Warning:   Found in ini file 'C:/Users/Christian/Documents/Unreal Projects/TheForsakens 4.8/Saved/Config/Windows/Engine.ini', in section '[/Script/Engine.RendererSettings]'
[2015.07.22-23.27.30:360][  0]LogConsoleResponse:Warning: Skipping Unknown console variable: 'UIScaleCurve = (EditorCurveData=(Keys=),ExternalCurve=None)'
[2015.07.22-23.27.30:360][  0]LogConsoleResponse:Warning:   Found in ini file 'C:/Users/Christian/Documents/Unreal Projects/TheForsakens 4.8/Saved/Config/Windows/Engine.ini', in section '[/Script/Engine.RendererSettings]'
[2015.07.22-23.27.30:522][  0]LogInit: Selected Device Profile: [Windows]
[2015.07.22-23.27.30:522][  0]LogInit: Applying CVar settings loaded from the selected device profile: [Windows]
[2015.07.22-23.27.30:668][  0]LogInit: Computer: CHRISTIANGAMING
[2015.07.22-23.27.30:668][  0]LogInit: User: Christian
[2015.07.22-23.27.30:668][  0]LogInit: CPU Page size=4096, Cores=2
[2015.07.22-23.27.30:668][  0]LogInit: High frequency timer resolution =2.143570 MHz
[2015.07.22-23.27.30:668][  0]LogMemory: Memory total: Physical=3.9GB (4GB approx)
[2015.07.22-23.27.30:668][  0]LogMemory: Platform Memory Stats for Windows
[2015.07.22-23.27.30:668][  0]LogMemory: Process Physical Memory: 48.65 MB used, 48.65 MB peak
[2015.07.22-23.27.30:668][  0]LogMemory: Process Virtual Memory: 22.00 MB used, 22.00 MB peak
[2015.07.22-23.27.30:668][  0]LogMemory: Physical Memory: 1412.98 MB used, 3983.27 MB total
[2015.07.22-23.27.30:668][  0]LogMemory: Virtual Memory: 290.59 MB used, 8388608.00 MB total
[2015.07.22-23.27.32:337][  0]LogTextLocalizationManager: The requested culture ('en_US') has no localization data; parent culture's ('en') localization data will be used.
[2015.07.22-23.27.32:817][  0]LogTextLocalizationManager:Warning: Loaded localization resources contain conflicting entries for (Namespace:ContentBrowser, Key:ImportAssetToolTip):
Localization Resource: (C:/Program Files/Epic Games/4.8/Engine/Content/Localization/Editor/en/Editor.locres) Source String Hash: (-630476809) Localized String: (Import to {0}...)
Localization Resource: (C:/Program Files/Epic Games/4.8/Engine/Content/Localization/Editor/en/Editor.locres) Source String Hash: (1271782899) Localized String: (Imports an asset from file to this folder.)
[2015.07.22-23.27.34:625][  0]LogD3D11RHI: Found D3D11 adapter 0: Intel(R) HD Graphics 3000 (Feature Level 10_0)
[2015.07.22-23.27.34:625][  0]LogD3D11RHI: Adapter has 32MB of dedicated video memory, 0MB of dedicated system memory, and 1632MB of shared system memory, 1 output[s]
[2015.07.22-23.27.34:643][  0]LogD3D11RHI: Found D3D11 adapter 1: Microsoft Basic Render Driver (Feature Level 11_0)
[2015.07.22-23.27.34:643][  0]LogD3D11RHI: Adapter has 0MB of dedicated video memory, 0MB of dedicated system memory, and 256MB of shared system memory, 0 output[s]
[2015.07.22-23.27.34:643][  0]LogD3D11RHI: Chosen D3D11 Adapter Id = 0
[2015.07.22-23.27.34:658][  0]LogD3D11RHI: InitD3DDevice
[2015.07.22-23.27.34:658][  0]LogD3D11RHI: !Direct3DDevice
[2015.07.22-23.27.34:659][  0]LogRHI: Texture pool is 593 MB (70% of 848 MB)
[2015.07.22-23.27.34:677][  0]LogD3D11RHI: Async texture creation enabled
[2015.07.22-23.27.35:134][  0]LogShaderCompilers:Display: Using Local Shader Compiler.
[2015.07.22-23.27.48:528][  0]LogTemp:Display: Loaded TP DesktopTargetPlatform
[2015.07.22-23.27.48:581][  0]LogTemp:Display: Loaded TP WindowsClientTargetPlatform
[2015.07.22-23.27.48:608][  0]LogTemp:Display: Loaded TP WindowsNoEditorTargetPlatform
[2015.07.22-23.27.48:641][  0]LogTemp:Display: Loaded TP WindowsServerTargetPlatform
[2015.07.22-23.27.48:676][  0]LogTemp:Display: Loaded TP WindowsTargetPlatform
[2015.07.22-23.27.48:703][  0]LogTemp:Display: Loaded TP AndroidTargetPlatform
[2015.07.22-23.27.48:729][  0]LogTemp:Display: Loaded TP Android_ASTCTargetPlatform
[2015.07.22-23.27.48:756][  0]LogTemp:Display: Loaded TP Android_ATCTargetPlatform
[2015.07.22-23.27.48:779][  0]LogTemp:Display: Loaded TP Android_DXTTargetPlatform
[2015.07.22-23.27.48:815][  0]LogTemp:Display: Loaded TP Android_ETC1TargetPlatform
[2015.07.22-23.27.48:850][  0]LogTemp:Display: Loaded TP Android_ETC2TargetPlatform
[2015.07.22-23.27.48:881][  0]LogTemp:Display: Loaded TP Android_PVRTCTargetPlatform
[2015.07.22-23.27.49:038][  0]LogTemp:Display: Loaded TP IOSTargetPlatform
[2015.07.22-23.27.49:075][  0]LogTemp:Display: Loaded TP LinuxNoEditorTargetPlatform
[2015.07.22-23.27.49:108][  0]LogTemp:Display: Loaded TP LinuxServerTargetPlatform
[2015.07.22-23.27.49:156][  0]LogTemp:Display: Loaded TP LinuxTargetPlatform
[2015.07.22-23.27.49:156][  0]LogTargetPlatformManager:Display: Building Assets For Windows
[2015.07.22-23.27.50:315][  0]LogDerivedDataCache:Display: Max Cache Size: 512 MB
[2015.07.22-23.27.51:241][  0]LogDerivedDataCache: Loaded boot cache 0.93s 48MB C:/Users/Christian/AppData/Local/UnrealEngine/4.8/DerivedDataCache/Boot.ddc.
[2015.07.22-23.27.51:241][  0]LogDerivedDataCache:Display: Loaded Boot cache: C:/Users/Christian/AppData/Local/UnrealEngine/4.8/DerivedDataCache/Boot.ddc
[2015.07.22-23.27.51:241][  0]LogDerivedDataCache: FDerivedDataBackendGraph:  Pak pak cache file ../../../../../../Users/Christian/Documents/Unreal Projects/TheForsakens 4.8/DerivedDataCache/DDC.ddp not found, will not use a pak cache.
[2015.07.22-23.27.51:242][  0]LogDerivedDataCache: Unable to find inner node Pak for hierarchical cache Hierarchy.
[2015.07.22-23.27.51:242][  0]LogDerivedDataCache: FDerivedDataBackendGraph:  CompressedPak pak cache file ../../../../../../Users/Christian/Documents/Unreal Projects/TheForsakens 4.8/DerivedDataCache/Compressed.ddp not found, will not use a pak cache.
[2015.07.22-23.27.51:242][  0]LogDerivedDataCache: Unable to find inner node CompressedPak for hierarchical cache Hierarchy.
[2015.07.22-23.27.51:598][  0]LogDerivedDataCache:Display: Pak cache opened for reading ../../../Engine/DerivedDataCache/Compressed.ddp.
[2015.07.22-23.27.51:629][  0]LogDerivedDataCache: Using Local data cache path C:/Users/Christian/AppData/Local/UnrealEngine/Common/DerivedDataCache: Writable
[2015.07.22-23.28.00:060][  0]LogInit: Selected Device Profile: [Windows]
[2015.07.22-23.28.01:371][  0]ImportText (ComponentSweepMultiTests): Missing closing parenthesis: (RootShapeAsset="/Engine/BasicShapes/Cube.Cube",ShapeType="TriggerCapsule",HitResult=(Time=0.50,Location=(X=-100.000015,Y=0.0,Z=100.000015),ImpactPoint=(X=-50.0,Y=0.0,Z=50.0),Normal=(X=-1.0,Y=-0.0,Z=0.0),ImpactNormal=(X=0.0,Y=0.0,Z=1.0),TraceStart=(X=-200.0,Y=0.0,Z=200.0),TraceEnd=(X=0.0,Y=0.0,Z=0.0))
[2015.07.22-23.28.01:372][  0]ImportText (LineTraceSingleByChannelTests): Missing closing parenthesis: (RootShapeAsset="/Engine/BasicShapes/Cube.Cube",HitResult=(Time=0.50,Location=(X=-100.000015,Y=0.0,Z=100.000015),ImpactPoint=(X=-50.0,Y=0.0,Z=50.0),Normal=(X=-1.0,Y=-0.0,Z=0.0),ImpactNormal=(X=0.0,Y=0.0,Z=1.0),TraceStart=(X=-200.0,Y=0.0,Z=200.0),TraceEnd=(X=0.0,Y=0.0,Z=0.0))
[2015.07.22-23.28.01:761][  0]LogMeshUtilities: No automatic mesh reduction module available
[2015.07.22-23.28.01:761][  0]LogMeshUtilities: No automatic mesh merging module available
[2015.07.22-23.28.06:070][  0]LogInit: WinSock: version 1.1 (2.2), MaxSocks=32767, MaxUdp=65467
[2015.07.22-23.28.35:221][  0]UdpMessaging: Initializing bridge on interface 0.0.0.0:0 to multicast group 230.0.0.1:6666.
[2015.07.22-23.28.38:672][  0]SourceControl: Info Source control is disabled
[2015.07.22-23.28.38:673][  0]SourceControl: Info Source control is disabled
[2015.07.22-23.28.38:774][  0]SourceControl: Info Source control is disabled
[2015.07.22-23.28.38:855][  0]SourceControl: Info Source control is disabled
[2015.07.22-23.28.40:590][  0]LogObj: 26273 objects as part of root set at end of initial load.
[2015.07.22-23.28.40:590][  0]LogUObjectAllocator: 5409248 out of 0 bytes used by permanent object pool.
[2015.07.22-23.28.41:922][  0]LogEngine: Initializing Engine...
[2015.07.22-23.28.41:951][  0]LogHMD: Can't find Oculus library dev build: is proper Runtime installed? Version: 0.6.0.0
[2015.07.22-23.28.42:064][  0]LogHMD:Warning: SteamVR failed to initialize.  Error: 110
[2015.07.22-23.28.44:352][  0]LogAIModule: Creating AISystem for world NewWorld
[2015.07.22-23.28.45:336][  0]LogInit: XAudio2 using 'Speakers (Realtek High Definition Audio)' : 2 channels at 48 kHz using 32 bits per sample (channel mask 0x3)
[2015.07.22-23.28.45:457][  0]LogInit: FAudioDevice initialized.
[2015.07.22-23.28.45:517][  0]LogDerivedDataCache: Saved boot cache 0.06s 48MB C:/Users/Christian/AppData/Local/UnrealEngine/4.8/DerivedDataCache/Boot.ddc.
[2015.07.22-23.28.45:843][  0]LogInit: Texture streaming: Disabled
[2015.07.22-23.28.48:103][  0]LogAnalytics: Creating configured Analytics provider AnalyticsET
[2015.07.22-23.28.48:104][  0]LogAnalytics: [UEEditor.Rocket.Release] APIServer = http://et2.epicgames.com/ET2/. AppVersion = 4.8.2-2614606+++depot+UE4-Releases+4.8
[2015.07.22-23.28.48:104][  0]LogAnalytics: [UEEditor.Rocket.Release] SetUserId d520111f42444ed2ae17ceb4cce854a2|256081b0662a4905b440382e278adc23|3ae4f12a-3c0a-4aaf-bb63-a78589ca1625
[2015.07.22-23.28.48:696][  0]LogAnalytics: [UEEditor.Rocket.Release] AnalyticsET::StartSession
[2015.07.22-23.28.53:022][  0]LogInit: Transaction tracking system initialized
[2015.07.22-23.28.54:403][  0]BlueprintLog: New page: Editor Load
[2015.07.22-23.28.54:765][  0]LogAssetRegistry: FAssetRegistry took 0.0285 seconds to start up
[2015.07.22-23.28.54:798][  0]LogDirectoryWatcher:Warning: Failed to begin reading directory changes for ../../../Engine/Plugins/Experimental/CharacterAI/Content/. Error: 0
[2015.07.22-23.29.12:634][  0]LogConsoleManager:Warning: Console variable 'r.VSync' wasn't set ('GameSetting' has a lower priority than 'SystemSettingsIni')
[2015.07.22-23.29.12:665][  0]LogConsoleResponse:Display: 
[2015.07.22-23.29.17:776][  0]LogCook:Display: Done creating registry. It took  0.00s.
[2015.07.22-23.29.21:212][  0]SourceControl: Info Source control is disabled
[2015.07.22-23.29.21:445][  0]Cmd: MAP LOAD FILE="../../../Engine/Content/Maps/Templates/Template_Default.umap" TEMPLATE=1 SHOWPROGRESS=1 FEATURELEVEL=2
[2015.07.22-23.29.21:583][  0]LightingResults: New page: Lighting Build
[2015.07.22-23.29.22:181][  0]MapCheck: New page: Map Check
[2015.07.22-23.29.22:181][  0]LightingResults: New page: Lighting Build
[2015.07.22-23.29.22:987][  0]LogParticles: Destroying 0 GPU particle simulations for FXSystem 0x000000D3B2226160
[2015.07.22-23.29.26:840][  0]LogAIModule: Creating AISystem for world Untitled_1
[2015.07.22-23.29.28:350][  0]LogEditorServer: Finished looking for orphan Actors (0.000 secs)
[2015.07.22-23.29.28:565][  0]Cmd: MAP CHECKDEP NOCLEARLOG
[2015.07.22-23.29.28:779][  0]MapCheck: Info Map check complete: 0 Error(s), 0 Warning(s), took 152.631ms to complete.
[2015.07.22-23.29.28:783][  0]LogFileHelpers: Loading map 'Template_Default' took 7.505
[2015.07.22-23.29.31:584][  0]LogCollectionManager: Loaded 0 collections in 0.003910 seconds
[2015.07.22-23.29.31:669][  0]LogContentBrowser: Native class hierarchy populated in 0.0706 seconds. Added 1792 classes and 301 folders.
[2015.07.22-23.29.32:143][  0]LogContentBrowser: Native class hierarchy updated for 'WidgetCarousel' in 0.0005 seconds. Added 0 classes and 0 folders.
[2015.07.22-23.29.32:888][  0]LogContentBrowser: Native class hierarchy updated for 'AddContentDialog' in 0.0007 seconds. Added 0 classes and 0 folders.
[2015.07.22-23.29.33:002][  0]LogContentBrowser: Native class hierarchy updated for 'SceneOutliner' in 0.0005 seconds. Added 1 classes and 2 folders.
[2015.07.22-23.29.34:781][  0]LogCrashTracker: Crashtracker disabled due to settings.
[2015.07.22-23.29.34:853][  0]LogD3D11RHI: InitD3DDevice
[2015.07.22-23.29.35:080][  0]LogUObjectGlobals:Warning: Failed to find object 'Class None.'
[2015.07.22-23.29.35:167][  0]LogLoad: Full Startup: 135.80 seconds (BP compile: 1.89 seconds)
[2015.07.22-23.29.36:215][  0]LogContentStreaming: Texture pool size is 0.000000MB
[2015.07.22-23.29.36:416][  0]LogContentStreaming: Texture pool size now 700 MB
[2015.07.22-23.29.37:895][  0]LogRenderer: Reallocating scene render targets to support 840x376 (Frame:2).
[2015.07.22-23.29.48:013][ 26]LogAssetRegistry: Asset discovery search completed in 53.2653 seconds
[2015.07.22-23.30.04:664][106]LogD3D11RHI: InitD3DDevice
[2015.07.22-23.30.09:254][234]LogD3D11RHI: InitD3DDevice
[2015.07.22-23.30.36:114][234]LogAIModule: Creating AISystem for world Mansion
[2015.07.22-23.30.38:450][234]Cmd: MAP LOAD FILE="../../../../../../Users/Christian/Documents/Unreal Projects/TheForsakens 4.8/Content/Maps/Mansion.umap" TEMPLATE=0 SHOWPROGRESS=1 FEATURELEVEL=2
[2015.07.22-23.30.38:453][234]LightingResults: New page: Lighting Build
[2015.07.22-23.30.38:520][234]LoadErrors: New page: Loading map: Mansion.umap
[2015.07.22-23.30.38:578][234]MapCheck: New page: Map Check
[2015.07.22-23.30.38:578][234]LightingResults: New page: Lighting Build
[2015.07.22-23.30.38:679][234]LogParticles: Destroying 0 GPU particle simulations for FXSystem 0x000000D3B0A66200
[2015.07.22-23.30.39:955][234]LogAIModule: Creating AISystem for world Mansion
[2015.07.22-23.30.40:545][234]LogEditorServer: Finished looking for orphan Actors (0.000 secs)
[2015.07.22-23.30.41:053][234]Cmd: MAP CHECKDEP NOCLEARLOG
[2015.07.22-23.30.41:159][234]MapCheck: Info Map check complete: 0 Error(s), 0 Warning(s), took 105.215ms to complete.
[2015.07.22-23.30.41:159][234]LogFileHelpers: Loading map 'Mansion' took 2.737
[2015.07.22-23.30.56:716][554]LogEditorViewport: Clicking on Actor (LMB): StaticMeshActor (Floor42)
[2015.07.22-23.30.58:512][559]LogEditorViewport: Clicking on Actor (LMB): StaticMeshActor (Floor42)
[2015.07.22-23.31.37:563][439]LogPlayLevel: PIE:  No blueprints needed recompiling
[2015.07.22-23.31.37:802][439]PIE: New page: PIE session: Mansion (Jul 22, 2015, 1:31:37 PM)
[2015.07.22-23.31.37:809][439]LogPlayLevel: Creating play world package: /Game/Maps/UEDPIE_0_Mansion
[2015.07.22-23.31.38:090][439]LogPlayLevel: PIE: StaticDuplicateObject took: (0.281048s)
[2015.07.22-23.31.38:091][439]LogAIModule: Creating AISystem for world Mansion
[2015.07.22-23.31.38:092][439]LogPlayLevel: PIE: World Init took: (0.001870s)
[2015.07.22-23.31.38:099][439]LogPlayLevel: PIE: Created PIE world by copying editor world from /Game/Maps/Mansion.Mansion to /Game/Maps/UEDPIE_0_Mansion.Mansion (0.290499s)
[2015.07.22-23.31.38:111][439]LogActorComponent: UnregisterComponent: (/Engine/Transient.CharMoveComp) Not registered. Aborting.
[2015.07.22-23.31.38:314][439]LogInit: XAudio2 using 'Speakers (Realtek High Definition Audio)' : 2 channels at 48 kHz using 32 bits per sample (channel mask 0x3)
[2015.07.22-23.31.38:323][439]LogInit: FAudioDevice initialized.
[2015.07.22-23.31.38:395][439]LogD3D11RHI: InitD3DDevice
[2015.07.22-23.31.38:592][439]LogWorld: Game class is 'MyGame_C'
[2015.07.22-23.31.38:960][439]LogWorld: Bringing World /Game/Maps/UEDPIE_0_Mansion.Mansion up for play (max tick rate 60) at 2015.07.22-18.31.38
[2015.07.22-23.31.38:960][439]LogActor:Warning: GameSession /Game/Maps/UEDPIE_0_Mansion.Mansion:PersistentLevel.GameSession_0 has natively added scene component(s), but none of them were set as the actor's RootComponent - picking one arbitrarily
[2015.07.22-23.31.38:997][439]LogActor:Warning: GameNetworkManager /Game/Maps/UEDPIE_0_Mansion.Mansion:PersistentLevel.GameNetworkManager_0 has natively added scene component(s), but none of them were set as the actor's RootComponent - picking one arbitrarily
[2015.07.22-23.31.39:190][439]LogWorld: Bringing up level for play took: 0.318172
[2015.07.22-23.31.39:868][439]PIE: Info Play in editor start time for /Game/Maps/UEDPIE_0_Mansion 1.817
[2015.07.22-23.31.40:302][439]LogRenderer: Reallocating scene render targets to support 1296x728 (Frame:1422).
[2015.07.22-23.31.54:093][619]LogArray:Warning: Attempted to get an item from array CallFunc_GetDataTableRowNames_OutRowNames out of bounds [5/4]!
[2015.07.22-23.31.54:093][619]LogArray:Warning: Attempted to get an item from array CallFunc_GetDataTableRowNames_OutRowNames out of bounds [6/4]!
[2015.07.22-23.31.54:943][627]LogArray:Warning: Attempted to get an item from array CallFunc_GetDataTableRowNames_OutRowNames out of bounds [5/4]!
[2015.07.22-23.31.54:943][627]LogArray:Warning: Attempted to get an item from array CallFunc_GetDataTableRowNames_OutRowNames out of bounds [6/4]!
[2015.07.22-23.31.55:592][634]LogArray:Warning: Attempted to get an item from array CallFunc_GetDataTableRowNames_OutRowNames out of bounds [5/4]!
[2015.07.22-23.31.55:592][634]LogArray:Warning: Attempted to get an item from array CallFunc_GetDataTableRowNames_OutRowNames out of bounds [6/4]!
[2015.07.22-23.31.56:309][642]LogArray:Warning: Attempted to get an item from array CallFunc_GetDataTableRowNames_OutRowNames out of bounds [5/4]!
[2015.07.22-23.31.56:309][642]LogArray:Warning: Attempted to get an item from array CallFunc_GetDataTableRowNames_OutRowNames out of bounds [6/4]!
[2015.07.22-23.31.56:945][649]LogArray:Warning: Attempted to get an item from array CallFunc_GetDataTableRowNames_OutRowNames out of bounds [5/4]!
[2015.07.22-23.31.56:945][649]LogArray:Warning: Attempted to get an item from array CallFunc_GetDataTableRowNames_OutRowNames out of bounds [6/4]!
[2015.07.22-23.32.05:426][754]LogArray:Warning: Attempted to get an item from array CallFunc_GetDataTableRowNames_OutRowNames out of bounds [5/4]!
[2015.07.22-23.32.05:426][754]LogArray:Warning: Attempted to get an item from array CallFunc_GetDataTableRowNames_OutRowNames out of bounds [6/4]!
[2015.07.22-23.32.10:761][820]LogArray:Warning: Attempted to get an item from array CallFunc_GetDataTableRowNames_OutRowNames out of bounds [5/4]!
[2015.07.22-23.32.10:761][820]LogArray:Warning: Attempted to get an item from array CallFunc_GetDataTableRowNames_OutRowNames out of bounds [6/4]!
[2015.07.22-23.32.12:154][838]LogArray:Warning: Attempted to get an item from array CallFunc_GetDataTableRowNames_OutRowNames out of bounds [5/4]!
[2015.07.22-23.32.12:154][838]LogArray:Warning: Attempted to get an item from array CallFunc_GetDataTableRowNames_OutRowNames out of bounds [6/4]!
[2015.07.22-23.32.12:238][839]LogBlueprintUserMessages: No ammo, CLICK!
[2015.07.22-23.32.13:952][862]LogBlueprintUserMessages: No ammo, CLICK!
[2015.07.22-23.32.14:013][863]LogBlueprintUserMessages: No ammo, CLICK!
[2015.07.22-23.32.15:698][886]LogArray:Warning: Attempted to get an item from array CallFunc_GetDataTableRowNames_OutRowNames out of bounds [5/4]!
[2015.07.22-23.32.15:698][886]LogArray:Warning: Attempted to get an item from array CallFunc_GetDataTableRowNames_OutRowNames out of bounds [6/4]!
[2015.07.22-23.32.27:434][ 53]LogParticles: Destroying 0 GPU particle simulations for FXSystem 0x000000D3F4A7F1A0
[2015.07.22-23.32.53:147][647]LogD3D11RHI: InitD3DDevice
[2015.07.22-23.32.54:442][685]Cmd: BRUSH ADD SELECTNEWBRUSH
[2015.07.22-23.38.48:724][359]LogPlayLevel: PIE:  No blueprints needed recompiling
[2015.07.22-23.38.48:724][359]PIE: New page: PIE session: Mansion (Jul 22, 2015, 1:38:48 PM)
[2015.07.22-23.38.48:725][359]LogPlayLevel: Creating play world package: /Game/Maps/UEDPIE_0_Mansion
[2015.07.22-23.38.48:884][359]LogPlayLevel: PIE: StaticDuplicateObject took: (0.159664s)
[2015.07.22-23.38.48:885][359]LogAIModule: Creating AISystem for world Mansion
[2015.07.22-23.38.48:886][359]LogPlayLevel: PIE: World Init took: (0.002123s)
[2015.07.22-23.38.48:887][359]LogPlayLevel: PIE: Created PIE world by copying editor world from /Game/Maps/Mansion.Mansion to /Game/Maps/UEDPIE_0_Mansion.Mansion (0.162285s)
[2015.07.22-23.38.49:146][359]LogInit: XAudio2 using 'Speakers (Realtek High Definition Audio)' : 2 channels at 48 kHz using 32 bits per sample (channel mask 0x3)
[2015.07.22-23.38.49:154][359]LogInit: FAudioDevice initialized.
[2015.07.22-23.38.49:157][359]LogD3D11RHI: InitD3DDevice
[2015.07.22-23.38.49:197][359]LogWorld: Game class is 'MyGame_C'
[2015.07.22-23.38.49:303][359]LogWorld: Bringing World /Game/Maps/UEDPIE_0_Mansion.Mansion up for play (max tick rate 60) at 2015.07.22-18.38.49
[2015.07.22-23.38.49:303][359]LogActor:Warning: GameSession /Game/Maps/UEDPIE_0_Mansion.Mansion:PersistentLevel.GameSession_1 has natively added scene component(s), but none of them were set as the actor's RootComponent - picking one arbitrarily
[2015.07.22-23.38.49:304][359]LogActor:Warning: GameNetworkManager /Game/Maps/UEDPIE_0_Mansion.Mansion:PersistentLevel.GameNetworkManager_1 has natively added scene component(s), but none of them were set as the actor's RootComponent - picking one arbitrarily
[2015.07.22-23.38.49:313][359]LogWorld: Bringing up level for play took: 0.101972
[2015.07.22-23.38.49:394][359]PIE: Info Play in editor start time for /Game/Maps/UEDPIE_0_Mansion 1.344
[2015.07.22-23.39.07:769][597]LogArray:Warning: Attempted to get an item from array CallFunc_GetDataTableRowNames_OutRowNames out of bounds [5/4]!
[2015.07.22-23.39.07:769][597]LogArray:Warning: Attempted to get an item from array CallFunc_GetDataTableRowNames_OutRowNames out of bounds [6/4]!
[2015.07.22-23.39.25:455][841]LogArray:Warning: Attempted to get an item from array CallFunc_GetDataTableRowNames_OutRowNames out of bounds [5/4]!
[2015.07.22-23.39.25:455][841]LogArray:Warning: Attempted to get an item from array CallFunc_Ge