[2015.08.20-14.50.10:947][  0]Log file open, 08/20/15 09:50:10
[2015.08.20-14.50.10:947][  0]LogInit:Display: Running engine for game: TheForsakensJacket
[2015.08.20-14.50.10:947][  0]LogInit:Display: RandInit(-630256761) SRandInit(-630256760).
[2015.08.20-14.50.10:947][  0]LogTaskGraph: Started task graph with 4 named threads and 5 total threads.
[2015.08.20-14.50.10:947][  0]LogStats: Stats thread started
[2015.08.20-14.50.10:947][  0]LogInit: Version: 4.8.3-2634408+++depot+UE4-Releases+4.8
[2015.08.20-14.50.10:947][  0]LogInit: API Version: 2579680
[2015.08.20-14.50.10:947][  0]LogInit: Compiled (64-bit): Jul 27 2015 16:24:33
[2015.08.20-14.50.10:947][  0]LogInit: Compiled with Visual C++: 18.00.21005.01
[2015.08.20-14.50.10:947][  0]LogInit: Build Configuration: Development
[2015.08.20-14.50.10:947][  0]LogInit: Branch Name: ++depot+UE4-Releases+4.8
[2015.08.20-14.50.10:947][  0]LogInit: Command line:  
[2015.08.20-14.50.10:947][  0]LogInit: Base directory: C:/Program Files/Epic Games/4.8/Engine/Binaries/Win64/
[2015.08.20-14.50.10:947][  0]LogInit: Rocket: 1
[2015.08.20-14.50.11:194][  0]LogInit: Using libcurl 7.41.0
[2015.08.20-14.50.11:194][  0]LogInit:  - built for x86_64-pc-win32
[2015.08.20-14.50.11:194][  0]LogInit:  - supports SSL with WinSSL
[2015.08.20-14.50.11:194][  0]LogInit:  - other features:
[2015.08.20-14.50.11:194][  0]LogInit:      CURL_VERSION_SSL
[2015.08.20-14.50.11:194][  0]LogInit:      CURL_VERSION_IPV6
[2015.08.20-14.50.11:194][  0]LogInit:      CURL_VERSION_ASYNCHDNS
[2015.08.20-14.50.11:194][  0]LogInit:      CURL_VERSION_LARGEFILE
[2015.08.20-14.50.11:194][  0]LogInit:      CURL_VERSION_IDN
[2015.08.20-14.50.11:195][  0]LogInit:  CurlRequestOptions (configurable via config and command line):
[2015.08.20-14.50.11:195][  0]LogInit:  - bVerifyPeer = true  - Libcurl will verify peer certificate
[2015.08.20-14.50.11:195][  0]LogInit:  - bUseHttpProxy = false  - Libcurl will NOT use HTTP proxy
[2015.08.20-14.50.11:195][  0]LogInit:  - bDontReuseConnections = false  - Libcurl will reuse connections
[2015.08.20-14.50.11:195][  0]LogInit:  - CertBundlePath = nullptr  - Libcurl will use whatever was configured at build time.
[2015.08.20-14.50.11:217][  0]LogOnline:Warning: No default platform service specified for OnlineSubsystem
[2015.08.20-14.50.11:238][  0]LogInit: Presizing for 0 objects not considered by GC, pre-allocating 0 bytes.
[2015.08.20-14.50.11:257][  0]LogInit: Object subsystem initialized
[2015.08.20-14.50.11:259][  0]LogConsoleResponse:Warning: Skipping Unknown console variable: 'TranslucentSortAxis = (X=0.000000,Y=-1.000000,Z=0.000000)'
[2015.08.20-14.50.11:259][  0]LogConsoleResponse:Warning:   Found in ini file 'C:/Users/Christian/Desktop/TheForsakensJacket/Saved/Config/Windows/Engine.ini', in section '[/Script/Engine.RendererSettings]'
[2015.08.20-14.50.11:259][  0]LogConsoleResponse:Warning: Skipping Unknown console variable: 'UIScaleRule = ShortestSide'
[2015.08.20-14.50.11:259][  0]LogConsoleResponse:Warning:   Found in ini file 'C:/Users/Christian/Desktop/TheForsakensJacket/Saved/Config/Windows/Engine.ini', in section '[/Script/Engine.RendererSettings]'
[2015.08.20-14.50.11:259][  0]LogConsoleResponse:Warning: Skipping Unknown console variable: 'UIScaleCurve = (EditorCurveData=(Keys=),ExternalCurve=None)'
[2015.08.20-14.50.11:259][  0]LogConsoleResponse:Warning:   Found in ini file 'C:/Users/Christian/Desktop/TheForsakensJacket/Saved/Config/Windows/Engine.ini', in section '[/Script/Engine.RendererSettings]'
[2015.08.20-14.50.11:260][  0]LogInit: Selected Device Profile: [Windows]
[2015.08.20-14.50.11:260][  0]LogInit: Applying CVar settings loaded from the selected device profile: [Windows]
[2015.08.20-14.50.11:271][  0]LogInit: Computer: CHRISTIANGAMING
[2015.08.20-14.50.11:271][  0]LogInit: User: Christian
[2015.08.20-14.50.11:271][  0]LogInit: CPU Page size=4096, Cores=2
[2015.08.20-14.50.11:271][  0]LogInit: High frequency timer resolution =2.143570 MHz
[2015.08.20-14.50.11:271][  0]LogMemory: Memory total: Physical=3.9GB (4GB approx)
[2015.08.20-14.50.11:271][  0]LogMemory: Platform Memory Stats for Windows
[2015.08.20-14.50.11:271][  0]LogMemory: Process Physical Memory: 54.46 MB used, 56.73 MB peak
[2015.08.20-14.50.11:271][  0]LogMemory: Process Virtual Memory: 27.99 MB used, 31.84 MB peak
[2015.08.20-14.50.11:271][  0]LogMemory: Physical Memory: 2325.02 MB used, 3983.27 MB total
[2015.08.20-14.50.11:271][  0]LogMemory: Virtual Memory: 296.59 MB used, 8388608.00 MB total
[2015.08.20-14.50.11:413][  0]LogTextLocalizationManager: The requested culture ('en_US') has no localization data; parent culture's ('en') localization data will be used.
[2015.08.20-14.50.11:923][  0]LogTextLocalizationManager:Warning: Loaded localization resources contain conflicting entries for (Namespace:ContentBrowser, Key:ImportAssetToolTip):
Localization Resource: (C:/Program Files/Epic Games/4.8/Engine/Content/Localization/Editor/en/Editor.locres) Source String Hash: (-630476809) Localized String: (Import to {0}...)
Localization Resource: (C:/Program Files/Epic Games/4.8/Engine/Content/Localization/Editor/en/Editor.locres) Source String Hash: (1271782899) Localized String: (Imports an asset from file to this folder.)
[2015.08.20-14.50.12:737][  0]LogD3D11RHI: Found D3D11 adapter 0: Intel(R) HD Graphics 3000 (Feature Level 10_0)
[2015.08.20-14.50.12:737][  0]LogD3D11RHI: Adapter has 32MB of dedicated video memory, 0MB of dedicated system memory, and 1632MB of shared system memory, 1 output[s]
[2015.08.20-14.50.12:739][  0]LogD3D11RHI: Found D3D11 adapter 1: Microsoft Basic Render Driver (Feature Level 11_0)
[2015.08.20-14.50.12:739][  0]LogD3D11RHI: Adapter has 0MB of dedicated video memory, 0MB of dedicated system memory, and 256MB of shared system memory, 0 output[s]
[2015.08.20-14.50.12:739][  0]LogD3D11RHI: Chosen D3D11 Adapter Id = 0
[2015.08.20-14.50.12:749][  0]LogD3D11RHI: InitD3DDevice
[2015.08.20-14.50.12:749][  0]LogD3D11RHI: !Direct3DDevice
[2015.08.20-14.50.12:750][  0]LogRHI: Texture pool is 593 MB (70% of 848 MB)
[2015.08.20-14.50.12:753][  0]LogD3D11RHI: Async texture creation enabled
[2015.08.20-14.50.12:772][  0]LogShaderCompilers:Display: Using Local Shader Compiler.
[2015.08.20-14.50.15:802][  0]LogTemp:Display: Loaded TP DesktopTargetPlatform
[2015.08.20-14.50.15:834][  0]LogTemp:Display: Loaded TP WindowsClientTargetPlatform
[2015.08.20-14.50.15:864][  0]LogTemp:Display: Loaded TP WindowsNoEditorTargetPlatform
[2015.08.20-14.50.15:889][  0]LogTemp:Display: Loaded TP WindowsServerTargetPlatform
[2015.08.20-14.50.15:917][  0]LogTemp:Display: Loaded TP WindowsTargetPlatform
[2015.08.20-14.50.15:939][  0]LogTemp:Display: Loaded TP AndroidTargetPlatform
[2015.08.20-14.50.15:958][  0]LogTemp:Display: Loaded TP Android_ASTCTargetPlatform
[2015.08.20-14.50.15:983][  0]LogTemp:Display: Loaded TP Android_ATCTargetPlatform
[2015.08.20-14.50.16:005][  0]LogTemp:Display: Loaded TP Android_DXTTargetPlatform
[2015.08.20-14.50.16:029][  0]LogTemp:Display: Loaded TP Android_ETC1TargetPlatform
[2015.08.20-14.50.16:054][  0]LogTemp:Display: Loaded TP Android_ETC2TargetPlatform
[2015.08.20-14.50.16:077][  0]LogTemp:Display: Loaded TP Android_PVRTCTargetPlatform
[2015.08.20-14.50.16:157][  0]LogTemp:Display: Loaded TP IOSTargetPlatform
[2015.08.20-14.50.16:179][  0]LogTemp:Display: Loaded TP LinuxNoEditorTargetPlatform
[2015.08.20-14.50.16:199][  0]LogTemp:Display: Loaded TP LinuxServerTargetPlatform
[2015.08.20-14.50.16:233][  0]LogTemp:Display: Loaded TP LinuxTargetPlatform
[2015.08.20-14.50.16:233][  0]LogTargetPlatformManager:Display: Building Assets For Windows
[2015.08.20-14.50.16:629][  0]LogDerivedDataCache:Display: Max Cache Size: 512 MB
[2015.08.20-14.50.17:400][  0]LogDerivedDataCache: Loaded boot cache 0.77s 48MB C:/Users/Christian/AppData/Local/UnrealEngine/4.8/DerivedDataCache/Boot.ddc.
[2015.08.20-14.50.17:400][  0]LogDerivedDataCache:Display: Loaded Boot cache: C:/Users/Christian/AppData/Local/UnrealEngine/4.8/DerivedDataCache/Boot.ddc
[2015.08.20-14.50.17:400][  0]LogDerivedDataCache: FDerivedDataBackendGraph:  Pak pak cache file ../../../../../../Users/Christian/Desktop/TheForsakensJacket/DerivedDataCache/DDC.ddp not found, will not use a pak cache.
[2015.08.20-14.50.17:400][  0]LogDerivedDataCache: Unable to find inner node Pak for hierarchical cache Hierarchy.
[2015.08.20-14.50.17:400][  0]LogDerivedDataCache: FDerivedDataBackendGraph:  CompressedPak pak cache file ../../../../../../Users/Christian/Desktop/TheForsakensJacket/DerivedDataCache/Compressed.ddp not found, will not use a pak cache.
[2015.08.20-14.50.17:400][  0]LogDerivedDataCache: Unable to find inner node CompressedPak for hierarchical cache Hierarchy.
[2015.08.20-14.50.17:724][  0]LogDerivedDataCache:Display: Pak cache opened for reading ../../../Engine/DerivedDataCache/Compressed.ddp.
[2015.08.20-14.50.17:736][  0]LogDerivedDataCache: Using Local data cache path C:/Users/Christian/AppData/Local/UnrealEngine/Common/DerivedDataCache: Writable
[2015.08.20-14.50.25:544][  0]LogInit: Selected Device Profile: [Windows]
[2015.08.20-14.50.26:327][  0]ImportText (ComponentSweepMultiTests): Missing closing parenthesis: (RootShapeAsset="/Engine/BasicShapes/Cube.Cube",ShapeType="TriggerCapsule",HitResult=(Time=0.50,Location=(X=-100.000015,Y=0.0,Z=100.000015),ImpactPoint=(X=-50.0,Y=0.0,Z=50.0),Normal=(X=-1.0,Y=-0.0,Z=0.0),ImpactNormal=(X=0.0,Y=0.0,Z=1.0),TraceStart=(X=-200.0,Y=0.0,Z=200.0),TraceEnd=(X=0.0,Y=0.0,Z=0.0))
[2015.08.20-14.50.26:328][  0]ImportText (LineTraceSingleByChannelTests): Missing closing parenthesis: (RootShapeAsset="/Engine/BasicShapes/Cube.Cube",HitResult=(Time=0.50,Location=(X=-100.000015,Y=0.0,Z=100.000015),ImpactPoint=(X=-50.0,Y=0.0,Z=50.0),Normal=(X=-1.0,Y=-0.0,Z=0.0),ImpactNormal=(X=0.0,Y=0.0,Z=1.0),TraceStart=(X=-200.0,Y=0.0,Z=200.0),TraceEnd=(X=0.0,Y=0.0,Z=0.0))
[2015.08.20-14.50.26:504][  0]LogMeshUtilities: No automatic mesh reduction module available
[2015.08.20-14.50.26:504][  0]LogMeshUtilities: No automatic mesh merging module available
[2015.08.20-14.50.28:775][  0]LogInit: WinSock: version 1.1 (2.2), MaxSocks=32767, MaxUdp=65467
[2015.08.20-14.50.55:628][  0]UdpMessaging: Initializing bridge on interface 0.0.0.0:0 to multicast group 230.0.0.1:6666.
[2015.08.20-14.50.57:891][  0]SourceControl: Info Source control is disabled
[2015.08.20-14.50.58:227][  0]SourceControl: Info Source control is disabled
[2015.08.20-14.50.58:306][  0]SourceControl: Info Source control is disabled
[2015.08.20-14.50.58:370][  0]SourceControl: Info Source control is disabled
[2015.08.20-14.50.59:563][  0]LogObj: 26273 objects as part of root set at end of initial load.
[2015.08.20-14.50.59:563][  0]LogUObjectAllocator: 5409248 out of 0 bytes used by permanent object pool.
[2015.08.20-14.51.00:395][  0]LogEngine: Initializing Engine...
[2015.08.20-14.51.00:443][  0]LogHMD: Can't find Oculus library dev build: is proper Runtime installed? Version: 0.6.0.0
[2015.08.20-14.51.00:570][  0]LogHMD:Warning: SteamVR failed to initialize.  Error: 110
[2015.08.20-14.51.01:246][  0]LogAIModule: Creating AISystem for world NewWorld
[2015.08.20-14.51.01:325][  0]LogInit: XAudio2 using 'Speakers (Realtek High Definition Audio)' : 2 channels at 48 kHz using 32 bits per sample (channel mask 0x3)
[2015.08.20-14.51.01:344][  0]LogInit: FAudioDevice initialized.
[2015.08.20-14.51.01:419][  0]LogDerivedDataCache: Saved boot cache 0.07s 48MB C:/Users/Christian/AppData/Local/UnrealEngine/4.8/DerivedDataCache/Boot.ddc.
[2015.08.20-14.51.01:432][  0]LogInit: Texture streaming: Disabled
[2015.08.20-14.51.01:501][  0]LogAnalytics: Creating configured Analytics provider AnalyticsET
[2015.08.20-14.51.01:501][  0]LogAnalytics: [UEEditor.Rocket.Release] APIServer = http://et2.epicgames.com/ET2/. AppVersion = 4.8.3-2634408+++depot+UE4-Releases+4.8
[2015.08.20-14.51.01:501][  0]LogAnalytics: [UEEditor.Rocket.Release] SetUserId d520111f42444ed2ae17ceb4cce854a2|256081b0662a4905b440382e278adc23|3ae4f12a-3c0a-4aaf-bb63-a78589ca1625
[2015.08.20-14.51.01:501][  0]LogAnalytics: [UEEditor.Rocket.Release] AnalyticsET::StartSession
[2015.08.20-14.51.02:432][  0]LogInit: Transaction tracking system initialized
[2015.08.20-14.51.03:569][  0]BlueprintLog: New page: Editor Load
[2015.08.20-14.51.05:771][  0]LogAssetRegistry: FAssetRegistry took 0.2042 seconds to start up
[2015.08.20-14.51.05:772][  0]LogDirectoryWatcher:Warning: Failed to begin reading directory changes for ../../../Engine/Plugins/Experimental/CharacterAI/Content/. Error: 0
[2015.08.20-14.51.12:179][  0]LogConsoleManager:Warning: Console variable 'r.VSync' wasn't set ('GameSetting' has a lower priority than 'SystemSettingsIni')
[2015.08.20-14.51.12:180][  0]LogConsoleResponse:Display: 
[2015.08.20-14.51.15:008][  0]LogCook:Display: Done creating registry. It took  0.00s.
[2015.08.20-14.51.17:038][  0]SourceControl: Info Source control is disabled
[2015.08.20-14.51.17:084][  0]Cmd: MAP LOAD FILE="../../../Engine/Content/Maps/Templates/Template_Default.umap" TEMPLATE=1 SHOWPROGRESS=1 FEATURELEVEL=2
[2015.08.20-14.51.17:179][  0]LightingResults: New page: Lighting Build
[2015.08.20-14.51.17:311][  0]MapCheck: New page: Map Check
[2015.08.20-14.51.17:311][  0]LightingResults: New page: Lighting Build
[2015.08.20-14.51.17:337][  0]LogParticles: Destroying 0 GPU particle simulations for FXSystem 0x00000009515C98A0
[2015.08.20-14.51.19:862][  0]LogAIModule: Creating AISystem for world Untitled_1
[2015.08.20-14.51.20:031][  0]LogEditorServer: Finished looking for orphan Actors (0.011 secs)
[2015.08.20-14.51.20:089][  0]Cmd: MAP CHECKDEP NOCLEARLOG
[2015.08.20-14.51.20:152][  0]MapCheck: Info Map check complete: 0 Error(s), 0 Warning(s), took 62.767ms to complete.
[2015.08.20-14.51.20:152][  0]LogFileHelpers: Loading map 'Template_Default' took 3.068
[2015.08.20-14.51.20:965][  0]LogCollectionManager: Loaded 0 collections in 0.003338 seconds
[2015.08.20-14.51.21:040][  0]LogContentBrowser: Native class hierarchy populated in 0.0749 seconds. Added 1792 classes and 301 folders.
[2015.08.20-14.51.21:299][  0]LogContentBrowser: Native class hierarchy updated for 'WidgetCarousel' in 0.0005 seconds. Added 0 classes and 0 folders.
[2015.08.20-14.51.21:993][  0]LogContentBrowser: Native class hierarchy updated for 'AddContentDialog' in 0.0005 seconds. Added 0 classes and 0 folders.
[2015.08.20-14.51.22:051][  0]LogContentBrowser: Native class hierarchy updated for 'SceneOutliner' in 0.0009 seconds. Added 1 classes and 2 folders.
[2015.08.20-14.51.22:898][  0]LogCrashTracker: Crashtracker disabled due to settings.
[2015.08.20-14.51.22:963][  0]LogD3D11RHI: InitD3DDevice
[2015.08.20-14.51.22:978][  0]LogUObjectGlobals:Warning: Failed to find object 'Class None.'
[2015.08.20-14.51.23:038][  0]LogLoad: Full Startup: 75.09 seconds (BP compile: 0.88 seconds)
[2015.08.20-14.51.23:698][  0]LogContentStreaming: Texture pool size is 0.000000MB
[2015.08.20-14.51.23:853][  0]LogContentStreaming: Texture pool size now 1000 MB
[2015.08.20-14.51.24:417][  0]LogRenderer: Reallocating scene render targets to support 728x376 (Frame:2).
[2015.08.20-14.51.26:879][ 15]LogD3D11RHI: InitD3DDevice
[2015.08.20-14.51.28:125][ 32]LogAssetRegistry: Asset discovery search completed in 22.5578 seconds
[2015.08.20-14.51.34:162][185]LogD3D11RHI: InitD3DDevice
[2015.08.20-14.51.36:041][226]LogD3D11RHI: InitD3DDevice
[2015.08.20-14.53.43:449][226]LogAIModule: Creating AISystem for world MansionNew
[2015.08.20-14.53.59:126][226]Cmd: MAP LOAD FILE="../../../../../../Users/Christian/Desktop/TheForsakensJacket/Content/Maps/MansionNew.umap" TEMPLATE=0 SHOWPROGRESS=1 FEATURELEVEL=2
[2015.08.20-14.53.59:128][226]LightingResults: New page: Lighting Build
[2015.08.20-14.53.59:596][226]LoadErrors: New page: Loading map: MansionNew.umap
[2015.08.20-14.53.59:937][226]MapCheck: New page: Map Check
[2015.08.20-14.53.59:937][226]LightingResults: New page: Lighting Build
[2015.08.20-14.54.00:445][226]LogParticles: Destroying 0 GPU particle simulations for FXSystem 0x0000000951EFC540
[2015.08.20-14.54.23:942][226]LogAIModule: Creating AISystem for world MansionNew
[2015.08.20-14.54.24:651][226]LogEditorServer: Finished looking for orphan Actors (0.000 secs)
[2015.08.20-14.54.24:799][226]Cmd: MAP CHECKDEP NOCLEARLOG
[2015.08.20-14.54.24:968][226]MapCheck: Info Map check complete: 0 Error(s), 0 Warning(s), took 168.688ms to complete.
[2015.08.20-14.54.24:968][226]LogFileHelpers: Loading map 'MansionNew' took 26.050
[2015.08.20-14.54.29:462][289]LogEditorViewport: Clicking on Actor (context menu): StaticMeshActor (SM_GlassWindow)
[2015.08.20-14.54.33:393][289]LogD3D11RHI: InitD3DDevice
[2015.08.20-14.54.47:683][577]LogEditorViewport: Clicking on Actor (LMB): StaticMeshActor (Cube8)
[2015.08.20-14.55.19:784][315]LogEditorViewport: Clicking on Actor (LMB): StaticMeshActor (Cube18)
[2015.08.20-14.55.41:502][816]LogEditorViewport: Clicking on Actor (LMB): StaticMeshActor (SM_GlassWindow3)
[2015.08.20-14.56.08:959][488]LogD3D11RHI: InitD3DDevice
[2015.08.20-14.56.20:810][730]LogD3D11RHI: InitD3DDevice
[2015.08.20-14.56.27:979][730]LogActorFactory: Actor Factory created SM_Door
[2015.08.20-14.56.28:185][730]LogActorFactory: Actor Factory created SM_Door
[2015.08.20-14.56.31:973][795]LogD3D11RHI: InitD3DDevice
[2015.08.20-14.56.32:013][795]LogActorFactory: Actor Factory created SM_DoorFrame
[2015.08.20-14.56.36:015][882]LogActorFactory: Actor Factory created SM_DoorFrame
[2015.08.20-14.56.58:756][386]LogEditorViewport: Clicking on Actor (LMB): StaticMeshActor (SM_Door)
[2015.08.20-14.57.19:947][861]LogEditorViewport: Clicking on Actor (CTRL LMB): StaticMeshActor (SM_DoorFrame)
[2015.08.20-14.57.41:518][327]LogEditorViewport: Clicking on Actor (LMB): StaticMeshActor (SM_GlassWindow4)
[2015.08.20-14.57.43:905][375]LogEditorViewport: Clicking on Actor (LMB): StaticMeshActor (SM_GlassWindow4)
[2015.08.20-14.57.44:734][392]LogEditorViewport: Clicking on Actor (LMB): StaticMeshActor (SM_GlassWindow4)
[2015.08.20-14.57.45:527][408]LogEditorViewport: Clicking on Actor (LMB): StaticMeshActor (SM_GlassWindow4)
[2015.08.20-14.57.46:227][422]LogEditorViewport: Clicking on Actor (LMB): StaticMeshActor (SM_GlassWindow4)
[2015.08.20-14.57.52:687][562]LogEditorViewport: Clicking on Actor (LMB): StaticMeshActor (SM_GlassWindow4)
[2015.08.20-14.57.56:254][638]LogEditorViewport: Clicking on Actor (LMB): StaticMeshActor (SM_GlassWindow4)
[2015.08.20-14.57.57:031][654]LogEditorViewport: Clicking on Actor (LMB): StaticMeshActor (SM_GlassWindow4)
[2015.08.20-14.57.59:185][698]LogEditorViewport: Clicking on Actor (LMB): StaticMeshActor (Cube17)
[2015.08.20-14.58.24:877][247]LogEditorViewport: Clicking on Actor (LMB): StaticMeshActor (SM_GlassWindow6)
[2015.08.20-14.59.14:763][953]LogEditorViewport: Clicking on Actor (LMB): StaticMeshActor (Cube16)
[2015.08.20-14.59.26:339][200]LogD3D11RHI: InitD3DDevice
[2015.08.20-14.59.27:708][200]LogD3D11RHI: InitD3DDevice
[2015.08.20-14.59.27:971][200]Cmd: OBJ SAVEPACKAGE PACKAGE="/Game/Maps/MansionNew" FILE="../../../../../../Users/Christian/Desktop/TheForsakensJacket/Content/Maps/MansionNew.umap" SILENT=true AUTOSAVING=false KEEPDIRTY=false
[2015.08.20-14.59.45:395][200]LogSavePackage: Save=10783.885742ms
[2015.08.20-14.59.45:425][200]LogSavePackage: Moving '../../../../../../Users/Christian/Desktop/TheForsakensJacket/Saved/MansionNew871416F144DEEDB8A73A6CAD9C96DFE2.tmp' to '../../../../../../Users/Christian/Desktop/TheForsakensJacket/Content/Maps/MansionNew.umap'
[2015.08.20-14.59.45:777][200]LogFileHelpers: Saving map 'MansionNew' took 18.033
[2015.08.20-14.59.57:393][465]LogEditorViewport: Clicking on Actor (LMB): StaticMeshActor (SM_Door)
[2015.08.20-15.00.02:250][568]LogEditorViewport: Clicking on Actor (LMB): StaticMeshActor (SM_GlassWindow5)
[2015.08.20-15.00.05:229][630]LogPlayLevel: PIE:  No blueprints needed recompiling
[2015.08.20-15.00.05:622][630]PIE: New page: PIE session: MansionNew (Aug 20, 2015, 5:00:05 AM)
[2015.08.20-15.00.05:627][630]LogPlayLevel: Creating play world package: /Game/Maps/UEDPIE_0_MansionNew
[2015.08.20-15.00.16:761][630]LogPlayLevel: PIE: StaticDuplicateObject took: (11.134196s)
[2015.08.20-15.00.16:790][630]LogAIModule: Creating AISystem for world MansionNew
[2015.08.20-15.00.16:792][630]LogPlayLevel: PIE: World Init took: (0.002616s)
[2015.08.20-15.00.16:821][630]LogPlayLevel: PIE: Created PIE world by copying editor world from /Game/Maps/MansionNew.MansionNew to /Game/Maps/UEDPIE_0_MansionNew.MansionNew (11.194516s)
[2015.08.20-15.00.16:998][630]LogInit: XAudio2 using 'Speakers (Realtek High Definition Audio)' : 2 channels at 48 kHz using 32 bits per sample (channel mask 0x3)
[2015.08.20-15.00.17:045][630]LogInit: FAudioDevice initialized.
[2015.08.20-15.00.17:147][630]LogD3D11RHI: InitD3DDevice
[2015.08.20-15.00.18:211][630]LogWorld: Game class is 'MyGame_C'
[2015.08.20-15.00.19:684][630]LogWorld:Warning: *** WARNING - PATHS MAY NOT BE VALID ***
[2015.08.20-15.00.19:684][630]LogWorld: Bringing World /Game/Maps/UEDPIE_0_MansionNew.MansionNew up for play (max tick rate 60) at 2015.08.20-10.00.19
[2015.08.20-15.00.19:684][630]LogActor:Warning: GameSession /Game/Maps/UEDPIE_0_MansionNew.MansionNew:PersistentLevel.GameSession_0 has natively added scene component(s), but none of them were set as the actor's RootComponent - picking one arbitrarily
[2015.08.20-15.00.19:884][630]LogActor:Warning: GameNetworkManager /Game/Maps/UEDPIE_0_MansionNew.MansionNew:PersistentLevel.GameNetworkManager_0 has natively added scene component(s), but none of them were set as the actor's RootComponent - picking one arbitrarily
[2015.08.20-15.00.22:863][630]LogWorld: Bringing up level for play took: 3.605383
[2015.08.20-15.00.28:503][630]PIE: Info Play in editor start time for /Game/Maps/UEDPIE_0_MansionNew 23.48
[2015.08.20-15.00.29:248][630]LogRenderer: Reallocating scene render targets to support 1296x728 (Frame:7134).
[2015.08.20-15.01.09:736][962]LogArray:Warning: Attempted to get an item from array CallFunc_GetDataTableRowNames_OutRowNames out of bounds [5/4]!
[2015.08.20-15.01.09:736][962]LogArray:Warning: Attempted to get an item from array CallFunc_GetDataTableRowNames_OutRowNames out of bounds [6/4]!
[2015.08.20-15.02.34:168][782]LogParticles: Destroying 0 GPU particle simulations for FXSystem 0x000000096FCCE980
[2015.08.20-15.03.11:121][996]LogEditorViewport: Clicking on Actor (LMB): StaticMeshActor (Cube4)
[2015.08.20-15.03.19:796][161]LogEditorViewport: Clicking on Actor (LMB): StaticMeshActor (Cube3)
[2015.08.20-15.03.34:302][416]LogEditorViewport: Clicking on Actor (LMB): StaticMeshActor (Cube4)
[2015.08.20-15.03.41:465][531]LogEditorViewport: Clicking on Actor (LMB): StaticMeshActor (Cube3)
[2015.08.20-15.03.44:023][573]LogEditorViewport: Clicking on Actor (LMB): StaticMeshActor (Cube5)
[2015.08.20-15.03.53:401][711]LogD3D11RHI: InitD3DDevice
[2015.08.20-15.03.55:793][711]LogD3D11RHI: InitD3DDevice
[2015.08.20-15.03.57:266][711]Cmd: OBJ SAVEPACKAGE PACKAGE="/Game/Maps/MansionNew" FILE="../../../../../../Users/Christian/Desktop/TheForsakensJacket/Content/Maps/MansionNew.umap" SILENT=true AUTOSAVING=false KEEPDIRTY=false
[2015.08.20-15.04.11:746][711]LogSavePackage: Save=13868.492188ms
[2015.08.20-15.04.11:747][711]LogSavePackage: Moving '../../../../../../Users/Christian/Desktop/TheForsakensJacket/Saved/MansionNew2DEFDF12420B3683924B489786972F0A.tmp' to '../../../../../../Users/Christian/Desktop/TheForsakensJacket/Content/Maps/MansionNew.umap'
[2015.08.20-15.04.11:976][711]LogFileHelpers: Saving map 'MansionNew' took 16.172
[2015.08.20-15.06.22:479][979]LogD3D11RHI: InitD3DDevice
[2015.08.20-15.06.25:120][ 28]LogD3D11RHI: InitD3DDevice
[2015.08.20-15.06.27:766][ 89]LogD3D11RHI: InitD3DDevice
[2015.08.20-15.06.32:541][196]LogD3D11RHI: InitD3DDevice
[2015.08.20-15.06.38:208][309]LogD3D11RHI: InitD3DDevice
[2015.08.20-15.06.40:551][360]LogD3D11RHI: InitD3DDevice
[2015.08.20-15.06.42:900][418]LogD3D11RHI: InitD3DDevice
[2015.08.20-15.06.45:353][484]LogD3D11RHI: InitD3DDevice
[2015.08.20-15.06.48:646][583]LogD3D11RHI: InitD3DDevice
[2015.08.20-15.06.54:312][723]LogD3D11RHI: InitD3DDevice
[2015.08.20-15.06.58:791][882]Cmd: TRANSACTION UNDO
[2015.08.20-15.06.58:815][882]LogEditorTransaction: Undo Create Actors
[2015.08.20-15.06.58:872][882]LogD3D11RHI: InitD3DDevice
[2015.08.20-15.07.05:485][ 27]LogD3D11RHI: InitD3DDevice
[2015.08.20-15.07.11:414][169]LogD3D11RHI: InitD3DDevice
[2015.08.20-15.07.17:649][305]LogD3D11RHI: InitD3DDevice
[2015.08.20-15.07.19:919][356]LogD3D11RHI: InitD3DDevice
[2015.08.20-15.07.26:323][489]LogD3D11RHI: InitD3DDevice
[2015.08.20-15.07.28:773][548]LogD3D11RHI: InitD3DDevice
[2015.08.20-15.07.35:154][683]LogD3D11RHI: InitD3DDevice
[2015.08.20-15.07.38:394][777]LogD3D11RHI: InitD3DDevice
[2015.08.20-15.08.02:227][241]LogD3D11RHI: InitD3DDevice
[2015.08.20-15.08.03:311][241]LogD3D11RHI: InitD3DDevice
[2015.08.20-15.08.03:576][241]Cmd: OBJ SAVEPACKAGE PACKAGE="/Game/Maps/MansionNew" FILE="../../../../../../Users/Christian/Desktop/TheForsakensJacket/Content/Maps/MansionNew.umap" SILENT=true AUTOSAVING=false KEEPDIRTY=false
[2015.08.20-15.08.19:938][241]LogSavePackage: Save=10622.204102ms
[2015.08.20-15.08.19:938][241]LogSavePackage: Moving '../../../../../../Users/Christian/Desktop/TheForsakensJacket/Saved/MansionNewD88FA36C4418316F04A56EB0DBB5CC0C.tmp' to '../../../../../../Users/Christian/Desktop/TheForsakensJacket/Content/Maps/MansionNew.umap'
[2015.08.20-15.08.20:173][241]LogFileHelpers: Saving map 'MansionNew' took 16.849
[2015.08.20-15.32.10:660][630]LogEditorViewport: Clicking on Actor (LMB): StaticMeshActor (Cube16)
[2015.08.20-15.32.15:904][732]LogEditorViewport: Clicking on Actor (LMB): StaticMeshActor (Cube12)
[2015.08.20-15.32.26:226][929]LogEditorViewport: Clicking on Actor (LMB): StaticMeshActor (Cube13)
[2015.08.20-15.32.35:558][105]LogEditorViewport: Clicking on Actor (LMB): StaticMeshActor (SM_GlassWindow6)
[2015.08.20-15.32.42:898][243]LogEditorViewport: Clicking on Actor (LMB): StaticMeshActor (SM_GlassWindow6)
[2015.08.20-15.32.45:007][282]Cmd: TRANSACTION UNDO
[2015.08.20-15.32.45:007][282]LogEditorTransaction: Undo Clicking on Actors
[2015.08.20-15.32.45:053][282]LogD3D11RHI: InitD3DDevice
[2015.08.20-15.32.46:116][330]Cmd: TRANSACTION UNDO
[2015.08.20-15.32.46:116][330]LogEditorTransaction: Undo Scale Actors
[2015.08.20-15.32.51:381][430]LogEditorViewport: Clicking on Actor (LMB): StaticMeshActor (Cube16)
[2015.08.20-15.33.21:873][ 28]LogEditorViewport: Clicking on Actor (LMB): StaticMeshActor (SM_GlassWindow6)
[2015.08.20-15.34.23:962][181]LogEditorViewport: Clicking on Actor (LMB): StaticMeshActor (SM_GlassWindow4)
[2015.08.20-15.34.25:425][210]LogEditorViewport: Clicking on Actor (LMB): StaticMeshActor (SM_GlassWindow7)
[2015.08.20-15.34.50:612][703]LogEditorViewport: Clicking on Actor (LMB): StaticMeshActor (SM_GlassWindow4)
[2015.08.20-15.34.54:760][783]LogEditorViewport: Clicking on Actor (LMB): StaticMeshActor (SM_GlassWindow7)
[2015.08.20-15.35.16:110][198]LogEditorViewport: Clicking on Actor (LMB): StaticMeshActor (SM_GlassWindow4)
[2015.08.20-15.35.17:760][230]LogEditorViewport: Clicking on Actor (LMB): StaticMeshActor (SM_GlassWindow7)
[2015.08.20-15.35.35:681][572]LogEditorViewport: Clicking on Actor (LMB): StaticMeshActor (Cube20)
[2015.08.20-15.35.44:670][735]LogD3D11RHI: InitD3DDevice
[2015.08.20-15.35.45:792][735]LogD3D11RHI: InitD3DDevice
[2015.08.20-15.35.46:016][735]Cmd: OBJ SAVEPACKAGE PACKAGE="/Game/Maps/MansionNew" FILE="../../../../../../Users/Christian/Desktop/TheForsakensJacket/Content/Maps/MansionNew.umap" SILENT=true AUTOSAVING=false KEEPDIRTY=false
[2015.08.20-15.35.57:320][735]LogSavePackage: Save=11027.567383ms
[2015.08.20-15.35.57:320][735]LogSavePackage: Moving '../../../../../../Users/Christian/Desktop/TheForsakensJacket/Saved/MansionNew30E48B6B459958DDC6664897BD806A09.tmp' to '../../../../../../Users/Christian/Desktop/TheForsakensJacket/Content/Maps/MansionNew.umap'
[2015.08.20-15.35.57:575][735]LogFileHelpers: Saving map 'MansionNew' took 11.756
[2015.08.20-15.36.11:196][795]LogEditorViewport: Clicking on Actor (LMB): StaticMeshActor (SM_GlassWindow7)
[2015.08.20-15.37.12:679][957]LogEditorViewport: Clicking on Actor (LMB): StaticMeshActor (SM_GlassWindow5)
[2015.08.20-15.37.17:717][ 52]LogEditorViewport: Clicking on Actor (LMB): StaticMeshActor (SM_GlassWindow7)
[2015.08.20-15.37.32:598][332]LogEditorViewport: Clicking on Actor (LMB): StaticMeshActor (SM_GlassWindow6)
[2015.08.20-15.37.35:563][386]LogEditorViewport: Clicking on Actor (LMB): StaticMeshActor (SM_GlassWindow7)
[2015.08.20-15.37.36:399][400]Cmd: DELETE
[2015.08.20-15.37.36:399][400]Cmd: ACTOR DELETE
[2015.08.20-15.37.36:767][400]LogEditorActor: Deleted Actor: StaticMeshActor
[2015.08.20-15.37.36:887][400]LogEditorActor: Deleted 1 Actors (0.125 secs)
[2015.08.20-15.37.38:392][430]LogEditorViewport: Clicking on Actor (LMB): StaticMeshActor (SM_GlassWindow6)
[2015.08.20-15.37.39:829][456]LogEditorViewport: Clicking on Actor (LMB): StaticMeshActor (SM_GlassWindow6)
[2015.08.20-15.37.44:130][538]LogEditorViewport: Clicking on Actor (LMB): StaticMeshActor (Cube16)
[2015.08.20-15.38.15:839][131]LogEditorViewport: Clicking on Actor (LMB): StaticMeshActor (Cube20)
[2015.08.20-15.38.17:172][156]LogEditorViewport: Clicking on Actor (LMB): StaticMeshActor (Cube21)
[2015.08.20-15.38.35:466][501]Cmd: TRANSACTION UNDO
[2015.08.20-15.38.35:466][501]LogEditorTransaction: Undo Scale Actors
[2015.08.20-15.38.35:524][501]LogD3D11RHI: InitD3DDevice
[2015.08.20-15.38.36:599][537]LogEditorViewport: Clicking on Actor (LMB): StaticMeshActor (Cube21)
[2015.08.20-15.38.55:223][852]LogEditorViewport: Clicking on Actor (LMB): StaticMeshActor (Cube20)
[2015.08.20-15.39.10:464][ 18]LogEditorViewport: Clicking on Actor (LMB): StaticMeshActor (Cube21)
[2015.08.20-15.39.39:165][571]LogEditorViewport: Clicking on Actor (LMB): StaticMeshActor (SM_GlassWindow2)
[2015.08.20-15.39.40:660][599]LogEditorViewport: Clicking on Actor (LMB): StaticMeshActor (Cube21)
[2015.08.20-15.39.51:395][804]LogEditorViewport: Clicking on Actor (LMB): StaticMeshActor (floorPlane_big71)
[2015.08.20-15.39.59:611][961]LogEditorViewport: Clicking on Actor (LMB): StaticMeshActor (Cube21)
[2015.08.20-15.40.09:237][143]LogEditorViewport: Clicking on Actor (LMB): StaticMeshActor (wallPlane259)
[2015.08.20-15.40.39:418][725]LogEditorViewport: Clicking on Actor (LMB): StaticMeshActor (Cube6)
[2015.08.20-15.40.43:282][798]LogEditorViewport: Clicking on Actor (LMB): StaticMeshActor (Cube3)
[2015.08.20-15.40.44:568][821]LogEditorViewport: Clicking on Actor (LMB): StaticMeshActor (Cube5)
[2015.08.20-15.40.46:559][858]LogEditorViewport: Clicking on Actor (CTRL LMB): StaticMeshActor (Cube3)
[2015.08.20-15.40.49:075][902]Cmd: TRANSACTION UNDO
[2015.08.20-15.40.49:075][902]LogEditorTransaction: Undo Move Actors
[2015.08.20-15.40.49:129][902]LogD3D11RHI: InitD3DDevice
[2015.08.20-15.40.52:242][981]LogEditorViewport: Clicking on Actor (CTRL LMB): StaticMeshActor (Cube6)
[2015.08.20-15.40.56:150][ 52]LogEditorViewport: Clicking on Actor (CTRL LMB): StaticMeshActor (Cube4)
[2015.08.20-15.41.13:212][356]LogD3D11RHI: InitD3DDevice
[2015.08.20-15.41.14:141][356]LogD3D11RHI: InitD3DDevice
[2015.08.20-15.41.14:378][356]Cmd: OBJ SAVEPACKAGE PACKAGE="/Game/Maps/MansionNew" FILE="../../../../../../Users/Christian/Desktop/TheForsakensJacket/Content/Maps/MansionNew.umap" SILENT=true AUTOSAVING=false KEEPDIRTY=false
[2015.08.20-15.41.26:661][356]LogSavePackage: Save=12055.903320ms
[2015.08.20-15.41.26:661][356]LogSavePackage: Moving '../../../../../../Users/Christian/Desktop/TheForsakensJacket/Saved/MansionNew451704784119A3AF8C4618B57408D2C2.tmp' to '../../../../../../Users/Christian/Desktop/TheForsakensJacket/Content/Maps/MansionNew.umap'
[2015.08.20-15.41.26:869][356]LogFileHelpers: Saving map 'MansionNew' took 12.708
[2015.08.20-15.42.06:167][701]LogEditorViewport: Clicking on Actor (LMB): StaticMeshActor (SM_GlassWindow9)
[2015.08.20-15.42.10:094][774]Cmd: DELETE
[2015.08.20-15.42.10:094][774]Cmd: ACTOR DELETE
[2015.08.20-15.42.10:103][774]LogEditorActor: Deleted Actor: StaticMeshActor
[2015.08.20-15.42.10:246][774]LogEditorActor: Deleted 1 Actors (0.152 secs)
[2015.08.20-15.42.12:597][821]LogEditorViewport: Clicking on Actor (LMB): StaticMeshActor (SM_GlassWindow10)
[2015.08.20-15.42.14:424][855]Cmd: DELETE
[2015.08.20-15.42.14:424][855]Cmd: ACTOR DELETE
[2015.08.20-15.42.14:434][855]LogEditorActor: Deleted Actor: StaticMeshActor
[2015.08.20-15.42.14:573][855]LogEditorActor: Deleted 1 Actors (0.149 secs)
[2015.08.20-15.42.15:477][873]LogEditorViewport: Clicking on Actor (LMB): StaticMeshActor (SM_GlassWindow8)
[2015.08.20-15.43.05:235][809]LogEditorViewport: Clicking on Actor (LMB): StaticMeshActor (SM_GlassWindow5)
[2015.08.20-15.43.06:524][833]LogEditorViewport: Clicking on Actor (LMB): StaticMeshActor (SM_GlassWindow8)
[2015.08.20-15.43.31:200][309]LogD3D11RHI: InitD3DDevice
[2015.08.20-15.43.32:449][309]LogD3D11RHI: InitD3DDevice
[2015.08.20-15.43.32:655][309]Cmd: OBJ SAVEPACKAGE PACKAGE="/Game/Maps/MansionNew" FILE="../../../../../../Users/Christian/Desktop/TheForsakensJacket/Content/Maps/MansionNew.umap" SILENT=true AUTOSAVING=false KEEPDIRTY=false
[2015.08.20-15.43.43:525][309]LogSavePackage: Save=10767.895508ms
[2015.08.20-15.43.43:525][309]LogSavePackage: Moving '../../../../../../Users/Christian/Desktop/TheForsakensJacket/Saved/MansionNewA170D8D34E7A32EE6E1B3380BB88857B.tmp' to '../../../../../../Users/Christian/Desktop/TheForsakensJacket/Content/Maps/MansionNew.umap'
[2015.08.20-15.43.43:630][309]LogFileHelpers: Saving map 'MansionNew' took 11.165
[2015.08.20-15.44.06:002][728]LogD3D11RHI: InitD3DDevice
[2015.08.20-15.44.06:035][728]Cmd: OBJ SAVEPACKAGE PACKAGE="/Game/Maps/MansionNew" FILE="../../../../../../Users/Christian/Desktop/TheForsakensJacket/Content/Maps/MansionNew.umap" SILENT=true AUTOSAVING=false KEEPDIRTY=false
[2015.08.20-15.44.17:072][728]LogSavePackage: Save=10947.406250ms
[2015.08.20-15.44.17:072][728]LogSavePackage: Moving '../../../../../../Users/Christian/Desktop/TheForsakensJacket/Saved/MansionNewFFEBD26843BE58F2864CD48ECD36911F.tmp' to '../../../../../../Users/Christian/Desktop/TheForsakensJacket/Content/Maps/MansionNew.umap'
[2015.08.20-15.44.20:753][796]LogD3D11RHI: InitD3DDevice
[2015.08.20-15.44.20:844][798]LogActorFactory: Actor Factory created Cylinder
[2015.08.20-15.44.25:704][892]LogActorFactory: Actor Factory created Cylinder
[2015.08.20-15.46.08:818][826]LogEditorViewport: Clicking on Actor (LMB): StaticMeshActor (Cylinder2)
[2015.08.20-15.46.09:675][842]Cmd: DELETE
[2015.08.20-15.46.09:675][842]Cmd: ACTOR DELETE
[2015.08.20-15.46.09:684][842]LogEditorActor: Deleted Actor: StaticMeshActor
[2015.08.20-15.46.09:810][842]LogEditorActor: Deleted 1 Actors (0.135 secs)
[2015.08.20-15.46.11:005][868]LogEditorViewport: Clicking on Actor (LMB): StaticMeshActor (Cylinder)
[2015.08.20-15.46.11:785][883]Cmd: DELETE
[2015.08.20-15.46.11:785][883]Cmd: ACTOR DELETE
[2015.08.20-15.46.11:795][883]LogEditorActor: Deleted Actor: StaticMeshActor
[2015.08.20-15.46.11:910][883]LogEditorActor: Deleted 1 Actors (0.124 secs)
[2015.08.20-15.46.21:780][ 97]LogD3D11RHI: InitD3DDevice
[2015.08.20-15.46.23:790][142]Cmd: BRUSH ADD SELECTNEWBRUSH
[2015.08.20-15.46.24:717][147]LogD3D11RHI: InitD3DDevice
[2015.08.20-15.46.38:119][434]LogD3D11RHI: InitD3DDevice
[2015.08.20-15.46.44:007][569]LogD3D11RHI: InitD3DDevice
[2015.08.20-15.46.49:016][691]LogD3D11RHI: InitD3DDevice
[2015.08.20-15.46.52:846][788]LogD3D11RHI: InitD3DDevice
[2015.08.20-15.47.03:413][ 18]LogD3D11RHI: InitD3DDevice
[2015.08.20-15.47.08:490][145]LogD3D11RHI: InitD3DDevice
[2015.08.20-15.47.09:298][185]LogEditorViewport: Clicking on Actor (LMB): StaticMeshActor (Cube4)
[2015.08.20-15.47.10:645][208]Cmd: DELETE
[2015.08.20-15.47.10:645][208]Cmd: ACTOR DELETE
[2015.08.20-15.47.10:655][208]LogEditorActor: Deleted Actor: StaticMeshActor
[2015.08.20-15.47.10:796][208]LogEditorActor: Deleted 1 Actors (0.148 secs)
[2015.08.20-15.47.11:789][229]LogEditorViewport: Clicking on Actor (LMB): StaticMeshActor (Cube6)
[2015.08.20-15.47.12:491][242]Cmd: DELETE
[2015.08.20-15.47.12:491][242]Cmd: ACTOR DELETE
[2015.08.20-15.47.12:501][242]LogEditorActor: Deleted Actor: StaticMeshActor
[2015.08.20-15.47.12:626][242]LogEditorActor: Deleted 1 Actors (0.132 secs)
[2015.08.20-15.47.15:037][288]LogEditorViewport: Clicking on Actor (LMB): StaticMeshActor (Cube3)
[2015.08.20-15.47.16:118][309]Cmd: DELETE
[2015.08.20-15.47.16:119][309]Cmd: ACTOR DELETE
[2015.08.20-15.47.16:129][309]LogEditorActor: Deleted Actor: StaticMeshActor
[2015.08.20-15.47.16:263][309]LogEditorActor: Deleted 1 Actors (0.141 secs)
[2015.08.20-15.47.24:810][483]LogEditorViewport: Clicking on Actor (LMB): StaticMeshActor (Cube5)
[2015.08.20-15.47.26:078][508]Cmd: DELETE
[2015.08.20-15.47.26:078][508]Cmd: ACTOR DELETE
[2015.08.20-15.47.26:089][508]LogEditorActor: Deleted Actor: StaticMeshActor
[2015.08.20-15.47.26:211][508]LogEditorActor: Deleted 1 Actors (0.130 secs)
[2015.08.20-15.47.27:267][531]LogEditorViewport: Clicking on Actor (LMB): StaticMeshActor (SM_GlassWindow8)
[2015.08.20-15.47.38:756][745]LogD3D11RHI: InitD3DDevice
[2015.08.20-15.47.43:012][847]LogD3D11RHI: InitD3DDevice
[2015.08.20-15.47.49:851][ 12]LogD3D11RHI: InitD3DDevice
[2015.08.20-15.47.52:288][ 87]LogD3D11RHI: InitD3DDevice
[2015.08.20-15.48.13:541][545]LogEditorViewport: Clicking on Actor (LMB): Blueprint_CeilingLight_C (Blueprint_CeilingLight4)
[2015.08.20-15.48.15:153][572]LogEditorViewport: Clicking on Actor (LMB): Blueprint_CeilingLight_C (Blueprint_CeilingLight4)
[2015.08.20-15.48.36:899][985]LogD3D11RHI: InitD3DDevice
[2015.08.20-15.48.39:287][ 55]LogD3D11RHI: InitD3DDevice
[2015.08.20-15.48.41:689][155]LogD3D11RHI: InitD3DDevice
[2015.08.20-15.48.53:247][411]LogD3D11RHI: InitD3DDevice
[2015.08.20-15.48.57:064][513]LogD3D11RHI: InitD3DDevice
[2015.08.20-15.49.02:336][632]LogD3D11RHI: InitD3DDevice
[2015.08.20-15.49.08:504][780]LogD3D11RHI: InitD3DDevice
[2015.08.20-15.49.20:258][ 44]LogEditorViewport: Clicking on Actor (LMB): Blueprint_CeilingLight_C (Blueprint_CeilingLight4)
[2015.08.20-15.49.27:292][212]LogD3D11RHI: InitD3DDevice
[2015.08.20-15.49.43:119][657]LogEditorViewport: Clicking on Actor (LMB): StaticMeshActor (floorPlane_big67)
[2015.08.20-15.49.48:450][757]LogEditorViewport: Clicking on Actor (context menu): StaticMeshActor (SM_GlassWindow6)
[2015.08.20-15.49.48:554][757]LogD3D11RHI: InitD3DDevice
[2015.08.20-15.49.48:651][757]LogEditorViewport: Clicking on Actor (LMB): StaticMeshActor (SM_GlassWindow6)
[2015.08.20-15.49.49:597][796]Cmd: TRANSACTION UNDO
[2015.08.20-15.49.49:597][796]LogEditorTransaction: Undo Clicking on Actors
[2015.08.20-15.49.49:600][796]LogD3D11RHI: InitD3DDevice
[2015.08.20-15.49.51:138][861]LogEditorViewport: Clicking on Actor (LMB): StaticMeshActor (SM_GlassWindow3)
[2015.08.20-15.49.52:044][877]Cmd: TRANSACTION UNDO
[2015.08.20-15.49.52:044][877]LogEditorTransaction: Undo Clicking on Actors
[2015.08.20-15.49.52:461][885]Cmd: TRANSACTION UNDO
[2015.08.20-15.49.52:461][885]LogEditorTransaction: Undo Clicking on Actors (context menu)
[2015.08.20-15.49.52:894][892]Cmd: TRANSACTION UNDO
[2015.08.20-15.49.52:894][892]LogEditorTransaction: Undo Clicking on Actors
[2015.08.20-15.49.53:409][901]Cmd: TRANSACTION UNDO
[2015.08.20-15.49.53:410][901]LogEditorTransaction: Undo Edit Color 0
[2015.08.20-15.49.53:921][910]Cmd: TRANSACTION UNDO
[2015.08.20-15.49.53:921][910]LogEditorTransaction: Undo Edit Brightness
[2015.08.20-15.49.54:879][928]Cmd: TRANSACTION UNDO
[2015.08.20-15.49.54:879][928]LogEditorTransaction: Undo Clicking on Actors
[2015.08.20-15.49.56:312][955]Cmd: TRANSACTION UNDO
[2015.08.20-15.49.56:312][955]LogEditorTransaction: Undo Move Actors
[2015.08.20-15.49.56:637][955]LogActorComponent: ~FComponentReregisterContext: (/Game/Maps/MansionNew.MansionNew:PersistentLevel.BoxBrush18.BrushComponent0) Component already registered.
[2015.08.20-15.49.56:639][955]LogActorComponent: ~FComponentReregisterContext: (/Game/Maps/MansionNew.MansionNew:PersistentLevel.BoxBrush25.BrushComponent0) Component already registered.
[2015.08.20-15.49.56:640][955]LogActorComponent: ~FComponentReregisterContext: (/Game/Maps/MansionNew.MansionNew:PersistentLevel.BoxBrush21.BrushComponent0) Component already registered.
[2015.08.20-15.49.56:641][955]LogActorComponent: ~FComponentReregisterContext: (/Game/Maps/MansionNew.MansionNew:PersistentLevel.BoxBrush5.BrushComponent0) Component already registered.
[2015.08.20-15.49.57:416][955]LogActorComponent: ~FComponentReregisterContext: (/Game/Maps/MansionNew.MansionNew:PersistentLevel.BoxBrush.BrushComponent0) Component already registered.
[2015.08.20-15.49.58:276][955]LogActorComponent: ~FComponentReregisterContext: (/Game/Maps/MansionNew.MansionNew:PersistentLevel.BoxBrush45.BrushComponent0) Component already registered.
[2015.08.20-15.49.58:276][955]LogActorComponent: ~FComponentReregisterContext: (/Game/Maps/MansionNew.MansionNew:PersistentLevel.BoxBrush42.BrushComponent0) Component already registered.
[2015.08.20-15.49.58:283][955]LogActorComponent: ~FComponentReregisterContext: (/Game/Maps/MansionNew.MansionNew:PersistentLevel.BoxBrush46.BrushComponent0) Component already registered.
[2015.08.20-15.49.58:283][955]LogActorComponent: ~FComponentReregisterContext: (/Game/Maps/MansionNew.MansionNew:PersistentLevel.BoxBrush49.BrushComponent0) Component already registered.
[2015.08.20-15.49.58:283][955]LogActorComponent: ~FComponentReregisterContext: (/Game/Maps/MansionNew.MansionNew:PersistentLevel.BoxBrush31.BrushComponent0) Component already registered.
[2015.08.20-15.49.58:284][955]LogActorComponent: ~FComponentReregisterContext: (/Game/Maps/MansionNew.MansionNew:PersistentLevel.BoxBrush27.BrushComponent0) Component already registered.
[2015.08.20-15.49.58:284][955]LogActorComponent: ~FComponentReregisterContext: (/Game/Maps/MansionNew.MansionNew:PersistentLevel.BoxBrush28.BrushComponent0) Component already registered.
[2015.08.20-15.49.58:285][955]LogActorComponent: ~FComponentReregisterContext: (/Game/Maps/MansionNew.MansionNew:PersistentLevel.BoxBrush37.BrushComponent0) Component already registered.
[2015.08.20-15.49.58:285][955]LogActorComponent: ~FComponentReregisterContext: (/Game/Maps/MansionNew.MansionNew:PersistentLevel.BoxBrush34.BrushComponent0) Component already registered.
[2015.08.20-15.50.09:438][164]Cmd: TRANSACTION UNDO
[2015.08.20-15.50.09:438][164]LogEditorTransaction: Undo Move Actors
[2015.08.20-15.50.09:765][164]LogActorComponent: ~FComponentReregisterContext: (/Game/Maps/MansionNew.MansionNew:PersistentLevel.BoxBrush18.BrushComponent0) Component already registered.
[2015.08.20-15.50.09:767][164]LogActorComponent: ~FComponentReregisterContext: (/Game/Maps/MansionNew.MansionNew:PersistentLevel.BoxBrush25.BrushComponent0) Component already registered.
[2015.08.20-15.50.09:768][164]LogActorComponent: ~FComponentReregisterContext: (/Game/Maps/MansionNew.MansionNew:PersistentLevel.BoxBrush21.BrushComponent0) Component already registered.
[2015.08.20-15.50.09:769][164]LogActorComponent: ~FComponentReregisterContext: (/Game/Maps/MansionNew.MansionNew:PersistentLevel.BoxBrush5.BrushComponent0) Component already registered.
[2015.08.20-15.50.10:592][164]LogActorComponent: ~FComponentReregisterContext: (/Game/Maps/MansionNew.MansionNew:PersistentLevel.BoxBrush.BrushComponent0) Component already registered.
[2015.08.20-15.50.11:140][164]LogActorComponent: ~FComponentReregisterContext: (/Game/Maps/MansionNew.MansionNew:PersistentLevel.BoxBrush45.BrushComponent0) Component already registered.
[2015.08.20-15.50.11:141][164]LogActorComponent: ~FComponentReregisterContext: (/Game/Maps/MansionNew.MansionNew:PersistentLevel.BoxBrush42.BrushComponent0) Component already registered.
[2015.08.20-15.50.11:147][164]LogActorComponent: ~FComponentReregisterContext: (/Game/Maps/MansionNew.MansionNew:PersistentLevel.BoxBrush46.BrushComponent0) Component already registered.
[2015.08.20-15.50.11:147][164]LogActorComponent: ~FComponentReregisterContext: (/Game/Maps/MansionNew.MansionNew:PersistentLevel.BoxBrush49.BrushComponent0) Component already registered.
[2015.08.20-15.50.11:147][164]LogActorComponent: ~FComponentReregisterContext: (/Game/Maps/MansionNew.MansionNew:PersistentLevel.BoxBrush31.BrushComponent0) Component already registered.
[2015.08.20-15.50.11:148][164]LogActorComponent: ~FComponentReregisterContext: (/Game/Maps/MansionNew.MansionNew:PersistentLevel.BoxBrush27.BrushComponent0) Component already registered.
[2015.08.20-15.50.11:149][164]LogActorComponent: ~FComponentReregisterContext: (/Game/Maps/MansionNew.MansionNew:PersistentLevel.BoxBrush28.BrushComponent0) Component already registered.
[2015.08.20-15.50.11:149][164]LogActorComponent: ~FComponentReregisterContext: (/Game/Maps/MansionNew.MansionNew:PersistentLevel.BoxBrush37.BrushComponent0) Component already registered.
[2015.08.20-15.50.11:150][164]LogActorComponent: ~FComponentReregisterContext: (/Game/Maps/MansionNew.MansionNew:PersistentLevel.BoxBrush34.BrushComponent0) Component already registered.
[2015.08.20-15.50.11:169][164]LogD3D11RHI: InitD3DDevice
[2015.08.20-15.50.11:171][164]Cmd: TRANSACTION UNDO
[2015.08.20-15.50.11:171][164]LogEditorTransaction: Undo Scale Actors
[2015.08.20-15.50.11:382][164]LogActorComponent: ~FComponentReregisterContext: (/Game/Maps/MansionNew.MansionNew:PersistentLevel.BoxBrush18.BrushComponent0) Component already registered.
[2015.08.20-15.50.11:383][164]LogActorComponent: ~FComponentReregisterContext: (/Game/Maps/MansionNew.MansionNew:PersistentLevel.BoxBrush25.BrushComponent0) Component already registered.
[2015.08.20-15.50.11:383][164]LogActorComponent: ~FComponentReregisterContext: (/Game/Maps/MansionNew.MansionNew:PersistentLevel.BoxBrush21.BrushComponent0) Component already registered.
[2015.08.20-15.50.11:384][164]LogActorComponent: ~FComponentReregisterContext: (/Game/Maps/MansionNew.MansionNew:PersistentLevel.BoxBrush5.BrushComponent0) Component already registered.
[2015.08.20-15.50.12:122][164]LogActorComponent: ~FComponentReregisterContext: (/Game/Maps/MansionNew.MansionNew:PersistentLevel.BoxBrush.BrushComponent0) Component already registered.
[2015.08.20-15.50.12:729][164]LogActorComponent: ~FComponentReregisterContext: (/Game/Maps/MansionNew.MansionNew:PersistentLevel.BoxBrush45.BrushComponent0) Component already registered.
[2015.08.20-15.50.12:730][164]LogActorComponent: ~FComponentReregisterContext: (/Game/Maps/MansionNew.MansionNew:PersistentLevel.BoxBrush42.BrushComponent0) Component already registered.
[2015.08.20-15.50.12:736][164]LogActorComponent: ~FComponentReregisterContext: (/Game/Maps/MansionNew.MansionNew:PersistentLevel.BoxBrush46.BrushComponent0) Component already registered.
[2015.08.20-15.50.12:736][164]LogActorComponent: ~FComponentReregisterContext: (/Game/Maps/MansionNew.MansionNew:PersistentLevel.BoxBrush49.BrushComponent0) Component already registered.
[2015.08.20-15.50.12:737][164]LogActorComponent: ~FComponentReregisterContext: (/Game/Maps/MansionNew.MansionNew:PersistentLevel.BoxBrush31.BrushComponent0) Component already registered.
[2015.08.20-15.50.12:737][164]LogActorComponent: ~FComponentReregisterContext: (/Game/Maps/MansionNew.MansionNew:PersistentLevel.BoxBrush27.BrushComponent0) Component already registered.
[2015.08.20-15.50.12:738][164]LogActorComponent: ~FComponentReregisterContext: (/Game/Maps/MansionNew.MansionNew:PersistentLevel.BoxBrush28.BrushComponent0) Component already registered.
[2015.08.20-15.50.12:738][164]LogActorComponent: ~FComponentReregisterContext: (/Game/Maps/MansionNew.MansionNew:PersistentLevel.BoxBrush37.BrushComponent0) Component already registered.
[2015.08.20-15.50.12:739][164]LogActorComponent: ~FComponentReregisterContext: (/Game/Maps/MansionNew.MansionNew:PersistentLevel.BoxBrush34.BrushComponent0) Component already registered.
[2015.08.20-15.50.27:644][446]LogD3D11RHI: InitD3DDevice
[2015.08.20-15.50.38:574][682]LogD3D11RHI: InitD3DDevice
[2015.08.20-15.50.47:246][869]LogD3D11RHI: InitD3DDevice
[2015.08.20-15.51.01:692][181]LogD3D11RHI: InitD3DDevice
[2015.08.20-15.51.02:658][228]LogEditorViewport: Clicking on Actor (LMB): Blueprint_CeilingLight_C (Blueprint_CeilingLight4)
[2015.08.20-15.51.09:889][367]LogD3D11RHI: InitD3DDevice
[2015.08.20-15.51.30:732][841]LogEditorViewport: Clicking on Actor (LMB): StaticMeshActor (SM_GlassWindow5)
[2015.08.20-15.51.33:248][879]LogD3D11RHI: InitD3DDevice
[2015.08.20-15.51.33:270][879]Cmd: OBJ SAVEPACKAGE PACKAGE="/Game/Maps/MansionNew" FILE="../../../../../../Users/Christian/Desktop/TheForsakensJacket/Content/Maps/MansionNew.umap" SILENT=true AUTOSAVING=false KEEPDIRTY=false
[2015.08.20-15.51.44:376][879]LogSavePackage: Save=10650.763672ms
[2015.08.20-15.51.44:377][879]LogSavePackage: Moving '../../../../../../Users/Christian/Desktop/TheForsakensJacket/Saved/MansionNew6663030D4A2723CD07A8E097973E9779.tmp' to '../../../../../../Users/Christian/Desktop/TheForsakensJacket/Content/Maps/MansionNew.umap'
[2015.08.20-15.51.51:054][994]LogEditorViewport: Clicking on Actor (LMB): Blueprint_CeilingLight_C (Blueprint_CeilingLight4)
[2015.08.20-15.52.18:519][535]LogD3D11RHI: InitD3DDevice
[2015.08.20-15.52.20:232][535]LogD3D11RHI: InitD3DDevice
[2015.08.20-15.52.20:438][535]Cmd: OBJ SAVEPACKAGE PACKAGE="/Game/Maps/MansionNew" FILE="../../../../../../Users/Christian/Desktop/TheForsakensJacket/Content/Maps/MansionNew.umap" SILENT=true AUTOSAVING=false KEEPDIRTY=false
[2015.08.20-15.52.31:809][535]LogSavePackage: Save=11281.571289ms
[2015.08.20-15.52.31:809][535]LogSavePackage: Moving '../../../../../../Users/Christian/Desktop/TheForsakensJacket/Saved/MansionNew7F3E3B1848C710B3B55630A46E891653.tmp' to '../../../../../../Users/Christian/Desktop/TheForsakensJacket/Content/Maps/MansionNew.umap'
[2015.08.20-15.52.31:906][535]LogFileHelpers: Saving map 'MansionNew' took 11.658
[2015.08.20-15.52.33:210][535]LogWindowsTextInputMethodSystem:Display: IME system now deactivated.
[2015.08.20-15.52.34:872][536]Cmd: QUIT_EDITOR
[2015.08.20-15.52.36:893][536]LogExit: Preparing to exit.
[2015.08.20-15.52.41:080][536]LogExit: Editor shut down
[2015.08.20-15.52.41:082][536]LogExit: Transaction tracking system shut down
[2015.08.20-15.52.41:121][536]LogParticles: Destroying 0 GPU particle simulations for FXSystem 0x000000094A2AAA20
[2015.08.20-15.52.41:122][536]LogParticles: Destroying 0 GPU particle simulations for FXSystem 0x000000094BDBF560
[2015.08.20-15.52.41:122][536]LogParticles: Destroying 0 GPU particle simulations for FXSystem 0x000000097297CE00
[2015.08.20-15.52.41:141][536]LogParticles: Destroying 0 GPU particle simulations for FXSystem 0x000000095F3D0680
[2015.08.20-15.52.41:159][536]LogParticles: Destroying 0 GPU particle simulations for FXSystem 0x000000097110E660
[2015.08.20-15.52.41:279][536]LogParticles: Destroying 0 GPU particle simulations for FXSystem 0x00000009723C2700
[2015.08.20-15.52.46:245][536]LogExit: Object subsystem successfully closed.
[2015.08.20-15.52.47:407][536]LogD3D11RHI: Shutdown
[2015.08.20-15.52.47:407][536]LogD3D11RHI: CleanupD3DDevice
[2015.08.20-15.52.48:062][536]LogD3D11RHI: ~FD3D11DynamicRHI
[2015.08.20-15.52.52:182][536]LogModuleManager: Shutting down and abandoning module CrashTracker (188)
[2015.08.20-15.52.52:191][536]LogModuleManager: Shutting down and abandoning module SceneOutliner (187)
[2015.08.20-15.52.52:191][536]LogModuleManager: Shutting down and abandoning module SuperSearch (186)
[2015.08.20-15.52.52:191][536]LogModuleManager: Shutting down and abandoning module WidgetCarousel (185)
[2015.08.20-15.52.52:208][536]LogModuleManager: Shutting down and abandoning module AddContentDialog (184)
[2015.08.20-15.52.52:262][536]LogModuleManager: Shutting down and abandoning module EditorWidgets (183)
[2015.08.20-15.52.52:262][536]LogModuleManager: Shutting down and abandoning module CollectionManager (182)
[2015.08.20-15.52.52:292][536]LogModuleManager: Shutting down and abandoning module StatsViewer (181)
[2015.08.20-15.52.52:305][536]LogModuleManager: Shutting down and abandoning module FoliageEdit (180)
[2015.08.20-15.52.52:315][536]LogModuleManager: Shutting down and abandoning module LandscapeEditor (179)
[2015.08.20-15.52.52:349][536]LogModuleManager: Shutting down and abandoning module ActorPickerMode (178)
[2015.08.20-15.52.52:349][536]LogModuleManager: Shutting down and abandoning module GeometryMode (177)
[2015.08.20-15.52.52:349][536]LogModuleManager: Shutting down and abandoning module TextureAlignMode (176)
[2015.08.20-15.52.52:349][536]LogModuleManager: Shutting down and abandoning module BspMode (175)
[2015.08.20-15.52.52:349][536]LogModuleManager: Shutting down and abandoning module PlacementMode (174)
[2015.08.20-15.52.52:365][536]LogModuleManager: Shutting down and abandoning module AutomationWorker (173)
[2015.08.20-15.52.52:371][536]LogModuleManager: Shutting down and abandoning module CharacterAI (172)
[2015.08.20-15.52.52:371][536]LogModuleManager: Shutting down and abandoning module SmartSnapping (171)
[2015.08.20-15.52.52:371][536]LogModuleManager: Shutting down and abandoning module ViewportSnapping (170)
[2015.08.20-15.52.52:385][536]LogModuleManager: Shutting down and abandoning module LogVisualizer (169)
[2015.08.20-15.52.52:468][536]LogModuleManager: Shutting down and abandoning module GameProjectGeneration (168)
[2015.08.20-15.52.52:514][536]LogModuleManager: Shutting down and abandoning module IntroTutorials (167)
[2015.08.20-15.52.52:579][536]LogModuleManager: Shutting down and abandoning module EditorLiveStreaming (166)
[2015.08.20-15.52.52:593][536]LogModuleManager: Shutting down and abandoning module IOSPlatformEditor (165)
[2015.08.20-15.52.52:621][536]LogModuleManager: Shutting down and abandoning module HTML5PlatformEditor (164)
[2015.08.20-15.52.52:621][536]LogModuleManager: Shutting down and abandoning module AndroidDeviceDetection (163)
[2015.08.20-15.52.52:804][536]LogModuleManager: Shutting down and abandoning module AndroidPlatformEditor (162)
[2015.08.20-15.52.52:804][536]LogModuleManager: Shutting down and abandoning module IOSRuntimeSettings (161)
[2015.08.20-15.52.52:804][536]LogModuleManager: Shutting down and abandoning module AndroidRuntimeSettings (160)
[2015.08.20-15.52.52:804][536]LogModuleManager: Shutting down and abandoning module MergeActors (159)
[2015.08.20-15.52.52:837][536]LogModuleManager: Shutting down and abandoning module SizeMap (158)
[2015.08.20-15.52.52:853][536]LogModuleManager: Shutting down and abandoning module TreeMap (157)
[2015.08.20-15.52.52:866][536]LogModuleManager: Shutting down and abandoning module ReferenceViewer (156)
[2015.08.20-15.52.52:866][536]LogModuleManager: Shutting down and abandoning module LocalizationDashboard (155)
[2015.08.20-15.52.52:921][536]LogModuleManager: Shutting down and abandoning module HardwareTargeting (154)
[2015.08.20-15.52.52:921][536]LogModuleManager: Shutting down and abandoning module DeviceProfileEditor (153)
[2015.08.20-15.52.52:943][536]LogModuleManager: Shutting down and abandoning module UndoHistory (152)
[2015.08.20-15.52.52:956][536]LogModuleManager: Shutting down and abandoning module GameplayTagsEditor (151)
[2015.08.20-15.52.52:969][536]LogModuleManager: Shutting down and abandoning module UserFeedback (150)
[2015.08.20-15.52.52:969][536]LogModuleManager: Shutting down and abandoning module XmlParser (149)
[2015.08.20-15.52.52:977][536]LogModuleManager: Shutting down and abandoning module Blutility (148)
[2015.08.20-15.52.52:977][536]LogModuleManager: Shutting down and abandoning module ProjectTargetPlatformEditor (147)
[2015.08.20-15.52.52:994][536]LogModuleManager: Shutting down and abandoning module ProjectSettingsViewer (146)
[2015.08.20-15.52.52:994][536]LogModuleManager: Shutting down and abandoning module InputBindingEditor (145)
[2015.08.20-15.52.53:011][536]LogModuleManager: Shutting down and abandoning module EditorSettingsViewer (144)
[2015.08.20-15.52.53:011][536]LogModuleManager: Shutting down and abandoning module SettingsEditor (143)
[2015.08.20-15.52.53:027][536]LogModuleManager: Shutting down and abandoning module ProjectLauncher (142)
[2015.08.20-15.52.53:052][536]LogModuleManager: Shutting down and abandoning module SessionFrontend (141)
[2015.08.20-15.52.53:072][536]LogModuleManager: Shutting down and abandoning module ProfilerClient (140)
[2015.08.20-15.52.53:087][536]LogModuleManager: Shutting down and abandoning module TargetDeviceServices (139)
[2015.08.20-15.52.53:104][536]LogModuleManager: Shutting down and abandoning module DeviceManager (138)
[2015.08.20-15.52.53:205][536]LogModuleManager: Shutting down and abandoning module AutomationController (137)
[2015.08.20-15.52.53:230][536]LogModuleManager: Shutting down and abandoning module AutomationWindow (136)
[2015.08.20-15.52.53:246][536]LogModuleManager: Shutting down and abandoning module Layers (135)
[2015.08.20-15.52.53:267][536]LogModuleManager: Shutting down and abandoning module ComponentVisualizers (134)
[2015.08.20-15.52.53:267][536]LogModuleManager: Shutting down and abandoning module DetailCustomizations (133)
[2015.08.20-15.52.53:267][536]LogModuleManager: Shutting down and abandoning module PackagesDialog (132)
[2015.08.20-15.52.53:268][536]LogModuleManager: Shutting down and abandoning module AssetRegistry (131)
[2015.08.20-15.52.54:117][536]LogModuleManager: Shutting down and abandoning module Persona (130)
[2015.08.20-15.52.54:153][536]LogModuleManager: Shutting down and abandoning module Kismet (129)
[2015.08.20-15.52.54:194][536]LogModuleManager: Shutting down and abandoning module GraphEditor (128)
[2015.08.20-15.52.54:263][536]LogModuleManager: Shutting down and abandoning module ClassViewer (127)
[2015.08.20-15.52.54:275][536]LogModuleManager: Shutting down and abandoning module Toolbox (126)
[2015.08.20-15.52.54:275][536]LogModuleManager: Shutting down and abandoning module ModuleUI (125)
[2015.08.20-15.52.54:287][536]LogModuleManager: Shutting down and abandoning module MovieSceneTools (124)
[2015.08.20-15.52.54:344][536]LogModuleManager: Shutting down and abandoning module OutputLog (123)
[2015.08.20-15.52.54:352][536]LogModuleManager: Shutting down and abandoning module GammaUI (122)
[2015.08.20-15.52.54:363][536]LogModuleManager: Shutting down and abandoning module Documentation (121)
[2015.08.20-15.52.54:375][536]LogModuleManager: Shutting down and abandoning module GameLiveStreaming (120)
[2015.08.20-15.52.54:389][536]LogModuleManager: Shutting down and abandoning module StreamingPauseRendering (119)
[2015.08.20-15.52.54:389][536]LogModuleManager: Shutting down and abandoning module AnalyticsET (118)
[2015.08.20-15.52.54:389][536]LogModuleManager: Shutting down and abandoning module Analytics (117)
[2015.08.20-15.52.54:389][536]LogModuleManager: Shutting down and abandoning module AITestSuite (116)
[2015.08.20-15.52.54:397][536]LogModuleManager: Shutting down and abandoning module GameplayDebugger (115)
[2015.08.20-15.52.54:414][536]LogModuleManager: Shutting down and abandoning module AIModule (114)
[2015.08.20-15.52.54:426][536]LogModuleManager: Shutting down and abandoning module ProfilerService (113)
[2015.08.20-15.52.54:464][536]LogModuleManager: Shutting down and abandoning module TaskGraph (112)
[2015.08.20-15.52.54:485][536]LogModuleManager: Shutting down and abandoning module SlateRemote (111)
[2015.08.20-15.52.54:496][536]LogModuleManager: Shutting down and abandoning module SteamVRController (110)
[2015.08.20-15.52.54:496][536]LogModuleManager: Shutting down and abandoning module SteamVR (109)
[2015.08.20-15.52.54:496][536]LogModuleManager: Shutting down and abandoning module ProceduralMeshComponent (108)
[2015.08.20-15.52.54:496][536]LogModuleManager: Shutting down and abandoning module OculusRift (107)
[2015.08.20-15.52.54:496][536]LogModuleManager: Shutting down and abandoning module LeapMotionController (106)
[2015.08.20-15.52.54:649][536]LogModuleManager: Shutting down and abandoning module CustomMeshComponent (105)
[2015.08.20-15.52.54:649][536]LogModuleManager: Shutting down and abandoning module CableComponent (104)
[2015.08.20-15.52.54:649][536]LogModuleManager: Shutting down and abandoning module MessagingDebugger (103)
[2015.08.20-15.52.54:698][536]LogModuleManager: Shutting down and abandoning module MediaPlayerEditor (102)
[2015.08.20-15.52.54:723][536]LogModuleManager: Shutting down and abandoning module SpeedTreeImporter (101)
[2015.08.20-15.52.54:723][536]LogModuleManager: Shutting down and abandoning module PluginBrowser (100)
[2015.08.20-15.52.54:748][536]LogModuleManager: Shutting down and abandoning module EpicSurvey (99)
[2015.08.20-15.52.54:771][536]LogModuleManager: Shutting down and abandoning module DesktopPlatform (98)
[2015.08.20-15.52.54:812][536]LogModuleManager: Shutting down and abandoning module VisualStudioSourceCodeAccess (97)
[2015.08.20-15.52.54:824][536]LogModuleManager: Shutting down and abandoning module UObjectPlugin (96)
[2015.08.20-15.52.54:824][536]LogModuleManager: Shutting down and abandoning module SubversionSourceControl (95)
[2015.08.20-15.52.54:844][536]LogModuleManager: Shutting down and abandoning module PerforceSourceControl (94)
[2015.08.20-15.52.54:869][536]LogModuleManager: Shutting down and abandoning module SourceControl (93)
[2015.08.20-15.52.54:972][536]LogModuleManager: Shutting down and abandoning module GitSourceControl (92)
[2015.08.20-15.52.54:989][536]LogModuleManager: Shutting down and abandoning module BlankPlugin (91)
[2015.08.20-15.52.54:989][536]LogModuleManager: Shutting down and abandoning module PaperTiledImporter (90)
[2015.08.20-15.52.54:989][536]LogModuleManager: Shutting down and abandoning module PaperSpriteSheetImporter (89)
[2015.08.20-15.52.55:004][536]LogModuleManager: Shutting down and abandoning module MeshPaint (88)
[2015.08.20-15.52.55:012][536]LogModuleManager: Shutting down and abandoning module SlateReflector (87)
[2015.08.20-15.52.55:035][536]LogModuleManager: Shutting down and abandoning module DirectoryWatcher (86)
[2015.08.20-15.52.55:037][536]LogModuleManager: Shutting down and abandoning module HotReload (85)
[2015.08.20-15.52.55:052][536]LogModuleManager: Shutting down and abandoning module MainFrame (84)
[2015.08.20-15.52.55:060][536]LogModuleManager: Shutting down and abandoning module LevelEditor (83)
[2015.08.20-15.52.55:120][536]LogModuleManager: Shutting down and abandoning module ContentBrowser (82)
[2015.08.20-15.52.55:129][536]LogModuleManager: Shutting down and abandoning module Paper2DEditor (81)
[2015.08.20-15.52.55:163][536]LogModuleManager: Shutting down and abandoning module UdpMessaging (80)
[2015.08.20-15.52.55:276][536]LogModuleManager: Shutting down and abandoning module Paper2D (79)
[2015.08.20-15.52.55:336][536]LogModuleManager: Shutting down and abandoning module WindowsMoviePlayer (78)
[2015.08.20-15.52.55:377][536]LogModuleManager: Shutting down and abandoning module Media (77)
[2015.08.20-15.52.55:377][536]LogModuleManager: Shutting down and abandoning module WmfMedia (76)
[2015.08.20-15.52.55:418][536]LogModuleManager: Shutting down and abandoning module OnlineBlueprintSupport (75)
[2015.08.20-15.52.55:418][536]LogModuleManager: Shutting down and abandoning module PropertyEditor (74)
[2015.08.20-15.52.55:510][536]LogModuleManager: Shutting down and abandoning module BehaviorTreeEditor (73)
[2015.08.20-15.52.55:537][536]LogModuleManager: Shutting down and abandoning module FunctionalTesting (72)
[2015.08.20-15.52.55:551][536]LogModuleManager: Shutting down and abandoning module CollisionAnalyzer (71)
[2015.08.20-15.52.55:566][536]LogModuleManager: Shutting down and abandoning module WorkspaceMenuStructure (70)
[2015.08.20-15.52.55:627][536]LogModuleManager: Shutting down and abandoning module MessageLog (69)
[2015.08.20-15.52.55:627][536]LogModuleManager: Shutting down and abandoning module Sequencer (68)
[2015.08.20-15.52.55:707][536]LogModuleManager: Shutting down and abandoning module AssetTools (67)
[2015.08.20-15.52.55:751][536]LogModuleManager: Shutting down and abandoning module UMGEditor (66)
[2015.08.20-15.52.55:765][536]LogModuleManager: Shutting down and abandoning module UMG (65)
[2015.08.20-15.52.55:779][536]LogModuleManager: Shutting down and abandoning module Slate (64)
[2015.08.20-15.52.55:779][536]LogModuleManager: Shutting down and abandoning module EditorStyle (63)
[2015.08.20-15.52.55:884][536]LogModuleManager: Shutting down and abandoning module SessionServices (62)
[2015.08.20-15.52.55:884][536]LogModuleManager: Shutting down and abandoning module SourceCodeAccess (61)
[2015.08.20-15.52.55:898][536]LogModuleManager: Shutting down and abandoning module HeadMountedDisplay (60)
[2015.08.20-15.52.55:898][536]LogModuleManager: Shutting down and abandoning module XAudio2 (59)
[2015.08.20-15.52.55:898][536]LogModuleManager: Shutting down and abandoning module Networking (57)
[2015.08.20-15.52.55:898][536]LogModuleManager: Shutting down and abandoning module Core (56)
[2015.08.20-15.52.55:898][536]LogModuleManager: Shutting down and abandoning module KismetCompiler (55)
[2015.08.20-15.52.55:913][536]LogModuleManager: Shutting down and abandoning module PhysXFormats (54)
[2015.08.20-15.52.55:913][536]LogModuleManager: Shutting down and abandoning module MeshUtilities (53)
[2015.08.20-15.52.55:968][536]LogModuleManager: Shutting down and abandoning module DerivedDataCache (52)
[2015.08.20-15.52.56:025][536]LogDerivedDataCache: Shutdown
[2015.08.20-15.52.56:025][536]LogModuleManager: Shutting down and abandoning module ShaderFormatOpenGL (51)
[2015.08.20-15.52.56:061][536]LogModuleManager: Shutting down and abandoning module ShaderFormatD3D (50)
[2015.08.20-15.52.56:081][536]LogModuleManager: Shutting down and abandoning module MetalShaderFormat (49)
[2015.08.20-15.52.56:095][536]LogModuleManager: Shutting down and abandoning module TextureFormatUncompressed (48)
[2015.08.20-15.52.56:095][536]LogModuleManager: Shutting down and abandoning module TextureFormatPVR (47)
[2015.08.20-15.52.56:095][536]LogModuleManager: Shutting down and abandoning module TextureFormatIntelISPCTexComp (46)
[2015.08.20-15.52.56:095][536]LogModuleManager: Shutting down and abandoning module TextureFormatDXT (45)
[2015.08.20-15.52.56:095][536]LogModuleManager: Shutting down and abandoning module ImageWrapper (44)
[2015.08.20-15.52.56:095][536]LogModuleManager: Shutting down and abandoning module TextureFormatASTC (43)
[2015.08.20-15.52.56:095][536]LogModuleManager: Shutting down and abandoning module TextureFormatAndroid (42)
[2015.08.20-15.52.56:107][536]LogModuleManager: Shutting down and abandoning module AudioFormatOpus (41)
[2015.08.20-15.52.56:145][536]LogModuleManager: Shutting down and abandoning module AudioFormatOgg (40)
[2015.08.20-15.52.56:146][536]LogModuleManager: Shutting down and abandoning module AudioFormatADPCM (39)
[2015.08.20-15.52.56:146][536]LogModuleManager: Shutting down and abandoning module LinuxTargetPlatform (38)
[2015.08.20-15.52.56:167][536]LogModuleManager: Shutting down and abandoning module LinuxServerTargetPlatform (37)
[2015.08.20-15.52.56:167][536]LogModuleManager: Shutting down and abandoning module LinuxNoEditorTargetPlatform (36)
[2015.08.20-15.52.56:167][536]LogModuleManager: Shutting down and abandoning module Messaging (35)
[2015.08.20-15.52.56:167][536]LogModuleManager: Shutting down and abandoning module IOSTargetPlatform (34)
[2015.08.20-15.52.56:182][536]LogModuleManager: Shutting down and abandoning module HTML5TargetPlatform (33)
[2015.08.20-15.52.56:195][536]LogModuleManager: Shutting down and abandoning module Android_PVRTCTargetPlatform (32)
[2015.08.20-15.52.56:195][536]LogModuleManager: Shutting down and abandoning module Android_ETC2TargetPlatform (31)
[2015.08.20-15.52.56:195][536]LogModuleManager: Shutting down and abandoning module Android_ETC1TargetPlatform (30)
[2015.08.20-15.52.56:195][536]LogModuleManager: Shutting down and abandoning module Android_DXTTargetPlatform (29)
[2015.08.20-15.52.56:195][536]LogModuleManager: Shutting down and abandoning module Android_ATCTargetPlatform (28)
[2015.08.20-15.52.56:195][536]LogModuleManager: Shutting down and abandoning module Android_ASTCTargetPlatform (27)
[2015.08.20-15.52.56:195][536]LogModuleManager: Shutting down and abandoning module AndroidTargetPlatform (26)
[2015.08.20-15.52.56:195][536]LogModuleManager: Shutting down and abandoning module WindowsTargetPlatform (25)
[2015.08.20-15.52.56:211][536]LogModuleManager: Shutting down and abandoning module WindowsServerTargetPlatform (24)
[2015.08.20-15.52.56:212][536]LogModuleManager: Shutting down and abandoning module WindowsNoEditorTargetPlatform (23)
[2015.08.20-15.52.56:212][536]LogModuleManager: Shutting down and abandoning module WindowsClientTargetPlatform (22)
[2015.08.20-15.52.56:212][536]LogModuleManager: Shutting down and abandoning module DesktopTargetPlatform (21)
[2015.08.20-15.52.56:224][536]LogModuleManager: Shutting down and abandoning module TargetPlatform (20)
[2015.08.20-15.52.56:254][536]LogModuleManager: Shutting down and abandoning module InputCore (19)
[2015.08.20-15.52.56:267][536]LogModuleManager: Shutting down and abandoning module Settings (18)
[2015.08.20-15.52.56:267][536]LogModuleManager: Shutting down and abandoning module OnlineSubsystem (16)
[2015.08.20-15.52.56:267][536]LogModuleManager: Shutting down and abandoning module HTTP (15)
[2015.08.20-15.52.56:280][536]LogModuleManager: Shutting down and abandoning module ExampleDeviceProfileSelector (14)
[2015.08.20-15.52.56:288][536]LogModuleManager: Shutting down and abandoning module TextureCompressor (13)
[2015.08.20-15.52.56:355][536]LogModuleManager: Shutting down and abandoning module ShaderCore (12)
[2015.08.20-15.52.56:374][536]LogModuleManager: Shutting down and abandoning module Landscape (11)
[2015.08.20-15.52.56:374][536]LogModuleManager: Shutting down and abandoning module SlateRHIRenderer (10)
[2015.08.20-15.52.56:421][536]LogModuleManager: Shutting down and abandoning module OpenGLDrv (9)
[2015.08.20-15.52.56:438][536]LogModuleManager: Shutting down and abandoning module D3D11RHI (8)
[2015.08.20-15.52.56:438][536]LogModuleManager: Shutting down and abandoning module Renderer (7)
[2015.08.20-15.52.56:438][536]LogModuleManager: Shutting down and abandoning module Engine (6)
[2015.08.20-15.52.56:448][536]LogModuleManager: Shutting down and abandoning module CoreUObject (5)
[2015.08.20-15.52.56:448][536]LogModuleManager: Shutting down and abandoning module NetworkFile (4)
[2015.08.20-15.52.56:473][536]LogModuleManager: Shutting down and abandoning module StreamingFile (3)
[2015.08.20-15.52.56:489][536]LogModuleManager: Shutting down and abandoning module SandboxFile (2)
[2015.08.20-15.52.56:519][536]LogModuleManager: Shutting down and abandoning module PakFile (1)
[2015.08.20-15.52.56:629][536]LogExit: Exiting.
[2015.08.20-15.52.56:991][536]Log file closed, 08/20/15 10:52:56
