[2015.08.04-20.13.18:873][  0]Log file open, 08/04/15 15:13:18
[2015.08.04-20.13.18:873][  0]LogInit:Display: Running engine for game: TheForsakens
[2015.08.04-20.13.18:873][  0]LogInit:Display: RandInit(1716995703) SRandInit(1716995703).
[2015.08.04-20.13.18:873][  0]LogTaskGraph: Started task graph with 4 named threads and 5 total threads.
[2015.08.04-20.13.18:873][  0]LogStats: Stats thread started
[2015.08.04-20.13.18:873][  0]LogInit: Version: 4.8.3-2634408+++depot+UE4-Releases+4.8
[2015.08.04-20.13.18:873][  0]LogInit: API Version: 2579680
[2015.08.04-20.13.18:873][  0]LogInit: Compiled (64-bit): Jul 27 2015 16:24:33
[2015.08.04-20.13.18:873][  0]LogInit: Compiled with Visual C++: 18.00.21005.01
[2015.08.04-20.13.18:873][  0]LogInit: Build Configuration: Development
[2015.08.04-20.13.18:873][  0]LogInit: Branch Name: ++depot+UE4-Releases+4.8
[2015.08.04-20.13.18:873][  0]LogInit: Command line:  
[2015.08.04-20.13.18:873][  0]LogInit: Base directory: C:/Program Files/Epic Games/4.8/Engine/Binaries/Win64/
[2015.08.04-20.13.18:873][  0]LogInit: Rocket: 1
[2015.08.04-20.13.18:994][  0]LogInit: Using libcurl 7.41.0
[2015.08.04-20.13.18:994][  0]LogInit:  - built for x86_64-pc-win32
[2015.08.04-20.13.18:994][  0]LogInit:  - supports SSL with WinSSL
[2015.08.04-20.13.18:994][  0]LogInit:  - other features:
[2015.08.04-20.13.18:994][  0]LogInit:      CURL_VERSION_SSL
[2015.08.04-20.13.18:994][  0]LogInit:      CURL_VERSION_IPV6
[2015.08.04-20.13.18:994][  0]LogInit:      CURL_VERSION_ASYNCHDNS
[2015.08.04-20.13.18:994][  0]LogInit:      CURL_VERSION_LARGEFILE
[2015.08.04-20.13.18:994][  0]LogInit:      CURL_VERSION_IDN
[2015.08.04-20.13.18:994][  0]LogInit:  CurlRequestOptions (configurable via config and command line):
[2015.08.04-20.13.18:994][  0]LogInit:  - bVerifyPeer = true  - Libcurl will verify peer certificate
[2015.08.04-20.13.18:994][  0]LogInit:  - bUseHttpProxy = false  - Libcurl will NOT use HTTP proxy
[2015.08.04-20.13.18:994][  0]LogInit:  - bDontReuseConnections = false  - Libcurl will reuse connections
[2015.08.04-20.13.18:994][  0]LogInit:  - CertBundlePath = nullptr  - Libcurl will use whatever was configured at build time.
[2015.08.04-20.13.19:015][  0]LogOnline:Warning: No default platform service specified for OnlineSubsystem
[2015.08.04-20.13.19:035][  0]LogInit: Presizing for 0 objects not considered by GC, pre-allocating 0 bytes.
[2015.08.04-20.13.19:047][  0]LogInit: Object subsystem initialized
[2015.08.04-20.13.19:049][  0]LogConsoleResponse:Warning: Skipping Unknown console variable: 'TranslucentSortAxis = (X=0.000000,Y=-1.000000,Z=0.000000)'
[2015.08.04-20.13.19:049][  0]LogConsoleResponse:Warning:   Found in ini file 'C:/Users/Christian/Desktop/The-Forsaken/Saved/Config/Windows/Engine.ini', in section '[/Script/Engine.RendererSettings]'
[2015.08.04-20.13.19:049][  0]LogConsoleResponse:Warning: Skipping Unknown console variable: 'UIScaleRule = ShortestSide'
[2015.08.04-20.13.19:049][  0]LogConsoleResponse:Warning:   Found in ini file 'C:/Users/Christian/Desktop/The-Forsaken/Saved/Config/Windows/Engine.ini', in section '[/Script/Engine.RendererSettings]'
[2015.08.04-20.13.19:049][  0]LogConsoleResponse:Warning: Skipping Unknown console variable: 'UIScaleCurve = (EditorCurveData=(Keys=),ExternalCurve=None)'
[2015.08.04-20.13.19:049][  0]LogConsoleResponse:Warning:   Found in ini file 'C:/Users/Christian/Desktop/The-Forsaken/Saved/Config/Windows/Engine.ini', in section '[/Script/Engine.RendererSettings]'
[2015.08.04-20.13.19:049][  0]LogInit: Selected Device Profile: [Windows]
[2015.08.04-20.13.19:049][  0]LogInit: Applying CVar settings loaded from the selected device profile: [Windows]
[2015.08.04-20.13.19:109][  0]LogInit: Computer: CHRISTIANGAMING
[2015.08.04-20.13.19:109][  0]LogInit: User: Christian
[2015.08.04-20.13.19:109][  0]LogInit: CPU Page size=4096, Cores=2
[2015.08.04-20.13.19:109][  0]LogInit: High frequency timer resolution =2.143569 MHz
[2015.08.04-20.13.19:109][  0]LogMemory: Memory total: Physical=3.9GB (4GB approx)
[2015.08.04-20.13.19:109][  0]LogMemory: Platform Memory Stats for Windows
[2015.08.04-20.13.19:109][  0]LogMemory: Process Physical Memory: 50.47 MB used, 50.47 MB peak
[2015.08.04-20.13.19:109][  0]LogMemory: Process Virtual Memory: 24.97 MB used, 25.79 MB peak
[2015.08.04-20.13.19:109][  0]LogMemory: Physical Memory: 1868.30 MB used, 3983.27 MB total
[2015.08.04-20.13.19:109][  0]LogMemory: Virtual Memory: 293.59 MB used, 8388608.00 MB total
[2015.08.04-20.13.19:361][  0]LogTextLocalizationManager: The requested culture ('en_US') has no localization data; parent culture's ('en') localization data will be used.
[2015.08.04-20.13.19:741][  0]LogTextLocalizationManager:Warning: Loaded localization resources contain conflicting entries for (Namespace:ContentBrowser, Key:ImportAssetToolTip):
Localization Resource: (C:/Program Files/Epic Games/4.8/Engine/Content/Localization/Editor/en/Editor.locres) Source String Hash: (-630476809) Localized String: (Import to {0}...)
Localization Resource: (C:/Program Files/Epic Games/4.8/Engine/Content/Localization/Editor/en/Editor.locres) Source String Hash: (1271782899) Localized String: (Imports an asset from file to this folder.)
[2015.08.04-20.13.20:406][  0]LogD3D11RHI: Found D3D11 adapter 0: Intel(R) HD Graphics 3000 (Feature Level 10_0)
[2015.08.04-20.13.20:406][  0]LogD3D11RHI: Adapter has 32MB of dedicated video memory, 0MB of dedicated system memory, and 1632MB of shared system memory, 1 output[s]
[2015.08.04-20.13.20:407][  0]LogD3D11RHI: Found D3D11 adapter 1: Microsoft Basic Render Driver (Feature Level 11_0)
[2015.08.04-20.13.20:407][  0]LogD3D11RHI: Adapter has 0MB of dedicated video memory, 0MB of dedicated system memory, and 256MB of shared system memory, 0 output[s]
[2015.08.04-20.13.20:407][  0]LogD3D11RHI: Chosen D3D11 Adapter Id = 0
[2015.08.04-20.13.20:418][  0]LogD3D11RHI: InitD3DDevice
[2015.08.04-20.13.20:418][  0]LogD3D11RHI: !Direct3DDevice
[2015.08.04-20.13.20:418][  0]LogRHI: Texture pool is 593 MB (70% of 848 MB)
[2015.08.04-20.13.20:421][  0]LogD3D11RHI: Async texture creation enabled
[2015.08.04-20.13.20:438][  0]LogShaderCompilers:Display: Using Local Shader Compiler.
[2015.08.04-20.13.23:494][  0]LogTemp:Display: Loaded TP DesktopTargetPlatform
[2015.08.04-20.13.23:516][  0]LogTemp:Display: Loaded TP WindowsClientTargetPlatform
[2015.08.04-20.13.23:538][  0]LogTemp:Display: Loaded TP WindowsNoEditorTargetPlatform
[2015.08.04-20.13.23:559][  0]LogTemp:Display: Loaded TP WindowsServerTargetPlatform
[2015.08.04-20.13.23:584][  0]LogTemp:Display: Loaded TP WindowsTargetPlatform
[2015.08.04-20.13.23:606][  0]LogTemp:Display: Loaded TP AndroidTargetPlatform
[2015.08.04-20.13.23:625][  0]LogTemp:Display: Loaded TP Android_ASTCTargetPlatform
[2015.08.04-20.13.23:644][  0]LogTemp:Display: Loaded TP Android_ATCTargetPlatform
[2015.08.04-20.13.23:662][  0]LogTemp:Display: Loaded TP Android_DXTTargetPlatform
[2015.08.04-20.13.23:681][  0]LogTemp:Display: Loaded TP Android_ETC1TargetPlatform
[2015.08.04-20.13.23:701][  0]LogTemp:Display: Loaded TP Android_ETC2TargetPlatform
[2015.08.04-20.13.23:720][  0]LogTemp:Display: Loaded TP Android_PVRTCTargetPlatform
[2015.08.04-20.13.23:787][  0]LogTemp:Display: Loaded TP IOSTargetPlatform
[2015.08.04-20.13.23:806][  0]LogTemp:Display: Loaded TP LinuxNoEditorTargetPlatform
[2015.08.04-20.13.23:825][  0]LogTemp:Display: Loaded TP LinuxServerTargetPlatform
[2015.08.04-20.13.23:847][  0]LogTemp:Display: Loaded TP LinuxTargetPlatform
[2015.08.04-20.13.23:847][  0]LogTargetPlatformManager:Display: Building Assets For Windows
[2015.08.04-20.13.24:176][  0]LogDerivedDataCache:Display: Max Cache Size: 512 MB
[2015.08.04-20.13.24:948][  0]LogDerivedDataCache: Loaded boot cache 0.77s 48MB C:/Users/Christian/AppData/Local/UnrealEngine/4.8/DerivedDataCache/Boot.ddc.
[2015.08.04-20.13.24:948][  0]LogDerivedDataCache:Display: Loaded Boot cache: C:/Users/Christian/AppData/Local/UnrealEngine/4.8/DerivedDataCache/Boot.ddc
[2015.08.04-20.13.24:948][  0]LogDerivedDataCache: FDerivedDataBackendGraph:  Pak pak cache file ../../../../../../Users/Christian/Desktop/The-Forsaken/DerivedDataCache/DDC.ddp not found, will not use a pak cache.
[2015.08.04-20.13.24:948][  0]LogDerivedDataCache: Unable to find inner node Pak for hierarchical cache Hierarchy.
[2015.08.04-20.13.24:948][  0]LogDerivedDataCache: FDerivedDataBackendGraph:  CompressedPak pak cache file ../../../../../../Users/Christian/Desktop/The-Forsaken/DerivedDataCache/Compressed.ddp not found, will not use a pak cache.
[2015.08.04-20.13.24:948][  0]LogDerivedDataCache: Unable to find inner node CompressedPak for hierarchical cache Hierarchy.
[2015.08.04-20.13.25:239][  0]LogDerivedDataCache:Display: Pak cache opened for reading ../../../Engine/DerivedDataCache/Compressed.ddp.
[2015.08.04-20.13.25:273][  0]LogDerivedDataCache: Using Local data cache path C:/Users/Christian/AppData/Local/UnrealEngine/Common/DerivedDataCache: Writable
[2015.08.04-20.13.35:538][  0]LogInit: Selected Device Profile: [Windows]
[2015.08.04-20.13.36:772][  0]ImportText (ComponentSweepMultiTests): Missing closing parenthesis: (RootShapeAsset="/Engine/BasicShapes/Cube.Cube",ShapeType="TriggerCapsule",HitResult=(Time=0.50,Location=(X=-100.000015,Y=0.0,Z=100.000015),ImpactPoint=(X=-50.0,Y=0.0,Z=50.0),Normal=(X=-1.0,Y=-0.0,Z=0.0),ImpactNormal=(X=0.0,Y=0.0,Z=1.0),TraceStart=(X=-200.0,Y=0.0,Z=200.0),TraceEnd=(X=0.0,Y=0.0,Z=0.0))
[2015.08.04-20.13.36:773][  0]ImportText (LineTraceSingleByChannelTests): Missing closing parenthesis: (RootShapeAsset="/Engine/BasicShapes/Cube.Cube",HitResult=(Time=0.50,Location=(X=-100.000015,Y=0.0,Z=100.000015),ImpactPoint=(X=-50.0,Y=0.0,Z=50.0),Normal=(X=-1.0,Y=-0.0,Z=0.0),ImpactNormal=(X=0.0,Y=0.0,Z=1.0),TraceStart=(X=-200.0,Y=0.0,Z=200.0),TraceEnd=(X=0.0,Y=0.0,Z=0.0))
[2015.08.04-20.13.37:040][  0]LogMeshUtilities: No automatic mesh reduction module available
[2015.08.04-20.13.37:040][  0]LogMeshUtilities: No automatic mesh merging module available
[2015.08.04-20.13.39:814][  0]LogInit: WinSock: version 1.1 (2.2), MaxSocks=32767, MaxUdp=65467
[2015.08.04-20.14.02:466][  0]UdpMessaging: Initializing bridge on interface 0.0.0.0:0 to multicast group 230.0.0.1:6666.
[2015.08.04-20.14.04:858][  0]SourceControl: Info Source control is disabled
[2015.08.04-20.14.05:026][  0]SourceControl: Info Source control is disabled
[2015.08.04-20.14.05:078][  0]SourceControl: Info Source control is disabled
[2015.08.04-20.14.05:144][  0]SourceControl: Info Source control is disabled
[2015.08.04-20.14.06:613][  0]LogObj: 26273 objects as part of root set at end of initial load.
[2015.08.04-20.14.06:613][  0]LogUObjectAllocator: 5409248 out of 0 bytes used by permanent object pool.
[2015.08.04-20.14.07:357][  0]LogEngine: Initializing Engine...
[2015.08.04-20.14.07:533][  0]LogHMD: Can't find Oculus library dev build: is proper Runtime installed? Version: 0.6.0.0
[2015.08.04-20.14.07:710][  0]LogHMD:Warning: SteamVR failed to initialize.  Error: 110
[2015.08.04-20.14.08:520][  0]LogAIModule: Creating AISystem for world NewWorld
[2015.08.04-20.14.08:571][  0]LogInit: XAudio2 using 'Speakers (Realtek High Definition Audio)' : 2 channels at 48 kHz using 32 bits per sample (channel mask 0x3)
[2015.08.04-20.14.08:592][  0]LogInit: FAudioDevice initialized.
[2015.08.04-20.14.08:635][  0]LogDerivedDataCache: Saved boot cache 0.04s 48MB C:/Users/Christian/AppData/Local/UnrealEngine/4.8/DerivedDataCache/Boot.ddc.
[2015.08.04-20.14.08:649][  0]LogInit: Texture streaming: Disabled
[2015.08.04-20.14.08:716][  0]LogAnalytics: Creating configured Analytics provider AnalyticsET
[2015.08.04-20.14.08:716][  0]LogAnalytics: [UEEditor.Rocket.Release] APIServer = http://et2.epicgames.com/ET2/. AppVersion = 4.8.3-2634408+++depot+UE4-Releases+4.8
[2015.08.04-20.14.08:716][  0]LogAnalytics: [UEEditor.Rocket.Release] SetUserId d520111f42444ed2ae17ceb4cce854a2|256081b0662a4905b440382e278adc23|3ae4f12a-3c0a-4aaf-bb63-a78589ca1625
[2015.08.04-20.14.08:716][  0]LogAnalytics: [UEEditor.Rocket.Release] AnalyticsET::StartSession
[2015.08.04-20.14.08:970][  0]LogInit: Transaction tracking system initialized
[2015.08.04-20.14.12:094][  0]BlueprintLog: New page: Editor Load
[2015.08.04-20.14.12:206][  0]LogAssetRegistry: FAssetRegistry took 0.0108 seconds to start up
[2015.08.04-20.14.12:207][  0]LogDirectoryWatcher:Warning: Failed to begin reading directory changes for ../../../Engine/Plugins/Experimental/CharacterAI/Content/. Error: 0
[2015.08.04-20.14.18:659][  0]LogConsoleManager:Warning: Console variable 'r.VSync' wasn't set ('GameSetting' has a lower priority than 'SystemSettingsIni')
[2015.08.04-20.14.18:662][  0]LogConsoleResponse:Display: 
[2015.08.04-20.14.21:790][  0]LogCook:Display: Done creating registry. It took  0.00s.
[2015.08.04-20.14.23:855][  0]SourceControl: Info Source control is disabled
[2015.08.04-20.14.23:879][  0]Cmd: MAP LOAD FILE="../../../Engine/Content/Maps/Templates/Template_Default.umap" TEMPLATE=1 SHOWPROGRESS=1 FEATURELEVEL=2
[2015.08.04-20.14.23:977][  0]LightingResults: New page: Lighting Build
[2015.08.04-20.14.24:065][  0]MapCheck: New page: Map Check
[2015.08.04-20.14.24:065][  0]LightingResults: New page: Lighting Build
[2015.08.04-20.14.24:097][  0]LogParticles: Destroying 0 GPU particle simulations for FXSystem 0x000000E32458E200
[2015.08.04-20.14.26:322][  0]LogAIModule: Creating AISystem for world Untitled_1
[2015.08.04-20.14.26:465][  0]LogEditorServer: Finished looking for orphan Actors (0.000 secs)
[2015.08.04-20.14.26:484][  0]Cmd: MAP CHECKDEP NOCLEARLOG
[2015.08.04-20.14.26:556][  0]MapCheck: Info Map check complete: 0 Error(s), 0 Warning(s), took 71.88ms to complete.
[2015.08.04-20.14.26:556][  0]LogFileHelpers: Loading map 'Template_Default' took 2.678
[2015.08.04-20.14.27:329][  0]LogCollectionManager: Loaded 0 collections in 0.003362 seconds
[2015.08.04-20.14.27:367][  0]LogContentBrowser: Native class hierarchy populated in 0.0376 seconds. Added 1792 classes and 301 folders.
[2015.08.04-20.14.27:648][  0]LogContentBrowser: Native class hierarchy updated for 'WidgetCarousel' in 0.0006 seconds. Added 0 classes and 0 folders.
[2015.08.04-20.14.28:457][  0]LogContentBrowser: Native class hierarchy updated for 'AddContentDialog' in 0.0013 seconds. Added 0 classes and 0 folders.
[2015.08.04-20.14.28:626][  0]LogContentBrowser: Native class hierarchy updated for 'SceneOutliner' in 0.0007 seconds. Added 1 classes and 2 folders.
[2015.08.04-20.14.29:662][  0]LogCrashTracker: Crashtracker disabled due to settings.
[2015.08.04-20.14.29:745][  0]LogD3D11RHI: InitD3DDevice
[2015.08.04-20.14.29:773][  0]LogUObjectGlobals:Warning: Failed to find object 'Class None.'
[2015.08.04-20.14.29:827][  0]LogLoad: Full Startup: 73.72 seconds (BP compile: 0.62 seconds)
[2015.08.04-20.14.30:672][  0]LogContentStreaming: Texture pool size is 0.000000MB
[2015.08.04-20.14.30:895][  0]LogContentStreaming: Texture pool size now 1000 MB
[2015.08.04-20.14.31:444][  0]LogRenderer: Reallocating scene render targets to support 736x360 (Frame:2).
[2015.08.04-20.14.45:032][ 38]LogAssetRegistry: Asset discovery search completed in 32.8372 seconds
[2015.08.04-20.15.22:407][158]LogD3D11RHI: InitD3DDevice
[2015.08.04-20.15.26:885][272]LogD3D11RHI: InitD3DDevice
[2015.08.04-20.15.52:982][272]LogAIModule: Creating AISystem for world MansionNew
[2015.08.04-20.15.53:572][272]Cmd: MAP LOAD FILE="../../../../../../Users/Christian/Desktop/The-Forsaken/Content/Maps/MansionNew.umap" TEMPLATE=0 SHOWPROGRESS=1 FEATURELEVEL=2
[2015.08.04-20.15.53:572][272]LightingResults: New page: Lighting Build
[2015.08.04-20.15.53:606][272]LoadErrors: New page: Loading map: MansionNew.umap
[2015.08.04-20.15.53:619][272]MapCheck: New page: Map Check
[2015.08.04-20.15.53:619][272]LightingResults: New page: Lighting Build
[2015.08.04-20.15.53:658][272]LogParticles: Destroying 0 GPU particle simulations for FXSystem 0x000000E32E82E2A0
[2015.08.04-20.15.55:790][272]LogAIModule: Creating AISystem for world MansionNew
[2015.08.04-20.15.56:042][272]LogEditorServer: Finished looking for orphan Actors (0.000 secs)
[2015.08.04-20.15.57:272][272]Cmd: MAP CHECKDEP NOCLEARLOG
[2015.08.04-20.15.57:389][272]MapCheck: Info Map check complete: 0 Error(s), 0 Warning(s), took 116.268ms to complete.
[2015.08.04-20.15.57:389][272]LogFileHelpers: Loading map 'MansionNew' took 3.826
[2015.08.04-20.19.17:357][638]LogEditorViewport: Clicking on Actor (LMB): StaticMeshActor (floorPlane_big52)
[2015.08.04-20.19.19:105][646]LogEditorViewport: Clicking on Actor (LMB): StaticMeshActor (floorPlane_big52)
[2015.08.04-20.19.27:061][846]LogEditorViewport: Clicking on Actor (LMB): StaticMeshActor (floorPlane_big53)
[2015.08.04-20.19.29:835][915]Cmd: DELETE
[2015.08.04-20.19.29:835][915]Cmd: ACTOR DELETE
[2015.08.04-20.19.30:079][915]LogEditorActor: Deleted Actor: StaticMeshActor
[2015.08.04-20.19.30:142][915]LogActorComponent: UnregisterComponent: (/Engine/Transient.CharMoveComp) Not registered. Aborting.
[2015.08.04-20.19.30:232][915]LogEditorActor: Deleted 1 Actors (0.187 secs)
[2015.08.04-20.19.33:039][985]LogEditorViewport: Clicking on Actor (LMB): StaticMeshActor (floorPlane_big52)
[2015.08.04-20.19.38:827][119]LogEditorViewport: Clicking on Actor (context menu): StaticMeshActor (wallPlane204)
[2015.08.04-20.19.39:032][119]LogD3D11RHI: InitD3DDevice
[2015.08.04-20.19.39:948][162]LogEditorViewport: Clicking on Actor (LMB): StaticMeshActor (floorPlane_big52)
[2015.08.04-20.19.41:132][189]LogEditorViewport: Clicking on Actor (CTRL LMB): StaticMeshActor (floorPlane_big53)
[2015.08.04-20.19.46:928][332]LogEditorViewport: Clicking on Actor (LMB): StaticMeshActor (wallPlane12)
[2015.08.04-20.20.01:935][703]LogD3D11RHI: InitD3DDevice
[2015.08.04-20.20.06:739][817]Cmd: TRANSACTION UNDO
[2015.08.04-20.20.06:759][817]LogEditorTransaction: Undo Clicking on Actors
[2015.08.04-20.20.06:786][817]LogD3D11RHI: InitD3DDevice
[2015.08.04-20.20.10:189][925]LogD3D11RHI: InitD3DDevice
[2015.08.04-20.20.23:156][221]LogEditorViewport: Clicking on Actor (LMB): StaticMeshActor (floorPlane_big51)
[2015.08.04-20.21.01:863][121]LogEditorViewport: Clicking on Actor (LMB): StaticMeshActor (floorPlane_big51)
[2015.08.04-20.21.02:901][145]Cmd: DELETE
[2015.08.04-20.21.02:901][145]Cmd: ACTOR DELETE
[2015.08.04-20.21.02:907][145]LogEditorActor: Deleted Actor: StaticMeshActor
[2015.08.04-20.21.02:941][145]LogActorComponent: UnregisterComponent: (/Engine/Transient.CharMoveComp) Not registered. Aborting.
[2015.08.04-20.21.03:018][145]LogEditorActor: Deleted 1 Actors (0.117 secs)
[2015.08.04-20.21.04:869][192]LogEditorViewport: Clicking on Actor (LMB): StaticMeshActor (floorPlane_big60)
[2015.08.04-20.21.27:715][716]LogEditorViewport: Clicking on Actor (LMB): StaticMeshActor (wallPlane83)
[2015.08.04-20.21.39:771][992]LogEditorViewport: Clicking on Actor (LMB): StaticMeshActor (floorPlane_big60)
[2015.08.04-20.21.49:432][218]LogPlayLevel: PIE:  No blueprints needed recompiling
[2015.08.04-20.21.49:760][218]PIE: New page: PIE session: MansionNew (Aug 4, 2015, 10:21:49 AM)
[2015.08.04-20.21.49:776][218]LogPlayLevel: Creating play world package: /Game/Maps/UEDPIE_0_MansionNew
[2015.08.04-20.21.50:472][218]LogPlayLevel: PIE: StaticDuplicateObject took: (0.695695s)
[2015.08.04-20.21.50:473][218]LogAIModule: Creating AISystem for world MansionNew
[2015.08.04-20.21.50:474][218]LogPlayLevel: PIE: World Init took: (0.002567s)
[2015.08.04-20.21.50:491][218]LogPlayLevel: PIE: Created PIE world by copying editor world from /Game/Maps/MansionNew.MansionNew to /Game/Maps/UEDPIE_0_MansionNew.MansionNew (0.714745s)
[2015.08.04-20.21.50:603][218]LogInit: XAudio2 using 'Speakers (Realtek High Definition Audio)' : 2 channels at 48 kHz using 32 bits per sample (channel mask 0x3)
[2015.08.04-20.21.50:624][218]LogInit: FAudioDevice initialized.
[2015.08.04-20.21.50:673][218]LogD3D11RHI: InitD3DDevice
[2015.08.04-20.22.06:395][218]LogWorld: Game class is 'MyGame_C'
[2015.08.04-20.22.06:955][218]LogWorld: Bringing World /Game/Maps/UEDPIE_0_MansionNew.MansionNew up for play (max tick rate 60) at 2015.08.04-15.22.06
[2015.08.04-20.22.06:955][218]LogActor:Warning: GameSession /Game/Maps/UEDPIE_0_MansionNew.MansionNew:PersistentLevel.GameSession_0 has natively added scene component(s), but none of them were set as the actor's RootComponent - picking one arbitrarily
[2015.08.04-20.22.06:997][218]LogActor:Warning: GameNetworkManager /Game/Maps/UEDPIE_0_MansionNew.MansionNew:PersistentLevel.GameNetworkManager_0 has natively added scene component(s), but none of them were set as the actor's RootComponent - picking one arbitrarily
[2015.08.04-20.22.07:313][218]LogWorld: Bringing up level for play took: 0.634216
[2015.08.04-20.22.08:631][218]PIE: Info Play in editor start time for /Game/Maps/UEDPIE_0_MansionNew 18.584
[2015.08.04-20.22.10:155][218]LogRenderer: Reallocating scene render targets to support 1296x728 (Frame:4694).
[2015.08.04-20.23.16:050][852]LogParticles: Destroying 0 GPU particle simulations for FXSystem 0x000000E34FEDDEE0
[2015.08.04-20.39.16:669][ 34]LogEditorViewport: Clicking on Actor (LMB): StaticMeshActor (floorPlane_big52)
[2015.08.04-20.39.19:427][ 88]Cmd: DELETE
[2015.08.04-20.39.19:427][ 88]Cmd: ACTOR DELETE
[2015.08.04-20.39.19:434][ 88]LogEditorActor: Deleted Actor: StaticMeshActor
[2015.08.04-20.39.19:585][ 88]LogEditorActor: Deleted 1 Actors (0.157 secs)
[2015.08.04-20.39.21:515][130]Cmd: TRANSACTION UNDO
[2015.08.04-20.39.21:515][130]LogEditorTransaction: Undo Delete Actors
[2015.08.04-20.39.21:629][130]LogD3D11RHI: InitD3DDevice
[2015.08.04-20.39.28:375][295]LogEditorViewport: Clicking on Actor (LMB): StaticMeshActor (floorPlane_big53)
[2015.08.04-20.39.29:395][315]Cmd: DELETE
[2015.08.04-20.39.29:395][315]Cmd: ACTOR DELETE
[2015.08.04-20.39.29:401][315]LogEditorActor: Deleted Actor: StaticMeshActor
[2015.08.04-20.39.29:514][315]LogEditorActor: Deleted 1 Actors (0.119 secs)
[2015.08.04-20.39.30:648][340]LogEditorViewport: Clicking on Actor (LMB): StaticMeshActor (floorPlane_big52)
[2015.08.04-20.41.00:348][973]LogPlayLevel: PIE:  No blueprints needed recompiling
[2015.08.04-20.41.00:349][973]PIE: New page: PIE session: MansionNew (Aug 4, 2015, 10:41:00 AM)
[2015.08.04-20.41.00:349][973]LogPlayLevel: Creating play world package: /Game/Maps/UEDPIE_0_MansionNew
[2015.08.04-20.41.00:951][973]LogPlayLevel: PIE: StaticDuplicateObject took: (0.602543s)
[2015.08.04-20.41.00:953][973]LogAIModule: Creating AISystem for world MansionNew
[2015.08.04-20.41.00:954][973]LogPlayLevel: PIE: World Init took: (0.002618s)
[2015.08.04-20.41.00:955][973]LogPlayLevel: PIE: Created PIE world by copying editor world from /Game/Maps/MansionNew.MansionNew to /Game/Maps/UEDPIE_0_MansionNew.MansionNew (0.605833s)
[2015.08.04-20.41.01:038][973]LogInit: XAudio2 using 'Speakers (Realtek High Definition Audio)' : 2 channels at 48 kHz using 32 bits per sample (channel mask 0x3)
[2015.08.04-20.41.01:046][973]LogInit: FAudioDevice initialized.
[2015.08.04-20.41.01:049][973]LogD3D11RHI: InitD3DDevice
[2015.08.04-20.41.01:085][973]LogWorld: Game class is 'MyGame_C'
[2015.08.04-20.41.01:332][973]LogWorld: Bringing World /Game/Maps/UEDPIE_0_MansionNew.MansionNew up for play (max tick rate 60) at 2015.08.04-15.41.01
[2015.08.04-20.41.01:333][973]LogActor:Warning: GameSession /Game/Maps/UEDPIE_0_MansionNew.MansionNew:PersistentLevel.GameSession_1 has natively added scene component(s), but none of them were set as the actor's RootComponent - picking one arbitrarily
[2015.08.04-20.41.01:335][973]LogActor:Warning: GameNetworkManager /Game/Maps/UEDPIE_0_MansionNew.MansionNew:PersistentLevel.GameNetworkManager_1 has natively added scene component(s), but none of them were set as the actor's RootComponent - picking one arbitrarily
[2015.08.04-20.41.01:343][973]LogWorld: Bringing up level for play took: 0.254911
[2015.08.04-20.41.01:437][973]PIE: Info Play in editor start time for /Game/Maps/UEDPIE_0_MansionNew 1.389
[2015.08.04-20.41.03:959][988]LogArray:Warning: Attempted to get an item from array CallFunc_GetDataTableRowNames_OutRowNames out of bounds [5/4]!
[2015.08.04-20.41.03:959][988]LogArray:Warning: Attempted to get an item from array CallFunc_GetDataTableRowNames_OutRowNames out of bounds [6/4]!
[2015.08.04-20.42.03:651][576]LogParticles: Destroying 0 GPU particle simulations for FXSystem 0x000000E37F40EE80
[2015.08.04-20.42.27:059][ 56]Cmd: TRANSACTION UNDO
[2015.08.04-20.42.27:059][ 56]LogEditorTransaction: Undo Move Actors
[2015.08.04-20.42.27:108][ 56]LogD3D11RHI: InitD3DDevice
[2015.08.04-20.42.54:469][654]LogPlayLevel: PIE:  No blueprints needed recompiling
[2015.08.04-20.42.54:469][654]PIE: New page: PIE session: MansionNew (Aug 4, 2015, 10:42:54 AM)
[2015.08.04-20.42.54:470][654]LogPlayLevel: Creating play world package: /Game/Maps/UEDPIE_0_MansionNew
[2015.08.04-20.42.54:988][654]LogPlayLevel: PIE: StaticDuplicateObject took: (0.517801s)
[2015.08.04-20.42.54:990][654]LogAIModule: Creating AISystem for world MansionNew
[2015.08.04-20.42.54:991][654]LogPlayLevel: PIE: World Init took: (0.002974s)
[2015.08.04-20.42.54:992][654]LogPlayLevel: PIE: Created PIE world by copying editor world from /Game/Maps/MansionNew.MansionNew to /Game/Maps/UEDPIE_0_MansionNew.MansionNew (0.521435s)
[2015.08.04-20.42.55:074][654]LogInit: XAudio2 using 'Speakers (Realtek High Definition Audio)' : 2 channels at 48 kHz using 32 bits per sample (channel mask 0x3)
[2015.08.04-20.42.55:083][654]LogInit: FAudioDevice initialized.
[2015.08.04-20.42.55:085][654]LogD3D11RHI: InitD3DDevice
[2015.08.04-20.42.55:122][654]LogWorld: Game class is 'MyGame_C'
[2015.08.04-20.42.55:381][654]LogWorld: Bringing World /Game/Maps/UEDPIE_0_MansionNew.MansionNew up for play (max tick rate 60) at 2015.08.04-15.42.55
[2015.08.04-20.42.55:381][654]LogActor:Warning: GameSession /Game/Maps/UEDPIE_0_MansionNew.MansionNew:PersistentLevel.GameSession_2 has natively added scene component(s), but none of them were set as the actor's RootComponent - picking one arbitrarily
[2015.08.04-20.42.55:381][654]LogActor:Warning: GameNetworkManager /Game/Maps/UEDPIE_0_MansionNew.MansionNew:PersistentLevel.GameNetworkManager_2 has natively added scene component(s), but none of them were set as the actor's RootComponent - picking one arbitrarily
[2015.08.04-20.42.55:389][654]LogWorld: Bringing up level for play took: 0.265212
[2015.08.04-20.42.55:440][654]PIE: Info Play in editor start time for /Game/Maps/UEDPIE_0_MansionNew 1.393
[2015.08.04-20.43.15:931][839]LogArray:Warning: Attempted to get an item from array CallFunc_GetDataTableRowNames_OutRowNames out of bounds [5/4]!
[2015.08.04-20.43.15:931][839]LogArray:Warning: Attempted to get an item from array CallFunc_GetDataTableRowNames_OutRowNames out of bounds [6/4]!
[2015.08.04-20.43.17:586][854]LogArray:Warning: Attempted to get an item from array CallFunc_GetDataTableRowNames_OutRowNames out of bounds [5/4]!
[2015.08.04-20.43.17:586][854]LogArray:Warning: Attempted to get an item from array CallFunc_GetDataTableRowNames_OutRowNames out of bounds [6/4]!
[2015.08.04-20.43.56:612][279]LogParticles: Destroying 0 GPU particle simulations for FXSystem 0x000000E3006853A0
[2015.08.04-20.44.04:796][452]LogEditorViewport: Clicking on Actor (LMB): StaticMeshActor (wallPlane187)
[2015.08.04-20.44.05:621][466]LogEditorViewport: Clicking on Actor (LMB): StaticMeshActor (wallPlane189)
[2015.08.04-20.44.28:891][924]Cmd: DELETE
[2015.08.04-20.44.28:891][924]Cmd: ACTOR DELETE
[2015.08.04-20.44.28:898][924]LogEditorActor: Deleted Actor: StaticMeshActor
[2015.08.04-20.44.29:009][924]LogEditorActor: Deleted 1 Actors (0.118 secs)
[2015.08.04-20.44.34:630][ 41]LogEditorViewport: Clicking on Actor (LMB): StaticMeshActor (wallPlane194)
[2015.08.04-20.44.51:888][386]LogEditorViewport: Clicking on Actor (LMB): StaticMeshActor (floorPlane_big60)
[2015.08.04-20.44.52:927][407]LogEditorViewport: Clicking on Actor (LMB): StaticMeshActor (wallPlane212)
[2015.08.04-20.45.06:081][669]LogEditorViewport: Clicking on Actor (LMB): StaticMeshActor (wallPlane83)
[2015.08.04-20.45.12:637][802]LogEditorViewport: Clicking on Actor (LMB): StaticMeshActor (wallPlane212)
[2015.08.04-20.45.38:640][344]LogEditorViewport: Clicking on Actor (LMB): StaticMeshActor (wallPlane83)
[2015.08.04-20.45.47:276][528]LogEditorViewport: Clicking on Actor (LMB): StaticMeshActor (wallPlane213)
[2015.08.04-20.46.02:530][853]LogEditorViewport: Clicking on Actor (CTRL LMB): StaticMeshActor (wallPlane213)
[2015.08.04-20.46.03:180][866]LogEditorViewport: Clicking on Actor (CTRL LMB): StaticMeshActor (wallPlane212)
[2015.08.04-20.46.38:445][607]LogEditorViewport: Clicking on Actor (LMB): StaticMeshActor (wallPlane214)
[2015.08.04-20.46.41:825][678]LogEditorViewport: Clicking on Actor (LMB): StaticMeshActor (wallPlane212)
[2015.08.04-20.47.45:080][967]LogEditorViewport: Clicking on Actor (LMB): StaticMeshActor (wallPlane218)
[2015.08.04-20.48.12:674][535]LogEditorViewport: Clicking on Actor (context menu): StaticMeshActor (floorPlane_big61)
[2015.08.04-20.48.12:756][535]LogD3D11RHI: InitD3DDevice
[2015.08.04-20.48.54:127][820]LogEditorViewport: Clicking on Actor (LMB): StaticMeshActor (wallPlane217)
[2015.08.04-20.49.07:023][ 95]LogEditorViewport: Clicking on Actor (LMB): StaticMeshActor (floorPlane_big43)
[2015.08.04-20.49.10:052][155]LogEditorViewport: Clicking on Actor (CTRL LMB): StaticMeshActor (floorPlane_big42)
[2015.08.04-20.50.16:991][561]LogD3D11RHI: InitD3DDevice
[2015.08.04-20.50.18:057][561]LogD3D11RHI: InitD3DDevice
[2015.08.04-20.50.18:256][561]Cmd: OBJ SAVEPACKAGE PACKAGE="/Game/Maps/MansionNew" FILE="../../../../../../Users/Christian/Desktop/The-Forsaken/Content/Maps/MansionNew.umap" SILENT=true AUTOSAVING=false KEEPDIRTY=false
[2015.08.04-20.50.28:263][561]LogSavePackage: Save=8420.259766ms
[2015.08.04-20.50.28:263][561]LogSavePackage: Moving '../../../../../../Users/Christian/Desktop/The-Forsaken/Saved/MansionNewE7DEECAF4162ED4B03AB4B94BEF6B892.tmp' to '../../../../../../Users/Christian/Desktop/The-Forsaken/Content/Maps/MansionNew.umap'
[2015.08.04-20.50.28:609][561]LogFileHelpers: Saving map 'MansionNew' took 10.517
[2015.08.04-20.50.31:017][610]LogPlayLevel: PIE:  No blueprints needed recompiling
[2015.08.04-20.50.31:017][610]PIE: New page: PIE session: MansionNew (Aug 4, 2015, 10:50:31 AM)
[2015.08.04-20.50.31:018][610]LogPlayLevel: Creating play world package: /Game/Maps/UEDPIE_0_MansionNew
[2015.08.04-20.50.31:528][610]LogPlayLevel: PIE: StaticDuplicateObject took: (0.509108s)
[2015.08.04-20.50.31:529][610]LogAIModule: Creating AISystem for world MansionNew
[2015.08.04-20.50.31:530][610]LogPlayLevel: PIE: World Init took: (0.002556s)
[2015.08.04-20.50.31:531][610]LogPlayLevel: PIE: Created PIE world by copying editor world from /Game/Maps/MansionNew.MansionNew to /Game/Maps/UEDPIE_0_MansionNew.MansionNew (0.512284s)
[2015.08.04-20.50.31:615][610]LogInit: XAudio2 using 'Speakers (Realtek High Definition Audio)' : 2 channels at 48 kHz using 32 bits per sample (channel mask 0x3)
[2015.08.04-20.50.31:623][610]LogInit: FAudioDevice initialized.
[2015.08.04-20.50.31:626][610]LogD3D11RHI: InitD3DDevice
[2015.08.04-20.50.31:663][610]LogWorld: Game class is 'MyGame_C'
[2015.08.04-20.50.31:931][610]LogWorld: Bringing World /Game/Maps/UEDPIE_0_MansionNew.MansionNew up for play (max tick rate 60) at 2015.08.04-15.50.31
[2015.08.04-20.50.31:931][610]LogActor:Warning: GameSession /Game/Maps/UEDPIE_0_MansionNew.MansionNew:PersistentLevel.GameSession_3 has natively added scene component(s), but none of them were set as the actor's RootComponent - picking one arbitrarily
[2015.08.04-20.50.31:932][610]LogActor:Warning: GameNetworkManager /Game/Maps/UEDPIE_0_MansionNew.MansionNew:PersistentLevel.GameNetworkManager_3 has natively added scene component(s), but none of them were set as the actor's RootComponent - picking one arbitrarily
[2015.08.04-20.50.31:939][610]LogWorld: Bringing up level for play took: 0.273693
[2015.08.04-20.50.31:980][610]PIE: Info Play in editor start time for /Game/Maps/UEDPIE_0_MansionNew 1.932
[2015.08.04-20.51.23:867][ 95]LogScript:Warning: Divide by zero: Divide_FloatFloat
[2015.08.04-20.51.23:902][ 96]LogScript:Warning: Divide by zero: Divide_FloatFloat
[2015.08.04-20.51.24:009][ 97]LogScript:Warning: Divide by zero: Divide_FloatFloat
[2015.08.04-20.51.24:108][ 98]LogScript:Warning: Divide by zero: Divide_FloatFloat
[2015.08.04-20.51.24:210][ 99]LogScript:Warning: Divide by zero: Divide_FloatFloat
[2015.08.04-20.51.24:310][100]LogScript:Warning: Divide by zero: Divide_FloatFloat
[2015.08.04-20.51.24:405][101]LogScript:Warning: Divide by zero: Divide_FloatFloat
[2015.08.04-20.51.24:498][102]LogScript:Warning: Divide by zero: Divide_FloatFloat
[2015.08.04-20.51.24:593][103]LogScript:Warning: Divide by zero: Divide_FloatFloat
[2015.08.04-20.51.24:689][104]LogScript:Warning: Divide by zero: Divide_FloatFloat
[2015.08.04-20.51.24:780][105]LogScript:Warning: Divide by zero: Divide_FloatFloat
[2015.08.04-20.51.24:875][106]LogScript:Warning: Divide by zero: Divide_FloatFloat
[2015.08.04-20.51.24:970][107]LogScript:Warning: Divide by zero: Divide_FloatFloat
[2015.08.04-20.51.25:062][108]LogScript:Warning: Divide by zero: Divide_FloatFloat
[2015.08.04-20.51.25:159][109]LogScript:Warning: Divide by zero: Divide_FloatFloat
[2015.08.04-20.51.25:253][110]LogScript:Warning: Divide by zero: Divide_FloatFloat
[2015.08.04-20.51.25:350][111]LogScript:Warning: Divide by zero: Divide_FloatFloat
[2015.08.04-20.51.25:447][112]LogScript:Warning: Divide by zero: Divide_FloatFloat
[2015.08.04-20.51.25:557][113]LogScript:Warning: Divide by zero: Divide_FloatFloat
[2015.08.04-20.51.25:642][114]LogScript:Warning: Divide by zero: Divide_FloatFloat
[2015.08.04-20.51.25:741][115]LogScript:Warning: Divide by zero: Divide_FloatFloat
[2015.08.04-20.51.25:839][116]LogScript:Warning: Divide by zero: Divide_FloatFloat
[2015.08.04-20.51.25:935][117]LogScript:Warning: Divide by zero: Divide_FloatFloat
[2015.08.04-20.51.26:033][118]LogScript:Warning: Divide by zero: Divide_FloatFloat
[2015.08.04-20.51.26:130][119]LogScript:Warning: Divide by zero: Divide_FloatFloat
[2015.08.04-20.51.26:228][120]LogScript:Warning: Divide by zero: Divide_FloatFloat
[2015.08.04-20.51.26:341][121]LogScript:Warning: Divide by zero: Divide_FloatFloat
[2015.08.04-20.51.26:447][122]LogScript:Warning: Divide by zero: Divide_FloatFloat
[2015.08.04-20.51.26:541][123]LogScript:Warning: Divide by zero: Divide_FloatFloat
[2015.08.04-20.51.26:637][124]LogScript:Warning: Divide by zero: Divide_FloatFloat
[2015.08.04-20.51.26:734][125]LogScript:Warning: Divide by zero: Divide_FloatFloat
[2015.08.04-20.51.26:833][126]LogScript:Warning: Divide by zero: Divide_FloatFloat
[2015.08.04-20.51.26:931][127]LogScript:Warning: Divide by zero: Divide_FloatFloat
[2015.08.04-20.51.27:025][128]LogScript:Warning: Divide by zero: Divide_FloatFloat
[2015.08.04-20.51.27:122][129]LogScript:Warning: Divide by zero: Divide_FloatFloat
[2015.08.04-20.51.27:220][130]LogScript:Warning: Divide by zero: Divide_FloatFloat
[2015.08.04-20.51.27:316][131]LogScript:Warning: Divide by zero: Divide_FloatFloat
[2015.08.04-20.51.27:409][132]LogScript:Warning: Divide by zero: Divide_FloatFloat
[2015.08.04-20.51.27:507][133]LogScript:Warning: Divide by zero: Divide_FloatFloat
[2015.08.04-20.51.27:604][134]LogScript:Warning: Divide by zero: Divide_FloatFloat
[2015.08.04-20.51.27:702][135]LogScript:Warning: Divide by zero: Divide_FloatFloat
[2015.08.04-20.51.27:801][136]LogScript:Warning: Divide by zero: Divide_FloatFloat
[2015.08.04-20.51.27:912][137]LogScript:Warning: Divide by zero: Divide_FloatFloat
[2015.08.04-20.51.27:914][137]LogArray:Warning: Attempted to get an item from array CallFunc_GetDataTableRowNames_OutRowNames out of bounds [5/4]!
[2015.08.04-20.51.27:914][137]LogArray:Warning: Attempted to get an item from array CallFunc_GetDataTableRowNames_OutRowNames out of bounds [6/4]!
[2015.08.04-20.51.27:993][138]LogScript:Warning: Divide by zero: Divide_FloatFloat
[2015.08.04-20.51.28:095][139]LogScript:Warning: Divide by zero: Divide_FloatFloat
[2015.08.04-20.51.28:209][140]LogScript:Warning: Divide by zero: Divide_FloatFloat
[2015.08.04-20.51.28:326][141]LogScript:Warning: Divide by zero: Divide_FloatFloat
[2015.08.04-20.51.28:444][142]LogScript:Warning: Divide by zero: Divide_FloatFloat
[2015.08.04-20.51.28:542][143]LogScript:Warning: Divide by zero: Divide_FloatFloat
[2015.08.04-20.51.28:642][144]LogScript:Warning: Divide by zero: Divide_FloatFloat
[2015.08.04-20.51.28:742][145]LogScript:Warning: Divide by zero: Divide_FloatFloat
[2015.08.04-20.51.28:842][146]LogScript:Warning: Divide by zero: Divide_FloatFloat
[2015.08.04-20.51.28:940][147]LogScript:Warning: Divide by zero: Divide_FloatFloat
[2015.08.04-20.51.29:039][148]LogScript:Warning: Divide by zero: Divide_FloatFloat
[2015.08.04-20.51.29:135][149]LogScript:Warning: Divide by zero: Divide_FloatFloat
[2015.08.04-20.51.29:233][150]LogScript:Warning: Divide by zero: Divide_FloatFloat
[2015.08.04-20.51.29:330][151]LogScript:Warning: Divide by zero: Divide_FloatFloat
[2015.08.04-20.51.29:428][152]LogScript:Warning: Divide by zero: Divide_FloatFloat
[2015.08.04-20.51.29:527][153]LogScript:Warning: Divide by zero: Divide_FloatFloat
[2015.08.04-20.51.29:620][154]LogScript:Warning: Divide by zero: Divide_FloatFloat
[2015.08.04-20.51.29:714][155]LogScript:Warning: Divide by zero: Divide_FloatFloat
[2015.08.04-20.51.29:811][156]LogScript:Warning: Divide by zero: Divide_FloatFloat
[2015.08.04-20.51.29:905][157]LogScript:Warning: Divide by zero: Divide_FloatFloat
[2015.08.04-20.51.30:000][158]LogScript:Warning: Divide by zero: Divide_FloatFloat
[2015.08.04-20.51.30:097][159]LogScript:Warning: Divide by zero: Divide_FloatFloat
[2015.08.04-20.51.30:193][160]LogScript:Warning: Divide by zero: Divide_FloatFloat
[2015.08.04-20.51.30:287][161]LogScript:Warning: Divide by zero: Divide_FloatFloat
[2015.08.04-20.51.30:383][162]LogScript:Warning: Divide by zero: Divide_FloatFloat
[2015.08.04-20.51.30:479][163]LogScript:Warning: Divide by zero: Divide_FloatFloat
[2015.08.04-20.51.30:576][164]LogScript:Warning: Divide by zero: Divide_FloatFloat
[2015.08.04-20.51.30:673][165]LogScript:Warning: Divide by zero: Divide_FloatFloat
[2015.08.04-20.51.30:769][166]LogScript:Warning: Divide by zero: Divide_FloatFloat
[2015.08.04-20.51.30:862][167]LogScript:Warning: Divide by zero: Divide_FloatFloat
[2015.08.04-20.51.30:960][168]LogScript:Warning: Divide by zero: Divide_FloatFloat
[2015.08.04-20.51.31:061][169]LogScript:Warning: Divide by zero: Divide_FloatFloat
[2015.08.04-20.51.31:187][170]LogScript:Warning: Divide by zero: Divide_FloatFloat
[2015.08.04-20.51.31:250][171]LogScript:Warning: Divide by zero: Divide_FloatFloat
[2015.08.04-20.51.31:346][172]LogScript:Warning: Divide by zero: Divide_FloatFloat
[2015.08.04-20.51.31:441][173]LogScript:Warning: Divide by zero: Divide_FloatFloat
[2015.08.04-20.51.31:536][174]LogScript:Warning: Divide by zero: Divide_FloatFloat
[2015.08.04-20.51.31:629][175]LogScript:Warning: Divide by zero: Divide_FloatFloat
[2015.08.04-20.51.31:723][176]LogScript:Warning: Divide by zero: Divide_FloatFloat
[2015.08.04-20.51.31:889][177]LogScript:Warning: Divide by zero: Divide_FloatFloat
[2015.08.04-20.51.31:928][178]LogScript:Warning: Divide by zero: Divide_FloatFloat
[2015.08.04-20.51.32:021][179]LogScript:Warning: Divide by zero: Divide_FloatFloat
[2015.08.04-20.51.32:110][180]LogScript:Warning: Divide by zero: Divide_FloatFloat
[2015.08.04-20.51.32:202][181]LogScript:Warning: Divide by zero: Divide_FloatFloat
[2015.08.04-20.51.32:291][182]LogScript:Warning: Divide by zero: Divide_FloatFloat
[2015.08.04-20.51.32:379][183]LogScript:Warning: Divide by zero: Divide_FloatFloat
[2015.08.04-20.51.32:464][184]LogScript:Warning: Divide by zero: Divide_FloatFloat
[2015.08.04-20.51.32:548][185]LogScript:Warning: Divide by zero: Divide_FloatFloat
[2015.08.04-20.51.32:631][186]LogScript:Warning: Divide by zero: Divide_FloatFloat
[2015.08.04-20.51.32:711][187]LogScript:Warning: Divide by zero: Divide_FloatFloat
[2015.08.04-20.51.32:792][188]LogScript:Warning: Divide by zero: Divide_FloatFloat
[2015.08.04-20.51.32:874][189]LogScript:Warning: Divide by zero: Divide_FloatFloat
[2015.08.04-20.51.32:954][190]LogScript:Warning: Divide by zero: Divide_FloatFloat
[2015.08.04-20.51.33:061][191]LogScript:Warning: Divide by zero: Divide_FloatFloat
[2015.08.04-20.51.33:121][192]LogScript:Warning: Divide by zero: Divide_FloatFloat
[2015.08.04-20.51.33:208][193]LogScript:Warning: Divide by zero: Divide_FloatFloat
[2015.08.04-20.51.33:292][194]LogScript:Warning: Divide by zero: Divide_FloatFloat
[2015.08.04-20.51.33:378][195]LogScript:Warning: Divide by zero: Divide_FloatFloat
[2015.08.04-20.51.33:461][196]LogScript:Warning: Divide by zero: Divide_FloatFloat
[2015.08.04-20.51.33:545][197]LogScript:Warning: Divide by zero: Divide_FloatFloat
[2015.08.04-20.51.33:630][198]LogScript:Warning: Divide by zero: Divide_FloatFloat
[2015.08.04-20.51.33:713][199]LogScript:Warning: Divide by zero: Divide_FloatFloat
[2015.08.04-20.51.33:795][200]LogScript:Warning: Divide by zero: Divide_FloatFloat
[2015.08.04-20.51.33:885][201]LogScript:Warning: Divide by zero: Divide_FloatFloat
[2015.08.04-20.51.33:980][202]LogScript:Warning: Divide by zero: Divide_FloatFloat
[2015.08.04-20.51.34:077][203]LogScript:Warning: Divide by zero: Divide_FloatFloat
[2015.08.04-20.51.34:168][204]LogScript:Warning: Divide by zero: Divide_FloatFloat
[2015.08.04-20.51.34:261][205]LogScript:Warning: Divide by zero: Divide_FloatFloat
[2015.08.04-20.51.34:356][206]LogScript:Warning: Divide by zero: Divide_FloatFloat
[2015.08.04-20.51.34:450][207]LogScript:Warning: Divide by zero: Divide_FloatFloat
[2015.08.04-20.51.34:549][208]LogScript:Warning: Divide by zero: Divide_FloatFloat
[2015.08.04-20.51.34:648][209]LogScript:Warning: Divide by zero: Divide_FloatFloat
[2015.08.04-20.51.34:747][210]LogScript:Warning: Divide by zero: Divide_FloatFloat
[2015.08.04-20.51.34:846][211]LogScript:Warning: Divide by zero: Divide_FloatFloat
[2015.08.04-20.51.34:940][212]LogScript:Warning: Divide by zero: Divide_FloatFloat
[2015.08.04-20.51.35:039][213]LogScript:Warning: Divide by zero: Divide_FloatFloat
[2015.08.04-20.51.35:138][214]LogScript:Warning: Divide by zero: Divide_FloatFloat
[2015.08.04-20.51.35:239][215]LogScript:Warning: Divide by zero: Divide_FloatFloat
[2015.08.04-20.51.35:338][216]LogScript:Warning: Divide by zero: Divide_FloatFloat
[2015.08.04-20.51.35:437][217]LogScript:Warning: Divide by zero: Divide_FloatFloat
[2015.08.04-20.51.35:538][218]LogScript:Warning: Divide by zero: Divide_FloatFloat
[2015.08.04-20.51.35:638][219]LogScript:Warning: Divide by zero: Divide_FloatFloat
[2015.08.04-20.51.35:738][220]LogScript:Warning: Divide by zero: Divide_FloatFloat
[2015.08.04-20.51.35:838][221]LogScript:Warning: Divide by zero: Divide_FloatFloat
[2015.08.04-20.51.35:938][222]LogScript:Warning: Divide by zero: Divide_FloatFloat
[2015.08.04-20.51.36:038][223]LogScript:Warning: Divide by zero: Divide_FloatFloat
[2015.08.04-20.51.36:137][224]LogScript:Warning: Divide by zero: Divide_FloatFloat
[2015.08.04-20.51.36:235][225]LogScript:Warning: Divide by zero: Divide_FloatFloat
[2015.08.04-20.51.36:350][226]LogScript:Warning: Divide by zero: Divide_FloatFloat
[2015.08.04-20.51.36:447][227]LogScript:Warning: Divide by zero: Divide_FloatFloat
[2015.08.04-20.51.36:552][228]LogScript:Warning: Divide by zero: Divide_FloatFloat
[2015.08.04-20.51.36:649][229]LogScript:Warning: Divide by zero: Divide_FloatFloat
[2015.08.04-20.51.36:744][230]LogScript:Warning: Divide by zero: Divide_FloatFloat
[2015.08.04-20.51.36:842][231]LogScript:Warning: Divide by zero: Divide_FloatFloat
[2015.08.04-20.51.36:940][232]LogScript:Warning: Divide by zero: Divide_FloatFloat
[2015.08.04-20.51.37:032][233]LogScript:Warning: Divide by zero: Divide_FloatFloat
[2015.08.04-20.51.37:128][234]LogScript:Warning: Divide by zero: Divide_FloatFloat
[2015.08.04-20.51.37:225][235]LogScript:Warning: Divide by zero: Divide_FloatFloat
[2015.08.04-20.51.37:321][236]LogScript:Warning: Divide by zero: Divide_FloatFloat
[2015.08.04-20.51.37:415][237]LogScript:Warning: Divide by zero: Divide_FloatFloat
[2015.08.04-20.51.37:509][238]LogScript:Warning: Divide by zero: Divide_FloatFloat
[2015.08.04-20.51.37:603][239]LogScript:Warning: Divide by zero: Divide_FloatFloat
[2015.08.04-20.51.37:696][240]LogScript:Warning: Divide by zero: Divide_FloatFloat
[2015.08.04-20.51.37:789][241]LogScript:Warning: Divide by zero: Divide_FloatFloat
[2015.08.04-20.51.37:880][242]LogScript:Warning: Divide by zero: Divide_FloatFloat
[2015.08.04-20.51.37:973][243]LogScript:Warning: Divide by zero: Divide_FloatFloat
[2015.08.04-20.51.38:065][244]LogScript:Warning: Divide by zero: Divide_FloatFloat
[2015.08.04-20.51.38:158][245]LogScript:Warning: Divide by zero: Divide_FloatFloat
[2015.08.04-20.51.38:249][246]LogScript:Warning: Divide by zero: Divide_FloatFloat
[2015.08.04-20.51.38:340][247]LogScript:Warning: Divide by zero: Divide_FloatFloat
[2015.08.04-20.51.38:431][248]LogScript:Warning: Divide by zero: Divide_FloatFloat
[2015.08.04-20.51.38:523][249]LogScript:Warning: Divide by zero: Divide_FloatFloat
[2015.08.04-20.51.38:614][250]LogScript:Warning: Divide by zero: Divide_FloatFloat
[2015.08.04-20.51.38:707][251]LogScript:Warning: Divide by zero: Divide_FloatFloat
[2015.08.04-20.51.38:798][252]LogScript:Warning: Divide by zero: Divide_FloatFloat
[2015.08.04-20.51.38:890][253]LogScript:Warning: Divide by zero: Divide_FloatFloat
[2015.08.04-20.51.38:982][254]LogScript:Warning: Divide by zero: Divide_FloatFloat
[2015.08.04-20.51.39:071][255]LogScript:Warning: Divide by zero: Divide_FloatFloat
[2015.08.04-20.51.39:161][256]LogScript:Warning: Divide by zero: Divide_FloatFloat
[2015.08.04-20.51.39:252][257]LogScript:Warning: Divide by zero: Divide_FloatFloat
[2015.08.04-20.51.39:343][258]LogScript:Warning: Divide by zero: Divide_FloatFloat
[2015.08.04-20.51.39:433][259]LogScript:Warning: Divide by zero: Divide_FloatFloat
[2015.08.04-20.51.39:522][260]LogScript:Warning: Divide by zero: Divide_FloatFloat
[2015.08.04-20.51.39:612][261]LogScript:Warning: Divide by zero: Divide_FloatFloat
[2015.08.04-20.51.39:701][262]LogScript:Warning: Divide by zero: Divide_FloatFloat
[2015.08.04-20.51.39:788][263]LogScript:Warning: Divide by zero: Divide_FloatFloat
[2015.08.04-20.51.39:877][264]LogScript:Warning: Divide by zero: Divide_FloatFloat
[2015.08.04-20.51.39:968][265]LogScript:Warning: Divide by zero: Divide_FloatFloat
[2015.08.04-20.51.40:055][266]LogScript:Warning: Divide by zero: Divide_FloatFloat
[2015.08.04-20.51.40:142][267]LogScript:Warning: Divide by zero: Divide_FloatFloat
[2015.08.04-20.51.40:232][268]LogScript:Warning: Divide by zero: Divide_FloatFloat
[2015.08.04-20.51.40:322][269]LogScript:Warning: Divide by zero: Divide_FloatFloat
[2015.08.04-20.51.40:410][270]LogScript:Warning: Divide by zero: Divide_FloatFloat
[2015.08.04-20.51.40:501][271]LogScript:Warning: Divide by zero: Divide_FloatFloat
[2015.08.04-20.51.40:591][272]LogScript:Warning: Divide by zero: Divide_FloatFloat
[2015.08.04-20.51.40:683][273]LogScript:Warning: Divide by zero: Divide_FloatFloat
[2015.08.04-20.51.40:776][274]LogScript:Warning: Divide by zero: Divide_FloatFloat
[2015.08.04-20.51.40:869][275]LogScript:Warning: Divide by zero: Divide_FloatFloat
[2015.08.04-20.51.40:963][276]LogScript:Warning: Divide by zero: Divide_FloatFloat
[2015.08.04-20.51.41:056][277]LogScript:Warning: Divide by zero: Divide_FloatFloat
[2015.08.04-20.51.41:149][278]LogScript:Warning: Divide by zero: Divide_FloatFloat
[2015.08.04-20.51.41:243][279]LogScript:Warning: Divide by zero: Divide_FloatFloat
[2015.08.04-20.51.41:340][280]LogScript:Warning: Divide by zero: Divide_FloatFloat
[2015.08.04-20.51.41:432][281]LogScript:Warning: Divide by zero: Divide_FloatFloat
[2015.08.04-20.51.41:527][282]LogScript:Warning: Divide by zero: Divide_FloatFloat
[2015.08.04-20.51.41:620][283]LogScript:Warning: Divide by zero: Divide_FloatFloat
[2015.08.04-20.51.41:712][284]LogScript:Warning: Divide by zero: Divide_FloatFloat
[2015.08.04-20.51.41:806][285]LogScript:Warning: Divide by zero: Divide_FloatFloat
[2015.08.04-20.51.41:898][286]LogScript:Warning: Divide by zero: Divide_FloatFloat
[2015.08.04-20.51.41:994][287]LogScript:Warning: Divide by zero: Divide_FloatFloat
[2015.08.04-20.51.42:089][288]LogScript:Warning: Divide by zero: Divide_FloatFloat
[2015.08.04-20.51.42:181][289]LogScript:Warning: Divide by zero: Divide_FloatFloat
[2015.08.04-20.51.42:278][290]LogScript:Warning: Divide by zero: Divide_FloatFloat
[2015.08.04-20.51.42:372][291]LogScript:Warning: Divide by zero: Divide_FloatFloat
[2015.08.04-20.51.42:469][292]LogScript:Warning: Divide by zero: Divide_FloatFloat
[2015.08.04-20.51.42:563][293]LogScript:Warning: Divide by zero: Divide_FloatFloat
[2015.08.04-20.51.42:658][294]LogScript:Warning: Divide by zero: Divide_FloatFloat
[2015.08.04-20.51.42:753][295]LogScript:Warning: Divide by zero: Divide_FloatFloat
[2015.08.04-20.51.42:849][296]LogScript:Warning: Divide by zero: Divide_FloatFloat
[2015.08.04-20.51.42:944][297]LogScript:Warning: Divide by zero: Divide_FloatFloat
[2015.08.04-20.51.43:039][298]LogScript:Warning: Divide by zero: Divide_FloatFloat
[2015.08.04-20.51.43:134][299]LogScript:Warning: Divide by zero: Divide_FloatFloat
[2015.08.04-20.51.43:231][300]LogScript:Warning: Divide by zero: Divide_FloatFloat
[2015.08.04-20.51.43:327][301]LogScript:Warning: Divide by zero: Divide_FloatFloat
[2015.08.04-20.51.43:420][302]LogScript:Warning: Divide by zero: Divide_FloatFloat
[2015.08.04-20.51.43:519][303]LogScript:Warning: Divide by zero: Divide_FloatFloat
[2015.08.04-20.51.43:613][304]LogScript:Warning: Divide by zero: Divide_FloatFloat
[2015.08.04-20.51.43:706][305]LogScript:Warning: Divide by zero: Divide_FloatFloat
[2015.08.04-20.51.43:801][306]LogScript:Warning: Divide by zero: Divide_FloatFloat
[2015.08.04-20.51.43:897][307]LogScript:Warning: Divide by zero: Divide_FloatFloat
[2015.08.04-20.51.43:989][308]LogScript:Warning: Divide by zero: Divide_FloatFloat
[2015.08.04-20.51.44:083][309]LogScript:Warning: Divide by zero: Divide_FloatFloat
[2015.08.04-20.51.44:177][310]LogScript:Warning: Divide by zero: Divide_FloatFloat
[2015.08.04-20.51.44:271][311]LogScript:Warning: Divide by zero: Divide_FloatFloat
[2015.08.04-20.51.44:366][312]LogScript:Warning: Divide by zero: Divide_FloatFloat
[2015.08.04-20.51.44:459][313]LogScript:Warning: Divide by zero: Divide_FloatFloat
[2015.08.04-20.51.44:557][314]LogScript:Warning: Divide by zero: Divide_FloatFloat
[2015.08.04-20.51.44:650][315]LogScript:Warning: Divide by zero: Divide_FloatFloat
[2015.08.04-20.51.44:742][316]LogScript:Warning: Divide by zero: Divide_FloatFloat
[2015.08.04-20.51.44:835][317]LogScript:Warning: Divide by zero: Divide_FloatFloat
[2015.08.04-20.51.44:928][318]LogScript:Warning: Divide by zero: Divide_FloatFloat
[2015.08.04-20.51.45:023][319]LogScript:Warning: Divide by zero: Divide_FloatFloat
[2015.08.04-20.51.45:119][320]LogScript:Warning: Divide by zero: Divide_FloatFloat
[2015.08.04-20.51.45:211][321]LogScript:Warning: Divide by zero: Divide_FloatFloat
[2015.08.04-20.51.45:305][322]LogScript:Warning: Divide by zero: Divide_FloatFloat
[2015.08.04-20.51.45:400][323]LogScript:Warning: Divide by zero: Divide_FloatFloat
[2015.08.04-20.51.45:493][324]LogScript:Warning: Divide by zero: Divide_FloatFloat
[2015.08.04-20.51.45:588][325]LogScript:Warning: Divide by zero: Divide_FloatFloat
[2015.08.04-20.51.45:681][326]LogScript:Warning: Divide by zero: Divide_FloatFloat
[2015.08.04-20.51.45:777][327]LogScript:Warning: Divide by zero: Divide_FloatFloat
[2015.08.04-20.51.45:872][328]LogScript:Warning: Divide by zero: Divide_FloatFloat
[2015.08.04-20.51.45:964][329]LogScript:Warning: Divide by zero: Divide_FloatFloat
[2015.08.04-20.51.46:059][330]LogScript:Warning: Divide by zero: Divide_FloatFloat
[2015.08.04-20.51.46:150][331]LogScript:Warning: Divide by zero: Divide_FloatFloat
[2015.08.04-20.51.46:246][332]LogScript:Warning: Divide by zero: Divide_FloatFloat
[2015.08.04-20.51.46:349][333]LogScript:Warning: Divide by zero: Divide_FloatFloat
[2015.08.04-20.51.46:450][334]LogScript:Warning: Divide by zero: Divide_FloatFloat
[2015.08.04-20.51.46:553][335]LogScript:Warning: Divide by zero: Divide_FloatFloat
[2015.08.04-20.51.46:648][336]LogScript:Warning: Divide by zero: Divide_FloatFloat
[2015.08.04-20.51.46:743][337]LogScript:Warning: Divide by zero: Divide_FloatFloat
[2015.08.04-20.51.46:836][338]LogScript:Warning: Divide by zero: Divide_FloatFloat
[2015.08.04-20.51.46:929][339]LogScript:Warning: Divide by zero: Divide_FloatFloat
[2015.08.04-20.51.47:023][340]LogScript:Warning: Divide by zero: Divide_FloatFloat
[2015.08.04-20.51.47:116][341]LogScript:Warning: Divide by zero: Divide_FloatFloat
[2015.08.04-20.51.47:209][342]LogScript:Warning: Divide by zero: Divide_FloatFloat
[2015.08.04-20.51.47:301][343]LogScript:Warning: Divide by zero: Divide_FloatFloat
[2015.08.04-20.51.47:395][344]LogScript:Warning: Divide by zero: Divide_FloatFloat
[2015.08.04-20.51.47:488][345]LogScript:Warning: Divide by zero: Divide_FloatFloat
[2015.08.04-20.51.47:583][346]LogScript:Warning: Divide by zero: Divide_FloatFloat
[2015.08.04-20.51.47:678][347]LogScript:Warning: Divide by zero: Divide_FloatFloat
[2015.08.04-20.51.47:771][348]LogScript:Warning: Divide by zero: Divide_FloatFloat
[2015.08.04-20.51.47:867][349]LogScript:Warning: Divide by zero: Divide_FloatFloat
[2015.08.04-20.51.47:960][350]LogScript:Warning: Divide by zero: Divide_FloatFloat
[2015.08.04-20.51.48:053][351]LogScript:Warning: Divide by zero: Divide_FloatFloat
[2015.08.04-20.51.48:148][352]LogScript:Warning: Divide by zero: Divide_FloatFloat
[2015.08.04-20.51.48:240][353]LogScript:Warning: Divide by zero: Divide_FloatFloat
[2015.08.04-20.51.48:335][354]LogScript:Warning: Divide by zero: Divide_FloatFloat
[2015.08.04-20.51.48:428][355]LogScript:Warning: Divide by zero: Divide_FloatFloat
[2015.08.04-20.51.48:521][356]LogScript:Warning: Divide by zero: Divide_FloatFloat
[2015.08.04-20.51.48:615][357]LogScript:Warning: Divide by zero: Divide_FloatFloat
[2015.08.04-20.51.48:708][358]LogScript:Warning: Divide by zero: Divide_FloatFloat
[2015.08.04-20.51.48:802][359]LogScript:Warning: Divide by zero: Divide_FloatFloat
[2015.08.04-20.51.48:896][360]LogScript:Warning: Divide by zero: Divide_FloatFloat
[2015.08.04-20.51.48:990][361]LogScript:Warning: Divide by zero: Divide_FloatFloat
[2015.08.04-20.51.49:084][362]LogScript:Warning: Divide by zero: Divide_FloatFloat
[2015.08.04-20.51.49:177][363]LogScript:Warning: Divide by zero: Divide_FloatFloat
[2015.08.04-20.51.49:271][364]LogScript:Warning: Divide by zero: Divide_FloatFloat
[2015.08.04-20.51.49:366][365]LogScript:Warning: Divide by zero: Divide_FloatFloat
[2015.08.04-20.51.49:459][366]LogScript:Warning: Divide by zero: Divide_FloatFloat
[2015.08.04-20.51.49:554][367]LogScript:Warning: Divide by zero: Divide_FloatFloat
[2015.08.04-20.51.49:648][368]LogScript:Warning: Divide by zero: Divide_FloatFloat
[2015.08.04-20.51.49:741][369]LogScript:Warning: Divide by zero: Divide_FloatFloat
[2015.08.04-20.51.49:835][370]LogScript:Warning: Divide by zero: Divide_FloatFloat
[2015.08.04-20.51.49:928][371]LogScript:Warning: Divide by zero: Divide_FloatFloat
[2015.08.04-20.51.50:021][372]LogScript:Warning: Divide by zero: Divide_FloatFloat
[2015.08.04-20.51.50:114][373]LogScript:Warning: Divide by zero: Divide_FloatFloat
[2015.08.04-20.51.50:208][374]LogScript:Warning: Divide by zero: Divide_FloatFloat
[2015.08.04-20.51.50:302][375]LogScript:Warning: Divide by zero: Divide_FloatFloat
[2015.08.04-20.51.50:397][376]LogScript:Warning: Divide by zero: Divide_FloatFloat
[2015.08.04-20.51.50:489][377]LogScript:Warning: Divide by zero: Divide_FloatFloat
[2015.08.04-20.51.50:581][378]LogScript:Warning: Divide by zero: Divide_FloatFloat
[2015.08.04-20.51.50:677][379]LogScript:Warning: Divide by zero: Divide_FloatFloat
[2015.08.04-20.51.50:770][380]LogScript:Warning: Divide by zero: Divide_FloatFloat
[2015.08.04-20.51.50:865][381]LogScript:Warning: Divide by zero: Divide_FloatFloat
[2015.08.04-20.51.50:960][382]LogScript:Warning: Divide by zero: Divide_FloatFloat
[2015.08.04-20.51.51:059][383]LogScript:Warning: Divide by zero: Divide_FloatFloat
[2015.08.04-20.51.51:152][384]LogScript:Warning: Divide by zero: Divide_FloatFloat
[2015.08.04-20.51.51:249][385]LogScript:Warning: Divide by zero: Divide_FloatFloat
[2015.08.04-20.51.51:343][386]LogScript:Warning: Divide by zero: Divide_FloatFloat
[2015.08.04-20.51.51:437][387]LogScript:Warning: Divide by zero: Divide_FloatFloat
[2015.08.04-20.51.51:530][388]LogScript:Warning: Divide by zero: Divide_FloatFloat
[2015.08.04-20.51.51:623][389]LogScript:Warning: Divide by zero: Divide_FloatFloat
[2015.08.04-20.51.51:718][390]LogScript:Warning: Divide by zero: Divide_FloatFloat
[2015.08.04-20.51.51:812][391]LogScript:Warning: Divide by zero: Divide_FloatFloat
[2015.08.04-20.51.51:905][392]LogScript:Warning: Divide by zero: Divide_FloatFloat
[2015.08.04-20.51.51:999][393]LogScript:Warning: Divide by zero: Divide_FloatFloat
[2015.08.04-20.51.52:092][394]LogScript:Warning: Divide by zero: Divide_FloatFloat
[2015.08.04-20.51.52:188][395]LogScript:Warning: Divide by zero: Divide_FloatFloat
[2015.08.04-20.51.52:281][396]LogScript:Warning: Divide by zero: Divide_FloatFloat
[2015.08.04-20.51.52:732][398]LogParticles: Destroying 0 GPU particle simulations for FXSystem 0x000000E3008523E0
[2015.08.04-20.51.57:313][490]LogEditorViewport: Clicking on Actor (LMB): StaticMeshActor (wallPlane219)
[2015.08.04-20.52.05:856][661]LogEditorViewport: Clicking on Actor (LMB): StaticMeshActor (floorPlane_big60)
[2015.08.04-20.52.07:527][693]LogEditorViewport: Clicking on Actor (LMB): StaticMeshActor (wallPlane218)
[2015.08.04-20.52.24:517][ 35]LogEditorViewport: Clicking on Actor (LMB): StaticMeshActor (wallPlane220)
[2015.08.04-20.52.35:921][266]LogEditorViewport: Clicking on Actor (LMB): StaticMeshActor (floorPlane_big60)
[2015.08.04-20.53.04:553][841]LogEditorViewport: Clicking on Actor (LMB): StaticMeshActor (wallPlane219)
[2015.08.04-20.53.16:835][ 81]LogEditorViewport: Clicking on Actor (LMB): StaticMeshActor (wallPlane218)
[2015.08.04-20.53.21:982][184]LogEditorViewport: Clicking on Actor (LMB): StaticMeshActor (wallPlane220)
[2015.08.04-20.53.30:824][361]LogPlayLevel: PIE:  No blueprints needed recompiling
[2015.08.04-20.53.30:824][361]PIE: New page: PIE session: MansionNew (Aug 4, 2015, 10:53:30 AM)
[2015.08.04-20.53.30:825][361]LogPlayLevel: Creating play world package: /Game/Maps/UEDPIE_0_MansionNew
[2015.08.04-20.53.31:337][361]LogPlayLevel: PIE: StaticDuplicateObject took: (0.512736s)
[2015.08.04-20.53.31:339][361]LogAIModule: Creating AISystem for world MansionNew
[2015.08.04-20.53.31:340][361]LogPlayLevel: PIE: World Init took: (0.002628s)
[2015.08.04-20.53.31:340][361]LogPlayLevel: PIE: Created PIE world by copying editor world from /Game/Maps/MansionNew.MansionNew to /Game/Maps/UEDPIE_0_MansionNew.MansionNew (0.515999s)
[2015.08.04-20.53.31:422][361]LogInit: XAudio2 using 'Speakers (Realtek High Definition Audio)' : 2 channels at 48 kHz using 32 bits per sample (channel mask 0x3)
[2015.08.04-20.53.31:430][361]LogInit: FAudioDevice initialized.
[2015.08.04-20.53.31:433][361]LogD3D11RHI: InitD3DDevice
[2015.08.04-20.53.31:471][361]LogWorld: Game class is 'MyGame_C'
[2015.08.04-20.53.31:721][361]LogWorld: Bringing World /Game/Maps/UEDPIE_0_MansionNew.MansionNew up for play (max tick rate 60) at 2015.08.04-15.53.31
[2015.08.04-20.53.31:721][361]LogActor:Warning: GameSession /Game/Maps/UEDPIE_0_MansionNew.MansionNew:PersistentLevel.GameSession_4 has natively added scene component(s), but none of them were set as the actor's RootComponent - picking one arbitrarily
[2015.08.04-20.53.31:722][361]LogActor:Warning: GameNetworkManager /Game/Maps/UEDPIE_0_MansionNew.MansionNew:PersistentLevel.GameNetworkManager_4 has natively added scene component(s), but none of them were set as the actor's RootComponent - picking one arbitrarily
[2015.08.04-20.53.31:730][361]LogWorld: Bringing up level for play took: 0.255613
[2015.08.04-20.53.31:775][361]PIE: Info Play in editor start time for /Game/Maps/UEDPIE_0_MansionNew 1.727
[2015.08.04-20.54.30:671][931]LogParticles: Destroying 0 GPU particle simulations for FXSystem 0x000000E33222D940
[2015.08.04-20.54.37:054][ 59]LogEditorViewport: Clicking on Actor (LMB): StaticMeshActor (floorPlane_big61)
[2015.08.04-20.54.40:676][128]Cmd: DELETE
[2015.08.04-20.54.40:676][128]Cmd: ACTOR DELETE
[2015.08.04-20.54.40:683][128]LogEditorActor: Deleted Actor: StaticMeshActor
[2015.08.04-20.54.40:795][128]LogEditorActor: Deleted 1 Actors (0.118 secs)
[2015.08.04-20.54.41:737][149]LogEditorViewport: Clicking on Actor (LMB): StaticMeshActor (floorPlane_big60)
[2015.08.04-20.55.45:772][447]LogD3D11RHI: InitD3DDevice
[2015.08.04-20.55.47:010][447]LogD3D11RHI: InitD3DDevice
[2015.08.04-20.55.47:174][447]Cmd: OBJ SAVEPACKAGE PACKAGE="/Game/Maps/MansionNew" FILE="../../../../../../Users/Christian/Desktop/The-Forsaken/Content/Maps/MansionNew.umap" SILENT=true AUTOSAVING=false KEEPDIRTY=false
[2015.08.04-20.55.55:255][447]LogSavePackage: Save=7921.965820ms
[2015.08.04-20.55.55:255][447]LogSavePackage: Moving '../../../../../../Users/Christian/Desktop/The-Forsaken/Saved/MansionNew8B60372342B814D254E8F287CDE87C76.tmp' to '../../../../../../Users/Christian/Desktop/The-Forsaken/Content/Maps/MansionNew.umap'
[2015.08.04-20.55.55:315][447]LogFileHelpers: Saving map 'MansionNew' took 8.280
[2015.08.04-20.56.01:703][580]LogEditorViewport: Clicking on Actor (LMB): StaticMeshActor (wallPlane212)
[2015.08.04-20.56.03:351][608]LogEditorViewport: Clicking on Actor (CTRL LMB): StaticMeshActor (wallPlane213)
[2015.08.04-20.56.04:003][621]LogEditorViewport: Clicking on Actor (CTRL LMB): StaticMeshActor (wallPlane214)
[2015.08.04-20.56.04:721][635]LogEditorViewport: Clicking on Actor (CTRL LMB): StaticMeshActor (wallPlane215)
[2015.08.04-20.56.07:657][692]LogEditorViewport: Clicking on Actor (CTRL LMB): StaticMeshActor (wallPlane216)
[2015.08.04-20.56.08:300][704]LogEditorViewport: Clicking on Actor (CTRL LMB): StaticMeshActor (wallPlane217)
[2015.08.04-20.56.17:427][889]LogEditorViewport: Clicking on Actor (LMB): StaticMeshActor (wallPlane12)
[2015.08.04-20.56.19:342][928]LogEditorViewport: Clicking on Actor (LMB): StaticMeshActor (wallPlane83)
[2015.08.04-20.56.21:303][967]LogEditorViewport: Clicking on Actor (LMB): StaticMeshActor (wallPlane12)
[2015.08.04-20.56.33:607][216]LogEditorViewport: Clicking on Actor (LMB): StaticMeshActor (wallPlane83)
[2015.08.04-20.56.34:843][238]LogEditorViewport: Clicking on Actor (context menu): StaticMeshActor (floorPlane_big60)
[2015.08.04-20.56.34:889][238]LogD3D11RHI: InitD3DDevice
[2015.08.04-20.56.38:334][350]LogEditorViewport: Clicking on Actor (LMB): StaticMeshActor (wallPlane83)
[2015.08.04-20.57.23:406][272]LogEditorViewport: Clicking on Actor (LMB): StaticMeshActor (floorPlane_big60)
[2015.08.04-20.57.35:675][523]LogEditorViewport: Clicking on Actor (LMB): StaticMeshActor (wallPlane83)
[2015.08.04-20.57.56:917][950]LogEditorViewport: Clicking on Actor (LMB): StaticMeshActor (floorPlane_big60)
[2015.08.04-20.57.59:667][  2]LogEditorViewport: Clicking on Actor (CTRL LMB): StaticMeshActor (floorPlane_big61)
[2015.08.04-20.58.00:728][ 24]Cmd: TRANSACTION UNDO
[2015.08.04-20.58.00:729][ 24]LogEditorTransaction: Undo Move Actors
[2015.08.04-20.58.00:805][ 24]LogD3D11RHI: InitD3DDevice
[2015.08.04-20.58.01:782][ 76]LogEditorViewport: Clicking on Actor (CTRL LMB): StaticMeshActor (floorPlane_big61)
[2015.08.04-20.58.16:643][379]LogEditorViewport: Clicking on Actor (LMB): PointLight (PointLight19)
[2015.08.04-20.58.24:558][534]LogEditorViewport: Clicking on Actor (LMB): PointLight (PointLight19)
[2015.08.04-20.58.37:007][777]LogEditorViewport: Clicking on Actor (LMB): StaticMeshActor (wallPlane220)
[2015.08.04-20.58.44:171][919]LogEditorViewport: Clicking on Actor (LMB): StaticMeshActor (wallPlane12)
[2015.08.04-20.59.08:031][384]LogEditorViewport: Clicking on Actor (LMB): StaticMeshActor (wallPlane220)
[2015.08.04-20.59.20:746][654]LogEditorViewport: Clicking on Actor (LMB): StaticMeshActor (wallPlane212)
[2015.08.04-20.59.21:577][670]LogEditorViewport: Clicking on Actor (CTRL LMB): StaticMeshActor (wallPlane213)
[2015.08.04-20.59.22:622][689]LogEditorViewport: Clicking on Actor (CTRL LMB): StaticMeshActor (wallPlane214)
[2015.08.04-20.59.24:402][721]LogEditorViewport: Clicking on Actor (CTRL LMB): StaticMeshActor (wallPlane215)
[2015.08.04-20.59.27:760][786]LogEditorViewport: Clicking on Actor (CTRL LMB): StaticMeshActor (wallPlane216)
[2015.08.04-20.59.30:104][832]LogEditorViewport: Clicking on Actor (CTRL LMB): StaticMeshActor (wallPlane217)
[2015.08.04-20.59.45:324][134]LogEditorViewport: Clicking on Actor (LMB): StaticMeshActor (wallPlane213)
[2015.08.04-20.59.45:987][146]LogEditorViewport: Clicking on Actor (LMB): StaticMeshActor (floorPlane_big62)
[2015.08.04-20.59.51:511][253]LogEditorViewport: Clicking on Actor (LMB): StaticMeshActor (floorPlane_big60)
[2015.08.04-20.59.56:882][358]LogEditorViewport: Clicking on Actor (context menu): StaticMeshActor (floorPlane_big60)
[2015.08.04-20.59.56:891][358]LogD3D11RHI: InitD3DDevice
[2015.08.04-21.00.00:053][460]LogEditorViewport: Clicking on Actor (LMB): StaticMeshActor (floorPlane_big61)
[2015.08.04-21.00.01:791][494]Cmd: TRANSACTION UNDO
[2015.08.04-21.00.01:791][494]LogEditorTransaction: Undo Clicking on Actors
[2015.08.04-21.00.01:839][494]LogD3D11RHI: InitD3DDevice
[2015.08.04-21.00.02:372][518]Cmd: TRANSACTION UNDO
[2015.08.04-21.00.02:372][518]LogEditorTransaction: Undo Move Actors
[2015.08.04-21.00.03:147][548]Cmd: TRANSACTION UNDO
[2015.08.04-21.00.03:147][548]LogEditorTransaction: Undo Clicking on Actors (context menu)
[2015.08.04-21.00.03:779][560]Cmd: TRANSACTION UNDO
[2015.08.04-21.00.03:779][560]LogEditorTransaction: Undo Move Actors
[2015.08.04-21.00.04:665][577]Cmd: TRANSACTION UNDO
[2015.08.04-21.00.04:665][577]LogEditorTransaction: Undo Clicking on Actors
[2015.08.04-21.00.06:819][619]Cmd: TRANSACTION REDO
[2015.08.04-21.00.06:819][619]LogEditorTransaction: Redo Clicking on Actors
[2015.08.04-21.00.07:702][636]Cmd: DELETE
[2015.08.04-21.00.07:702][636]Cmd: ACTOR DELETE
[2015.08.04-21.00.07:709][636]LogEditorActor: Deleted Actor: StaticMeshActor
[2015.08.04-21.00.07:825][636]LogEditorActor: Deleted 1 Actors (0.122 secs)
[2015.08.04-21.00.08:916][659]LogEditorViewport: Clicking on Actor (LMB): StaticMeshActor (floorPlane_big62)
[2015.08.04-21.00.22:920][929]LogEditorViewport: Clicking on Actor (LMB): StaticMeshActor (floorPlane_big64)
[2015.08.04-21.00.23:547][940]LogEditorViewport: Clicking on Actor (LMB): StaticMeshActor (floorPlane_big62)
[2015.08.04-21.00.25:174][970]LogEditorViewport: Clicking on Actor (LMB): StaticMeshActor (wallPlane218)
[2015.08.04-21.00.26:395][993]LogEditorViewport: Clicking on Actor (LMB): StaticMeshActor (floorPlane_big64)
[2015.08.04-21.00.34:518][147]LogEditorViewport: Clicking on Actor (LMB): StaticMeshActor (floorPlane_big61)
[2015.08.04-21.00.35:809][171]LogEditorViewport: Clicking on Actor (CTRL LMB): StaticMeshActor (floorPlane_big63)
[2015.08.04-21.00.46:513][377]LogEditorViewport: Clicking on Actor (LMB): StaticMeshActor (floorPlane_big61)
[2015.08.04-21.00.52:171][489]LogEditorViewport: Clicking on Actor (LMB): StaticMeshActor (floorPlane_big51)
[2015.08.04-21.00.53:631][517]LogEditorViewport: Clicking on Actor (CTRL LMB): StaticMeshActor (floorPlane_big43)
[2015.08.04-21.01.26:973][214]LogD3D11RHI: InitD3DDevice
[2015.08.04-21.01.30:081][214]LogD3D11RHI: InitD3DDevice
[2015.08.04-21.01.30:241][214]Cmd: OBJ SAVEPACKAGE PACKAGE="/Game/Maps/MansionNew" FILE="../../../../../../Users/Christian/Desktop/The-Forsaken/Content/Maps/MansionNew.umap" SILENT=true AUTOSAVING=false KEEPDIRTY=false
[2015.08.04-21.01.38:475][214]LogSavePackage: Save=8071.391602ms
[2015.08.04-21.01.38:475][214]LogSavePackage: Moving '../../../../../../Users/Christian/Desktop/The-Forsaken/Saved/MansionNew8A3753D04090EE34CC8F1F8D60ED7610.tmp' to '../../../../../../Users/Christian/Desktop/The-Forsaken/Content/Maps/MansionNew.umap'
[2015.08.04-21.01.38:699][214]LogFileHelpers: Saving map 'MansionNew' took 8.596
[2015.08.04-21.01.48:433][413]LogPlayLevel: PIE:  No blueprints needed recompiling
[2015.08.04-21.01.48:433][413]PIE: New page: PIE session: MansionNew (Aug 4, 2015, 11:01:48 AM)
[2015.08.04-21.01.48:434][413]LogPlayLevel: Creating play world package: /Game/Maps/UEDPIE_0_MansionNew
[2015.08.04-21.01.48:944][413]LogPlayLevel: PIE: StaticDuplicateObject took: (0.509609s)
[2015.08.04-21.01.48:947][413]LogAIModule: Creating AISystem for world MansionNew
[2015.08.04-21.01.48:948][413]LogPlayLevel: PIE: World Init took: (0.003901s)
[2015.08.04-21.01.48:949][413]LogPlayLevel: PIE: Created PIE world by copying editor world from /Game/Maps/MansionNew.MansionNew to /Game/Maps/UEDPIE_0_MansionNew.MansionNew (0.514271s)
[2015.08.04-21.01.49:034][413]LogInit: XAudio2 using 'Speakers (Realtek High Definition Audio)' : 2 channels at 48 kHz using 32 bits per sample (channel mask 0x3)
[2015.08.04-21.01.49:043][413]LogInit: FAudioDevice initialized.
[2015.08.04-21.01.49:045][413]LogD3D11RHI: InitD3DDevice
[2015.08.04-21.01.49:077][413]LogWorld: Game class is 'MyGame_C'
[2015.08.04-21.01.49:330][413]LogWorld: Bringing World /Game/Maps/UEDPIE_0_MansionNew.MansionNew up for play (max tick rate 60) at 2015.08.04-16.01.49
[2015.08.04-21.01.49:330][413]LogActor:Warning: GameSession /Game/Maps/UEDPIE_0_MansionNew.MansionNew:PersistentLevel.GameSession_5 has natively added scene component(s), but none of them were set as the actor's RootComponent - picking one arbitrarily
[2015.08.04-21.01.49:331][413]LogActor:Warning: GameNetworkManager /Game/Maps/UEDPIE_0_MansionNew.MansionNew:PersistentLevel.GameNetworkManager_5 has natively added scene component(s), but none of them were set as the actor's RootComponent - picking one arbitrarily
[2015.08.04-21.01.49:339][413]LogWorld: Bringing up level for play took: 0.259400
[2015.08.04-21.01.49:381][413]PIE: Info Play in editor start time for /Game/Maps/UEDPIE_0_MansionNew 1.333
[2015.08.04-21.01.51:561][429]LogArray:Warning: Attempted to get an item from array CallFunc_GetDataTableRowNames_OutRowNames out of bounds [5/4]!
[2015.08.04-21.01.51:561][429]LogArray:Warning: Attempted to get an item from array CallFunc_GetDataTableRowNames_OutRowNames out of bounds [6/4]!
[2015.08.04-21.02.12:637][616]LogArray:Warning: Attempted to get an item from array CallFunc_GetDataTableRowNames_OutRowNames out of bounds [5/4]!
[2015.08.04-21.02.12:637][616]LogArray:Warning: Attempted to get an item from array CallFunc_GetDataTableRowNames_OutRowNames out of bounds [6/4]!
[2015.08.04-21.02.43:883][937]LogArray:Warning: Attempted to get an item from array CallFunc_GetDataTableRowNames_OutRowNames out of bounds [5/4]!
[2015.08.04-21.02.43:883][937]LogArray:Warning: Attempted to get an item from array CallFunc_GetDataTableRowNames_OutRowNames out of bounds [6/4]!
[2015.08.04-21.02.44:728][945]LogArray:Warning: Attempted to get an item from array CallFunc_GetDataTableRowNames_OutRowNames out of bounds [5/4]!
[2015.08.04-21.02.44:728][945]LogArray:Warning: Attempted to get an item from array CallFunc_GetDataTableRowNames_OutRowNames out of bounds [6/4]!
[2015.08.04-21.02.52:659][ 25]LogParticles: Destroying 0 GPU particle simulations for FXSystem 0x000000E3006CF920
[2015.08.04-21.02.55:208][ 75]LogEditorViewport: Clicking on Actor (LMB): StaticMeshActor (wallPlane12)
[2015.08.04-21.03.38:507][909]LogEditorViewport: Clicking on Actor (LMB): StaticMeshActor (wallPlane183)
[2015.08.04-21.04.06:006][468]LogEditorViewport: Clicking on Actor (LMB): StaticMeshActor (wallPlane218)
[2015.08.04-21.04.21:819][786]LogEditorViewport: Clicking on Actor (LMB): StaticMeshActor (wallPlane219)
[2015.08.04-21.04.35:849][ 75]LogEditorViewport: Clicking on Actor (LMB): StaticMeshActor (wallPlane222)
[2015.08.04-21.04.50:122][371]LogD3D11RHI: InitD3DDevice
[2015.08.04-21.04.51:163][371]LogD3D11RHI: InitD3DDevice
[2015.08.04-21.04.51:332][371]Cmd: OBJ SAVEPACKAGE PACKAGE="/Game/Maps/MansionNew" FILE="../../../../../../Users/Christian/Desktop/The-Forsaken/Content/Maps/MansionNew.umap" SILENT=true AUTOSAVING=false KEEPDIRTY=false
[2015.08.04-21.04.59:965][371]LogSavePackage: Save=8545.262695ms
[2015.08.04-21.04.59:965][371]LogSavePackage: Moving '../../../../../../Users/Christian/Desktop/The-Forsaken/Saved/MansionNewBA6D7052453A1876090578B1EE37F55B.tmp' to '../../../../../../Users/Christian/Desktop/The-Forsaken/Content/Maps/MansionNew.umap'
[2015.08.04-21.05.00:048][371]LogFileHelpers: Saving map 'MansionNew' took 8.860
[2015.08.04-21.05.47:381][531]LogEditorViewport: Clicking on Actor (context menu): StaticMeshActor (wallPlane222)
[2015.08.04-21.05.47:442][531]LogD3D11RHI: InitD3DDevice
[2015.08.04-21.05.52:373][673]LogEditorViewport: Clicking on Actor (LMB): StaticMeshActor (floorPlane_big64)
[2015.08.04-21.06.04:544][908]Cmd: TRANSACTION UNDO
[2015.08.04-21.06.04:544][908]LogEditorTransaction: Undo Move Actors
[2015.08.04-21.06.04:634][908]LogD3D11RHI: InitD3DDevice
[2015.08.04-21.06.58:606][994]LogEditorViewport: Clicking on Actor (LMB): StaticMeshActor (transition_narrow_wood22)
[2015.08.04-21.06.59:466][  7]LogEditorViewport: Clicking on Actor (LMB): StaticMeshActor (transition_narrow_wood22)
[2015.08.04-21.07.18:835][378]LogEditorViewport: Clicking on Actor (LMB): StaticMeshActor (wallPlane175)
[2015.08.04-21.07.20:026][400]Cmd: DELETE
[2015.08.04-21.07.20:026][400]Cmd: ACTOR DELETE
[2015.08.04-21.07.20:033][400]LogEditorActor: Deleted Actor: StaticMeshActor
[2015.08.04-21.07.20:187][400]LogEditorActor: Deleted 1 Actors (0.161 secs)
[2015.08.04-21.07.22:209][441]LogEditorViewport: Clicking on Actor (LMB): StaticMeshActor (floorPlane_big64)
[2015.08.04-21.07.47:929][936]LogD3D11RHI: InitD3DDevice
[2015.08.04-21.07.49:000][936]LogD3D11RHI: InitD3DDevice
[2015.08.04-21.07.49:173][936]Cmd: OBJ SAVEPACKAGE PACKAGE="/Game/Maps/MansionNew" FILE="../../../../../../Users/Christian/Desktop/The-Forsaken/Content/Maps/MansionNew.umap" SILENT=true AUTOSAVING=false KEEPDIRTY=false
[2015.08.04-21.07.57:567][936]LogSavePackage: Save=8217.320313ms
[2015.08.04-21.07.57:567][936]LogSavePackage: Moving '../../../../../../Users/Christian/Desktop/The-Forsaken/Saved/MansionNew0C0E96BB483B783C699DB38CF01650F3.tmp' to '../../../../../../Users/Christian/Desktop/The-Forsaken/Content/Maps/MansionNew.umap'
[2015.08.04-21.07.57:757][936]LogFileHelpers: Saving map 'MansionNew' took 8.738
[2015.08.04-21.08.10:596][176]LogWindowsTextInputMethodSystem:Display: IME system now deactivated.
[2015.08.04-21.08.11:361][177]Cmd: QUIT_EDITOR
[2015.08.04-21.08.12:036][177]LogExit: Preparing to exit.
[2015.08.04-21.08.13:107][177]LogExit: Editor shut down
[2015.08.04-21.08.13:108][177]LogExit: Transaction tracking system shut down
[2015.08.04-21.08.13:111][177]LogParticles: Destroying 0 GPU particle simulations for FXSystem 0x000000E3317E5F80
[2015.08.04-21.08.13:113][177]LogParticles: Destroying 0 GPU particle simulations for FXSystem 0x000000E336112660
[2015.08.04-21.08.13:134][177]LogParticles: Destroying 0 GPU particle simulations for FXSystem 0x000000E32EE70180
[2015.08.04-21.08.13:134][177]LogParticles: Destroying 0 GPU particle simulations for FXSystem 0x000000E32EE70860
[2015.08.04-21.08.13:204][177]LogParticles: Destroying 0 GPU particle simulations for FXSystem 0x000000E3224D7EC0
[2015.08.04-21.08.15:850][177]LogExit: Object subsystem successfully closed.
[2015.08.04-21.08.16:133][177]LogD3D11RHI: Shutdown
[2015.08.04-21.08.16:133][177]LogD3D11RHI: CleanupD3DDevice
[2015.08.04-21.08.16:412][177]LogD3D11RHI: ~FD3D11DynamicRHI
[2015.08.04-21.08.17:190][177]LogModuleManager: Shutting down and abandoning module CrashTracker (188)
[2015.08.04-21.08.17:190][177]LogModuleManager: Shutting down and abandoning module SceneOutliner (187)
[2015.08.04-21.08.17:190][177]LogModuleManager: Shutting down and abandoning module SuperSearch (186)
[2015.08.04-21.08.17:190][177]LogModuleManager: Shutting down and abandoning module WidgetCarousel (185)
[2015.08.04-21.08.17:213][177]LogModuleManager: Shutting down and abandoning module AddContentDialog (184)
[2015.08.04-21.08.17:231][177]LogModuleManager: Shutting down and abandoning module EditorWidgets (183)
[2015.08.04-21.08.17:231][177]LogModuleManager: Shutting down and abandoning module CollectionManager (182)
[2015.08.04-21.08.17:248][177]LogModuleManager: Shutting down and abandoning module StatsViewer (181)
[2015.08.04-21.08.17:266][177]LogModuleManager: Shutting down and abandoning module FoliageEdit (180)
[2015.08.04-21.08.17:271][177]LogModuleManager: Shutting down and abandoning module LandscapeEditor (179)
[2015.08.04-21.08.17:290][177]LogModuleManager: Shutting down and abandoning module ActorPickerMode (178)
[2015.08.04-21.08.17:290][177]LogModuleManager: Shutting down and abandoning module GeometryMode (177)
[2015.08.04-21.08.17:290][177]LogModuleManager: Shutting down and abandoning module TextureAlignMode (176)
[2015.08.04-21.08.17:290][177]LogModuleManager: Shutting down and abandoning module BspMode (175)
[2015.08.04-21.08.17:290][177]LogModuleManager: Shutting down and abandoning module PlacementMode (174)
[2015.08.04-21.08.17:300][177]LogModuleManager: Shutting down and abandoning module AutomationWorker (173)
[2015.08.04-21.08.17:300][177]LogModuleManager: Shutting down and abandoning module CharacterAI (172)
[2015.08.04-21.08.17:300][177]LogModuleManager: Shutting down and abandoning module SmartSnapping (171)
[2015.08.04-21.08.17:300][177]LogModuleManager: Shutting down and abandoning module ViewportSnapping (170)
[2015.08.04-21.08.17:300][177]LogModuleManager: Shutting down and abandoning module LogVisualizer (169)
[2015.08.04-21.08.17:335][177]LogModuleManager: Shutting down and abandoning module GameProjectGeneration (168)
[2015.08.04-21.08.17:369][177]LogModuleManager: Shutting down and abandoning module IntroTutorials (167)
[2015.08.04-21.08.17:390][177]LogModuleManager: Shutting down and abandoning module EditorLiveStreaming (166)
[2015.08.04-21.08.17:390][177]LogModuleManager: Shutting down and abandoning module IOSPlatformEditor (165)
[2015.08.04-21.08.17:405][177]LogModuleManager: Shutting down and abandoning module HTML5PlatformEditor (164)
[2015.08.04-21.08.17:405][177]LogModuleManager: Shutting down and abandoning module AndroidDeviceDetection (163)
[2015.08.04-21.08.18:408][177]LogModuleManager: Shutting down and abandoning module AndroidPlatformEditor (162)
[2015.08.04-21.08.18:408][177]LogModuleManager: Shutting down and abandoning module IOSRuntimeSettings (161)
[2015.08.04-21.08.18:408][177]LogModuleManager: Shutting down and abandoning module AndroidRuntimeSettings (160)
[2015.08.04-21.08.18:408][177]LogModuleManager: Shutting down and abandoning module MergeActors (159)
[2015.08.04-21.08.18:491][177]LogModuleManager: Shutting down and abandoning module SizeMap (158)
[2015.08.04-21.08.18:492][177]LogModuleManager: Shutting down and abandoning module TreeMap (157)
[2015.08.04-21.08.18:507][177]LogModuleManager: Shutting down and abandoning module ReferenceViewer (156)
[2015.08.04-21.08.18:507][177]LogModuleManager: Shutting down and abandoning module LocalizationDashboard (155)
[2015.08.04-21.08.18:522][177]LogModuleManager: Shutting down and abandoning module HardwareTargeting (154)
[2015.08.04-21.08.18:522][177]LogModuleManager: Shutting down and abandoning module DeviceProfileEditor (153)
[2015.08.04-21.08.18:529][177]LogModuleManager: Shutting down and abandoning module UndoHistory (152)
[2015.08.04-21.08.18:533][177]LogModuleManager: Shutting down and abandoning module GameplayTagsEditor (151)
[2015.08.04-21.08.18:547][177]LogModuleManager: Shutting down and abandoning module UserFeedback (150)
[2015.08.04-21.08.18:547][177]LogModuleManager: Shutting down and abandoning module XmlParser (149)
[2015.08.04-21.08.18:557][177]LogModuleManager: Shutting down and abandoning module Blutility (148)
[2015.08.04-21.08.18:557][177]LogModuleManager: Shutting down and abandoning module ProjectTargetPlatformEditor (147)
[2015.08.04-21.08.18:558][177]LogModuleManager: Shutting down and abandoning module ProjectSettingsViewer (146)
[2015.08.04-21.08.18:558][177]LogModuleManager: Shutting down and abandoning module InputBindingEditor (145)
[2015.08.04-21.08.18:576][177]LogModuleManager: Shutting down and abandoning module EditorSettingsViewer (144)
[2015.08.04-21.08.18:576][177]LogModuleManager: Shutting down and abandoning module SettingsEditor (143)
[2015.08.04-21.08.18:588][177]LogModuleManager: Shutting down and abandoning module ProjectLauncher (142)
[2015.08.04-21.08.18:598][177]LogModuleManager: Shutting down and abandoning module SessionFrontend (141)
[2015.08.04-21.08.18:614][177]LogModuleManager: Shutting down and abandoning module ProfilerClient (140)
[2015.08.04-21.08.18:624][177]LogModuleManager: Shutting down and abandoning module TargetDeviceServices (139)
[2015.08.04-21.08.18:624][177]LogModuleManager: Shutting down and abandoning module DeviceManager (138)
[2015.08.04-21.08.18:653][177]LogModuleManager: Shutting down and abandoning module AutomationController (137)
[2015.08.04-21.08.18:665][177]LogModuleManager: Shutting down and abandoning module AutomationWindow (136)
[2015.08.04-21.08.18:677][177]LogModuleManager: Shutting down and abandoning module Layers (135)
[2015.08.04-21.08.18:696][177]LogModuleManager: Shutting down and abandoning module ComponentVisualizers (134)
[2015.08.04-21.08.18:696][177]LogModuleManager: Shutting down and abandoning module DetailCustomizations (133)
[2015.08.04-21.08.18:696][177]LogModuleManager: Shutting down and abandoning module PackagesDialog (132)
[2015.08.04-21.08.18:696][177]LogModuleManager: Shutting down and abandoning module AssetRegistry (131)
[2015.08.04-21.08.18:904][177]LogModuleManager: Shutting down and abandoning module Persona (130)
[2015.08.04-21.08.18:956][177]LogModuleManager: Shutting down and abandoning module Kismet (129)
[2015.08.04-21.08.18:989][177]LogModuleManager: Shutting down and abandoning module GraphEditor (128)
[2015.08.04-21.08.19:007][177]LogModuleManager: Shutting down and abandoning module ClassViewer (127)
[2015.08.04-21.08.19:016][177]LogModuleManager: Shutting down and abandoning module Toolbox (126)
[2015.08.04-21.08.19:016][177]LogModuleManager: Shutting down and abandoning module ModuleUI (125)
[2015.08.04-21.08.19:023][177]LogModuleManager: Shutting down and abandoning module MovieSceneTools (124)
[2015.08.04-21.08.19:170][177]LogModuleManager: Shutting down and abandoning module OutputLog (123)
[2015.08.04-21.08.19:170][177]LogModuleManager: Shutting down and abandoning module GammaUI (122)
[2015.08.04-21.08.19:218][177]LogModuleManager: Shutting down and abandoning module Documentation (121)
[2015.08.04-21.08.19:219][177]LogModuleManager: Shutting down and abandoning module GameLiveStreaming (120)
[2015.08.04-21.08.19:255][177]LogModuleManager: Shutting down and abandoning module StreamingPauseRendering (119)
[2015.08.04-21.08.19:255][177]LogModuleManager: Shutting down and abandoning module AnalyticsET (118)
[2015.08.04-21.08.19:255][177]LogModuleManager: Shutting down and abandoning module Analytics (117)
[2015.08.04-21.08.19:255][177]LogModuleManager: Shutting down and abandoning module AITestSuite (116)
[2015.08.04-21.08.19:263][177]LogModuleManager: Shutting down and abandoning module GameplayDebugger (115)
[2015.08.04-21.08.19:263][177]LogModuleManager: Shutting down and abandoning module AIModule (114)
[2015.08.04-21.08.19:263][177]LogModuleManager: Shutting down and abandoning module ProfilerService (113)
[2015.08.04-21.08.19:490][177]LogModuleManager: Shutting down and abandoning module TaskGraph (112)
[2015.08.04-21.08.19:507][177]LogModuleManager: Shutting down and abandoning module SlateRemote (111)
[2015.08.04-21.08.19:508][177]LogModuleManager: Shutting down and abandoning module SteamVRController (110)
[2015.08.04-21.08.19:508][177]LogModuleManager: Shutting down and abandoning module SteamVR (109)
[2015.08.04-21.08.19:508][177]LogModuleManager: Shutting down and abandoning module ProceduralMeshComponent (108)
[2015.08.04-21.08.19:508][177]LogModuleManager: Shutting down and abandoning module OculusRift (107)
[2015.08.04-21.08.19:508][177]LogModuleManager: Shutting down and abandoning module LeapMotionController (106)
[2015.08.04-21.08.19:591][177]LogModuleManager: Shutting down and abandoning module CustomMeshComponent (105)
[2015.08.04-21.08.19:591][177]LogModuleManager: Shutting down and abandoning module CableComponent (104)
[2015.08.04-21.08.19:597][177]LogModuleManager: Shutting down and abandoning module MessagingDebugger (103)
[2015.08.04-21.08.19:618][177]LogModuleManager: Shutting down and abandoning module MediaPlayerEditor (102)
[2015.08.04-21.08.19:637][177]LogModuleManager: Shutting down and abandoning module SpeedTreeImporter (101)
[2015.08.04-21.08.19:637][177]LogModuleManager: Shutting down and abandoning module PluginBrowser (100)
[2015.08.04-21.08.19:644][177]LogModuleManager: Shutting down and abandoning module EpicSurvey (99)
[2015.08.04-21.08.19:660][177]LogModuleManager: Shutting down and abandoning module DesktopPlatform (98)
[2015.08.04-21.08.19:675][177]LogModuleManager: Shutting down and abandoning module VisualStudioSourceCodeAccess (97)
[2015.08.04-21.08.19:682][177]LogModuleManager: Shutting down and abandoning module UObjectPlugin (96)
[2015.08.04-21.08.19:682][177]LogModuleManager: Shutting down and abandoning module SubversionSourceControl (95)
[2015.08.04-21.08.19:693][177]LogModuleManager: Shutting down and abandoning module PerforceSourceControl (94)
[2015.08.04-21.08.19:714][177]LogModuleManager: Shutting down and abandoning module SourceControl (93)
[2015.08.04-21.08.19:729][177]LogModuleManager: Shutting down and abandoning module GitSourceControl (92)
[2015.08.04-21.08.19:739][177]LogModuleManager: Shutting down and abandoning module BlankPlugin (91)
[2015.08.04-21.08.19:739][177]LogModuleManager: Shutting down and abandoning module PaperTiledImporter (90)
[2015.08.04-21.08.19:739][177]LogModuleManager: Shutting down and abandoning module PaperSpriteSheetImporter (89)
[2015.08.04-21.08.19:739][177]LogModuleManager: Shutting down and abandoning module MeshPaint (88)
[2015.08.04-21.08.19:750][177]LogModuleManager: Shutting down and abandoning module SlateReflector (87)
[2015.08.04-21.08.19:776][177]LogModuleManager: Shutting down and abandoning module DirectoryWatcher (86)
[2015.08.04-21.08.19:779][177]LogModuleManager: Shutting down and abandoning module HotReload (85)
[2015.08.04-21.08.19:779][177]LogModuleManager: Shutting down and abandoning module MainFrame (84)
[2015.08.04-21.08.19:779][177]LogModuleManager: Shutting down and abandoning module LevelEditor (83)
[2015.08.04-21.08.19:798][177]LogModuleManager: Shutting down and abandoning module ContentBrowser (82)
[2015.08.04-21.08.19:799][177]LogModuleManager: Shutting down and abandoning module Paper2DEditor (81)
[2015.08.04-21.08.19:815][177]LogModuleManager: Shutting down and abandoning module UdpMessaging (80)
[2015.08.04-21.08.19:916][177]LogModuleManager: Shutting down and abandoning module Paper2D (79)
[2015.08.04-21.08.19:957][177]LogModuleManager: Shutting down and abandoning module WindowsMoviePlayer (78)
[2015.08.04-21.08.19:980][177]LogModuleManager: Shutting down and abandoning module Media (77)
[2015.08.04-21.08.19:980][177]LogModuleManager: Shutting down and abandoning module WmfMedia (76)
[2015.08.04-21.08.20:012][177]LogModuleManager: Shutting down and abandoning module OnlineBlueprintSupport (75)
[2015.08.04-21.08.20:012][177]LogModuleManager: Shutting down and abandoning module PropertyEditor (74)
[2015.08.04-21.08.20:012][177]LogModuleManager: Shutting down and abandoning module BehaviorTreeEditor (73)
[2015.08.04-21.08.20:039][177]LogModuleManager: Shutting down and abandoning module FunctionalTesting (72)
[2015.08.04-21.08.20:049][177]LogModuleManager: Shutting down and abandoning module CollisionAnalyzer (71)
[2015.08.04-21.08.20:069][177]LogModuleManager: Shutting down and abandoning module WorkspaceMenuStructure (70)
[2015.08.04-21.08.20:079][177]LogModuleManager: Shutting down and abandoning module MessageLog (69)
[2015.08.04-21.08.20:079][177]LogModuleManager: Shutting down and abandoning module Sequencer (68)
[2015.08.04-21.08.20:095][177]LogModuleManager: Shutting down and abandoning module AssetTools (67)
[2015.08.04-21.08.20:117][177]LogModuleManager: Shutting down and abandoning module UMGEditor (66)
[2015.08.04-21.08.20:139][177]LogModuleManager: Shutting down and abandoning module UMG (65)
[2015.08.04-21.08.20:139][177]LogModuleManager: Shutting down and abandoning module Slate (64)
[2015.08.04-21.08.20:139][177]LogModuleManager: Shutting down and abandoning module EditorStyle (63)
[2015.08.04-21.08.20:169][177]LogModuleManager: Shutting down and abandoning module SessionServices (62)
[2015.08.04-21.08.20:169][177]LogModuleManager: Shutting down and abandoning module SourceCodeAccess (61)
[2015.08.04-21.08.20:169][177]LogModuleManager: Shutting down and abandoning module HeadMountedDisplay (60)
[2015.08.04-21.08.20:169][177]LogModuleManager: Shutting down and abandoning module XAudio2 (59)
[2015.08.04-21.08.20:169][177]LogModuleManager: Shutting down and abandoning module Networking (57)
[2015.08.04-21.08.20:169][177]LogModuleManager: Shutting down and abandoning module Core (56)
[2015.08.04-21.08.20:169][177]LogModuleManager: Shutting down and abandoning module KismetCompiler (55)
[2015.08.04-21.08.20:169][177]LogModuleManager: Shutting down and abandoning module PhysXFormats (54)
[2015.08.04-21.08.20:169][177]LogModuleManager: Shutting down and abandoning module MeshUtilities (53)
[2015.08.04-21.08.20:184][177]LogModuleManager: Shutting down and abandoning module DerivedDataCache (52)
[2015.08.04-21.08.20:226][177]LogDerivedDataCache: Shutdown
[2015.08.04-21.08.20:226][177]LogModuleManager: Shutting down and abandoning module ShaderFormatOpenGL (51)
[2015.08.04-21.08.20:238][177]LogModuleManager: Shutting down and abandoning module ShaderFormatD3D (50)
[2015.08.04-21.08.20:283][177]LogModuleManager: Shutting down and abandoning module MetalShaderFormat (49)
[2015.08.04-21.08.20:301][177]LogModuleManager: Shutting down and abandoning module TextureFormatUncompressed (48)
[2015.08.04-21.08.20:301][177]LogModuleManager: Shutting down and abandoning module TextureFormatPVR (47)
[2015.08.04-21.08.20:317][177]LogModuleManager: Shutting down and abandoning module TextureFormatIntelISPCTexComp (46)
[2015.08.04-21.08.20:320][177]LogModuleManager: Shutting down and abandoning module TextureFormatDXT (45)
[2015.08.04-21.08.20:330][177]LogModuleManager: Shutting down and abandoning module ImageWrapper (44)
[2015.08.04-21.08.20:330][177]LogModuleManager: Shutting down and abandoning module TextureFormatASTC (43)
[2015.08.04-21.08.20:330][177]LogModuleManager: Shutting down and abandoning module TextureFormatAndroid (42)
[2015.08.04-21.08.20:330][177]LogModuleManager: Shutting down and abandoning module AudioFormatOpus (41)
[2015.08.04-21.08.20:342][177]LogModuleManager: Shutting down and abandoning module AudioFormatOgg (40)
[2015.08.04-21.08.20:356][177]LogModuleManager: Shutting down and abandoning module AudioFormatADPCM (39)
[2015.08.04-21.08.20:356][177]LogModuleManager: Shutting down and abandoning module LinuxTargetPlatform (38)
[2015.08.04-21.08.20:356][177]LogModuleManager: Shutting down and abandoning module LinuxServerTargetPlatform (37)
[2015.08.04-21.08.20:367][177]LogModuleManager: Shutting down and abandoning module LinuxNoEditorTargetPlatform (36)
[2015.08.04-21.08.20:380][177]LogModuleManager: Shutting down and abandoning module Messaging (35)
[2015.08.04-21.08.20:380][177]LogModuleManager: Shutting down and abandoning module IOSTargetPlatform (34)
[2015.08.04-21.08.20:380][177]LogModuleManager: Shutting down and abandoning module HTML5TargetPlatform (33)
[2015.08.04-21.08.20:380][177]LogModuleManager: Shutting down and abandoning module Android_PVRTCTargetPlatform (32)
[2015.08.04-21.08.20:380][177]LogModuleManager: Shutting down and abandoning module Android_ETC2TargetPlatform (31)
[2015.08.04-21.08.20:380][177]LogModuleManager: Shutting down and abandoning module Android_ETC1TargetPlatform (30)
[2015.08.04-21.08.20:380][177]LogModuleManager: Shutting down and abandoning module Android_DXTTargetPlatform (29)
[2015.08.04-21.08.20:380][177]LogModuleManager: Shutting down and abandoning module Android_ATCTargetPlatform (28)
[2015.08.04-21.08.20:380][177]LogModuleManager: Shutting down and abandoning module Android_ASTCTargetPlatform (27)
[2015.08.04-21.08.20:380][177]LogModuleManager: Shutting down and abandoning module AndroidTargetPlatform (26)
[2015.08.04-21.08.20:380][177]LogModuleManager: Shutting down and abandoning module WindowsTargetPlatform (25)
[2015.08.04-21.08.20:380][177]LogModuleManager: Shutting down and abandoning module WindowsServerTargetPlatform (24)
[2015.08.04-21.08.20:380][177]LogModuleManager: Shutting down and abandoning module WindowsNoEditorTargetPlatform (23)
[2015.08.04-21.08.20:380][177]LogModuleManager: Shutting down and abandoning module WindowsClientTargetPlatform (22)
[2015.08.04-21.08.20:380][177]LogModuleManager: Shutting down and abandoning module DesktopTargetPlatform (21)
[2015.08.04-21.08.20:380][177]LogModuleManager: Shutting down and abandoning module TargetPlatform (20)
[2015.08.04-21.08.20:380][177]LogModuleManager: Shutting down and abandoning module InputCore (19)
[2015.08.04-21.08.20:380][177]LogModuleManager: Shutting down and abandoning module Settings (18)
[2015.08.04-21.08.20:381][177]LogModuleManager: Shutting down and abandoning module OnlineSubsystem (16)
[2015.08.04-21.08.20:381][177]LogModuleManager: Shutting down and abandoning module HTTP (15)
[2015.08.04-21.08.20:381][177]LogModuleManager: Shutting down and abandoning module ExampleDeviceProfileSelector (14)
[2015.08.04-21.08.20:381][177]LogModuleManager: Shutting down and abandoning module TextureCompressor (13)
[2015.08.04-21.08.20:400][177]LogModuleManager: Shutting down and abandoning module ShaderCore (12)
[2015.08.04-21.08.20:400][177]LogModuleManager: Shutting down and abandoning module Landscape (11)
[2015.08.04-21.08.20:400][177]LogModuleManager: Shutting down and abandoning module SlateRHIRenderer (10)
[2015.08.04-21.08.20:455][177]LogModuleManager: Shutting down and abandoning module OpenGLDrv (9)
[2015.08.04-21.08.20:470][177]LogModuleManager: Shutting down and abandoning module D3D11RHI (8)
[2015.08.04-21.08.20:470][177]LogModuleManager: Shutting down and abandoning module Renderer (7)
[2015.08.04-21.08.20:470][177]LogModuleManager: Shutting down and abandoning module Engine (6)
[2015.08.04-21.08.20:470][177]LogModuleManager: Shutting down and abandoning module CoreUObject (5)
[2015.08.04-21.08.20:470][177]LogModuleManager: Shutting down and abandoning module NetworkFile (4)
[2015.08.04-21.08.20:489][177]LogModuleManager: Shutting down and abandoning module StreamingFile (3)
[2015.08.04-21.08.20:500][177]LogModuleManager: Shutting down and abandoning module SandboxFile (2)
[2015.08.04-21.08.20:513][177]LogModuleManager: Shutting down and abandoning module PakFile (1)
[2015.08.04-21.08.20:567][177]LogExit: Exiting.
[2015.08.04-21.08.20:584][177]Log file closed, 08/04/15 16:08:20
