[2015.08.22-17.25.36:548][  0]Log file open, 08/22/15 12:25:36
[2015.08.22-17.25.36:548][  0]LogInit:Display: Running engine for game: TheForsakensJacket
[2015.08.22-17.25.36:548][  0]LogInit:Display: RandInit(-522546886) SRandInit(-522546886).
[2015.08.22-17.25.36:548][  0]LogTaskGraph: Started task graph with 4 named threads and 5 total threads.
[2015.08.22-17.25.36:548][  0]LogStats: Stats thread started
[2015.08.22-17.25.36:548][  0]LogInit: Version: 4.8.3-2634408+++depot+UE4-Releases+4.8
[2015.08.22-17.25.36:548][  0]LogInit: API Version: 2579680
[2015.08.22-17.25.36:548][  0]LogInit: Compiled (64-bit): Jul 27 2015 16:24:33
[2015.08.22-17.25.36:548][  0]LogInit: Compiled with Visual C++: 18.00.21005.01
[2015.08.22-17.25.36:548][  0]LogInit: Build Configuration: Development
[2015.08.22-17.25.36:548][  0]LogInit: Branch Name: ++depot+UE4-Releases+4.8
[2015.08.22-17.25.36:548][  0]LogInit: Command line:  
[2015.08.22-17.25.36:548][  0]LogInit: Base directory: C:/Program Files/Epic Games/4.8/Engine/Binaries/Win64/
[2015.08.22-17.25.36:548][  0]LogInit: Rocket: 1
[2015.08.22-17.25.36:580][  0]LogInit: Using libcurl 7.41.0
[2015.08.22-17.25.36:580][  0]LogInit:  - built for x86_64-pc-win32
[2015.08.22-17.25.36:580][  0]LogInit:  - supports SSL with WinSSL
[2015.08.22-17.25.36:580][  0]LogInit:  - other features:
[2015.08.22-17.25.36:580][  0]LogInit:      CURL_VERSION_SSL
[2015.08.22-17.25.36:580][  0]LogInit:      CURL_VERSION_IPV6
[2015.08.22-17.25.36:580][  0]LogInit:      CURL_VERSION_ASYNCHDNS
[2015.08.22-17.25.36:580][  0]LogInit:      CURL_VERSION_LARGEFILE
[2015.08.22-17.25.36:580][  0]LogInit:      CURL_VERSION_IDN
[2015.08.22-17.25.36:580][  0]LogInit:  CurlRequestOptions (configurable via config and command line):
[2015.08.22-17.25.36:580][  0]LogInit:  - bVerifyPeer = true  - Libcurl will verify peer certificate
[2015.08.22-17.25.36:580][  0]LogInit:  - bUseHttpProxy = false  - Libcurl will NOT use HTTP proxy
[2015.08.22-17.25.36:580][  0]LogInit:  - bDontReuseConnections = false  - Libcurl will reuse connections
[2015.08.22-17.25.36:580][  0]LogInit:  - CertBundlePath = nullptr  - Libcurl will use whatever was configured at build time.
[2015.08.22-17.25.36:603][  0]LogOnline:Warning: No default platform service specified for OnlineSubsystem
[2015.08.22-17.25.36:629][  0]LogInit: Presizing for 0 objects not considered by GC, pre-allocating 0 bytes.
[2015.08.22-17.25.36:645][  0]LogInit: Object subsystem initialized
[2015.08.22-17.25.36:647][  0]LogConsoleResponse:Warning: Skipping Unknown console variable: 'TranslucentSortAxis = (X=0.000000,Y=-1.000000,Z=0.000000)'
[2015.08.22-17.25.36:647][  0]LogConsoleResponse:Warning:   Found in ini file 'C:/Users/Christian/Desktop/TheForsakensJacket/Saved/Config/Windows/Engine.ini', in section '[/Script/Engine.RendererSettings]'
[2015.08.22-17.25.36:647][  0]LogConsoleResponse:Warning: Skipping Unknown console variable: 'UIScaleRule = ShortestSide'
[2015.08.22-17.25.36:647][  0]LogConsoleResponse:Warning:   Found in ini file 'C:/Users/Christian/Desktop/TheForsakensJacket/Saved/Config/Windows/Engine.ini', in section '[/Script/Engine.RendererSettings]'
[2015.08.22-17.25.36:647][  0]LogConsoleResponse:Warning: Skipping Unknown console variable: 'UIScaleCurve = (EditorCurveData=(Keys=),ExternalCurve=None)'
[2015.08.22-17.25.36:647][  0]LogConsoleResponse:Warning:   Found in ini file 'C:/Users/Christian/Desktop/TheForsakensJacket/Saved/Config/Windows/Engine.ini', in section '[/Script/Engine.RendererSettings]'
[2015.08.22-17.25.36:648][  0]LogInit: Selected Device Profile: [Windows]
[2015.08.22-17.25.36:648][  0]LogInit: Applying CVar settings loaded from the selected device profile: [Windows]
[2015.08.22-17.25.36:660][  0]LogInit: Computer: CHRISTIANGAMING
[2015.08.22-17.25.36:660][  0]LogInit: User: Christian
[2015.08.22-17.25.36:660][  0]LogInit: CPU Page size=4096, Cores=2
[2015.08.22-17.25.36:661][  0]LogInit: High frequency timer resolution =2.143568 MHz
[2015.08.22-17.25.36:661][  0]LogMemory: Memory total: Physical=3.9GB (4GB approx)
[2015.08.22-17.25.36:661][  0]LogMemory: Platform Memory Stats for Windows
[2015.08.22-17.25.36:661][  0]LogMemory: Process Physical Memory: 55.32 MB used, 57.01 MB peak
[2015.08.22-17.25.36:661][  0]LogMemory: Process Virtual Memory: 29.96 MB used, 33.79 MB peak
[2015.08.22-17.25.36:661][  0]LogMemory: Physical Memory: 2642.80 MB used, 3983.27 MB total
[2015.08.22-17.25.36:661][  0]LogMemory: Virtual Memory: 298.59 MB used, 8388608.00 MB total
[2015.08.22-17.25.36:778][  0]LogTextLocalizationManager: The requested culture ('en_US') has no localization data; parent culture's ('en') localization data will be used.
[2015.08.22-17.25.37:164][  0]LogTextLocalizationManager:Warning: Loaded localization resources contain conflicting entries for (Namespace:ContentBrowser, Key:ImportAssetToolTip):
Localization Resource: (C:/Program Files/Epic Games/4.8/Engine/Content/Localization/Editor/en/Editor.locres) Source String Hash: (-630476809) Localized String: (Import to {0}...)
Localization Resource: (C:/Program Files/Epic Games/4.8/Engine/Content/Localization/Editor/en/Editor.locres) Source String Hash: (1271782899) Localized String: (Imports an asset from file to this folder.)
[2015.08.22-17.25.37:961][  0]LogD3D11RHI: Found D3D11 adapter 0: Intel(R) HD Graphics 3000 (Feature Level 10_0)
[2015.08.22-17.25.37:961][  0]LogD3D11RHI: Adapter has 32MB of dedicated video memory, 0MB of dedicated system memory, and 1632MB of shared system memory, 1 output[s]
[2015.08.22-17.25.37:963][  0]LogD3D11RHI: Found D3D11 adapter 1: Microsoft Basic Render Driver (Feature Level 11_0)
[2015.08.22-17.25.37:963][  0]LogD3D11RHI: Adapter has 0MB of dedicated video memory, 0MB of dedicated system memory, and 256MB of shared system memory, 0 output[s]
[2015.08.22-17.25.37:963][  0]LogD3D11RHI: Chosen D3D11 Adapter Id = 0
[2015.08.22-17.25.37:974][  0]LogD3D11RHI: InitD3DDevice
[2015.08.22-17.25.37:974][  0]LogD3D11RHI: !Direct3DDevice
[2015.08.22-17.25.37:974][  0]LogRHI: Texture pool is 593 MB (70% of 848 MB)
[2015.08.22-17.25.37:977][  0]LogD3D11RHI: Async texture creation enabled
[2015.08.22-17.25.37:998][  0]LogShaderCompilers:Display: Using Local Shader Compiler.
[2015.08.22-17.25.42:283][  0]LogTemp:Display: Loaded TP DesktopTargetPlatform
[2015.08.22-17.25.42:347][  0]LogTemp:Display: Loaded TP WindowsClientTargetPlatform
[2015.08.22-17.25.42:404][  0]LogTemp:Display: Loaded TP WindowsNoEditorTargetPlatform
[2015.08.22-17.25.42:448][  0]LogTemp:Display: Loaded TP WindowsServerTargetPlatform
[2015.08.22-17.25.42:492][  0]LogTemp:Display: Loaded TP WindowsTargetPlatform
[2015.08.22-17.25.42:524][  0]LogTemp:Display: Loaded TP AndroidTargetPlatform
[2015.08.22-17.25.42:555][  0]LogTemp:Display: Loaded TP Android_ASTCTargetPlatform
[2015.08.22-17.25.42:580][  0]LogTemp:Display: Loaded TP Android_ATCTargetPlatform
[2015.08.22-17.25.42:603][  0]LogTemp:Display: Loaded TP Android_DXTTargetPlatform
[2015.08.22-17.25.42:637][  0]LogTemp:Display: Loaded TP Android_ETC1TargetPlatform
[2015.08.22-17.25.42:660][  0]LogTemp:Display: Loaded TP Android_ETC2TargetPlatform
[2015.08.22-17.25.42:681][  0]LogTemp:Display: Loaded TP Android_PVRTCTargetPlatform
[2015.08.22-17.25.42:803][  0]LogTemp:Display: Loaded TP IOSTargetPlatform
[2015.08.22-17.25.42:846][  0]LogTemp:Display: Loaded TP LinuxNoEditorTargetPlatform
[2015.08.22-17.25.42:867][  0]LogTemp:Display: Loaded TP LinuxServerTargetPlatform
[2015.08.22-17.25.42:919][  0]LogTemp:Display: Loaded TP LinuxTargetPlatform
[2015.08.22-17.25.42:919][  0]LogTargetPlatformManager:Display: Building Assets For Windows
[2015.08.22-17.25.43:965][  0]LogDerivedDataCache:Display: Max Cache Size: 512 MB
[2015.08.22-17.25.44:831][  0]LogDerivedDataCache: Loaded boot cache 0.87s 48MB C:/Users/Christian/AppData/Local/UnrealEngine/4.8/DerivedDataCache/Boot.ddc.
[2015.08.22-17.25.44:831][  0]LogDerivedDataCache:Display: Loaded Boot cache: C:/Users/Christian/AppData/Local/UnrealEngine/4.8/DerivedDataCache/Boot.ddc
[2015.08.22-17.25.44:832][  0]LogDerivedDataCache: FDerivedDataBackendGraph:  Pak pak cache file ../../../../../../Users/Christian/Desktop/TheForsakensJacket/DerivedDataCache/DDC.ddp not found, will not use a pak cache.
[2015.08.22-17.25.44:832][  0]LogDerivedDataCache: Unable to find inner node Pak for hierarchical cache Hierarchy.
[2015.08.22-17.25.44:832][  0]LogDerivedDataCache: FDerivedDataBackendGraph:  CompressedPak pak cache file ../../../../../../Users/Christian/Desktop/TheForsakensJacket/DerivedDataCache/Compressed.ddp not found, will not use a pak cache.
[2015.08.22-17.25.44:832][  0]LogDerivedDataCache: Unable to find inner node CompressedPak for hierarchical cache Hierarchy.
[2015.08.22-17.25.45:194][  0]LogDerivedDataCache:Display: Pak cache opened for reading ../../../Engine/DerivedDataCache/Compressed.ddp.
[2015.08.22-17.25.45:219][  0]LogDerivedDataCache: Using Local data cache path C:/Users/Christian/AppData/Local/UnrealEngine/Common/DerivedDataCache: Writable
[2015.08.22-17.25.54:577][  0]LogInit: Selected Device Profile: [Windows]
[2015.08.22-17.25.56:157][  0]ImportText (ComponentSweepMultiTests): Missing closing parenthesis: (RootShapeAsset="/Engine/BasicShapes/Cube.Cube",ShapeType="TriggerCapsule",HitResult=(Time=0.50,Location=(X=-100.000015,Y=0.0,Z=100.000015),ImpactPoint=(X=-50.0,Y=0.0,Z=50.0),Normal=(X=-1.0,Y=-0.0,Z=0.0),ImpactNormal=(X=0.0,Y=0.0,Z=1.0),TraceStart=(X=-200.0,Y=0.0,Z=200.0),TraceEnd=(X=0.0,Y=0.0,Z=0.0))
[2015.08.22-17.25.56:158][  0]ImportText (LineTraceSingleByChannelTests): Missing closing parenthesis: (RootShapeAsset="/Engine/BasicShapes/Cube.Cube",HitResult=(Time=0.50,Location=(X=-100.000015,Y=0.0,Z=100.000015),ImpactPoint=(X=-50.0,Y=0.0,Z=50.0),Normal=(X=-1.0,Y=-0.0,Z=0.0),ImpactNormal=(X=0.0,Y=0.0,Z=1.0),TraceStart=(X=-200.0,Y=0.0,Z=200.0),TraceEnd=(X=0.0,Y=0.0,Z=0.0))
[2015.08.22-17.25.56:517][  0]LogMeshUtilities: No automatic mesh reduction module available
[2015.08.22-17.25.56:517][  0]LogMeshUtilities: No automatic mesh merging module available
[2015.08.22-17.26.01:015][  0]LogInit: WinSock: version 1.1 (2.2), MaxSocks=32767, MaxUdp=65467
[2015.08.22-17.26.28:861][  0]UdpMessaging: Initializing bridge on interface 0.0.0.0:0 to multicast group 230.0.0.1:6666.
[2015.08.22-17.26.32:311][  0]SourceControl: Info Source control is disabled
[2015.08.22-17.26.32:657][  0]SourceControl: Info Source control is disabled
[2015.08.22-17.26.32:742][  0]SourceControl: Info Source control is disabled
[2015.08.22-17.26.32:807][  0]SourceControl: Info Source control is disabled
[2015.08.22-17.26.34:228][  0]LogObj: 26273 objects as part of root set at end of initial load.
[2015.08.22-17.26.34:228][  0]LogUObjectAllocator: 5409256 out of 0 bytes used by permanent object pool.
[2015.08.22-17.26.35:104][  0]LogEngine: Initializing Engine...
[2015.08.22-17.26.35:145][  0]LogHMD: Can't find Oculus library dev build: is proper Runtime installed? Version: 0.6.0.0
[2015.08.22-17.26.35:301][  0]LogHMD:Warning: SteamVR failed to initialize.  Error: 110
[2015.08.22-17.26.36:785][  0]LogAIModule: Creating AISystem for world NewWorld
[2015.08.22-17.26.37:162][  0]LogInit: XAudio2 using 'Speakers (Realtek High Definition Audio)' : 2 channels at 48 kHz using 32 bits per sample (channel mask 0x3)
[2015.08.22-17.26.37:204][  0]LogInit: FAudioDevice initialized.
[2015.08.22-17.26.37:254][  0]LogDerivedDataCache: Saved boot cache 0.05s 48MB C:/Users/Christian/AppData/Local/UnrealEngine/4.8/DerivedDataCache/Boot.ddc.
[2015.08.22-17.26.37:304][  0]LogInit: Texture streaming: Disabled
[2015.08.22-17.26.37:987][  0]LogAnalytics: Creating configured Analytics provider AnalyticsET
[2015.08.22-17.26.37:987][  0]LogAnalytics: [UEEditor.Rocket.Release] APIServer = http://et2.epicgames.com/ET2/. AppVersion = 4.8.3-2634408+++depot+UE4-Releases+4.8
[2015.08.22-17.26.37:987][  0]LogAnalytics: [UEEditor.Rocket.Release] SetUserId d520111f42444ed2ae17ceb4cce854a2|256081b0662a4905b440382e278adc23|3ae4f12a-3c0a-4aaf-bb63-a78589ca1625
[2015.08.22-17.26.37:987][  0]LogAnalytics: [UEEditor.Rocket.Release] AnalyticsET::StartSession
[2015.08.22-17.26.38:408][  0]LogInit: Transaction tracking system initialized
[2015.08.22-17.26.39:659][  0]BlueprintLog: New page: Editor Load
[2015.08.22-17.26.39:917][  0]LogAssetRegistry: FAssetRegistry took 0.0356 seconds to start up
[2015.08.22-17.26.40:314][  0]LogDirectoryWatcher:Warning: Failed to begin reading directory changes for ../../../Engine/Plugins/Experimental/CharacterAI/Content/. Error: 0
[2015.08.22-17.26.50:609][  0]LogConsoleManager:Warning: Console variable 'r.VSync' wasn't set ('GameSetting' has a lower priority than 'SystemSettingsIni')
[2015.08.22-17.26.50:609][  0]LogConsoleResponse:Display: 
[2015.08.22-17.26.54:328][  0]LogCook:Display: Done creating registry. It took  0.00s.
[2015.08.22-17.26.56:913][  0]SourceControl: Info Source control is disabled
[2015.08.22-17.26.56:959][  0]Cmd: MAP LOAD FILE="../../../Engine/Content/Maps/Templates/Template_Default.umap" TEMPLATE=1 SHOWPROGRESS=1 FEATURELEVEL=2
[2015.08.22-17.26.57:136][  0]LightingResults: New page: Lighting Build
[2015.08.22-17.26.57:468][  0]MapCheck: New page: Map Check
[2015.08.22-17.26.57:468][  0]LightingResults: New page: Lighting Build
[2015.08.22-17.26.58:261][  0]LogParticles: Destroying 0 GPU particle simulations for FXSystem 0x000000612DB298A0
[2015.08.22-17.27.14:523][  0]LogAIModule: Creating AISystem for world Untitled_1
[2015.08.22-17.27.15:320][  0]LogEditorServer: Finished looking for orphan Actors (0.000 secs)
[2015.08.22-17.27.15:475][  0]Cmd: MAP CHECKDEP NOCLEARLOG
[2015.08.22-17.27.15:594][  0]MapCheck: Info Map check complete: 0 Error(s), 0 Warning(s), took 118.838ms to complete.
[2015.08.22-17.27.15:594][  0]LogFileHelpers: Loading map 'Template_Default' took 18.635
[2015.08.22-17.27.17:681][  0]LogCollectionManager: Loaded 0 collections in 0.004940 seconds
[2015.08.22-17.27.17:736][  0]LogContentBrowser: Native class hierarchy populated in 0.0458 seconds. Added 1792 classes and 301 folders.
[2015.08.22-17.27.18:221][  0]LogContentBrowser: Native class hierarchy updated for 'WidgetCarousel' in 0.0008 seconds. Added 0 classes and 0 folders.
[2015.08.22-17.27.18:947][  0]LogContentBrowser: Native class hierarchy updated for 'AddContentDialog' in 0.0012 seconds. Added 0 classes and 0 folders.
[2015.08.22-17.27.19:059][  0]LogContentBrowser: Native class hierarchy updated for 'SceneOutliner' in 0.0010 seconds. Added 1 classes and 2 folders.
[2015.08.22-17.27.20:885][  0]LogCrashTracker: Crashtracker disabled due to settings.
[2015.08.22-17.27.20:976][  0]LogD3D11RHI: InitD3DDevice
[2015.08.22-17.27.21:026][  0]LogUObjectGlobals:Warning: Failed to find object 'Class None.'
[2015.08.22-17.27.21:114][  0]LogLoad: Full Startup: 108.05 seconds (BP compile: 3.18 seconds)
[2015.08.22-17.27.21:986][  0]LogContentStreaming: Texture pool size is 0.000000MB
[2015.08.22-17.27.22:143][  0]LogContentStreaming: Texture pool size now 1000 MB
[2015.08.22-17.27.22:796][  0]LogRenderer: Reallocating scene render targets to support 728x376 (Frame:2).
[2015.08.22-17.27.36:160][ 37]LogAssetRegistry: Asset discovery search completed in 56.2571 seconds
[2015.08.22-17.27.36:760][ 45]LogD3D11RHI: InitD3DDevice
[2015.08.22-17.27.50:609][255]LogD3D11RHI: InitD3DDevice
[2015.08.22-17.29.04:810][255]LogAIModule: Creating AISystem for world MansionNew
[2015.08.22-17.29.07:945][255]Cmd: MAP LOAD FILE="../../../../../../Users/Christian/Desktop/TheForsakensJacket/Content/Maps/MansionNew.umap" TEMPLATE=0 SHOWPROGRESS=1 FEATURELEVEL=2
[2015.08.22-17.29.07:946][255]LightingResults: New page: Lighting Build
[2015.08.22-17.29.08:086][255]LoadErrors: New page: Loading map: MansionNew.umap
[2015.08.22-17.29.08:289][255]MapCheck: New page: Map Check
[2015.08.22-17.29.08:289][255]LightingResults: New page: Lighting Build
[2015.08.22-17.29.08:521][255]LogParticles: Destroying 0 GPU particle simulations for FXSystem 0x00000061399C3880
[2015.08.22-17.29.13:753][255]LogAIModule: Creating AISystem for world MansionNew
[2015.08.22-17.29.14:904][255]LogEditorServer: Finished looking for orphan Actors (0.001 secs)
[2015.08.22-17.29.15:258][255]Cmd: MAP CHECKDEP NOCLEARLOG
[2015.08.22-17.29.15:521][255]MapCheck: Info Map check complete: 0 Error(s), 0 Warning(s), took 262.277ms to complete.
[2015.08.22-17.29.15:522][255]LogFileHelpers: Loading map 'MansionNew' took 7.701
[2015.08.22-17.30.47:160][531]LogEditorViewport: Clicking on Actor (context menu): StaticMeshActor (floorPlane_big83)
[2015.08.22-17.30.50:957][531]LogD3D11RHI: InitD3DDevice
[2015.08.22-17.30.52:126][532]LogD3D11RHI: InitD3DDevice
[2015.08.22-17.30.54:059][610]LogEditorViewport: Clicking on Actor (LMB): StaticMeshActor (wallPlane312)
[2015.08.22-17.31.05:700][850]LogEditorViewport: Clicking on Actor (LMB): StaticMeshActor (wallPlane309)
[2015.08.22-17.31.09:595][938]LogEditorViewport: Clicking on Actor (context menu): StaticMeshActor (floorPlane_big83)
[2015.08.22-17.31.09:642][938]LogD3D11RHI: InitD3DDevice
[2015.08.22-17.31.15:167][246]LogEditorViewport: Clicking on Actor (LMB): StaticMeshActor (floorPlane_big83)
[2015.08.22-17.31.18:870][327]Cmd: TRANSACTION UNDO
[2015.08.22-17.31.18:894][327]LogEditorTransaction: Undo Move Actors
[2015.08.22-17.31.18:929][327]LogD3D11RHI: InitD3DDevice
[2015.08.22-17.31.19:897][375]LogEditorViewport: Clicking on Actor (LMB): StaticMeshActor (wallPlane309)
[2015.08.22-17.32.05:293][244]LogEditorViewport: Clicking on Actor (LMB): StaticMeshActor (wallPlane309)
[2015.08.22-17.32.07:386][291]LogEditorViewport: Clicking on Actor (LMB): StaticMeshActor (wallPlane308)
[2015.08.22-17.32.08:305][311]Cmd: DELETE
[2015.08.22-17.32.08:305][311]Cmd: ACTOR DELETE
[2015.08.22-17.32.08:582][311]LogEditorActor: Deleted Actor: StaticMeshActor
[2015.08.22-17.32.08:779][311]LogEditorActor: Deleted 1 Actors (0.211 secs)
[2015.08.22-17.32.09:710][335]LogEditorViewport: Clicking on Actor (LMB): StaticMeshActor (wallPlane309)
[2015.08.22-17.32.16:470][489]LogEditorViewport: Clicking on Actor (LMB): StaticMeshActor (wallPlane306)
[2015.08.22-17.32.17:081][503]LogEditorViewport: Clicking on Actor (LMB): StaticMeshActor (wallPlane306)
[2015.08.22-17.32.17:809][519]LogEditorViewport: Clicking on Actor (LMB): StaticMeshActor (wallPlane309)
[2015.08.22-17.33.13:721][827]LogD3D11RHI: InitD3DDevice
[2015.08.22-17.33.14:836][827]LogD3D11RHI: InitD3DDevice
[2015.08.22-17.33.15:129][827]Cmd: OBJ SAVEPACKAGE PACKAGE="/Game/Maps/MansionNew" FILE="../../../../../../Users/Christian/Desktop/TheForsakensJacket/Content/Maps/MansionNew.umap" SILENT=true AUTOSAVING=false KEEPDIRTY=false
[2015.08.22-17.33.34:758][827]LogSavePackage: Save=16134.634766ms
[2015.08.22-17.33.34:978][827]LogSavePackage: Moving '../../../../../../Users/Christian/Desktop/TheForsakensJacket/Saved/MansionNew524A9AB34F3A680BACDD28AF6720866B.tmp' to '../../../../../../Users/Christian/Desktop/TheForsakensJacket/Content/Maps/MansionNew.umap'
[2015.08.22-17.33.35:888][827]LogFileHelpers: Saving map 'MansionNew' took 21.007
[2015.08.22-17.34.02:253][394]LogEditorViewport: Clicking on Actor (LMB): PointLight (PointLight11)
[2015.08.22-17.34.28:464][999]LogEditorViewport: Clicking on Actor (LMB): StaticMeshActor (furnitureWing_R16)
[2015.08.22-17.34.29:843][ 27]LogEditorViewport: Clicking on Actor (LMB): StaticMeshActor (furnitureWing_L16)
[2015.08.22-17.34.31:598][ 66]LogEditorViewport: Clicking on Actor (CTRL LMB): StaticMeshActor (cupboard_short2)
[2015.08.22-17.34.33:254][101]LogEditorViewport: Clicking on Actor (CTRL LMB): StaticMeshActor (furnitureWing_R16)
[2015.08.22-17.34.34:335][124]LogEditorViewport: Clicking on Actor (CTRL LMB): StaticMeshActor (mattress_B)
[2015.08.22-17.34.35:906][159]LogEditorViewport: Clicking on Actor (CTRL LMB): StaticMeshActor (bed_C)
[2015.08.22-17.34.39:544][239]LogEditorViewport: Clicking on Actor (CTRL LMB): StaticMeshActor (mattress_B2)
[2015.08.22-17.34.41:045][272]LogEditorViewport: Clicking on Actor (CTRL LMB): StaticMeshActor (bed_C2)
[2015.08.22-17.35.25:362][384]LogEditorViewport: Clicking on Actor (LMB): StaticMeshActor (floorPlane_big91)
[2015.08.22-17.35.43:832][847]LogD3D11RHI: InitD3DDevice
[2015.08.22-17.35.49:845][995]LogEditorViewport: Clicking on Actor (LMB): StaticMeshActor (bed_C)
[2015.08.22-17.35.51:055][ 23]LogEditorViewport: Clicking on Actor (CTRL LMB): StaticMeshActor (mattress_B)
[2015.08.22-17.35.51:947][ 41]LogEditorViewport: Clicking on Actor (CTRL LMB): StaticMeshActor (cupboard_short2)
[2015.08.22-17.35.55:422][123]LogEditorViewport: Clicking on Actor (LMB): StaticMeshActor (furnitureWing_R16)
[2015.08.22-17.35.56:627][151]LogEditorViewport: Clicking on Actor (LMB): StaticMeshActor (furnitureWing_L16)
[2015.08.22-17.35.58:380][193]LogEditorViewport: Clicking on Actor (LMB): StaticMeshActor (bed_C2)
[2015.08.22-17.35.59:690][224]LogEditorViewport: Clicking on Actor (LMB): StaticMeshActor (furnitureWing_R16)
[2015.08.22-17.36.01:331][263]LogEditorViewport: Clicking on Actor (CTRL LMB): StaticMeshActor (cupboard_short2)
[2015.08.22-17.36.02:625][293]LogEditorViewport: Clicking on Actor (CTRL LMB): StaticMeshActor (mattress_B2)
[2015.08.22-17.36.04:093][328]LogEditorViewport: Clicking on Actor (CTRL LMB): StaticMeshActor (bed_C2)
[2015.08.22-17.36.04:915][347]LogEditorViewport: Clicking on Actor (CTRL LMB): StaticMeshActor (furnitureWing_L16)
[2015.08.22-17.36.06:654][389]LogEditorViewport: Clicking on Actor (CTRL LMB): StaticMeshActor (bed_C)
[2015.08.22-17.36.07:864][417]LogEditorViewport: Clicking on Actor (CTRL LMB): StaticMeshActor (mattress_B)
[2015.08.22-17.36.39:814][141]LogEditorViewport: Clicking on Actor (LMB): StaticMeshActor (wallPlane309)
[2015.08.22-17.37.30:349][229]LogEditorViewport: Clicking on Actor (LMB): StaticMeshActor (wallPlane318)
[2015.08.22-17.37.33:674][301]LogEditorViewport: Clicking on Actor (LMB): StaticMeshActor (wallPlane319)
[2015.08.22-17.37.38:704][411]LogEditorViewport: Clicking on Actor (LMB): StaticMeshActor (floorPlane_big92)
[2015.08.22-17.37.39:667][431]LogEditorViewport: Clicking on Actor (LMB): StaticMeshActor (wallPlane319)
[2015.08.22-17.38.38:752][746]LogEditorViewport: Clicking on Actor (LMB): StaticMeshActor (wallPlane317)
[2015.08.22-17.39.02:215][245]LogEditorViewport: Clicking on Actor (LMB): StaticMeshActor (wallPlane317)
[2015.08.22-17.39.02:294][245]LogEditorViewport: Clicking on Component (LMB): StaticMeshComponent (StaticMeshComponent0)
[2015.08.22-17.39.03:534][273]LogEditorViewport: Clicking on Actor (LMB): StaticMeshActor (wallPlane325)
[2015.08.22-17.39.09:115][388]LogEditorViewport: Clicking on Actor (LMB): StaticMeshActor (wallPlane326)
[2015.08.22-17.39.18:418][586]LogEditorViewport: Clicking on Actor (LMB): StaticMeshActor (wallPlane325)
[2015.08.22-17.39.21:210][646]LogEditorViewport: Clicking on Actor (LMB): StaticMeshActor (wallPlane326)
[2015.08.22-17.39.23:094][686]LogEditorViewport: Clicking on Actor (CTRL LMB): StaticMeshActor (wallPlane325)
[2015.08.22-17.39.32:587][893]LogEditorViewport: Clicking on Actor (LMB): StaticMeshActor (wallPlane324)
[2015.08.22-17.39.38:054][ 22]LogEditorViewport: Clicking on Actor (LMB): StaticMeshActor (wallPlane323)
[2015.08.22-17.39.54:500][405]LogEditorViewport: Clicking on Actor (LMB): PointLight (PointLight32)
[2015.08.22-17.39.55:335][423]Cmd: DELETE
[2015.08.22-17.39.55:335][423]Cmd: ACTOR DELETE
[2015.08.22-17.39.55:341][423]LogEditorActor: Deleted Actor: PointLight
[2015.08.22-17.39.55:478][423]LogEditorActor: Deleted 1 Actors (0.141 secs)
[2015.08.22-17.40.02:821][599]LogD3D11RHI: InitD3DDevice
[2015.08.22-17.40.16:208][898]LogEditorViewport: Clicking on Actor (LMB): StaticMeshActor (floorPlane_big92)
[2015.08.22-17.40.28:724][173]LogEditorViewport: Clicking on Actor (LMB): StaticMeshActor (floorPlane_big91)
[2015.08.22-17.40.46:457][575]LogEditorViewport: Clicking on Actor (LMB): StaticMeshActor (wallPlane312)
[2015.08.22-17.41.01:196][896]LogD3D11RHI: InitD3DDevice
[2015.08.22-17.41.01:235][896]Cmd: OBJ SAVEPACKAGE PACKAGE="/Game/Maps/MansionNew" FILE="../../../../../../Users/Christian/Desktop/TheForsakensJacket/Content/Maps/MansionNew.umap" SILENT=true AUTOSAVING=false KEEPDIRTY=false
[2015.08.22-17.41.17:479][896]LogSavePackage: Save=11077.811523ms
[2015.08.22-17.41.17:479][896]LogSavePackage: Moving '../../../../../../Users/Christian/Desktop/TheForsakensJacket/Saved/MansionNew48CD49F34DC1F675FAD56CAC6E978BE7.tmp' to '../../../../../../Users/Christian/Desktop/TheForsakensJacket/Content/Maps/MansionNew.umap'
[2015.08.22-17.41.49:570][277]LogPlayLevel: PIE:  No blueprints needed recompiling
[2015.08.22-17.41.50:003][277]PIE: New page: PIE session: MansionNew (Aug 22, 2015, 7:41:49 AM)
[2015.08.22-17.41.50:013][277]LogPlayLevel: Creating play world package: /Game/Maps/UEDPIE_0_MansionNew
[2015.08.22-17.41.52:682][277]LogPlayLevel: PIE: StaticDuplicateObject took: (2.657821s)
[2015.08.22-17.41.52:685][277]LogAIModule: Creating AISystem for world MansionNew
[2015.08.22-17.41.52:688][277]LogPlayLevel: PIE: World Init took: (0.005907s)
[2015.08.22-17.41.52:696][277]LogPlayLevel: PIE: Created PIE world by copying editor world from /Game/Maps/MansionNew.MansionNew to /Game/Maps/UEDPIE_0_MansionNew.MansionNew (2.683074s)
[2015.08.22-17.41.52:863][277]LogInit: XAudio2 using 'Speakers (Realtek High Definition Audio)' : 2 channels at 48 kHz using 32 bits per sample (channel mask 0x3)
[2015.08.22-17.41.52:919][277]LogInit: FAudioDevice initialized.
[2015.08.22-17.41.53:045][277]LogD3D11RHI: InitD3DDevice
[2015.08.22-17.41.58:961][277]LogWorld: Game class is 'MyGame_C'
[2015.08.22-17.42.00:755][277]LogWorld:Warning: *** WARNING - PATHS MAY NOT BE VALID ***
[2015.08.22-17.42.00:755][277]LogWorld: Bringing World /Game/Maps/UEDPIE_0_MansionNew.MansionNew up for play (max tick rate 60) at 2015.08.22-12.42.00
[2015.08.22-17.42.00:765][277]LogActor:Warning: GameSession /Game/Maps/UEDPIE_0_MansionNew.MansionNew:PersistentLevel.GameSession_0 has natively added scene component(s), but none of them were set as the actor's RootComponent - picking one arbitrarily
[2015.08.22-17.42.00:782][277]LogActor:Warning: GameNetworkManager /Game/Maps/UEDPIE_0_MansionNew.MansionNew:PersistentLevel.GameNetworkManager_0 has natively added scene component(s), but none of them were set as the actor's RootComponent - picking one arbitrarily
[2015.08.22-17.42.01:035][277]LogWorld: Bringing up level for play took: 0.606525
[2015.08.22-17.42.01:800][277]PIE: Info Play in editor start time for /Game/Maps/UEDPIE_0_MansionNew 12.674
[2015.08.22-17.42.02:465][277]LogRenderer: Reallocating scene render targets to support 1296x728 (Frame:14035).
[2015.08.22-17.42.08:914][292]LogArray:Warning: Attempted to get an item from array CallFunc_GetDataTableRowNames_OutRowNames out of bounds [5/4]!
[2015.08.22-17.42.08:914][292]LogArray:Warning: Attempted to get an item from array CallFunc_GetDataTableRowNames_OutRowNames out of bounds [6/4]!
[2015.08.22-17.42.37:000][508]LogArray:Warning: Attempted to get an item from array CallFunc_GetDataTableRowNames_OutRowNames out of bounds [5/4]!
[2015.08.22-17.42.37:000][508]LogArray:Warning: Attempted to get an item from array CallFunc_GetDataTableRowNames_OutRowNames out of bounds [6/4]!
[2015.08.22-17.42.38:461][520]LogArray:Warning: Attempted to get an item from array CallFunc_GetDataTableRowNames_OutRowNames out of bounds [5/4]!
[2015.08.22-17.42.38:461][520]LogArray:Warning: Attempted to get an item from array CallFunc_GetDataTableRowNames_OutRowNames out of bounds [6/4]!
[2015.08.22-17.42.39:513][529]LogArray:Warning: Attempted to get an item from array CallFunc_GetDataTableRowNames_OutRowNames out of bounds [5/4]!
[2015.08.22-17.42.39:513][529]LogArray:Warning: Attempted to get an item from array CallFunc_GetDataTableRowNames_OutRowNames out of bounds [6/4]!
[2015.08.22-17.43.56:770][367]LogParticles: Destroying 0 GPU particle simulations for FXSystem 0x000000613CD8C900
[2015.08.22-17.44.04:610][516]LogEditorViewport: Clicking on Actor (LMB): StaticMeshActor (doors_jamb6)
[2015.08.22-17.44.15:768][723]LogEditorViewport: Clicking on Actor (LMB): StaticMeshActor (doors_jamb)
[2015.08.22-17.44.24:215][883]LogD3D11RHI: InitD3DDevice
[2015.08.22-17.44.24:248][883]Cmd: OBJ SAVEPACKAGE PACKAGE="/Game/Maps/MansionNew" FILE="../../../../../../Users/Christian/Desktop/TheForsakensJacket/Content/Maps/MansionNew.umap" SILENT=true AUTOSAVING=false KEEPDIRTY=false
[2015.08.22-17.44.35:343][883]LogSavePackage: Save=10926.055664ms
[2015.08.22-17.44.35:343][883]LogSavePackage: Moving '../../../../../../Users/Christian/Desktop/TheForsakensJacket/Saved/MansionNewE0C0B2094926FA67393E228E25F64264.tmp' to '../../../../../../Users/Christian/Desktop/TheForsakensJacket/Content/Maps/MansionNew.umap'
[2015.08.22-17.44.39:033][907]LogPlayLevel: PIE:  No blueprints needed recompiling
[2015.08.22-17.44.39:033][907]PIE: New page: PIE session: MansionNew (Aug 22, 2015, 7:44:39 AM)
[2015.08.22-17.44.39:034][907]LogPlayLevel: Creating play world package: /Game/Maps/UEDPIE_0_MansionNew
[2015.08.22-17.44.44:544][907]LogPlayLevel: PIE: StaticDuplicateObject took: (5.509616s)
[2015.08.22-17.44.44:546][907]LogAIModule: Creating AISystem for world MansionNew
[2015.08.22-17.44.44:549][907]LogPlayLevel: PIE: World Init took: (0.005644s)
[2015.08.22-17.44.44:551][907]LogPlayLevel: PIE: Created PIE world by copying editor world from /Game/Maps/MansionNew.MansionNew to /Game/Maps/UEDPIE_0_MansionNew.MansionNew (5.516787s)
[2015.08.22-17.44.44:654][907]LogInit: XAudio2 using 'Speakers (Realtek High Definition Audio)' : 2 channels at 48 kHz using 32 bits per sample (channel mask 0x3)
[2015.08.22-17.44.44:664][907]LogInit: FAudioDevice initialized.
[2015.08.22-17.44.44:667][907]LogD3D11RHI: InitD3DDevice
[2015.08.22-17.44.44:728][907]LogWorld: Game class is 'MyGame_C'
[2015.08.22-17.44.45:043][907]LogWorld:Warning: *** WARNING - PATHS MAY NOT BE VALID ***
[2015.08.22-17.44.45:043][907]LogWorld: Bringing World /Game/Maps/UEDPIE_0_MansionNew.MansionNew up for play (max tick rate 60) at 2015.08.22-12.44.45
[2015.08.22-17.44.45:043][907]LogActor:Warning: GameSession /Game/Maps/UEDPIE_0_MansionNew.MansionNew:PersistentLevel.GameSession_1 has natively added scene component(s), but none of them were set as the actor's RootComponent - picking one arbitrarily
[2015.08.22-17.44.45:044][907]LogActor:Warning: GameNetworkManager /Game/Maps/UEDPIE_0_MansionNew.MansionNew:PersistentLevel.GameNetworkManager_1 has natively added scene component(s), but none of them were set as the actor's RootComponent - picking one arbitrarily
[2015.08.22-17.44.45:054][907]LogWorld: Bringing up level for play took: 0.324950
[2015.08.22-17.44.45:164][907]PIE: Info Play in editor start time for /Game/Maps/UEDPIE_0_MansionNew 6.052
[2015.08.22-17.44.47:973][929]LogArray:Warning: Attempted to get an item from array CallFunc_GetDataTableRowNames_OutRowNames out of bounds [5/4]!
[2015.08.22-17.44.47:973][929]LogArray:Warning: Attempted to get an item from array CallFunc_GetDataTableRowNames_OutRowNames out of bounds [6/4]!
[2015.08.22-17.45.01:259][ 30]LogArray:Warning: Attempted to get an item from array CallFunc_GetDataTableRowNames_OutRowNames out of bounds [5/4]!
[2015.08.22-17.45.01:259][ 30]LogArray:Warning: Attempted to get an item from array CallFunc_GetDataTableRowNames_OutRowNames out of bounds [6/4]!
[2015.08.22-17.45.02:368][ 39]LogArray:Warning: Attempted to get an item from array CallFunc_GetDataTableRowNames_OutRowNames out of bounds [5/4]!
[2015.08.22-17.45.02:368][ 39]LogArray:Warning: Attempted to get an item from array CallFunc_GetDataTableRowNames_OutRowNames out of bounds [6/4]!
[2015.08.22-17.45.03:181][ 46]LogArray:Warning: Attempted to get an item from array CallFunc_GetDataTableRowNames_OutRowNames out of bounds [5/4]!
[2015.08.22-17.45.03:181][ 46]LogArray:Warning: Attempted to get an item from array CallFunc_GetDataTableRowNames_OutRowNames out of bounds [6/4]!
[2015.08.22-17.45.20:923][212]LogArray:Warning: Attempted to get an item from array CallFunc_GetDataTableRowNames_OutRowNames out of bounds [5/4]!
[2015.08.22-17.45.20:923][212]LogArray:Warning: Attempted to get an item from array CallFunc_GetDataTableRowNames_OutRowNames out of bounds [6/4]!
[2015.08.22-17.45.24:229][241]LogArray:Warning: Attempted to get an item from array CallFunc_GetDataTableRowNames_OutRowNames out of bounds [5/4]!
[2015.08.22-17.45.24:229][241]LogArray:Warning: Attempted to get an item from array CallFunc_GetDataTableRowNames_OutRowNames out of bounds [6/4]!
[2015.08.22-17.46.46:334][112]LogParticles: Destroying 0 GPU particle simulations for FXSystem 0x0000006150B9ECA0
[2015.08.22-17.46.57:088][323]LogEditorViewport: Clicking on Actor (LMB): StaticMeshActor (floorPlane_big83)
[2015.08.22-17.46.59:392][362]LogEditorViewport: Clicking on Actor (CTRL LMB): StaticMeshActor (floorPlane_big91)
[2015.08.22-17.47.00:171][375]LogEditorViewport: Clicking on Actor (CTRL LMB): StaticMeshActor (wallPlane311)
[2015.08.22-17.47.01:010][389]LogEditorViewport: Clicking on Actor (CTRL LMB): StaticMeshActor (wallPlane54)
[2015.08.22-17.47.01:308][392]LogEditorViewport: Clicking on Actor (CTRL LMB): StaticMeshActor (wallPlane54)
[2015.08.22-17.47.02:187][407]LogEditorViewport: Clicking on Actor (CTRL LMB): StaticMeshActor (wallPlane301)
[2015.08.22-17.47.03:584][431]LogEditorViewport: Clicking on Actor (CTRL LMB): StaticMeshActor (wallPlane310)
[2015.08.22-17.47.04:903][454]LogEditorViewport: Clicking on Actor (CTRL LMB): StaticMeshActor (wallPlane312)
[2015.08.22-17.47.06:505][482]LogEditorViewport: Clicking on Actor (CTRL LMB): StaticMeshActor (wallPlane_doors)
[2015.08.22-17.47.10:912][557]LogEditorViewport: Clicking on Actor (context menu): StaticMeshActor (wallPlane301)
[2015.08.22-17.47.10:936][557]LogD3D11RHI: InitD3DDevice
[2015.08.22-17.47.12:344][626]LogEditorViewport: Clicking on Actor (LMB): StaticMeshActor (floorPlane_small72)
[2015.08.22-17.47.13:264][641]LogEditorViewport: Clicking on Actor (LMB): StaticMeshActor (floorPlane_small269)
[2015.08.22-17.47.13:953][653]Cmd: TRANSACTION UNDO
[2015.08.22-17.47.13:953][653]LogEditorTransaction: Undo Clicking on Actors
[2015.08.22-17.47.14:002][653]LogD3D11RHI: InitD3DDevice
[2015.08.22-17.47.14:537][671]Cmd: TRANSACTION UNDO
[2015.08.22-17.47.14:537][671]LogEditorTransaction: Undo Clicking on Actors
[2015.08.22-17.47.15:498][702]LogEditorViewport: Clicking on Actor (CTRL LMB): StaticMeshActor (floorPlane_small72)
[2015.08.22-17.47.16:372][717]LogEditorViewport: Clicking on Actor (CTRL LMB): StaticMeshActor (floorPlane_small269)
[2015.08.22-17.47.17:370][734]LogEditorViewport: Clicking on Actor (LMB): StaticMeshActor (floorPlane_small271)
[2015.08.22-17.47.18:785][758]Cmd: TRANSACTION UNDO
[2015.08.22-17.47.18:785][758]LogEditorTransaction: Undo Clicking on Actors
[2015.08.22-17.47.18:840][758]LogD3D11RHI: InitD3DDevice
[2015.08.22-17.47.19:895][805]LogEditorViewport: Clicking on Actor (CTRL LMB): StaticMeshActor (floorPlane_small270)
[2015.08.22-17.47.25:805][908]LogEditorViewport: Clicking on Actor (CTRL LMB): StaticMeshActor (doors_jamb)
[2015.08.22-17.47.57:726][479]LogEditorViewport: Clicking on Actor (LMB): StaticMeshActor (floorPlane_big83)
[2015.08.22-17.47.59:166][503]LogEditorViewport: Clicking on Actor (LMB): StaticMeshActor (doors_jamb6)
[2015.08.22-17.48.04:102][587]LogEditorViewport: Clicking on Actor (LMB): StaticMeshActor (wallPlane309)
[2015.08.22-17.48.11:556][715]LogEditorViewport: Clicking on Actor (LMB): StaticMeshActor (wallPlane316)
[2015.08.22-17.48.21:185][888]LogEditorViewport: Clicking on Actor (LMB): StaticMeshActor (floorPlane_small271)
[2015.08.22-17.48.22:327][907]LogEditorViewport: Clicking on Actor (CTRL LMB): StaticMeshActor (floorPlane_small272)
[2015.08.22-17.48.24:019][937]LogEditorViewport: Clicking on Actor (CTRL LMB): StaticMeshActor (floorPlane_small273)
[2015.08.22-17.48.37:645][183]LogEditorViewport: Clicking on Actor (LMB): StaticMeshActor (wallPlane325)
[2015.08.22-17.48.38:626][199]LogEditorViewport: Clicking on Actor (CTRL LMB): StaticMeshActor (wallPlane326)
[2015.08.22-17.48.41:487][248]LogEditorViewport: Clicking on Actor (LMB): StaticMeshActor (wallPlane328)
[2015.08.22-17.48.51:067][415]LogEditorViewport: Clicking on Actor (LMB): StaticMeshActor (wallPlane325)
[2015.08.22-17.48.52:103][432]LogEditorViewport: Clicking on Actor (CTRL LMB): StaticMeshActor (wallPlane326)
[2015.08.22-17.49.02:419][608]LogEditorViewport: Clicking on Actor (LMB): StaticMeshActor (wallPlane317)
[2015.08.22-17.49.03:378][623]LogEditorViewport: Clicking on Actor (LMB): StaticMeshActor (wallPlane318)
[2015.08.22-17.49.04:523][641]LogEditorViewport: Clicking on Actor (LMB): StaticMeshActor (wallPlane317)
[2015.08.22-17.49.06:654][677]LogEditorViewport: Clicking on Actor (CTRL LMB): StaticMeshActor (wallPlane319)
[2015.08.22-17.49.07:365][687]LogEditorViewport: Clicking on Actor (CTRL LMB): StaticMeshActor (wallPlane318)
[2015.08.22-17.49.27:481][ 54]LogEditorViewport: Clicking on Actor (LMB): StaticMeshActor (wallPlane330)
[2015.08.22-17.49.33:026][156]LogEditorViewport: Clicking on Actor (LMB): StaticMeshActor (wallPlane324)
[2015.08.22-17.49.36:793][226]LogEditorViewport: Clicking on Actor (CTRL LMB): StaticMeshActor (wallPlane323)
[2015.08.22-17.49.38:838][263]LogEditorViewport: Clicking on Actor (CTRL LMB): StaticMeshActor (wallPlane324)
[2015.08.22-17.49.39:776][280]LogEditorViewport: Clicking on Actor (CTRL LMB): StaticMeshActor (wallPlane329)
[2015.08.22-17.49.54:253][548]LogEditorViewport: Clicking on Actor (LMB): StaticMeshActor (wallPlane309)
[2015.08.22-17.50.00:522][657]LogEditorViewport: Clicking on Actor (LMB): StaticMeshActor (wallPlane316)
[2015.08.22-17.50.05:187][735]LogEditorViewport: Clicking on Actor (LMB): StaticMeshActor (wallPlane309)
[2015.08.22-17.50.35:192][235]LogD3D11RHI: InitD3DDevice
[2015.08.22-17.50.35:328][239]LogActorFactory: Actor Factory created transition_wide_wood
[2015.08.22-17.50.36:424][259]LogActorFactory: Actor Factory created transition_wide_wood
[2015.08.22-17.51.52:446][623]LogD3D11RHI: InitD3DDevice
[2015.08.22-17.51.52:481][623]Cmd: OBJ SAVEPACKAGE PACKAGE="/Game/Maps/MansionNew" FILE="../../../../../../Users/Christian/Desktop/TheForsakensJacket/Content/Maps/MansionNew.umap" SILENT=true AUTOSAVING=false KEEPDIRTY=false
[2015.08.22-17.52.11:798][623]LogSavePackage: Save=10034.156250ms
[2015.08.22-17.52.11:798][623]LogSavePackage: Moving '../../../../../../Users/Christian/Desktop/TheForsakensJacket/Saved/MansionNewC0AA72F0475E5E085C7E1DA448CCC5E3.tmp' to '../../../../../../Users/Christian/Desktop/TheForsakensJacket/Content/Maps/MansionNew.umap'
[2015.08.22-17.52.47:296][312]LogEditorViewport: Clicking on Actor (LMB): StaticMeshActor (wallPlane310)
[2015.08.22-17.53.06:172][654]LogEditorViewport: Clicking on Actor (LMB): StaticMeshActor (doors_jamb6)
[2015.08.22-17.53.12:262][761]Cmd: TRANSACTION UNDO
[2015.08.22-17.53.12:262][761]LogEditorTransaction: Undo Move Actors
[2015.08.22-17.53.12:321][761]LogD3D11RHI: InitD3DDevice
[2015.08.22-17.53.13:703][808]LogEditorViewport: Clicking on Actor (LMB): StaticMeshActor (wallPlane313)
[2015.08.22-17.53.18:601][891]LogEditorViewport: Clicking on Actor (LMB): StaticMeshActor (wallPlane314)
[2015.08.22-17.53.30:974][ 93]LogEditorViewport: Clicking on Actor (LMB): StaticMeshActor (wallPlane313)
[2015.08.22-17.53.54:520][419]LogEditorViewport: Clicking on Actor (LMB): PointLight (PointLight18)
[2015.08.22-17.53.56:604][438]Cmd: DELETE
[2015.08.22-17.53.56:604][438]Cmd: ACTOR DELETE
[2015.08.22-17.53.56:612][438]LogEditorActor: Deleted Actor: PointLight
[2015.08.22-17.53.56:754][438]LogEditorActor: Deleted 1 Actors (0.150 secs)
[2015.08.22-17.54.04:285][562]LogD3D11RHI: InitD3DDevice
[2015.08.22-17.54.40:473][300]LogD3D11RHI: InitD3DDevice
[2015.08.22-17.54.41:694][300]LogD3D11RHI: InitD3DDevice
[2015.08.22-17.54.42:193][300]Cmd: OBJ SAVEPACKAGE PACKAGE="/Game/Maps/MansionNew" FILE="../../../../../../Users/Christian/Desktop/TheForsakensJacket/Content/Maps/MansionNew.umap" SILENT=true AUTOSAVING=false KEEPDIRTY=false
[2015.08.22-17.54.53:265][300]LogSavePackage: Save=10977.708984ms
[2015.08.22-17.54.53:267][300]LogSavePackage: Moving '../../../../../../Users/Christian/Desktop/TheForsakensJacket/Saved/MansionNew26846EA646BF954D3B77388EE116EA84.tmp' to '../../../../../../Users/Christian/Desktop/TheForsakensJacket/Content/Maps/MansionNew.umap'
[2015.08.22-17.54.53:599][300]LogFileHelpers: Saving map 'MansionNew' took 11.880
[2015.08.22-17.55.01:921][355]LogWindowsTextInputMethodSystem:Display: IME system now deactivated.
[2015.08.22-17.55.09:740][356]Cmd: QUIT_EDITOR
[2015.08.22-17.55.12:280][356]LogExit: Preparing to exit.
[2015.08.22-17.55.15:290][356]LogExit: Editor shut down
[2015.08.22-17.55.15:291][356]LogExit: Transaction tracking system shut down
[2015.08.22-17.55.15:292][356]LogParticles: Destroying 0 GPU particle simulations for FXSystem 0x000000613CE47BA0
[2015.08.22-17.55.15:292][356]LogParticles: Destroying 0 GPU particle simulations for FXSystem 0x000000612CBB2F20
[2015.08.22-17.55.15:292][356]LogParticles: Destroying 0 GPU particle simulations for FXSystem 0x000000615201E340
[2015.08.22-17.55.15:298][356]LogParticles: Destroying 0 GPU particle simulations for FXSystem 0x0000006141284A40
[2015.08.22-17.55.15:298][356]LogParticles: Destroying 0 GPU particle simulations for FXSystem 0x0000006151E7D300
[2015.08.22-17.55.19:149][356]LogParticles: Destroying 0 GPU particle simulations for FXSystem 0x0000006151FCA660
[2015.08.22-17.55.19:149][356]LogExit: Object subsystem successfully closed.
[2015.08.22-17.55.20:283][356]LogD3D11RHI: Shutdown
[2015.08.22-17.55.20:283][356]LogD3D11RHI: CleanupD3DDevice
[2015.08.22-17.55.21:183][356]LogD3D11RHI: ~FD3D11DynamicRHI
[2015.08.22-17.55.23:347][356]LogModuleManager: Shutting down and abandoning module CrashTracker (188)
[2015.08.22-17.55.23:347][356]LogModuleManager: Shutting down and abandoning module SceneOutliner (187)
[2015.08.22-17.55.23:347][356]LogModuleManager: Shutting down and abandoning module SuperSearch (186)
[2015.08.22-17.55.23:347][356]LogModuleManager: Shutting down and abandoning module WidgetCarousel (185)
[2015.08.22-17.55.23:433][356]LogModuleManager: Shutting down and abandoning module AddContentDialog (184)
[2015.08.22-17.55.23:452][356]LogModuleManager: Shutting down and abandoning module EditorWidgets (183)
[2015.08.22-17.55.23:452][356]LogModuleManager: Shutting down and abandoning module CollectionManager (182)
[2015.08.22-17.55.23:513][356]LogModuleManager: Shutting down and abandoning module StatsViewer (181)
[2015.08.22-17.55.23:537][356]LogModuleManager: Shutting down and abandoning module FoliageEdit (180)
[2015.08.22-17.55.23:547][356]LogModuleManager: Shutting down and abandoning module LandscapeEditor (179)
[2015.08.22-17.55.23:567][356]LogModuleManager: Shutting down and abandoning module ActorPickerMode (178)
[2015.08.22-17.55.23:568][356]LogModuleManager: Shutting down and abandoning module GeometryMode (177)
[2015.08.22-17.55.23:568][356]LogModuleManager: Shutting down and abandoning module TextureAlignMode (176)
[2015.08.22-17.55.23:568][356]LogModuleManager: Shutting down and abandoning module BspMode (175)
[2015.08.22-17.55.23:568][356]LogModuleManager: Shutting down and abandoning module PlacementMode (174)
[2015.08.22-17.55.23:575][356]LogModuleManager: Shutting down and abandoning module AutomationWorker (173)
[2015.08.22-17.55.23:575][356]LogModuleManager: Shutting down and abandoning module CharacterAI (172)
[2015.08.22-17.55.23:575][356]LogModuleManager: Shutting down and abandoning module SmartSnapping (171)
[2015.08.22-17.55.23:575][356]LogModuleManager: Shutting down and abandoning module ViewportSnapping (170)
[2015.08.22-17.55.23:575][356]LogModuleManager: Shutting down and abandoning module LogVisualizer (169)
[2015.08.22-17.55.23:615][356]LogModuleManager: Shutting down and abandoning module GameProjectGeneration (168)
[2015.08.22-17.55.23:656][356]LogModuleManager: Shutting down and abandoning module IntroTutorials (167)
[2015.08.22-17.55.23:689][356]LogModuleManager: Shutting down and abandoning module EditorLiveStreaming (166)
[2015.08.22-17.55.23:689][356]LogModuleManager: Shutting down and abandoning module IOSPlatformEditor (165)
[2015.08.22-17.55.23:709][356]LogModuleManager: Shutting down and abandoning module HTML5PlatformEditor (164)
[2015.08.22-17.55.23:709][356]LogModuleManager: Shutting down and abandoning module AndroidDeviceDetection (163)
[2015.08.22-17.55.24:117][356]LogModuleManager: Shutting down and abandoning module AndroidPlatformEditor (162)
[2015.08.22-17.55.24:117][356]LogModuleManager: Shutting down and abandoning module IOSRuntimeSettings (161)
[2015.08.22-17.55.24:117][356]LogModuleManager: Shutting down and abandoning module AndroidRuntimeSettings (160)
[2015.08.22-17.55.24:117][356]LogModuleManager: Shutting down and abandoning module MergeActors (159)
[2015.08.22-17.55.24:167][356]LogModuleManager: Shutting down and abandoning module SizeMap (158)
[2015.08.22-17.55.24:167][356]LogModuleManager: Shutting down and abandoning module TreeMap (157)
[2015.08.22-17.55.24:187][356]LogModuleManager: Shutting down and abandoning module ReferenceViewer (156)
[2015.08.22-17.55.24:187][356]LogModuleManager: Shutting down and abandoning module LocalizationDashboard (155)
[2015.08.22-17.55.24:202][356]LogModuleManager: Shutting down and abandoning module HardwareTargeting (154)
[2015.08.22-17.55.24:202][356]LogModuleManager: Shutting down and abandoning module DeviceProfileEditor (153)
[2015.08.22-17.55.24:220][356]LogModuleManager: Shutting down and abandoning module UndoHistory (152)
[2015.08.22-17.55.24:264][356]LogModuleManager: Shutting down and abandoning module GameplayTagsEditor (151)
[2015.08.22-17.55.24:296][356]LogModuleManager: Shutting down and abandoning module UserFeedback (150)
[2015.08.22-17.55.24:296][356]LogModuleManager: Shutting down and abandoning module XmlParser (149)
[2015.08.22-17.55.24:332][356]LogModuleManager: Shutting down and abandoning module Blutility (148)
[2015.08.22-17.55.24:332][356]LogModuleManager: Shutting down and abandoning module ProjectTargetPlatformEditor (147)
[2015.08.22-17.55.24:332][356]LogModuleManager: Shutting down and abandoning module ProjectSettingsViewer (146)
[2015.08.22-17.55.24:332][356]LogModuleManager: Shutting down and abandoning module InputBindingEditor (145)
[2015.08.22-17.55.24:383][356]LogModuleManager: Shutting down and abandoning module EditorSettingsViewer (144)
[2015.08.22-17.55.24:383][356]LogModuleManager: Shutting down and abandoning module SettingsEditor (143)
[2015.08.22-17.55.24:409][356]LogModuleManager: Shutting down and abandoning module ProjectLauncher (142)
[2015.08.22-17.55.24:450][356]LogModuleManager: Shutting down and abandoning module SessionFrontend (141)
[2015.08.22-17.55.24:481][356]LogModuleManager: Shutting down and abandoning module ProfilerClient (140)
[2015.08.22-17.55.24:496][356]LogModuleManager: Shutting down and abandoning module TargetDeviceServices (139)
[2015.08.22-17.55.24:496][356]LogModuleManager: Shutting down and abandoning module DeviceManager (138)
[2015.08.22-17.55.24:651][356]LogModuleManager: Shutting down and abandoning module AutomationController (137)
[2015.08.22-17.55.24:683][356]LogModuleManager: Shutting down and abandoning module AutomationWindow (136)
[2015.08.22-17.55.24:699][356]LogModuleManager: Shutting down and abandoning module Layers (135)
[2015.08.22-17.55.24:789][356]LogModuleManager: Shutting down and abandoning module ComponentVisualizers (134)
[2015.08.22-17.55.24:789][356]LogModuleManager: Shutting down and abandoning module DetailCustomizations (133)
[2015.08.22-17.55.24:789][356]LogModuleManager: Shutting down and abandoning module PackagesDialog (132)
[2015.08.22-17.55.24:789][356]LogModuleManager: Shutting down and abandoning module AssetRegistry (131)
[2015.08.22-17.55.25:516][356]LogModuleManager: Shutting down and abandoning module Persona (130)
[2015.08.22-17.55.25:661][356]LogModuleManager: Shutting down and abandoning module Kismet (129)
[2015.08.22-17.55.25:682][356]LogModuleManager: Shutting down and abandoning module GraphEditor (128)
[2015.08.22-17.55.25:728][356]LogModuleManager: Shutting down and abandoning module ClassViewer (127)
[2015.08.22-17.55.25:740][356]LogModuleManager: Shutting down and abandoning module Toolbox (126)
[2015.08.22-17.55.25:740][356]LogModuleManager: Shutting down and abandoning module ModuleUI (125)
[2015.08.22-17.55.25:752][356]LogModuleManager: Shutting down and abandoning module MovieSceneTools (124)
[2015.08.22-17.55.25:812][356]LogModuleManager: Shutting down and abandoning module OutputLog (123)
[2015.08.22-17.55.25:812][356]LogModuleManager: Shutting down and abandoning module GammaUI (122)
[2015.08.22-17.55.25:828][356]LogModuleManager: Shutting down and abandoning module Documentation (121)
[2015.08.22-17.55.25:828][356]LogModuleManager: Shutting down and abandoning module GameLiveStreaming (120)
[2015.08.22-17.55.25:854][356]LogModuleManager: Shutting down and abandoning module StreamingPauseRendering (119)
[2015.08.22-17.55.25:854][356]LogModuleManager: Shutting down and abandoning module AnalyticsET (118)
[2015.08.22-17.55.25:854][356]LogModuleManager: Shutting down and abandoning module Analytics (117)
[2015.08.22-17.55.25:854][356]LogModuleManager: Shutting down and abandoning module AITestSuite (116)
[2015.08.22-17.55.25:885][356]LogModuleManager: Shutting down and abandoning module GameplayDebugger (115)
[2015.08.22-17.55.25:885][356]LogModuleManager: Shutting down and abandoning module AIModule (114)
[2015.08.22-17.55.25:885][356]LogModuleManager: Shutting down and abandoning module ProfilerService (113)
[2015.08.22-17.55.26:103][356]LogModuleManager: Shutting down and abandoning module TaskGraph (112)
[2015.08.22-17.55.26:140][356]LogModuleManager: Shutting down and abandoning module SlateRemote (111)
[2015.08.22-17.55.26:140][356]LogModuleManager: Shutting down and abandoning module SteamVRController (110)
[2015.08.22-17.55.26:140][356]LogModuleManager: Shutting down and abandoning module SteamVR (109)
[2015.08.22-17.55.26:140][356]LogModuleManager: Shutting down and abandoning module ProceduralMeshComponent (108)
[2015.08.22-17.55.26:140][356]LogModuleManager: Shutting down and abandoning module OculusRift (107)
[2015.08.22-17.55.26:140][356]LogModuleManager: Shutting down and abandoning module LeapMotionController (106)
[2015.08.22-17.55.26:280][356]LogModuleManager: Shutting down and abandoning module CustomMeshComponent (105)
[2015.08.22-17.55.26:280][356]LogModuleManager: Shutting down and abandoning module CableComponent (104)
[2015.08.22-17.55.26:308][356]LogModuleManager: Shutting down and abandoning module MessagingDebugger (103)
[2015.08.22-17.55.26:476][356]LogModuleManager: Shutting down and abandoning module MediaPlayerEditor (102)
[2015.08.22-17.55.26:727][356]LogModuleManager: Shutting down and abandoning module SpeedTreeImporter (101)
[2015.08.22-17.55.26:727][356]LogModuleManager: Shutting down and abandoning module PluginBrowser (100)
[2015.08.22-17.55.26:874][356]LogModuleManager: Shutting down and abandoning module EpicSurvey (99)
[2015.08.22-17.55.27:120][356]LogModuleManager: Shutting down and abandoning module DesktopPlatform (98)
[2015.08.22-17.55.27:225][356]LogModuleManager: Shutting down and abandoning module VisualStudioSourceCodeAccess (97)
[2015.08.22-17.55.27:244][356]LogModuleManager: Shutting down and abandoning module UObjectPlugin (96)
[2015.08.22-17.55.27:244][356]LogModuleManager: Shutting down and abandoning module SubversionSourceControl (95)
[2015.08.22-17.55.27:282][356]LogModuleManager: Shutting down and abandoning module PerforceSourceControl (94)
[2015.08.22-17.55.27:416][356]LogModuleManager: Shutting down and abandoning module SourceControl (93)
[2015.08.22-17.55.27:476][356]LogModuleManager: Shutting down and abandoning module GitSourceControl (92)
[2015.08.22-17.55.27:529][356]LogModuleManager: Shutting down and abandoning module BlankPlugin (91)
[2015.08.22-17.55.27:529][356]LogModuleManager: Shutting down and abandoning module PaperTiledImporter (90)
[2015.08.22-17.55.27:529][356]LogModuleManager: Shutting down and abandoning module PaperSpriteSheetImporter (89)
[2015.08.22-17.55.27:529][356]LogModuleManager: Shutting down and abandoning module MeshPaint (88)
[2015.08.22-17.55.27:554][356]LogModuleManager: Shutting down and abandoning module SlateReflector (87)
[2015.08.22-17.55.27:781][356]LogModuleManager: Shutting down and abandoning module DirectoryWatcher (86)
[2015.08.22-17.55.27:781][356]LogModuleManager: Shutting down and abandoning module HotReload (85)
[2015.08.22-17.55.27:782][356]LogModuleManager: Shutting down and abandoning module MainFrame (84)
[2015.08.22-17.55.27:782][356]LogModuleManager: Shutting down and abandoning module LevelEditor (83)
[2015.08.22-17.55.27:907][356]LogModuleManager: Shutting down and abandoning module ContentBrowser (82)
[2015.08.22-17.55.27:908][356]LogModuleManager: Shutting down and abandoning module Paper2DEditor (81)
[2015.08.22-17.55.28:369][356]LogModuleManager: Shutting down and abandoning module UdpMessaging (80)
[2015.08.22-17.55.28:470][356]LogModuleManager: Shutting down and abandoning module Paper2D (79)
[2015.08.22-17.55.28:608][356]LogModuleManager: Shutting down and abandoning module WindowsMoviePlayer (78)
[2015.08.22-17.55.28:750][356]LogModuleManager: Shutting down and abandoning module Media (77)
[2015.08.22-17.55.28:750][356]LogModuleManager: Shutting down and abandoning module WmfMedia (76)
[2015.08.22-17.55.28:819][356]LogModuleManager: Shutting down and abandoning module OnlineBlueprintSupport (75)
[2015.08.22-17.55.28:819][356]LogModuleManager: Shutting down and abandoning module PropertyEditor (74)
[2015.08.22-17.55.28:819][356]LogModuleManager: Shutting down and abandoning module BehaviorTreeEditor (73)
[2015.08.22-17.55.28:881][356]LogModuleManager: Shutting down and abandoning module FunctionalTesting (72)
[2015.08.22-17.55.28:917][356]LogModuleManager: Shutting down and abandoning module CollisionAnalyzer (71)
[2015.08.22-17.55.28:941][356]LogModuleManager: Shutting down and abandoning module WorkspaceMenuStructure (70)
[2015.08.22-17.55.28:941][356]LogModuleManager: Shutting down and abandoning module MessageLog (69)
[2015.08.22-17.55.28:941][356]LogModuleManager: Shutting down and abandoning module Sequencer (68)
[2015.08.22-17.55.29:058][356]LogModuleManager: Shutting down and abandoning module AssetTools (67)
[2015.08.22-17.55.29:136][356]LogModuleManager: Shutting down and abandoning module UMGEditor (66)
[2015.08.22-17.55.29:233][356]LogModuleManager: Shutting down and abandoning module UMG (65)
[2015.08.22-17.55.29:233][356]LogModuleManager: Shutting down and abandoning module Slate (64)
[2015.08.22-17.55.29:233][356]LogModuleManager: Shutting down and abandoning module EditorStyle (63)
[2015.08.22-17.55.29:814][356]LogModuleManager: Shutting down and abandoning module SessionServices (62)
[2015.08.22-17.55.29:814][356]LogModuleManager: Shutting down and abandoning module SourceCodeAccess (61)
[2015.08.22-17.55.29:814][356]LogModuleManager: Shutting down and abandoning module HeadMountedDisplay (60)
[2015.08.22-17.55.29:814][356]LogModuleManager: Shutting down and abandoning module XAudio2 (59)
[2015.08.22-17.55.29:814][356]LogModuleManager: Shutting down and abandoning module Networking (57)
[2015.08.22-17.55.29:814][356]LogModuleManager: Shutting down and abandoning module Core (56)
[2015.08.22-17.55.29:814][356]LogModuleManager: Shutting down and abandoning module KismetCompiler (55)
[2015.08.22-17.55.29:814][356]LogModuleManager: Shutting down and abandoning module PhysXFormats (54)
[2015.08.22-17.55.29:831][356]LogModuleManager: Shutting down and abandoning module MeshUtilities (53)
[2015.08.22-17.55.29:989][356]LogModuleManager: Shutting down and abandoning module DerivedDataCache (52)
[2015.08.22-17.55.30:078][356]LogDerivedDataCache: Shutdown
[2015.08.22-17.55.30:078][356]LogModuleManager: Shutting down and abandoning module ShaderFormatOpenGL (51)
[2015.08.22-17.55.30:113][356]LogModuleManager: Shutting down and abandoning module ShaderFormatD3D (50)
[2015.08.22-17.55.30:143][356]LogModuleManager: Shutting down and abandoning module MetalShaderFormat (49)
[2015.08.22-17.55.30:323][356]LogModuleManager: Shutting down and abandoning module TextureFormatUncompressed (48)
[2015.08.22-17.55.30:323][356]LogModuleManager: Shutting down and abandoning module TextureFormatPVR (47)
[2015.08.22-17.55.30:354][356]LogModuleManager: Shutting down and abandoning module TextureFormatIntelISPCTexComp (46)
[2015.08.22-17.55.30:433][356]LogModuleManager: Shutting down and abandoning module TextureFormatDXT (45)
[2015.08.22-17.55.30:515][356]LogModuleManager: Shutting down and abandoning module ImageWrapper (44)
[2015.08.22-17.55.30:515][356]LogModuleManager: Shutting down and abandoning module TextureFormatASTC (43)
[2015.08.22-17.55.30:515][356]LogModuleManager: Shutting down and abandoning module TextureFormatAndroid (42)
[2015.08.22-17.55.30:515][356]LogModuleManager: Shutting down and abandoning module AudioFormatOpus (41)
[2015.08.22-17.55.30:599][356]LogModuleManager: Shutting down and abandoning module AudioFormatOgg (40)
[2015.08.22-17.55.30:646][356]LogModuleManager: Shutting down and abandoning module AudioFormatADPCM (39)
[2015.08.22-17.55.30:646][356]LogModuleManager: Shutting down and abandoning module LinuxTargetPlatform (38)
[2015.08.22-17.55.30:646][356]LogModuleManager: Shutting down and abandoning module LinuxServerTargetPlatform (37)
[2015.08.22-17.55.30:690][356]LogModuleManager: Shutting down and abandoning module LinuxNoEditorTargetPlatform (36)
[2015.08.22-17.55.30:692][356]LogModuleManager: Shutting down and abandoning module Messaging (35)
[2015.08.22-17.55.30:692][356]LogModuleManager: Shutting down and abandoning module IOSTargetPlatform (34)
[2015.08.22-17.55.30:710][356]LogModuleManager: Shutting down and abandoning module HTML5TargetPlatform (33)
[2015.08.22-17.55.30:749][356]LogModuleManager: Shutting down and abandoning module Android_PVRTCTargetPlatform (32)
[2015.08.22-17.55.30:750][356]LogModuleManager: Shutting down and abandoning module Android_ETC2TargetPlatform (31)
[2015.08.22-17.55.30:750][356]LogModuleManager: Shutting down and abandoning module Android_ETC1TargetPlatform (30)
[2015.08.22-17.55.30:750][356]LogModuleManager: Shutting down and abandoning module Android_DXTTargetPlatform (29)
[2015.08.22-17.55.30:750][356]LogModuleManager: Shutting down and abandoning module Android_ATCTargetPlatform (28)
[2015.08.22-17.55.30:750][356]LogModuleManager: Shutting down and abandoning module Android_ASTCTargetPlatform (27)
[2015.08.22-17.55.30:750][356]LogModuleManager: Shutting down and abandoning module AndroidTargetPlatform (26)
[2015.08.22-17.55.30:750][356]LogModuleManager: Shutting down and abandoning module WindowsTargetPlatform (25)
[2015.08.22-17.55.30:796][356]LogModuleManager: Shutting down and abandoning module WindowsServerTargetPlatform (24)
[2015.08.22-17.55.30:839][356]LogModuleManager: Shutting down and abandoning module WindowsNoEditorTargetPlatform (23)
[2015.08.22-17.55.30:855][356]LogModuleManager: Shutting down and abandoning module WindowsClientTargetPlatform (22)
[2015.08.22-17.55.30:862][356]LogModuleManager: Shutting down and abandoning module DesktopTargetPlatform (21)
[2015.08.22-17.55.30:889][356]LogModuleManager: Shutting down and abandoning module TargetPlatform (20)
[2015.08.22-17.55.30:991][356]LogModuleManager: Shutting down and abandoning module InputCore (19)
[2015.08.22-17.55.31:131][356]LogModuleManager: Shutting down and abandoning module Settings (18)
[2015.08.22-17.55.31:132][356]LogModuleManager: Shutting down and abandoning module OnlineSubsystem (16)
[2015.08.22-17.55.31:132][356]LogModuleManager: Shutting down and abandoning module HTTP (15)
[2015.08.22-17.55.31:286][356]LogModuleManager: Shutting down and abandoning module ExampleDeviceProfileSelector (14)
[2015.08.22-17.55.31:294][356]LogModuleManager: Shutting down and abandoning module TextureCompressor (13)
[2015.08.22-17.55.31:631][356]LogModuleManager: Shutting down and abandoning module ShaderCore (12)
[2015.08.22-17.55.31:631][356]LogModuleManager: Shutting down and abandoning module Landscape (11)
[2015.08.22-17.55.31:631][356]LogModuleManager: Shutting down and abandoning module SlateRHIRenderer (10)
[2015.08.22-17.55.31:713][356]LogModuleManager: Shutting down and abandoning module OpenGLDrv (9)
[2015.08.22-17.55.31:736][356]LogModuleManager: Shutting down and abandoning module D3D11RHI (8)
[2015.08.22-17.55.31:737][356]LogModuleManager: Shutting down and abandoning module Renderer (7)
[2015.08.22-17.55.31:737][356]LogModuleManager: Shutting down and abandoning module Engine (6)
[2015.08.22-17.55.31:737][356]LogModuleManager: Shutting down and abandoning module CoreUObject (5)
[2015.08.22-17.55.31:737][356]LogModuleManager: Shutting down and abandoning module NetworkFile (4)
[2015.08.22-17.55.31:805][356]LogModuleManager: Shutting down and abandoning module StreamingFile (3)
[2015.08.22-17.55.31:845][356]LogModuleManager: Shutting down and abandoning module SandboxFile (2)
[2015.08.22-17.55.31:903][356]LogModuleManager: Shutting down and abandoning module PakFile (1)
[2015.08.22-17.55.32:204][356]LogExit: Exiting.
[2015.08.22-17.55.33:834][356]Log file closed, 08/22/15 12:55:33
