[2015.08.04-07.42.11:358][  0]Log file open, 08/04/15 02:42:11
[2015.08.04-07.42.11:358][  0]LogInit:Display: Running engine for game: TheForsakens
[2015.08.04-07.42.11:358][  0]LogInit:Display: RandInit(-399441962) SRandInit(-399441961).
[2015.08.04-07.42.11:358][  0]LogTaskGraph: Started task graph with 4 named threads and 5 total threads.
[2015.08.04-07.42.11:358][  0]LogStats: Stats thread started
[2015.08.04-07.42.11:358][  0]LogInit: Version: 4.8.3-2634408+++depot+UE4-Releases+4.8
[2015.08.04-07.42.11:358][  0]LogInit: API Version: 2579680
[2015.08.04-07.42.11:358][  0]LogInit: Compiled (64-bit): Jul 27 2015 16:24:33
[2015.08.04-07.42.11:358][  0]LogInit: Compiled with Visual C++: 18.00.21005.01
[2015.08.04-07.42.11:358][  0]LogInit: Build Configuration: Development
[2015.08.04-07.42.11:358][  0]LogInit: Branch Name: ++depot+UE4-Releases+4.8
[2015.08.04-07.42.11:358][  0]LogInit: Command line:  
[2015.08.04-07.42.11:358][  0]LogInit: Base directory: C:/Program Files/Epic Games/4.8/Engine/Binaries/Win64/
[2015.08.04-07.42.11:358][  0]LogInit: Rocket: 1
[2015.08.04-07.42.11:377][  0]LogInit: Using libcurl 7.41.0
[2015.08.04-07.42.11:377][  0]LogInit:  - built for x86_64-pc-win32
[2015.08.04-07.42.11:377][  0]LogInit:  - supports SSL with WinSSL
[2015.08.04-07.42.11:377][  0]LogInit:  - other features:
[2015.08.04-07.42.11:377][  0]LogInit:      CURL_VERSION_SSL
[2015.08.04-07.42.11:377][  0]LogInit:      CURL_VERSION_IPV6
[2015.08.04-07.42.11:378][  0]LogInit:      CURL_VERSION_ASYNCHDNS
[2015.08.04-07.42.11:378][  0]LogInit:      CURL_VERSION_LARGEFILE
[2015.08.04-07.42.11:378][  0]LogInit:      CURL_VERSION_IDN
[2015.08.04-07.42.11:378][  0]LogInit:  CurlRequestOptions (configurable via config and command line):
[2015.08.04-07.42.11:378][  0]LogInit:  - bVerifyPeer = true  - Libcurl will verify peer certificate
[2015.08.04-07.42.11:378][  0]LogInit:  - bUseHttpProxy = false  - Libcurl will NOT use HTTP proxy
[2015.08.04-07.42.11:378][  0]LogInit:  - bDontReuseConnections = false  - Libcurl will reuse connections
[2015.08.04-07.42.11:378][  0]LogInit:  - CertBundlePath = nullptr  - Libcurl will use whatever was configured at build time.
[2015.08.04-07.42.11:395][  0]LogOnline:Warning: No default platform service specified for OnlineSubsystem
[2015.08.04-07.42.11:415][  0]LogInit: Presizing for 0 objects not considered by GC, pre-allocating 0 bytes.
[2015.08.04-07.42.11:428][  0]LogInit: Object subsystem initialized
[2015.08.04-07.42.11:429][  0]LogConsoleResponse:Warning: Skipping Unknown console variable: 'TranslucentSortAxis = (X=0.000000,Y=-1.000000,Z=0.000000)'
[2015.08.04-07.42.11:429][  0]LogConsoleResponse:Warning:   Found in ini file 'C:/Users/Christian/Desktop/The-Forsaken/Saved/Config/Windows/Engine.ini', in section '[/Script/Engine.RendererSettings]'
[2015.08.04-07.42.11:429][  0]LogConsoleResponse:Warning: Skipping Unknown console variable: 'UIScaleRule = ShortestSide'
[2015.08.04-07.42.11:429][  0]LogConsoleResponse:Warning:   Found in ini file 'C:/Users/Christian/Desktop/The-Forsaken/Saved/Config/Windows/Engine.ini', in section '[/Script/Engine.RendererSettings]'
[2015.08.04-07.42.11:429][  0]LogConsoleResponse:Warning: Skipping Unknown console variable: 'UIScaleCurve = (EditorCurveData=(Keys=),ExternalCurve=None)'
[2015.08.04-07.42.11:429][  0]LogConsoleResponse:Warning:   Found in ini file 'C:/Users/Christian/Desktop/The-Forsaken/Saved/Config/Windows/Engine.ini', in section '[/Script/Engine.RendererSettings]'
[2015.08.04-07.42.11:430][  0]LogInit: Selected Device Profile: [Windows]
[2015.08.04-07.42.11:430][  0]LogInit: Applying CVar settings loaded from the selected device profile: [Windows]
[2015.08.04-07.42.11:439][  0]LogInit: Computer: CHRISTIANGAMING
[2015.08.04-07.42.11:439][  0]LogInit: User: Christian
[2015.08.04-07.42.11:439][  0]LogInit: CPU Page size=4096, Cores=2
[2015.08.04-07.42.11:439][  0]LogInit: High frequency timer resolution =2.143569 MHz
[2015.08.04-07.42.11:439][  0]LogMemory: Memory total: Physical=3.9GB (4GB approx)
[2015.08.04-07.42.11:439][  0]LogMemory: Platform Memory Stats for Windows
[2015.08.04-07.42.11:439][  0]LogMemory: Process Physical Memory: 51.30 MB used, 51.30 MB peak
[2015.08.04-07.42.11:439][  0]LogMemory: Process Virtual Memory: 25.03 MB used, 25.03 MB peak
[2015.08.04-07.42.11:439][  0]LogMemory: Physical Memory: 1594.04 MB used, 3983.27 MB total
[2015.08.04-07.42.11:439][  0]LogMemory: Virtual Memory: 293.65 MB used, 8388608.00 MB total
[2015.08.04-07.42.11:592][  0]LogTextLocalizationManager: The requested culture ('en_US') has no localization data; parent culture's ('en') localization data will be used.
[2015.08.04-07.42.11:936][  0]LogTextLocalizationManager:Warning: Loaded localization resources contain conflicting entries for (Namespace:ContentBrowser, Key:ImportAssetToolTip):
Localization Resource: (C:/Program Files/Epic Games/4.8/Engine/Content/Localization/Editor/en/Editor.locres) Source String Hash: (-630476809) Localized String: (Import to {0}...)
Localization Resource: (C:/Program Files/Epic Games/4.8/Engine/Content/Localization/Editor/en/Editor.locres) Source String Hash: (1271782899) Localized String: (Imports an asset from file to this folder.)
[2015.08.04-07.42.12:645][  0]LogD3D11RHI: Found D3D11 adapter 0: Intel(R) HD Graphics 3000 (Feature Level 10_0)
[2015.08.04-07.42.12:645][  0]LogD3D11RHI: Adapter has 32MB of dedicated video memory, 0MB of dedicated system memory, and 1632MB of shared system memory, 1 output[s]
[2015.08.04-07.42.12:692][  0]LogD3D11RHI: Found D3D11 adapter 1: Microsoft Basic Render Driver (Feature Level 11_0)
[2015.08.04-07.42.12:692][  0]LogD3D11RHI: Adapter has 0MB of dedicated video memory, 0MB of dedicated system memory, and 256MB of shared system memory, 0 output[s]
[2015.08.04-07.42.12:692][  0]LogD3D11RHI: Chosen D3D11 Adapter Id = 0
[2015.08.04-07.42.12:701][  0]LogD3D11RHI: InitD3DDevice
[2015.08.04-07.42.12:701][  0]LogD3D11RHI: !Direct3DDevice
[2015.08.04-07.42.12:701][  0]LogRHI: Texture pool is 593 MB (70% of 848 MB)
[2015.08.04-07.42.12:703][  0]LogD3D11RHI: Async texture creation enabled
[2015.08.04-07.42.12:721][  0]LogShaderCompilers:Display: Using Local Shader Compiler.
[2015.08.04-07.42.16:492][  0]LogTemp:Display: Loaded TP DesktopTargetPlatform
[2015.08.04-07.42.16:531][  0]LogTemp:Display: Loaded TP WindowsClientTargetPlatform
[2015.08.04-07.42.16:569][  0]LogTemp:Display: Loaded TP WindowsNoEditorTargetPlatform
[2015.08.04-07.42.16:608][  0]LogTemp:Display: Loaded TP WindowsServerTargetPlatform
[2015.08.04-07.42.16:654][  0]LogTemp:Display: Loaded TP WindowsTargetPlatform
[2015.08.04-07.42.16:687][  0]LogTemp:Display: Loaded TP AndroidTargetPlatform
[2015.08.04-07.42.16:719][  0]LogTemp:Display: Loaded TP Android_ASTCTargetPlatform
[2015.08.04-07.42.16:750][  0]LogTemp:Display: Loaded TP Android_ATCTargetPlatform
[2015.08.04-07.42.16:774][  0]LogTemp:Display: Loaded TP Android_DXTTargetPlatform
[2015.08.04-07.42.16:800][  0]LogTemp:Display: Loaded TP Android_ETC1TargetPlatform
[2015.08.04-07.42.16:823][  0]LogTemp:Display: Loaded TP Android_ETC2TargetPlatform
[2015.08.04-07.42.16:855][  0]LogTemp:Display: Loaded TP Android_PVRTCTargetPlatform
[2015.08.04-07.42.17:102][  0]LogTemp:Display: Loaded TP IOSTargetPlatform
[2015.08.04-07.42.17:172][  0]LogTemp:Display: Loaded TP LinuxNoEditorTargetPlatform
[2015.08.04-07.42.17:269][  0]LogTemp:Display: Loaded TP LinuxServerTargetPlatform
[2015.08.04-07.42.17:378][  0]LogTemp:Display: Loaded TP LinuxTargetPlatform
[2015.08.04-07.42.17:379][  0]LogTargetPlatformManager:Display: Building Assets For Windows
[2015.08.04-07.42.19:344][  0]LogDerivedDataCache:Display: Max Cache Size: 512 MB
[2015.08.04-07.42.20:744][  0]LogDerivedDataCache: Loaded boot cache 1.40s 48MB C:/Users/Christian/AppData/Local/UnrealEngine/4.8/DerivedDataCache/Boot.ddc.
[2015.08.04-07.42.20:744][  0]LogDerivedDataCache:Display: Loaded Boot cache: C:/Users/Christian/AppData/Local/UnrealEngine/4.8/DerivedDataCache/Boot.ddc
[2015.08.04-07.42.20:745][  0]LogDerivedDataCache: FDerivedDataBackendGraph:  Pak pak cache file ../../../../../../Users/Christian/Desktop/The-Forsaken/DerivedDataCache/DDC.ddp not found, will not use a pak cache.
[2015.08.04-07.42.20:745][  0]LogDerivedDataCache: Unable to find inner node Pak for hierarchical cache Hierarchy.
[2015.08.04-07.42.20:745][  0]LogDerivedDataCache: FDerivedDataBackendGraph:  CompressedPak pak cache file ../../../../../../Users/Christian/Desktop/The-Forsaken/DerivedDataCache/Compressed.ddp not found, will not use a pak cache.
[2015.08.04-07.42.20:745][  0]LogDerivedDataCache: Unable to find inner node CompressedPak for hierarchical cache Hierarchy.
[2015.08.04-07.42.21:083][  0]LogDerivedDataCache:Display: Pak cache opened for reading ../../../Engine/DerivedDataCache/Compressed.ddp.
[2015.08.04-07.42.21:116][  0]LogDerivedDataCache: Using Local data cache path C:/Users/Christian/AppData/Local/UnrealEngine/Common/DerivedDataCache: Writable
[2015.08.04-07.42.32:527][  0]LogInit: Selected Device Profile: [Windows]
[2015.08.04-07.42.33:367][  0]ImportText (ComponentSweepMultiTests): Missing closing parenthesis: (RootShapeAsset="/Engine/BasicShapes/Cube.Cube",ShapeType="TriggerCapsule",HitResult=(Time=0.50,Location=(X=-100.000015,Y=0.0,Z=100.000015),ImpactPoint=(X=-50.0,Y=0.0,Z=50.0),Normal=(X=-1.0,Y=-0.0,Z=0.0),ImpactNormal=(X=0.0,Y=0.0,Z=1.0),TraceStart=(X=-200.0,Y=0.0,Z=200.0),TraceEnd=(X=0.0,Y=0.0,Z=0.0))
[2015.08.04-07.42.33:369][  0]ImportText (LineTraceSingleByChannelTests): Missing closing parenthesis: (RootShapeAsset="/Engine/BasicShapes/Cube.Cube",HitResult=(Time=0.50,Location=(X=-100.000015,Y=0.0,Z=100.000015),ImpactPoint=(X=-50.0,Y=0.0,Z=50.0),Normal=(X=-1.0,Y=-0.0,Z=0.0),ImpactNormal=(X=0.0,Y=0.0,Z=1.0),TraceStart=(X=-200.0,Y=0.0,Z=200.0),TraceEnd=(X=0.0,Y=0.0,Z=0.0))
[2015.08.04-07.42.33:606][  0]LogMeshUtilities: No automatic mesh reduction module available
[2015.08.04-07.42.33:606][  0]LogMeshUtilities: No automatic mesh merging module available
[2015.08.04-07.42.37:156][  0]LogInit: WinSock: version 1.1 (2.2), MaxSocks=32767, MaxUdp=65467
[2015.08.04-07.43.04:007][  0]UdpMessaging: Initializing bridge on interface 0.0.0.0:0 to multicast group 230.0.0.1:6666.
[2015.08.04-07.43.06:797][  0]SourceControl: Info Source control is disabled
[2015.08.04-07.43.07:060][  0]SourceControl: Info Source control is disabled
[2015.08.04-07.43.07:126][  0]SourceControl: Info Source control is disabled
[2015.08.04-07.43.07:198][  0]SourceControl: Info Source control is disabled
[2015.08.04-07.43.08:518][  0]LogObj: 26273 objects as part of root set at end of initial load.
[2015.08.04-07.43.08:518][  0]LogUObjectAllocator: 5409248 out of 0 bytes used by permanent object pool.
[2015.08.04-07.43.09:283][  0]LogEngine: Initializing Engine...
[2015.08.04-07.43.09:321][  0]LogHMD: Can't find Oculus library dev build: is proper Runtime installed? Version: 0.6.0.0
[2015.08.04-07.43.09:427][  0]LogHMD:Warning: SteamVR failed to initialize.  Error: 110
[2015.08.04-07.43.10:225][  0]LogAIModule: Creating AISystem for world NewWorld
[2015.08.04-07.43.10:341][  0]LogInit: XAudio2 using 'Speakers (Realtek High Definition Audio)' : 2 channels at 48 kHz using 32 bits per sample (channel mask 0x3)
[2015.08.04-07.43.10:369][  0]LogInit: FAudioDevice initialized.
[2015.08.04-07.43.10:439][  0]LogDerivedDataCache: Saved boot cache 0.07s 48MB C:/Users/Christian/AppData/Local/UnrealEngine/4.8/DerivedDataCache/Boot.ddc.
[2015.08.04-07.43.10:461][  0]LogInit: Texture streaming: Disabled
[2015.08.04-07.43.11:216][  0]LogAnalytics: Creating configured Analytics provider AnalyticsET
[2015.08.04-07.43.11:217][  0]LogAnalytics: [UEEditor.Rocket.Release] APIServer = http://et2.epicgames.com/ET2/. AppVersion = 4.8.3-2634408+++depot+UE4-Releases+4.8
[2015.08.04-07.43.11:217][  0]LogAnalytics: [UEEditor.Rocket.Release] SetUserId d520111f42444ed2ae17ceb4cce854a2|256081b0662a4905b440382e278adc23|3ae4f12a-3c0a-4aaf-bb63-a78589ca1625
[2015.08.04-07.43.11:218][  0]LogAnalytics: [UEEditor.Rocket.Release] AnalyticsET::StartSession
[2015.08.04-07.43.11:719][  0]LogInit: Transaction tracking system initialized
[2015.08.04-07.43.14:177][  0]BlueprintLog: New page: Editor Load
[2015.08.04-07.43.14:422][  0]LogAssetRegistry: FAssetRegistry took 0.0137 seconds to start up
[2015.08.04-07.43.14:433][  0]LogDirectoryWatcher:Warning: Failed to begin reading directory changes for ../../../Engine/Plugins/Experimental/CharacterAI/Content/. Error: 0
[2015.08.04-07.43.26:344][  0]LogConsoleManager:Warning: Console variable 'r.VSync' wasn't set ('GameSetting' has a lower priority than 'SystemSettingsIni')
[2015.08.04-07.43.26:345][  0]LogConsoleResponse:Display: 
[2015.08.04-07.43.30:673][  0]LogCook:Display: Done creating registry. It took  0.00s.
[2015.08.04-07.43.33:510][  0]SourceControl: Info Source control is disabled
[2015.08.04-07.43.33:585][  0]Cmd: MAP LOAD FILE="../../../Engine/Content/Maps/Templates/Template_Default.umap" TEMPLATE=1 SHOWPROGRESS=1 FEATURELEVEL=2
[2015.08.04-07.43.33:701][  0]LightingResults: New page: Lighting Build
[2015.08.04-07.43.33:904][  0]MapCheck: New page: Map Check
[2015.08.04-07.43.33:904][  0]LightingResults: New page: Lighting Build
[2015.08.04-07.43.33:936][  0]LogParticles: Destroying 0 GPU particle simulations for FXSystem 0x0000000A2675AF20
[2015.08.04-07.43.36:820][  0]LogAIModule: Creating AISystem for world Untitled_1
[2015.08.04-07.43.37:009][  0]LogEditorServer: Finished looking for orphan Actors (0.016 secs)
[2015.08.04-07.43.37:067][  0]Cmd: MAP CHECKDEP NOCLEARLOG
[2015.08.04-07.43.37:126][  0]MapCheck: Info Map check complete: 0 Error(s), 0 Warning(s), took 58.14ms to complete.
[2015.08.04-07.43.37:126][  0]LogFileHelpers: Loading map 'Template_Default' took 3.541
[2015.08.04-07.43.38:592][  0]LogCollectionManager: Loaded 0 collections in 0.004577 seconds
[2015.08.04-07.43.38:645][  0]LogContentBrowser: Native class hierarchy populated in 0.0527 seconds. Added 1792 classes and 301 folders.
[2015.08.04-07.43.39:178][  0]LogContentBrowser: Native class hierarchy updated for 'WidgetCarousel' in 0.0011 seconds. Added 0 classes and 0 folders.
[2015.08.04-07.43.39:927][  0]LogContentBrowser: Native class hierarchy updated for 'AddContentDialog' in 0.0008 seconds. Added 0 classes and 0 folders.
[2015.08.04-07.43.40:020][  0]LogContentBrowser: Native class hierarchy updated for 'SceneOutliner' in 0.0005 seconds. Added 1 classes and 2 folders.
[2015.08.04-07.43.40:678][  0]LogCrashTracker: Crashtracker disabled due to settings.
[2015.08.04-07.43.40:771][  0]LogD3D11RHI: InitD3DDevice
[2015.08.04-07.43.40:780][  0]LogUObjectGlobals:Warning: Failed to find object 'Class None.'
[2015.08.04-07.43.40:855][  0]LogLoad: Full Startup: 92.54 seconds (BP compile: 0.93 seconds)
[2015.08.04-07.43.41:333][  0]LogContentStreaming: Texture pool size is 0.000000MB
[2015.08.04-07.43.41:521][  0]LogContentStreaming: Texture pool size now 700 MB
[2015.08.04-07.43.42:212][  0]LogRenderer: Reallocating scene render targets to support 736x360 (Frame:2).
[2015.08.04-07.43.43:816][  2]LogD3D11RHI: InitD3DDevice
[2015.08.04-07.43.45:807][ 26]LogAssetRegistry: Asset discovery search completed in 31.3985 seconds
[2015.08.04-07.47.24:196][713]LogD3D11RHI: InitD3DDevice
[2015.08.04-07.47.31:553][965]LogD3D11RHI: InitD3DDevice
[2015.08.04-07.48.10:389][965]LogAIModule: Creating AISystem for world MansionNew
[2015.08.04-07.48.11:204][965]Cmd: MAP LOAD FILE="../../../../../../Users/Christian/Desktop/The-Forsaken/Content/Maps/MansionNew.umap" TEMPLATE=0 SHOWPROGRESS=1 FEATURELEVEL=2
[2015.08.04-07.48.11:205][965]LightingResults: New page: Lighting Build
[2015.08.04-07.48.11:234][965]LoadErrors: New page: Loading map: MansionNew.umap
[2015.08.04-07.48.11:252][965]MapCheck: New page: Map Check
[2015.08.04-07.48.11:252][965]LightingResults: New page: Lighting Build
[2015.08.04-07.48.11:282][965]LogParticles: Destroying 0 GPU particle simulations for FXSystem 0x0000000A1F8CB880
[2015.08.04-07.48.14:701][965]LogAIModule: Creating AISystem for world MansionNew
[2015.08.04-07.48.15:104][965]LogEditorServer: Finished looking for orphan Actors (0.000 secs)
[2015.08.04-07.48.16:214][965]Cmd: MAP CHECKDEP NOCLEARLOG
[2015.08.04-07.48.16:323][965]MapCheck: Info Map check complete: 0 Error(s), 0 Warning(s), took 108.591ms to complete.
[2015.08.04-07.48.16:323][965]LogFileHelpers: Loading map 'MansionNew' took 5.144
[2015.08.04-07.50.41:079][433]LogPlayLevel: PIE:  No blueprints needed recompiling
[2015.08.04-07.50.41:453][433]PIE: New page: PIE session: MansionNew (Aug 3, 2015, 9:50:41 PM)
[2015.08.04-07.50.41:453][433]LogPlayLevel: Creating play world package: /Game/Maps/UEDPIE_0_MansionNew
[2015.08.04-07.50.42:095][433]LogPlayLevel: PIE: StaticDuplicateObject took: (0.642302s)
[2015.08.04-07.50.42:096][433]LogAIModule: Creating AISystem for world MansionNew
[2015.08.04-07.50.42:097][433]LogPlayLevel: PIE: World Init took: (0.002025s)
[2015.08.04-07.50.42:098][433]LogPlayLevel: PIE: Created PIE world by copying editor world from /Game/Maps/MansionNew.MansionNew to /Game/Maps/UEDPIE_0_MansionNew.MansionNew (0.645051s)
[2015.08.04-07.50.42:197][433]LogInit: XAudio2 using 'Speakers (Realtek High Definition Audio)' : 2 channels at 48 kHz using 32 bits per sample (channel mask 0x3)
[2015.08.04-07.50.42:205][433]LogInit: FAudioDevice initialized.
[2015.08.04-07.50.42:261][433]LogD3D11RHI: InitD3DDevice
[2015.08.04-07.50.56:467][433]LogWorld: Game class is 'MyGame_C'
[2015.08.04-07.50.56:792][433]LogWorld: Bringing World /Game/Maps/UEDPIE_0_MansionNew.MansionNew up for play (max tick rate 0) at 2015.08.04-02.50.56
[2015.08.04-07.50.56:792][433]LogActor:Warning: GameSession /Game/Maps/UEDPIE_0_MansionNew.MansionNew:PersistentLevel.GameSession_0 has natively added scene component(s), but none of them were set as the actor's RootComponent - picking one arbitrarily
[2015.08.04-07.50.56:816][433]LogActor:Warning: GameNetworkManager /Game/Maps/UEDPIE_0_MansionNew.MansionNew:PersistentLevel.GameNetworkManager_0 has natively added scene component(s), but none of them were set as the actor's RootComponent - picking one arbitrarily
[2015.08.04-07.50.56:892][433]LogWorld: Bringing up level for play took: 0.330506
[2015.08.04-07.50.57:658][433]PIE: Info Play in editor start time for /Game/Maps/UEDPIE_0_MansionNew 15.609
[2015.08.04-07.50.58:152][433]LogRenderer: Reallocating scene render targets to support 1296x728 (Frame:322).
[2015.08.04-07.51.03:137][468]LogArray:Warning: Attempted to get an item from array CallFunc_GetDataTableRowNames_OutRowNames out of bounds [5/4]!
[2015.08.04-07.51.03:137][468]LogArray:Warning: Attempted to get an item from array CallFunc_GetDataTableRowNames_OutRowNames out of bounds [6/4]!
[2015.08.04-07.51.54:652][ 85]LogParticles: Destroying 0 GPU particle simulations for FXSystem 0x0000000A2D0D4540
[2015.08.04-07.52.39:826][285]LogD3D11RHI: InitD3DDevice
[2015.08.04-07.52.49:466][588]LogD3D11RHI: InitD3DDevice
[2015.08.04-07.52.49:620][588]LogD3D11RHI: InitD3DDevice
[2015.08.04-07.52.51:469][588]Cmd: MAP LOAD FILE="../../../../../../Users/Christian/Desktop/The-Forsaken/Content/Maps/MansionNew.umap" TEMPLATE=0 SHOWPROGRESS=1 FEATURELEVEL=2
[2015.08.04-07.52.51:471][588]LightingResults: New page: Lighting Build
[2015.08.04-07.52.51:681][588]LoadErrors: New page: Loading map: MansionNew.umap
[2015.08.04-07.52.51:702][588]MapCheck: New page: Map Check
[2015.08.04-07.52.51:702][588]LightingResults: New page: Lighting Build
[2015.08.04-07.52.51:748][588]LogParticles: Destroying 0 GPU particle simulations for FXSystem 0x0000000A2EFF6340
[2015.08.04-07.52.55:063][588]LogAIModule: Creating AISystem for world MansionNew
[2015.08.04-07.52.55:319][588]LogEditorServer: Finished looking for orphan Actors (0.000 secs)
[2015.08.04-07.52.57:527][588]Cmd: MAP CHECKDEP NOCLEARLOG
[2015.08.04-07.52.57:687][588]MapCheck: Info Map check complete: 0 Error(s), 0 Warning(s), took 160.251ms to complete.
[2015.08.04-07.52.57:688][588]LogFileHelpers: Loading map 'MansionNew' took 6.221
[2015.08.04-07.53.05:776][807]Cmd: SELECT NONE
[2015.08.04-07.53.08:213][874]Cmd: SELECT NONE
[2015.08.04-07.53.22:893][232]LogD3D11RHI: InitD3DDevice
[2015.08.04-07.53.44:369][725]LogLinker:Warning: Can't find file '/Game/AnimStarterPack/Character/ThirdPersonAnimBlueprint_Copy3'
[2015.08.04-07.53.44:386][725]LogLinker:Warning: Can't find file for asset '/Game/AnimStarterPack/Character/ThirdPersonAnimBlueprint_Copy3' while loading ../../../../../../Users/Christian/Desktop/The-Forsaken/Content/Enenmies/Zombie01/ZombieAI.uasset.
[2015.08.04-07.53.44:391][725]LoadErrors:Error: Error /Game/Enenmies/Zombie01/ZombieAI : Can't find file for asset. /Game/AnimStarterPack/Character/ThirdPersonAnimBlueprint_Copy3
[2015.08.04-07.53.44:392][725]LogLinker:Warning: Can't find file '/Game/AnimStarterPack/Character/ThirdPersonAnimBlueprint_Copy3'
[2015.08.04-07.53.44:393][725]LogLinker:Warning: Can't find file for asset '/Game/AnimStarterPack/Character/ThirdPersonAnimBlueprint_Copy3' while loading ../../../../../../Users/Christian/Desktop/The-Forsaken/Content/Enenmies/Zombie01/ZombieAI.uasset.
[2015.08.04-07.53.44:548][725]LogLinker:Warning: Can't find file '/Game/AnimStarterPack/Character/ThirdPersonAnimBlueprint_Copy3'
[2015.08.04-07.53.44:549][725]LogLinker:Warning: Can't find file for asset '/Game/AnimStarterPack/Character/ThirdPersonAnimBlueprint_Copy3' while loading NULL.
[2015.08.04-07.53.44:549][725]LogLinker:Warning: Can't find file '/Game/AnimStarterPack/Character/ThirdPersonAnimBlueprint_Copy3'
[2015.08.04-07.53.44:549][725]LogLinker:Warning: Can't find file for asset '/Game/AnimStarterPack/Character/ThirdPersonAnimBlueprint_Copy3' while loading NULL.
[2015.08.04-07.53.44:550][725]LogLinker:Warning: Can't find file '/Game/AnimStarterPack/Character/ThirdPersonAnimBlueprint_Copy3'
[2015.08.04-07.53.44:563][725]LoadErrors: Info Failed to load /Game/AnimStarterPack/Character/ThirdPersonAnimBlueprint_Copy3.ThirdPersonAnimBlueprint_Copy3_C Referenced by Default__ZombieAI_C
[2015.08.04-07.53.44:563][725]LogLinker:Warning: Can't find file for asset '/Game/AnimStarterPack/Character/ThirdPersonAnimBlueprint_Copy3' while loading NULL.
[2015.08.04-07.53.46:074][725]LogD3D11RHI: InitD3DDevice
[2015.08.04-07.53.55:450][887]LogEditorViewport: Clicking on Actor (LMB): StaticMeshActor (floorPlane_big44)
[2015.08.04-07.53.57:065][918]Cmd: TRANSACTION UNDO
[2015.08.04-07.53.57:085][918]LogEditorTransaction: Undo Clicking on Actors
[2015.08.04-07.53.57:149][918]LogD3D11RHI: InitD3DDevice
[2015.08.04-07.53.59:559][993]LogD3D11RHI: InitD3DDevice
[2015.08.04-07.53.59:732][993]LogD3D11RHI: InitD3DDevice
[2015.08.04-07.54.00:179][993]LogLinker:Warning: Asset '../../../Engine/Content/ArtTools/RenderToTexture/Macros/RenderToTextureMacros.uasset' has been saved with empty engine version. The asset will be loaded but may be incompatible.
[2015.08.04-07.54.00:352][993]LogLinker:Warning: Asset '../../../Engine/Content/ArtTools/RenderToTexture/Enums/RenderToTexture_Enum.uasset' has been saved with empty engine version. The asset will be loaded but may be incompatible.
[2015.08.04-07.54.12:957][166]LogD3D11RHI: InitD3DDevice
[2015.08.04-07.54.12:993][166]LogD3D11RHI: InitD3DDevice
[2015.08.04-07.54.25:975][294]LogD3D11RHI: InitD3DDevice
[2015.08.04-07.54.30:177][361]LogD3D11RHI: InitD3DDevice
[2015.08.04-07.54.31:558][396]LogActorComponent: UnregisterComponent: (/Engine/Transient.CharMoveComp) Not registered. Aborting.
[2015.08.04-07.54.32:802][407]LogD3D11RHI: InitD3DDevice
[2015.08.04-07.54.34:680][416]LogActorComponent: UnregisterComponent: (/Engine/Transient.CharacterMovementComponent_0) Not registered. Aborting.
[2015.08.04-07.54.42:731][503]BlueprintLog: New page: Compile ZombieAI
[2015.08.04-07.54.42:847][503]LogUObjectGlobals:Warning: Guid is in use by CapsuleComponent /Game/Maps/MansionNew.MansionNew:PersistentLevel.ZombieAI_2.CollisionCylinder and CapsuleComponent /Game/Maps/MansionNew.MansionNew:PersistentLevel.ZombieAI_C_0.CollisionCylinder, which should never happen in the editor but could happen at runtime with duplicate level loading or PIE
[2015.08.04-07.54.42:847][503]LogUObjectGlobals:Warning: Guid is in use by ArrowComponent /Game/Maps/MansionNew.MansionNew:PersistentLevel.ZombieAI_2.Arrow and ArrowComponent /Game/Maps/MansionNew.MansionNew:PersistentLevel.ZombieAI_C_0.Arrow, which should never happen in the editor but could happen at runtime with duplicate level loading or PIE
[2015.08.04-07.54.42:847][503]LogUObjectGlobals:Warning: Guid is in use by CharacterMovementComponent /Game/Maps/MansionNew.MansionNew:PersistentLevel.ZombieAI_2.CharMoveComp and CharacterMovementComponent /Game/Maps/MansionNew.MansionNew:PersistentLevel.ZombieAI_C_0.CharMoveComp, which should never happen in the editor but could happen at runtime with duplicate level loading or PIE
[2015.08.04-07.54.42:848][503]LogUObjectGlobals:Warning: Guid is in use by SkeletalMeshComponent /Game/Maps/MansionNew.MansionNew:PersistentLevel.ZombieAI_2.CharacterMesh0 and SkeletalMeshComponent /Game/Maps/MansionNew.MansionNew:PersistentLevel.ZombieAI_C_0.CharacterMesh0, which should never happen in the editor but could happen at runtime with duplicate level loading or PIE
[2015.08.04-07.54.43:295][503]LogActorComponent: UnregisterComponent: (/Engine/Transient.CharacterMovementComponent_1) Not registered. Aborting.
[2015.08.04-07.54.43:394][503]LogParticles: Destroying 0 GPU particle simulations for FXSystem 0x0000000A1C658C20
[2015.08.04-07.54.43:503][503]BlueprintEditorCompileResults: Info [0755.19] Compile of ZombieAI successful! [in 770 ms]
[2015.08.04-07.54.46:125][536]LogPlayLevel: PIE:  No blueprints needed recompiling
[2015.08.04-07.54.46:126][536]PIE: New page: PIE session: MansionNew (Aug 3, 2015, 9:54:46 PM)
[2015.08.04-07.54.46:127][536]LogPlayLevel: Creating play world package: /Game/Maps/UEDPIE_0_MansionNew
[2015.08.04-07.54.51:724][536]LogPlayLevel: PIE: StaticDuplicateObject took: (5.596706s)
[2015.08.04-07.54.51:839][536]LogAIModule: Creating AISystem for world MansionNew
[2015.08.04-07.54.51:843][536]LogPlayLevel: PIE: World Init took: (0.006075s)
[2015.08.04-07.54.51:845][536]LogPlayLevel: PIE: Created PIE world by copying editor world from /Game/Maps/MansionNew.MansionNew to /Game/Maps/UEDPIE_0_MansionNew.MansionNew (5.718601s)
[2015.08.04-07.54.51:845][536]LogActorComponent: UnregisterComponent: (/Engine/Transient.CharMoveComp) Not registered. Aborting.
[2015.08.04-07.54.51:972][536]LogInit: XAudio2 using 'Speakers (Realtek High Definition Audio)' : 2 channels at 48 kHz using 32 bits per sample (channel mask 0x3)
[2015.08.04-07.54.52:093][536]LogInit: FAudioDevice initialized.
[2015.08.04-07.54.52:096][536]LogD3D11RHI: InitD3DDevice
[2015.08.04-07.54.52:135][536]LogWorld: Game class is 'MyGame_C'
[2015.08.04-07.54.52:425][536]LogWorld: Bringing World /Game/Maps/UEDPIE_0_MansionNew.MansionNew up for play (max tick rate 60) at 2015.08.04-02.54.52
[2015.08.04-07.54.52:425][536]LogActor:Warning: GameSession /Game/Maps/UEDPIE_0_MansionNew.MansionNew:PersistentLevel.GameSession_1 has natively added scene component(s), but none of them were set as the actor's RootComponent - picking one arbitrarily
[2015.08.04-07.54.52:426][536]LogActor:Warning: GameNetworkManager /Game/Maps/UEDPIE_0_MansionNew.MansionNew:PersistentLevel.GameNetworkManager_1 has natively added scene component(s), but none of them were set as the actor's RootComponent - picking one arbitrarily
[2015.08.04-07.54.53:133][536]LogWorld: Bringing up level for play took: 0.994792
[2015.08.04-07.54.53:316][536]PIE: Info Play in editor start time for /Game/Maps/UEDPIE_0_MansionNew 7.268
[2015.08.04-07.55.29:752][901]LogArray:Warning: Attempted to get an item from array CallFunc_GetDataTableRowNames_OutRowNames out of bounds [5/4]!
[2015.08.04-07.55.29:752][901]LogArray:Warning: Attempted to get an item from array CallFunc_GetDataTableRowNames_OutRowNames out of bounds [6/4]!
[2015.08.04-07.55.31:557][918]LogArray:Warning: Attempted to get an item from array CallFunc_GetDataTableRowNames_OutRowNames out of bounds [5/4]!
[2015.08.04-07.55.31:557][918]LogArray:Warning: Attempted to get an item from array CallFunc_GetDataTableRowNames_OutRowNames out of bounds [6/4]!
[2015.08.04-07.55.50:552][124]LogParticles: Destroying 0 GPU particle simulations for FXSystem 0x0000000A1AC4C860
[2015.08.04-07.55.51:736][145]LogD3D11RHI: InitD3DDevice
[2015.08.04-07.56.09:533][552]LogEditorViewport: Clicking on Actor (LMB): StaticMeshActor (wallPlane204)
[2015.08.04-07.56.10:331][567]Cmd: DELETE
[2015.08.04-07.56.10:331][567]Cmd: ACTOR DELETE
[2015.08.04-07.56.10:384][567]LogEditorActor: Deleted Actor: StaticMeshActor
[2015.08.04-07.56.10:512][567]LogEditorActor: Deleted 1 Actors (0.142 secs)
[2015.08.04-07.56.12:158][606]Cmd: TRANSACTION UNDO
[2015.08.04-07.56.12:158][606]LogEditorTransaction: Undo Delete Actors
[2015.08.04-07.56.12:249][606]LogD3D11RHI: InitD3DDevice
[2015.08.04-07.56.13:039][644]LogEditorViewport: Clicking on Actor (LMB): PointLight (PointLight19)
[2015.08.04-07.56.14:026][667]Cmd: DELETE
[2015.08.04-07.56.14:026][667]Cmd: ACTOR DELETE
[2015.08.04-07.56.14:033][667]LogEditorActor: Deleted Actor: PointLight
[2015.08.04-07.56.14:198][667]LogEditorActor: Deleted 1 Actors (0.171 secs)
[2015.08.04-07.56.19:526][793]LogEditorViewport: Clicking on Actor (LMB): StaticMeshActor (floorPlane_big27)
[2015.08.04-07.56.26:168][950]LogEditorViewport: Clicking on Actor (context menu): StaticMeshActor (floorPlane_big27)
[2015.08.04-07.56.26:302][950]LogLinker:Warning: Can't find file '/Game/AnimStarterPack/Character/ThirdPersonAnimBlueprint_Copy3'
[2015.08.04-07.56.26:302][950]LogLinker:Warning: Can't find file for asset '/Game/AnimStarterPack/Character/ThirdPersonAnimBlueprint_Copy3' while loading ../../../../../../Users/Christian/Desktop/The-Forsaken/Content/Enenmies/Zombie01/ZombieAI.uasset.
[2015.08.04-07.56.26:304][950]LogLinker:Warning: Can't find file '/Game/AnimStarterPack/Character/ThirdPersonAnimBlueprint_Copy3'
[2015.08.04-07.56.26:304][950]LogLinker:Warning: Can't find file for asset '/Game/AnimStarterPack/Character/ThirdPersonAnimBlueprint_Copy3' while loading ../../../../../../Users/Christian/Desktop/The-Forsaken/Content/Enenmies/Zombie01/ZombieAI.uasset.
[2015.08.04-07.56.26:334][950]LogD3D11RHI: InitD3DDevice
[2015.08.04-07.56.26:753][969]LogD3D11RHI: InitD3DDevice
[2015.08.04-07.56.27:135][987]LogD3D11RHI: InitD3DDevice
[2015.08.04-07.56.27:201][988]LogD3D11RHI: InitD3DDevice
[2015.08.04-07.56.29:820][123]LogD3D11RHI: InitD3DDevice
[2015.08.04-07.56.29:887][124]LogD3D11RHI: InitD3DDevice
[2015.08.04-07.56.30:403][147]LogD3D11RHI: InitD3DDevice
[2015.08.04-07.56.31:247][184]LogPlayLevel: PIE:  No blueprints needed recompiling
[2015.08.04-07.56.31:247][184]PIE: New page: PIE session: MansionNew (Aug 3, 2015, 9:56:31 PM)
[2015.08.04-07.56.31:249][184]LogPlayLevel: Creating play world package: /Game/Maps/UEDPIE_0_MansionNew
[2015.08.04-07.56.32:787][184]LogPlayLevel: PIE: StaticDuplicateObject took: (1.538570s)
[2015.08.04-07.56.32:789][184]LogAIModule: Creating AISystem for world MansionNew
[2015.08.04-07.56.32:790][184]LogPlayLevel: PIE: World Init took: (0.002968s)
[2015.08.04-07.56.32:791][184]LogPlayLevel: PIE: Created PIE world by copying editor world from /Game/Maps/MansionNew.MansionNew to /Game/Maps/UEDPIE_0_MansionNew.MansionNew (1.542301s)
[2015.08.04-07.56.32:896][184]LogInit: XAudio2 using 'Speakers (Realtek High Definition Audio)' : 2 channels at 48 kHz using 32 bits per sample (channel mask 0x3)
[2015.08.04-07.56.32:925][184]LogInit: FAudioDevice initialized.
[2015.08.04-07.56.34:175][184]LogWorld: Game class is 'MyGame_C'
[2015.08.04-07.56.34:477][184]LogWorld: Bringing World /Game/Maps/UEDPIE_0_MansionNew.MansionNew up for play (max tick rate 60) at 2015.08.04-02.56.34
[2015.08.04-07.56.34:477][184]LogActor:Warning: GameSession /Game/Maps/UEDPIE_0_MansionNew.MansionNew:PersistentLevel.GameSession_2 has natively added scene component(s), but none of them were set as the actor's RootComponent - picking one arbitrarily
[2015.08.04-07.56.34:478][184]LogActor:Warning: GameNetworkManager /Game/Maps/UEDPIE_0_MansionNew.MansionNew:PersistentLevel.GameNetworkManager_2 has natively added scene component(s), but none of them were set as the actor's RootComponent - picking one arbitrarily
[2015.08.04-07.56.34:485][184]LogWorld: Bringing up level for play took: 0.305061
[2015.08.04-07.56.34:496][184]PIE: Info Play in editor start time for /Game/Maps/UEDPIE_0_MansionNew 2.447
[2015.08.04-07.56.48:590][577]LogArray:Warning: Attempted to get an item from array CallFunc_GetDataTableRowNames_OutRowNames out of bounds [5/4]!
[2015.08.04-07.56.48:590][577]LogArray:Warning: Attempted to get an item from array CallFunc_GetDataTableRowNames_OutRowNames out of bounds [6/4]!
[2015.08.04-07.56.49:616][598]LogActorComponent: UnregisterComponent: (/Engine/Transient.CharMoveComp) Not registered. Aborting.
[2015.08.04-07.56.49:795][599]LogParticles: Destroying 0 GPU particle simulations for FXSystem 0x0000000A2FBEE0C0
[2015.08.04-07.56.53:954][696]LogEditorViewport: Clicking on Actor (LMB): ZombieAI_C (ZombieAI)
[2015.08.04-07.56.55:692][731]LogEditorViewport: Clicking on Actor (context menu): StaticMeshActor (floorPlane_big44)
[2015.08.04-07.56.55:735][731]LogD3D11RHI: InitD3DDevice
[2015.08.04-07.56.57:321][765]LogEditorViewport: Clicking on Actor (LMB): ZombieAI_C (ZombieAI)
[2015.08.04-07.57.04:412][925]Cmd: TRANSACTION UNDO
[2015.08.04-07.57.04:412][925]LogEditorTransaction: Undo Scale Actors
[2015.08.04-07.57.04:458][925]LogD3D11RHI: InitD3DDevice
[2015.08.04-07.57.12:124][ 91]LogPlayLevel: PIE:  No blueprints needed recompiling
[2015.08.04-07.57.12:124][ 91]PIE: New page: PIE session: MansionNew (Aug 3, 2015, 9:57:12 PM)
[2015.08.04-07.57.12:135][ 91]LogPlayLevel: Creating play world package: /Game/Maps/UEDPIE_0_MansionNew
[2015.08.04-07.57.12:718][ 91]LogPlayLevel: PIE: StaticDuplicateObject took: (0.582226s)
[2015.08.04-07.57.12:721][ 91]LogAIModule: Creating AISystem for world MansionNew
[2015.08.04-07.57.12:722][ 91]LogPlayLevel: PIE: World Init took: (0.004712s)
[2015.08.04-07.57.12:723][ 91]LogPlayLevel: PIE: Created PIE world by copying editor world from /Game/Maps/MansionNew.MansionNew to /Game/Maps/UEDPIE_0_MansionNew.MansionNew (0.587984s)
[2015.08.04-07.57.12:835][ 91]LogInit: XAudio2 using 'Speakers (Realtek High Definition Audio)' : 2 channels at 48 kHz using 32 bits per sample (channel mask 0x3)
[2015.08.04-07.57.12:843][ 91]LogInit: FAudioDevice initialized.
[2015.08.04-07.57.12:845][ 91]LogD3D11RHI: InitD3DDevice
[2015.08.04-07.57.12:878][ 91]LogWorld: Game class is 'MyGame_C'
[2015.08.04-07.57.13:180][ 91]LogWorld: Bringing World /Game/Maps/UEDPIE_0_MansionNew.MansionNew up for play (max tick rate 60) at 2015.08.04-02.57.13
[2015.08.04-07.57.13:180][ 91]LogActor:Warning: GameSession /Game/Maps/UEDPIE_0_MansionNew.MansionNew:PersistentLevel.GameSession_3 has natively added scene component(s), but none of them were set as the actor's RootComponent - picking one arbitrarily
[2015.08.04-07.57.13:181][ 91]LogActor:Warning: GameNetworkManager /Game/Maps/UEDPIE_0_MansionNew.MansionNew:PersistentLevel.GameNetworkManager_3 has natively added scene component(s), but none of them were set as the actor's RootComponent - picking one arbitrarily
[2015.08.04-07.57.13:189][ 91]LogWorld: Bringing up level for play took: 0.308275
[2015.08.04-07.57.13:236][ 91]PIE: Info Play in editor start time for /Game/Maps/UEDPIE_0_MansionNew 1.188
[2015.08.04-07.57.40:281][388]LogArray:Warning: Attempted to get an item from array CallFunc_GetDataTableRowNames_OutRowNames out of bounds [5/4]!
[2015.08.04-07.57.40:281][388]LogArray:Warning: Attempted to get an item from array CallFunc_GetDataTableRowNames_OutRowNames out of bounds [6/4]!
[2015.08.04-07.58.09:403][737]LogArray:Warning: Attempted to get an item from array CallFunc_GetDataTableRowNames_OutRowNames out of bounds [5/4]!
[2015.08.04-07.58.09:403][737]LogArray:Warning: Attempted to get an item from array CallFunc_GetDataTableRowNames_OutRowNames out of bounds [6/4]!
[2015.08.04-07.59.06:599][544]LogArray:Warning: Attempted to get an item from array CallFunc_GetDataTableRowNames_OutRowNames out of bounds [5/4]!
[2015.08.04-07.59.06:599][544]LogArray:Warning: Attempted to get an item from array CallFunc_GetDataTableRowNames_OutRowNames out of bounds [6/4]!
[2015.08.04-07.59.14:597][653]LogArray:Warning: Attempted to get an item from array CallFunc_GetDataTableRowNames_OutRowNames out of bounds [5/4]!
[2015.08.04-07.59.14:597][653]LogArray:Warning: Attempted to get an item from array CallFunc_GetDataTableRowNames_OutRowNames out of bounds [6/4]!
[2015.08.04-07.59.34:473][929]LogArray:Warning: Attempted to get an item from array CallFunc_GetDataTableRowNames_OutRowNames out of bounds [5/4]!
[2015.08.04-07.59.34:473][929]LogArray:Warning: Attempted to get an item from array CallFunc_GetDataTableRowNames_OutRowNames out of bounds [6/4]!
[2015.08.04-08.00.01:697][306]LogParticles: Destroying 0 GPU particle simulations for FXSystem 0x0000000A2FBEE3E0
[2015.08.04-08.00.03:550][349]LogActorComponent: UnregisterComponent: (/Engine/Transient.CharMoveComp) Not registered. Aborting.
[2015.08.04-08.00.03:671][349]LogD3D11RHI: InitD3DDevice
[2015.08.04-08.00.04:764][349]LogD3D11RHI: InitD3DDevice
[2015.08.04-08.00.04:914][349]Cmd: OBJ SAVEPACKAGE PACKAGE="/Game/Enenmies/Zombie01/ZombieAI" FILE="../../../../../../Users/Christian/Desktop/The-Forsaken/Content/Enenmies/Zombie01/ZombieAI.uasset" SILENT=true
[2015.08.04-08.00.05:258][349]LogSavePackage: Save=191.976563ms
[2015.08.04-08.00.05:258][349]LogSavePackage: Moving '../../../../../../Users/Christian/Desktop/The-Forsaken/Saved/ZombieAI97F9A80241D76E6DEF69C0ABB811C1E5.tmp' to '../../../../../../Users/Christian/Desktop/The-Forsaken/Content/Enenmies/Zombie01/ZombieAI.uasset'
[2015.08.04-08.00.05:572][349]Cmd: OBJ SAVEPACKAGE PACKAGE="/Game/Maps/MansionNew" FILE="../../../../../../Users/Christian/Desktop/The-Forsaken/Content/Maps/MansionNew.umap" SILENT=true AUTOSAVING=false KEEPDIRTY=false
[2015.08.04-08.00.05:574][349]LogActorComponent: UnregisterComponent: (/Engine/Transient.CharMoveComp) Not registered. Aborting.
[2015.08.04-08.00.16:495][349]LogSavePackage: Save=8138.416016ms
[2015.08.04-08.00.16:495][349]LogSavePackage: Moving '../../../../../../Users/Christian/Desktop/The-Forsaken/Saved/MansionNew1D506C9F44428999967745942265E70D.tmp' to '../../../../../../Users/Christian/Desktop/The-Forsaken/Content/Maps/MansionNew.umap'
[2015.08.04-08.00.16:914][349]LogFileHelpers: Saving map 'MansionNew' took 11.613
[2015.08.04-08.07.43:908][830]LogActorComponent: UnregisterComponent: (/Engine/Transient.CharMoveComp) Not registered. Aborting.
[2015.08.04-08.07.45:072][830]LogWindowsTextInputMethodSystem:Display: IME system now deactivated.
[2015.08.04-08.07.46:834][831]Cmd: QUIT_EDITOR
[2015.08.04-08.07.48:361][831]LogExit: Preparing to exit.
[2015.08.04-08.07.50:263][831]LogExit: Editor shut down
[2015.08.04-08.07.50:263][831]LogExit: Transaction tracking system shut down
[2015.08.04-08.07.50:267][831]LogParticles: Destroying 0 GPU particle simulations for FXSystem 0x0000000A2D0CF9C0
[2015.08.04-08.07.50:268][831]LogParticles: Destroying 0 GPU particle simulations for FXSystem 0x0000000A1AD8D1C0
[2015.08.04-08.07.50:301][831]LogParticles: Destroying 0 GPU particle simulations for FXSystem 0x0000000A1AD8D440
[2015.08.04-08.07.50:319][831]LogParticles: Destroying 0 GPU particle simulations for FXSystem 0x0000000A02DBFC40
[2015.08.04-08.07.50:320][831]LogParticles: Destroying 0 GPU particle simulations for FXSystem 0x0000000A7F4CBBA0
[2015.08.04-08.07.50:339][831]LogParticles: Destroying 0 GPU particle simulations for FXSystem 0x0000000A71654B80
[2015.08.04-08.07.56:887][831]LogParticles: Destroying 0 GPU particle simulations for FXSystem 0x0000000A7357C4A0
[2015.08.04-08.07.56:887][831]LogParticles: Destroying 0 GPU particle simulations for FXSystem 0x0000000A2CFED580
[2015.08.04-08.07.56:887][831]LogExit: Object subsystem successfully closed.
[2015.08.04-08.08.01:333][831]LogD3D11RHI: Shutdown
[2015.08.04-08.08.01:333][831]LogD3D11RHI: CleanupD3DDevice
[2015.08.04-08.08.02:189][831]LogD3D11RHI: ~FD3D11DynamicRHI
[2015.08.04-08.08.06:135][831]LogModuleManager: Shutting down and abandoning module CrashTracker (188)
[2015.08.04-08.08.06:135][831]LogModuleManager: Shutting down and abandoning module SceneOutliner (187)
[2015.08.04-08.08.06:135][831]LogModuleManager: Shutting down and abandoning module SuperSearch (186)
[2015.08.04-08.08.06:135][831]LogModuleManager: Shutting down and abandoning module WidgetCarousel (185)
[2015.08.04-08.08.06:180][831]LogModuleManager: Shutting down and abandoning module AddContentDialog (184)
[2015.08.04-08.08.06:213][831]LogModuleManager: Shutting down and abandoning module EditorWidgets (183)
[2015.08.04-08.08.06:214][831]LogModuleManager: Shutting down and abandoning module CollectionManager (182)
[2015.08.04-08.08.06:268][831]LogModuleManager: Shutting down and abandoning module StatsViewer (181)
[2015.08.04-08.08.06:310][831]LogModuleManager: Shutting down and abandoning module FoliageEdit (180)
[2015.08.04-08.08.06:350][831]LogModuleManager: Shutting down and abandoning module LandscapeEditor (179)
[2015.08.04-08.08.06:469][831]LogModuleManager: Shutting down and abandoning module ActorPickerMode (178)
[2015.08.04-08.08.06:469][831]LogModuleManager: Shutting down and abandoning module GeometryMode (177)
[2015.08.04-08.08.06:469][831]LogModuleManager: Shutting down and abandoning module TextureAlignMode (176)
[2015.08.04-08.08.06:469][831]LogModuleManager: Shutting down and abandoning module BspMode (175)
[2015.08.04-08.08.06:469][831]LogModuleManager: Shutting down and abandoning module PlacementMode (174)
[2015.08.04-08.08.06:489][831]LogModuleManager: Shutting down and abandoning module AutomationWorker (173)
[2015.08.04-08.08.06:489][831]LogModuleManager: Shutting down and abandoning module CharacterAI (172)
[2015.08.04-08.08.06:490][831]LogModuleManager: Shutting down and abandoning module SmartSnapping (171)
[2015.08.04-08.08.06:490][831]LogModuleManager: Shutting down and abandoning module ViewportSnapping (170)
[2015.08.04-08.08.06:490][831]LogModuleManager: Shutting down and abandoning module LogVisualizer (169)
[2015.08.04-08.08.06:658][831]LogModuleManager: Shutting down and abandoning module GameProjectGeneration (168)
[2015.08.04-08.08.06:737][831]LogModuleManager: Shutting down and abandoning module IntroTutorials (167)
[2015.08.04-08.08.06:870][831]LogModuleManager: Shutting down and abandoning module EditorLiveStreaming (166)
[2015.08.04-08.08.06:870][831]LogModuleManager: Shutting down and abandoning module IOSPlatformEditor (165)
[2015.08.04-08.08.06:905][831]LogModuleManager: Shutting down and abandoning module HTML5PlatformEditor (164)
[2015.08.04-08.08.06:906][831]LogModuleManager: Shutting down and abandoning module AndroidDeviceDetection (163)
[2015.08.04-08.08.07:452][831]LogModuleManager: Shutting down and abandoning module AndroidPlatformEditor (162)
[2015.08.04-08.08.07:452][831]LogModuleManager: Shutting down and abandoning module IOSRuntimeSettings (161)
[2015.08.04-08.08.07:452][831]LogModuleManager: Shutting down and abandoning module AndroidRuntimeSettings (160)
[2015.08.04-08.08.07:452][831]LogModuleManager: Shutting down and abandoning module MergeActors (159)
[2015.08.04-08.08.07:515][831]LogModuleManager: Shutting down and abandoning module SizeMap (158)
[2015.08.04-08.08.07:515][831]LogModuleManager: Shutting down and abandoning module TreeMap (157)
[2015.08.04-08.08.07:595][831]LogModuleManager: Shutting down and abandoning module ReferenceViewer (156)
[2015.08.04-08.08.07:595][831]LogModuleManager: Shutting down and abandoning module LocalizationDashboard (155)
[2015.08.04-08.08.07:634][831]LogModuleManager: Shutting down and abandoning module HardwareTargeting (154)
[2015.08.04-08.08.07:634][831]LogModuleManager: Shutting down and abandoning module DeviceProfileEditor (153)
[2015.08.04-08.08.07:674][831]LogModuleManager: Shutting down and abandoning module UndoHistory (152)
[2015.08.04-08.08.07:711][831]LogModuleManager: Shutting down and abandoning module GameplayTagsEditor (151)
[2015.08.04-08.08.07:725][831]LogModuleManager: Shutting down and abandoning module UserFeedback (150)
[2015.08.04-08.08.07:725][831]LogModuleManager: Shutting down and abandoning module XmlParser (149)
[2015.08.04-08.08.07:748][831]LogModuleManager: Shutting down and abandoning module Blutility (148)
[2015.08.04-08.08.07:748][831]LogModuleManager: Shutting down and abandoning module ProjectTargetPlatformEditor (147)
[2015.08.04-08.08.07:748][831]LogModuleManager: Shutting down and abandoning module ProjectSettingsViewer (146)
[2015.08.04-08.08.07:748][831]LogModuleManager: Shutting down and abandoning module InputBindingEditor (145)
[2015.08.04-08.08.07:854][831]LogModuleManager: Shutting down and abandoning module EditorSettingsViewer (144)
[2015.08.04-08.08.07:854][831]LogModuleManager: Shutting down and abandoning module SettingsEditor (143)
[2015.08.04-08.08.07:917][831]LogModuleManager: Shutting down and abandoning module ProjectLauncher (142)
[2015.08.04-08.08.07:965][831]LogModuleManager: Shutting down and abandoning module SessionFrontend (141)
[2015.08.04-08.08.08:070][831]LogModuleManager: Shutting down and abandoning module ProfilerClient (140)
[2015.08.04-08.08.08:102][831]LogModuleManager: Shutting down and abandoning module TargetDeviceServices (139)
[2015.08.04-08.08.08:102][831]LogModuleManager: Shutting down and abandoning module DeviceManager (138)
[2015.08.04-08.08.08:154][831]LogModuleManager: Shutting down and abandoning module AutomationController (137)
[2015.08.04-08.08.08:188][831]LogModuleManager: Shutting down and abandoning module AutomationWindow (136)
[2015.08.04-08.08.08:211][831]LogModuleManager: Shutting down and abandoning module Layers (135)
[2015.08.04-08.08.08:328][831]LogModuleManager: Shutting down and abandoning module ComponentVisualizers (134)
[2015.08.04-08.08.08:328][831]LogModuleManager: Shutting down and abandoning module DetailCustomizations (133)
[2015.08.04-08.08.08:329][831]LogModuleManager: Shutting down and abandoning module PackagesDialog (132)
[2015.08.04-08.08.08:329][831]LogModuleManager: Shutting down and abandoning module AssetRegistry (131)
[2015.08.04-08.08.08:698][831]LogModuleManager: Shutting down and abandoning module Persona (130)
[2015.08.04-08.08.09:080][831]LogModuleManager: Shutting down and abandoning module Kismet (129)
[2015.08.04-08.08.09:080][831]LogModuleManager: Shutting down and abandoning module GraphEditor (128)
[2015.08.04-08.08.09:080][831]LogModuleManager: Shutting down and abandoning module ClassViewer (127)
[2015.08.04-08.08.09:140][831]LogModuleManager: Shutting down and abandoning module Toolbox (126)
[2015.08.04-08.08.09:140][831]LogModuleManager: Shutting down and abandoning module ModuleUI (125)
[2015.08.04-08.08.09:179][831]LogModuleManager: Shutting down and abandoning module MovieSceneTools (124)
[2015.08.04-08.08.09:238][831]LogModuleManager: Shutting down and abandoning module OutputLog (123)
[2015.08.04-08.08.09:238][831]LogModuleManager: Shutting down and abandoning module GammaUI (122)
[2015.08.04-08.08.09:265][831]LogModuleManager: Shutting down and abandoning module Documentation (121)
[2015.08.04-08.08.09:265][831]LogModuleManager: Shutting down and abandoning module GameLiveStreaming (120)
[2015.08.04-08.08.09:311][831]LogModuleManager: Shutting down and abandoning module StreamingPauseRendering (119)
[2015.08.04-08.08.09:311][831]LogModuleManager: Shutting down and abandoning module AnalyticsET (118)
[2015.08.04-08.08.09:311][831]LogModuleManager: Shutting down and abandoning module Analytics (117)
[2015.08.04-08.08.09:311][831]LogModuleManager: Shutting down and abandoning module AITestSuite (116)
[2015.08.04-08.08.09:330][831]LogModuleManager: Shutting down and abandoning module GameplayDebugger (115)
[2015.08.04-08.08.09:330][831]LogModuleManager: Shutting down and abandoning module AIModule (114)
[2015.08.04-08.08.09:330][831]LogModuleManager: Shutting down and abandoning module ProfilerService (113)
[2015.08.04-08.08.09:373][831]LogModuleManager: Shutting down and abandoning module TaskGraph (112)
[2015.08.04-08.08.09:414][831]LogModuleManager: Shutting down and abandoning module SlateRemote (111)
[2015.08.04-08.08.09:414][831]LogModuleManager: Shutting down and abandoning module SteamVRController (110)
[2015.08.04-08.08.09:414][831]LogModuleManager: Shutting down and abandoning module SteamVR (109)
[2015.08.04-08.08.09:414][831]LogModuleManager: Shutting down and abandoning module ProceduralMeshComponent (108)
[2015.08.04-08.08.09:414][831]LogModuleManager: Shutting down and abandoning module OculusRift (107)
[2015.08.04-08.08.09:414][831]LogModuleManager: Shutting down and abandoning module LeapMotionController (106)
[2015.08.04-08.08.09:643][831]LogModuleManager: Shutting down and abandoning module CustomMeshComponent (105)
[2015.08.04-08.08.09:643][831]LogModuleManager: Shutting down and abandoning module CableComponent (104)
[2015.08.04-08.08.09:665][831]LogModuleManager: Shutting down and abandoning module MessagingDebugger (103)
[2015.08.04-08.08.09:708][831]LogModuleManager: Shutting down and abandoning module MediaPlayerEditor (102)
[2015.08.04-08.08.09:739][831]LogModuleManager: Shutting down and abandoning module SpeedTreeImporter (101)
[2015.08.04-08.08.09:739][831]LogModuleManager: Shutting down and abandoning module PluginBrowser (100)
[2015.08.04-08.08.09:756][831]LogModuleManager: Shutting down and abandoning module EpicSurvey (99)
[2015.08.04-08.08.09:772][831]LogModuleManager: Shutting down and abandoning module DesktopPlatform (98)
[2015.08.04-08.08.09:836][831]LogModuleManager: Shutting down and abandoning module VisualStudioSourceCodeAccess (97)
[2015.08.04-08.08.09:860][831]LogModuleManager: Shutting down and abandoning module UObjectPlugin (96)
[2015.08.04-08.08.09:860][831]LogModuleManager: Shutting down and abandoning module SubversionSourceControl (95)
[2015.08.04-08.08.10:151][831]LogModuleManager: Shutting down and abandoning module PerforceSourceControl (94)
[2015.08.04-08.08.10:271][831]LogModuleManager: Shutting down and abandoning module SourceControl (93)
[2015.08.04-08.08.10:743][831]LogModuleManager: Shutting down and abandoning module GitSourceControl (92)
[2015.08.04-08.08.10:848][831]LogModuleManager: Shutting down and abandoning module BlankPlugin (91)
[2015.08.04-08.08.10:848][831]LogModuleManager: Shutting down and abandoning module PaperTiledImporter (90)
[2015.08.04-08.08.10:849][831]LogModuleManager: Shutting down and abandoning module PaperSpriteSheetImporter (89)
[2015.08.04-08.08.10:849][831]LogModuleManager: Shutting down and abandoning module MeshPaint (88)
[2015.08.04-08.08.10:907][831]LogModuleManager: Shutting down and abandoning module SlateReflector (87)
[2015.08.04-08.08.10:959][831]LogModuleManager: Shutting down and abandoning module DirectoryWatcher (86)
[2015.08.04-08.08.10:964][831]LogModuleManager: Shutting down and abandoning module HotReload (85)
[2015.08.04-08.08.10:964][831]LogModuleManager: Shutting down and abandoning module MainFrame (84)
[2015.08.04-08.08.10:965][831]LogModuleManager: Shutting down and abandoning module LevelEditor (83)
[2015.08.04-08.08.10:989][831]LogModuleManager: Shutting down and abandoning module ContentBrowser (82)
[2015.08.04-08.08.10:992][831]LogModuleManager: Shutting down and abandoning module Paper2DEditor (81)
[2015.08.04-08.08.11:083][831]LogModuleManager: Shutting down and abandoning module UdpMessaging (80)
[2015.08.04-08.08.11:183][831]LogModuleManager: Shutting down and abandoning module Paper2D (79)
[2015.08.04-08.08.11:210][831]LogModuleManager: Shutting down and abandoning module WindowsMoviePlayer (78)
[2015.08.04-08.08.11:237][831]LogModuleManager: Shutting down and abandoning module Media (77)
[2015.08.04-08.08.11:237][831]LogModuleManager: Shutting down and abandoning module WmfMedia (76)
[2015.08.04-08.08.11:413][831]LogModuleManager: Shutting down and abandoning module OnlineBlueprintSupport (75)
[2015.08.04-08.08.11:413][831]LogModuleManager: Shutting down and abandoning module PropertyEditor (74)
[2015.08.04-08.08.11:413][831]LogModuleManager: Shutting down and abandoning module BehaviorTreeEditor (73)
[2015.08.04-08.08.11:505][831]LogModuleManager: Shutting down and abandoning module FunctionalTesting (72)
[2015.08.04-08.08.11:516][831]LogModuleManager: Shutting down and abandoning module CollisionAnalyzer (71)
[2015.08.04-08.08.11:534][831]LogModuleManager: Shutting down and abandoning module WorkspaceMenuStructure (70)
[2015.08.04-08.08.11:534][831]LogModuleManager: Shutting down and abandoning module MessageLog (69)
[2015.08.04-08.08.11:534][831]LogModuleManager: Shutting down and abandoning module Sequencer (68)
[2015.08.04-08.08.11:616][831]LogModuleManager: Shutting down and abandoning module AssetTools (67)
[2015.08.04-08.08.11:665][831]LogModuleManager: Shutting down and abandoning module UMGEditor (66)
[2015.08.04-08.08.11:722][831]LogModuleManager: Shutting down and abandoning module UMG (65)
[2015.08.04-08.08.11:722][831]LogModuleManager: Shutting down and abandoning module Slate (64)
[2015.08.04-08.08.11:722][831]LogModuleManager: Shutting down and abandoning module EditorStyle (63)
[2015.08.04-08.08.11:815][831]LogModuleManager: Shutting down and abandoning module SessionServices (62)
[2015.08.04-08.08.11:815][831]LogModuleManager: Shutting down and abandoning module SourceCodeAccess (61)
[2015.08.04-08.08.11:815][831]LogModuleManager: Shutting down and abandoning module HeadMountedDisplay (60)
[2015.08.04-08.08.11:815][831]LogModuleManager: Shutting down and abandoning module XAudio2 (59)
[2015.08.04-08.08.11:815][831]LogModuleManager: Shutting down and abandoning module Networking (57)
[2015.08.04-08.08.11:815][831]LogModuleManager: Shutting down and abandoning module Core (56)
[2015.08.04-08.08.11:815][831]LogModuleManager: Shutting down and abandoning module KismetCompiler (55)
[2015.08.04-08.08.11:815][831]LogModuleManager: Shutting down and abandoning module PhysXFormats (54)
[2015.08.04-08.08.11:846][831]LogModuleManager: Shutting down and abandoning module MeshUtilities (53)
[2015.08.04-08.08.11:863][831]LogModuleManager: Shutting down and abandoning module DerivedDataCache (52)
[2015.08.04-08.08.11:917][831]LogDerivedDataCache: Shutdown
[2015.08.04-08.08.11:917][831]LogModuleManager: Shutting down and abandoning module ShaderFormatOpenGL (51)
[2015.08.04-08.08.11:928][831]LogModuleManager: Shutting down and abandoning module ShaderFormatD3D (50)
[2015.08.04-08.08.11:961][831]LogModuleManager: Shutting down and abandoning module MetalShaderFormat (49)
[2015.08.04-08.08.11:992][831]LogModuleManager: Shutting down and abandoning module TextureFormatUncompressed (48)
[2015.08.04-08.08.11:993][831]LogModuleManager: Shutting down and abandoning module TextureFormatPVR (47)
[2015.08.04-08.08.12:028][831]LogModuleManager: Shutting down and abandoning module TextureFormatIntelISPCTexComp (46)
[2015.08.04-08.08.12:054][831]LogModuleManager: Shutting down and abandoning module TextureFormatDXT (45)
[2015.08.04-08.08.12:086][831]LogModuleManager: Shutting down and abandoning module ImageWrapper (44)
[2015.08.04-08.08.12:086][831]LogModuleManager: Shutting down and abandoning module TextureFormatASTC (43)
[2015.08.04-08.08.12:086][831]LogModuleManager: Shutting down and abandoning module TextureFormatAndroid (42)
[2015.08.04-08.08.12:086][831]LogModuleManager: Shutting down and abandoning module AudioFormatOpus (41)
[2015.08.04-08.08.12:098][831]LogModuleManager: Shutting down and abandoning module AudioFormatOgg (40)
[2015.08.04-08.08.12:123][831]LogModuleManager: Shutting down and abandoning module AudioFormatADPCM (39)
[2015.08.04-08.08.12:123][831]LogModuleManager: Shutting down and abandoning module LinuxTargetPlatform (38)
[2015.08.04-08.08.12:123][831]LogModuleManager: Shutting down and abandoning module LinuxServerTargetPlatform (37)
[2015.08.04-08.08.12:146][831]LogModuleManager: Shutting down and abandoning module LinuxNoEditorTargetPlatform (36)
[2015.08.04-08.08.12:170][831]LogModuleManager: Shutting down and abandoning module Messaging (35)
[2015.08.04-08.08.12:170][831]LogModuleManager: Shutting down and abandoning module IOSTargetPlatform (34)
[2015.08.04-08.08.12:170][831]LogModuleManager: Shutting down and abandoning module HTML5TargetPlatform (33)
[2015.08.04-08.08.12:170][831]LogModuleManager: Shutting down and abandoning module Android_PVRTCTargetPlatform (32)
[2015.08.04-08.08.12:170][831]LogModuleManager: Shutting down and abandoning module Android_ETC2TargetPlatform (31)
[2015.08.04-08.08.12:170][831]LogModuleManager: Shutting down and abandoning module Android_ETC1TargetPlatform (30)
[2015.08.04-08.08.12:170][831]LogModuleManager: Shutting down and abandoning module Android_DXTTargetPlatform (29)
[2015.08.04-08.08.12:170][831]LogModuleManager: Shutting down and abandoning module Android_ATCTargetPlatform (28)
[2015.08.04-08.08.12:170][831]LogModuleManager: Shutting down and abandoning module Android_ASTCTargetPlatform (27)
[2015.08.04-08.08.12:170][831]LogModuleManager: Shutting down and abandoning module AndroidTargetPlatform (26)
[2015.08.04-08.08.12:170][831]LogModuleManager: Shutting down and abandoning module WindowsTargetPlatform (25)
[2015.08.04-08.08.12:193][831]LogModuleManager: Shutting down and abandoning module WindowsServerTargetPlatform (24)
[2015.08.04-08.08.12:193][831]LogModuleManager: Shutting down and abandoning module WindowsNoEditorTargetPlatform (23)
[2015.08.04-08.08.12:193][831]LogModuleManager: Shutting down and abandoning module WindowsClientTargetPlatform (22)
[2015.08.04-08.08.12:193][831]LogModuleManager: Shutting down and abandoning module DesktopTargetPlatform (21)
[2015.08.04-08.08.12:193][831]LogModuleManager: Shutting down and abandoning module TargetPlatform (20)
[2015.08.04-08.08.12:262][831]LogModuleManager: Shutting down and abandoning module InputCore (19)
[2015.08.04-08.08.12:262][831]LogModuleManager: Shutting down and abandoning module Settings (18)
[2015.08.04-08.08.12:262][831]LogModuleManager: Shutting down and abandoning module OnlineSubsystem (16)
[2015.08.04-08.08.12:262][831]LogModuleManager: Shutting down and abandoning module HTTP (15)
[2015.08.04-08.08.12:323][831]LogModuleManager: Shutting down and abandoning module ExampleDeviceProfileSelector (14)
[2015.08.04-08.08.12:323][831]LogModuleManager: Shutting down and abandoning module TextureCompressor (13)
[2015.08.04-08.08.12:457][831]LogModuleManager: Shutting down and abandoning module ShaderCore (12)
[2015.08.04-08.08.12:457][831]LogModuleManager: Shutting down and abandoning module Landscape (11)
[2015.08.04-08.08.12:457][831]LogModuleManager: Shutting down and abandoning module SlateRHIRenderer (10)
[2015.08.04-08.08.12:536][831]LogModuleManager: Shutting down and abandoning module OpenGLDrv (9)
[2015.08.04-08.08.12:549][831]LogModuleManager: Shutting down and abandoning module D3D11RHI (8)
[2015.08.04-08.08.12:549][831]LogModuleManager: Shutting down and abandoning module Renderer (7)
[2015.08.04-08.08.12:549][831]LogModuleManager: Shutting down and abandoning module Engine (6)
[2015.08.04-08.08.12:549][831]LogModuleManager: Shutting down and abandoning module CoreUObject (5)
[2015.08.04-08.08.12:549][831]LogModuleManager: Shutting down and abandoning module NetworkFile (4)
[2015.08.04-08.08.12:583][831]LogModuleManager: Shutting down and abandoning module StreamingFile (3)
[2015.08.04-08.08.12:593][831]LogModuleManager: Shutting down and abandoning module SandboxFile (2)
[2015.08.04-08.08.12:751][831]LogModuleManager: Shutting down and abandoning module PakFile (1)
[2015.08.04-08.08.12:936][831]LogExit: Exiting.
[2015.08.04-08.08.13:901][831]Log file closed, 08/04/15 03:08:13
