[2015.08.05-05.45.18:189][  0]Log file open, 08/05/15 00:45:18
[2015.08.05-05.45.18:189][  0]LogInit:Display: Running engine for game: TheForsakens
[2015.08.05-05.45.18:189][  0]LogInit:Display: RandInit(-2026707259) SRandInit(-2026707258).
[2015.08.05-05.45.18:189][  0]LogTaskGraph: Started task graph with 4 named threads and 5 total threads.
[2015.08.05-05.45.18:189][  0]LogStats: Stats thread started
[2015.08.05-05.45.18:189][  0]LogInit: Version: 4.8.3-2634408+++depot+UE4-Releases+4.8
[2015.08.05-05.45.18:189][  0]LogInit: API Version: 2579680
[2015.08.05-05.45.18:189][  0]LogInit: Compiled (64-bit): Jul 27 2015 16:24:33
[2015.08.05-05.45.18:189][  0]LogInit: Compiled with Visual C++: 18.00.21005.01
[2015.08.05-05.45.18:189][  0]LogInit: Build Configuration: Development
[2015.08.05-05.45.18:189][  0]LogInit: Branch Name: ++depot+UE4-Releases+4.8
[2015.08.05-05.45.18:189][  0]LogInit: Command line:  
[2015.08.05-05.45.18:189][  0]LogInit: Base directory: C:/Program Files/Epic Games/4.8/Engine/Binaries/Win64/
[2015.08.05-05.45.18:189][  0]LogInit: Rocket: 1
[2015.08.05-05.45.18:211][  0]LogInit: Using libcurl 7.41.0
[2015.08.05-05.45.18:211][  0]LogInit:  - built for x86_64-pc-win32
[2015.08.05-05.45.18:212][  0]LogInit:  - supports SSL with WinSSL
[2015.08.05-05.45.18:212][  0]LogInit:  - other features:
[2015.08.05-05.45.18:212][  0]LogInit:      CURL_VERSION_SSL
[2015.08.05-05.45.18:212][  0]LogInit:      CURL_VERSION_IPV6
[2015.08.05-05.45.18:212][  0]LogInit:      CURL_VERSION_ASYNCHDNS
[2015.08.05-05.45.18:212][  0]LogInit:      CURL_VERSION_LARGEFILE
[2015.08.05-05.45.18:212][  0]LogInit:      CURL_VERSION_IDN
[2015.08.05-05.45.18:212][  0]LogInit:  CurlRequestOptions (configurable via config and command line):
[2015.08.05-05.45.18:212][  0]LogInit:  - bVerifyPeer = true  - Libcurl will verify peer certificate
[2015.08.05-05.45.18:212][  0]LogInit:  - bUseHttpProxy = false  - Libcurl will NOT use HTTP proxy
[2015.08.05-05.45.18:212][  0]LogInit:  - bDontReuseConnections = false  - Libcurl will reuse connections
[2015.08.05-05.45.18:212][  0]LogInit:  - CertBundlePath = nullptr  - Libcurl will use whatever was configured at build time.
[2015.08.05-05.45.18:229][  0]LogOnline:Warning: No default platform service specified for OnlineSubsystem
[2015.08.05-05.45.18:250][  0]LogInit: Presizing for 0 objects not considered by GC, pre-allocating 0 bytes.
[2015.08.05-05.45.18:263][  0]LogInit: Object subsystem initialized
[2015.08.05-05.45.18:264][  0]LogConsoleResponse:Warning: Skipping Unknown console variable: 'TranslucentSortAxis = (X=0.000000,Y=-1.000000,Z=0.000000)'
[2015.08.05-05.45.18:264][  0]LogConsoleResponse:Warning:   Found in ini file 'C:/Users/Christian/Desktop/The-Forsaken/Saved/Config/Windows/Engine.ini', in section '[/Script/Engine.RendererSettings]'
[2015.08.05-05.45.18:264][  0]LogConsoleResponse:Warning: Skipping Unknown console variable: 'UIScaleRule = ShortestSide'
[2015.08.05-05.45.18:264][  0]LogConsoleResponse:Warning:   Found in ini file 'C:/Users/Christian/Desktop/The-Forsaken/Saved/Config/Windows/Engine.ini', in section '[/Script/Engine.RendererSettings]'
[2015.08.05-05.45.18:264][  0]LogConsoleResponse:Warning: Skipping Unknown console variable: 'UIScaleCurve = (EditorCurveData=(Keys=),ExternalCurve=None)'
[2015.08.05-05.45.18:264][  0]LogConsoleResponse:Warning:   Found in ini file 'C:/Users/Christian/Desktop/The-Forsaken/Saved/Config/Windows/Engine.ini', in section '[/Script/Engine.RendererSettings]'
[2015.08.05-05.45.18:265][  0]LogInit: Selected Device Profile: [Windows]
[2015.08.05-05.45.18:265][  0]LogInit: Applying CVar settings loaded from the selected device profile: [Windows]
[2015.08.05-05.45.18:275][  0]LogInit: Computer: CHRISTIANGAMING
[2015.08.05-05.45.18:275][  0]LogInit: User: Christian
[2015.08.05-05.45.18:275][  0]LogInit: CPU Page size=4096, Cores=2
[2015.08.05-05.45.18:275][  0]LogInit: High frequency timer resolution =2.143569 MHz
[2015.08.05-05.45.18:275][  0]LogMemory: Memory total: Physical=3.9GB (4GB approx)
[2015.08.05-05.45.18:275][  0]LogMemory: Platform Memory Stats for Windows
[2015.08.05-05.45.18:275][  0]LogMemory: Process Physical Memory: 52.59 MB used, 52.59 MB peak
[2015.08.05-05.45.18:275][  0]LogMemory: Process Virtual Memory: 25.04 MB used, 25.04 MB peak
[2015.08.05-05.45.18:275][  0]LogMemory: Physical Memory: 2181.82 MB used, 3983.27 MB total
[2015.08.05-05.45.18:275][  0]LogMemory: Virtual Memory: 293.65 MB used, 8388608.00 MB total
[2015.08.05-05.45.18:315][  0]LogTextLocalizationManager: The requested culture ('en_US') has no localization data; parent culture's ('en') localization data will be used.
[2015.08.05-05.45.18:657][  0]LogTextLocalizationManager:Warning: Loaded localization resources contain conflicting entries for (Namespace:ContentBrowser, Key:ImportAssetToolTip):
Localization Resource: (C:/Program Files/Epic Games/4.8/Engine/Content/Localization/Editor/en/Editor.locres) Source String Hash: (-630476809) Localized String: (Import to {0}...)
Localization Resource: (C:/Program Files/Epic Games/4.8/Engine/Content/Localization/Editor/en/Editor.locres) Source String Hash: (1271782899) Localized String: (Imports an asset from file to this folder.)
[2015.08.05-05.45.19:448][  0]LogD3D11RHI: Found D3D11 adapter 0: Intel(R) HD Graphics 3000 (Feature Level 10_0)
[2015.08.05-05.45.19:448][  0]LogD3D11RHI: Adapter has 32MB of dedicated video memory, 0MB of dedicated system memory, and 1632MB of shared system memory, 1 output[s]
[2015.08.05-05.45.19:449][  0]LogD3D11RHI: Found D3D11 adapter 1: Microsoft Basic Render Driver (Feature Level 11_0)
[2015.08.05-05.45.19:449][  0]LogD3D11RHI: Adapter has 0MB of dedicated video memory, 0MB of dedicated system memory, and 256MB of shared system memory, 0 output[s]
[2015.08.05-05.45.19:449][  0]LogD3D11RHI: Chosen D3D11 Adapter Id = 0
[2015.08.05-05.45.19:466][  0]LogD3D11RHI: InitD3DDevice
[2015.08.05-05.45.19:466][  0]LogD3D11RHI: !Direct3DDevice
[2015.08.05-05.45.19:466][  0]LogRHI: Texture pool is 593 MB (70% of 848 MB)
[2015.08.05-05.45.19:470][  0]LogD3D11RHI: Async texture creation enabled
[2015.08.05-05.45.19:486][  0]LogShaderCompilers:Display: Using Local Shader Compiler.
[2015.08.05-05.45.20:926][  0]LogTemp:Display: Loaded TP DesktopTargetPlatform
[2015.08.05-05.45.20:950][  0]LogTemp:Display: Loaded TP WindowsClientTargetPlatform
[2015.08.05-05.45.20:973][  0]LogTemp:Display: Loaded TP WindowsNoEditorTargetPlatform
[2015.08.05-05.45.20:996][  0]LogTemp:Display: Loaded TP WindowsServerTargetPlatform
[2015.08.05-05.45.21:026][  0]LogTemp:Display: Loaded TP WindowsTargetPlatform
[2015.08.05-05.45.21:047][  0]LogTemp:Display: Loaded TP AndroidTargetPlatform
[2015.08.05-05.45.21:068][  0]LogTemp:Display: Loaded TP Android_ASTCTargetPlatform
[2015.08.05-05.45.21:086][  0]LogTemp:Display: Loaded TP Android_ATCTargetPlatform
[2015.08.05-05.45.21:105][  0]LogTemp:Display: Loaded TP Android_DXTTargetPlatform
[2015.08.05-05.45.21:124][  0]LogTemp:Display: Loaded TP Android_ETC1TargetPlatform
[2015.08.05-05.45.21:143][  0]LogTemp:Display: Loaded TP Android_ETC2TargetPlatform
[2015.08.05-05.45.21:166][  0]LogTemp:Display: Loaded TP Android_PVRTCTargetPlatform
[2015.08.05-05.45.21:239][  0]LogTemp:Display: Loaded TP IOSTargetPlatform
[2015.08.05-05.45.21:257][  0]LogTemp:Display: Loaded TP LinuxNoEditorTargetPlatform
[2015.08.05-05.45.21:301][  0]LogTemp:Display: Loaded TP LinuxServerTargetPlatform
[2015.08.05-05.45.21:328][  0]LogTemp:Display: Loaded TP LinuxTargetPlatform
[2015.08.05-05.45.21:328][  0]LogTargetPlatformManager:Display: Building Assets For Windows
[2015.08.05-05.45.21:671][  0]LogDerivedDataCache:Display: Max Cache Size: 512 MB
[2015.08.05-05.45.21:792][  0]LogDerivedDataCache: Loaded boot cache 0.12s 48MB C:/Users/Christian/AppData/Local/UnrealEngine/4.8/DerivedDataCache/Boot.ddc.
[2015.08.05-05.45.21:792][  0]LogDerivedDataCache:Display: Loaded Boot cache: C:/Users/Christian/AppData/Local/UnrealEngine/4.8/DerivedDataCache/Boot.ddc
[2015.08.05-05.45.21:792][  0]LogDerivedDataCache: FDerivedDataBackendGraph:  Pak pak cache file ../../../../../../Users/Christian/Desktop/The-Forsaken/DerivedDataCache/DDC.ddp not found, will not use a pak cache.
[2015.08.05-05.45.21:792][  0]LogDerivedDataCache: Unable to find inner node Pak for hierarchical cache Hierarchy.
[2015.08.05-05.45.21:792][  0]LogDerivedDataCache: FDerivedDataBackendGraph:  CompressedPak pak cache file ../../../../../../Users/Christian/Desktop/The-Forsaken/DerivedDataCache/Compressed.ddp not found, will not use a pak cache.
[2015.08.05-05.45.21:792][  0]LogDerivedDataCache: Unable to find inner node CompressedPak for hierarchical cache Hierarchy.
[2015.08.05-05.45.22:036][  0]LogDerivedDataCache:Display: Pak cache opened for reading ../../../Engine/DerivedDataCache/Compressed.ddp.
[2015.08.05-05.45.22:048][  0]LogDerivedDataCache: Using Local data cache path C:/Users/Christian/AppData/Local/UnrealEngine/Common/DerivedDataCache: Writable
[2015.08.05-05.45.22:505][  0]LogInit: Selected Device Profile: [Windows]
[2015.08.05-05.45.22:648][  0]ImportText (ComponentSweepMultiTests): Missing closing parenthesis: (RootShapeAsset="/Engine/BasicShapes/Cube.Cube",ShapeType="TriggerCapsule",HitResult=(Time=0.50,Location=(X=-100.000015,Y=0.0,Z=100.000015),ImpactPoint=(X=-50.0,Y=0.0,Z=50.0),Normal=(X=-1.0,Y=-0.0,Z=0.0),ImpactNormal=(X=0.0,Y=0.0,Z=1.0),TraceStart=(X=-200.0,Y=0.0,Z=200.0),TraceEnd=(X=0.0,Y=0.0,Z=0.0))
[2015.08.05-05.45.22:648][  0]ImportText (LineTraceSingleByChannelTests): Missing closing parenthesis: (RootShapeAsset="/Engine/BasicShapes/Cube.Cube",HitResult=(Time=0.50,Location=(X=-100.000015,Y=0.0,Z=100.000015),ImpactPoint=(X=-50.0,Y=0.0,Z=50.0),Normal=(X=-1.0,Y=-0.0,Z=0.0),ImpactNormal=(X=0.0,Y=0.0,Z=1.0),TraceStart=(X=-200.0,Y=0.0,Z=200.0),TraceEnd=(X=0.0,Y=0.0,Z=0.0))
[2015.08.05-05.45.22:695][  0]LogMeshUtilities: No automatic mesh reduction module available
[2015.08.05-05.45.22:695][  0]LogMeshUtilities: No automatic mesh merging module available
[2015.08.05-05.45.23:423][  0]LogInit: WinSock: version 1.1 (2.2), MaxSocks=32767, MaxUdp=65467
[2015.08.05-05.45.25:510][  0]UdpMessaging: Initializing bridge on interface 0.0.0.0:0 to multicast group 230.0.0.1:6666.
[2015.08.05-05.45.26:131][  0]SourceControl: Info Source control is disabled
[2015.08.05-05.45.26:143][  0]SourceControl: Info Source control is disabled
[2015.08.05-05.45.26:161][  0]SourceControl: Info Source control is disabled
[2015.08.05-05.45.26:176][  0]SourceControl: Info Source control is disabled
[2015.08.05-05.45.26:562][  0]LogObj: 26273 objects as part of root set at end of initial load.
[2015.08.05-05.45.26:563][  0]LogUObjectAllocator: 5409248 out of 0 bytes used by permanent object pool.
[2015.08.05-05.45.26:676][  0]LogEngine: Initializing Engine...
[2015.08.05-05.45.26:679][  0]LogHMD: Can't find Oculus library dev build: is proper Runtime installed? Version: 0.6.0.0
[2015.08.05-05.45.26:680][  0]LogHMD:Warning: SteamVR failed to initialize.  Error: 110
[2015.08.05-05.45.26:973][  0]LogAIModule: Creating AISystem for world NewWorld
[2015.08.05-05.45.26:977][  0]LogInit: XAudio2 using 'Speakers (Realtek High Definition Audio)' : 2 channels at 48 kHz using 32 bits per sample (channel mask 0x3)
[2015.08.05-05.45.27:004][  0]LogInit: FAudioDevice initialized.
[2015.08.05-05.45.27:048][  0]LogDerivedDataCache: Saved boot cache 0.04s 48MB C:/Users/Christian/AppData/Local/UnrealEngine/4.8/DerivedDataCache/Boot.ddc.
[2015.08.05-05.45.27:065][  0]LogInit: Texture streaming: Disabled
[2015.08.05-05.45.27:111][  0]LogAnalytics: Creating configured Analytics provider AnalyticsET
[2015.08.05-05.45.27:111][  0]LogAnalytics: [UEEditor.Rocket.Release] APIServer = http://et2.epicgames.com/ET2/. AppVersion = 4.8.3-2634408+++depot+UE4-Releases+4.8
[2015.08.05-05.45.27:111][  0]LogAnalytics: [UEEditor.Rocket.Release] SetUserId d520111f42444ed2ae17ceb4cce854a2|256081b0662a4905b440382e278adc23|3ae4f12a-3c0a-4aaf-bb63-a78589ca1625
[2015.08.05-05.45.27:111][  0]LogAnalytics: [UEEditor.Rocket.Release] AnalyticsET::StartSession
[2015.08.05-05.45.27:192][  0]LogInit: Transaction tracking system initialized
[2015.08.05-05.45.27:516][  0]BlueprintLog: New page: Editor Load
[2015.08.05-05.45.27:572][  0]LogAssetRegistry: FAssetRegistry took 0.0113 seconds to start up
[2015.08.05-05.45.27:573][  0]LogDirectoryWatcher:Warning: Failed to begin reading directory changes for ../../../Engine/Plugins/Experimental/CharacterAI/Content/. Error: 0
[2015.08.05-05.45.28:845][  0]LogConsoleManager:Warning: Console variable 'r.VSync' wasn't set ('GameSetting' has a lower priority than 'SystemSettingsIni')
[2015.08.05-05.45.28:846][  0]LogConsoleResponse:Display: 
[2015.08.05-05.45.29:105][  0]LogCook:Display: Done creating registry. It took  0.00s.
[2015.08.05-05.45.29:490][  0]SourceControl: Info Source control is disabled
[2015.08.05-05.45.29:490][  0]Cmd: MAP LOAD FILE="../../../Engine/Content/Maps/Templates/Template_Default.umap" TEMPLATE=1 SHOWPROGRESS=1 FEATURELEVEL=2
[2015.08.05-05.45.29:490][  0]LightingResults: New page: Lighting Build
[2015.08.05-05.45.29:515][  0]MapCheck: New page: Map Check
[2015.08.05-05.45.29:515][  0]LightingResults: New page: Lighting Build
[2015.08.05-05.45.29:553][  0]LogParticles: Destroying 0 GPU particle simulations for FXSystem 0x000000CDDA4B2F20
[2015.08.05-05.45.30:578][  0]LogAIModule: Creating AISystem for world Untitled_1
[2015.08.05-05.45.30:601][  0]LogEditorServer: Finished looking for orphan Actors (0.000 secs)
[2015.08.05-05.45.30:691][  0]Cmd: MAP CHECKDEP NOCLEARLOG
[2015.08.05-05.45.30:765][  0]MapCheck: Info Map check complete: 0 Error(s), 0 Warning(s), took 73.045ms to complete.
[2015.08.05-05.45.30:765][  0]LogFileHelpers: Loading map 'Template_Default' took 1.276
[2015.08.05-05.45.30:954][  0]LogCollectionManager: Loaded 0 collections in 0.004883 seconds
[2015.08.05-05.45.30:976][  0]LogContentBrowser: Native class hierarchy populated in 0.0203 seconds. Added 1792 classes and 301 folders.
[2015.08.05-05.45.31:076][  0]LogContentBrowser: Native class hierarchy updated for 'WidgetCarousel' in 0.0007 seconds. Added 0 classes and 0 folders.
[2015.08.05-05.45.31:144][  0]LogContentBrowser: Native class hierarchy updated for 'AddContentDialog' in 0.0007 seconds. Added 0 classes and 0 folders.
[2015.08.05-05.45.31:181][  0]LogContentBrowser: Native class hierarchy updated for 'SceneOutliner' in 0.0008 seconds. Added 1 classes and 2 folders.
[2015.08.05-05.45.31:313][  0]LogCrashTracker: Crashtracker disabled due to settings.
[2015.08.05-05.45.31:315][  0]LogD3D11RHI: InitD3DDevice
[2015.08.05-05.45.31:319][  0]LogUObjectGlobals:Warning: Failed to find object 'Class None.'
[2015.08.05-05.45.31:343][  0]LogLoad: Full Startup: 15.94 seconds (BP compile: 0.32 seconds)
[2015.08.05-05.45.31:787][  0]LogContentStreaming: Texture pool size is 0.000000MB
[2015.08.05-05.45.31:878][  0]LogContentStreaming: Texture pool size now 1000 MB
[2015.08.05-05.45.32:190][  0]LogRenderer: Reallocating scene render targets to support 736x360 (Frame:2).
[2015.08.05-05.45.45:920][ 40]LogAssetRegistry: Asset discovery search completed in 18.3597 seconds
[2015.08.05-05.46.05:037][158]LogD3D11RHI: InitD3DDevice
[2015.08.05-05.46.11:092][196]LogD3D11RHI: InitD3DDevice
[2015.08.05-05.46.11:132][196]LogFactory: FactoryCreateBinary: StaticMesh with FbxFactory (0 0 ../../../../../../Users/Christian/Downloads/Ryan_Textured_Rigged (1).fbx)
[2015.08.05-05.46.11:188][196]LogFbx: ItemName: GlobalSettings, ItemCount : 1
[2015.08.05-05.46.11:188][196]LogFbx: ItemName: AnimationStack, ItemCount : 1
[2015.08.05-05.46.11:188][196]LogFbx: ItemName: AnimationLayer, ItemCount : 1
[2015.08.05-05.46.11:188][196]LogFbx: ItemName: NodeAttribute, ItemCount : 70
[2015.08.05-05.46.11:188][196]LogFbx: ItemName: Model, ItemCount : 79
[2015.08.05-05.46.11:188][196]LogFbx: ItemName: Geometry, ItemCount : 9
[2015.08.05-05.46.11:188][196]LogFbx: ItemName: Material, ItemCount : 8
[2015.08.05-05.46.11:188][196]LogFbx: ItemName: Texture, ItemCount : 15
[2015.08.05-05.46.11:188][196]LogFbx: ItemName: AnimationCurveNode, ItemCount : 117
[2015.08.05-05.46.11:188][196]LogFbx: ItemName: Pose, ItemCount : 9
[2015.08.05-05.46.11:188][196]LogFbx: ItemName: Deformer, ItemCount : 109
[2015.08.05-05.46.11:188][196]LogFbx: ItemName: Video, ItemCount : 15
[2015.08.05-05.46.11:207][196]LogD3D11RHI: InitD3DDevice
[2015.08.05-05.46.12:583][196]LogD3D11RHI: InitD3DDevice
[2015.08.05-05.46.18:496][196]LogFbx: Loading FBX Scene from ../../../../../../Users/Christian/Downloads/Ryan_Textured_Rigged (1).fbx
[2015.08.05-05.46.18:752][196]LogFbx: FBX Scene Loaded Succesfully
[2015.08.05-05.46.18:768][196]LogFbx: =================================================
[2015.08.05-05.46.18:768][196]LogFbx: Dumping Node START [polySurface1] 
[2015.08.05-05.46.18:768][196]LogFbx: 	Total Deformer Count -490191712.
[2015.08.05-05.46.18:768][196]LogFbx: 		[Node 1]  (Type Skin).
[2015.08.05-05.46.18:768][196]LogFbx: =================================================
[2015.08.05-05.46.18:768][196]LogFbx: 	Attribute () Type (4).
[2015.08.05-05.46.18:768][196]LogFbx: 		[Node Attribute Child 1] polySurface1 (Type Mesh).
[2015.08.05-05.46.18:768][196]LogFbx: Dumping Node END [polySurface1]
[2015.08.05-05.46.18:768][196]LogFbx: =================================================
[2015.08.05-05.46.18:768][196]LogFbx: Dumping Node START [pCube10] 
[2015.08.05-05.46.18:768][196]LogFbx: 	Total Deformer Count -494250160.
[2015.08.05-05.46.18:768][196]LogFbx: 		[Node 1]  (Type Skin).
[2015.08.05-05.46.18:768][196]LogFbx: =================================================
[2015.08.05-05.46.18:768][196]LogFbx: 	Attribute () Type (4).
[2015.08.05-05.46.18:768][196]LogFbx: 		[Node Attribute Child 1] pCube10 (Type Mesh).
[2015.08.05-05.46.18:768][196]LogFbx: Dumping Node END [pCube10]
[2015.08.05-05.46.18:768][196]LogFbx: =================================================
[2015.08.05-05.46.18:768][196]LogFbx: Dumping Node START [Body] 
[2015.08.05-05.46.18:768][196]LogFbx: 	Total Deformer Count -788780432.
[2015.08.05-05.46.18:768][196]LogFbx: 		[Node 1]  (Type Skin).
[2015.08.05-05.46.18:768][196]LogFbx: =================================================
[2015.08.05-05.46.18:768][196]LogFbx: 	Attribute () Type (4).
[2015.08.05-05.46.18:768][196]LogFbx: 		[Node Attribute Child 1] Body (Type Mesh).
[2015.08.05-05.46.18:768][196]LogFbx: Dumping Node END [Body]
[2015.08.05-05.46.18:768][196]LogFbx: =================================================
[2015.08.05-05.46.18:768][196]LogFbx: Dumping Node START [Eyes] 
[2015.08.05-05.46.18:768][196]LogFbx: 	Total Deformer Count -788780432.
[2015.08.05-05.46.18:768][196]LogFbx: 		[Node 1]  (Type Skin).
[2015.08.05-05.46.18:768][196]LogFbx: =================================================
[2015.08.05-05.46.18:768][196]LogFbx: 	Attribute () Type (4).
[2015.08.05-05.46.18:769][196]LogFbx: 		[Node Attribute Child 1] Eyes (Type Mesh).
[2015.08.05-05.46.18:769][196]LogFbx: Dumping Node END [Eyes]
[2015.08.05-05.46.18:769][196]LogFbx: =================================================
[2015.08.05-05.46.18:769][196]LogFbx: Dumping Node START [Eyelashes] 
[2015.08.05-05.46.18:769][196]LogFbx: 	Total Deformer Count -824688960.
[2015.08.05-05.46.18:769][196]LogFbx: 		[Node 1]  (Type Skin).
[2015.08.05-05.46.18:769][196]LogFbx: =================================================
[2015.08.05-05.46.18:769][196]LogFbx: 	Attribute () Type (4).
[2015.08.05-05.46.18:769][196]LogFbx: 		[Node Attribute Child 1] Eyelashes (Type Mesh).
[2015.08.05-05.46.18:769][196]LogFbx: Dumping Node END [Eyelashes]
[2015.08.05-05.46.18:769][196]LogFbx: =================================================
[2015.08.05-05.46.18:769][196]LogFbx: Dumping Node START [Hair] 
[2015.08.05-05.46.18:769][196]LogFbx: 	Total Deformer Count -788780240.
[2015.08.05-05.46.18:769][196]LogFbx: 		[Node 1]  (Type Skin).
[2015.08.05-05.46.18:769][196]LogFbx: =================================================
[2015.08.05-05.46.18:769][196]LogFbx: 	Attribute () Type (4).
[2015.08.05-05.46.18:769][196]LogFbx: 		[Node Attribute Child 1] Hair (Type Mesh).
[2015.08.05-05.46.18:769][196]LogFbx: Dumping Node END [Hair]
[2015.08.05-05.46.18:769][196]LogFbx: =================================================
[2015.08.05-05.46.18:769][196]LogFbx: Dumping Node START [Tops] 
[2015.08.05-05.46.18:769][196]LogFbx: 	Total Deformer Count -788780240.
[2015.08.05-05.46.18:769][196]LogFbx: 		[Node 1]  (Type Skin).
[2015.08.05-05.46.18:769][196]LogFbx: =================================================
[2015.08.05-05.46.18:769][196]LogFbx: 	Attribute () Type (4).
[2015.08.05-05.46.18:769][196]LogFbx: 		[Node Attribute Child 1] Tops (Type Mesh).
[2015.08.05-05.46.18:769][196]LogFbx: Dumping Node END [Tops]
[2015.08.05-05.46.18:769][196]LogFbx: =================================================
[2015.08.05-05.46.18:769][196]LogFbx: Dumping Node START [Bottoms] 
[2015.08.05-05.46.18:769][196]LogFbx: 	Total Deformer Count -494250160.
[2015.08.05-05.46.18:769][196]LogFbx: 		[Node 1]  (Type Skin).
[2015.08.05-05.46.18:769][196]LogFbx: =================================================
[2015.08.05-05.46.18:769][196]LogFbx: 	Attribute () Type (4).
[2015.08.05-05.46.18:769][196]LogFbx: 		[Node Attribute Child 1] Bottoms (Type Mesh).
[2015.08.05-05.46.18:769][196]LogFbx: Dumping Node END [Bottoms]
[2015.08.05-05.46.18:769][196]LogFbx: =================================================
[2015.08.05-05.46.18:769][196]LogFbx: Dumping Node START [Shoes] 
[2015.08.05-05.46.18:769][196]LogFbx: 	Total Deformer Count -788780144.
[2015.08.05-05.46.18:769][196]LogFbx: 		[Node 1]  (Type Skin).
[2015.08.05-05.46.18:769][196]LogFbx: =================================================
[2015.08.05-05.46.18:769][196]LogFbx: 	Attribute () Type (4).
[2015.08.05-05.46.18:769][196]LogFbx: 		[Node Attribute Child 1] Shoes (Type Mesh).
[2015.08.05-05.46.18:769][196]LogFbx: Dumping Node END [Shoes]
[2015.08.05-05.46.18:770][196]LogFbx: =================================================
[2015.08.05-05.46.18:770][196]LogFbx: Dumping Node START [polySurface1] 
[2015.08.05-05.46.18:770][196]LogFbx: 	Total Deformer Count -490191712.
[2015.08.05-05.46.18:770][196]LogFbx: 		[Node 1]  (Type Skin).
[2015.08.05-05.46.18:770][196]LogFbx: =================================================
[2015.08.05-05.46.18:770][196]LogFbx: 	Attribute () Type (4).
[2015.08.05-05.46.18:770][196]LogFbx: 		[Node Attribute Child 1] polySurface1 (Type Mesh).
[2015.08.05-05.46.18:770][196]LogFbx: Dumping Node END [polySurface1]
[2015.08.05-05.46.18:770][196]LogFbx: =================================================
[2015.08.05-05.46.18:770][196]LogFbx: Dumping Node START [pCube10] 
[2015.08.05-05.46.18:770][196]LogFbx: 	Total Deformer Count -494248928.
[2015.08.05-05.46.18:770][196]LogFbx: 		[Node 1]  (Type Skin).
[2015.08.05-05.46.18:770][196]LogFbx: =================================================
[2015.08.05-05.46.18:770][196]LogFbx: 	Attribute () Type (4).
[2015.08.05-05.46.18:770][196]LogFbx: 		[Node Attribute Child 1] pCube10 (Type Mesh).
[2015.08.05-05.46.18:770][196]LogFbx: Dumping Node END [pCube10]
[2015.08.05-05.46.18:770][196]LogFbx: =================================================
[2015.08.05-05.46.18:770][196]LogFbx: Dumping Node START [Body] 
[2015.08.05-05.46.18:770][196]LogFbx: 	Total Deformer Count -788780432.
[2015.08.05-05.46.18:770][196]LogFbx: 		[Node 1]  (Type Skin).
[2015.08.05-05.46.18:770][196]LogFbx: =================================================
[2015.08.05-05.46.18:770][196]LogFbx: 	Attribute () Type (4).
[2015.08.05-05.46.18:770][196]LogFbx: 		[Node Attribute Child 1] Body (Type Mesh).
[2015.08.05-05.46.18:770][196]LogFbx: Dumping Node END [Body]
[2015.08.05-05.46.18:770][196]LogFbx: =================================================
[2015.08.05-05.46.18:770][196]LogFbx: Dumping Node START [Eyes] 
[2015.08.05-05.46.18:770][196]LogFbx: 	Total Deformer Count -788780432.
[2015.08.05-05.46.18:770][196]LogFbx: 		[Node 1]  (Type Skin).
[2015.08.05-05.46.18:770][196]LogFbx: =================================================
[2015.08.05-05.46.18:770][196]LogFbx: 	Attribute () Type (4).
[2015.08.05-05.46.18:770][196]LogFbx: 		[Node Attribute Child 1] Eyes (Type Mesh).
[2015.08.05-05.46.18:770][196]LogFbx: Dumping Node END [Eyes]
[2015.08.05-05.46.18:770][196]LogFbx: =================================================
[2015.08.05-05.46.18:771][196]LogFbx: Dumping Node START [Eyelashes] 
[2015.08.05-05.46.18:771][196]LogFbx: 	Total Deformer Count -824688960.
[2015.08.05-05.46.18:771][196]LogFbx: 		[Node 1]  (Type Skin).
[2015.08.05-05.46.18:771][196]LogFbx: =================================================
[2015.08.05-05.46.18:771][196]LogFbx: 	Attribute () Type (4).
[2015.08.05-05.46.18:771][196]LogFbx: 		[Node Attribute Child 1] Eyelashes (Type Mesh).
[2015.08.05-05.46.18:771][196]LogFbx: Dumping Node END [Eyelashes]
[2015.08.05-05.46.18:771][196]LogFbx: =================================================
[2015.08.05-05.46.18:771][196]LogFbx: Dumping Node START [Hair] 
[2015.08.05-05.46.18:771][196]LogFbx: 	Total Deformer Count -788780144.
[2015.08.05-05.46.18:771][196]LogFbx: 		[Node 1]  (Type Skin).
[2015.08.05-05.46.18:771][196]LogFbx: =================================================
[2015.08.05-05.46.18:771][196]LogFbx: 	Attribute () Type (4).
[2015.08.05-05.46.18:771][196]LogFbx: 		[Node Attribute Child 1] Hair (Type Mesh).
[2015.08.05-05.46.18:771][196]LogFbx: Dumping Node END [Hair]
[2015.08.05-05.46.18:771][196]LogFbx: =================================================
[2015.08.05-05.46.18:771][196]LogFbx: Dumping Node START [Tops] 
[2015.08.05-05.46.18:771][196]LogFbx: 	Total Deformer Count -788780144.
[2015.08.05-05.46.18:771][196]LogFbx: 		[Node 1]  (Type Skin).
[2015.08.05-05.46.18:771][196]LogFbx: =================================================
[2015.08.05-05.46.18:771][196]LogFbx: 	Attribute () Type (4).
[2015.08.05-05.46.18:771][196]LogFbx: 		[Node Attribute Child 1] Tops (Type Mesh).
[2015.08.05-05.46.18:771][196]LogFbx: Dumping Node END [Tops]
[2015.08.05-05.46.18:771][196]LogFbx: =================================================
[2015.08.05-05.46.18:771][196]LogFbx: Dumping Node START [Bottoms] 
[2015.08.05-05.46.18:771][196]LogFbx: 	Total Deformer Count -494248928.
[2015.08.05-05.46.18:771][196]LogFbx: 		[Node 1]  (Type Skin).
[2015.08.05-05.46.18:771][196]LogFbx: =================================================
[2015.08.05-05.46.18:771][196]LogFbx: 	Attribute () Type (4).
[2015.08.05-05.46.18:771][196]LogFbx: 		[Node Attribute Child 1] Bottoms (Type Mesh).
[2015.08.05-05.46.18:771][196]LogFbx: Dumping Node END [Bottoms]
[2015.08.05-05.46.18:771][196]LogFbx: =================================================
[2015.08.05-05.46.18:771][196]LogFbx: Dumping Node START [Shoes] 
[2015.08.05-05.46.18:771][196]LogFbx: 	Total Deformer Count -788780240.
[2015.08.05-05.46.18:771][196]LogFbx: 		[Node 1]  (Type Skin).
[2015.08.05-05.46.18:771][196]LogFbx: =================================================
[2015.08.05-05.46.18:771][196]LogFbx: 	Attribute () Type (4).
[2015.08.05-05.46.18:771][196]LogFbx: 		[Node Attribute Child 1] Shoes (Type Mesh).
[2015.08.05-05.46.18:771][196]LogFbx: Dumping Node END [Shoes]
[2015.08.05-05.46.18:775][196]LogFbx:Warning: Not valid bind pose for Pose (skinCluster1) - Node polySurface1 : The relative matrices do not match
[2015.08.05-05.46.18:775][196]LogFbx:Warning: Not valid bind pose for Pose (skinCluster1) - Node pCube10 : The relative matrices do not match
[2015.08.05-05.46.18:775][196]LogFbx:Warning: Not valid bind pose for Pose (skinCluster1) - Node Body : The relative matrices do not match
[2015.08.05-05.46.18:775][196]LogFbx:Warning: Not valid bind pose for Pose (skinCluster1) - Node Eyes : The relative matrices do not match
[2015.08.05-05.46.18:775][196]LogFbx:Warning: Not valid bind pose for Pose (skinCluster1) - Node Eyelashes : The relative matrices do not match
[2015.08.05-05.46.18:775][196]LogFbx:Warning: Not valid bind pose for Pose (skinCluster1) - Node Hair : The relative matrices do not match
[2015.08.05-05.46.18:776][196]LogFbx:Warning: Not valid bind pose for Pose (skinCluster1) - Node Tops : The relative matrices do not match
[2015.08.05-05.46.18:776][196]LogFbx:Warning: Not valid bind pose for Pose (skinCluster1) - Node Bottoms : The relative matrices do not match
[2015.08.05-05.46.18:776][196]LogFbx:Warning: Not valid bind pose for Pose (skinCluster1) - Node Shoes : The relative matrices do not match
[2015.08.05-05.46.18:776][196]LogFbx:Warning: Not valid bind pose for Pose (skinCluster2) - Node polySurface1 : The relative matrices do not match
[2015.08.05-05.46.18:776][196]LogFbx:Warning: Not valid bind pose for Pose (skinCluster2) - Node pCube10 : The relative matrices do not match
[2015.08.05-05.46.18:776][196]LogFbx:Warning: Not valid bind pose for Pose (skinCluster2) - Node Body : The relative matrices do not match
[2015.08.05-05.46.18:776][196]LogFbx:Warning: Not valid bind pose for Pose (skinCluster2) - Node Eyes : The relative matrices do not match
[2015.08.05-05.46.18:776][196]LogFbx:Warning: Not valid bind pose for Pose (skinCluster2) - Node Eyelashes : The relative matrices do not match
[2015.08.05-05.46.18:776][196]LogFbx:Warning: Not valid bind pose for Pose (skinCluster2) - Node Hair : The relative matrices do not match
[2015.08.05-05.46.18:776][196]LogFbx:Warning: Not valid bind pose for Pose (skinCluster2) - Node Tops : The relative matrices do not match
[2015.08.05-05.46.18:776][196]LogFbx:Warning: Not valid bind pose for Pose (skinCluster2) - Node Bottoms : The relative matrices do not match
[2015.08.05-05.46.18:776][196]LogFbx:Warning: Not valid bind pose for Pose (skinCluster2) - Node Shoes : The relative matrices do not match
[2015.08.05-05.46.18:777][196]LogFbx:Warning: Not valid bind pose for Pose (skinCluster3) - Node polySurface1 : The relative matrices do not match
[2015.08.05-05.46.18:778][196]LogFbx:Warning: Not valid bind pose for Pose (skinCluster3) - Node pCube10 : The relative matrices do not match
[2015.08.05-05.46.18:779][196]LogFbx:Warning: Not valid bind pose for Pose (skinCluster3) - Node Body : The relative matrices do not match
[2015.08.05-05.46.18:779][196]LogFbx:Warning: Not valid bind pose for Pose (skinCluster3) - Node Eyes : The relative matrices do not match
[2015.08.05-05.46.18:780][196]LogFbx:Warning: Not valid bind pose for Pose (skinCluster3) - Node Eyelashes : The relative matrices do not match
[2015.08.05-05.46.18:780][196]LogFbx:Warning: Not valid bind pose for Pose (skinCluster3) - Node Hair : The relative matrices do not match
[2015.08.05-05.46.18:781][196]LogFbx:Warning: Not valid bind pose for Pose (skinCluster3) - Node Tops : The relative matrices do not match
[2015.08.05-05.46.18:782][196]LogFbx:Warning: Not valid bind pose for Pose (skinCluster3) - Node Bottoms : The relative matrices do not match
[2015.08.05-05.46.18:782][196]LogFbx:Warning: Not valid bind pose for Pose (skinCluster3) - Node Shoes : The relative matrices do not match
[2015.08.05-05.46.18:782][196]LogFbx: Valid bind pose for Pose (skinCluster4) - polySurface1
[2015.08.05-05.46.18:782][196]LogFbx: Valid bind pose for Pose (skinCluster5) - polySurface1
[2015.08.05-05.46.18:783][196]LogFbx: Valid bind pose for Pose (skinCluster6) - polySurface1
[2015.08.05-05.46.18:783][196]LogFbx:Warning: Not valid bind pose for Pose (skinCluster7) - Node polySurface1 : The relative matrices do not match
[2015.08.05-05.46.18:783][196]LogFbx:Warning: Not valid bind pose for Pose (skinCluster7) - Node pCube10 : The relative matrices do not match
[2015.08.05-05.46.18:783][196]LogFbx:Warning: Not valid bind pose for Pose (skinCluster7) - Node Body : The relative matrices do not match
[2015.08.05-05.46.18:784][196]LogFbx:Warning: Not valid bind pose for Pose (skinCluster7) - Node Eyes : The relative matrices do not match
[2015.08.05-05.46.18:784][196]LogFbx:Warning: Not valid bind pose for Pose (skinCluster7) - Node Eyelashes : The relative matrices do not match
[2015.08.05-05.46.18:784][196]LogFbx:Warning: Not valid bind pose for Pose (skinCluster7) - Node Hair : The relative matrices do not match
[2015.08.05-05.46.18:784][196]LogFbx:Warning: Not valid bind pose for Pose (skinCluster7) - Node Tops : The relative matrices do not match
[2015.08.05-05.46.18:784][196]LogFbx:Warning: Not valid bind pose for Pose (skinCluster7) - Node Bottoms : The relative matrices do not match
[2015.08.05-05.46.18:785][196]LogFbx:Warning: Not valid bind pose for Pose (skinCluster7) - Node Shoes : The relative matrices do not match
[2015.08.05-05.46.18:785][196]LogFbx: Valid bind pose for Pose (skinCluster8) - polySurface1
[2015.08.05-05.46.18:785][196]LogFbx: Valid bind pose for Pose (skinCluster9) - polySurface1
[2015.08.05-05.46.18:791][196]LogLinker:Warning: Can't find file '/Game/Ryan/NewFolder/lambert3'
[2015.08.05-05.46.18:791][196]LogLinker:Warning: Can't find file '/Game/Ryan/NewFolder/lambert3'
[2015.08.05-05.46.18:792][196]LogLinker:Warning: Can't find file '/Game/Ryan/NewFolder/lambert3'
[2015.08.05-05.46.18:792][196]LogUObjectGlobals:Warning: Failed to find object 'MaterialInterface /Game/Ryan/NewFolder/lambert3.lambert3'
[2015.08.05-05.46.18:820][196]LogMaterial: Missing cached shader map for material lambert3, compiling. 
[2015.08.05-05.46.18:876][196]LogLinker:Warning: Can't find file '/Game/Ryan/NewFolder/Flashlight1'
[2015.08.05-05.46.18:876][196]LogLinker:Warning: Can't find file '/Game/Ryan/NewFolder/Flashlight1'
[2015.08.05-05.46.18:877][196]LogLinker:Warning: Can't find file '/Game/Ryan/NewFolder/Flashlight1'
[2015.08.05-05.46.18:877][196]LogUObjectGlobals:Warning: Failed to find object 'MaterialInterface /Game/Ryan/NewFolder/Flashlight1.Flashlight1'
[2015.08.05-05.46.18:883][196]LogMaterial: Missing cached shader map for material Flashlight1, compiling. 
[2015.08.05-05.46.18:903][196]LogLinker:Warning: Can't find file '/Game/Ryan/NewFolder/Bodymat2'
[2015.08.05-05.46.18:904][196]LogLinker:Warning: Can't find file '/Game/Ryan/NewFolder/Bodymat2'
[2015.08.05-05.46.18:904][196]LogLinker:Warning: Can't find file '/Game/Ryan/NewFolder/Bodymat2'
[2015.08.05-05.46.18:904][196]LogUObjectGlobals:Warning: Failed to find object 'MaterialInterface /Game/Ryan/NewFolder/Bodymat2.Bodymat2'
[2015.08.05-05.46.18:906][196]LogLinker:Warning: Can't find file '/Game/Ryan/NewFolder/RyanNew02_Body_diffuse'
[2015.08.05-05.46.18:907][196]LogLinker:Warning: Can't find file '/Game/Ryan/NewFolder/RyanNew02_Body_diffuse'
[2015.08.05-05.46.18:907][196]LogLinker:Warning: Can't find file '/Game/Ryan/NewFolder/RyanNew02_Body_diffuse'
[2015.08.05-05.46.18:907][196]LogUObjectGlobals:Warning: Failed to find object 'Texture /Game/Ryan/NewFolder/RyanNew02_Body_diffuse.RyanNew02_Body_diffuse'
[2015.08.05-05.46.19:172][196]LogTexture:Display: Building textures: RyanNew02_Body_diffuse (AutoDXT)
[2015.08.05-05.46.24:027][196]LogLinker:Warning: Can't find file '/Game/Ryan/NewFolder/RyanNew02_Body_specular'
[2015.08.05-05.46.24:028][196]LogLinker:Warning: Can't find file '/Game/Ryan/NewFolder/RyanNew02_Body_specular'
[2015.08.05-05.46.24:028][196]LogLinker:Warning: Can't find file '/Game/Ryan/NewFolder/RyanNew02_Body_specular'
[2015.08.05-05.46.24:028][196]LogUObjectGlobals:Warning: Failed to find object 'Texture /Game/Ryan/NewFolder/RyanNew02_Body_specular.RyanNew02_Body_specular'
[2015.08.05-05.46.24:182][196]LogTexture:Display: Building textures: RyanNew02_Body_specular (AutoDXT)
[2015.08.05-05.46.24:583][196]LogLinker:Warning: Can't find file '/Game/Ryan/NewFolder/RyanNew02_Body_normal'
[2015.08.05-05.46.24:583][196]LogLinker:Warning: Can't find file '/Game/Ryan/NewFolder/RyanNew02_Body_normal'
[2015.08.05-05.46.24:584][196]LogLinker:Warning: Can't find file '/Game/Ryan/NewFolder/RyanNew02_Body_normal'
[2015.08.05-05.46.24:584][196]LogUObjectGlobals:Warning: Failed to find object 'Texture /Game/Ryan/NewFolder/RyanNew02_Body_normal.RyanNew02_Body_normal'
[2015.08.05-05.46.24:729][196]LogTexture:Display: Building textures: RyanNew02_Body_normal (BC5)
[2015.08.05-05.46.25:151][196]LogMaterial: Missing cached shader map for material Bodymat2, compiling. 
[2015.08.05-05.46.25:271][196]LogLinker:Warning: Can't find file '/Game/Ryan/NewFolder/Bodymat_eyelashes2'
[2015.08.05-05.46.25:271][196]LogLinker:Warning: Can't find file '/Game/Ryan/NewFolder/Bodymat_eyelashes2'
[2015.08.05-05.46.25:272][196]LogLinker:Warning: Can't find file '/Game/Ryan/NewFolder/Bodymat_eyelashes2'
[2015.08.05-05.46.25:272][196]LogUObjectGlobals:Warning: Failed to find object 'MaterialInterface /Game/Ryan/NewFolder/Bodymat_eyelashes2.Bodymat_eyelashes2'
[2015.08.05-05.46.25:511][196]LogTexture:Display: Building textures: RyanNew02_Body_diffuse (AutoDXT)
[2015.08.05-05.46.30:525][196]LogTexture:Display: Building textures: RyanNew02_Body_specular (AutoDXT)
[2015.08.05-05.46.30:912][196]LogFbxMaterialImport:Warning: Manual texture reimport and recompression may be needed for RyanNew02_Body_normal
[2015.08.05-05.46.31:063][196]LogTexture:Display: Building textures: RyanNew02_Body_normal (BC5)
[2015.08.05-05.46.31:466][196]LogMaterial: Missing cached shader map for material Bodymat_eyelashes2, compiling. 
[2015.08.05-05.46.31:475][196]LogLinker:Warning: Can't find file '/Game/Ryan/NewFolder/Hairmat2'
[2015.08.05-05.46.31:475][196]LogLinker:Warning: Can't find file '/Game/Ryan/NewFolder/Hairmat2'
[2015.08.05-05.46.31:475][196]LogLinker:Warning: Can't find file '/Game/Ryan/NewFolder/Hairmat2'
[2015.08.05-05.46.31:475][196]LogUObjectGlobals:Warning: Failed to find object 'MaterialInterface /Game/Ryan/NewFolder/Hairmat2.Hairmat2'
[2015.08.05-05.46.31:477][196]LogLinker:Warning: Can't find file '/Game/Ryan/NewFolder/RyanNew02_Hair_diffuse'
[2015.08.05-05.46.31:477][196]LogLinker:Warning: Can't find file '/Game/Ryan/NewFolder/RyanNew02_Hair_diffuse'
[2015.08.05-05.46.31:478][196]LogLinker:Warning: Can't find file '/Game/Ryan/NewFolder/RyanNew02_Hair_diffuse'
[2015.08.05-05.46.31:478][196]LogUObjectGlobals:Warning: Failed to find object 'Texture /Game/Ryan/NewFolder/RyanNew02_Hair_diffuse.RyanNew02_Hair_diffuse'
[2015.08.05-05.46.31:680][196]LogTexture:Display: Building textures: RyanNew02_Hair_diffuse (AutoDXT)
[2015.08.05-05.46.33:310][196]LogLinker:Warning: Can't find file '/Game/Ryan/NewFolder/RyanNew02_Hair_specular'
[2015.08.05-05.46.33:311][196]LogLinker:Warning: Can't find file '/Game/Ryan/NewFolder/RyanNew02_Hair_specular'
[2015.08.05-05.46.33:311][196]LogLinker:Warning: Can't find file '/Game/Ryan/NewFolder/RyanNew02_Hair_specular'
[2015.08.05-05.46.33:312][196]LogUObjectGlobals:Warning: Failed to find object 'Texture /Game/Ryan/NewFolder/RyanNew02_Hair_specular.RyanNew02_Hair_specular'
[2015.08.05-05.46.33:426][196]LogTexture:Display: Building textures: RyanNew02_Hair_specular (AutoDXT)
[2015.08.05-05.46.33:997][196]LogLinker:Warning: Can't find file '/Game/Ryan/NewFolder/RyanNew02_Hair_normal'
[2015.08.05-05.46.33:997][196]LogLinker:Warning: Can't find file '/Game/Ryan/NewFolder/RyanNew02_Hair_normal'
[2015.08.05-05.46.33:998][196]LogLinker:Warning: Can't find file '/Game/Ryan/NewFolder/RyanNew02_Hair_normal'
[2015.08.05-05.46.33:998][196]LogUObjectGlobals:Warning: Failed to find object 'Texture /Game/Ryan/NewFolder/RyanNew02_Hair_normal.RyanNew02_Hair_normal'
[2015.08.05-05.46.34:133][196]LogTexture:Display: Building textures: RyanNew02_Hair_normal (BC5)
[2015.08.05-05.46.34:570][196]LogMaterial: Missing cached shader map for material Hairmat2, compiling. 
[2015.08.05-05.46.34:590][196]LogLinker:Warning: Can't find file '/Game/Ryan/NewFolder/Topmat2'
[2015.08.05-05.46.34:590][196]LogLinker:Warning: Can't find file '/Game/Ryan/NewFolder/Topmat2'
[2015.08.05-05.46.34:590][196]LogLinker:Warning: Can't find file '/Game/Ryan/NewFolder/Topmat2'
[2015.08.05-05.46.34:590][196]LogUObjectGlobals:Warning: Failed to find object 'MaterialInterface /Game/Ryan/NewFolder/Topmat2.Topmat2'
[2015.08.05-05.46.34:592][196]LogLinker:Warning: Can't find file '/Game/Ryan/NewFolder/RyanNew02_Top_diffuse'
[2015.08.05-05.46.34:593][196]LogLinker:Warning: Can't find file '/Game/Ryan/NewFolder/RyanNew02_Top_diffuse'
[2015.08.05-05.46.34:593][196]LogLinker:Warning: Can't find file '/Game/Ryan/NewFolder/RyanNew02_Top_diffuse'
[2015.08.05-05.46.34:593][196]LogUObjectGlobals:Warning: Failed to find object 'Texture /Game/Ryan/NewFolder/RyanNew02_Top_diffuse.RyanNew02_Top_diffuse'
[2015.08.05-05.46.34:767][196]LogTexture:Display: Building textures: RyanNew02_Top_diffuse (AutoDXT)
[2015.08.05-05.46.39:317][196]LogLinker:Warning: Can't find file '/Game/Ryan/NewFolder/RyanNew02_Top_specular'
[2015.08.05-05.46.39:318][196]LogLinker:Warning: Can't find file '/Game/Ryan/NewFolder/RyanNew02_Top_specular'
[2015.08.05-05.46.39:318][196]LogLinker:Warning: Can't find file '/Game/Ryan/NewFolder/RyanNew02_Top_specular'
[2015.08.05-05.46.39:318][196]LogUObjectGlobals:Warning: Failed to find object 'Texture /Game/Ryan/NewFolder/RyanNew02_Top_specular.RyanNew02_Top_specular'
[2015.08.05-05.46.39:490][196]LogTexture:Display: Building textures: RyanNew02_Top_specular (AutoDXT)
[2015.08.05-05.46.40:119][196]LogLinker:Warning: Can't find file '/Game/Ryan/NewFolder/RyanNew02_Top_normal'
[2015.08.05-05.46.40:119][196]LogLinker:Warning: Can't find file '/Game/Ryan/NewFolder/RyanNew02_Top_normal'
[2015.08.05-05.46.40:119][196]LogLinker:Warning: Can't find file '/Game/Ryan/NewFolder/RyanNew02_Top_normal'
[2015.08.05-05.46.40:119][196]LogUObjectGlobals:Warning: Failed to find object 'Texture /Game/Ryan/NewFolder/RyanNew02_Top_normal.RyanNew02_Top_normal'
[2015.08.05-05.46.40:462][196]LogTexture:Display: Building textures: RyanNew02_Top_normal (BC5)
[2015.08.05-05.46.40:957][196]LogMaterial: Missing cached shader map for material Topmat2, compiling. 
[2015.08.05-05.46.40:970][196]LogLinker:Warning: Can't find file '/Game/Ryan/NewFolder/Bottommat2'
[2015.08.05-05.46.40:970][196]LogLinker:Warning: Can't find file '/Game/Ryan/NewFolder/Bottommat2'
[2015.08.05-05.46.40:970][196]LogLinker:Warning: Can't find file '/Game/Ryan/NewFolder/Bottommat2'
[2015.08.05-05.46.40:970][196]LogUObjectGlobals:Warning: Failed to find object 'MaterialInterface /Game/Ryan/NewFolder/Bottommat2.Bottommat2'
[2015.08.05-05.46.40:974][196]LogLinker:Warning: Can't find file '/Game/Ryan/NewFolder/RyanNew02_Bottom_diffuse'
[2015.08.05-05.46.40:975][196]LogLinker:Warning: Can't find file '/Game/Ryan/NewFolder/RyanNew02_Bottom_diffuse'
[2015.08.05-05.46.40:975][196]LogLinker:Warning: Can't find file '/Game/Ryan/NewFolder/RyanNew02_Bottom_diffuse'
[2015.08.05-05.46.40:975][196]LogUObjectGlobals:Warning: Failed to find object 'Texture /Game/Ryan/NewFolder/RyanNew02_Bottom_diffuse.RyanNew02_Bottom_diffuse'
[2015.08.05-05.46.41:100][196]LogTexture:Display: Building textures: RyanNew02_Bottom_diffuse (AutoDXT)
[2015.08.05-05.46.42:057][196]LogLinker:Warning: Can't find file '/Game/Ryan/NewFolder/RyanNew02_Bottom_specular'
[2015.08.05-05.46.42:057][196]LogLinker:Warning: Can't find file '/Game/Ryan/NewFolder/RyanNew02_Bottom_specular'
[2015.08.05-05.46.42:057][196]LogLinker:Warning: Can't find file '/Game/Ryan/NewFolder/RyanNew02_Bottom_specular'
[2015.08.05-05.46.42:057][196]LogUObjectGlobals:Warning: Failed to find object 'Texture /Game/Ryan/NewFolder/RyanNew02_Bottom_specular.RyanNew02_Bottom_specular'
[2015.08.05-05.46.42:152][196]LogTexture:Display: Building textures: RyanNew02_Bottom_specular (AutoDXT)
[2015.08.05-05.46.42:295][196]LogLinker:Warning: Can't find file '/Game/Ryan/NewFolder/RyanNew02_Bottom_normal'
[2015.08.05-05.46.42:295][196]LogLinker:Warning: Can't find file '/Game/Ryan/NewFolder/RyanNew02_Bottom_normal'
[2015.08.05-05.46.42:295][196]LogLinker:Warning: Can't find file '/Game/Ryan/NewFolder/RyanNew02_Bottom_normal'
[2015.08.05-05.46.42:295][196]LogUObjectGlobals:Warning: Failed to find object 'Texture /Game/Ryan/NewFolder/RyanNew02_Bottom_normal.RyanNew02_Bottom_normal'
[2015.08.05-05.46.42:441][196]LogTexture:Display: Building textures: RyanNew02_Bottom_normal (BC5)
[2015.08.05-05.46.42:594][196]LogMaterial: Missing cached shader map for material Bottommat2, compiling. 
[2015.08.05-05.46.42:615][196]LogLinker:Warning: Can't find file '/Game/Ryan/NewFolder/Shoesmat2'
[2015.08.05-05.46.42:615][196]LogLinker:Warning: Can't find file '/Game/Ryan/NewFolder/Shoesmat2'
[2015.08.05-05.46.42:615][196]LogLinker:Warning: Can't find file '/Game/Ryan/NewFolder/Shoesmat2'
[2015.08.05-05.46.42:615][196]LogUObjectGlobals:Warning: Failed to find object 'MaterialInterface /Game/Ryan/NewFolder/Shoesmat2.Shoesmat2'
[2015.08.05-05.46.42:618][196]LogLinker:Warning: Can't find file '/Game/Ryan/NewFolder/RyanNew02_Shoes_diffuse'
[2015.08.05-05.46.42:618][196]LogLinker:Warning: Can't find file '/Game/Ryan/NewFolder/RyanNew02_Shoes_diffuse'
[2015.08.05-05.46.42:618][196]LogLinker:Warning: Can't find file '/Game/Ryan/NewFolder/RyanNew02_Shoes_diffuse'
[2015.08.05-05.46.42:618][196]LogUObjectGlobals:Warning: Failed to find object 'Texture /Game/Ryan/NewFolder/RyanNew02_Shoes_diffuse.RyanNew02_Shoes_diffuse'
[2015.08.05-05.46.42:724][196]LogTexture:Display: Building textures: RyanNew02_Shoes_diffuse (AutoDXT)
[2015.08.05-05.46.43:628][196]LogLinker:Warning: Can't find file '/Game/Ryan/NewFolder/RyanNew02_Shoes_specular'
[2015.08.05-05.46.43:628][196]LogLinker:Warning: Can't find file '/Game/Ryan/NewFolder/RyanNew02_Shoes_specular'
[2015.08.05-05.46.43:628][196]LogLinker:Warning: Can't find file '/Game/Ryan/NewFolder/RyanNew02_Shoes_specular'
[2015.08.05-05.46.43:628][196]LogUObjectGlobals:Warning: Failed to find object 'Texture /Game/Ryan/NewFolder/RyanNew02_Shoes_specular.RyanNew02_Shoes_specular'
[2015.08.05-05.46.43:653][196]LogTexture:Display: Building textures: RyanNew02_Shoes_specular (AutoDXT)
[2015.08.05-05.46.43:844][196]LogLinker:Warning: Can't find file '/Game/Ryan/NewFolder/RyanNew02_Shoes_normal'
[2015.08.05-05.46.43:844][196]LogLinker:Warning: Can't find file '/Game/Ryan/NewFolder/RyanNew02_Shoes_normal'
[2015.08.05-05.46.43:845][196]LogLinker:Warning: Can't find file '/Game/Ryan/NewFolder/RyanNew02_Shoes_normal'
[2015.08.05-05.46.43:845][196]LogUObjectGlobals:Warning: Failed to find object 'Texture /Game/Ryan/NewFolder/RyanNew02_Shoes_normal.RyanNew02_Shoes_normal'
[2015.08.05-05.46.43:878][196]LogTexture:Display: Building textures: RyanNew02_Shoes_normal (BC5)
[2015.08.05-05.46.44:131][196]LogMaterial: Missing cached shader map for material Shoesmat2, compiling. 
[2015.08.05-05.46.44:239][196]LogFbx:Warning: Bones digested - 65  Depth of hierarchy - 12
[2015.08.05-05.46.45:495][196]LogSkeletalMesh: Chunk 0: 515 rigid vertices, 2037 soft vertices, 8 active bones
[2015.08.05-05.46.45:495][196]LogSkeletalMesh: Chunk 1: 522 rigid vertices, 1053 soft vertices, 2 active bones
[2015.08.05-05.46.45:497][196]LogSkeletalMesh: Chunk 2: 2284 rigid vertices, 4951 soft vertices, 44 active bones
[2015.08.05-05.46.45:497][196]LogSkeletalMesh: Chunk 3: 98 rigid vertices, 0 soft vertices, 1 active bones
[2015.08.05-05.46.45:498][196]LogSkeletalMesh: Chunk 4: 677 rigid vertices, 272 soft vertices, 3 active bones
[2015.08.05-05.46.45:498][196]LogSkeletalMesh: Chunk 5: 188 rigid vertices, 1005 soft vertices, 17 active bones
[2015.08.05-05.46.45:498][196]LogSkeletalMesh: Chunk 6: 174 rigid vertices, 689 soft vertices, 11 active bones
[2015.08.05-05.46.45:499][196]LogSkeletalMesh: Chunk 7: 0 rigid vertices, 1376 soft vertices, 6 active bones
[2015.08.05-05.46.45:606][196]LogSkeletalMesh: Section 0: Material=0, Chunk=0, 2512 triangles
[2015.08.05-05.46.45:606][196]LogSkeletalMesh: Section 1: Material=1, Chunk=1, 1308 triangles
[2015.08.05-05.46.45:606][196]LogSkeletalMesh: Section 2: Material=2, Chunk=2, 12626 triangles
[2015.08.05-05.46.45:606][196]LogSkeletalMesh: Section 3: Material=3, Chunk=3, 106 triangles
[2015.08.05-05.46.45:606][196]LogSkeletalMesh: Section 4: Material=4, Chunk=4, 1490 triangles
[2015.08.05-05.46.45:606][196]LogSkeletalMesh: Section 5: Material=5, Chunk=5, 2031 triangles
[2015.08.05-05.46.45:606][196]LogSkeletalMesh: Section 6: Material=6, Chunk=6, 1380 triangles
[2015.08.05-05.46.45:606][196]LogSkeletalMesh: Section 7: Material=7, Chunk=7, 1984 triangles
[2015.08.05-05.46.45:619][196]LogLinker:Warning: Can't find file '/Game/Ryan/NewFolder/Ryan_Textured_Rigged__1__PhysicsAsset'
[2015.08.05-05.46.45:620][196]LogLinker:Warning: Can't find file '/Game/Ryan/NewFolder/Ryan_Textured_Rigged__1__PhysicsAsset'
[2015.08.05-05.46.45:620][196]LogUObjectGlobals:Warning: Failed to find object 'Object /Game/Ryan/NewFolder/Ryan_Textured_Rigged__1__PhysicsAsset.Ryan_Textured_Rigged__1__PhysicsAsset'
[2015.08.05-05.46.45:632][196]LogD3D11RHI: InitD3DDevice
[2015.08.05-05.47.05:310][196]FBXImport:Warning: Warning The following bones are missing from the bind pose:
mixamorig:HeadTop_End  
mixamorig:LeftShoulder  
mixamorig:LeftArm  
mixamorig:LeftForeArm  
mixamorig:LeftHand  
mixamorig:LeftHandThumb1  
mixamorig:LeftHandThumb2  
mixamorig:LeftHandThumb3  
mixamorig:LeftHandThumb4  
mixamorig:LeftHandIndex1  
mixamorig:LeftHandIndex2  
mixamorig:LeftHandIndex3  
mixamorig:LeftHandIndex4  
mixamorig:LeftHandMiddle1  
mixamorig:LeftHandMiddle2  
mixamorig:LeftHandMiddle3  
mixamorig:LeftHandMiddle4  
mixamorig:LeftHandRing1  
mixamorig:LeftHandRing2  
mixamorig:LeftHandRing3  
mixamorig:LeftHandRing4  
mixamorig:LeftHandPinky1  
mixamorig:LeftHandPinky2  
mixamorig:LeftHandPinky3  
mixamorig:LeftHandPinky4  
mixamorig:RightShoulder  
mixamorig:RightArm  
mixamorig:RightForeArm  
mixamorig:RightHand  
mixamorig:RightHandThumb1  
mixamorig:RightHandThumb2  
mixamorig:RightHandThumb3  
mixamorig:RightHandThumb4  
mixamorig:RightHandIndex1  
mixamorig:RightHandIndex2  
mixamorig:RightHandIndex3  
mixamorig:RightHandIndex4  
mixamorig:RightHandMiddle1  
mixamorig:RightHandMiddle2  
mixamorig:RightHandMiddle3  
mixamorig:RightHandMiddle4  
mixamorig:RightHandRing1  
mixamorig:RightHandRing2  
mixamorig:RightHandRing3  
mixamorig:RightHandRing4  
mixamorig:RightHandPinky1  
mixamorig:RightHandPinky2  
mixamorig:RightHandPinky3  
mixamorig:RightHandPinky4  
mixamorig:LeftToe_End  
mixamorig:RightToe_End  

This can happen for bones that are not vert weighted. If they are not in the correct orientation after importing,
please set the "Use T0 as ref pose" option or add them to the bind pose and reimport the skeletal mesh. 
[2015.08.05-05.47.05:316][196]LogD3D11RHI: InitD3DDevice
[2015.08.05-05.47.05:747][198]LogMaterial:Warning: Material /Game/Ryan/NewFolder/lambert3.lambert3 needed to have new flag set bUsedWithSkeletalMesh !
[2015.08.05-05.47.05:816][198]LogMaterial: Missing cached shader map for material lambert3, compiling. 
[2015.08.05-05.47.05:868][198]LogMaterial: 0.000346 seconds spent updating 1 materials, 1 interfaces, 0 instances, 0 with static permutations.
[2015.08.05-05.47.05:868][198]LogMaterial:Warning: Material /Game/Ryan/NewFolder/Flashlight1.Flashlight1 needed to have new flag set bUsedWithSkeletalMesh !
[2015.08.05-05.47.05:889][198]LogMaterial: Missing cached shader map for material Flashlight1, compiling. 
[2015.08.05-05.47.05:933][198]LogMaterial: 0.000174 seconds spent updating 1 materials, 1 interfaces, 0 instances, 0 with static permutations.
[2015.08.05-05.47.05:933][198]LogMaterial:Warning: Material /Game/Ryan/NewFolder/Bodymat2.Bodymat2 needed to have new flag set bUsedWithSkeletalMesh !
[2015.08.05-05.47.05:976][198]LogMaterial: Missing cached shader map for material Bodymat2, compiling. 
[2015.08.05-05.47.06:007][198]LogMaterial: 0.000117 seconds spent updating 1 materials, 1 interfaces, 0 instances, 0 with static permutations.
[2015.08.05-05.47.06:008][198]LogMaterial:Warning: Material /Game/Ryan/NewFolder/Bodymat_eyelashes2.Bodymat_eyelashes2 needed to have new flag set bUsedWithSkeletalMesh !
[2015.08.05-05.47.06:019][198]LogMaterial: Missing cached shader map for material Bodymat_eyelashes2, compiling. 
[2015.08.05-05.47.06:053][198]LogMaterial: 0.000162 seconds spent updating 1 materials, 1 interfaces, 0 instances, 0 with static permutations.
[2015.08.05-05.47.06:053][198]LogMaterial:Warning: Material /Game/Ryan/NewFolder/Hairmat2.Hairmat2 needed to have new flag set bUsedWithSkeletalMesh !
[2015.08.05-05.47.06:077][198]LogMaterial: Missing cached shader map for material Hairmat2, compiling. 
[2015.08.05-05.47.06:109][198]LogMaterial: 0.000141 seconds spent updating 1 materials, 1 interfaces, 0 instances, 0 with static permutations.
[2015.08.05-05.47.06:109][198]LogMaterial:Warning: Material /Game/Ryan/NewFolder/Topmat2.Topmat2 needed to have new flag set bUsedWithSkeletalMesh !
[2015.08.05-05.47.06:130][198]LogMaterial: Missing cached shader map for material Topmat2, compiling. 
[2015.08.05-05.47.06:164][198]LogMaterial: 0.000141 seconds spent updating 1 materials, 1 interfaces, 0 instances, 0 with static permutations.
[2015.08.05-05.47.06:164][198]LogMaterial:Warning: Material /Game/Ryan/NewFolder/Bottommat2.Bottommat2 needed to have new flag set bUsedWithSkeletalMesh !
[2015.08.05-05.47.06:185][198]LogMaterial: Missing cached shader map for material Bottommat2, compiling. 
[2015.08.05-05.47.06:218][198]LogMaterial: 0.000126 seconds spent updating 1 materials, 1 interfaces, 0 instances, 0 with static permutations.
[2015.08.05-05.47.06:218][198]LogMaterial:Warning: Material /Game/Ryan/NewFolder/Shoesmat2.Shoesmat2 needed to have new flag set bUsedWithSkeletalMesh !
[2015.08.05-05.47.06:249][198]LogMaterial: Missing cached shader map for material Shoesmat2, compiling. 
[2015.08.05-05.47.06:282][198]LogMaterial: 0.000130 seconds spent updating 1 materials, 1 interfaces, 0 instances, 0 with static permutations.
[2015.08.05-05.47.06:282][198]LogAnimation:Warning: SkeletalMesh Ryan_Textured_Rigged__1_ has no skeleton. This needs to fixed before an animation can be set
[2015.08.05-05.47.06:505][199]LogD3D11RHI: InitD3DDevice
[2015.08.05-05.47.08:501][199]LogWindowsTextInputMethodSystem:Display: IME system now deactivated.
[2015.08.05-05.47.08:959][200]Cmd: QUIT_EDITOR
[2015.08.05-05.47.09:524][200]LogExit: Preparing to exit.
[2015.08.05-05.47.10:683][200]LogExit: Editor shut down
[2015.08.05-05.47.10:684][200]LogExit: Transaction tracking system shut down
[2015.08.05-05.47.10:686][200]LogParticles: Destroying 0 GPU particle simulations for FXSystem 0x000000CDDAA4FA60
[2015.08.05-05.47.10:687][200]LogParticles: Destroying 0 GPU particle simulations for FXSystem 0x000000CDE2B27100
[2015.08.05-05.47.10:687][200]LogParticles: Destroying 0 GPU particle simulations for FXSystem 0x000000CDD0E93880
[2015.08.05-05.47.10:688][200]LogParticles: Destroying 0 GPU particle simulations for FXSystem 0x000000CDD0E932E0
[2015.08.05-05.47.11:002][200]LogExit: Object subsystem successfully closed.
[2015.08.05-05.47.11:015][200]LogD3D11RHI: Shutdown
[2015.08.05-05.47.11:015][200]LogD3D11RHI: CleanupD3DDevice
[2015.08.05-05.47.11:090][200]LogD3D11RHI: ~FD3D11DynamicRHI
[2015.08.05-05.47.11:115][200]LogModuleManager: Shutting down and abandoning module CrashTracker (188)
[2015.08.05-05.47.11:115][200]LogModuleManager: Shutting down and abandoning module SceneOutliner (187)
[2015.08.05-05.47.11:115][200]LogModuleManager: Shutting down and abandoning module SuperSearch (186)
[2015.08.05-05.47.11:115][200]LogModuleManager: Shutting down and abandoning module WidgetCarousel (185)
[2015.08.05-05.47.11:115][200]LogModuleManager: Shutting down and abandoning module AddContentDialog (184)
[2015.08.05-05.47.11:116][200]LogModuleManager: Shutting down and abandoning module EditorWidgets (183)
[2015.08.05-05.47.11:116][200]LogModuleManager: Shutting down and abandoning module CollectionManager (182)
[2015.08.05-05.47.11:116][200]LogModuleManager: Shutting down and abandoning module StatsViewer (181)
[2015.08.05-05.47.11:116][200]LogModuleManager: Shutting down and abandoning module FoliageEdit (180)
[2015.08.05-05.47.11:116][200]LogModuleManager: Shutting down and abandoning module LandscapeEditor (179)
[2015.08.05-05.47.11:117][200]LogModuleManager: Shutting down and abandoning module ActorPickerMode (178)
[2015.08.05-05.47.11:117][200]LogModuleManager: Shutting down and abandoning module GeometryMode (177)
[2015.08.05-05.47.11:117][200]LogModuleManager: Shutting down and abandoning module TextureAlignMode (176)
[2015.08.05-05.47.11:117][200]LogModuleManager: Shutting down and abandoning module BspMode (175)
[2015.08.05-05.47.11:117][200]LogModuleManager: Shutting down and abandoning module PlacementMode (174)
[2015.08.05-05.47.11:117][200]LogModuleManager: Shutting down and abandoning module AutomationWorker (173)
[2015.08.05-05.47.11:117][200]LogModuleManager: Shutting down and abandoning module CharacterAI (172)
[2015.08.05-05.47.11:117][200]LogModuleManager: Shutting down and abandoning module SmartSnapping (171)
[2015.08.05-05.47.11:117][200]LogModuleManager: Shutting down and abandoning module ViewportSnapping (170)
[2015.08.05-05.47.11:117][200]LogModuleManager: Shutting down and abandoning module LogVisualizer (169)
[2015.08.05-05.47.11:117][200]LogModuleManager: Shutting down and abandoning module GameProjectGeneration (168)
[2015.08.05-05.47.11:117][200]LogModuleManager: Shutting down and abandoning module IntroTutorials (167)
[2015.08.05-05.47.11:117][200]LogModuleManager: Shutting down and abandoning module EditorLiveStreaming (166)
[2015.08.05-05.47.11:117][200]LogModuleManager: Shutting down and abandoning module IOSPlatformEditor (165)
[2015.08.05-05.47.11:117][200]LogModuleManager: Shutting down and abandoning module HTML5PlatformEditor (164)
[2015.08.05-05.47.11:117][200]LogModuleManager: Shutting down and abandoning module AndroidDeviceDetection (163)
[2015.08.05-05.47.11:630][200]LogModuleManager: Shutting down and abandoning module AndroidPlatformEditor (162)
[2015.08.05-05.47.11:630][200]LogModuleManager: Shutting down and abandoning module IOSRuntimeSettings (161)
[2015.08.05-05.47.11:630][200]LogModuleManager: Shutting down and abandoning module AndroidRuntimeSettings (160)
[2015.08.05-05.47.11:630][200]LogModuleManager: Shutting down and abandoning module MergeActors (159)
[2015.08.05-05.47.11:630][200]LogModuleManager: Shutting down and abandoning module SizeMap (158)
[2015.08.05-05.47.11:630][200]LogModuleManager: Shutting down and abandoning module TreeMap (157)
[2015.08.05-05.47.11:630][200]LogModuleManager: Shutting down and abandoning module ReferenceViewer (156)
[2015.08.05-05.47.11:630][200]LogModuleManager: Shutting down and abandoning module LocalizationDashboard (155)
[2015.08.05-05.47.11:631][200]LogModuleManager: Shutting down and abandoning module HardwareTargeting (154)
[2015.08.05-05.47.11:631][200]LogModuleManager: Shutting down and abandoning module DeviceProfileEditor (153)
[2015.08.05-05.47.11:631][200]LogModuleManager: Shutting down and abandoning module UndoHistory (152)
[2015.08.05-05.47.11:631][200]LogModuleManager: Shutting down and abandoning module GameplayTagsEditor (151)
[2015.08.05-05.47.11:631][200]LogModuleManager: Shutting down and abandoning module UserFeedback (150)
[2015.08.05-05.47.11:631][200]LogModuleManager: Shutting down and abandoning module XmlParser (149)
[2015.08.05-05.47.11:631][200]LogModuleManager: Shutting down and abandoning module Blutility (148)
[2015.08.05-05.47.11:631][200]LogModuleManager: Shutting down and abandoning module ProjectTargetPlatformEditor (147)
[2015.08.05-05.47.11:631][200]LogModuleManager: Shutting down and abandoning module ProjectSettingsViewer (146)
[2015.08.05-05.47.11:631][200]LogModuleManager: Shutting down and abandoning module InputBindingEditor (145)
[2015.08.05-05.47.11:632][200]LogModuleManager: Shutting down and abandoning module EditorSettingsViewer (144)
[2015.08.05-05.47.11:632][200]LogModuleManager: Shutting down and abandoning module SettingsEditor (143)
[2015.08.05-05.47.11:632][200]LogModuleManager: Shutting down and abandoning module ProjectLauncher (142)
[2015.08.05-05.47.11:632][200]LogModuleManager: Shutting down and abandoning module SessionFrontend (141)
[2015.08.05-05.47.11:632][200]LogModuleManager: Shutting down and abandoning module ProfilerClient (140)
[2015.08.05-05.47.11:632][200]LogModuleManager: Shutting down and abandoning module TargetDeviceServices (139)
[2015.08.05-05.47.11:632][200]LogModuleManager: Shutting down and abandoning module DeviceManager (138)
[2015.08.05-05.47.11:632][200]LogModuleManager: Shutting down and abandoning module AutomationController (137)
[2015.08.05-05.47.11:632][200]LogModuleManager: Shutting down and abandoning module AutomationWindow (136)
[2015.08.05-05.47.11:633][200]LogModuleManager: Shutting down and abandoning module Layers (135)
[2015.08.05-05.47.11:633][200]LogModuleManager: Shutting down and abandoning module ComponentVisualizers (134)
[2015.08.05-05.47.11:633][200]LogModuleManager: Shutting down and abandoning module DetailCustomizations (133)
[2015.08.05-05.47.11:633][200]LogModuleManager: Shutting down and abandoning module PackagesDialog (132)
[2015.08.05-05.47.11:635][200]LogModuleManager: Shutting down and abandoning module AssetRegistry (131)
[2015.08.05-05.47.11:873][200]LogModuleManager: Shutting down and abandoning module Persona (130)
[2015.08.05-05.47.11:873][200]LogModuleManager: Shutting down and abandoning module Kismet (129)
[2015.08.05-05.47.11:873][200]LogModuleManager: Shutting down and abandoning module GraphEditor (128)
[2015.08.05-05.47.11:873][200]LogModuleManager: Shutting down and abandoning module ClassViewer (127)
[2015.08.05-05.47.11:873][200]LogModuleManager: Shutting down and abandoning module Toolbox (126)
[2015.08.05-05.47.11:873][200]LogModuleManager: Shutting down and abandoning module ModuleUI (125)
[2015.08.05-05.47.11:873][200]LogModuleManager: Shutting down and abandoning module MovieSceneTools (124)
[2015.08.05-05.47.11:873][200]LogModuleManager: Shutting down and abandoning module OutputLog (123)
[2015.08.05-05.47.11:873][200]LogModuleManager: Shutting down and abandoning module GammaUI (122)
[2015.08.05-05.47.11:873][200]LogModuleManager: Shutting down and abandoning module Documentation (121)
[2015.08.05-05.47.11:873][200]LogModuleManager: Shutting down and abandoning module GameLiveStreaming (120)
[2015.08.05-05.47.11:873][200]LogModuleManager: Shutting down and abandoning module StreamingPauseRendering (119)
[2015.08.05-05.47.11:873][200]LogModuleManager: Shutting down and abandoning module AnalyticsET (118)
[2015.08.05-05.47.11:873][200]LogModuleManager: Shutting down and abandoning module Analytics (117)
[2015.08.05-05.47.11:873][200]LogModuleManager: Shutting down and abandoning module AITestSuite (116)
[2015.08.05-05.47.11:873][200]LogModuleManager: Shutting down and abandoning module GameplayDebugger (115)
[2015.08.05-05.47.11:873][200]LogModuleManager: Shutting down and abandoning module AIModule (114)
[2015.08.05-05.47.11:873][200]LogModuleManager: Shutting down and abandoning module ProfilerService (113)
[2015.08.05-05.47.11:950][200]LogModuleManager: Shutting down and abandoning module TaskGraph (112)
[2015.08.05-05.47.11:950][200]LogModuleManager: Shutting down and abandoning module SlateRemote (111)
[2015.08.05-05.47.11:950][200]LogModuleManager: Shutting down and abandoning module SteamVRController (110)
[2015.08.05-05.47.11:950][200]LogModuleManager: Shutting down and abandoning module SteamVR (109)
[2015.08.05-05.47.11:950][200]LogModuleManager: Shutting down and abandoning module ProceduralMeshComponent (108)
[2015.08.05-05.47.11:950][200]LogModuleManager: Shutting down and abandoning module OculusRift (107)
[2015.08.05-05.47.11:950][200]LogModuleManager: Shutting down and abandoning module LeapMotionController (106)
[2015.08.05-05.47.11:992][200]LogModuleManager: Shutting down and abandoning module CustomMeshComponent (105)
[2015.08.05-05.47.11:992][200]LogModuleManager: Shutting down and abandoning module CableComponent (104)
[2015.08.05-05.47.11:992][200]LogModuleManager: Shutting down and abandoning module MessagingDebugger (103)
[2015.08.05-05.47.11:992][200]LogModuleManager: Shutting down and abandoning module MediaPlayerEditor (102)
[2015.08.05-05.47.11:993][200]LogModuleManager: Shutting down and abandoning module SpeedTreeImporter (101)
[2015.08.05-05.47.11:993][200]LogModuleManager: Shutting down and abandoning module PluginBrowser (100)
[2015.08.05-05.47.11:993][200]LogModuleManager: Shutting down and abandoning module EpicSurvey (99)
[2015.08.05-05.47.11:993][200]LogModuleManager: Shutting down and abandoning module DesktopPlatform (98)
[2015.08.05-05.47.11:993][200]LogModuleManager: Shutting down and abandoning module VisualStudioSourceCodeAccess (97)
[2015.08.05-05.47.11:993][200]LogModuleManager: Shutting down and abandoning module UObjectPlugin (96)
[2015.08.05-05.47.11:993][200]LogModuleManager: Shutting down and abandoning module SubversionSourceControl (95)
[2015.08.05-05.47.11:993][200]LogModuleManager: Shutting down and abandoning module PerforceSourceControl (94)
[2015.08.05-05.47.11:993][200]LogModuleManager: Shutting down and abandoning module SourceControl (93)
[2015.08.05-05.47.11:993][200]LogModuleManager: Shutting down and abandoning module GitSourceControl (92)
[2015.08.05-05.47.11:993][200]LogModuleManager: Shutting down and abandoning module BlankPlugin (91)
[2015.08.05-05.47.11:993][200]LogModuleManager: Shutting down and abandoning module PaperTiledImporter (90)
[2015.08.05-05.47.11:993][200]LogModuleManager: Shutting down and abandoning module PaperSpriteSheetImporter (89)
[2015.08.05-05.47.11:993][200]LogModuleManager: Shutting down and abandoning module MeshPaint (88)
[2015.08.05-05.47.11:993][200]LogModuleManager: Shutting down and abandoning module SlateReflector (87)
[2015.08.05-05.47.11:993][200]LogModuleManager: Shutting down and abandoning module DirectoryWatcher (86)
[2015.08.05-05.47.11:994][200]LogModuleManager: Shutting down and abandoning module HotReload (85)
[2015.08.05-05.47.11:994][200]LogModuleManager: Shutting down and abandoning module MainFrame (84)
[2015.08.05-05.47.11:994][200]LogModuleManager: Shutting down and abandoning module LevelEditor (83)
[2015.08.05-05.47.11:996][200]LogModuleManager: Shutting down and abandoning module ContentBrowser (82)
[2015.08.05-05.47.11:997][200]LogModuleManager: Shutting down and abandoning module Paper2DEditor (81)
[2015.08.05-05.47.11:997][200]LogModuleManager: Shutting down and abandoning module UdpMessaging (80)
[2015.08.05-05.47.12:098][200]LogModuleManager: Shutting down and abandoning module Paper2D (79)
[2015.08.05-05.47.12:098][200]LogModuleManager: Shutting down and abandoning module WindowsMoviePlayer (78)
[2015.08.05-05.47.12:104][200]LogModuleManager: Shutting down and abandoning module Media (77)
[2015.08.05-05.47.12:104][200]LogModuleManager: Shutting down and abandoning module WmfMedia (76)
[2015.08.05-05.47.12:105][200]LogModuleManager: Shutting down and abandoning module OnlineBlueprintSupport (75)
[2015.08.05-05.47.12:105][200]LogModuleManager: Shutting down and abandoning module PropertyEditor (74)
[2015.08.05-05.47.12:105][200]LogModuleManager: Shutting down and abandoning module BehaviorTreeEditor (73)
[2015.08.05-05.47.12:105][200]LogModuleManager: Shutting down and abandoning module FunctionalTesting (72)
[2015.08.05-05.47.12:105][200]LogModuleManager: Shutting down and abandoning module CollisionAnalyzer (71)
[2015.08.05-05.47.12:105][200]LogModuleManager: Shutting down and abandoning module WorkspaceMenuStructure (70)
[2015.08.05-05.47.12:105][200]LogModuleManager: Shutting down and abandoning module MessageLog (69)
[2015.08.05-05.47.12:105][200]LogModuleManager: Shutting down and abandoning module Sequencer (68)
[2015.08.05-05.47.12:105][200]LogModuleManager: Shutting down and abandoning module AssetTools (67)
[2015.08.05-05.47.12:106][200]LogModuleManager: Shutting down and abandoning module UMGEditor (66)
[2015.08.05-05.47.12:106][200]LogModuleManager: Shutting down and abandoning module UMG (65)
[2015.08.05-05.47.12:106][200]LogModuleManager: Shutting down and abandoning module Slate (64)
[2015.08.05-05.47.12:106][200]LogModuleManager: Shutting down and abandoning module EditorStyle (63)
[2015.08.05-05.47.12:114][200]LogModuleManager: Shutting down and abandoning module SessionServices (62)
[2015.08.05-05.47.12:114][200]LogModuleManager: Shutting down and abandoning module SourceCodeAccess (61)
[2015.08.05-05.47.12:115][200]LogModuleManager: Shutting down and abandoning module HeadMountedDisplay (60)
[2015.08.05-05.47.12:115][200]LogModuleManager: Shutting down and abandoning module XAudio2 (59)
[2015.08.05-05.47.12:115][200]LogModuleManager: Shutting down and abandoning module Networking (57)
[2015.08.05-05.47.12:115][200]LogModuleManager: Shutting down and abandoning module Core (56)
[2015.08.05-05.47.12:115][200]LogModuleManager: Shutting down and abandoning module KismetCompiler (55)
[2015.08.05-05.47.12:115][200]LogModuleManager: Shutting down and abandoning module PhysXFormats (54)
[2015.08.05-05.47.12:115][200]LogModuleManager: Shutting down and abandoning module MeshUtilities (53)
[2015.08.05-05.47.12:115][200]LogModuleManager: Shutting down and abandoning module DerivedDataCache (52)
[2015.08.05-05.47.12:292][200]LogDerivedDataCache: Shutdown
[2015.08.05-05.47.12:292][200]LogModuleManager: Shutting down and abandoning module ShaderFormatOpenGL (51)
[2015.08.05-05.47.12:292][200]LogModuleManager: Shutting down and abandoning module ShaderFormatD3D (50)
[2015.08.05-05.47.12:292][200]LogModuleManager: Shutting down and abandoning module MetalShaderFormat (49)
[2015.08.05-05.47.12:292][200]LogModuleManager: Shutting down and abandoning module TextureFormatUncompressed (48)
[2015.08.05-05.47.12:292][200]LogModuleManager: Shutting down and abandoning module TextureFormatPVR (47)
[2015.08.05-05.47.12:292][200]LogModuleManager: Shutting down and abandoning module TextureFormatIntelISPCTexComp (46)
[2015.08.05-05.47.12:292][200]LogModuleManager: Shutting down and abandoning module TextureFormatDXT (45)
[2015.08.05-05.47.12:292][200]LogModuleManager: Shutting down and abandoning module ImageWrapper (44)
[2015.08.05-05.47.12:292][200]LogModuleManager: Shutting down and abandoning module TextureFormatASTC (43)
[2015.08.05-05.47.12:293][200]LogModuleManager: Shutting down and abandoning module TextureFormatAndroid (42)
[2015.08.05-05.47.12:293][200]LogModuleManager: Shutting down and abandoning module AudioFormatOpus (41)
[2015.08.05-05.47.12:293][200]LogModuleManager: Shutting down and abandoning module AudioFormatOgg (40)
[2015.08.05-05.47.12:293][200]LogModuleManager: Shutting down and abandoning module AudioFormatADPCM (39)
[2015.08.05-05.47.12:293][200]LogModuleManager: Shutting down and abandoning module LinuxTargetPlatform (38)
[2015.08.05-05.47.12:293][200]LogModuleManager: Shutting down and abandoning module LinuxServerTargetPlatform (37)
[2015.08.05-05.47.12:293][200]LogModuleManager: Shutting down and abandoning module LinuxNoEditorTargetPlatform (36)
[2015.08.05-05.47.12:293][200]LogModuleManager: Shutting down and abandoning module Messaging (35)
[2015.08.05-05.47.12:293][200]LogModuleManager: Shutting down and abandoning module IOSTargetPlatform (34)
[2015.08.05-05.47.12:293][200]LogModuleManager: Shutting down and abandoning module HTML5TargetPlatform (33)
[2015.08.05-05.47.12:293][200]LogModuleManager: Shutting down and abandoning module Android_PVRTCTargetPlatform (32)
[2015.08.05-05.47.12:293][200]LogModuleManager: Shutting down and abandoning module Android_ETC2TargetPlatform (31)
[2015.08.05-05.47.12:293][200]LogModuleManager: Shutting down and abandoning module Android_ETC1TargetPlatform (30)
[2015.08.05-05.47.12:293][200]LogModuleManager: Shutting down and abandoning module Android_DXTTargetPlatform (29)
[2015.08.05-05.47.12:293][200]LogModuleManager: Shutting down and abandoning module Android_ATCTargetPlatform (28)
[2015.08.05-05.47.12:293][200]LogModuleManager: Shutting down and abandoning module Android_ASTCTargetPlatform (27)
[2015.08.05-05.47.12:293][200]LogModuleManager: Shutting down and abandoning module AndroidTargetPlatform (26)
[2015.08.05-05.47.12:293][200]LogModuleManager: Shutting down and abandoning module WindowsTargetPlatform (25)
[2015.08.05-05.47.12:293][200]LogModuleManager: Shutting down and abandoning module WindowsServerTargetPlatform (24)
[2015.08.05-05.47.12:293][200]LogModuleManager: Shutting down and abandoning module WindowsNoEditorTargetPlatform (23)
[2015.08.05-05.47.12:293][200]LogModuleManager: Shutting down and abandoning module WindowsClientTargetPlatform (22)
[2015.08.05-05.47.12:293][200]LogModuleManager: Shutting down and abandoning module DesktopTargetPlatform (21)
[2015.08.05-05.47.12:293][200]LogModuleManager: Shutting down and abandoning module TargetPlatform (20)
[2015.08.05-05.47.12:294][200]LogModuleManager: Shutting down and abandoning module InputCore (19)
[2015.08.05-05.47.12:294][200]LogModuleManager: Shutting down and abandoning module Settings (18)
[2015.08.05-05.47.12:294][200]LogModuleManager: Shutting down and abandoning module OnlineSubsystem (16)
[2015.08.05-05.47.12:294][200]LogModuleManager: Shutting down and abandoning module HTTP (15)
[2015.08.05-05.47.12:295][200]LogModuleManager: Shutting down and abandoning module ExampleDeviceProfileSelector (14)
[2015.08.05-05.47.12:295][200]LogModuleManager: Shutting down and abandoning module TextureCompressor (13)
[2015.08.05-05.47.12:295][200]LogModuleManager: Shutting down and abandoning module ShaderCore (12)
[2015.08.05-05.47.12:295][200]LogModuleManager: Shutting down and abandoning module Landscape (11)
[2015.08.05-05.47.12:295][200]LogModuleManager: Shutting down and abandoning module SlateRHIRenderer (10)
[2015.08.05-05.47.12:299][200]LogModuleManager: Shutting down and abandoning module OpenGLDrv (9)
[2015.08.05-05.47.12:299][200]LogModuleManager: Shutting down and abandoning module D3D11RHI (8)
[2015.08.05-05.47.12:299][200]LogModuleManager: Shutting down and abandoning module Renderer (7)
[2015.08.05-05.47.12:299][200]LogModuleManager: Shutting down and abandoning module Engine (6)
[2015.08.05-05.47.12:299][200]LogModuleManager: Shutting down and abandoning module CoreUObject (5)
[2015.08.05-05.47.12:300][200]LogModuleManager: Shutting down and abandoning module NetworkFile (4)
[2015.08.05-05.47.12:300][200]LogModuleManager: Shutting down and abandoning module StreamingFile (3)
[2015.08.05-05.47.12:300][200]LogModuleManager: Shutting down and abandoning module SandboxFile (2)
[2015.08.05-05.47.12:300][200]LogModuleManager: Shutting down and abandoning module PakFile (1)
[2015.08.05-05.47.12:301][200]LogExit: Exiting.
[2015.08.05-05.47.12:361][200]Log file closed, 08/05/15 00:47:12
