[2015.07.23-23.12.46:744][  0]Log file open, 07/23/15 18:12:46
[2015.07.23-23.12.46:744][  0]LogInit:Display: Running engine for game: TheForsakens
[2015.07.23-23.12.46:744][  0]LogInit:Display: RandInit(-1637065882) SRandInit(-1637065882).
[2015.07.23-23.12.46:744][  0]LogTaskGraph: Started task graph with 4 named threads and 5 total threads.
[2015.07.23-23.12.46:744][  0]LogStats: Stats thread started
[2015.07.23-23.12.46:744][  0]LogInit: Version: 4.8.2-2614606+++depot+UE4-Releases+4.8
[2015.07.23-23.12.46:744][  0]LogInit: API Version: 2579680
[2015.07.23-23.12.46:744][  0]LogInit: Compiled (64-bit): Jul  8 2015 23:43:41
[2015.07.23-23.12.46:744][  0]LogInit: Compiled with Visual C++: 18.00.21005.01
[2015.07.23-23.12.46:744][  0]LogInit: Build Configuration: Development
[2015.07.23-23.12.46:744][  0]LogInit: Branch Name: ++depot+UE4-Releases+4.8
[2015.07.23-23.12.46:744][  0]LogInit: Command line:  
[2015.07.23-23.12.46:744][  0]LogInit: Base directory: C:/Program Files/Epic Games/4.8/Engine/Binaries/Win64/
[2015.07.23-23.12.46:744][  0]LogInit: Rocket: 1
[2015.07.23-23.12.47:013][  0]LogInit: Using libcurl 7.41.0
[2015.07.23-23.12.47:013][  0]LogInit:  - built for x86_64-pc-win32
[2015.07.23-23.12.47:013][  0]LogInit:  - supports SSL with WinSSL
[2015.07.23-23.12.47:013][  0]LogInit:  - other features:
[2015.07.23-23.12.47:013][  0]LogInit:      CURL_VERSION_SSL
[2015.07.23-23.12.47:013][  0]LogInit:      CURL_VERSION_IPV6
[2015.07.23-23.12.47:013][  0]LogInit:      CURL_VERSION_ASYNCHDNS
[2015.07.23-23.12.47:013][  0]LogInit:      CURL_VERSION_LARGEFILE
[2015.07.23-23.12.47:013][  0]LogInit:      CURL_VERSION_IDN
[2015.07.23-23.12.47:013][  0]LogInit:  CurlRequestOptions (configurable via config and command line):
[2015.07.23-23.12.47:013][  0]LogInit:  - bVerifyPeer = true  - Libcurl will verify peer certificate
[2015.07.23-23.12.47:013][  0]LogInit:  - bUseHttpProxy = false  - Libcurl will NOT use HTTP proxy
[2015.07.23-23.12.47:013][  0]LogInit:  - bDontReuseConnections = false  - Libcurl will reuse connections
[2015.07.23-23.12.47:013][  0]LogInit:  - CertBundlePath = nullptr  - Libcurl will use whatever was configured at build time.
[2015.07.23-23.12.47:042][  0]LogOnline:Warning: No default platform service specified for OnlineSubsystem
[2015.07.23-23.12.47:069][  0]LogInit: Presizing for 0 objects not considered by GC, pre-allocating 0 bytes.
[2015.07.23-23.12.47:081][  0]LogInit: Object subsystem initialized
[2015.07.23-23.12.47:082][  0]LogConsoleResponse:Warning: Skipping Unknown console variable: 'TranslucentSortAxis = (X=0.000000,Y=-1.000000,Z=0.000000)'
[2015.07.23-23.12.47:082][  0]LogConsoleResponse:Warning:   Found in ini file 'C:/Users/Christian/Documents/Unreal Projects/TheForsakens 4.8/Saved/Config/Windows/Engine.ini', in section '[/Script/Engine.RendererSettings]'
[2015.07.23-23.12.47:083][  0]LogConsoleResponse:Warning: Skipping Unknown console variable: 'UIScaleRule = ShortestSide'
[2015.07.23-23.12.47:083][  0]LogConsoleResponse:Warning:   Found in ini file 'C:/Users/Christian/Documents/Unreal Projects/TheForsakens 4.8/Saved/Config/Windows/Engine.ini', in section '[/Script/Engine.RendererSettings]'
[2015.07.23-23.12.47:083][  0]LogConsoleResponse:Warning: Skipping Unknown console variable: 'UIScaleCurve = (EditorCurveData=(Keys=),ExternalCurve=None)'
[2015.07.23-23.12.47:083][  0]LogConsoleResponse:Warning:   Found in ini file 'C:/Users/Christian/Documents/Unreal Projects/TheForsakens 4.8/Saved/Config/Windows/Engine.ini', in section '[/Script/Engine.RendererSettings]'
[2015.07.23-23.12.47:083][  0]LogInit: Selected Device Profile: [Windows]
[2015.07.23-23.12.47:083][  0]LogInit: Applying CVar settings loaded from the selected device profile: [Windows]
[2015.07.23-23.12.47:093][  0]LogInit: Computer: CHRISTIANGAMING
[2015.07.23-23.12.47:093][  0]LogInit: User: Christian
[2015.07.23-23.12.47:093][  0]LogInit: CPU Page size=4096, Cores=2
[2015.07.23-23.12.47:093][  0]LogInit: High frequency timer resolution =2.143570 MHz
[2015.07.23-23.12.47:093][  0]LogMemory: Memory total: Physical=3.9GB (4GB approx)
[2015.07.23-23.12.47:093][  0]LogMemory: Platform Memory Stats for Windows
[2015.07.23-23.12.47:093][  0]LogMemory: Process Physical Memory: 49.50 MB used, 49.50 MB peak
[2015.07.23-23.12.47:093][  0]LogMemory: Process Virtual Memory: 21.98 MB used, 21.98 MB peak
[2015.07.23-23.12.47:093][  0]LogMemory: Physical Memory: 3110.05 MB used, 3983.27 MB total
[2015.07.23-23.12.47:093][  0]LogMemory: Virtual Memory: 290.59 MB used, 8388608.00 MB total
[2015.07.23-23.12.47:313][  0]LogTextLocalizationManager: The requested culture ('en_US') has no localization data; parent culture's ('en') localization data will be used.
[2015.07.23-23.12.47:736][  0]LogTextLocalizationManager:Warning: Loaded localization resources contain conflicting entries for (Namespace:ContentBrowser, Key:ImportAssetToolTip):
Localization Resource: (C:/Program Files/Epic Games/4.8/Engine/Content/Localization/Editor/en/Editor.locres) Source String Hash: (-630476809) Localized String: (Import to {0}...)
Localization Resource: (C:/Program Files/Epic Games/4.8/Engine/Content/Localization/Editor/en/Editor.locres) Source String Hash: (1271782899) Localized String: (Imports an asset from file to this folder.)
[2015.07.23-23.12.48:318][  0]LogD3D11RHI: Found D3D11 adapter 0: Intel(R) HD Graphics 3000 (Feature Level 10_0)
[2015.07.23-23.12.48:318][  0]LogD3D11RHI: Adapter has 32MB of dedicated video memory, 0MB of dedicated system memory, and 1632MB of shared system memory, 1 output[s]
[2015.07.23-23.12.48:320][  0]LogD3D11RHI: Found D3D11 adapter 1: Microsoft Basic Render Driver (Feature Level 11_0)
[2015.07.23-23.12.48:320][  0]LogD3D11RHI: Adapter has 0MB of dedicated video memory, 0MB of dedicated system memory, and 256MB of shared system memory, 0 output[s]
[2015.07.23-23.12.48:320][  0]LogD3D11RHI: Chosen D3D11 Adapter Id = 0
[2015.07.23-23.12.48:328][  0]LogD3D11RHI: InitD3DDevice
[2015.07.23-23.12.48:328][  0]LogD3D11RHI: !Direct3DDevice
[2015.07.23-23.12.48:329][  0]LogRHI: Texture pool is 593 MB (70% of 848 MB)
[2015.07.23-23.12.48:331][  0]LogD3D11RHI: Async texture creation enabled
[2015.07.23-23.12.48:351][  0]LogShaderCompilers:Display: Using Local Shader Compiler.
[2015.07.23-23.12.52:544][  0]LogTemp:Display: Loaded TP DesktopTargetPlatform
[2015.07.23-23.12.52:567][  0]LogTemp:Display: Loaded TP WindowsClientTargetPlatform
[2015.07.23-23.12.52:590][  0]LogTemp:Display: Loaded TP WindowsNoEditorTargetPlatform
[2015.07.23-23.12.52:612][  0]LogTemp:Display: Loaded TP WindowsServerTargetPlatform
[2015.07.23-23.12.52:637][  0]LogTemp:Display: Loaded TP WindowsTargetPlatform
[2015.07.23-23.12.52:656][  0]LogTemp:Display: Loaded TP AndroidTargetPlatform
[2015.07.23-23.12.52:675][  0]LogTemp:Display: Loaded TP Android_ASTCTargetPlatform
[2015.07.23-23.12.52:694][  0]LogTemp:Display: Loaded TP Android_ATCTargetPlatform
[2015.07.23-23.12.52:713][  0]LogTemp:Display: Loaded TP Android_DXTTargetPlatform
[2015.07.23-23.12.52:734][  0]LogTemp:Display: Loaded TP Android_ETC1TargetPlatform
[2015.07.23-23.12.52:753][  0]LogTemp:Display: Loaded TP Android_ETC2TargetPlatform
[2015.07.23-23.12.52:772][  0]LogTemp:Display: Loaded TP Android_PVRTCTargetPlatform
[2015.07.23-23.12.52:860][  0]LogTemp:Display: Loaded TP IOSTargetPlatform
[2015.07.23-23.12.52:893][  0]LogTemp:Display: Loaded TP LinuxNoEditorTargetPlatform
[2015.07.23-23.12.52:926][  0]LogTemp:Display: Loaded TP LinuxServerTargetPlatform
[2015.07.23-23.12.52:956][  0]LogTemp:Display: Loaded TP LinuxTargetPlatform
[2015.07.23-23.12.52:957][  0]LogTargetPlatformManager:Display: Building Assets For Windows
[2015.07.23-23.12.53:888][  0]LogDerivedDataCache:Display: Max Cache Size: 512 MB
[2015.07.23-23.12.58:434][  0]LogDerivedDataCache: Loaded boot cache 4.55s 48MB C:/Users/Christian/AppData/Local/UnrealEngine/4.8/DerivedDataCache/Boot.ddc.
[2015.07.23-23.12.58:434][  0]LogDerivedDataCache:Display: Loaded Boot cache: C:/Users/Christian/AppData/Local/UnrealEngine/4.8/DerivedDataCache/Boot.ddc
[2015.07.23-23.12.58:435][  0]LogDerivedDataCache: FDerivedDataBackendGraph:  Pak pak cache file ../../../../../../Users/Christian/Documents/Unreal Projects/TheForsakens 4.8/DerivedDataCache/DDC.ddp not found, will not use a pak cache.
[2015.07.23-23.12.58:435][  0]LogDerivedDataCache: Unable to find inner node Pak for hierarchical cache Hierarchy.
[2015.07.23-23.12.58:435][  0]LogDerivedDataCache: FDerivedDataBackendGraph:  CompressedPak pak cache file ../../../../../../Users/Christian/Documents/Unreal Projects/TheForsakens 4.8/DerivedDataCache/Compressed.ddp not found, will not use a pak cache.
[2015.07.23-23.12.58:435][  0]LogDerivedDataCache: Unable to find inner node CompressedPak for hierarchical cache Hierarchy.
[2015.07.23-23.12.58:734][  0]LogDerivedDataCache:Display: Pak cache opened for reading ../../../Engine/DerivedDataCache/Compressed.ddp.
[2015.07.23-23.12.59:066][  0]LogDerivedDataCache: Using Local data cache path C:/Users/Christian/AppData/Local/UnrealEngine/Common/DerivedDataCache: Writable
[2015.07.23-23.13.20:239][  0]LogInit: Selected Device Profile: [Windows]
[2015.07.23-23.13.21:674][  0]ImportText (ComponentSweepMultiTests): Missing closing parenthesis: (RootShapeAsset="/Engine/BasicShapes/Cube.Cube",ShapeType="TriggerCapsule",HitResult=(Time=0.50,Location=(X=-100.000015,Y=0.0,Z=100.000015),ImpactPoint=(X=-50.0,Y=0.0,Z=50.0),Normal=(X=-1.0,Y=-0.0,Z=0.0),ImpactNormal=(X=0.0,Y=0.0,Z=1.0),TraceStart=(X=-200.0,Y=0.0,Z=200.0),TraceEnd=(X=0.0,Y=0.0,Z=0.0))
[2015.07.23-23.13.21:678][  0]ImportText (LineTraceSingleByChannelTests): Missing closing parenthesis: (RootShapeAsset="/Engine/BasicShapes/Cube.Cube",HitResult=(Time=0.50,Location=(X=-100.000015,Y=0.0,Z=100.000015),ImpactPoint=(X=-50.0,Y=0.0,Z=50.0),Normal=(X=-1.0,Y=-0.0,Z=0.0),ImpactNormal=(X=0.0,Y=0.0,Z=1.0),TraceStart=(X=-200.0,Y=0.0,Z=200.0),TraceEnd=(X=0.0,Y=0.0,Z=0.0))
[2015.07.23-23.13.22:050][  0]LogMeshUtilities: No automatic mesh reduction module available
[2015.07.23-23.13.22:050][  0]LogMeshUtilities: No automatic mesh merging module available
[2015.07.23-23.13.26:321][  0]LogInit: WinSock: version 1.1 (2.2), MaxSocks=32767, MaxUdp=65467
[2015.07.23-23.13.49:487][  0]UdpMessaging: Initializing bridge on interface 0.0.0.0:0 to multicast group 230.0.0.1:6666.
[2015.07.23-23.13.52:559][  0]SourceControl: Info Source control is disabled
[2015.07.23-23.13.52:560][  0]SourceControl: Info Source control is disabled
[2015.07.23-23.13.52:645][  0]SourceControl: Info Source control is disabled
[2015.07.23-23.13.52:737][  0]SourceControl: Info Source control is disabled
[2015.07.23-23.13.54:705][  0]LogObj: 26273 objects as part of root set at end of initial load.
[2015.07.23-23.13.54:705][  0]LogUObjectAllocator: 5409248 out of 0 bytes used by permanent object pool.
[2015.07.23-23.13.55:633][  0]LogEngine: Initializing Engine...
[2015.07.23-23.13.55:671][  0]LogHMD: Can't find Oculus library dev build: is proper Runtime installed? Version: 0.6.0.0
[2015.07.23-23.13.55:741][  0]LogHMD:Warning: SteamVR failed to initialize.  Error: 110
[2015.07.23-23.13.57:008][  0]LogAIModule: Creating AISystem for world NewWorld
[2015.07.23-23.13.57:078][  0]LogInit: XAudio2 using 'Speakers (Realtek High Definition Audio)' : 2 channels at 48 kHz using 32 bits per sample (channel mask 0x3)
[2015.07.23-23.13.57:128][  0]LogInit: FAudioDevice initialized.
[2015.07.23-23.13.57:246][  0]LogDerivedDataCache: Saved boot cache 0.12s 48MB C:/Users/Christian/AppData/Local/UnrealEngine/4.8/DerivedDataCache/Boot.ddc.
[2015.07.23-23.13.57:266][  0]LogInit: Texture streaming: Disabled
[2015.07.23-23.13.57:406][  0]LogAnalytics: Creating configured Analytics provider AnalyticsET
[2015.07.23-23.13.57:406][  0]LogAnalytics: [UEEditor.Rocket.Release] APIServer = http://et2.epicgames.com/ET2/. AppVersion = 4.8.2-2614606+++depot+UE4-Releases+4.8
[2015.07.23-23.13.57:406][  0]LogAnalytics: [UEEditor.Rocket.Release] SetUserId d520111f42444ed2ae17ceb4cce854a2|256081b0662a4905b440382e278adc23|3ae4f12a-3c0a-4aaf-bb63-a78589ca1625
[2015.07.23-23.13.57:407][  0]LogAnalytics: [UEEditor.Rocket.Release] AnalyticsET::StartSession
[2015.07.23-23.13.57:681][  0]LogInit: Transaction tracking system initialized
[2015.07.23-23.14.01:006][  0]BlueprintLog: New page: Editor Load
[2015.07.23-23.14.04:914][  0]LogAssetRegistry: FAssetRegistry took 0.3866 seconds to start up
[2015.07.23-23.14.05:025][  0]LogDirectoryWatcher:Warning: Failed to begin reading directory changes for ../../../Engine/Plugins/Experimental/CharacterAI/Content/. Error: 0
[2015.07.23-23.14.15:219][  0]LogConsoleManager:Warning: Console variable 'r.VSync' wasn't set ('GameSetting' has a lower priority than 'SystemSettingsIni')
[2015.07.23-23.14.15:223][  0]LogConsoleResponse:Display: 
[2015.07.23-23.14.18:041][  0]LogCook:Display: Done creating registry. It took  0.00s.
[2015.07.23-23.14.19:809][  0]SourceControl: Info Source control is disabled
[2015.07.23-23.14.19:867][  0]Cmd: MAP LOAD FILE="../../../Engine/Content/Maps/Templates/Template_Default.umap" TEMPLATE=1 SHOWPROGRESS=1 FEATURELEVEL=2
[2015.07.23-23.14.19:920][  0]LightingResults: New page: Lighting Build
[2015.07.23-23.14.20:006][  0]MapCheck: New page: Map Check
[2015.07.23-23.14.20:006][  0]LightingResults: New page: Lighting Build
[2015.07.23-23.14.20:042][  0]LogParticles: Destroying 0 GPU particle simulations for FXSystem 0x00000038DD472200
[2015.07.23-23.14.23:148][  0]LogAIModule: Creating AISystem for world Untitled_1
[2015.07.23-23.14.23:348][  0]LogEditorServer: Finished looking for orphan Actors (0.000 secs)
[2015.07.23-23.14.23:492][  0]Cmd: MAP CHECKDEP NOCLEARLOG
[2015.07.23-23.14.23:651][  0]MapCheck: Info Map check complete: 0 Error(s), 0 Warning(s), took 158.279ms to complete.
[2015.07.23-23.14.23:697][  0]LogFileHelpers: Loading map 'Template_Default' took 3.830
[2015.07.23-23.14.25:427][  0]LogCollectionManager: Loaded 0 collections in 0.009042 seconds
[2015.07.23-23.14.25:491][  0]LogContentBrowser: Native class hierarchy populated in 0.0638 seconds. Added 1792 classes and 301 folders.
[2015.07.23-23.14.25:840][  0]LogContentBrowser: Native class hierarchy updated for 'WidgetCarousel' in 0.0014 seconds. Added 0 classes and 0 folders.
[2015.07.23-23.14.26:302][  0]LogContentBrowser: Native class hierarchy updated for 'AddContentDialog' in 0.0006 seconds. Added 0 classes and 0 folders.
[2015.07.23-23.14.26:375][  0]LogContentBrowser: Native class hierarchy updated for 'SceneOutliner' in 0.0005 seconds. Added 1 classes and 2 folders.
[2015.07.23-23.14.27:750][  0]LogCrashTracker: Crashtracker disabled due to settings.
[2015.07.23-23.14.27:818][  0]LogD3D11RHI: InitD3DDevice
[2015.07.23-23.14.27:844][  0]LogUObjectGlobals:Warning: Failed to find object 'Class None.'
[2015.07.23-23.14.27:895][  0]LogLoad: Full Startup: 103.89 seconds (BP compile: 1.06 seconds)
[2015.07.23-23.14.28:629][  0]LogContentStreaming: Texture pool size is 0.000000MB
[2015.07.23-23.14.28:795][  0]LogContentStreaming: Texture pool size now 1000 MB
[2015.07.23-23.14.29:569][  0]LogRenderer: Reallocating scene render targets to support 840x376 (Frame:2).
[2015.07.23-23.14.30:972][  2]LogD3D11RHI: InitD3DDevice
[2015.07.23-23.14.32:600][ 26]LogAssetRegistry: Asset discovery search completed in 27.9073 seconds
[2015.07.23-23.14.36:654][193]LogD3D11RHI: InitD3DDevice
[2015.07.23-23.14.46:845][320]LogD3D11RHI: InitD3DDevice
[2015.07.23-23.14.46:943][320]LogFactory: FactoryCreateBinary: StaticMesh with FbxFactory (0 0 ../../../../../../Users/Christian/Desktop/Pics/Unreal 4/Models/holster.fbx)
[2015.07.23-23.14.47:222][320]LogFbx: ItemName: GlobalSettings, ItemCount : 1
[2015.07.23-23.14.47:222][320]LogFbx: ItemName: NodeAttribute, ItemCount : 84
[2015.07.23-23.14.47:222][320]LogFbx: ItemName: Model, ItemCount : 85
[2015.07.23-23.14.47:222][320]LogFbx: ItemName: Material, ItemCount : 7
[2015.07.23-23.14.47:222][320]LogFbx: ItemName: Texture, ItemCount : 15
[2015.07.23-23.14.47:222][320]LogFbx: ItemName: Video, ItemCount : 15
[2015.07.23-23.14.47:222][320]LogFbx: ItemName: AnimationStack, ItemCount : 2
[2015.07.23-23.14.47:222][320]LogFbx: ItemName: AnimationLayer, ItemCount : 2
[2015.07.23-23.14.47:223][320]LogFbx: ItemName: Geometry, ItemCount : 1
[2015.07.23-23.14.47:223][320]LogFbx: ItemName: Deformer, ItemCount : 82
[2015.07.23-23.14.47:223][320]LogFbx: ItemName: Pose, ItemCount : 1
[2015.07.23-23.14.47:223][320]LogFbx: ItemName: AnimationCurveNode, ItemCount : 75
[2015.07.23-23.14.47:223][320]LogFbx: ItemName: AnimationCurve, ItemCount : 426
[2015.07.23-23.14.47:359][320]LogD3D11RHI: InitD3DDevice
[2015.07.23-23.14.53:221][320]LogFbx: Loading FBX Scene from ../../../../../../Users/Christian/Desktop/Pics/Unreal 4/Models/holster.fbx
[2015.07.23-23.14.53:522][320]LogFbx: FBX Scene Loaded Succesfully
[2015.07.23-23.14.53:545][320]LogFbx: =================================================
[2015.07.23-23.14.53:545][320]LogFbx: Dumping Node START [Holster:curve2] 
[2015.07.23-23.14.53:545][320]LogFbx: 	Total Deformer Count -440783312.
[2015.07.23-23.14.53:545][320]LogFbx: 		[Node 1] UE4Skin_ (Type Skin).
[2015.07.23-23.14.53:559][320]LogFbx: =================================================
[2015.07.23-23.14.53:559][320]LogFbx: 	Attribute () Type (4).
[2015.07.23-23.14.53:559][320]LogFbx: 		[Node Attribute Child 1] Holster:curve2 (Type Mesh).
[2015.07.23-23.14.53:559][320]LogFbx: Dumping Node END [Holster:curve2]
[2015.07.23-23.14.53:559][320]LogFbx: =================================================
[2015.07.23-23.14.53:559][320]LogFbx: Dumping Node START [Holster:curve2] 
[2015.07.23-23.14.53:559][320]LogFbx: 	Total Deformer Count -440783312.
[2015.07.23-23.14.53:559][320]LogFbx: 		[Node 1] UE4Skin_ (Type Skin).
[2015.07.23-23.14.53:559][320]LogFbx: =================================================
[2015.07.23-23.14.53:559][320]LogFbx: 	Attribute () Type (4).
[2015.07.23-23.14.53:559][320]LogFbx: 		[Node Attribute Child 1] Holster:curve2 (Type Mesh).
[2015.07.23-23.14.53:559][320]LogFbx: Dumping Node END [Holster:curve2]
[2015.07.23-23.14.53:650][320]LogFbx: Valid bind pose for Pose (UE4BindPose) - Holster:curve2
[2015.07.23-23.14.53:727][320]LogLinker:Warning: Can't find file '/Game/Models/lambert2'
[2015.07.23-23.14.53:727][320]LogLinker:Warning: Can't find file '/Game/Models/lambert2'
[2015.07.23-23.14.53:728][320]LogLinker:Warning: Can't find file '/Game/Models/lambert2'
[2015.07.23-23.14.53:729][320]LogUObjectGlobals:Warning: Failed to find object 'MaterialInterface /Game/Models/lambert2.lambert2'
[2015.07.23-23.14.53:815][320]LogMaterial: Missing cached shader map for material lambert2, compiling. 
[2015.07.23-23.14.54:038][320]LogLinker:Warning: Can't find file '/Game/Models/Bodymat'
[2015.07.23-23.14.54:038][320]LogLinker:Warning: Can't find file '/Game/Models/Bodymat'
[2015.07.23-23.14.54:039][320]LogLinker:Warning: Can't find file '/Game/Models/Bodymat'
[2015.07.23-23.14.54:039][320]LogUObjectGlobals:Warning: Failed to find object 'MaterialInterface /Game/Models/Bodymat.Bodymat'
[2015.07.23-23.14.54:044][320]LogLinker:Warning: Can't find file '/Game/Models/RyanNew02_Body_diffuse'
[2015.07.23-23.14.54:045][320]LogLinker:Warning: Can't find file '/Game/Models/RyanNew02_Body_diffuse'
[2015.07.23-23.14.54:045][320]LogLinker:Warning: Can't find file '/Game/Models/RyanNew02_Body_diffuse'
[2015.07.23-23.14.54:045][320]LogUObjectGlobals:Warning: Failed to find object 'Texture /Game/Models/RyanNew02_Body_diffuse.RyanNew02_Body_diffuse'
[2015.07.23-23.14.54:045][320]LogStreaming:Warning: Failed to read file 'C:\Users\col\Downloads\RyanNew02.fbm\RyanNew02_Body_diffuse.png' error.
[2015.07.23-23.14.54:045][320]LogStreaming:Warning: Failed to read file '../../../../../../Users/Christian/Desktop/Pics/Unreal 4/Models/C:/Users/col/Downloads/RyanNew02.fbm/RyanNew02_Body_diffuse.png' error.
[2015.07.23-23.14.54:045][320]LogStreaming:Warning: Failed to read file '../../../../../../Users/Christian/Desktop/Pics/Unreal 4/Models/RyanNew02_Body_diffuse.png' error.
[2015.07.23-23.14.54:045][320]LogFbxMaterialImport:Warning: Unable to find TEXTure file RyanNew02_Body_diffuse.png. Tried:
 - C:\Users\col\Downloads\RyanNew02.fbm\RyanNew02_Body_diffuse.png
 - ../../../../../../Users/Christian/Desktop/Pics/Unreal 4/Models/C:/Users/col/Downloads/RyanNew02.fbm/RyanNew02_Body_diffuse.png
 - ../../../../../../Users/Christian/Desktop/Pics/Unreal 4/Models/RyanNew02_Body_diffuse.png
[2015.07.23-23.14.54:046][320]LogLinker:Warning: Can't find file '/Game/Models/RyanNew02_Body_specular'
[2015.07.23-23.14.54:047][320]LogLinker:Warning: Can't find file '/Game/Models/RyanNew02_Body_specular'
[2015.07.23-23.14.54:047][320]LogLinker:Warning: Can't find file '/Game/Models/RyanNew02_Body_specular'
[2015.07.23-23.14.54:047][320]LogUObjectGlobals:Warning: Failed to find object 'Texture /Game/Models/RyanNew02_Body_specular.RyanNew02_Body_specular'
[2015.07.23-23.14.54:048][320]LogStreaming:Warning: Failed to read file 'C:\Users\col\Downloads\RyanNew02.fbm\RyanNew02_Body_specular.png' error.
[2015.07.23-23.14.54:048][320]LogStreaming:Warning: Failed to read file '../../../../../../Users/Christian/Desktop/Pics/Unreal 4/Models/C:/Users/col/Downloads/RyanNew02.fbm/RyanNew02_Body_specular.png' error.
[2015.07.23-23.14.54:048][320]LogStreaming:Warning: Failed to read file '../../../../../../Users/Christian/Desktop/Pics/Unreal 4/Models/RyanNew02_Body_specular.png' error.
[2015.07.23-23.14.54:048][320]LogFbxMaterialImport:Warning: Unable to find TEXTure file RyanNew02_Body_specular.png. Tried:
 - C:\Users\col\Downloads\RyanNew02.fbm\RyanNew02_Body_specular.png
 - ../../../../../../Users/Christian/Desktop/Pics/Unreal 4/Models/C:/Users/col/Downloads/RyanNew02.fbm/RyanNew02_Body_specular.png
 - ../../../../../../Users/Christian/Desktop/Pics/Unreal 4/Models/RyanNew02_Body_specular.png
[2015.07.23-23.14.54:049][320]LogLinker:Warning: Can't find file '/Game/Models/RyanNew02_Body_normal'
[2015.07.23-23.14.54:049][320]LogLinker:Warning: Can't find file '/Game/Models/RyanNew02_Body_normal'
[2015.07.23-23.14.54:049][320]LogLinker:Warning: Can't find file '/Game/Models/RyanNew02_Body_normal'
[2015.07.23-23.14.54:050][320]LogUObjectGlobals:Warning: Failed to find object 'Texture /Game/Models/RyanNew02_Body_normal.RyanNew02_Body_normal'
[2015.07.23-23.14.54:050][320]LogStreaming:Warning: Failed to read file 'C:\Users\col\Downloads\RyanNew02.fbm\RyanNew02_Body_normal.png' error.
[2015.07.23-23.14.54:050][320]LogStreaming:Warning: Failed to read file '../../../../../../Users/Christian/Desktop/Pics/Unreal 4/Models/C:/Users/col/Downloads/RyanNew02.fbm/RyanNew02_Body_normal.png' error.
[2015.07.23-23.14.54:050][320]LogStreaming:Warning: Failed to read file '../../../../../../Users/Christian/Desktop/Pics/Unreal 4/Models/RyanNew02_Body_normal.png' error.
[2015.07.23-23.14.54:050][320]LogFbxMaterialImport:Warning: Unable to find TEXTure file RyanNew02_Body_normal.png. Tried:
 - C:\Users\col\Downloads\RyanNew02.fbm\RyanNew02_Body_normal.png
 - ../../../../../../Users/Christian/Desktop/Pics/Unreal 4/Models/C:/Users/col/Downloads/RyanNew02.fbm/RyanNew02_Body_normal.png
 - ../../../../../../Users/Christian/Desktop/Pics/Unreal 4/Models/RyanNew02_Body_normal.png
[2015.07.23-23.14.54:113][320]LogMaterial: Missing cached shader map for material Bodymat, compiling. 
[2015.07.23-23.14.54:131][320]LogLinker:Warning: Can't find file '/Game/Models/Bodymat_eyelashes'
[2015.07.23-23.14.54:132][320]LogLinker:Warning: Can't find file '/Game/Models/Bodymat_eyelashes'
[2015.07.23-23.14.54:133][320]LogLinker:Warning: Can't find file '/Game/Models/Bodymat_eyelashes'
[2015.07.23-23.14.54:133][320]LogUObjectGlobals:Warning: Failed to find object 'MaterialInterface /Game/Models/Bodymat_eyelashes.Bodymat_eyelashes'
[2015.07.23-23.14.54:140][320]LogLinker:Warning: Can't find file '/Game/Models/RyanNew02_Body_diffuse'
[2015.07.23-23.14.54:140][320]LogLinker:Warning: Can't find file '/Game/Models/RyanNew02_Body_diffuse'
[2015.07.23-23.14.54:141][320]LogLinker:Warning: Can't find file '/Game/Models/RyanNew02_Body_diffuse'
[2015.07.23-23.14.54:141][320]LogUObjectGlobals:Warning: Failed to find object 'Texture /Game/Models/RyanNew02_Body_diffuse.RyanNew02_Body_diffuse'
[2015.07.23-23.14.54:142][320]LogStreaming:Warning: Failed to read file 'C:\Users\col\Downloads\RyanNew02.fbm\RyanNew02_Body_diffuse.png' error.
[2015.07.23-23.14.54:142][320]LogStreaming:Warning: Failed to read file '../../../../../../Users/Christian/Desktop/Pics/Unreal 4/Models/C:/Users/col/Downloads/RyanNew02.fbm/RyanNew02_Body_diffuse.png' error.
[2015.07.23-23.14.54:142][320]LogStreaming:Warning: Failed to read file '../../../../../../Users/Christian/Desktop/Pics/Unreal 4/Models/RyanNew02_Body_diffuse.png' error.
[2015.07.23-23.14.54:142][320]LogFbxMaterialImport:Warning: Unable to find TEXTure file RyanNew02_Body_diffuse.png. Tried:
 - C:\Users\col\Downloads\RyanNew02.fbm\RyanNew02_Body_diffuse.png
 - ../../../../../../Users/Christian/Desktop/Pics/Unreal 4/Models/C:/Users/col/Downloads/RyanNew02.fbm/RyanNew02_Body_diffuse.png
 - ../../../../../../Users/Christian/Desktop/Pics/Unreal 4/Models/RyanNew02_Body_diffuse.png
[2015.07.23-23.14.54:144][320]LogLinker:Warning: Can't find file '/Game/Models/RyanNew02_Body_specular'
[2015.07.23-23.14.54:144][320]LogLinker:Warning: Can't find file '/Game/Models/RyanNew02_Body_specular'
[2015.07.23-23.14.54:145][320]LogLinker:Warning: Can't find file '/Game/Models/RyanNew02_Body_specular'
[2015.07.23-23.14.54:146][320]LogUObjectGlobals:Warning: Failed to find object 'Texture /Game/Models/RyanNew02_Body_specular.RyanNew02_Body_specular'
[2015.07.23-23.14.54:147][320]LogStreaming:Warning: Failed to read file 'C:\Users\col\Downloads\RyanNew02.fbm\RyanNew02_Body_specular.png' error.
[2015.07.23-23.14.54:147][320]LogStreaming:Warning: Failed to read file '../../../../../../Users/Christian/Desktop/Pics/Unreal 4/Models/C:/Users/col/Downloads/RyanNew02.fbm/RyanNew02_Body_specular.png' error.
[2015.07.23-23.14.54:147][320]LogStreaming:Warning: Failed to read file '../../../../../../Users/Christian/Desktop/Pics/Unreal 4/Models/RyanNew02_Body_specular.png' error.
[2015.07.23-23.14.54:147][320]LogFbxMaterialImport:Warning: Unable to find TEXTure file RyanNew02_Body_specular.png. Tried:
 - C:\Users\col\Downloads\RyanNew02.fbm\RyanNew02_Body_specular.png
 - ../../../../../../Users/Christian/Desktop/Pics/Unreal 4/Models/C:/Users/col/Downloads/RyanNew02.fbm/RyanNew02_Body_specular.png
 - ../../../../../../Users/Christian/Desktop/Pics/Unreal 4/Models/RyanNew02_Body_specular.png
[2015.07.23-23.14.54:148][320]LogLinker:Warning: Can't find file '/Game/Models/RyanNew02_Body_normal'
[2015.07.23-23.14.54:149][320]LogLinker:Warning: Can't find file '/Game/Models/RyanNew02_Body_normal'
[2015.07.23-23.14.54:150][320]LogLinker:Warning: Can't find file '/Game/Models/RyanNew02_Body_normal'
[2015.07.23-23.14.54:150][320]LogUObjectGlobals:Warning: Failed to find object 'Texture /Game/Models/RyanNew02_Body_normal.RyanNew02_Body_normal'
[2015.07.23-23.14.54:150][320]LogStreaming:Warning: Failed to read file 'C:\Users\col\Downloads\RyanNew02.fbm\RyanNew02_Body_normal.png' error.
[2015.07.23-23.14.54:150][320]LogStreaming:Warning: Failed to read file '../../../../../../Users/Christian/Desktop/Pics/Unreal 4/Models/C:/Users/col/Downloads/RyanNew02.fbm/RyanNew02_Body_normal.png' error.
[2015.07.23-23.14.54:151][320]LogStreaming:Warning: Failed to read file '../../../../../../Users/Christian/Desktop/Pics/Unreal 4/Models/RyanNew02_Body_normal.png' error.
[2015.07.23-23.14.54:151][320]LogFbxMaterialImport:Warning: Unable to find TEXTure file RyanNew02_Body_normal.png. Tried:
 - C:\Users\col\Downloads\RyanNew02.fbm\RyanNew02_Body_normal.png
 - ../../../../../../Users/Christian/Desktop/Pics/Unreal 4/Models/C:/Users/col/Downloads/RyanNew02.fbm/RyanNew02_Body_normal.png
 - ../../../../../../Users/Christian/Desktop/Pics/Unreal 4/Models/RyanNew02_Body_normal.png
[2015.07.23-23.14.54:223][320]LogMaterial: Missing cached shader map for material Bodymat_eyelashes, compiling. 
[2015.07.23-23.14.54:239][320]LogLinker:Warning: Can't find file '/Game/Models/Hairmat'
[2015.07.23-23.14.54:239][320]LogLinker:Warning: Can't find file '/Game/Models/Hairmat'
[2015.07.23-23.14.54:240][320]LogLinker:Warning: Can't find file '/Game/Models/Hairmat'
[2015.07.23-23.14.54:240][320]LogUObjectGlobals:Warning: Failed to find object 'MaterialInterface /Game/Models/Hairmat.Hairmat'
[2015.07.23-23.14.54:265][320]LogLinker:Warning: Can't find file '/Game/Models/RyanNew02_Hair_diffuse'
[2015.07.23-23.14.54:265][320]LogLinker:Warning: Can't find file '/Game/Models/RyanNew02_Hair_diffuse'
[2015.07.23-23.14.54:265][320]LogLinker:Warning: Can't find file '/Game/Models/RyanNew02_Hair_diffuse'
[2015.07.23-23.14.54:265][320]LogUObjectGlobals:Warning: Failed to find object 'Texture /Game/Models/RyanNew02_Hair_diffuse.RyanNew02_Hair_diffuse'
[2015.07.23-23.14.54:266][320]LogStreaming:Warning: Failed to read file 'C:\Users\col\Downloads\RyanNew02.fbm\RyanNew02_Hair_diffuse.png' error.
[2015.07.23-23.14.54:266][320]LogStreaming:Warning: Failed to read file '../../../../../../Users/Christian/Desktop/Pics/Unreal 4/Models/C:/Users/col/Downloads/RyanNew02.fbm/RyanNew02_Hair_diffuse.png' error.
[2015.07.23-23.14.54:266][320]LogStreaming:Warning: Failed to read file '../../../../../../Users/Christian/Desktop/Pics/Unreal 4/Models/RyanNew02_Hair_diffuse.png' error.
[2015.07.23-23.14.54:266][320]LogFbxMaterialImport:Warning: Unable to find TEXTure file RyanNew02_Hair_diffuse.png. Tried:
 - C:\Users\col\Downloads\RyanNew02.fbm\RyanNew02_Hair_diffuse.png
 - ../../../../../../Users/Christian/Desktop/Pics/Unreal 4/Models/C:/Users/col/Downloads/RyanNew02.fbm/RyanNew02_Hair_diffuse.png
 - ../../../../../../Users/Christian/Desktop/Pics/Unreal 4/Models/RyanNew02_Hair_diffuse.png
[2015.07.23-23.14.54:266][320]LogLinker:Warning: Can't find file '/Game/Models/RyanNew02_Hair_specular'
[2015.07.23-23.14.54:266][320]LogLinker:Warning: Can't find file '/Game/Models/RyanNew02_Hair_specular'
[2015.07.23-23.14.54:266][320]LogLinker:Warning: Can't find file '/Game/Models/RyanNew02_Hair_specular'
[2015.07.23-23.14.54:266][320]LogUObjectGlobals:Warning: Failed to find object 'Texture /Game/Models/RyanNew02_Hair_specular.RyanNew02_Hair_specular'
[2015.07.23-23.14.54:267][320]LogStreaming:Warning: Failed to read file 'C:\Users\col\Downloads\RyanNew02.fbm\RyanNew02_Hair_specular.png' error.
[2015.07.23-23.14.54:267][320]LogStreaming:Warning: Failed to read file '../../../../../../Users/Christian/Desktop/Pics/Unreal 4/Models/C:/Users/col/Downloads/RyanNew02.fbm/RyanNew02_Hair_specular.png' error.
[2015.07.23-23.14.54:267][320]LogStreaming:Warning: Failed to read file '../../../../../../Users/Christian/Desktop/Pics/Unreal 4/Models/RyanNew02_Hair_specular.png' error.
[2015.07.23-23.14.54:267][320]LogFbxMaterialImport:Warning: Unable to find TEXTure file RyanNew02_Hair_specular.png. Tried:
 - C:\Users\col\Downloads\RyanNew02.fbm\RyanNew02_Hair_specular.png
 - ../../../../../../Users/Christian/Desktop/Pics/Unreal 4/Models/C:/Users/col/Downloads/RyanNew02.fbm/RyanNew02_Hair_specular.png
 - ../../../../../../Users/Christian/Desktop/Pics/Unreal 4/Models/RyanNew02_Hair_specular.png
[2015.07.23-23.14.54:267][320]LogLinker:Warning: Can't find file '/Game/Models/RyanNew02_Hair_normal'
[2015.07.23-23.14.54:267][320]LogLinker:Warning: Can't find file '/Game/Models/RyanNew02_Hair_normal'
[2015.07.23-23.14.54:267][320]LogLinker:Warning: Can't find file '/Game/Models/RyanNew02_Hair_normal'
[2015.07.23-23.14.54:267][320]LogUObjectGlobals:Warning: Failed to find object 'Texture /Game/Models/RyanNew02_Hair_normal.RyanNew02_Hair_normal'
[2015.07.23-23.14.54:267][320]LogStreaming:Warning: Failed to read file 'C:\Users\col\Downloads\RyanNew02.fbm\RyanNew02_Hair_normal.png' error.
[2015.07.23-23.14.54:268][320]LogStreaming:Warning: Failed to read file '../../../../../../Users/Christian/Desktop/Pics/Unreal 4/Models/C:/Users/col/Downloads/RyanNew02.fbm/RyanNew02_Hair_normal.png' error.
[2015.07.23-23.14.54:268][320]LogStreaming:Warning: Failed to read file '../../../../../../Users/Christian/Desktop/Pics/Unreal 4/Models/RyanNew02_Hair_normal.png' error.
[2015.07.23-23.14.54:268][320]LogFbxMaterialImport:Warning: Unable to find TEXTure file RyanNew02_Hair_normal.png. Tried:
 - C:\Users\col\Downloads\RyanNew02.fbm\RyanNew02_Hair_normal.png
 - ../../../../../../Users/Christian/Desktop/Pics/Unreal 4/Models/C:/Users/col/Downloads/RyanNew02.fbm/RyanNew02_Hair_normal.png
 - ../../../../../../Users/Christian/Desktop/Pics/Unreal 4/Models/RyanNew02_Hair_normal.png
[2015.07.23-23.14.54:428][320]LogMaterial: Missing cached shader map for material Hairmat, compiling. 
[2015.07.23-23.14.54:441][320]LogLinker:Warning: Can't find file '/Game/Models/Topmat'
[2015.07.23-23.14.54:441][320]LogLinker:Warning: Can't find file '/Game/Models/Topmat'
[2015.07.23-23.14.54:442][320]LogLinker:Warning: Can't find file '/Game/Models/Topmat'
[2015.07.23-23.14.54:442][320]LogUObjectGlobals:Warning: Failed to find object 'MaterialInterface /Game/Models/Topmat.Topmat'
[2015.07.23-23.14.54:445][320]LogLinker:Warning: Can't find file '/Game/Models/RyanNew02_Top_diffuse'
[2015.07.23-23.14.54:445][320]LogLinker:Warning: Can't find file '/Game/Models/RyanNew02_Top_diffuse'
[2015.07.23-23.14.54:445][320]LogLinker:Warning: Can't find file '/Game/Models/RyanNew02_Top_diffuse'
[2015.07.23-23.14.54:445][320]LogUObjectGlobals:Warning: Failed to find object 'Texture /Game/Models/RyanNew02_Top_diffuse.RyanNew02_Top_diffuse'
[2015.07.23-23.14.54:446][320]LogStreaming:Warning: Failed to read file 'C:\Users\col\Downloads\RyanNew02.fbm\RyanNew02_Top_diffuse.png' error.
[2015.07.23-23.14.54:446][320]LogStreaming:Warning: Failed to read file '../../../../../../Users/Christian/Desktop/Pics/Unreal 4/Models/C:/Users/col/Downloads/RyanNew02.fbm/RyanNew02_Top_diffuse.png' error.
[2015.07.23-23.14.54:446][320]LogStreaming:Warning: Failed to read file '../../../../../../Users/Christian/Desktop/Pics/Unreal 4/Models/RyanNew02_Top_diffuse.png' error.
[2015.07.23-23.14.54:446][320]LogFbxMaterialImport:Warning: Unable to find TEXTure file RyanNew02_Top_diffuse.png. Tried:
 - C:\Users\col\Downloads\RyanNew02.fbm\RyanNew02_Top_diffuse.png
 - ../../../../../../Users/Christian/Desktop/Pics/Unreal 4/Models/C:/Users/col/Downloads/RyanNew02.fbm/RyanNew02_Top_diffuse.png
 - ../../../../../../Users/Christian/Desktop/Pics/Unreal 4/Models/RyanNew02_Top_diffuse.png
[2015.07.23-23.14.54:446][320]LogLinker:Warning: Can't find file '/Game/Models/RyanNew02_Top_specular'
[2015.07.23-23.14.54:446][320]LogLinker:Warning: Can't find file '/Game/Models/RyanNew02_Top_specular'
[2015.07.23-23.14.54:447][320]LogLinker:Warning: Can't find file '/Game/Models/RyanNew02_Top_specular'
[2015.07.23-23.14.54:447][320]LogUObjectGlobals:Warning: Failed to find object 'Texture /Game/Models/RyanNew02_Top_specular.RyanNew02_Top_specular'
[2015.07.23-23.14.54:447][320]LogStreaming:Warning: Failed to read file 'C:\Users\col\Downloads\RyanNew02.fbm\RyanNew02_Top_specular.png' error.
[2015.07.23-23.14.54:447][320]LogStreaming:Warning: Failed to read file '../../../../../../Users/Christian/Desktop/Pics/Unreal 4/Models/C:/Users/col/Downloads/RyanNew02.fbm/RyanNew02_Top_specular.png' error.
[2015.07.23-23.14.54:447][320]LogStreaming:Warning: Failed to read file '../../../../../../Users/Christian/Desktop/Pics/Unreal 4/Models/RyanNew02_Top_specular.png' error.
[2015.07.23-23.14.54:447][320]LogFbxMaterialImport:Warning: Unable to find TEXTure file RyanNew02_Top_specular.png. Tried:
 - C:\Users\col\Downloads\RyanNew02.fbm\RyanNew02_Top_specular.png
 - ../../../../../../Users/Christian/Desktop/Pics/Unreal 4/Models/C:/Users/col/Downloads/RyanNew02.fbm/RyanNew02_Top_specular.png
 - ../../../../../../Users/Christian/Desktop/Pics/Unreal 4/Models/RyanNew02_Top_specular.png
[2015.07.23-23.14.54:447][320]LogLinker:Warning: Can't find file '/Game/Models/RyanNew02_Top_normal'
[2015.07.23-23.14.54:447][320]LogLinker:Warning: Can't find file '/Game/Models/RyanNew02_Top_normal'
[2015.07.23-23.14.54:447][320]LogLinker:Warning: Can't find file '/Game/Models/RyanNew02_Top_normal'
[2015.07.23-23.14.54:448][320]LogUObjectGlobals:Warning: Failed to find object 'Texture /Game/Models/RyanNew02_Top_normal.RyanNew02_Top_normal'
[2015.07.23-23.14.54:448][320]LogStreaming:Warning: Failed to read file 'C:\Users\col\Downloads\RyanNew02.fbm\RyanNew02_Top_normal.png' error.
[2015.07.23-23.14.54:448][320]LogStreaming:Warning: Failed to read file '../../../../../../Users/Christian/Desktop/Pics/Unreal 4/Models/C:/Users/col/Downloads/RyanNew02.fbm/RyanNew02_Top_normal.png' error.
[2015.07.23-23.14.54:448][320]LogStreaming:Warning: Failed to read file '../../../../../../Users/Christian/Desktop/Pics/Unreal 4/Models/RyanNew02_Top_normal.png' error.
[2015.07.23-23.14.54:448][320]LogFbxMaterialImport:Warning: Unable to find TEXTure file RyanNew02_Top_normal.png. Tried:
 - C:\Users\col\Downloads\RyanNew02.fbm\RyanNew02_Top_normal.png
 - ../../../../../../Users/Christian/Desktop/Pics/Unreal 4/Models/C:/Users/col/Downloads/RyanNew02.fbm/RyanNew02_Top_normal.png
 - ../../../../../../Users/Christian/Desktop/Pics/Unreal 4/Models/RyanNew02_Top_normal.png
[2015.07.23-23.14.54:554][320]LogMaterial: Missing cached shader map for material Topmat, compiling. 
[2015.07.23-23.14.54:564][320]LogLinker:Warning: Can't find file '/Game/Models/Bottommat'
[2015.07.23-23.14.54:564][320]LogLinker:Warning: Can't find file '/Game/Models/Bottommat'
[2015.07.23-23.14.54:564][320]LogLinker:Warning: Can't find file '/Game/Models/Bottommat'
[2015.07.23-23.14.54:565][320]LogUObjectGlobals:Warning: Failed to find object 'MaterialInterface /Game/Models/Bottommat.Bottommat'
[2015.07.23-23.14.54:567][320]LogLinker:Warning: Can't find file '/Game/Models/RyanNew02_Bottom_diffuse'
[2015.07.23-23.14.54:567][320]LogLinker:Warning: Can't find file '/Game/Models/RyanNew02_Bottom_diffuse'
[2015.07.23-23.14.54:568][320]LogLinker:Warning: Can't find file '/Game/Models/RyanNew02_Bottom_diffuse'
[2015.07.23-23.14.54:568][320]LogUObjectGlobals:Warning: Failed to find object 'Texture /Game/Models/RyanNew02_Bottom_diffuse.RyanNew02_Bottom_diffuse'
[2015.07.23-23.14.54:568][320]LogStreaming:Warning: Failed to read file 'C:\Users\col\Downloads\RyanNew02.fbm\RyanNew02_Bottom_diffuse.png' error.
[2015.07.23-23.14.54:568][320]LogStreaming:Warning: Failed to read file '../../../../../../Users/Christian/Desktop/Pics/Unreal 4/Models/C:/Users/col/Downloads/RyanNew02.fbm/RyanNew02_Bottom_diffuse.png' error.
[2015.07.23-23.14.54:568][320]LogStreaming:Warning: Failed to read file '../../../../../../Users/Christian/Desktop/Pics/Unreal 4/Models/RyanNew02_Bottom_diffuse.png' error.
[2015.07.23-23.14.54:568][320]LogFbxMaterialImport:Warning: Unable to find TEXTure file RyanNew02_Bottom_diffuse.png. Tried:
 - C:\Users\col\Downloads\RyanNew02.fbm\RyanNew02_Bottom_diffuse.png
 - ../../../../../../Users/Christian/Desktop/Pics/Unreal 4/Models/C:/Users/col/Downloads/RyanNew02.fbm/RyanNew02_Bottom_diffuse.png
 - ../../../../../../Users/Christian/Desktop/Pics/Unreal 4/Models/RyanNew02_Bottom_diffuse.png
[2015.07.23-23.14.54:568][320]LogLinker:Warning: Can't find file '/Game/Models/RyanNew02_Bottom_specular'
[2015.07.23-23.14.54:569][320]LogLinker:Warning: Can't find file '/Game/Models/RyanNew02_Bottom_specular'
[2015.07.23-23.14.54:569][320]LogLinker:Warning: Can't find file '/Game/Models/RyanNew02_Bottom_specular'
[2015.07.23-23.14.54:569][320]LogUObjectGlobals:Warning: Failed to find object 'Texture /Game/Models/RyanNew02_Bottom_specular.RyanNew02_Bottom_specular'
[2015.07.23-23.14.54:569][320]LogStreaming:Warning: Failed to read file 'C:\Users\col\Downloads\RyanNew02.fbm\RyanNew02_Bottom_specular.png' error.
[2015.07.23-23.14.54:569][320]LogStreaming:Warning: Failed to read file '../../../../../../Users/Christian/Desktop/Pics/Unreal 4/Models/C:/Users/col/Downloads/RyanNew02.fbm/RyanNew02_Bottom_specular.png' error.
[2015.07.23-23.14.54:569][320]LogStreaming:Warning: Failed to read file '../../../../../../Users/Christian/Desktop/Pics/Unreal 4/Models/RyanNew02_Bottom_specular.png' error.
[2015.07.23-23.14.54:569][320]LogFbxMaterialImport:Warning: Unable to find TEXTure file RyanNew02_Bottom_specular.png. Tried:
 - C:\Users\col\Downloads\RyanNew02.fbm\RyanNew02_Bottom_specular.png
 - ../../../../../../Users/Christian/Desktop/Pics/Unreal 4/Models/C:/Users/col/Downloads/RyanNew02.fbm/RyanNew02_Bottom_specular.png
 - ../../../../../../Users/Christian/Desktop/Pics/Unreal 4/Models/RyanNew02_Bottom_specular.png
[2015.07.23-23.14.54:569][320]LogLinker:Warning: Can't find file '/Game/Models/RyanNew02_Bottom_normal'
[2015.07.23-23.14.54:570][320]LogLinker:Warning: Can't find file '/Game/Models/RyanNew02_Bottom_normal'
[2015.07.23-23.14.54:570][320]LogLinker:Warning: Can't find file '/Game/Models/RyanNew02_Bottom_normal'
[2015.07.23-23.14.54:570][320]LogUObjectGlobals:Warning: Failed to find object 'Texture /Game/Models/RyanNew02_Bottom_normal.RyanNew02_Bottom_normal'
[2015.07.23-23.14.54:570][320]LogStreaming:Warning: Failed to read file 'C:\Users\col\Downloads\RyanNew02.fbm\RyanNew02_Bottom_normal.png' error.
[2015.07.23-23.14.54:570][320]LogStreaming:Warning: Failed to read file '../../../../../../Users/Christian/Desktop/Pics/Unreal 4/Models/C:/Users/col/Downloads/RyanNew02.fbm/RyanNew02_Bottom_normal.png' error.
[2015.07.23-23.14.54:570][320]LogStreaming:Warning: Failed to read file '../../../../../../Users/Christian/Desktop/Pics/Unreal 4/Models/RyanNew02_Bottom_normal.png' error.
[2015.07.23-23.14.54:570][320]LogFbxMaterialImport:Warning: Unable to find TEXTure file RyanNew02_Bottom_normal.png. Tried:
 - C:\Users\col\Downloads\RyanNew02.fbm\RyanNew02_Bottom_normal.png
 - ../../../../../../Users/Christian/Desktop/Pics/Unreal 4/Models/C:/Users/col/Downloads/RyanNew02.fbm/RyanNew02_Bottom_normal.png
 - ../../../../../../Users/Christian/Desktop/Pics/Unreal 4/Models/RyanNew02_Bottom_normal.png
[2015.07.23-23.14.54:662][320]LogMaterial: Missing cached shader map for material Bottommat, compiling. 
[2015.07.23-23.14.54:675][320]LogLinker:Warning: Can't find file '/Game/Models/Shoesmat'
[2015.07.23-23.14.54:675][320]LogLinker:Warning: Can't find file '/Game/Models/Shoesmat'
[2015.07.23-23.14.54:675][320]LogLinker:Warning: Can't find file '/Game/Models/Shoesmat'
[2015.07.23-23.14.54:675][320]LogUObjectGlobals:Warning: Failed to find object 'MaterialInterface /Game/Models/Shoesmat.Shoesmat'
[2015.07.23-23.14.54:677][320]LogLinker:Warning: Can't find file '/Game/Models/RyanNew02_Shoes_diffuse'
[2015.07.23-23.14.54:677][320]LogLinker:Warning: Can't find file '/Game/Models/RyanNew02_Shoes_diffuse'
[2015.07.23-23.14.54:678][320]LogLinker:Warning: Can't find file '/Game/Models/RyanNew02_Shoes_diffuse'
[2015.07.23-23.14.54:678][320]LogUObjectGlobals:Warning: Failed to find object 'Texture /Game/Models/RyanNew02_Shoes_diffuse.RyanNew02_Shoes_diffuse'
[2015.07.23-23.14.54:678][320]LogStreaming:Warning: Failed to read file 'C:\Users\col\Downloads\RyanNew02.fbm\RyanNew02_Shoes_diffuse.png' error.
[2015.07.23-23.14.54:678][320]LogStreaming:Warning: Failed to read file '../../../../../../Users/Christian/Desktop/Pics/Unreal 4/Models/C:/Users/col/Downloads/RyanNew02.fbm/RyanNew02_Shoes_diffuse.png' error.
[2015.07.23-23.14.54:678][320]LogStreaming:Warning: Failed to read file '../../../../../../Users/Christian/Desktop/Pics/Unreal 4/Models/RyanNew02_Shoes_diffuse.png' error.
[2015.07.23-23.14.54:678][320]LogFbxMaterialImport:Warning: Unable to find TEXTure file RyanNew02_Shoes_diffuse.png. Tried:
 - C:\Users\col\Downloads\RyanNew02.fbm\RyanNew02_Shoes_diffuse.png
 - ../../../../../../Users/Christian/Desktop/Pics/Unreal 4/Models/C:/Users/col/Downloads/RyanNew02.fbm/RyanNew02_Shoes_diffuse.png
 - ../../../../../../Users/Christian/Desktop/Pics/Unreal 4/Models/RyanNew02_Shoes_diffuse.png
[2015.07.23-23.14.54:679][320]LogLinker:Warning: Can't find file '/Game/Models/RyanNew02_Shoes_specular'
[2015.07.23-23.14.54:679][320]LogLinker:Warning: Can't find file '/Game/Models/RyanNew02_Shoes_specular'
[2015.07.23-23.14.54:679][320]LogLinker:Warning: Can't find file '/Game/Models/RyanNew02_Shoes_specular'
[2015.07.23-23.14.54:679][320]LogUObjectGlobals:Warning: Failed to find object 'Texture /Game/Models/RyanNew02_Shoes_specular.RyanNew02_Shoes_specular'
[2015.07.23-23.14.54:680][320]LogStreaming:Warning: Failed to read file 'C:\Users\col\Downloads\RyanNew02.fbm\RyanNew02_Shoes_specular.png' error.
[2015.07.23-23.14.54:680][320]LogStreaming:Warning: Failed to read file '../../../../../../Users/Christian/Desktop/Pics/Unreal 4/Models/C:/Users/col/Downloads/RyanNew02.fbm/RyanNew02_Shoes_specular.png' error.
[2015.07.23-23.14.54:680][320]LogStreaming:Warning: Failed to read file '../../../../../../Users/Christian/Desktop/Pics/Unreal 4/Models/RyanNew02_Shoes_specular.png' error.
[2015.07.23-23.14.54:680][320]LogFbxMaterialImport:Warning: Unable to find TEXTure file RyanNew02_Shoes_specular.png. Tried:
 - C:\Users\col\Downloads\RyanNew02.fbm\RyanNew02_Shoes_specular.png
 - ../../../../../../Users/Christian/Desktop/Pics/Unreal 4/Models/C:/Users/col/Downloads/RyanNew02.fbm/RyanNew02_Shoes_specular.png
 - ../../../../../../Users/Christian/Desktop/Pics/Unreal 4/Models/RyanNew02_Shoes_specular.png
[2015.07.23-23.14.54:680][320]LogLinker:Warning: Can't find file '/Game/Models/RyanNew02_Shoes_normal'
[2015.07.23-23.14.54:680][320]LogLinker:Warning: Can't find file '/Game/Models/RyanNew02_Shoes_normal'
[2015.07.23-23.14.54:681][320]LogLinker:Warning: Can't find file '/Game/Models/RyanNew02_Shoes_normal'
[2015.07.23-23.14.54:681][320]LogUObjectGlobals:Warning: Failed to find object 'Texture /Game/Models/RyanNew02_Shoes_normal.RyanNew02_Shoes_normal'
[2015.07.23-23.14.54:681][320]LogStreaming:Warning: Failed to read file 'C:\Users\col\Downloads\RyanNew02.fbm\RyanNew02_Shoes_normal.png' error.
[2015.07.23-23.14.54:681][320]LogStreaming:Warning: Failed to read file '../../../../../../Users/Christian/Desktop/Pics/Unreal 4/Models/C:/Users/col/Downloads/RyanNew02.fbm/RyanNew02_Shoes_normal.png' error.
[2015.07.23-23.14.54:681][320]LogStreaming:Warning: Failed to read file '../../../../../../Users/Christian/Desktop/Pics/Unreal 4/Models/RyanNew02_Shoes_normal.png' error.
[2015.07.23-23.14.54:681][320]LogFbxMaterialImport:Warning: Unable to find TEXTure file RyanNew02_Shoes_normal.png. Tried:
 - C:\Users\col\Downloads\RyanNew02.fbm\RyanNew02_Shoes_normal.png
 - ../../../../../../Users/Christian/Desktop/Pics/Unreal 4/Models/C:/Users/col/Downloads/RyanNew02.fbm/RyanNew02_Shoes_normal.png
 - ../../../../../../Users/Christian/Desktop/Pics/Unreal 4/Models/RyanNew02_Shoes_normal.png
[2015.07.23-23.14.54:914][320]LogMaterial: Missing cached shader map for material Shoesmat, compiling. 
[2015.07.23-23.14.55:485][320]LogFbx:Warning: Bones digested - 68  Depth of hierarchy - 12
[2015.07.23-23.14.57:376][320]LogSkeletalMesh: Chunk 0: 556 rigid vertices, 1996 soft vertices, 7 active bones
[2015.07.23-23.14.57:377][320]LogSkeletalMesh: Chunk 1: 2789 rigid vertices, 4455 soft vertices, 32 active bones
[2015.07.23-23.14.57:377][320]LogSkeletalMesh: Chunk 2: 98 rigid vertices, 0 soft vertices, 1 active bones
[2015.07.23-23.14.57:377][320]LogSkeletalMesh: Chunk 3: 592 rigid vertices, 155 soft vertices, 2 active bones
[2015.07.23-23.14.57:378][320]LogSkeletalMesh: Chunk 4: 122 rigid vertices, 925 soft vertices, 17 active bones
[2015.07.23-23.14.57:378][320]LogSkeletalMesh: Chunk 5: 143 rigid vertices, 561 soft vertices, 11 active bones
[2015.07.23-23.14.57:378][320]LogSkeletalMesh: Chunk 6: 0 rigid vertices, 1040 soft vertices, 6 active bones
[2015.07.23-23.14.57:652][320]LogSkeletalMesh: Section 0: Material=0, Chunk=0, 2512 triangles
[2015.07.23-23.14.57:652][320]LogSkeletalMesh: Section 1: Material=1, Chunk=1, 12626 triangles
[2015.07.23-23.14.57:652][320]LogSkeletalMesh: Section 2: Material=2, Chunk=2, 106 triangles
[2015.07.23-23.14.57:652][320]LogSkeletalMesh: Section 3: Material=3, Chunk=3, 1490 triangles
[2015.07.23-23.14.57:652][320]LogSkeletalMesh: Section 4: Material=4, Chunk=4, 2031 triangles
[2015.07.23-23.14.57:652][320]LogSkeletalMesh: Section 5: Material=5, Chunk=5, 1380 triangles
[2015.07.23-23.14.57:652][320]LogSkeletalMesh: Section 6: Material=6, Chunk=6, 1984 triangles
[2015.07.23-23.14.58:433][320]LogLinker:Warning: Can't find file '/Game/Models/holster_PhysicsAsset'
[2015.07.23-23.14.58:433][320]LogLinker:Warning: Can't find file '/Game/Models/holster_PhysicsAsset'
[2015.07.23-23.14.58:433][320]LogUObjectGlobals:Warning: Failed to find object 'Object /Game/Models/holster_PhysicsAsset.holster_PhysicsAsset'
[2015.07.23-23.14.58:994][320]LogLinker:Warning: Can't find file '/Game/Models/holster_Skeleton'
[2015.07.23-23.14.58:994][320]LogLinker:Warning: Can't find file '/Game/Models/holster_Skeleton'
[2015.07.23-23.14.58:994][320]LogUObjectGlobals:Warning: Failed to find object 'Object /Game/Models/holster_Skeleton.holster_Skeleton'
[2015.07.23-23.15.00:414][320]FBXImport:Warning: Warning The following bones are missing from the bind pose:
middle_01_l  
middle_02_l  
middle_03_l  
pinky_01_l  
pinky_02_l  
pinky_03_l  
lowerarm_twist_01_l  
upperarm_twist_01_l  
middle_01_r  
middle_02_r  
middle_03_r  
pinky_01_r  
pinky_02_r  
pinky_03_r  
lowerarm_twist_01_r  
upperarm_twist_01_r  
calf_twist_01_l  
thigh_twist_01_l  
calf_twist_01_r  
thigh_twist_01_r  
ik_foot_root  
ik_foot_l  
ik_foot_r  
ik_hand_root  
ik_hand_gun  
ik_hand_l  
ik_hand_r  

This can happen for bones that are not vert weighted. If they are not in the correct orientation after importing,
please set the "Use T0 as ref pose" option or add them to the bind pose and reimport the skeletal mesh. 
[2015.07.23-23.15.00:421][320]LogD3D11RHI: InitD3DDevice
[2015.07.23-23.15.08:642][322]LogMaterial:Warning: Material /Game/Models/lambert2.lambert2 needed to have new flag set bUsedWithSkeletalMesh !
[2015.07.23-23.15.09:955][322]LogMaterial: Missing cached shader map for material lambert2, compiling. 
[2015.07.23-23.15.10:211][322]LogMaterial: 0.184899 seconds spent updating 1 materials, 1 interfaces, 0 instances, 0 with static permutations.
[2015.07.23-23.15.10:211][322]LogMaterial:Warning: Material /Game/Models/Bodymat.Bodymat needed to have new flag set bUsedWithSkeletalMesh !
[2015.07.23-23.15.10:513][322]LogMaterial: Missing cached shader map for material Bodymat, compiling. 
[2015.07.23-23.15.10:546][322]LogMaterial: 0.000602 seconds spent updating 1 materials, 1 interfaces, 0 instances, 0 with static permutations.
[2015.07.23-23.15.10:546][322]LogMaterial:Warning: Material /Game/Models/Bodymat_eyelashes.Bodymat_eyelashes needed to have new flag set bUsedWithSkeletalMesh !
[2015.07.23-23.15.11:226][322]LogMaterial: Missing cached shader map for material Bodymat_eyelashes, compiling. 
[2015.07.23-23.15.11:256][322]LogMaterial: 0.000184 seconds spent updating 1 materials, 1 interfaces, 0 instances, 0 with static permutations.
[2015.07.23-23.15.11:257][322]LogMaterial:Warning: Material /Game/Models/Hairmat.Hairmat needed to have new flag set bUsedWithSkeletalMesh !
[2015.07.23-23.15.12:089][322]LogMaterial: Missing cached shader map for material Hairmat, compiling. 
[2015.07.23-23.15.12:123][322]LogMaterial: 0.000131 seconds spent updating 1 materials, 1 interfaces, 0 instances, 0 with static permutations.
[2015.07.23-23.15.12:123][322]LogMaterial:Warning: Material /Game/Models/Topmat.Topmat needed to have new flag set bUsedWithSkeletalMesh !
[2015.07.23-23.15.12:166][322]LogMaterial: Missing cached shader map for material Topmat, compiling. 
[2015.07.23-23.15.12:198][322]LogMaterial: 0.000141 seconds spent updating 1 materials, 1 interfaces, 0 instances, 0 with static permutations.
[2015.07.23-23.15.12:198][322]LogMaterial:Warning: Material /Game/Models/Bottommat.Bottommat needed to have new flag set bUsedWithSkeletalMesh !
[2015.07.23-23.15.12:267][322]LogMaterial: Missing cached shader map for material Bottommat, compiling. 
[2015.07.23-23.15.12:301][322]LogMaterial: 0.000105 seconds spent updating 1 materials, 1 interfaces, 0 instances, 0 with static permutations.
[2015.07.23-23.15.12:301][322]LogMaterial:Warning: Material /Game/Models/Shoesmat.Shoesmat needed to have new flag set bUsedWithSkeletalMesh !
[2015.07.23-23.15.12:343][322]LogMaterial: Missing cached shader map for material Shoesmat, compiling. 
[2015.07.23-23.15.12:377][322]LogMaterial: 0.000078 seconds spent updating 1 materials, 1 interfaces, 0 instances, 0 with static permutations.
[2015.07.23-23.15.13:514][339]LogD3D11RHI: InitD3DDevice
[2015.07.23-23.15.57:600][ 76]LogD3D11RHI: InitD3DDevice
[2015.07.23-23.15.57:811][ 78]LogD3D11RHI: InitD3DDevice
[2015.07.23-23.16.01:930][203]LogD3D11RHI: InitD3DDevice
[2015.07.23-23.16.27:797][939]LogD3D11RHI: InitD3DDevice
[2015.07.23-23.16.29:900][939]LogWindowsTextInputMethodSystem:Display: IME system now deactivated.
[2015.07.23-23.16.30:911][940]Cmd: QUIT_EDITOR
[2015.07.23-23.16.31:963][940]LogExit: Preparing to exit.
[2015.07.23-23.16.33:009][940]LogExit: Editor shut down
[2015.07.23-23.16.33:010][940]LogExit: Transaction tracking system shut down
[2015.07.23-23.16.33:013][940]LogParticles: Destroying 0 GPU particle simulations for FXSystem 0x00000038E33834C0
[2015.07.23-23.16.33:013][940]LogParticles: Destroying 0 GPU particle simulations for FXSystem 0x00000038E5AD8EA0
[2015.07.23-23.16.33:014][940]LogParticles: Destroying 0 GPU particle simulations for FXSystem 0x00000038E5AD9E40
[2015.07.23-23.16.33:014][940]LogParticles: Destroying 0 GPU particle simulations for FXSystem 0x00000038E2BE4220
[2015.07.23-23.16.33:015][940]LogParticles: Destroying 0 GPU particle simulations for FXSystem 0x00000038E2BE7420
[2015.07.23-23.16.34:540][940]LogExit: Object subsystem successfully closed.
[2015.07.23-23.16.35:044][940]LogD3D11RHI: Shutdown
[2015.07.23-23.16.35:070][940]LogD3D11RHI: CleanupD3DDevice
[2015.07.23-23.16.35:280][940]LogD3D11RHI: ~FD3D11DynamicRHI
[2015.07.23-23.16.35:539][940]LogModuleManager: Shutting down and abandoning module CrashTracker (188)
[2015.07.23-23.16.35:539][940]LogModuleManager: Shutting down and abandoning module SceneOutliner (187)
[2015.07.23-23.16.35:539][940]LogModuleManager: Shutting down and abandoning module SuperSearch (186)
[2015.07.23-23.16.35:539][940]LogModuleManager: Shutting down and abandoning module WidgetCarousel (185)
[2015.07.23-23.16.35:560][940]LogModuleManager: Shutting down and abandoning module AddContentDialog (184)
[2015.07.23-23.16.35:601][940]LogModuleManager: Shutting down and abandoning module EditorWidgets (183)
[2015.07.23-23.16.35:601][940]LogModuleManager: Shutting down and abandoning module CollectionManager (182)
[2015.07.23-23.16.35:617][940]LogModuleManager: Shutting down and abandoning module StatsViewer (181)
[2015.07.23-23.16.35:630][940]LogModuleManager: Shutting down and abandoning module FoliageEdit (180)
[2015.07.23-23.16.35:643][940]LogModuleManager: Shutting down and abandoning module LandscapeEditor (179)
[2015.07.23-23.16.35:663][940]LogModuleManager: Shutting down and abandoning module ActorPickerMode (178)
[2015.07.23-23.16.35:663][940]LogModuleManager: Shutting down and abandoning module GeometryMode (177)
[2015.07.23-23.16.35:663][940]LogModuleManager: Shutting down and abandoning module TextureAlignMode (176)
[2015.07.23-23.16.35:663][940]LogModuleManager: Shutting down and abandoning module BspMode (175)
[2015.07.23-23.16.35:663][940]LogModuleManager: Shutting down and abandoning module PlacementMode (174)
[2015.07.23-23.16.35:675][940]LogModuleManager: Shutting down and abandoning module AutomationWorker (173)
[2015.07.23-23.16.35:675][940]LogModuleManager: Shutting down and abandoning module CharacterAI (172)
[2015.07.23-23.16.35:675][940]LogModuleManager: Shutting down and abandoning module SmartSnapping (171)
[2015.07.23-23.16.35:675][940]LogModuleManager: Shutting down and abandoning module ViewportSnapping (170)
[2015.07.23-23.16.35:675][940]LogModuleManager: Shutting down and abandoning module LogVisualizer (169)
[2015.07.23-23.16.35:700][940]LogModuleManager: Shutting down and abandoning module GameProjectGeneration (168)
[2015.07.23-23.16.35:742][940]LogModuleManager: Shutting down and abandoning module IntroTutorials (167)
[2015.07.23-23.16.35:790][940]LogModuleManager: Shutting down and abandoning module EditorLiveStreaming (166)
[2015.07.23-23.16.35:790][940]LogModuleManager: Shutting down and abandoning module IOSPlatformEditor (165)
[2015.07.23-23.16.35:806][940]LogModuleManager: Shutting down and abandoning module HTML5PlatformEditor (164)
[2015.07.23-23.16.35:806][940]LogModuleManager: Shutting down and abandoning module AndroidDeviceDetection (163)
[2015.07.23-23.16.36:579][940]LogModuleManager: Shutting down and abandoning module AndroidPlatformEditor (162)
[2015.07.23-23.16.36:579][940]LogModuleManager: Shutting down and abandoning module IOSRuntimeSettings (161)
[2015.07.23-23.16.36:580][940]LogModuleManager: Shutting down and abandoning module AndroidRuntimeSettings (160)
[2015.07.23-23.16.36:580][940]LogModuleManager: Shutting down and abandoning module MergeActors (159)
[2015.07.23-23.16.36:594][940]LogModuleManager: Shutting down and abandoning module SizeMap (158)
[2015.07.23-23.16.36:594][940]LogModuleManager: Shutting down and abandoning module TreeMap (157)
[2015.07.23-23.16.36:611][940]LogModuleManager: Shutting down and abandoning module ReferenceViewer (156)
[2015.07.23-23.16.36:611][940]LogModuleManager: Shutting down and abandoning module LocalizationDashboard (155)
[2015.07.23-23.16.36:624][940]LogModuleManager: Shutting down and abandoning module HardwareTargeting (154)
[2015.07.23-23.16.36:624][940]LogModuleManager: Shutting down and abandoning module DeviceProfileEditor (153)
[2015.07.23-23.16.36:643][940]LogModuleManager: Shutting down and abandoning module UndoHistory (152)
[2015.07.23-23.16.36:648][940]LogModuleManager: Shutting down and abandoning module GameplayTagsEditor (151)
[2015.07.23-23.16.36:667][940]LogModuleManager: Shutting down and abandoning module UserFeedback (150)
[2015.07.23-23.16.36:667][940]LogModuleManager: Shutting down and abandoning module XmlParser (149)
[2015.07.23-23.16.36:685][940]LogModuleManager: Shutting down and abandoning module Blutility (148)
[2015.07.23-23.16.36:685][940]LogModuleManager: Shutting down and abandoning module ProjectTargetPlatformEditor (147)
[2015.07.23-23.16.36:686][940]LogModuleManager: Shutting down and abandoning module ProjectSettingsViewer (146)
[2015.07.23-23.16.36:686][940]LogModuleManager: Shutting down and abandoning module InputBindingEditor (145)
[2015.07.23-23.16.36:704][940]LogModuleManager: Shutting down and abandoning module EditorSettingsViewer (144)
[2015.07.23-23.16.36:704][940]LogModuleManager: Shutting down and abandoning module SettingsEditor (143)
[2015.07.23-23.16.36:716][940]LogModuleManager: Shutting down and abandoning module ProjectLauncher (142)
[2015.07.23-23.16.36:725][940]LogModuleManager: Shutting down and abandoning module SessionFrontend (141)
[2015.07.23-23.16.36:736][940]LogModuleManager: Shutting down and abandoning module ProfilerClient (140)
[2015.07.23-23.16.36:740][940]LogModuleManager: Shutting down and abandoning module TargetDeviceServices (139)
[2015.07.23-23.16.36:740][940]LogModuleManager: Shutting down and abandoning module DeviceManager (138)
[2015.07.23-23.16.36:751][940]LogModuleManager: Shutting down and abandoning module AutomationController (137)
[2015.07.23-23.16.36:768][940]LogModuleManager: Shutting down and abandoning module AutomationWindow (136)
[2015.07.23-23.16.36:782][940]LogModuleManager: Shutting down and abandoning module Layers (135)
[2015.07.23-23.16.36:806][940]LogModuleManager: Shutting down and abandoning module ComponentVisualizers (134)
[2015.07.23-23.16.36:806][940]LogModuleManager: Shutting down and abandoning module DetailCustomizations (133)
[2015.07.23-23.16.36:807][940]LogModuleManager: Shutting down and abandoning module PackagesDialog (132)
[2015.07.23-23.16.36:808][940]LogModuleManager: Shutting down and abandoning module AssetRegistry (131)
[2015.07.23-23.16.36:991][940]LogModuleManager: Shutting down and abandoning module Persona (130)
[2015.07.23-23.16.37:026][940]LogModuleManager: Shutting down and abandoning module Kismet (129)
[2015.07.23-23.16.37:038][940]LogModuleManager: Shutting down and abandoning module GraphEditor (128)
[2015.07.23-23.16.37:074][940]LogModuleManager: Shutting down and abandoning module ClassViewer (127)
[2015.07.23-23.16.37:085][940]LogModuleManager: Shutting down and abandoning module Toolbox (126)
[2015.07.23-23.16.37:085][940]LogModuleManager: Shutting down and abandoning module ModuleUI (125)
[2015.07.23-23.16.37:091][940]LogModuleManager: Shutting down and abandoning module MovieSceneTools (124)
[2015.07.23-23.16.37:104][940]LogModuleManager: Shutting down and abandoning module OutputLog (123)
[2015.07.23-23.16.37:104][940]LogModuleManager: Shutting down and abandoning module GammaUI (122)
[2015.07.23-23.16.37:123][940]LogModuleManager: Shutting down and abandoning module Documentation (121)
[2015.07.23-23.16.37:123][940]LogModuleManager: Shutting down and abandoning module GameLiveStreaming (120)
[2015.07.23-23.16.37:141][940]LogModuleManager: Shutting down and abandoning module StreamingPauseRendering (119)
[2015.07.23-23.16.37:141][940]LogModuleManager: Shutting down and abandoning module AnalyticsET (118)
[2015.07.23-23.16.37:141][940]LogModuleManager: Shutting down and abandoning module Analytics (117)
[2015.07.23-23.16.37:141][940]LogModuleManager: Shutting down and abandoning module AITestSuite (116)
[2015.07.23-23.16.37:147][940]LogModuleManager: Shutting down and abandoning module GameplayDebugger (115)
[2015.07.23-23.16.37:147][940]LogModuleManager: Shutting down and abandoning module AIModule (114)
[2015.07.23-23.16.37:147][940]LogModuleManager: Shutting down and abandoning module ProfilerService (113)
[2015.07.23-23.16.37:378][940]LogModuleManager: Shutting down and abandoning module TaskGraph (112)
[2015.07.23-23.16.37:386][940]LogModuleManager: Shutting down and abandoning module SlateRemote (111)
[2015.07.23-23.16.37:386][940]LogModuleManager: Shutting down and abandoning module SteamVRController (110)
[2015.07.23-23.16.37:386][940]LogModuleManager: Shutting down and abandoning module SteamVR (109)
[2015.07.23-23.16.37:386][940]LogModuleManager: Shutting down and abandoning module ProceduralMeshComponent (108)
[2015.07.23-23.16.37:386][940]LogModuleManager: Shutting down and abandoning module OculusRift (107)
[2015.07.23-23.16.37:386][940]LogModuleManager: Shutting down and abandoning module LeapMotionController (106)
[2015.07.23-23.16.37:463][940]LogModuleManager: Shutting down and abandoning module CustomMeshComponent (105)
[2015.07.23-23.16.37:463][940]LogModuleManager: Shutting down and abandoning module CableComponent (104)
[2015.07.23-23.16.37:476][940]LogModuleManager: Shutting down and abandoning module MessagingDebugger (103)
[2015.07.23-23.16.37:512][940]LogModuleManager: Shutting down and abandoning module MediaPlayerEditor (102)
[2015.07.23-23.16.37:533][940]LogModuleManager: Shutting down and abandoning module SpeedTreeImporter (101)
[2015.07.23-23.16.37:533][940]LogModuleManager: Shutting down and abandoning module PluginBrowser (100)
[2015.07.23-23.16.37:547][940]LogModuleManager: Shutting down and abandoning module EpicSurvey (99)
[2015.07.23-23.16.37:558][940]LogModuleManager: Shutting down and abandoning module DesktopPlatform (98)
[2015.07.23-23.16.37:582][940]LogModuleManager: Shutting down and abandoning module VisualStudioSourceCodeAccess (97)
[2015.07.23-23.16.37:590][940]LogModuleManager: Shutting down and abandoning module UObjectPlugin (96)
[2015.07.23-23.16.37:590][940]LogModuleManager: Shutting down and abandoning module SubversionSourceControl (95)
[2015.07.23-23.16.37:647][940]LogModuleManager: Shutting down and abandoning module PerforceSourceControl (94)
[2015.07.23-23.16.37:697][940]LogModuleManager: Shutting down and abandoning module SourceControl (93)
[2015.07.23-23.16.37:722][940]LogModuleManager: Shutting down and abandoning module GitSourceControl (92)
[2015.07.23-23.16.37:738][940]LogModuleManager: Shutting down and abandoning module BlankPlugin (91)
[2015.07.23-23.16.37:738][940]LogModuleManager: Shutting down and abandoning module PaperTiledImporter (90)
[2015.07.23-23.16.37:739][940]LogModuleManager: Shutting down and abandoning module PaperSpriteSheetImporter (89)
[2015.07.23-23.16.37:739][940]LogModuleManager: Shutting down and abandoning module MeshPaint (88)
[2015.07.23-23.16.37:751][940]LogModuleManager: Shutting down and abandoning module SlateReflector (87)
[2015.07.23-23.16.37:774][940]LogModuleManager: Shutting down and abandoning module DirectoryWatcher (86)
[2015.07.23-23.16.37:775][940]LogModuleManager: Shutting down and abandoning module HotReload (85)
[2015.07.23-23.16.37:775][940]LogModuleManager: Shutting down and abandoning module MainFrame (84)
[2015.07.23-23.16.37:775][940]LogModuleManager: Shutting down and abandoning module LevelEditor (83)
[2015.07.23-23.16.37:809][940]LogModuleManager: Shutting down and abandoning module ContentBrowser (82)
[2015.07.23-23.16.37:811][940]LogModuleManager: Shutting down and abandoning module Paper2DEditor (81)
[2015.07.23-23.16.37:834][940]LogModuleManager: Shutting down and abandoning module UdpMessaging (80)
[2015.07.23-23.16.37:935][940]LogModuleManager: Shutting down and abandoning module Paper2D (79)
[2015.07.23-23.16.38:039][940]LogModuleManager: Shutting down and abandoning module WindowsMoviePlayer (78)
[2015.07.23-23.16.38:066][940]LogModuleManager: Shutting down and abandoning module Media (77)
[2015.07.23-23.16.38:066][940]LogModuleManager: Shutting down and abandoning module WmfMedia (76)
[2015.07.23-23.16.38:088][940]LogModuleManager: Shutting down and abandoning module OnlineBlueprintSupport (75)
[2015.07.23-23.16.38:088][940]LogModuleManager: Shutting down and abandoning module PropertyEditor (74)
[2015.07.23-23.16.38:088][940]LogModuleManager: Shutting down and abandoning module BehaviorTreeEditor (73)
[2015.07.23-23.16.38:146][940]LogModuleManager: Shutting down and abandoning module FunctionalTesting (72)
[2015.07.23-23.16.38:159][940]LogModuleManager: Shutting down and abandoning module CollisionAnalyzer (71)
[2015.07.23-23.16.38:168][940]LogModuleManager: Shutting down and abandoning module WorkspaceMenuStructure (70)
[2015.07.23-23.16.38:168][940]LogModuleManager: Shutting down and abandoning module MessageLog (69)
[2015.07.23-23.16.38:168][940]LogModuleManager: Shutting down and abandoning module Sequencer (68)
[2015.07.23-23.16.38:198][940]LogModuleManager: Shutting down and abandoning module AssetTools (67)
[2015.07.23-23.16.38:214][940]LogModuleManager: Shutting down and abandoning module UMGEditor (66)
[2015.07.23-23.16.38:232][940]LogModuleManager: Shutting down and abandoning module UMG (65)
[2015.07.23-23.16.38:239][940]LogModuleManager: Shutting down and abandoning module Slate (64)
[2015.07.23-23.16.38:239][940]LogModuleManager: Shutting down and abandoning module EditorStyle (63)
[2015.07.23-23.16.38:248][940]LogModuleManager: Shutting down and abandoning module SessionServices (62)
[2015.07.23-23.16.38:248][940]LogModuleManager: Shutting down and abandoning module SourceCodeAccess (61)
[2015.07.23-23.16.38:248][940]LogModuleManager: Shutting down and abandoning module HeadMountedDisplay (60)
[2015.07.23-23.16.38:248][940]LogModuleManager: Shutting down and abandoning module XAudio2 (59)
[2015.07.23-23.16.38:248][940]LogModuleManager: Shutting down and abandoning module Networking (57)
[2015.07.23-23.16.38:248][940]LogModuleManager: Shutting down and abandoning module Core (56)
[2015.07.23-23.16.38:248][940]LogModuleManager: Shutting down and abandoning module KismetCompiler (55)
[2015.07.23-23.16.38:263][940]LogModuleManager: Shutting down and abandoning module PhysXFormats (54)
[2015.07.23-23.16.38:274][940]LogModuleManager: Shutting down and abandoning module MeshUtilities (53)
[2015.07.23-23.16.38:287][940]LogModuleManager: Shutting down and abandoning module DerivedDataCache (52)
[2015.07.23-23.16.38:364][940]LogDerivedDataCache: Shutdown
[2015.07.23-23.16.38:364][940]LogModuleManager: Shutting down and abandoning module ShaderFormatOpenGL (51)
[2015.07.23-23.16.38:383][940]LogModuleManager: Shutting down and abandoning module ShaderFormatD3D (50)
[2015.07.23-23.16.38:383][940]LogModuleManager: Shutting down and abandoning module MetalShaderFormat (49)
[2015.07.23-23.16.38:390][940]LogModuleManager: Shutting down and abandoning module TextureFormatUncompressed (48)
[2015.07.23-23.16.38:390][940]LogModuleManager: Shutting down and abandoning module TextureFormatPVR (47)
[2015.07.23-23.16.38:390][940]LogModuleManager: Shutting down and abandoning module TextureFormatIntelISPCTexComp (46)
[2015.07.23-23.16.38:390][940]LogModuleManager: Shutting down and abandoning module TextureFormatDXT (45)
[2015.07.23-23.16.38:391][940]LogModuleManager: Shutting down and abandoning module ImageWrapper (44)
[2015.07.23-23.16.38:391][940]LogModuleManager: Shutting down and abandoning module TextureFormatASTC (43)
[2015.07.23-23.16.38:391][940]LogModuleManager: Shutting down and abandoning module TextureFormatAndroid (42)
[2015.07.23-23.16.38:391][940]LogModuleManager: Shutting down and abandoning module AudioFormatOpus (41)
[2015.07.23-23.16.38:406][940]LogModuleManager: Shutting down and abandoning module AudioFormatOgg (40)
[2015.07.23-23.16.38:406][940]LogModuleManager: Shutting down and abandoning module AudioFormatADPCM (39)
[2015.07.23-23.16.38:406][940]LogModuleManager: Shutting down and abandoning module LinuxTargetPlatform (38)
[2015.07.23-23.16.38:406][940]LogModuleManager: Shutting down and abandoning module LinuxServerTargetPlatform (37)
[2015.07.23-23.16.38:421][940]LogModuleManager: Shutting down and abandoning module LinuxNoEditorTargetPlatform (36)
[2015.07.23-23.16.38:435][940]LogModuleManager: Shutting down and abandoning module Messaging (35)
[2015.07.23-23.16.38:435][940]LogModuleManager: Shutting down and abandoning module IOSTargetPlatform (34)
[2015.07.23-23.16.38:435][940]LogModuleManager: Shutting down and abandoning module HTML5TargetPlatform (33)
[2015.07.23-23.16.38:435][940]LogModuleManager: Shutting down and abandoning module Android_PVRTCTargetPlatform (32)
[2015.07.23-23.16.38:435][940]LogModuleManager: Shutting down and abandoning module Android_ETC2TargetPlatform (31)
[2015.07.23-23.16.38:435][940]LogModuleManager: Shutting down and abandoning module Android_ETC1TargetPlatform (30)
[2015.07.23-23.16.38:435][940]LogModuleManager: Shutting down and abandoning module Android_DXTTargetPlatform (29)
[2015.07.23-23.16.38:435][940]LogModuleManager: Shutting down and abandoning module Android_ATCTargetPlatform (28)
[2015.07.23-23.16.38:435][940]LogModuleManager: Shutting down and abandoning module Android_ASTCTargetPlatform (27)
[2015.07.23-23.16.38:435][940]LogModuleManager: Shutting down and abandoning module AndroidTargetPlatform (26)
[2015.07.23-23.16.38:435][940]LogModuleManager: Shutting down and abandoning module WindowsTargetPlatform (25)
[2015.07.23-23.16.38:435][940]LogModuleManager: Shutting down and abandoning module WindowsServerTargetPlatform (24)
[2015.07.23-23.16.38:435][940]LogModuleManager: Shutting down and abandoning module WindowsNoEditorTargetPlatform (23)
[2015.07.23-23.16.38:435][940]LogModuleManager: Shutting down and abandoning module WindowsClientTargetPlatform (22)
[2015.07.23-23.16.38:435][940]LogModuleManager: Shutting down and abandoning module DesktopTargetPlatform (21)
[2015.07.23-23.16.38:435][940]LogModuleManager: Shutting down and abandoning module TargetPlatform (20)
[2015.07.23-23.16.38:435][940]LogModuleManager: Shutting down and abandoning module InputCore (19)
[2015.07.23-23.16.38:435][940]LogModuleManager: Shutting down and abandoning module Settings (18)
[2015.07.23-23.16.38:436][940]LogModuleManager: Shutting down and abandoning module OnlineSubsystem (16)
[2015.07.23-23.16.38:436][940]LogModuleManager: Shutting down and abandoning module HTTP (15)
[2015.07.23-23.16.38:436][940]LogModuleManager: Shutting down and abandoning module ExampleDeviceProfileSelector (14)
[2015.07.23-23.16.38:436][940]LogModuleManager: Shutting down and abandoning module TextureCompressor (13)
[2015.07.23-23.16.38:450][940]LogModuleManager: Shutting down and abandoning module ShaderCore (12)
[2015.07.23-23.16.38:450][940]LogModuleManager: Shutting down and abandoning module Landscape (11)
[2015.07.23-23.16.38:450][940]LogModuleManager: Shutting down and abandoning module SlateRHIRenderer (10)
[2015.07.23-23.16.38:491][940]LogModuleManager: Shutting down and abandoning module OpenGLDrv (9)
[2015.07.23-23.16.38:506][940]LogModuleManager: Shutting down and abandoning module D3D11RHI (8)
[2015.07.23-23.16.38:506][940]LogModuleManager: Shutting down and abandoning module Renderer (7)
[2015.07.23-23.16.38:506][940]LogModuleManager: Shutting down and abandoning module Engine (6)
[2015.07.23-23.16.38:506][940]LogModuleManager: Shutting down and abandoning module CoreUObject (5)
[2015.07.23-23.16.38:506][940]LogModuleManager: Shutting down and abandoning module NetworkFile (4)
[2015.07.23-23.16.38:514][940]LogModuleManager: Shutting down and abandoning module StreamingFile (3)
[2015.07.23-23.16.38:526][940]LogModuleManager: Shutting down and abandoning module SandboxFile (2)
[2015.07.23-23.16.38:533][940]LogModuleManager: Shutting down and abandoning module PakFile (1)
[2015.07.23-23.16.38:551][940]LogExit: Exiting.
[2015.07.23-23.16.38:623][940]Log file closed, 07/23/15 18:16:38
