[2015.07.22-22.33.07:782][  0]Log file open, 07/22/15 17:33:07
[2015.07.22-22.33.07:782][  0]LogInit:Display: Running engine for game: TheForsakens
[2015.07.22-22.33.07:782][  0]LogInit:Display: RandInit(1332678516) SRandInit(1332678516).
[2015.07.22-22.33.07:782][  0]LogTaskGraph: Started task graph with 4 named threads and 5 total threads.
[2015.07.22-22.33.07:782][  0]LogStats: Stats thread started
[2015.07.22-22.33.07:782][  0]LogInit: Version: 4.8.2-2614606+++depot+UE4-Releases+4.8
[2015.07.22-22.33.07:782][  0]LogInit: API Version: 2579680
[2015.07.22-22.33.07:782][  0]LogInit: Compiled (64-bit): Jul  8 2015 23:43:41
[2015.07.22-22.33.07:782][  0]LogInit: Compiled with Visual C++: 18.00.21005.01
[2015.07.22-22.33.07:782][  0]LogInit: Build Configuration: Development
[2015.07.22-22.33.07:782][  0]LogInit: Branch Name: ++depot+UE4-Releases+4.8
[2015.07.22-22.33.07:782][  0]LogInit: Command line:  
[2015.07.22-22.33.07:782][  0]LogInit: Base directory: C:/Program Files/Epic Games/4.8/Engine/Binaries/Win64/
[2015.07.22-22.33.07:782][  0]LogInit: Rocket: 1
[2015.07.22-22.33.08:103][  0]LogInit: Using libcurl 7.41.0
[2015.07.22-22.33.08:103][  0]LogInit:  - built for x86_64-pc-win32
[2015.07.22-22.33.08:103][  0]LogInit:  - supports SSL with WinSSL
[2015.07.22-22.33.08:103][  0]LogInit:  - other features:
[2015.07.22-22.33.08:103][  0]LogInit:      CURL_VERSION_SSL
[2015.07.22-22.33.08:103][  0]LogInit:      CURL_VERSION_IPV6
[2015.07.22-22.33.08:103][  0]LogInit:      CURL_VERSION_ASYNCHDNS
[2015.07.22-22.33.08:103][  0]LogInit:      CURL_VERSION_LARGEFILE
[2015.07.22-22.33.08:103][  0]LogInit:      CURL_VERSION_IDN
[2015.07.22-22.33.08:103][  0]LogInit:  CurlRequestOptions (configurable via config and command line):
[2015.07.22-22.33.08:103][  0]LogInit:  - bVerifyPeer = true  - Libcurl will verify peer certificate
[2015.07.22-22.33.08:103][  0]LogInit:  - bUseHttpProxy = false  - Libcurl will NOT use HTTP proxy
[2015.07.22-22.33.08:103][  0]LogInit:  - bDontReuseConnections = false  - Libcurl will reuse connections
[2015.07.22-22.33.08:103][  0]LogInit:  - CertBundlePath = nullptr  - Libcurl will use whatever was configured at build time.
[2015.07.22-22.33.08:138][  0]LogOnline:Warning: No default platform service specified for OnlineSubsystem
[2015.07.22-22.33.08:171][  0]LogInit: Presizing for 0 objects not considered by GC, pre-allocating 0 bytes.
[2015.07.22-22.33.08:184][  0]LogInit: Object subsystem initialized
[2015.07.22-22.33.08:186][  0]LogConsoleResponse:Warning: Skipping Unknown console variable: 'TranslucentSortAxis = (X=0.000000,Y=-1.000000,Z=0.000000)'
[2015.07.22-22.33.08:186][  0]LogConsoleResponse:Warning:   Found in ini file 'C:/Users/Christian/Documents/Unreal Projects/TheForsakens 4.8/Saved/Config/Windows/Engine.ini', in section '[/Script/Engine.RendererSettings]'
[2015.07.22-22.33.08:186][  0]LogConsoleResponse:Warning: Skipping Unknown console variable: 'UIScaleRule = ShortestSide'
[2015.07.22-22.33.08:186][  0]LogConsoleResponse:Warning:   Found in ini file 'C:/Users/Christian/Documents/Unreal Projects/TheForsakens 4.8/Saved/Config/Windows/Engine.ini', in section '[/Script/Engine.RendererSettings]'
[2015.07.22-22.33.08:186][  0]LogConsoleResponse:Warning: Skipping Unknown console variable: 'UIScaleCurve = (EditorCurveData=(Keys=),ExternalCurve=None)'
[2015.07.22-22.33.08:186][  0]LogConsoleResponse:Warning:   Found in ini file 'C:/Users/Christian/Documents/Unreal Projects/TheForsakens 4.8/Saved/Config/Windows/Engine.ini', in section '[/Script/Engine.RendererSettings]'
[2015.07.22-22.33.08:187][  0]LogInit: Selected Device Profile: [Windows]
[2015.07.22-22.33.08:187][  0]LogInit: Applying CVar settings loaded from the selected device profile: [Windows]
[2015.07.22-22.33.08:197][  0]LogInit: Computer: CHRISTIANGAMING
[2015.07.22-22.33.08:197][  0]LogInit: User: Christian
[2015.07.22-22.33.08:197][  0]LogInit: CPU Page size=4096, Cores=2
[2015.07.22-22.33.08:197][  0]LogInit: High frequency timer resolution =2.143570 MHz
[2015.07.22-22.33.08:197][  0]LogMemory: Memory total: Physical=3.9GB (4GB approx)
[2015.07.22-22.33.08:198][  0]LogMemory: Platform Memory Stats for Windows
[2015.07.22-22.33.08:198][  0]LogMemory: Process Physical Memory: 48.60 MB used, 48.60 MB peak
[2015.07.22-22.33.08:198][  0]LogMemory: Process Virtual Memory: 21.99 MB used, 21.99 MB peak
[2015.07.22-22.33.08:198][  0]LogMemory: Physical Memory: 2237.25 MB used, 3983.27 MB total
[2015.07.22-22.33.08:198][  0]LogMemory: Virtual Memory: 290.59 MB used, 8388608.00 MB total
[2015.07.22-22.33.08:470][  0]LogTextLocalizationManager: The requested culture ('en_US') has no localization data; parent culture's ('en') localization data will be used.
[2015.07.22-22.33.08:789][  0]LogTextLocalizationManager:Warning: Loaded localization resources contain conflicting entries for (Namespace:ContentBrowser, Key:ImportAssetToolTip):
Localization Resource: (C:/Program Files/Epic Games/4.8/Engine/Content/Localization/Editor/en/Editor.locres) Source String Hash: (-630476809) Localized String: (Import to {0}...)
Localization Resource: (C:/Program Files/Epic Games/4.8/Engine/Content/Localization/Editor/en/Editor.locres) Source String Hash: (1271782899) Localized String: (Imports an asset from file to this folder.)
[2015.07.22-22.33.09:420][  0]LogD3D11RHI: Found D3D11 adapter 0: Intel(R) HD Graphics 3000 (Feature Level 10_0)
[2015.07.22-22.33.09:420][  0]LogD3D11RHI: Adapter has 32MB of dedicated video memory, 0MB of dedicated system memory, and 1632MB of shared system memory, 1 output[s]
[2015.07.22-22.33.09:422][  0]LogD3D11RHI: Found D3D11 adapter 1: Microsoft Basic Render Driver (Feature Level 11_0)
[2015.07.22-22.33.09:422][  0]LogD3D11RHI: Adapter has 0MB of dedicated video memory, 0MB of dedicated system memory, and 256MB of shared system memory, 0 output[s]
[2015.07.22-22.33.09:422][  0]LogD3D11RHI: Chosen D3D11 Adapter Id = 0
[2015.07.22-22.33.09:431][  0]LogD3D11RHI: InitD3DDevice
[2015.07.22-22.33.09:431][  0]LogD3D11RHI: !Direct3DDevice
[2015.07.22-22.33.09:431][  0]LogRHI: Texture pool is 593 MB (70% of 848 MB)
[2015.07.22-22.33.09:433][  0]LogD3D11RHI: Async texture creation enabled
[2015.07.22-22.33.09:452][  0]LogShaderCompilers:Display: Using Local Shader Compiler.
[2015.07.22-22.33.14:274][  0]LogTemp:Display: Loaded TP DesktopTargetPlatform
[2015.07.22-22.33.14:389][  0]LogTemp:Display: Loaded TP WindowsClientTargetPlatform
[2015.07.22-22.33.14:478][  0]LogTemp:Display: Loaded TP WindowsNoEditorTargetPlatform
[2015.07.22-22.33.14:546][  0]LogTemp:Display: Loaded TP WindowsServerTargetPlatform
[2015.07.22-22.33.14:616][  0]LogTemp:Display: Loaded TP WindowsTargetPlatform
[2015.07.22-22.33.14:640][  0]LogTemp:Display: Loaded TP AndroidTargetPlatform
[2015.07.22-22.33.14:664][  0]LogTemp:Display: Loaded TP Android_ASTCTargetPlatform
[2015.07.22-22.33.14:687][  0]LogTemp:Display: Loaded TP Android_ATCTargetPlatform
[2015.07.22-22.33.14:711][  0]LogTemp:Display: Loaded TP Android_DXTTargetPlatform
[2015.07.22-22.33.14:731][  0]LogTemp:Display: Loaded TP Android_ETC1TargetPlatform
[2015.07.22-22.33.14:754][  0]LogTemp:Display: Loaded TP Android_ETC2TargetPlatform
[2015.07.22-22.33.14:778][  0]LogTemp:Display: Loaded TP Android_PVRTCTargetPlatform
[2015.07.22-22.33.14:857][  0]LogTemp:Display: Loaded TP IOSTargetPlatform
[2015.07.22-22.33.14:878][  0]LogTemp:Display: Loaded TP LinuxNoEditorTargetPlatform
[2015.07.22-22.33.14:899][  0]LogTemp:Display: Loaded TP LinuxServerTargetPlatform
[2015.07.22-22.33.14:925][  0]LogTemp:Display: Loaded TP LinuxTargetPlatform
[2015.07.22-22.33.14:925][  0]LogTargetPlatformManager:Display: Building Assets For Windows
[2015.07.22-22.33.15:379][  0]LogDerivedDataCache:Display: Max Cache Size: 512 MB
[2015.07.22-22.33.16:077][  0]LogDerivedDataCache: Loaded boot cache 0.70s 48MB C:/Users/Christian/AppData/Local/UnrealEngine/4.8/DerivedDataCache/Boot.ddc.
[2015.07.22-22.33.16:077][  0]LogDerivedDataCache:Display: Loaded Boot cache: C:/Users/Christian/AppData/Local/UnrealEngine/4.8/DerivedDataCache/Boot.ddc
[2015.07.22-22.33.16:077][  0]LogDerivedDataCache: FDerivedDataBackendGraph:  Pak pak cache file ../../../../../../Users/Christian/Documents/Unreal Projects/TheForsakens 4.8/DerivedDataCache/DDC.ddp not found, will not use a pak cache.
[2015.07.22-22.33.16:077][  0]LogDerivedDataCache: Unable to find inner node Pak for hierarchical cache Hierarchy.
[2015.07.22-22.33.16:077][  0]LogDerivedDataCache: FDerivedDataBackendGraph:  CompressedPak pak cache file ../../../../../../Users/Christian/Documents/Unreal Projects/TheForsakens 4.8/DerivedDataCache/Compressed.ddp not found, will not use a pak cache.
[2015.07.22-22.33.16:077][  0]LogDerivedDataCache: Unable to find inner node CompressedPak for hierarchical cache Hierarchy.
[2015.07.22-22.33.16:340][  0]LogDerivedDataCache:Display: Pak cache opened for reading ../../../Engine/DerivedDataCache/Compressed.ddp.
[2015.07.22-22.33.16:370][  0]LogDerivedDataCache: Using Local data cache path C:/Users/Christian/AppData/Local/UnrealEngine/Common/DerivedDataCache: Writable
[2015.07.22-22.33.19:347][  0]LogInit: Selected Device Profile: [Windows]
[2015.07.22-22.33.19:930][  0]ImportText (ComponentSweepMultiTests): Missing closing parenthesis: (RootShapeAsset="/Engine/BasicShapes/Cube.Cube",ShapeType="TriggerCapsule",HitResult=(Time=0.50,Location=(X=-100.000015,Y=0.0,Z=100.000015),ImpactPoint=(X=-50.0,Y=0.0,Z=50.0),Normal=(X=-1.0,Y=-0.0,Z=0.0),ImpactNormal=(X=0.0,Y=0.0,Z=1.0),TraceStart=(X=-200.0,Y=0.0,Z=200.0),TraceEnd=(X=0.0,Y=0.0,Z=0.0))
[2015.07.22-22.33.19:932][  0]ImportText (LineTraceSingleByChannelTests): Missing closing parenthesis: (RootShapeAsset="/Engine/BasicShapes/Cube.Cube",HitResult=(Time=0.50,Location=(X=-100.000015,Y=0.0,Z=100.000015),ImpactPoint=(X=-50.0,Y=0.0,Z=50.0),Normal=(X=-1.0,Y=-0.0,Z=0.0),ImpactNormal=(X=0.0,Y=0.0,Z=1.0),TraceStart=(X=-200.0,Y=0.0,Z=200.0),TraceEnd=(X=0.0,Y=0.0,Z=0.0))
[2015.07.22-22.33.20:081][  0]LogMeshUtilities: No automatic mesh reduction module available
[2015.07.22-22.33.20:081][  0]LogMeshUtilities: No automatic mesh merging module available
[2015.07.22-22.33.22:054][  0]LogInit: WinSock: version 1.1 (2.2), MaxSocks=32767, MaxUdp=65467
[2015.07.22-22.33.41:524][  0]UdpMessaging: Initializing bridge on interface 0.0.0.0:0 to multicast group 230.0.0.1:6666.
[2015.07.22-22.33.43:484][  0]SourceControl: Info Source control is disabled
[2015.07.22-22.33.43:485][  0]SourceControl: Info Source control is disabled
[2015.07.22-22.33.43:546][  0]SourceControl: Info Source control is disabled
[2015.07.22-22.33.43:606][  0]SourceControl: Info Source control is disabled
[2015.07.22-22.33.44:827][  0]LogObj: 26273 objects as part of root set at end of initial load.
[2015.07.22-22.33.44:827][  0]LogUObjectAllocator: 5409248 out of 0 bytes used by permanent object pool.
[2015.07.22-22.33.45:470][  0]LogEngine: Initializing Engine...
[2015.07.22-22.33.45:504][  0]LogHMD: Can't find Oculus library dev build: is proper Runtime installed? Version: 0.6.0.0
[2015.07.22-22.33.45:606][  0]LogHMD:Warning: SteamVR failed to initialize.  Error: 110
[2015.07.22-22.33.46:290][  0]LogAIModule: Creating AISystem for world NewWorld
[2015.07.22-22.33.46:333][  0]LogInit: XAudio2 using 'Speakers (Realtek High Definition Audio)' : 2 channels at 48 kHz using 32 bits per sample (channel mask 0x3)
[2015.07.22-22.33.46:374][  0]LogInit: FAudioDevice initialized.
[2015.07.22-22.33.46:474][  0]LogDerivedDataCache: Saved boot cache 0.10s 48MB C:/Users/Christian/AppData/Local/UnrealEngine/4.8/DerivedDataCache/Boot.ddc.
[2015.07.22-22.33.46:488][  0]LogInit: Texture streaming: Disabled
[2015.07.22-22.33.46:580][  0]LogAnalytics: Creating configured Analytics provider AnalyticsET
[2015.07.22-22.33.46:580][  0]LogAnalytics: [UEEditor.Rocket.Release] APIServer = http://et2.epicgames.com/ET2/. AppVersion = 4.8.2-2614606+++depot+UE4-Releases+4.8
[2015.07.22-22.33.46:580][  0]LogAnalytics: [UEEditor.Rocket.Release] SetUserId d520111f42444ed2ae17ceb4cce854a2|256081b0662a4905b440382e278adc23|3ae4f12a-3c0a-4aaf-bb63-a78589ca1625
[2015.07.22-22.33.46:580][  0]LogAnalytics: [UEEditor.Rocket.Release] AnalyticsET::StartSession
[2015.07.22-22.33.46:774][  0]LogInit: Transaction tracking system initialized
[2015.07.22-22.33.50:578][  0]BlueprintLog: New page: Editor Load
[2015.07.22-22.33.51:839][  0]LogAssetRegistry: FAssetRegistry took 0.0115 seconds to start up
[2015.07.22-22.33.51:840][  0]LogDirectoryWatcher:Warning: Failed to begin reading directory changes for ../../../Engine/Plugins/Experimental/CharacterAI/Content/. Error: 0
[2015.07.22-22.33.57:950][  0]LogConsoleManager:Warning: Console variable 'r.VSync' wasn't set ('GameSetting' has a lower priority than 'SystemSettingsIni')
[2015.07.22-22.33.57:950][  0]LogConsoleResponse:Display: 
[2015.07.22-22.34.01:809][  0]LogCook:Display: Done creating registry. It took  0.00s.
[2015.07.22-22.34.03:303][  0]SourceControl: Info Source control is disabled
[2015.07.22-22.34.03:310][  0]Cmd: MAP LOAD FILE="../../../Engine/Content/Maps/Templates/Template_Default.umap" TEMPLATE=1 SHOWPROGRESS=1 FEATURELEVEL=2
[2015.07.22-22.34.03:401][  0]LightingResults: New page: Lighting Build
[2015.07.22-22.34.03:451][  0]MapCheck: New page: Map Check
[2015.07.22-22.34.03:451][  0]LightingResults: New page: Lighting Build
[2015.07.22-22.34.03:507][  0]LogParticles: Destroying 0 GPU particle simulations for FXSystem 0x000000EAECD26200
[2015.07.22-22.34.04:702][  0]LogAIModule: Creating AISystem for world Untitled_1
[2015.07.22-22.34.04:778][  0]LogEditorServer: Finished looking for orphan Actors (0.000 secs)
[2015.07.22-22.34.04:806][  0]Cmd: MAP CHECKDEP NOCLEARLOG
[2015.07.22-22.34.04:854][  0]MapCheck: Info Map check complete: 0 Error(s), 0 Warning(s), took 47.654ms to complete.
[2015.07.22-22.34.04:854][  0]LogFileHelpers: Loading map 'Template_Default' took 1.544
[2015.07.22-22.34.05:459][  0]LogCollectionManager: Loaded 0 collections in 0.005167 seconds
[2015.07.22-22.34.05:513][  0]LogContentBrowser: Native class hierarchy populated in 0.0456 seconds. Added 1792 classes and 301 folders.
[2015.07.22-22.34.05:717][  0]LogContentBrowser: Native class hierarchy updated for 'WidgetCarousel' in 0.0005 seconds. Added 0 classes and 0 folders.
[2015.07.22-22.34.06:187][  0]LogContentBrowser: Native class hierarchy updated for 'AddContentDialog' in 0.0013 seconds. Added 0 classes and 0 folders.
[2015.07.22-22.34.06:289][  0]LogContentBrowser: Native class hierarchy updated for 'SceneOutliner' in 0.0006 seconds. Added 1 classes and 2 folders.
[2015.07.22-22.34.06:720][  0]LogCrashTracker: Crashtracker disabled due to settings.
[2015.07.22-22.34.06:734][  0]LogD3D11RHI: InitD3DDevice
[2015.07.22-22.34.06:748][  0]LogUObjectGlobals:Warning: Failed to find object 'Class None.'
[2015.07.22-22.34.06:799][  0]LogLoad: Full Startup: 61.72 seconds (BP compile: 0.54 seconds)
[2015.07.22-22.34.07:278][  0]LogContentStreaming: Texture pool size is 0.000000MB
[2015.07.22-22.34.07:450][  0]LogContentStreaming: Texture pool size now 700 MB
[2015.07.22-22.34.07:870][  0]LogRenderer: Reallocating scene render targets to support 856x376 (Frame:2).
[2015.07.22-22.34.08:763][  2]LogD3D11RHI: InitD3DDevice
[2015.07.22-22.34.19:466][ 34]LogAssetRegistry: Asset discovery search completed in 27.6384 seconds
[2015.07.22-22.35.18:678][226]LogD3D11RHI: InitD3DDevice
[2015.07.22-22.35.21:608][312]LogD3D11RHI: InitD3DDevice
[2015.07.22-22.35.24:044][365]LogD3D11RHI: InitD3DDevice
[2015.07.22-22.35.42:190][365]LogAIModule: Creating AISystem for world Mansion
[2015.07.22-22.35.43:507][365]Cmd: MAP LOAD FILE="../../../../../../Users/Christian/Documents/Unreal Projects/TheForsakens 4.8/Content/Maps/Mansion.umap" TEMPLATE=0 SHOWPROGRESS=1 FEATURELEVEL=2
[2015.07.22-22.35.43:508][365]LightingResults: New page: Lighting Build
[2015.07.22-22.35.43:571][365]LoadErrors: New page: Loading map: Mansion.umap
[2015.07.22-22.35.43:571][365]MapCheck: New page: Map Check
[2015.07.22-22.35.43:571][365]LightingResults: New page: Lighting Build
[2015.07.22-22.35.43:683][365]LogParticles: Destroying 0 GPU particle simulations for FXSystem 0x000000EAF01339C0
[2015.07.22-22.35.45:296][365]LogAIModule: Creating AISystem for world Mansion
[2015.07.22-22.35.45:600][365]LogEditorServer: Finished looking for orphan Actors (0.000 secs)
[2015.07.22-22.35.46:047][365]Cmd: MAP CHECKDEP NOCLEARLOG
[2015.07.22-22.35.46:157][365]MapCheck: Info Map check complete: 0 Error(s), 0 Warning(s), took 110.503ms to complete.
[2015.07.22-22.35.46:159][365]LogFileHelpers: Loading map 'Mansion' took 2.693
[2015.07.22-22.49.49:101][967]LogD3D11RHI: InitD3DDevice
[2015.07.22-22.49.50:176][ 38]LogD3D11RHI: InitD3DDevice
[2015.07.22-22.49.51:680][143]LogD3D11RHI: InitD3DDevice
[2015.07.22-22.49.53:153][240]LogD3D11RHI: InitD3DDevice
[2015.07.22-22.49.53:731][269]LogD3D11RHI: InitD3DDevice
[2015.07.22-22.50.00:899][722]LogRenderer: Reallocating scene render targets to support 856x376 (Frame:260).
[2015.07.22-22.50.02:208][795]LogPlayLevel: PIE:  No blueprints needed recompiling
[2015.07.22-22.50.02:489][795]PIE: New page: PIE session: Mansion (Jul 22, 2015, 12:50:02 PM)
[2015.07.22-22.50.02:490][795]LogPlayLevel: Creating play world package: /Game/Maps/UEDPIE_0_Mansion
[2015.07.22-22.50.02:745][795]LogPlayLevel: PIE: StaticDuplicateObject took: (0.254462s)
[2015.07.22-22.50.02:747][795]LogAIModule: Creating AISystem for world Mansion
[2015.07.22-22.50.02:749][795]LogPlayLevel: PIE: World Init took: (0.003577s)
[2015.07.22-22.50.02:749][795]LogPlayLevel: PIE: Created PIE world by copying editor world from /Game/Maps/Mansion.Mansion to /Game/Maps/UEDPIE_0_Mansion.Mansion (0.258956s)
[2015.07.22-22.50.02:749][795]LogActorComponent: UnregisterComponent: (/Engine/Transient.CharMoveComp) Not registered. Aborting.
[2015.07.22-22.50.02:870][795]LogInit: XAudio2 using 'Speakers (Realtek High Definition Audio)' : 2 channels at 48 kHz using 32 bits per sample (channel mask 0x3)
[2015.07.22-22.50.02:879][795]LogInit: FAudioDevice initialized.
[2015.07.22-22.50.02:937][795]LogD3D11RHI: InitD3DDevice
[2015.07.22-22.50.03:016][795]LogWorld: Game class is 'MyGame_C'
[2015.07.22-22.50.03:167][795]LogWorld: Bringing World /Game/Maps/UEDPIE_0_Mansion.Mansion up for play (max tick rate 0) at 2015.07.22-17.50.03
[2015.07.22-22.50.03:167][795]LogActor:Warning: GameSession /Game/Maps/UEDPIE_0_Mansion.Mansion:PersistentLevel.GameSession_0 has natively added scene component(s), but none of them were set as the actor's RootComponent - picking one arbitrarily
[2015.07.22-22.50.03:168][795]LogActor:Warning: GameNetworkManager /Game/Maps/UEDPIE_0_Mansion.Mansion:PersistentLevel.GameNetworkManager_0 has natively added scene component(s), but none of them were set as the actor's RootComponent - picking one arbitrarily
[2015.07.22-22.50.03:178][795]LogWorld: Bringing up level for play took: 0.119338
[2015.07.22-22.50.03:334][795]PIE: Info Play in editor start time for /Game/Maps/UEDPIE_0_Mansion 1.283
[2015.07.22-22.50.03:418][795]LogRenderer: Reallocating scene render targets to support 1296x728 (Frame:262).
[2015.07.22-22.50.12:934][914]LogParticles: Destroying 0 GPU particle simulations for FXSystem 0x000000EADEB09E40
[2015.07.22-22.50.51:547][ 87]LogPlayLevel: PIE:  No blueprints needed recompiling
[2015.07.22-22.50.51:547][ 87]PIE: New page: PIE session: Mansion (Jul 22, 2015, 12:50:51 PM)
[2015.07.22-22.50.51:548][ 87]LogPlayLevel: Creating play world package: /Game/Maps/UEDPIE_0_Mansion
[2015.07.22-22.50.51:674][ 87]LogPlayLevel: PIE: StaticDuplicateObject took: (0.126642s)
[2015.07.22-22.50.51:676][ 87]LogAIModule: Creating AISystem for world Mansion
[2015.07.22-22.50.51:677][ 87]LogPlayLevel: PIE: World Init took: (0.002334s)
[2015.07.22-22.50.51:677][ 87]LogPlayLevel: PIE: Created PIE world by copying editor world from /Game/Maps/Mansion.Mansion to /Game/Maps/UEDPIE_0_Mansion.Mansion (0.129423s)
[2015.07.22-22.50.51:755][ 87]LogInit: XAudio2 using 'Speakers (Realtek High Definition Audio)' : 2 channels at 48 kHz using 32 bits per sample (channel mask 0x3)
[2015.07.22-22.50.51:764][ 87]LogInit: FAudioDevice initialized.
[2015.07.22-22.50.51:767][ 87]LogD3D11RHI: InitD3DDevice
[2015.07.22-22.50.51:803][ 87]LogWorld: Game class is 'MyGame_C'
[2015.07.22-22.50.51:886][ 87]LogWorld: Bringing World /Game/Maps/UEDPIE_0_Mansion.Mansion up for play (max tick rate 0) at 2015.07.22-17.50.51
[2015.07.22-22.50.51:886][ 87]LogActor:Warning: GameSession /Game/Maps/UEDPIE_0_Mansion.Mansion:PersistentLevel.GameSession_1 has natively added scene component(s), but none of them were set as the actor's RootComponent - picking one arbitrarily
[2015.07.22-22.50.51:887][ 87]LogActor:Warning: GameNetworkManager /Game/Maps/UEDPIE_0_Mansion.Mansion:PersistentLevel.GameNetworkManager_1 has natively added scene component(s), but none of them were set as the actor's RootComponent - picking one arbitrarily
[2015.07.22-22.50.51:894][ 87]LogWorld: Bringing up level for play took: 0.088410
[2015.07.22-22.50.51:935][ 87]PIE: Info Play in editor start time for /Game/Maps/UEDPIE_0_Mansion -0.115
[2015.07.22-22.51.12:314][361]LogArray:Warning: Attempted to get an item from array CallFunc_GetDataTableRowNames_OutRowNames out of bounds [5/4]!
[2015.07.22-22.51.12:315][361]LogArray:Warning: Attempted to get an item from array CallFunc_GetDataTableRowNames_OutRowNames out of bounds [6/4]!
[2015.07.22-22.51.13:028][370]LogArray:Warning: Attempted to get an item from array CallFunc_GetDataTableRowNames_OutRowNames out of bounds [5/4]!
[2015.07.22-22.51.13:028][370]LogArray:Warning: Attempted to get an item from array CallFunc_GetDataTableRowNames_OutRowNames out of bounds [6/4]!
[2015.07.22-22.51.13:914][382]LogArray:Warning: Attempted to get an item from array CallFunc_GetDataTableRowNames_OutRowNames out of bounds [5/4]!
[2015.07.22-22.51.13:914][382]LogArray:Warning: Attempted to get an item from array CallFunc_GetDataTableRowNames_OutRowNames out of bounds [6/4]!
[2015.07.22-22.51.14:446][389]LogBlueprintUserMessages: No ammo, CLICK!
[2015.07.22-22.51.14:856][395]LogBlueprintUserMessages: No ammo, CLICK!
[2015.07.22-22.51.18:292][442]LogArray:Warning: Attempted to get an item from array CallFunc_GetDataTableRowNames_OutRowNames out of bounds [5/4]!
[2015.07.22-22.51.18:292][442]LogArray:Warning: Attempted to get an item from array CallFunc_GetDataTableRowNames_OutRowNames out of bounds [6/4]!
[2015.07.22-22.51.19:187][454]LogArray:Warning: Attempted to get an item from array CallFunc_GetDataTableRowNames_OutRowNames out of bounds [5/4]!
[2015.07.22-22.51.19:188][454]LogArray:Warning: Attempted to get an item from array CallFunc_GetDataTableRowNames_OutRowNames out of bounds [6/4]!
[2015.07.22-22.51.19:868][463]LogArray:Warning: Attempted to get an item from array CallFunc_GetDataTableRowNames_OutRowNames out of bounds [5/4]!
[2015.07.22-22.51.19:868][463]LogArray:Warning: Attempted to get an item from array CallFunc_GetDataTableRowNames_OutRowNames out of bounds [6/4]!
[2015.07.22-22.51.20:407][470]LogArray:Warning: Attempted to get an item from array CallFunc_GetDataTableRowNames_OutRowNames out of bounds [5/4]!
[2015.07.22-22.51.20:407][470]LogArray:Warning: Attempted to get an item from array CallFunc_GetDataTableRowNames_OutRowNames out of bounds [6/4]!
[2015.07.22-22.51.20:951][477]LogArray:Warning: Attempted to get an item from array CallFunc_GetDataTableRowNames_OutRowNames out of bounds [5/4]!
[2015.07.22-22.51.20:952][477]LogArray:Warning: Attempted to get an item from array CallFunc_GetDataTableRowNames_OutRowNames out of bounds [6/4]!
[2015.07.22-22.51.21:651][486]LogArray:Warning: Attempted to get an item from array CallFunc_GetDataTableRowNames_OutRowNames out of bounds [5/4]!
[2015.07.22-22.51.21:651][486]LogArray:Warning: Attempted to get an item from array CallFunc_GetDataTableRowNames_OutRowNames out of bounds [6/4]!
[2015.07.22-22.51.22:271][494]LogArray:Warning: Attempted to get an item from array CallFunc_GetDataTableRowNames_OutRowNames out of bounds [5/4]!
[2015.07.22-22.51.22:271][494]LogArray:Warning: Attempted to get an item from array CallFunc_GetDataTableRowNames_OutRowNames out of bounds [6/4]!
[2015.07.22-22.51.22:488][497]LogBlueprintUserMessages: No ammo, CLICK!
[2015.07.22-22.51.22:749][500]LogBlueprintUserMessages: No ammo, CLICK!
[2015.07.22-22.51.22:951][503]LogBlueprintUserMessages: No ammo, CLICK!
[2015.07.22-22.51.23:250][507]LogBlueprintUserMessages: No ammo, CLICK!
[2015.07.22-22.51.24:330][520]LogParticles: Destroying 0 GPU particle simulations for FXSystem 0x000000EA92496660
[2015.07.22-22.51.29:950][577]LogPlayLevel: PIE:  No blueprints needed recompiling
[2015.07.22-22.51.29:950][577]PIE: New page: PIE session: Mansion (Jul 22, 2015, 12:51:29 PM)
[2015.07.22-22.51.29:951][577]LogPlayLevel: Creating play world package: /Game/Maps/UEDPIE_0_Mansion
[2015.07.22-22.51.30:091][577]LogPlayLevel: PIE: StaticDuplicateObject took: (0.140515s)
[2015.07.22-22.51.30:093][577]LogAIModule: Creating AISystem for world Mansion
[2015.07.22-22.51.30:094][577]LogPlayLevel: PIE: World Init took: (0.002280s)
[2015.07.22-22.51.30:094][577]LogPlayLevel: PIE: Created PIE world by copying editor world from /Game/Maps/Mansion.Mansion to /Game/Maps/UEDPIE_0_Mansion.Mansion (0.143254s)
[2015.07.22-22.51.30:169][577]LogInit: XAudio2 using 'Speakers (Realtek High Definition Audio)' : 2 channels at 48 kHz using 32 bits per sample (channel mask 0x3)
[2015.07.22-22.51.30:178][577]LogInit: FAudioDevice initialized.
[2015.07.22-22.51.30:181][577]LogD3D11RHI: InitD3DDevice
[2015.07.22-22.51.30:215][577]LogWorld: Game class is 'MyGame_C'
[2015.07.22-22.51.30:289][577]LogWorld: Bringing World /Game/Maps/UEDPIE_0_Mansion.Mansion up for play (max tick rate 0) at 2015.07.22-17.51.30
[2015.07.22-22.51.30:289][577]LogActor:Warning: GameSession /Game/Maps/UEDPIE_0_Mansion.Mansion:PersistentLevel.GameSession_2 has natively added scene component(s), but none of them were set as the actor's RootComponent - picking one arbitrarily
[2015.07.22-22.51.30:289][577]LogActor:Warning: GameNetworkManager /Game/Maps/UEDPIE_0_Mansion.Mansion:PersistentLevel.GameNetworkManager_2 has natively added scene component(s), but none of them were set as the actor's RootComponent - picking one arbitrarily
[2015.07.22-22.51.30:297][577]LogWorld: Bringing up level for play took: 0.079066
[2015.07.22-22.51.30:345][577]PIE: Info Play in editor start time for /Game/Maps/UEDPIE_0_Mansion 0.295
[2015.07.22-22.51.32:013][597]LogArray:Warning: Attempted to get an item from array CallFunc_GetDataTableRowNames_OutRowNames out of bounds [5/4]!
[2015.07.22-22.51.32:013][597]LogArray:Warning: Attempted to get an item from array CallFunc_GetDataTableRowNames_OutRowNames out of bounds [6/4]!
[2015.07.22-22.51.32:901][607]LogArray:Warning: Attempted to get an item from array CallFunc_GetDataTableRowNames_OutRowNames out of bounds [5/4]!
[2015.07.22-22.51.32:901][607]LogArray:Warning: Attempted to get an item from array CallFunc_GetDataTableRowNames_OutRowNames out of bounds [6/4]!
[2015.07.22-22.51.36:273][647]LogArray:Warning: Attempted to get an item from array CallFunc_GetDataTableRowNames_OutRowNames out of bounds [5/4]!
[2015.07.22-22.51.36:273][647]LogArray:Warning: Attempted to get an item from array CallFunc_GetDataTableRowNames_OutRowNames out of bounds [6/4]!
[2015.07.22-22.51.37:316][659]LogArray:Warning: Attempted to get an item from array CallFunc_GetDataTableRowNames_OutRowNames out of bounds [5/4]!
[2015.07.22-22.51.37:316][659]LogArray:Warning: Attempted to get an item from array CallFunc_GetDataTableRowNames_OutRowNames out of bounds [6/4]!
[2015.07.22-22.51.37:867][665]LogArray:Warning: Attempted to get an item from array CallFunc_GetDataTableRowNames_OutRowNames out of bounds [5/4]!
[2015.07.22-22.51.37:867][665]LogArray:Warning: Attempted to get an item from array CallFunc_GetDataTableRowNames_OutRowNames out of bounds [6/4]!
[2015.07.22-22.51.38:417][671]LogArray:Warning: Attempted to get an item from array CallFunc_GetDataTableRowNames_OutRowNames out of bounds [5/4]!
[2015.07.22-22.51.38:417][671]LogArray:Warning: Attempted to get an item from array CallFunc_GetDataTableRowNames_OutRowNames out of bounds [6/4]!
[2015.07.22-22.52.21:792][123]LogArray:Warning: Attempted to get an item from array CallFunc_GetDataTableRowNames_OutRowNames out of bounds [5/4]!
[2015.07.22-22.52.21:792][123]LogArray:Warning: Attempted to get an item from array CallFunc_GetDataTableRowNames_OutRowNames out of bounds [6/4]!
[2015.07.22-22.52.22:368][130]LogArray:Warning: Attempted to get an item from array CallFunc_GetDataTableRowNames_OutRowNames out of bounds [5/4]!
[2015.07.22-22.52.22:368][130]LogArray:Warning: Attempted to get an item from array CallFunc_GetDataTableRowNames_OutRowNames out of bounds [6/4]!
[2015.07.22-22.52.25:799][176]LogArray:Warning: Attempted to get an item from array CallFunc_GetDataTableRowNames_OutRowNames out of bounds [5/4]!
[2015.07.22-22.52.25:799][176]LogArray:Warning: Attempted to get an item from array CallFunc_GetDataTableRowNames_OutRowNames out of bounds [6/4]!
[2015.07.22-22.52.26:431][184]LogBlueprintUserMessages: No ammo, CLICK!
[2015.07.22-22.52.58:183][659]LogArray:Warning: Attempted to get an item from array CallFunc_GetDataTableRowNames_OutRowNames out of bounds [5/4]!
[2015.07.22-22.52.58:183][659]LogArray:Warning: Attempted to get an item from array CallFunc_GetDataTableRowNames_OutRowNames out of bounds [6/4]!
[2015.07.22-22.53.00:384][691]LogArray:Warning: Attempted to get an item from array CallFunc_GetDataTableRowNames_OutRowNames out of bounds [5/4]!
[2015.07.22-22.53.00:384][691]LogArray:Warning: Attempted to get an item from array CallFunc_GetDataTableRowNames_OutRowNames out of bounds [6/4]!
[2015.07.22-22.53.01:395][705]LogArray:Warning: Attempted to get an item from array CallFunc_GetDataTableRowNames_OutRowNames out of bounds [5/4]!
[2015.07.22-22.53.01:396][705]LogArray:Warning: Attempted to get an item from array CallFunc_GetDataTableRowNames_OutRowNames out of bounds [6/4]!
[2015.07.22-22.53.01:980][713]LogArray:Warning: Attempted to get an item from array CallFunc_GetDataTableRowNames_OutRowNames out of bounds [5/4]!
[2015.07.22-22.53.01:981][713]LogArray:Warning: Attempted to get an item from array CallFunc_GetDataTableRowNames_OutRowNames out of bounds [6/4]!
[2015.07.22-22.53.18:363][950]LogArray:Warning: Attempted to get an item from array CallFunc_GetDataTableRowNames_OutRowNames out of bounds [5/4]!
[2015.07.22-22.53.18:363][950]LogArray:Warning: Attempted to get an item from array CallFunc_GetDataTableRowNames_OutRowNames out of bounds [6/4]!
[2015.07.22-22.53.19:021][958]LogArray:Warning: Attempted to get an item from array CallFunc_GetDataTableRowNames_OutRowNames out of bounds [5/4]!
[2015.07.22-22.53.19:021][958]LogArray:Warning: Attempted to get an item from array CallFunc_GetDataTableRowNames_OutRowNames out of bounds [6/4]!
[2015.07.22-22.53.19:676][966]LogArray:Warning: Attempted to get an item from array CallFunc_GetDataTableRowNames_OutRowNames out of bounds [5/4]!
[2015.07.22-22.53.19:676][966]LogArray:Warning: Attempted to get an item from array CallFunc_GetDataTableRowNames_OutRowNames out of bounds [6/4]!
[2015.07.22-22.53.21:143][982]LogParticles: Destroying 0 GPU particle simulations for FXSystem 0x000000EA92043A60
[2015.07.22-22.53.41:577][183]Cmd: SELECT NONE
[2015.07.22-22.53.53:123][264]LogPlayLevel: PIE:  No blueprints needed recompiling
[2015.07.22-22.53.53:123][264]PIE: New page: PIE session: Mansion (Jul 22, 2015, 12:53:53 PM)
[2015.07.22-22.53.53:124][264]LogPlayLevel: Creating play world package: /Game/Maps/UEDPIE_0_Mansion
[2015.07.22-22.53.53:253][264]LogPlayLevel: PIE: StaticDuplicateObject took: (0.128878s)
[2015.07.22-22.53.53:255][264]LogAIModule: Creating AISystem for world Mansion
[2015.07.22-22.53.53:256][264]LogPlayLevel: PIE: World Init took: (0.002441s)
[2015.07.22-22.53.53:256][264]LogPlayLevel: PIE: Created PIE world by copying editor world from /Game/Maps/Mansion.Mansion to /Game/Maps/UEDPIE_0_Mansion.Mansion (0.131817s)
[2015.07.22-22.53.53:333][264]LogInit: XAudio2 using 'Speakers (Realtek High Definition Audio)' : 2 channels at 48 kHz using 32 bits per sample (channel mask 0x3)
[2015.07.22-22.53.53:341][264]LogInit: FAudioDevice initialized.
[2015.07.22-22.53.53:344][264]LogD3D11RHI: InitD3DDevice
[2015.07.22-22.53.53:380][264]LogWorld: Game class is 'MyGame_C'
[2015.07.22-22.53.53:450][264]LogWorld: Bringing World /Game/Maps/UEDPIE_0_Mansion.Mansion up for play (max tick rate 0) at 2015.07.22-17.53.53
[2015.07.22-22.53.53:450][264]LogActor:Warning: GameSession /Game/Maps/UEDPIE_0_Mansion.Mansion:PersistentLevel.GameSession_3 has natively added scene component(s), but none of them were set as the actor's RootComponent - picking one arbitrarily
[2015.07.22-22.53.53:451][264]LogActor:Warning: GameNetworkManager /Game/Maps/UEDPIE_0_Mansion.Mansion:PersistentLevel.GameNetworkManager_3 has natively added scene component(s), but none of them were set as the actor's RootComponent - picking one arbitrarily
[2015.07.22-22.53.53:459][264]LogWorld: Bringing up level for play took: 0.076948
[2015.07.22-22.53.53:498][264]PIE: Info Play in editor start time for /Game/Maps/UEDPIE_0_Mansion -0.552
[2015.07.22-22.54.01:720][375]LogArray:Warning: Attempted to get an item from array CallFunc_GetDataTableRowNames_OutRowNames out of bounds [5/4]!
[2015.07.22-22.54.01:721][375]LogArray:Warning: Attempted to get an item from array CallFunc_GetDataTableRowNames_OutRowNames out of bounds [6/4]!
[2015.07.22-22.54.03:291][395]LogArray:Warning: Attempted to get an item from array CallFunc_GetDataTableRowNames_OutRowNames out of bounds [5/4]!
[2015.07.22-22.54.03:291][395]LogArray:Warning: Attempted to get an item from array CallFunc_GetDataTableRowNames_OutRowNames out of bounds [6/4]!
[2015.07.22-22.54.06:708][441]LogArray:Warning: Attempted to get an item from array CallFunc_GetDataTableRowNames_OutRowNames out of bounds [5/4]!
[2015.07.22-22.54.06:708][441]LogArray:Warning: Attempted to get an item from array CallFunc_GetDataTableRowNames_OutRowNames out of bounds [6/4]!
[2015.07.22-22.54.07:387][450]LogArray:Warning: Attempted to get an item from array CallFunc_GetDataTableRowNames_OutRowNames out of bounds [5/4]!
[2015.07.22-22.54.07:387][450]LogArray:Warning: Attempted to get an item from array CallFunc_GetDataTableRowNames_OutRowNames out of bounds [6/4]!
[2015.07.22-22.54.08:056][459]LogArray:Warning: Attempted to get an item from array CallFunc_GetDataTableRowNames_OutRowNames out of bounds [5/4]!
[2015.07.22-22.54.08:056][459]LogArray:Warning: Attempted to get an item from array CallFunc_GetDataTableRowNames_OutRowNames out of bounds [6/4]!
[2015.07.22-22.54.08:894][471]LogArray:Warning: Attempted to get an item from array CallFunc_GetDataTableRowNames_OutRowNames out of bounds [5/4]!
[2015.07.22-22.54.08:894][471]LogArray:Warning: Attempted to get an item from array CallFunc_GetDataTableRowNames_OutRowNames out of bounds [6/4]!
[2015.07.22-22.54.09:594][481]LogArray:Warning: Attempted to get an item from array CallFunc_GetDataTableRowNames_OutRowNames out of bounds [5/4]!
[2015.07.22-22.54.09:594][481]LogArray:Warning: Attempted to get an item from array CallFunc_GetDataTableRowNames_OutRowNames out of bounds [6/4]!
[2015.07.22-22.54.10:235][490]LogArray:Warning: Attempted to get an item from array CallFunc_GetDataTableRowNames_OutRowNames out of bounds [5/4]!
[2015.07.22-22.54.10:235][490]LogArray:Warning: Attempted to get an item from array CallFunc_GetDataTableRowNames_OutRowNames out of bounds [6/4]!
[2015.07.22-22.54.10:811][498]LogArray:Warning: Attempted to get an item from array CallFunc_GetDataTableRowNames_OutRowNames out of bounds [5/4]!
[2015.07.22-22.54.10:811][498]LogArray:Warning: Attempted to get an item from array CallFunc_GetDataTableRowNames_OutRowNames out of bounds [6/4]!
[2015.07.22-22.54.11:328][505]LogBlueprintUserMessages: No ammo, CLICK!
[2015.07.22-22.54.11:643][510]LogBlueprintUserMessages: No ammo, CLICK!
[2015.07.22-22.54.12:242][519]LogArray:Warning: Attempted to get an item from array CallFunc_GetDataTableRowNames_OutRowNames out of bounds [5/4]!
[2015.07.22-22.54.12:242][519]LogArray:Warning: Attempted to get an item from array CallFunc_GetDataTableRowNames_OutRowNames out of bounds [6/4]!
[2015.07.22-22.54.12:960][529]LogArray:Warning: Attempted to get an item from array CallFunc_GetDataTableRowNames_OutRowNames out of bounds [5/4]!
[2015.07.22-22.54.12:960][529]LogArray:Warning: Attempted to get an item from array CallFunc_GetDataTableRowNames_OutRowNames out of bounds [6/4]!
[2015.07.22-22.54.13:798][541]LogArray:Warning: Attempted to get an item from array CallFunc_GetDataTableRowNames_OutRowNames out of bounds [5/4]!
[2015.07.22-22.54.13:798][541]LogArray:Warning: Attempted to get an item from array CallFunc_GetDataTableRowNames_OutRowNames out of bounds [6/4]!
[2015.07.22-22.54.14:489][550]LogArray:Warning: Attempted to get an item from array CallFunc_GetDataTableRowNames_OutRowNames out of bounds [5/4]!
[2015.07.22-22.54.14:489][550]LogArray:Warning: Attempted to get an item from array CallFunc_GetDataTableRowNames_OutRowNames out of bounds [6/4]!
[2015.07.22-22.54.15:240][560]LogArray:Warning: Attempted to get an item from array CallFunc_GetDataTableRowNames_OutRowNames out of bounds [5/4]!
[2015.07.22-22.54.15:241][560]LogArray:Warning: Attempted to get an item from array CallFunc_GetDataTableRowNames_OutRowNames out of bounds [6/4]!
[2015.07.22-22.54.15:775][567]LogArray:Warning: Attempted to get an item from array CallFunc_GetDataTableRowNames_OutRowNames out of bounds [5/4]!
[2015.07.22-22.54.15:775][567]LogArray:Warning: Attempted to get an item from array CallFunc_GetDataTableRowNames_OutRowNames out of bounds [6/4]!
[2015.07.22-22.54.16:359][575]LogArray:Warning: Attempted to get an item from array CallFunc_GetDataTableRowNames_OutRowNames out of bounds [5/4]!
[2015.07.22-22.54.16:360][575]LogArray:Warning: Attempted to get an item from array CallFunc_GetDataTableRowNames_OutRowNames out of bounds [6/4]!
[2015.07.22-22.54.16:901][582]LogBlueprintUserMessages: No ammo, CLICK!
[2015.07.22-22.54.17:025][584]LogBlueprintUserMessages: No ammo, CLICK!
[2015.07.22-22.54.17:238][587]LogBlueprintUserMessages: No ammo, CLICK!
[2015.07.22-22.54.17:979][598]LogArray:Warning: Attempted to get an item from array CallFunc_GetDataTableRowNames_OutRowNames out of bounds [5/4]!
[2015.07.22-22.54.17:979][598]LogArray:Warning: Attempted to get an item from array CallFunc_GetDataTableRowNames_OutRowNames out of bounds [6/4]!
[2015.07.22-22.54.18:722][608]LogArray:Warning: Attempted to get an item from array CallFunc_GetDataTableRowNames_OutRowNames out of bounds [5/4]!
[2015.07.22-22.54.18:722][608]LogArray:Warning: Attempted to get an item from array CallFunc_GetDataTableRowNames_OutRowNames out of bounds [6/4]!
[2015.07.22-22.54.19:429][618]LogArray:Warning: Attempted to get an item from array CallFunc_GetDataTableRowNames_OutRowNames out of bounds [5/4]!
[2015.07.22-22.54.19:429][618]LogArray:Warning: Attempted to get an item from array CallFunc_GetDataTableRowNames_OutRowNames out of bounds [6/4]!
[2015.07.22-22.54.20:073][627]LogArray:Warning: Attempted to get an item from array CallFunc_GetDataTableRowNames_OutRowNames out of bounds [5/4]!
[2015.07.22-22.54.20:073][627]LogArray:Warning: Attempted to get an item from array CallFunc_GetDataTableRowNames_OutRowNames out of bounds [6/4]!
[2015.07.22-22.54.42:022][932]LogArray:Warning: Attempted to get an item from array CallFunc_GetDataTableRowNames_OutRowNames out of bounds [5/4]!
[2015.07.22-22.54.42:022][932]LogArray:Warning: Attempted to get an item from array CallFunc_GetDataTableRowNames_OutRowNames out of bounds [6/4]!
[2015.07.22-22.54.43:184][945]LogArray:Warning: Attempted to get an item from array CallFunc_GetDataTableRowNames_OutRowNames out of bounds [5/4]!
[2015.07.22-22.54.43:184][945]LogArray:Warning: Attempted to get an item from array CallFunc_GetDataTableRowNames_OutRowNames out of bounds [6/4]!
[2015.07.22-22.55.19:644][390]LogArray:Warning: Attempted to get an item from array CallFunc_GetDataTableRowNames_OutRowNames out of bounds [5/4]!
[2015.07.22-22.55.19:644][390]LogArray:Warning: Attempted to get an item from array CallFunc_GetDataTableRowNames_OutRowNames out of bounds [6/4]!
[2015.07.22-22.55.20:228][398]LogArray:Warning: Attempted to get an item from array CallFunc_GetDataTableRowNames_OutRowNames out of bounds [5/4]!
[2015.07.22-22.55.20:228][398]LogArray:Warning: Attempted to get an item from array CallFunc_GetDataTableRowNames_OutRowNames out of bounds [6/4]!
[2015.07.22-22.55.20:865][407]LogArray:Warning: Attempted to get an item from array CallFunc_GetDataTableRowNames_OutRowNames out of bounds [5/4]!
[2015.07.22-22.55.20:865][407]LogArray:Warning: Attempted to get an item from array CallFunc_GetDataTableRowNames_OutRowNames out of bounds [6/4]!
[2015.07.22-22.55.21:559][417]LogArray:Warning: Attempted to get an item from array CallFunc_GetDataTableRowNames_OutRowNames out of bounds [5/4]!
[2015.07.22-22.55.21:559][417]LogArray:Warning: Attempted to get an item from array CallFunc_GetDataTableRowNames_OutRowNames out of bounds [6/4]!
[2015.07.22-22.55.22:155][425]LogArray:Warning: Attempted to get an item from array CallFunc_GetDataTableRowNames_OutRowNames out of bounds [5/4]!
[2015.07.22-22.55.22:155][425]LogArray:Warning: Attempted to get an item from array CallFunc_GetDataTableRowNames_OutRowNames out of bounds [6/4]!
[2015.07.22-22.56.28:720][266]LogArray:Warning: Attempted to get an item from array CallFunc_GetDataTableRowNames_OutRowNames out of bounds [5/4]!
[2015.07.22-22.56.28:720][266]LogArray:Warning: Attempted to get an item from array CallFunc_GetDataTableRowNames_OutRowNames out of bounds [6/4]!
[2015.07.22-22.57.29:215][ 56]LogArray:Warning: Attempted to get an item from array CallFunc_GetDataTableRowNames_OutRowNames out of bounds [5/4]!
[2015.07.22-22.57.29:215][ 56]LogArray:Warning: Attempted to get an item from array CallFunc_GetDataTableRowNames_OutRowNames out of bounds [6/4]!
[2015.07.22-22.57.30:405][ 72]LogArray:Warning: Attempted to get an item from array CallFunc_GetDataTableRowNames_OutRowNames out of bounds [5/4]!
[2015.07.22-22.57.30:405][ 72]LogArray:Warning: Attempted to get an item from array CallFunc_GetDataTableRowNames_OutRowNames out of bounds [6/4]!
[2015.07.22-22.57.33:312][112]LogArray:Warning: Attempted to get an item from array CallFunc_GetDataTableRowNames_OutRowNames out of bounds [5/4]!
[2015.07.22-22.57.33:312][112]LogArray:Warning: Attempted to get an item from array CallFunc_GetDataTableRowNames_OutRowNames out of bounds [6/4]!
[2015.07.22-22.57.45:393][281]LogArray:Warning: Attempted to get an item from array CallFunc_GetDataTableRowNames_OutRowNames out of bounds [5/4]!
[2015.07.22-22.57.45:393][281]LogArray:Warning: Attempted to get an item from array CallFunc_GetDataTableRowNames_OutRowNames out of bounds [6/4]!
[2015.07.22-22.58.41:824][ 48]LogArray:Warning: Attempted to get an item from array CallFunc_GetDataTableRowNames_OutRowNames out of bounds [5/4]!
[2015.07.22-22.58.41:824][ 48]LogArray:Warning: Attempted to get an item from array CallFunc_GetDataTableRowNames_OutRowNames out of bounds [6/4]!
[2015.07.22-22.58.42:588][ 58]LogArray:Warning: Attempted to get an item from array CallFunc_GetDataTableRowNames_OutRowNames out of bounds [5/4]!
[2015.07.22-22.58.42:588][ 58]LogArray:Warning: Attempted to get an item from array CallFunc_GetDataTableRowNames_OutRowNames out of bounds [6/4]!
[2015.07.22-22.58.52:294][190]LogArray:Warning: Attempted to get an item from array CallFunc_GetDataTableRowNames_OutRowNames out of bounds [5/4]!
[2015.07.22-22.58.52:294][190]LogArray:Warning: Attempted to get an item from array CallFunc_GetDataTableRowNames_OutRowNames out of bounds [6/4]!
[2015.07.22-22.58.57:559][257]LogArray:Warning: Attempted to get an item from array CallFunc_GetDataTableRowNames_OutRowNames out of bounds [5/4]!
[2015.07.22-22.58.57:559][257]LogArray:Warning: Attempted to get an item from array CallFunc_GetDataTableRowNames_OutRowNames out of bounds [6/4]!
[2015.07.22-22.59.23:603][583]LogArray:Warning: Attempted to get an item from array CallFunc_GetDataTableRowNames_OutRowNames out of bounds [5/4]!
[2015.07.22-22.59.23:603][583]LogArray:Warning: Attempted to get an item from array CallFunc_GetDataTableRowNames_OutRowNames out of bounds [6/4]!
[2015.07.22-22.59.24:189][591]LogArray:Warning: Attempted to get an item from array CallFunc_GetDataTableRowNames_OutRowNames out of bounds [5/4]!
[2015.07.22-22.59.24:189][591]LogArray:Warning: Attempted to get an item from array CallFunc_GetDataTableRowNames_OutRowNames out of bounds [6/4]!
[2015.07.22-22.59.24:842][600]LogArray:Warning: Attempted to get an item from array CallFunc_GetDataTableRowNames_OutRowNames out of bounds [5/4]!
[2015.07.22-22.59.24:842][600]LogArray:Warning: Attempted to get an item from array CallFunc_GetDataTableRowNames_OutRowNames out of bounds [6/4]!
[2015.07.22-22.59.25:444][608]LogArray:Warning: Attempted to get an item from array CallFunc_GetDataTableRowNames_OutRowNames out of bounds [5/4]!
[2015.07.22-22.59.25:444][608]LogArray:Warning: Attempted to get an item from array CallFunc_GetDataTableRowNames_OutRowNames out of bounds [6/4]!
[2015.07.22-22.59.26:046][616]LogArray:Warning: Attempted to get an item from array CallFunc_GetDataTableRowNames_OutRowNames out of bounds [5/4]!
[2015.07.22-22.59.26:046][616]LogArray:Warning: Attempted to get an item from array CallFunc_GetDataTableRowNames_OutRowNames out of bounds [6/4]!
[2015.07.22-22.59.26:974][628]LogArray:Warning: Attempted to get an item from array CallFunc_GetDataTableRowNames_OutRowNames out of bounds [5/4]!
[2015.07.22-22.59.26:974][628]LogArray:Warning: Attempted to get an item from array CallFunc_GetDataTableRowNames_OutRowNames out of bounds [6/4]!
[2015.07.22-22.59.27:641][636]LogArray:Warning: Attempted to get an item from array CallFunc_GetDataTableRowNames_OutRowNames out of bounds [5/4]!
[2015.07.22-22.59.27:641][636]LogArray:Warning: Attempted to get an item from array CallFunc_GetDataTableRowNames_OutRowNames out of bounds [6/4]!
[2015.07.22-22.59.28:170][642]LogArray:Warning: Attempted to get an item from array CallFunc_GetDataTableRowNames_OutRowNames out of bounds [5/4]!
[2015.07.22-22.59.28:170][642]LogArray:Warning: Attempted to get an item from array CallFunc_GetDataTableRowNames_OutRowNames out of bounds [6/4]!
[2015.07.22-22.59.28:711][648]LogArray:Warning: Attempted to get an item from array CallFunc_GetDataTableRowNames_OutRowNames out of bounds [5/4]!
[2015.07.22-22.59.28:711][648]LogArray:Warning: Attempted to get an item from array CallFunc_GetDataTableRowNames_OutRowNames out of bounds [6/4]!
[2015.07.22-22.59.29:408][656]LogArray:Warning: Attempted to get an item from array CallFunc_GetDataTableRowNames_OutRowNames out of bounds [5/4]!
[2015.07.22-22.59.29:408][656]LogArray:Warning: Attempted to get an item from array CallFunc_GetDataTableRowNames_OutRowNames out of bounds [6/4]!
[2015.07.22-22.59.29:945][662]LogArray:Warning: Attempted to get an item from array CallFunc_GetDataTableRowNames_OutRowNames out of bounds [5/4]!
[2015.07.22-22.59.29:945][662]LogArray:Warning: Attempted to get an item from array CallFunc_GetDataTableRowNames_OutRowNames out of bounds [6/4]!
[2015.07.22-22.59.30:489][668]LogArray:Warning: Attempted to get an item from array CallFunc_GetDataTableRowNames_OutRowNames out of bounds [5/4]!
[2015.07.22-22.59.30:489][668]LogArray:Warning: Attempted to get an item from array CallFunc_GetDataTableRowNames_OutRowNames out of bounds [6/4]!
[2015.07.22-22.59.31:115][675]LogBlueprintUserMessages: No ammo, CLICK!
[2015.07.22-22.59.32:033][686]LogArray:Warning: Attempted to get an item from array CallFunc_GetDataTableRowNames_OutRowNames out of bounds [5/4]!
[2015.07.22-22.59.32:033][686]LogArray:Warning: Attempted to get an item from array CallFunc_GetDataTableRowNames_OutRowNames out of bounds [6/4]!
[2015.07.22-22.59.32:755][694]LogArray:Warning: Attempted to get an item from array CallFunc_GetDataTableRowNames_OutRowNames out of bounds [5/4]!
[2015.07.22-22.59.32:755][694]LogArray:Warning: Attempted to get an item from array CallFunc_GetDataTableRowNames_OutRowNames out of bounds [6/4]!
[2015.07.22-22.59.38:515][761]LogParticles: Destroying 0 GPU particle simulations for FXSystem 0x000000EA910B4A40
[2015.07.22-23.00.30:095][968]LogPlayLevel: PIE:  No blueprints needed recompiling
[2015.07.22-23.00.30:096][968]PIE: New page: PIE session: Mansion (Jul 22, 2015, 1:00:30 PM)
[2015.07.22-23.00.30:096][968]LogPlayLevel: Creating play world package: /Game/Maps/UEDPIE_0_Mansion
[2015.07.22-23.00.30:241][968]LogPlayLevel: PIE: StaticDuplicateObject took: (0.145091s)
[2015.07.22-23.00.30:243][968]LogAIModule: Creating AISystem for world Mansion
[2015.07.22-23.00.30:244][968]LogPlayLevel: PIE: World Init took: (0.002371s)
[2015.07.22-23.00.30:244][968]LogPlayLevel: PIE: Created PIE world by copying editor world from /Game/Maps/Mansion.Mansion to /Game/Maps/UEDPIE_0_Mansion.Mansion (0.147959s)
[2015.07.22-23.00.30:325][968]LogInit: XAudio2 using 'Speakers (Realtek High Definition Audio)' : 2 channels at 48 kHz using 32 bits per sample (channel mask 0x3)
[2015.07.22-23.00.30:334][968]LogInit: FAudioDevice initialized.
[2015.07.22-23.00.30:337][968]LogD3D11RHI: InitD3DDevice
[2015.07.22-23.00.30:374][968]LogWorld: Game class is 'MyGame_C'
[2015.07.22-23.00.30:445][968]LogWorld: Bringing World /Game/Maps/UEDPIE_0_Mansion.Mansion up for play (max tick rate 60) at 2015.07.22-18.00.30
[2015.07.22-23.00.30:445][968]LogActor:Warning: GameSession /Game/Maps/UEDPIE_0_Mansion.Mansion:PersistentLevel.GameSession_4 has natively added scene component(s), but none of them were set as the actor's RootComponent - picking one arbitrarily
[2015.07.22-23.00.30:446][968]LogActor:Warning: GameNetworkManager /Game/Maps/UEDPIE_0_Mansion.Mansion:PersistentLevel.GameNetworkManager_4 has natively added scene component(s), but none of them were set as the actor's RootComponent - picking one arbitrarily
[2015.07.22-23.00.30:453][968]LogWorld: Bringing up level for play took: 0.077100
[2015.07.22-23.00.30:498][968]PIE: Info Play in editor start time for /Game/Maps/UEDPIE_0_Mansion 0.448
[2015.07.22-23.00.37:649][ 58]LogArray:Warning: Attempted to get an item from array CallFunc_GetDataTableRowNames_OutRowNames out of bounds [5/4]!
[2015.07.22-23.00.37:649][ 58]LogArray:Warning: Attempted to get an item from array CallFunc_GetDataTableRowNames_OutRowNames out of bounds [6/4]!
[2015.07.22-23.00.38:356][ 66]LogArray:Warning: Attempted to get an item from array CallFunc_GetDataTableRowNames_OutRowNames out of bounds [5/4]!
[2015.07.22-23.00.38:356][ 66]LogArray:Warning: Attempted to get an item from array CallFunc_GetDataTableRowNames_OutRowNames out of bounds [6/4]!
[2015.07.22-23.00.39:308][ 77]LogArray:Warning: Attempted to get an item from array CallFunc_GetDataTableRowNames_OutRowNames out of bounds [5/4]!
[2015.07.22-23.00.39:308][ 77]LogArray:Warning: Attempted to get an item from array CallFunc_GetDataTableRowNames_OutRowNames out of bounds [6/4]!
[2015.07.22-23.00.52:177][245]LogBlueprintUserMessages: No ammo, CLICK!
[2015.07.22-23.00.53:537][261]LogArray:Warning: Attempted to get an item from array CallFunc_GetDataTableRowNames_OutRowNames out of bounds [5/4]!
[2015.07.22-23.00.53:537][261]LogArray:Warning: Attempted to get an item from array CallFunc_GetDataTableRowNames_OutRowNames out of bounds [6/4]!
[2015.07.22-23.00.54:272][269]LogArray:Warning: Attempted to get an item from array CallFunc_GetDataTableRowNames_OutRowNames out of bounds [5/4]!
[2015.07.22-23.00.54:273][269]LogArray:Warning: Attempted to get an item from array CallFunc_GetDataTableRowNames_OutRowNames out of bounds [6/4]!
[2015.07.22-23.00.54:927][276]LogArray:Warning: Attempted to get an item from array CallFunc_GetDataTableRowNames_OutRowNames out of bounds [5/4]!
[2015.07.22-23.00.54:927][276]LogArray:Warning: Attempted to get an item from array CallFunc_GetDataTableRowNames_OutRowNames out of bounds [6/4]!
[2015.07.22-23.00.55:583][283]LogArray:Warning: Attempted to get an item from array CallFunc_GetDataTableRowNames_OutRowNames out of bounds [5/4]!
[2015.07.22-23.00.55:583][283]LogArray:Warning: Attempted to get an item from array CallFunc_GetDataTableRowNames_OutRowNames out of bounds [6/4]!
[2015.07.22-23.00.56:321][291]LogArray:Warning: Attempted to get an item from array CallFunc_GetDataTableRowNames_OutRowNames out of bounds [5/4]!
[2015.07.22-23.00.56:321][291]LogArray:Warning: Attempted to get an item from array CallFunc_GetDataTableRowNames_OutRowNames out of bounds [6/4]!
[2015.07.22-23.01.04:222][387]LogArray:Warning: Attempted to get an item from array CallFunc_GetDataTableRowNames_OutRowNames out of bounds [5/4]!
[2015.07.22-23.01.04:222][387]LogArray:Warning: Attempted to get an item from array CallFunc_GetDataTableRowNames_OutRowNames out of bounds [6/4]!
[2015.07.22-23.01.06:887][419]LogArray:Warning: Attempted to get an item from array CallFunc_GetDataTableRowNames_OutRowNames out of bounds [5/4]!
[2015.07.22-23.01.06:887][419]LogArray:Warning: Attempted to get an item from array CallFunc_GetDataTableRowNames_OutRowNames out of bounds [6/4]!
[2015.07.22-23.01.07:663][428]LogBlueprintUserMessages: No ammo, CLICK!
[2015.07.22-23.01.08:468][438]LogArray:Warning: Attempted to get an item from array CallFunc_GetDataTableRowNames_OutRowNames out of bounds [5/4]!
[2015.07.22-23.01.08:469][438]LogArray:Warning: Attempted to get an item from array CallFunc_GetDataTableRowNames_OutRowNames out of bounds [6/4]!
[2015.07.22-23.01.09:171][446]LogArray:Warning: Attempted to get an item from array CallFunc_GetDataTableRowNames_OutRowNames out of bounds [5/4]!
[2015.07.22-23.01.09:171][446]LogArray:Warning: Attempted to get an item from array CallFunc_GetDataTableRowNames_OutRowNames out of bounds [6/4]!
[2015.07.22-23.01.09:717][452]LogArray:Warning: Attempted to get an item from array CallFunc_GetDataTableRowNames_OutRowNames out of bounds [5/4]!
[2015.07.22-23.01.09:717][452]LogArray:Warning: Attempted to get an item from array CallFunc_GetDataTableRowNames_OutRowNames out of bounds [6/4]!
[2015.07.22-23.01.10:657][463]LogArray:Warning: Attempted to get an item from array CallFunc_GetDataTableRowNames_OutRowNames out of bounds [5/4]!
[2015.07.22-23.01.10:657][463]LogArray:Warning: Attempted to get an item from array CallFunc_GetDataTableRowNames_OutRowNames out of bounds [6/4]!
[2015.07.22-23.01.44:412][899]LogArray:Warning: Attempted to get an item from array CallFunc_GetDataTableRowNames_OutRowNames out of bounds [5/4]!
[2015.07.22-23.01.44:412][899]LogArray:Warning: Attempted to get an item from array CallFunc_GetDataTableRowNames_OutRowNames out of bounds [6/4]!
[2015.07.22-23.01.48:714][952]LogArray:Warning: Attempted to get an item from array CallFunc_GetDataTableRowNames_OutRowNames out of bounds [5/4]!
[2015.07.22-23.01.48:715][952]LogArray:Warning: Attempted to get an item from array CallFunc_GetDataTableRowNames_OutRowNames out of bounds [6/4]!
[2015.07.22-23.02.00:679][104]LogArray:Warning: Attempted to get an item from array CallFunc_GetDataTableRowNames_OutRowNames out of bounds [5/4]!
[2015.07.22-23.02.00:679][104]LogArray:Warning: Attempted to get an item from array CallFunc_GetDataTableRowNames_OutRowNames out of bounds [6/4]!
[2015.07.22-23.02.04:219][150]LogArray:Warning: Attempted to get an item from array CallFunc_GetDataTableRowNames_OutRowNames out of bounds [5/4]!
[2015.07.22-23.02.04:219][150]LogArray:Warning: Attempted to get an item from array CallFunc_GetDataTableRowNames_OutRowNames out of bounds [6/4]!
[2015.07.22-23.02.11:248][245]LogArray:Warning: Attempted to get an item from array CallFunc_GetDataTableRowNames_OutRowNames out of bounds [5/4]!
[2015.07.22-23.02.11:248][245]LogArray:Warning: Attempted to get an item from array CallFunc_GetDataTableRowNames_OutRowNames out of bounds [6/4]!
[2015.07.22-23.02.13:682][278]LogArray:Warning: Attempted to get an item from array CallFunc_GetDataTableRowNames_OutRowNames out of bounds [5/4]!
[2015.07.22-23.02.13:682][278]LogArray:Warning: Attempted to get an item from array CallFunc_GetDataTableRowNames_OutRowNames out of bounds [6/4]!
[2015.07.22-23.02.14:321][286]LogArray:Warning: Attempted to get an item from array CallFunc_GetDataTableRowNames_OutRowNames out of bounds [5/4]!
[2015.07.22-23.02.14:321][286]LogArray:Warning: Attempted to get an item from array CallFunc_GetDataTableRowNames_OutRowNames out of bounds [6/4]!
[2015.07.22-23.02.14:570][289]LogBlueprintUserMessages: No ammo, CLICK!
[2015.07.22-23.02.14:817][292]LogBlueprintUserMessages: No ammo, CLICK!
[2015.07.22-23.02.14:979][294]LogBlueprintUserMessages: No ammo, CLICK!
[2015.07.22-23.02.24:078][416]LogBlueprintUserMessages: No ammo, CLICK!
[2015.07.22-23.02.25:243][432]LogArray:Warning: Attempted to get an item from array CallFunc_GetDataTableRowNames_OutRowNames out of bounds [5/4]!
[2015.07.22-23.02.25:243][432]LogArray:Warning: Attempted to get an item from array CallFunc_GetDataTableRowNames_OutRowNames out of bounds [6/4]!
[2015.07.22-23.02.28:489][475]LogArray:Warning: Attempted to get an item from array CallFunc_GetDataTableRowNames_OutRowNames out of bounds [5/4]!
[2015.07.22-23.02.28:489][475]LogArray:Warning: Attempted to get an item from array CallFunc_GetDataTableRowNames_OutRowNames out of bounds [6/4]!
[2015.07.22-23.02.29:075][482]LogArray:Warning: Attempted to get an item from array CallFunc_GetDataTableRowNames_OutRowNames out of bounds [5/4]!
[2015.07.22-23.02.29:075][482]LogArray:Warning: Attempted to get an item from array CallFunc_GetDataTableRowNames_OutRowNames out of bounds [6/4]!
[2015.07.22-23.02.29:593][488]LogArray:Warning: Attempted to get an item from array CallFunc_GetDataTableRowNames_OutRowNames out of bounds [5/4]!
[2015.07.22-23.02.29:593][488]LogArray:Warning: Attempted to get an item from array CallFunc_GetDataTableRowNames_OutRowNames out of bounds [6/4]!
[2015.07.22-23.02.42:908][662]LogParticles: Destroying 0 GPU particle simulations for FXSystem 0x000000EA99330AE0
[2015.07.22-23.03.25:560][440]LogD3D11RHI: InitD3DDevice
[2015.07.22-23.04.18:856][945]LogEditorViewport: Clicking on Actor (LMB): StaticMeshActor (Floor57)
[2015.07.22-23.05.07:472][106]Cmd: DELETE
[2015.07.22-23.05.07:472][106]Cmd: ACTOR DELETE
[2015.07.22-23.05.07:481][106]LogEditorActor: Deleted Actor: StaticMeshActor
[2015.07.22-23.05.07:501][106]LogActorComponent: UnregisterComponent: (/Engine/Transient.CharMoveComp) Not registered. Aborting.
[2015.07.22-23.05.07:581][106]LogEditorActor: Deleted 1 Actors (0.109 secs)
[2015.07.22-23.05.12:524][248]LogD3D11RHI: InitD3DDevice
[2015.07.22-23.05.14:427][295]Cmd: BRUSH ADD SELECTNEWBRUSH
[2015.07.22-23.07.14:561][426]LogD3D11RHI: InitD3DDevice
[2015.07.22-23.07.16:374][467]Cmd: BRUSH SUBTRACT SELECTNEWBRUSH
[2015.07.22-23.08.29:611][339]LogD3D11RHI: InitD3DDevice
[2015.07.22-23.08.30:569][339]LogD3D11RHI: InitD3DDevice
[2015.07.22-23.08.30:725][339]Cmd: OBJ SAVEPACKAGE PACKAGE="/Game/Maps/Mansion" FILE="../../../../../../Users/Christian/Documents/Unreal Projects/TheForsakens 4.8/Content/Maps/Mansion.umap" SILENT=true AUTOSAVING=false KEEPDIRTY=false
[2015.07.22-23.08.34:642][339]LogSavePackage: Save=2790.974854ms
[2015.07.22-23.08.34:643][339]LogSavePackage: Moving '../../../../../../Users/Christian/Documents/Unreal Projects/TheForsakens 4.8/Saved/Mansion48783BFA4F48B69227F326B3243EF6E9.tmp' to '../../../../../../Users/Christian/Documents/Unreal Projects/TheForsakens 4.8/Content/Maps/Mansion.umap'
[2015.07.22-23.08.34:952][339]LogFileHelpers: Saving map 'Mansion' took 4.344
[2015.07.22-23.09.38:659][395]LogPlayLevel: PIE:  No blueprints needed recompiling
[2015.07.22-23.09.38:659][395]PIE: New page: PIE session: Mansion (Jul 22, 2015, 1:09:38 PM)
[2015.07.22-23.09.38:660][395]LogPlayLevel: Creating play world package: /Game/Maps/UEDPIE_0_Mansion
[2015.07.22-23.09.38:810][395]LogPlayLevel: PIE: StaticDuplicateObject took: (0.149488s)
[2015.07.22-23.09.38:811][395]LogAIModule: Creating AISystem for world Mansion
[2015.07.22-23.09.38:812][395]LogPlayLevel: PIE: World Init took: (0.002023s)
[2015.07.22-23.09.38:812][395]LogPlayLevel: PIE: Created PIE world by copying editor world from /Game/Maps/Mansion.Mansion to /Game/Maps/UEDPIE_0_Mansion.Mansion (0.151954s)
[2015.07.22-23.09.38:947][395]LogInit: XAudio2 using 'Speakers (Realtek High Definition Audio)' : 2 channels at 48 kHz using 32 bits per sample (channel mask 0x3)
[2015.07.22-23.09.38:956][395]LogInit: FAudioDevice initialized.
[2015.07.22-23.09.38:958][395]LogD3D11RHI: InitD3DDevice
[2015.07.22-23.09.38:997][395]LogWorld: Game class is 'MyGame_C'
[2015.07.22-23.09.39:079][395]LogWorld: Bringing World /Game/Maps/UEDPIE_0_Mansion.Mansion up for play (max tick rate 0) at 2015.07.22-18.09.39
[2015.07.22-23.09.39:079][395]LogActor:Warning: GameSession /Game/Maps/UEDPIE_0_Mansion.Mansion:PersistentLevel.GameSession_5 has natively added scene component(s), but none of them were set as the actor's RootComponent - picking one arbitrarily
[2015.07.22-23.09.39:080][395]LogActor:Warning: GameNetworkManager /Game/Maps/UEDPIE_0_Mansion.Mansion:PersistentLevel.GameNetworkManager_5 has natively added scene component(s), but none of them were set as the actor's RootComponent - picking one arbitrarily
[2015.07.22-23.09.39:089][395]LogWorld: Bringing up level for play took: 0.088617
[2015.07.22-23.09.39:133][395]PIE: Info Play in editor start time for /Game/Maps/UEDPIE_0_Mansion 1.082
[2015.07.22-23.09.59:510][657]LogArray:Warning: Attempted to get an item from array CallFunc_GetDataTableRowNames_OutRowNames out of bounds [5/4]!
[2015.07.22-23.09.59:510][657]LogArray:Warning: Attempted to get an item from array CallFunc_GetDataTableRowNames_OutRowNames out of bounds [6/4]!
[2015.07.22-23.10.14:547][876]LogScript:Warning: Divide by zero: Divide_FloatFloat
[2015.07.22-23.10.14:577][877]LogArray:Warning: Attempted to get an item from array CallFunc_GetDataTableRowNames_OutRowNames out of bounds [5/4]!
[2015.07.22-23.10.14:577][877]LogArray:Warning: Attempted to get an item from array CallFunc_GetDataTableRowNames_OutRowNames out of bounds [6/4]!
[2015.07.22-23.10.15:152][885]LogScript:Warning: Divide by zero: Divide_FloatFloat
[2015.07.22-23.10.15:201][886]LogScript:Warning: Divide by zero: Divide_FloatFloat
[2015.07.22-23.10.15:261][887]LogArray:Warning: Attempted to get an item from array CallFunc_GetDataTableRowNames_OutRowNames out of bounds [5/4]!
[2015.07.22-23.10.15:261][887]LogArray:Warning: Attempted to get an item from array CallFunc_GetDataTableRowNames_OutRowNames out of bounds [6/4]!
[2015.07.22-23.10.15:335][888]LogBlueprintUserMessages: No ammo, CLICK!
[2015.07.22-23.10.15:650][892]LogBlueprintUserMessages: No ammo, CLICK!
[2015.07.22-23.10.15:851][895]LogBlueprintUserMessages: No ammo, CLICK!
[2015.07.22-23.10.15:961][897]LogBlueprintUserMessages: No ammo, CLICK!
[2015.07.22-23.10.16:042][898]LogBlueprintUserMessages: No ammo, CLICK!
[2015.07.22-23.10.16:141][900]LogBlueprintUserMessages: No ammo, CLICK!
[2015.07.22-23.10.16:599][904]LogParticles: Destroying 0 GPU particle simulations for FXSystem 0x000000EACF9A9E40
[2015.07.22-23.10.22:408][ 30]LogD3D11RHI: InitD3DDevice
[2015.07.22-23.10.23:371][ 30]LogD3D11RHI: InitD3DDevice
[2015.07.22-23.10.23:487][ 30]Cmd: OBJ SAVEPACKAGE PACKAGE="/Game/Maps/Mansion" FILE="../../../../../../Users/Christian/Documents/Unreal Projects/TheForsakens 4.8/Content/Maps/Mansion.umap" SILENT=true AUTOSAVING=false KEEPDIRTY=false
[2015.07.22-23.10.25:951][ 30]LogSavePackage: Save=2348.849854ms
[2015.07.22-23.10.25:951][ 30]LogSavePackage: Moving '../../../../../../Users/Christian/Documents/Unreal Projects/TheForsakens 4.8/Saved/MansionB9F86C8D4025147FA1C063A6279DF51D.tmp' to '../../../../../../Users/Christian/Documents/Unreal Projects/TheForsakens 4.8/Content/Maps/Mansion.umap'
[2015.07.22-23.10.26:056][ 30]LogFileHelpers: Saving map 'Mansion' took 2.667
[2015.07.22-23.10.27:754][ 69]LogWindowsTextInputMethodSystem:Display: IME system now deactivated.
[2015.07.22-23.10.28:621][ 70]Cmd: QUIT_EDITOR
[2015.07.22-23.10.30:114][ 70]LogExit: Preparing to exit.
[2015.07.22-23.10.31:582][ 70]LogExit: Editor shut down
[2015.07.22-23.10.31:582][ 70]LogExit: Transaction tracking system shut down
[2015.07.22-23.10.31:583][ 70]LogParticles: Destroying 0 GPU particle simulations for FXSystem 0x000000EA917CD940
[2015.07.22-23.10.31:584][ 70]LogParticles: Destroying 0 GPU particle simulations for FXSystem 0x000000EAFE64D4E0
[2015.07.22-23.10.31:584][ 70]LogParticles: Destroying 0 GPU particle simulations for FXSystem 0x000000EAE8288FE0
[2015.07.22-23.10.31:604][ 70]LogParticles: Destroying 0 GPU particle simulations for FXSystem 0x000000EA82CB4AE0
[2015.07.22-23.10.31:605][ 70]LogParticles: Destroying 0 GPU particle simulations for FXSystem 0x000000EAFE4559E0
[2015.07.22-23.10.31:606][ 70]LogParticles: Destroying 0 GPU particle simulations for FXSystem 0x000000EA91718D60
[2015.07.22-23.10.33:027][ 70]LogExit: Object subsystem successfully closed.
[2015.07.22-23.10.33:298][ 70]LogD3D11RHI: Shutdown
[2015.07.22-23.10.33:309][ 70]LogD3D11RHI: CleanupD3DDevice
[2015.07.22-23.10.33:575][ 70]LogD3D11RHI: ~FD3D11DynamicRHI
[2015.07.22-23.10.34:190][ 70]LogModuleManager: Shutting down and abandoning module CrashTracker (188)
[2015.07.22-23.10.34:190][ 70]LogModuleManager: Shutting down and abandoning module SceneOutliner (187)
[2015.07.22-23.10.34:190][ 70]LogModuleManager: Shutting down and abandoning module SuperSearch (186)
[2015.07.22-23.10.34:190][ 70]LogModuleManager: Shutting down and abandoning module WidgetCarousel (185)
[2015.07.22-23.10.34:211][ 70]LogModuleManager: Shutting down and abandoning module AddContentDialog (184)
[2015.07.22-23.10.34:222][ 70]LogModuleManager: Shutting down and abandoning module EditorWidgets (183)
[2015.07.22-23.10.34:222][ 70]LogModuleManager: Shutting down and abandoning module CollectionManager (182)
[2015.07.22-23.10.34:234][ 70]LogModuleManager: Shutting down and abandoning module StatsViewer (181)
[2015.07.22-23.10.34:248][ 70]LogModuleManager: Shutting down and abandoning module FoliageEdit (180)
[2015.07.22-23.10.34:252][ 70]LogModuleManager: Shutting down and abandoning module LandscapeEditor (179)
[2015.07.22-23.10.34:269][ 70]LogModuleManager: Shutting down and abandoning module ActorPickerMode (178)
[2015.07.22-23.10.34:269][ 70]LogModuleManager: Shutting down and abandoning module GeometryMode (177)
[2015.07.22-23.10.34:269][ 70]LogModuleManager: Shutting down and abandoning module TextureAlignMode (176)
[2015.07.22-23.10.34:269][ 70]LogModuleManager: Shutting down and abandoning module BspMode (175)
[2015.07.22-23.10.34:270][ 70]LogModuleManager: Shutting down and abandoning module PlacementMode (174)
[2015.07.22-23.10.34:281][ 70]LogModuleManager: Shutting down and abandoning module AutomationWorker (173)
[2015.07.22-23.10.34:281][ 70]LogModuleManager: Shutting down and abandoning module CharacterAI (172)
[2015.07.22-23.10.34:281][ 70]LogModuleManager: Shutting down and abandoning module SmartSnapping (171)
[2015.07.22-23.10.34:281][ 70]LogModuleManager: Shutting down and abandoning module ViewportSnapping (170)
[2015.07.22-23.10.34:281][ 70]LogModuleManager: Shutting down and abandoning module LogVisualizer (169)
[2015.07.22-23.10.34:317][ 70]LogModuleManager: Shutting down and abandoning module GameProjectGeneration (168)
[2015.07.22-23.10.34:346][ 70]LogModuleManager: Shutting down and abandoning module IntroTutorials (167)
[2015.07.22-23.10.34:373][ 70]LogModuleManager: Shutting down and abandoning module EditorLiveStreaming (166)
[2015.07.22-23.10.34:373][ 70]LogModuleManager: Shutting down and abandoning module IOSPlatformEditor (165)
[2015.07.22-23.10.34:390][ 70]LogModuleManager: Shutting down and abandoning module HTML5PlatformEditor (164)
[2015.07.22-23.10.34:390][ 70]LogModuleManager: Shutting down and abandoning module AndroidDeviceDetection (163)
[2015.07.22-23.10.34:962][ 70]LogModuleManager: Shutting down and abandoning module AndroidPlatformEditor (162)
[2015.07.22-23.10.34:962][ 70]LogModuleManager: Shutting down and abandoning module IOSRuntimeSettings (161)
[2015.07.22-23.10.34:962][ 70]LogModuleManager: Shutting down and abandoning module AndroidRuntimeSettings (160)
[2015.07.22-23.10.34:962][ 70]LogModuleManager: Shutting down and abandoning module MergeActors (159)
[2015.07.22-23.10.35:000][ 70]LogModuleManager: Shutting down and abandoning module SizeMap (158)
[2015.07.22-23.10.35:000][ 70]LogModuleManager: Shutting down and abandoning module TreeMap (157)
[2015.07.22-23.10.35:026][ 70]LogModuleManager: Shutting down and abandoning module ReferenceViewer (156)
[2015.07.22-23.10.35:026][ 70]LogModuleManager: Shutting down and abandoning module LocalizationDashboard (155)
[2015.07.22-23.10.35:042][ 70]LogModuleManager: Shutting down and abandoning module HardwareTargeting (154)
[2015.07.22-23.10.35:042][ 70]LogModuleManager: Shutting down and abandoning module DeviceProfileEditor (153)
[2015.07.22-23.10.35:061][ 70]LogModuleManager: Shutting down and abandoning module UndoHistory (152)
[2015.07.22-23.10.35:077][ 70]LogModuleManager: Shutting down and abandoning module GameplayTagsEditor (151)
[2015.07.22-23.10.35:096][ 70]LogModuleManager: Shutting down and abandoning module UserFeedback (150)
[2015.07.22-23.10.35:096][ 70]LogModuleManager: Shutting down and abandoning module XmlParser (149)
[2015.07.22-23.10.35:114][ 70]LogModuleManager: Shutting down and abandoning module Blutility (148)
[2015.07.22-23.10.35:114][ 70]LogModuleManager: Shutting down and abandoning module ProjectTargetPlatformEditor (147)
[2015.07.22-23.10.35:114][ 70]LogModuleManager: Shutting down and abandoning module ProjectSettingsViewer (146)
[2015.07.22-23.10.35:114][ 70]LogModuleManager: Shutting down and abandoning module InputBindingEditor (145)
[2015.07.22-23.10.35:133][ 70]LogModuleManager: Shutting down and abandoning module EditorSettingsViewer (144)
[2015.07.22-23.10.35:133][ 70]LogModuleManager: Shutting down and abandoning module SettingsEditor (143)
[2015.07.22-23.10.35:145][ 70]LogModuleManager: Shutting down and abandoning module ProjectLauncher (142)
[2015.07.22-23.10.35:153][ 70]LogModuleManager: Shutting down and abandoning module SessionFrontend (141)
[2015.07.22-23.10.35:164][ 70]LogModuleManager: Shutting down and abandoning module ProfilerClient (140)
[2015.07.22-23.10.35:168][ 70]LogModuleManager: Shutting down and abandoning module TargetDeviceServices (139)
[2015.07.22-23.10.35:168][ 70]LogModuleManager: Shutting down and abandoning module DeviceManager (138)
[2015.07.22-23.10.35:179][ 70]LogModuleManager: Shutting down and abandoning module AutomationController (137)
[2015.07.22-23.10.35:196][ 70]LogModuleManager: Shutting down and abandoning module AutomationWindow (136)
[2015.07.22-23.10.35:209][ 70]LogModuleManager: Shutting down and abandoning module Layers (135)
[2015.07.22-23.10.35:234][ 70]LogModuleManager: Shutting down and abandoning module ComponentVisualizers (134)
[2015.07.22-23.10.35:234][ 70]LogModuleManager: Shutting down and abandoning module DetailCustomizations (133)
[2015.07.22-23.10.35:234][ 70]LogModuleManager: Shutting down and abandoning module PackagesDialog (132)
[2015.07.22-23.10.35:234][ 70]LogModuleManager: Shutting down and abandoning module AssetRegistry (131)
[2015.07.22-23.10.35:447][ 70]LogModuleManager: Shutting down and abandoning module Persona (130)
[2015.07.22-23.10.35:477][ 70]LogModuleManager: Shutting down and abandoning module Kismet (129)
[2015.07.22-23.10.35:488][ 70]LogModuleManager: Shutting down and abandoning module GraphEditor (128)
[2015.07.22-23.10.35:535][ 70]LogModuleManager: Shutting down and abandoning module ClassViewer (127)
[2015.07.22-23.10.35:547][ 70]LogModuleManager: Shutting down and abandoning module Toolbox (126)
[2015.07.22-23.10.35:547][ 70]LogModuleManager: Shutting down and abandoning module ModuleUI (125)
[2015.07.22-23.10.35:553][ 70]LogModuleManager: Shutting down and abandoning module MovieSceneTools (124)
[2015.07.22-23.10.35:578][ 70]LogModuleManager: Shutting down and abandoning module OutputLog (123)
[2015.07.22-23.10.35:578][ 70]LogModuleManager: Shutting down and abandoning module GammaUI (122)
[2015.07.22-23.10.35:596][ 70]LogModuleManager: Shutting down and abandoning module Documentation (121)
[2015.07.22-23.10.35:596][ 70]LogModuleManager: Shutting down and abandoning module GameLiveStreaming (120)
[2015.07.22-23.10.35:614][ 70]LogModuleManager: Shutting down and abandoning module StreamingPauseRendering (119)
[2015.07.22-23.10.35:614][ 70]LogModuleManager: Shutting down and abandoning module AnalyticsET (118)
[2015.07.22-23.10.35:614][ 70]LogModuleManager: Shutting down and abandoning module Analytics (117)
[2015.07.22-23.10.35:614][ 70]LogModuleManager: Shutting down and abandoning module AITestSuite (116)
[2015.07.22-23.10.35:620][ 70]LogModuleManager: Shutting down and abandoning module GameplayDebugger (115)
[2015.07.22-23.10.35:620][ 70]LogModuleManager: Shutting down and abandoning module AIModule (114)
[2015.07.22-23.10.35:620][ 70]LogModuleManager: Shutting down and abandoning module ProfilerService (113)
[2015.07.22-23.10.35:824][ 70]LogModuleManager: Shutting down and abandoning module TaskGraph (112)
[2015.07.22-23.10.35:837][ 70]LogModuleManager: Shutting down and abandoning module SlateRemote (111)
[2015.07.22-23.10.35:837][ 70]LogModuleManager: Shutting down and abandoning module SteamVRController (110)
[2015.07.22-23.10.35:837][ 70]LogModuleManager: Shutting down and abandoning module SteamVR (109)
[2015.07.22-23.10.35:837][ 70]LogModuleManager: Shutting down and abandoning module ProceduralMeshComponent (108)
[2015.07.22-23.10.35:837][ 70]LogModuleManager: Shutting down and abandoning module OculusRift (107)
[2015.07.22-23.10.35:837][ 70]LogModuleManager: Shutting down and abandoning module LeapMotionController (106)
[2015.07.22-23.10.35:913][ 70]LogModuleManager: Shutting down and abandoning module CustomMeshComponent (105)
[2015.07.22-23.10.35:913][ 70]LogModuleManager: Shutting down and abandoning module CableComponent (104)
[2015.07.22-23.10.35:926][ 70]LogModuleManager: Shutting down and abandoning module MessagingDebugger (103)
[2015.07.22-23.10.35:962][ 70]LogModuleManager: Shutting down and abandoning module MediaPlayerEditor (102)
[2015.07.22-23.10.35:984][ 70]LogModuleManager: Shutting down and abandoning module SpeedTreeImporter (101)
[2015.07.22-23.10.35:984][ 70]LogModuleManager: Shutting down and abandoning module PluginBrowser (100)
[2015.07.22-23.10.35:998][ 70]LogModuleManager: Shutting down and abandoning module EpicSurvey (99)
[2015.07.22-23.10.36:008][ 70]LogModuleManager: Shutting down and abandoning module DesktopPlatform (98)
[2015.07.22-23.10.36:032][ 70]LogModuleManager: Shutting down and abandoning module VisualStudioSourceCodeAccess (97)
[2015.07.22-23.10.36:040][ 70]LogModuleManager: Shutting down and abandoning module UObjectPlugin (96)
[2015.07.22-23.10.36:040][ 70]LogModuleManager: Shutting down and abandoning module SubversionSourceControl (95)
[2015.07.22-23.10.36:055][ 70]LogModuleManager: Shutting down and abandoning module PerforceSourceControl (94)
[2015.07.22-23.10.36:069][ 70]LogModuleManager: Shutting down and abandoning module SourceControl (93)
[2015.07.22-23.10.36:082][ 70]LogModuleManager: Shutting down and abandoning module GitSourceControl (92)
[2015.07.22-23.10.36:100][ 70]LogModuleManager: Shutting down and abandoning module BlankPlugin (91)
[2015.07.22-23.10.36:100][ 70]LogModuleManager: Shutting down and abandoning module PaperTiledImporter (90)
[2015.07.22-23.10.36:100][ 70]LogModuleManager: Shutting down and abandoning module PaperSpriteSheetImporter (89)
[2015.07.22-23.10.36:100][ 70]LogModuleManager: Shutting down and abandoning module MeshPaint (88)
[2015.07.22-23.10.36:112][ 70]LogModuleManager: Shutting down and abandoning module SlateReflector (87)
[2015.07.22-23.10.36:135][ 70]LogModuleManager: Shutting down and abandoning module DirectoryWatcher (86)
[2015.07.22-23.10.36:137][ 70]LogModuleManager: Shutting down and abandoning module HotReload (85)
[2015.07.22-23.10.36:138][ 70]LogModuleManager: Shutting down and abandoning module MainFrame (84)
[2015.07.22-23.10.36:138][ 70]LogModuleManager: Shutting down and abandoning module LevelEditor (83)
[2015.07.22-23.10.36:171][ 70]LogModuleManager: Shutting down and abandoning module ContentBrowser (82)
[2015.07.22-23.10.36:172][ 70]LogModuleManager: Shutting down and abandoning module Paper2DEditor (81)
[2015.07.22-23.10.36:196][ 70]LogModuleManager: Shutting down and abandoning module UdpMessaging (80)
[2015.07.22-23.10.36:297][ 70]LogModuleManager: Shutting down and abandoning module Paper2D (79)
[2015.07.22-23.10.36:303][ 70]LogModuleManager: Shutting down and abandoning module WindowsMoviePlayer (78)
[2015.07.22-23.10.36:323][ 70]LogModuleManager: Shutting down and abandoning module Media (77)
[2015.07.22-23.10.36:323][ 70]LogModuleManager: Shutting down and abandoning module WmfMedia (76)
[2015.07.22-23.10.36:338][ 70]LogModuleManager: Shutting down and abandoning module OnlineBlueprintSupport (75)
[2015.07.22-23.10.36:338][ 70]LogModuleManager: Shutting down and abandoning module PropertyEditor (74)
[2015.07.22-23.10.36:338][ 70]LogModuleManager: Shutting down and abandoning module BehaviorTreeEditor (73)
[2015.07.22-23.10.36:363][ 70]LogModuleManager: Shutting down and abandoning module FunctionalTesting (72)
[2015.07.22-23.10.36:376][ 70]LogModuleManager: Shutting down and abandoning module CollisionAnalyzer (71)
[2015.07.22-23.10.36:382][ 70]LogModuleManager: Shutting down and abandoning module WorkspaceMenuStructure (70)
[2015.07.22-23.10.36:382][ 70]LogModuleManager: Shutting down and abandoning module MessageLog (69)
[2015.07.22-23.10.36:382][ 70]LogModuleManager: Shutting down and abandoning module Sequencer (68)
[2015.07.22-23.10.36:404][ 70]LogModuleManager: Shutting down and abandoning module AssetTools (67)
[2015.07.22-23.10.36:420][ 70]LogModuleManager: Shutting down and abandoning module UMGEditor (66)
[2015.07.22-23.10.36:437][ 70]LogModuleManager: Shutting down and abandoning module UMG (65)
[2015.07.22-23.10.36:445][ 70]LogModuleManager: Shutting down and abandoning module Slate (64)
[2015.07.22-23.10.36:445][ 70]LogModuleManager: Shutting down and abandoning module EditorStyle (63)
[2015.07.22-23.10.36:450][ 70]LogModuleManager: Shutting down and abandoning module SessionServices (62)
[2015.07.22-23.10.36:450][ 70]LogModuleManager: Shutting down and abandoning module SourceCodeAccess (61)
[2015.07.22-23.10.36:450][ 70]LogModuleManager: Shutting down and abandoning module HeadMountedDisplay (60)
[2015.07.22-23.10.36:450][ 70]LogModuleManager: Shutting down and abandoning module XAudio2 (59)
[2015.07.22-23.10.36:450][ 70]LogModuleManager: Shutting down and abandoning module Networking (57)
[2015.07.22-23.10.36:450][ 70]LogModuleManager: Shutting down and abandoning module Core (56)
[2015.07.22-23.10.36:450][ 70]LogModuleManager: Shutting down and abandoning module KismetCompiler (55)
[2015.07.22-23.10.36:450][ 70]LogModuleManager: Shutting down and abandoning module PhysXFormats (54)
[2015.07.22-23.10.36:450][ 70]LogModuleManager: Shutting down and abandoning module MeshUtilities (53)
[2015.07.22-23.10.36:459][ 70]LogModuleManager: Shutting down and abandoning module DerivedDataCache (52)
[2015.07.22-23.10.36:505][ 70]LogDerivedDataCache: Shutdown
[2015.07.22-23.10.36:505][ 70]LogModuleManager: Shutting down and abandoning module ShaderFormatOpenGL (51)
[2015.07.22-23.10.36:522][ 70]LogModuleManager: Shutting down and abandoning module ShaderFormatD3D (50)
[2015.07.22-23.10.36:529][ 70]LogModuleManager: Shutting down and abandoning module MetalShaderFormat (49)
[2015.07.22-23.10.36:540][ 70]LogModuleManager: Shutting down and abandoning module TextureFormatUncompressed (48)
[2015.07.22-23.10.36:541][ 70]LogModuleManager: Shutting down and abandoning module TextureFormatPVR (47)
[2015.07.22-23.10.36:567][ 70]LogModuleManager: Shutting down and abandoning module TextureFormatIntelISPCTexComp (46)
[2015.07.22-23.10.36:575][ 70]LogModuleManager: Shutting down and abandoning module TextureFormatDXT (45)
[2015.07.22-23.10.36:585][ 70]LogModuleManager: Shutting down and abandoning module ImageWrapper (44)
[2015.07.22-23.10.36:585][ 70]LogModuleManager: Shutting down and abandoning module TextureFormatASTC (43)
[2015.07.22-23.10.36:585][ 70]LogModuleManager: Shutting down and abandoning module TextureFormatAndroid (42)
[2015.07.22-23.10.36:585][ 70]LogModuleManager: Shutting down and abandoning module AudioFormatOpus (41)
[2015.07.22-23.10.36:601][ 70]LogModuleManager: Shutting down and abandoning module AudioFormatOgg (40)
[2015.07.22-23.10.36:607][ 70]LogModuleManager: Shutting down and abandoning module AudioFormatADPCM (39)
[2015.07.22-23.10.36:607][ 70]LogModuleManager: Shutting down and abandoning module LinuxTargetPlatform (38)
[2015.07.22-23.10.36:607][ 70]LogModuleManager: Shutting down and abandoning module LinuxServerTargetPlatform (37)
[2015.07.22-23.10.36:616][ 70]LogModuleManager: Shutting down and abandoning module LinuxNoEditorTargetPlatform (36)
[2015.07.22-23.10.36:629][ 70]LogModuleManager: Shutting down and abandoning module Messaging (35)
[2015.07.22-23.10.36:629][ 70]LogModuleManager: Shutting down and abandoning module IOSTargetPlatform (34)
[2015.07.22-23.10.36:629][ 70]LogModuleManager: Shutting down and abandoning module HTML5TargetPlatform (33)
[2015.07.22-23.10.36:629][ 70]LogModuleManager: Shutting down and abandoning module Android_PVRTCTargetPlatform (32)
[2015.07.22-23.10.36:629][ 70]LogModuleManager: Shutting down and abandoning module Android_ETC2TargetPlatform (31)
[2015.07.22-23.10.36:629][ 70]LogModuleManager: Shutting down and abandoning module Android_ETC1TargetPlatform (30)
[2015.07.22-23.10.36:629][ 70]LogModuleManager: Shutting down and abandoning module Android_DXTTargetPlatform (29)
[2015.07.22-23.10.36:629][ 70]LogModuleManager: Shutting down and abandoning module Android_ATCTargetPlatform (28)
[2015.07.22-23.10.36:629][ 70]LogModuleManager: Shutting down and abandoning module Android_ASTCTargetPlatform (27)
[2015.07.22-23.10.36:629][ 70]LogModuleManager: Shutting down and abandoning module AndroidTargetPlatform (26)
[2015.07.22-23.10.36:629][ 70]LogModuleManager: Shutting down and abandoning module WindowsTargetPlatform (25)
[2015.07.22-23.10.36:629][ 70]LogModuleManager: Shutting down and abandoning module WindowsServerTargetPlatform (24)
[2015.07.22-23.10.36:629][ 70]LogModuleManager: Shutting down and abandoning module WindowsNoEditorTargetPlatform (23)
[2015.07.22-23.10.36:629][ 70]LogModuleManager: Shutting down and abandoning module WindowsClientTargetPlatform (22)
[2015.07.22-23.10.36:629][ 70]LogModuleManager: Shutting down and abandoning module DesktopTargetPlatform (21)
[2015.07.22-23.10.36:629][ 70]LogModuleManager: Shutting down and abandoning module TargetPlatform (20)
[2015.07.22-23.10.36:629][ 70]LogModuleManager: Shutting down and abandoning module InputCore (19)
[2015.07.22-23.10.36:629][ 70]LogModuleManager: Shutting down and abandoning module Settings (18)
[2015.07.22-23.10.36:630][ 70]LogModuleManager: Shutting down and abandoning module OnlineSubsystem (16)
[2015.07.22-23.10.36:630][ 70]LogModuleManager: Shutting down and abandoning module HTTP (15)
[2015.07.22-23.10.36:630][ 70]LogModuleManager: Shutting down and abandoning module ExampleDeviceProfileSelector (14)
[2015.07.22-23.10.36:630][ 70]LogModuleManager: Shutting down and abandoning module TextureCompressor (13)
[2015.07.22-23.10.36:645][ 70]LogModuleManager: Shutting down and abandoning module ShaderCore (12)
[2015.07.22-23.10.36:645][ 70]LogModuleManager: Shutting down and abandoning module Landscape (11)
[2015.07.22-23.10.36:645][ 70]LogModuleManager: Shutting down and abandoning module SlateRHIRenderer (10)
[2015.07.22-23.10.36:675][ 70]LogModuleManager: Shutting down and abandoning module OpenGLDrv (9)
[2015.07.22-23.10.36:689][ 70]LogModuleManager: Shutting down and abandoning module D3D11RHI (8)
[2015.07.22-23.10.36:689][ 70]LogModuleManager: Shutting down and abandoning module Renderer (7)
[2015.07.22-23.10.36:690][ 70]LogModuleManager: Shutting down and abandoning module Engine (6)
[2015.07.22-23.10.36:690][ 70]LogModuleManager: Shutting down and abandoning module CoreUObject (5)
[2015.07.22-23.10.36:690][ 70]LogModuleManager: Shutting down and abandoning module NetworkFile (4)
[2015.07.22-23.10.36:698][ 70]LogModuleManager: Shutting down and abandoning module StreamingFile (3)
[2015.07.22-23.10.36:710][ 70]LogModuleManager: Shutting down and abandoning module SandboxFile (2)
[2015.07.22-23.10.36:717][ 70]LogModuleManager: Shutting down and abandoning module PakFile (1)
[2015.07.22-23.10.36:735][ 70]LogExit: Exiting.
[2015.07.22-23.10.36:740][ 70]Log file closed, 07/22/15 18:10:36
