[2015.07.25-14.19.02:450][  0]Log file open, 07/25/15 09:19:02
[2015.07.25-14.19.02:450][  0]LogInit:Display: Running engine for game: TheForsakens
[2015.07.25-14.19.02:450][  0]LogInit:Display: RandInit(-1190765853) SRandInit(-1190765852).
[2015.07.25-14.19.02:450][  0]LogTaskGraph: Started task graph with 4 named threads and 5 total threads.
[2015.07.25-14.19.02:450][  0]LogStats: Stats thread started
[2015.07.25-14.19.02:450][  0]LogInit: Version: 4.8.2-2614606+++depot+UE4-Releases+4.8
[2015.07.25-14.19.02:450][  0]LogInit: API Version: 2579680
[2015.07.25-14.19.02:450][  0]LogInit: Compiled (64-bit): Jul  8 2015 23:43:41
[2015.07.25-14.19.02:450][  0]LogInit: Compiled with Visual C++: 18.00.21005.01
[2015.07.25-14.19.02:450][  0]LogInit: Build Configuration: Development
[2015.07.25-14.19.02:450][  0]LogInit: Branch Name: ++depot+UE4-Releases+4.8
[2015.07.25-14.19.02:450][  0]LogInit: Command line:  
[2015.07.25-14.19.02:450][  0]LogInit: Base directory: C:/Program Files/Epic Games/4.8/Engine/Binaries/Win64/
[2015.07.25-14.19.02:450][  0]LogInit: Rocket: 1
[2015.07.25-14.19.02:487][  0]LogInit: Using libcurl 7.41.0
[2015.07.25-14.19.02:487][  0]LogInit:  - built for x86_64-pc-win32
[2015.07.25-14.19.02:487][  0]LogInit:  - supports SSL with WinSSL
[2015.07.25-14.19.02:487][  0]LogInit:  - other features:
[2015.07.25-14.19.02:487][  0]LogInit:      CURL_VERSION_SSL
[2015.07.25-14.19.02:487][  0]LogInit:      CURL_VERSION_IPV6
[2015.07.25-14.19.02:487][  0]LogInit:      CURL_VERSION_ASYNCHDNS
[2015.07.25-14.19.02:487][  0]LogInit:      CURL_VERSION_LARGEFILE
[2015.07.25-14.19.02:487][  0]LogInit:      CURL_VERSION_IDN
[2015.07.25-14.19.02:487][  0]LogInit:  CurlRequestOptions (configurable via config and command line):
[2015.07.25-14.19.02:487][  0]LogInit:  - bVerifyPeer = true  - Libcurl will verify peer certificate
[2015.07.25-14.19.02:487][  0]LogInit:  - bUseHttpProxy = false  - Libcurl will NOT use HTTP proxy
[2015.07.25-14.19.02:487][  0]LogInit:  - bDontReuseConnections = false  - Libcurl will reuse connections
[2015.07.25-14.19.02:487][  0]LogInit:  - CertBundlePath = nullptr  - Libcurl will use whatever was configured at build time.
[2015.07.25-14.19.02:515][  0]LogOnline:Warning: No default platform service specified for OnlineSubsystem
[2015.07.25-14.19.02:540][  0]LogInit: Presizing for 0 objects not considered by GC, pre-allocating 0 bytes.
[2015.07.25-14.19.02:553][  0]LogInit: Object subsystem initialized
[2015.07.25-14.19.02:555][  0]LogConsoleResponse:Warning: Skipping Unknown console variable: 'TranslucentSortAxis = (X=0.000000,Y=-1.000000,Z=0.000000)'
[2015.07.25-14.19.02:556][  0]LogConsoleResponse:Warning:   Found in ini file 'C:/Users/Christian/Documents/Unreal Projects/TheForsakens 4.8/Saved/Config/Windows/Engine.ini', in section '[/Script/Engine.RendererSettings]'
[2015.07.25-14.19.02:557][  0]LogConsoleResponse:Warning: Skipping Unknown console variable: 'UIScaleRule = ShortestSide'
[2015.07.25-14.19.02:557][  0]LogConsoleResponse:Warning:   Found in ini file 'C:/Users/Christian/Documents/Unreal Projects/TheForsakens 4.8/Saved/Config/Windows/Engine.ini', in section '[/Script/Engine.RendererSettings]'
[2015.07.25-14.19.02:557][  0]LogConsoleResponse:Warning: Skipping Unknown console variable: 'UIScaleCurve = (EditorCurveData=(Keys=),ExternalCurve=None)'
[2015.07.25-14.19.02:557][  0]LogConsoleResponse:Warning:   Found in ini file 'C:/Users/Christian/Documents/Unreal Projects/TheForsakens 4.8/Saved/Config/Windows/Engine.ini', in section '[/Script/Engine.RendererSettings]'
[2015.07.25-14.19.02:558][  0]LogInit: Selected Device Profile: [Windows]
[2015.07.25-14.19.02:558][  0]LogInit: Applying CVar settings loaded from the selected device profile: [Windows]
[2015.07.25-14.19.02:569][  0]LogInit: Computer: CHRISTIANGAMING
[2015.07.25-14.19.02:569][  0]LogInit: User: Christian
[2015.07.25-14.19.02:569][  0]LogInit: CPU Page size=4096, Cores=2
[2015.07.25-14.19.02:569][  0]LogInit: High frequency timer resolution =2.143570 MHz
[2015.07.25-14.19.02:569][  0]LogMemory: Memory total: Physical=3.9GB (4GB approx)
[2015.07.25-14.19.02:569][  0]LogMemory: Platform Memory Stats for Windows
[2015.07.25-14.19.02:569][  0]LogMemory: Process Physical Memory: 49.55 MB used, 49.55 MB peak
[2015.07.25-14.19.02:569][  0]LogMemory: Process Virtual Memory: 21.95 MB used, 23.85 MB peak
[2015.07.25-14.19.02:569][  0]LogMemory: Physical Memory: 2149.77 MB used, 3983.27 MB total
[2015.07.25-14.19.02:569][  0]LogMemory: Virtual Memory: 290.59 MB used, 8388608.00 MB total
[2015.07.25-14.19.02:623][  0]LogTextLocalizationManager: The requested culture ('en_US') has no localization data; parent culture's ('en') localization data will be used.
[2015.07.25-14.19.03:040][  0]LogTextLocalizationManager:Warning: Loaded localization resources contain conflicting entries for (Namespace:ContentBrowser, Key:ImportAssetToolTip):
Localization Resource: (C:/Program Files/Epic Games/4.8/Engine/Content/Localization/Editor/en/Editor.locres) Source String Hash: (-630476809) Localized String: (Import to {0}...)
Localization Resource: (C:/Program Files/Epic Games/4.8/Engine/Content/Localization/Editor/en/Editor.locres) Source String Hash: (1271782899) Localized String: (Imports an asset from file to this folder.)
[2015.07.25-14.19.03:839][  0]LogD3D11RHI: Found D3D11 adapter 0: Intel(R) HD Graphics 3000 (Feature Level 10_0)
[2015.07.25-14.19.03:839][  0]LogD3D11RHI: Adapter has 32MB of dedicated video memory, 0MB of dedicated system memory, and 1632MB of shared system memory, 1 output[s]
[2015.07.25-14.19.03:840][  0]LogD3D11RHI: Found D3D11 adapter 1: Microsoft Basic Render Driver (Feature Level 11_0)
[2015.07.25-14.19.03:840][  0]LogD3D11RHI: Adapter has 0MB of dedicated video memory, 0MB of dedicated system memory, and 256MB of shared system memory, 0 output[s]
[2015.07.25-14.19.03:840][  0]LogD3D11RHI: Chosen D3D11 Adapter Id = 0
[2015.07.25-14.19.03:848][  0]LogD3D11RHI: InitD3DDevice
[2015.07.25-14.19.03:848][  0]LogD3D11RHI: !Direct3DDevice
[2015.07.25-14.19.03:848][  0]LogRHI: Texture pool is 593 MB (70% of 848 MB)
[2015.07.25-14.19.03:850][  0]LogD3D11RHI: Async texture creation enabled
[2015.07.25-14.19.03:868][  0]LogShaderCompilers:Display: Using Local Shader Compiler.
[2015.07.25-14.19.05:757][  0]LogTemp:Display: Loaded TP DesktopTargetPlatform
[2015.07.25-14.19.05:790][  0]LogTemp:Display: Loaded TP WindowsClientTargetPlatform
[2015.07.25-14.19.05:815][  0]LogTemp:Display: Loaded TP WindowsNoEditorTargetPlatform
[2015.07.25-14.19.05:841][  0]LogTemp:Display: Loaded TP WindowsServerTargetPlatform
[2015.07.25-14.19.05:868][  0]LogTemp:Display: Loaded TP WindowsTargetPlatform
[2015.07.25-14.19.05:891][  0]LogTemp:Display: Loaded TP AndroidTargetPlatform
[2015.07.25-14.19.05:915][  0]LogTemp:Display: Loaded TP Android_ASTCTargetPlatform
[2015.07.25-14.19.05:935][  0]LogTemp:Display: Loaded TP Android_ATCTargetPlatform
[2015.07.25-14.19.05:959][  0]LogTemp:Display: Loaded TP Android_DXTTargetPlatform
[2015.07.25-14.19.05:984][  0]LogTemp:Display: Loaded TP Android_ETC1TargetPlatform
[2015.07.25-14.19.06:010][  0]LogTemp:Display: Loaded TP Android_ETC2TargetPlatform
[2015.07.25-14.19.06:036][  0]LogTemp:Display: Loaded TP Android_PVRTCTargetPlatform
[2015.07.25-14.19.06:116][  0]LogTemp:Display: Loaded TP IOSTargetPlatform
[2015.07.25-14.19.06:141][  0]LogTemp:Display: Loaded TP LinuxNoEditorTargetPlatform
[2015.07.25-14.19.06:165][  0]LogTemp:Display: Loaded TP LinuxServerTargetPlatform
[2015.07.25-14.19.06:193][  0]LogTemp:Display: Loaded TP LinuxTargetPlatform
[2015.07.25-14.19.06:193][  0]LogTargetPlatformManager:Display: Building Assets For Windows
[2015.07.25-14.19.06:628][  0]LogDerivedDataCache:Display: Max Cache Size: 512 MB
[2015.07.25-14.19.06:773][  0]LogDerivedDataCache: Loaded boot cache 0.15s 48MB C:/Users/Christian/AppData/Local/UnrealEngine/4.8/DerivedDataCache/Boot.ddc.
[2015.07.25-14.19.06:773][  0]LogDerivedDataCache:Display: Loaded Boot cache: C:/Users/Christian/AppData/Local/UnrealEngine/4.8/DerivedDataCache/Boot.ddc
[2015.07.25-14.19.06:774][  0]LogDerivedDataCache: FDerivedDataBackendGraph:  Pak pak cache file ../../../../../../Users/Christian/Documents/Unreal Projects/TheForsakens 4.8/DerivedDataCache/DDC.ddp not found, will not use a pak cache.
[2015.07.25-14.19.06:774][  0]LogDerivedDataCache: Unable to find inner node Pak for hierarchical cache Hierarchy.
[2015.07.25-14.19.06:774][  0]LogDerivedDataCache: FDerivedDataBackendGraph:  CompressedPak pak cache file ../../../../../../Users/Christian/Documents/Unreal Projects/TheForsakens 4.8/DerivedDataCache/Compressed.ddp not found, will not use a pak cache.
[2015.07.25-14.19.06:774][  0]LogDerivedDataCache: Unable to find inner node CompressedPak for hierarchical cache Hierarchy.
[2015.07.25-14.19.07:040][  0]LogDerivedDataCache:Display: Pak cache opened for reading ../../../Engine/DerivedDataCache/Compressed.ddp.
[2015.07.25-14.19.07:052][  0]LogDerivedDataCache: Using Local data cache path C:/Users/Christian/AppData/Local/UnrealEngine/Common/DerivedDataCache: Writable
[2015.07.25-14.19.07:491][  0]LogInit: Selected Device Profile: [Windows]
[2015.07.25-14.19.07:632][  0]ImportText (ComponentSweepMultiTests): Missing closing parenthesis: (RootShapeAsset="/Engine/BasicShapes/Cube.Cube",ShapeType="TriggerCapsule",HitResult=(Time=0.50,Location=(X=-100.000015,Y=0.0,Z=100.000015),ImpactPoint=(X=-50.0,Y=0.0,Z=50.0),Normal=(X=-1.0,Y=-0.0,Z=0.0),ImpactNormal=(X=0.0,Y=0.0,Z=1.0),TraceStart=(X=-200.0,Y=0.0,Z=200.0),TraceEnd=(X=0.0,Y=0.0,Z=0.0))
[2015.07.25-14.19.07:632][  0]ImportText (LineTraceSingleByChannelTests): Missing closing parenthesis: (RootShapeAsset="/Engine/BasicShapes/Cube.Cube",HitResult=(Time=0.50,Location=(X=-100.000015,Y=0.0,Z=100.000015),ImpactPoint=(X=-50.0,Y=0.0,Z=50.0),Normal=(X=-1.0,Y=-0.0,Z=0.0),ImpactNormal=(X=0.0,Y=0.0,Z=1.0),TraceStart=(X=-200.0,Y=0.0,Z=200.0),TraceEnd=(X=0.0,Y=0.0,Z=0.0))
[2015.07.25-14.19.07:688][  0]LogMeshUtilities: No automatic mesh reduction module available
[2015.07.25-14.19.07:688][  0]LogMeshUtilities: No automatic mesh merging module available
[2015.07.25-14.19.08:387][  0]LogInit: WinSock: version 1.1 (2.2), MaxSocks=32767, MaxUdp=65467
[2015.07.25-14.19.09:956][  0]UdpMessaging: Initializing bridge on interface 0.0.0.0:0 to multicast group 230.0.0.1:6666.
[2015.07.25-14.19.10:526][  0]SourceControl: Info Source control is disabled
[2015.07.25-14.19.10:527][  0]SourceControl: Info Source control is disabled
[2015.07.25-14.19.10:543][  0]SourceControl: Info Source control is disabled
[2015.07.25-14.19.10:559][  0]SourceControl: Info Source control is disabled
[2015.07.25-14.19.11:111][  0]LogObj: 26273 objects as part of root set at end of initial load.
[2015.07.25-14.19.11:111][  0]LogUObjectAllocator: 5409248 out of 0 bytes used by permanent object pool.
[2015.07.25-14.19.11:226][  0]LogEngine: Initializing Engine...
[2015.07.25-14.19.11:229][  0]LogHMD: Can't find Oculus library dev build: is proper Runtime installed? Version: 0.6.0.0
[2015.07.25-14.19.11:231][  0]LogHMD:Warning: SteamVR failed to initialize.  Error: 110
[2015.07.25-14.19.11:495][  0]LogAIModule: Creating AISystem for world NewWorld
[2015.07.25-14.19.11:499][  0]LogInit: XAudio2 using 'Speakers (Realtek High Definition Audio)' : 2 channels at 48 kHz using 32 bits per sample (channel mask 0x3)
[2015.07.25-14.19.11:521][  0]LogInit: FAudioDevice initialized.
[2015.07.25-14.19.11:565][  0]LogDerivedDataCache: Saved boot cache 0.04s 48MB C:/Users/Christian/AppData/Local/UnrealEngine/4.8/DerivedDataCache/Boot.ddc.
[2015.07.25-14.19.11:579][  0]LogInit: Texture streaming: Disabled
[2015.07.25-14.19.11:631][  0]LogAnalytics: Creating configured Analytics provider AnalyticsET
[2015.07.25-14.19.11:631][  0]LogAnalytics: [UEEditor.Rocket.Release] APIServer = http://et2.epicgames.com/ET2/. AppVersion = 4.8.2-2614606+++depot+UE4-Releases+4.8
[2015.07.25-14.19.11:631][  0]LogAnalytics: [UEEditor.Rocket.Release] SetUserId d520111f42444ed2ae17ceb4cce854a2|256081b0662a4905b440382e278adc23|3ae4f12a-3c0a-4aaf-bb63-a78589ca1625
[2015.07.25-14.19.11:631][  0]LogAnalytics: [UEEditor.Rocket.Release] AnalyticsET::StartSession
[2015.07.25-14.19.11:686][  0]LogInit: Transaction tracking system initialized
[2015.07.25-14.19.11:969][  0]BlueprintLog: New page: Editor Load
[2015.07.25-14.19.12:028][  0]LogAssetRegistry: FAssetRegistry took 0.0115 seconds to start up
[2015.07.25-14.19.12:029][  0]LogDirectoryWatcher:Warning: Failed to begin reading directory changes for ../../../Engine/Plugins/Experimental/CharacterAI/Content/. Error: 0
[2015.07.25-14.19.13:694][  0]LogConsoleManager:Warning: Console variable 'r.VSync' wasn't set ('GameSetting' has a lower priority than 'SystemSettingsIni')
[2015.07.25-14.19.13:694][  0]LogConsoleResponse:Display: 
[2015.07.25-14.19.13:962][  0]LogCook:Display: Done creating registry. It took  0.00s.
[2015.07.25-14.19.14:530][  0]SourceControl: Info Source control is disabled
[2015.07.25-14.19.14:531][  0]Cmd: MAP LOAD FILE="../../../Engine/Content/Maps/Templates/Template_Default.umap" TEMPLATE=1 SHOWPROGRESS=1 FEATURELEVEL=2
[2015.07.25-14.19.14:531][  0]LightingResults: New page: Lighting Build
[2015.07.25-14.19.14:560][  0]MapCheck: New page: Map Check
[2015.07.25-14.19.14:560][  0]LightingResults: New page: Lighting Build
[2015.07.25-14.19.15:465][  0]LogParticles: Destroying 0 GPU particle simulations for FXSystem 0x00000074E4EC6160
[2015.07.25-14.19.15:812][  0]LogAIModule: Creating AISystem for world Untitled_1
[2015.07.25-14.19.15:826][  0]LogEditorServer: Finished looking for orphan Actors (0.000 secs)
[2015.07.25-14.19.15:915][  0]Cmd: MAP CHECKDEP NOCLEARLOG
[2015.07.25-14.19.15:983][  0]MapCheck: Info Map check complete: 0 Error(s), 0 Warning(s), took 67.837ms to complete.
[2015.07.25-14.19.15:983][  0]LogFileHelpers: Loading map 'Template_Default' took 1.453
[2015.07.25-14.19.16:172][  0]LogCollectionManager: Loaded 0 collections in 0.004548 seconds
[2015.07.25-14.19.16:190][  0]LogContentBrowser: Native class hierarchy populated in 0.0179 seconds. Added 1792 classes and 301 folders.
[2015.07.25-14.19.16:279][  0]LogContentBrowser: Native class hierarchy updated for 'WidgetCarousel' in 0.0007 seconds. Added 0 classes and 0 folders.
[2015.07.25-14.19.16:348][  0]LogContentBrowser: Native class hierarchy updated for 'AddContentDialog' in 0.0007 seconds. Added 0 classes and 0 folders.
[2015.07.25-14.19.16:383][  0]LogContentBrowser: Native class hierarchy updated for 'SceneOutliner' in 0.0007 seconds. Added 1 classes and 2 folders.
[2015.07.25-14.19.16:502][  0]LogCrashTracker: Crashtracker disabled due to settings.
[2015.07.25-14.19.16:504][  0]LogD3D11RHI: InitD3DDevice
[2015.07.25-14.19.16:512][  0]LogUObjectGlobals:Warning: Failed to find object 'Class None.'
[2015.07.25-14.19.16:537][  0]LogLoad: Full Startup: 17.08 seconds (BP compile: 0.37 seconds)
[2015.07.25-14.19.16:975][  0]LogContentStreaming: Texture pool size is 0.000000MB
[2015.07.25-14.19.17:052][  0]LogContentStreaming: Texture pool size now 1000 MB
[2015.07.25-14.19.17:347][  0]LogRenderer: Reallocating scene render targets to support 736x376 (Frame:2).
[2015.07.25-14.19.24:266][ 20]LogAssetRegistry: Asset discovery search completed in 12.2485 seconds
[2015.07.25-14.27.26:128][498]LogD3D11RHI: InitD3DDevice
[2015.07.25-16.12.22:732][904]LogD3D11RHI: InitD3DDevice
[2015.07.25-16.12.36:362][904]LogTexture:Display: Building textures: HQ_Lightmap0_12 (AutoDXT)
[2015.07.25-16.12.36:868][904]LogTexture:Display: Building textures: HQ_Lightmap0_13 (AutoDXT)
[2015.07.25-16.12.37:150][904]LogTexture:Display: Building textures: HQ_Lightmap0_14 (AutoDXT)
[2015.07.25-16.12.37:366][904]LogTexture:Display: Building textures: HQ_Lightmap0_15 (AutoDXT)
[2015.07.25-16.12.37:457][904]LogTexture:Display: Building textures: HQ_Lightmap0_3 (AutoDXT)
[2015.07.25-16.12.38:321][904]LogTexture:Display: Building textures: HQ_Lightmap0_4 (AutoDXT)
[2015.07.25-16.12.40:691][904]LogTexture:Display: Building textures: HQ_Lightmap0_5 (AutoDXT)
[2015.07.25-16.12.41:544][904]LogTexture:Display: Building textures: HQ_Lightmap0_6 (AutoDXT)
[2015.07.25-16.12.42:108][904]LogTexture:Display: Building textures: HQ_Lightmap0_7 (AutoDXT)
[2015.07.25-16.12.42:737][904]LogTexture:Display: Building textures: HQ_Lightmap0_8 (AutoDXT)
[2015.07.25-16.12.42:925][904]LogTexture:Display: Building textures: HQ_Lightmap0_9 (AutoDXT)
[2015.07.25-16.12.43:334][904]LogTexture:Display: Building textures: HQ_Lightmap1_10 (AutoDXT)
[2015.07.25-16.12.43:398][904]LogTexture:Display: Building textures: HQ_Lightmap1_11 (AutoDXT)
[2015.07.25-16.12.43:546][904]LogTexture:Display: Building textures: HQ_Lightmap1_2 (AutoDXT)
[2015.07.25-16.12.44:628][904]LogTexture:Display: Building textures: LQ_Lightmap_0_12 (DXT1)
[2015.07.25-16.12.44:832][904]LogTexture:Display: Building textures: LQ_Lightmap_0_13 (DXT1)
[2015.07.25-16.12.45:010][904]LogTexture:Display: Building textures: LQ_Lightmap_0_14 (DXT1)
[2015.07.25-16.12.45:113][904]LogTexture:Display: Building textures: LQ_Lightmap_0_15 (DXT1)
[2015.07.25-16.12.45:154][904]LogTexture:Display: Building textures: LQ_Lightmap_0_3 (DXT1)
[2015.07.25-16.12.45:676][904]LogTexture:Display: Building textures: LQ_Lightmap_0_4 (DXT1)
[2015.07.25-16.12.46:767][904]LogTexture:Display: Building textures: LQ_Lightmap_0_5 (DXT1)
[2015.07.25-16.12.47:224][904]LogTexture:Display: Building textures: LQ_Lightmap_0_6 (DXT1)
[2015.07.25-16.12.47:590][904]LogTexture:Display: Building textures: LQ_Lightmap_0_7 (DXT1)
[2015.07.25-16.12.47:898][904]LogTexture:Display: Building textures: LQ_Lightmap_0_8 (DXT1)
[2015.07.25-16.12.47:995][904]LogTexture:Display: Building textures: LQ_Lightmap_0_9 (DXT1)
[2015.07.25-16.12.48:258][904]LogTexture:Display: Building textures: LQ_Lightmap_1_10 (DXT1)
[2015.07.25-16.12.48:281][904]LogTexture:Display: Building textures: LQ_Lightmap_1_11 (DXT1)
[2015.07.25-16.12.48:499][904]LogTexture:Display: Building textures: LQ_Lightmap_1_2 (DXT1)
[2015.07.25-16.12.49:758][904]LogAIModule: Creating AISystem for world Mansion
[2015.07.25-16.12.51:060][904]Cmd: MAP LOAD FILE="../../../../../../Users/Christian/Documents/Unreal Projects/TheForsakens 4.8/Content/Maps/Mansion.umap" TEMPLATE=0 SHOWPROGRESS=1 FEATURELEVEL=2
[2015.07.25-16.12.51:062][904]LightingResults: New page: Lighting Build
[2015.07.25-16.12.51:119][904]LoadErrors: New page: Loading map: Mansion.umap
[2015.07.25-16.12.51:120][904]MapCheck: New page: Map Check
[2015.07.25-16.12.51:120][904]LightingResults: New page: Lighting Build
[2015.07.25-16.12.51:161][904]LogParticles: Destroying 0 GPU particle simulations for FXSystem 0x00000074E77BBB00
[2015.07.25-16.12.51:921][904]LogAIModule: Creating AISystem for world Mansion
[2015.07.25-16.12.52:183][904]LogEditorServer: Finished looking for orphan Actors (0.000 secs)
[2015.07.25-16.12.52:617][904]Cmd: MAP CHECKDEP NOCLEARLOG
[2015.07.25-16.12.52:747][904]MapCheck: Info Map check complete: 0 Error(s), 0 Warning(s), took 129.487ms to complete.
[2015.07.25-16.12.52:747][904]LogFileHelpers: Loading map 'Mansion' took 1.697
[2015.07.25-16.29.35:817][ 35]LogPlayLevel: PIE:  No blueprints needed recompiling
[2015.07.25-16.29.36:026][ 35]PIE: New page: PIE session: Mansion (Jul 25, 2015, 6:29:35 AM)
[2015.07.25-16.29.36:027][ 35]LogPlayLevel: Creating play world package: /Game/Maps/UEDPIE_0_Mansion
[2015.07.25-16.29.36:268][ 35]LogPlayLevel: PIE: StaticDuplicateObject took: (0.240636s)
[2015.07.25-16.29.36:269][ 35]LogAIModule: Creating AISystem for world Mansion
[2015.07.25-16.29.36:270][ 35]LogPlayLevel: PIE: World Init took: (0.002121s)
[2015.07.25-16.29.36:270][ 35]LogPlayLevel: PIE: Created PIE world by copying editor world from /Game/Maps/Mansion.Mansion to /Game/Maps/UEDPIE_0_Mansion.Mansion (0.243306s)
[2015.07.25-16.29.36:288][ 35]LogActorComponent: UnregisterComponent: (/Engine/Transient.CharMoveComp) Not registered. Aborting.
[2015.07.25-16.29.36:388][ 35]LogInit: XAudio2 using 'Speakers (Realtek High Definition Audio)' : 2 channels at 48 kHz using 32 bits per sample (channel mask 0x3)
[2015.07.25-16.29.36:395][ 35]LogInit: FAudioDevice initialized.
[2015.07.25-16.29.36:429][ 35]LogD3D11RHI: InitD3DDevice
[2015.07.25-16.29.36:505][ 35]LogWorld: Game class is 'MyGame_C'
[2015.07.25-16.29.36:618][ 35]LogWorld: Bringing World /Game/Maps/UEDPIE_0_Mansion.Mansion up for play (max tick rate 60) at 2015.07.25-11.29.36
[2015.07.25-16.29.36:619][ 35]LogActor:Warning: GameSession /Game/Maps/UEDPIE_0_Mansion.Mansion:PersistentLevel.GameSession_0 has natively added scene component(s), but none of them were set as the actor's RootComponent - picking one arbitrarily
[2015.07.25-16.29.36:621][ 35]LogActor:Warning: GameNetworkManager /Game/Maps/UEDPIE_0_Mansion.Mansion:PersistentLevel.GameNetworkManager_0 has natively added scene component(s), but none of them were set as the actor's RootComponent - picking one arbitrarily
[2015.07.25-16.29.36:662][ 35]LogWorld: Bringing up level for play took: 0.145548
[2015.07.25-16.29.36:779][ 35]PIE: Info Play in editor start time for /Game/Maps/UEDPIE_0_Mansion 0.729
[2015.07.25-16.29.36:892][ 35]LogRenderer: Reallocating scene render targets to support 1296x728 (Frame:751).
[2015.07.25-16.29.50:457][215]LogArray:Warning: Attempted to get an item from array CallFunc_GetDataTableRowNames_OutRowNames out of bounds [5/4]!
[2015.07.25-16.29.50:457][215]LogArray:Warning: Attempted to get an item from array CallFunc_GetDataTableRowNames_OutRowNames out of bounds [6/4]!
[2015.07.25-16.29.51:120][223]LogArray:Warning: Attempted to get an item from array CallFunc_GetDataTableRowNames_OutRowNames out of bounds [5/4]!
[2015.07.25-16.29.51:120][223]LogArray:Warning: Attempted to get an item from array CallFunc_GetDataTableRowNames_OutRowNames out of bounds [6/4]!
[2015.07.25-16.29.52:041][236]LogArray:Warning: Attempted to get an item from array CallFunc_GetDataTableRowNames_OutRowNames out of bounds [5/4]!
[2015.07.25-16.29.52:041][236]LogArray:Warning: Attempted to get an item from array CallFunc_GetDataTableRowNames_OutRowNames out of bounds [6/4]!
[2015.07.25-16.30.11:502][490]LogArray:Warning: Attempted to get an item from array CallFunc_GetDataTableRowNames_OutRowNames out of bounds [5/4]!
[2015.07.25-16.30.11:502][490]LogArray:Warning: Attempted to get an item from array CallFunc_GetDataTableRowNames_OutRowNames out of bounds [6/4]!
[2015.07.25-16.30.12:106][497]LogArray:Warning: Attempted to get an item from array CallFunc_GetDataTableRowNames_OutRowNames out of bounds [5/4]!
[2015.07.25-16.30.12:106][497]LogArray:Warning: Attempted to get an item from array CallFunc_GetDataTableRowNames_OutRowNames out of bounds [6/4]!
[2015.07.25-16.30.12:634][503]LogArray:Warning: Attempted to get an item from array CallFunc_GetDataTableRowNames_OutRowNames out of bounds [5/4]!
[2015.07.25-16.30.12:634][503]LogArray:Warning: Attempted to get an item from array CallFunc_GetDataTableRowNames_OutRowNames out of bounds [6/4]!
[2015.07.25-16.30.19:702][590]LogArray:Warning: Attempted to get an item from array CallFunc_GetDataTableRowNames_OutRowNames out of bounds [5/4]!
[2015.07.25-16.30.19:702][590]LogArray:Warning: Attempted to get an item from array CallFunc_GetDataTableRowNames_OutRowNames out of bounds [6/4]!
[2015.07.25-16.30.20:625][603]LogArray:Warning: Attempted to get an item from array CallFunc_GetDataTableRowNames_OutRowNames out of bounds [5/4]!
[2015.07.25-16.30.20:625][603]LogArray:Warning: Attempted to get an item from array CallFunc_GetDataTableRowNames_OutRowNames out of bounds [6/4]!
[2015.07.25-16.30.22:829][635]LogArray:Warning: Attempted to get an item from array CallFunc_GetDataTableRowNames_OutRowNames out of bounds [5/4]!
[2015.07.25-16.30.22:829][635]LogArray:Warning: Attempted to get an item from array CallFunc_GetDataTableRowNames_OutRowNames out of bounds [6/4]!
[2015.07.25-16.30.23:413][643]LogArray:Warning: Attempted to get an item from array CallFunc_GetDataTableRowNames_OutRowNames out of bounds [5/4]!
[2015.07.25-16.30.23:413][643]LogArray:Warning: Attempted to get an item from array CallFunc_GetDataTableRowNames_OutRowNames out of bounds [6/4]!
[2015.07.25-16.30.24:016][651]LogArray:Warning: Attempted to get an item from array CallFunc_GetDataTableRowNames_OutRowNames out of bounds [5/4]!
[2015.07.25-16.30.24:016][651]LogArray:Warning: Attempted to get an item from array CallFunc_GetDataTableRowNames_OutRowNames out of bounds [6/4]!
[2015.07.25-16.30.24:559][658]LogArray:Warning: Attempted to get an item from array CallFunc_GetDataTableRowNames_OutRowNames out of bounds [5/4]!
[2015.07.25-16.30.24:559][658]LogArray:Warning: Attempted to get an item from array CallFunc_GetDataTableRowNames_OutRowNames out of bounds [6/4]!
[2015.07.25-16.30.25:100][665]LogArray:Warning: Attempted to get an item from array CallFunc_GetDataTableRowNames_OutRowNames out of bounds [5/4]!
[2015.07.25-16.30.25:101][665]LogArray:Warning: Attempted to get an item from array CallFunc_GetDataTableRowNames_OutRowNames out of bounds [6/4]!
[2015.07.25-16.30.25:663][672]LogArray:Warning: Attempted to get an item from array CallFunc_GetDataTableRowNames_OutRowNames out of bounds [5/4]!
[2015.07.25-16.30.25:663][672]LogArray:Warning: Attempted to get an item from array CallFunc_GetDataTableRowNames_OutRowNames out of bounds [6/4]!
[2015.07.25-16.30.26:227][679]LogArray:Warning: Attempted to get an item from array CallFunc_GetDataTableRowNames_OutRowNames out of bounds [5/4]!
[2015.07.25-16.30.26:227][679]LogArray:Warning: Attempted to get an item from array CallFunc_GetDataTableRowNames_OutRowNames out of bounds [6/4]!
[2015.07.25-16.30.26:808][686]LogBlueprintUserMessages: No ammo, CLICK!
[2015.07.25-16.30.27:016][689]LogBlueprintUserMessages: No ammo, CLICK!
[2015.07.25-16.30.27:939][701]LogArray:Warning: Attempted to get an item from array CallFunc_GetDataTableRowNames_OutRowNames out of bounds [5/4]!
[2015.07.25-16.30.27:939][701]LogArray:Warning: Attempted to get an item from array CallFunc_GetDataTableRowNames_OutRowNames out of bounds [6/4]!
[2015.07.25-16.30.28:589][709]LogArray:Warning: Attempted to get an item from array CallFunc_GetDataTableRowNames_OutRowNames out of bounds [5/4]!
[2015.07.25-16.30.28:589][709]LogArray:Warning: Attempted to get an item from array CallFunc_GetDataTableRowNames_OutRowNames out of bounds [6/4]!
[2015.07.25-16.30.29:421][719]LogArray:Warning: Attempted to get an item from array CallFunc_GetDataTableRowNames_OutRowNames out of bounds [5/4]!
[2015.07.25-16.30.29:421][719]LogArray:Warning: Attempted to get an item from array CallFunc_GetDataTableRowNames_OutRowNames out of bounds [6/4]!
[2015.07.25-16.30.30:678][734]LogArray:Warning: Attempted to get an item from array CallFunc_GetDataTableRowNames_OutRowNames out of bounds [5/4]!
[2015.07.25-16.30.30:679][734]LogArray:Warning: Attempted to get an item from array CallFunc_GetDataTableRowNames_OutRowNames out of bounds [6/4]!
[2015.07.25-16.30.41:479][859]LogArray:Warning: Attempted to get an item from array CallFunc_GetDataTableRowNames_OutRowNames out of bounds [5/4]!
[2015.07.25-16.30.41:479][859]LogArray:Warning: Attempted to get an item from array CallFunc_GetDataTableRowNames_OutRowNames out of bounds [6/4]!
[2015.07.25-16.31.10:912][211]LogArray:Warning: Attempted to get an item from array CallFunc_GetDataTableRowNames_OutRowNames out of bounds [5/4]!
[2015.07.25-16.31.10:912][211]LogArray:Warning: Attempted to get an item from array CallFunc_GetDataTableRowNames_OutRowNames out of bounds [6/4]!
[2015.07.25-16.31.30:693][422]LogArray:Warning: Attempted to get an item from array CallFunc_GetDataTableRowNames_OutRowNames out of bounds [5/4]!
[2015.07.25-16.31.30:693][422]LogArray:Warning: Attempted to get an item from array CallFunc_GetDataTableRowNames_OutRowNames out of bounds [6/4]!
[2015.07.25-16.31.31:291][427]LogBlueprintUserMessages: No ammo, CLICK!
[2015.07.25-16.31.31:613][430]LogBlueprintUserMessages: No ammo, CLICK!
[2015.07.25-16.31.32:413][437]LogArray:Warning: Attempted to get an item from array CallFunc_GetDataTableRowNames_OutRowNames out of bounds [5/4]!
[2015.07.25-16.31.32:414][437]LogArray:Warning: Attempted to get an item from array CallFunc_GetDataTableRowNames_OutRowNames out of bounds [6/4]!
[2015.07.25-16.31.33:734][449]LogArray:Warning: Attempted to get an item from array CallFunc_GetDataTableRowNames_OutRowNames out of bounds [5/4]!
[2015.07.25-16.31.33:734][449]LogArray:Warning: Attempted to get an item from array CallFunc_GetDataTableRowNames_OutRowNames out of bounds [6/4]!
[2015.07.25-16.31.34:394][455]LogArray:Warning: Attempted to get an item from array CallFunc_GetDataTableRowNames_OutRowNames out of bounds [5/4]!
[2015.07.25-16.31.34:395][455]LogArray:Warning: Attempted to get an item from array CallFunc_GetDataTableRowNames_OutRowNames out of bounds [6/4]!
[2015.07.25-16.31.34:951][460]LogArray:Warning: Attempted to get an item from array CallFunc_GetDataTableRowNames_OutRowNames out of bounds [5/4]!
[2015.07.25-16.31.34:951][460]LogArray:Warning: Attempted to get an item from array CallFunc_GetDataTableRowNames_OutRowNames out of bounds [6/4]!
[2015.07.25-16.31.54:861][659]LogArray:Warning: Attempted to get an item from array CallFunc_GetDataTableRowNames_OutRowNames out of bounds [5/4]!
[2015.07.25-16.31.54:861][659]LogArray:Warning: Attempted to get an item from array CallFunc_GetDataTableRowNames_OutRowNames out of bounds [6/4]!
[2015.07.25-16.31.55:430][665]LogArray:Warning: Attempted to get an item from array CallFunc_GetDataTableRowNames_OutRowNames out of bounds [5/4]!
[2015.07.25-16.31.55:430][665]LogArray:Warning: Attempted to get an item from array CallFunc_GetDataTableRowNames_OutRowNames out of bounds [6/4]!
[2015.07.25-16.32.24:405][  3]LogArray:Warning: Attempted to get an item from array CallFunc_GetDataTableRowNames_OutRowNames out of bounds [5/4]!
[2015.07.25-16.32.24:405][  3]LogArray:Warning: Attempted to get an item from array CallFunc_GetDataTableRowNames_OutRowNames out of bounds [6/4]!
[2015.07.25-16.32.25:011][  9]LogBlueprintUserMessages: No ammo, CLICK!
[2015.07.25-16.32.25:825][ 18]LogArray:Warning: Attempted to get an item from array CallFunc_GetDataTableRowNames_OutRowNames out of bounds [5/4]!
[2015.07.25-16.32.25:825][ 18]LogArray:Warning: Attempted to get an item from array CallFunc_GetDataTableRowNames_OutRowNames out of bounds [6/4]!
[2015.07.25-16.32.26:486][ 25]LogArray:Warning: Attempted to get an item from array CallFunc_GetDataTableRowNames_OutRowNames out of bounds [5/4]!
[2015.07.25-16.32.26:486][ 25]LogArray:Warning: Attempted to get an item from array CallFunc_GetDataTableRowNames_OutRowNames out of bounds [6/4]!
[2015.07.25-16.32.27:137][ 32]LogArray:Warning: Attempted to get an item from array CallFunc_GetDataTableRowNames_OutRowNames out of bounds [5/4]!
[2015.07.25-16.32.27:137][ 32]LogArray:Warning: Attempted to get an item from array CallFunc_GetDataTableRowNames_OutRowNames out of bounds [6/4]!
[2015.07.25-16.32.27:796][ 39]LogArray:Warning: Attempted to get an item from array CallFunc_GetDataTableRowNames_OutRowNames out of bounds [5/4]!
[2015.07.25-16.32.27:796][ 39]LogArray:Warning: Attempted to get an item from array CallFunc_GetDataTableRowNames_OutRowNames out of bounds [6/4]!
[2015.07.25-16.32.33:990][110]LogArray:Warning: Attempted to get an item from array CallFunc_GetDataTableRowNames_OutRowNames out of bounds [5/4]!
[2015.07.25-16.32.33:990][110]LogArray:Warning: Attempted to get an item from array CallFunc_GetDataTableRowNames_OutRowNames out of bounds [6/4]!
[2015.07.25-16.32.36:224][136]LogArray:Warning: Attempted to get an item from array CallFunc_GetDataTableRowNames_OutRowNames out of bounds [5/4]!
[2015.07.25-16.32.36:224][136]LogArray:Warning: Attempted to get an item from array CallFunc_GetDataTableRowNames_OutRowNames out of bounds [6/4]!
[2015.07.25-16.32.41:967][202]LogArray:Warning: Attempted to get an item from array CallFunc_GetDataTableRowNames_OutRowNames out of bounds [5/4]!
[2015.07.25-16.32.41:967][202]LogArray:Warning: Attempted to get an item from array CallFunc_GetDataTableRowNames_OutRowNames out of bounds [6/4]!
[2015.07.25-16.32.44:891][234]LogD3D11RHI: InitD3DDevice
[2015.07.25-17.05.53:365][248]LogArray:Warning: Attempted to get an item from array CallFunc_GetDataTableRowNames_OutRowNames out of bounds [5/4]!
[2015.07.25-17.05.53:366][248]LogArray:Warning: Attempted to get an item from array CallFunc_GetDataTableRowNames_OutRowNames out of bounds [6/4]!
[2015.07.25-17.05.54:222][260]LogArray:Warning: Attempted to get an item from array CallFunc_GetDataTableRowNames_OutRowNames out of bounds [5/4]!
[2015.07.25-17.05.54:223][260]LogArray:Warning: Attempted to get an item from array CallFunc_GetDataTableRowNames_OutRowNames out of bounds [6/4]!
[2015.07.25-17.06.17:029][558]LogArray:Warning: Attempted to get an item from array CallFunc_GetDataTableRowNames_OutRowNames out of bounds [5/4]!
[2015.07.25-17.06.17:029][558]LogArray:Warning: Attempted to get an item from array CallFunc_GetDataTableRowNames_OutRowNames out of bounds [6/4]!
[2015.07.25-17.06.32:996][753]LogArray:Warning: Attempted to get an item from array CallFunc_GetDataTableRowNames_OutRowNames out of bounds [5/4]!
[2015.07.25-17.06.32:996][753]LogArray:Warning: Attempted to get an item from array CallFunc_GetDataTableRowNames_OutRowNames out of bounds [6/4]!
[2015.07.25-17.06.33:628][759]LogBlueprintUserMessages: No ammo, CLICK!
[2015.07.25-17.06.34:227][765]LogBlueprintUserMessages: No ammo, CLICK!
[2015.07.25-17.06.44:042][882]LogBlueprintUserMessages: No ammo, CLICK!
[2015.07.25-17.06.53:929][996]LogBlueprintUserMessages: No ammo, CLICK!
[2015.07.25-17.06.54:660][  3]LogBlueprintUserMessages: No ammo, CLICK!
[2015.07.25-17.07.01:959][ 75]LogArray:Warning: Attempted to get an item from array CallFunc_GetDataTableRowNames_OutRowNames out of bounds [5/4]!
[2015.07.25-17.07.01:959][ 75]LogArray:Warning: Attempted to get an item from array CallFunc_GetDataTableRowNames_OutRowNames out of bounds [6/4]!
[2015.07.25-17.07.03:422][ 89]LogArray:Warning: Attempted to get an item from array CallFunc_GetDataTableRowNames_OutRowNames out of bounds [5/4]!
[2015.07.25-17.07.03:422][ 89]LogArray:Warning: Attempted to get an item from array CallFunc_GetDataTableRowNames_OutRowNames out of bounds [6/4]!
[2015.07.25-17.07.04:341][ 98]LogArray:Warning: Attempted to get an item from array CallFunc_GetDataTableRowNames_OutRowNames out of bounds [5/4]!
[2015.07.25-17.07.04:341][ 98]LogArray:Warning: Attempted to get an item from array CallFunc_GetDataTableRowNames_OutRowNames out of bounds [6/4]!
[2015.07.25-17.07.05:152][106]LogArray:Warning: Attempted to get an item from array CallFunc_GetDataTableRowNames_OutRowNames out of bounds [5/4]!
[2015.07.25-17.07.05:152][106]LogArray:Warning: Attempted to get an item from array CallFunc_GetDataTableRowNames_OutRowNames out of bounds [6/4]!
[2015.07.25-17.07.10:151][158]LogArray:Warning: Attempted to get an item from array CallFunc_GetDataTableRowNames_OutRowNames out of bounds [5/4]!
[2015.07.25-17.07.10:151][158]LogArray:Warning: Attempted to get an item from array CallFunc_GetDataTableRowNames_OutRowNames out of bounds [6/4]!
[2015.07.25-17.07.16:924][228]LogArray:Warning: Attempted to get an item from array CallFunc_GetDataTableRowNames_OutRowNames out of bounds [5/4]!
[2015.07.25-17.07.16:925][228]LogArray:Warning: Attempted to get an item from array CallFunc_GetDataTableRowNames_OutRowNames out of bounds [6/4]!
[2015.07.25-17.07.17:679][235]LogArray:Warning: Attempted to get an item from array CallFunc_GetDataTableRowNames_OutRowNames out of bounds [5/4]!
[2015.07.25-17.07.17:679][235]LogArray:Warning: Attempted to get an item from array CallFunc_GetDataTableRowNames_OutRowNames out of bounds [6/4]!
[2015.07.25-17.07.18:575][245]LogBlueprintUserMessages: No ammo, CLICK!
[2015.07.25-17.07.19:160][252]LogBlueprintUserMessages: No ammo, CLICK!
[2015.07.25-17.07.26:247][338]LogBlueprintUserMessages: No ammo, CLICK!
[2015.07.25-17.07.29:034][378]LogArray:Warning: Attempted to get an item from array CallFunc_GetDataTableRowNames_OutRowNames out of bounds [5/4]!
[2015.07.25-17.07.29:034][378]LogArray:Warning: Attempted to get an item from array CallFunc_GetDataTableRowNames_OutRowNames out of bounds [6/4]!
[2015.07.25-17.07.30:021][387]LogScript:Warning: Divide by zero: Divide_FloatFloat
[2015.07.25-17.07.30:034][388]LogScript:Warning: Divide by zero: Divide_FloatFloat
[2015.07.25-17.07.30:055][389]LogScript:Warning: Divide by zero: Divide_FloatFloat
[2015.07.25-17.07.30:104][390]LogScript:Warning: Divide by zero: Divide_FloatFloat
[2015.07.25-17.07.30:164][391]LogScript:Warning: Divide by zero: Divide_FloatFloat
[2015.07.25-17.07.30:218][392]LogScript:Warning: Divide by zero: Divide_FloatFloat
[2015.07.25-17.07.30:272][393]LogScript:Warning: Divide by zero: Divide_FloatFloat
[2015.07.25-17.07.30:325][394]LogScript:Warning: Divide by zero: Divide_FloatFloat
[2015.07.25-17.07.30:382][395]LogScript:Warning: Divide by zero: Divide_FloatFloat
[2015.07.25-17.07.30:431][396]LogScript:Warning: Divide by zero: Divide_FloatFloat
[2015.07.25-17.07.30:477][397]LogScript:Warning: Divide by zero: Divide_FloatFloat
[2015.07.25-17.07.30:524][398]LogScript:Warning: Divide by zero: Divide_FloatFloat
[2015.07.25-17.07.30:570][399]LogScript:Warning: Divide by zero: Divide_FloatFloat
[2015.07.25-17.07.30:614][400]LogScript:Warning: Divide by zero: Divide_FloatFloat
[2015.07.25-17.07.30:659][401]LogScript:Warning: Divide by zero: Divide_FloatFloat
[2015.07.25-17.07.30:706][402]LogScript:Warning: Divide by zero: Divide_FloatFloat
[2015.07.25-17.07.30:771][403]LogScript:Warning: Divide by zero: Divide_FloatFloat
[2015.07.25-17.07.30:816][404]LogScript:Warning: Divide by zero: Divide_FloatFloat
[2015.07.25-17.07.30:861][405]LogScript:Warning: Divide by zero: Divide_FloatFloat
[2015.07.25-17.07.30:908][406]LogScript:Warning: Divide by zero: Divide_FloatFloat
[2015.07.25-17.07.30:954][407]LogScript:Warning: Divide by zero: Divide_FloatFloat
[2015.07.25-17.07.31:000][408]LogScript:Warning: Divide by zero: Divide_FloatFloat
[2015.07.25-17.07.31:046][409]LogScript:Warning: Divide by zero: Divide_FloatFloat
[2015.07.25-17.07.31:093][410]LogScript:Warning: Divide by zero: Divide_FloatFloat
[2015.07.25-17.07.31:141][411]LogScript:Warning: Divide by zero: Divide_FloatFloat
[2015.07.25-17.07.31:187][412]LogScript:Warning: Divide by zero: Divide_FloatFloat
[2015.07.25-17.07.31:234][413]LogScript:Warning: Divide by zero: Divide_FloatFloat
[2015.07.25-17.07.31:280][414]LogScript:Warning: Divide by zero: Divide_FloatFloat
[2015.07.25-17.07.31:328][415]LogScript:Warning: Divide by zero: Divide_FloatFloat
[2015.07.25-17.07.31:376][416]LogScript:Warning: Divide by zero: Divide_FloatFloat
[2015.07.25-17.07.31:425][417]LogScript:Warning: Divide by zero: Divide_FloatFloat
[2015.07.25-17.07.31:472][418]LogScript:Warning: Divide by zero: Divide_FloatFloat
[2015.07.25-17.07.31:520][419]LogScript:Warning: Divide by zero: Divide_FloatFloat
[2015.07.25-17.07.31:568][420]LogScript:Warning: Divide by zero: Divide_FloatFloat
[2015.07.25-17.07.31:628][421]LogScript:Warning: Divide by zero: Divide_FloatFloat
[2015.07.25-17.07.31:688][422]LogScript:Warning: Divide by zero: Divide_FloatFloat
[2015.07.25-17.07.31:742][423]LogScript:Warning: Divide by zero: Divide_FloatFloat
[2015.07.25-17.07.31:806][424]LogScript:Warning: Divide by zero: Divide_FloatFloat
[2015.07.25-17.07.31:871][425]LogScript:Warning: Divide by zero: Divide_FloatFloat
[2015.07.25-17.07.31:941][426]LogScript:Warning: Divide by zero: Divide_FloatFloat
[2015.07.25-17.07.31:991][427]LogScript:Warning: Divide by zero: Divide_FloatFloat
[2015.07.25-17.07.32:054][428]LogScript:Warning: Divide by zero: Divide_FloatFloat
[2015.07.25-17.07.32:111][429]LogScript:Warning: Divide by zero: Divide_FloatFloat
[2015.07.25-17.07.32:178][430]LogScript:Warning: Divide by zero: Divide_FloatFloat
[2015.07.25-17.07.32:229][431]LogScript:Warning: Divide by zero: Divide_FloatFloat
[2015.07.25-17.07.32:307][432]LogScript:Warning: Divide by zero: Divide_FloatFloat
[2015.07.25-17.07.32:367][433]LogScript:Warning: Divide by zero: Divide_FloatFloat
[2015.07.25-17.07.32:404][434]LogScript:Warning: Divide by zero: Divide_FloatFloat
[2015.07.25-17.07.32:460][435]LogScript:Warning: Divide by zero: Divide_FloatFloat
[2015.07.25-17.07.32:517][436]LogScript:Warning: Divide by zero: Divide_FloatFloat
[2015.07.25-17.07.32:568][437]LogScript:Warning: Divide by zero: Divide_FloatFloat
[2015.07.25-17.07.32:621][438]LogScript:Warning: Divide by zero: Divide_FloatFloat
[2015.07.25-17.07.32:672][439]LogScript:Warning: Divide by zero: Divide_FloatFloat
[2015.07.25-17.07.32:723][440]LogScript:Warning: Divide by zero: Divide_FloatFloat
[2015.07.25-17.07.32:774][441]LogScript:Warning: Divide by zero: Divide_FloatFloat
[2015.07.25-17.07.32:823][442]LogScript:Warning: Divide by zero: Divide_FloatFloat
[2015.07.25-17.07.32:871][443]LogScript:Warning: Divide by zero: Divide_FloatFloat
[2015.07.25-17.07.32:933][444]LogScript:Warning: Divide by zero: Divide_FloatFloat
[2015.07.25-17.07.32:968][445]LogScript:Warning: Divide by zero: Divide_FloatFloat
[2015.07.25-17.07.33:016][446]LogScript:Warning: Divide by zero: Divide_FloatFloat
[2015.07.25-17.07.33:063][447]LogScript:Warning: Divide by zero: Divide_FloatFloat
[2015.07.25-17.07.33:109][448]LogScript:Warning: Divide by zero: Divide_FloatFloat
[2015.07.25-17.07.33:157][449]LogScript:Warning: Divide by zero: Divide_FloatFloat
[2015.07.25-17.07.33:203][450]LogScript:Warning: Divide by zero: Divide_FloatFloat
[2015.07.25-17.07.33:251][451]LogScript:Warning: Divide by zero: Divide_FloatFloat
[2015.07.25-17.07.33:298][452]LogScript:Warning: Divide by zero: Divide_FloatFloat
[2015.07.25-17.07.33:344][453]LogScript:Warning: Divide by zero: Divide_FloatFloat
[2015.07.25-17.07.33:390][454]LogScript:Warning: Divide by zero: Divide_FloatFloat
[2015.07.25-17.07.33:435][455]LogScript:Warning: Divide by zero: Divide_FloatFloat
[2015.07.25-17.07.33:483][456]LogScript:Warning: Divide by zero: Divide_FloatFloat
[2015.07.25-17.07.33:529][457]LogScript:Warning: Divide by zero: Divide_FloatFloat
[2015.07.25-17.07.33:573][458]LogScript:Warning: Divide by zero: Divide_FloatFloat
[2015.07.25-17.07.33:619][459]LogScript:Warning: Divide by zero: Divide_FloatFloat
[2015.07.25-17.07.33:665][460]LogScript:Warning: Divide by zero: Divide_FloatFloat
[2015.07.25-17.07.33:710][461]LogScript:Warning: Divide by zero: Divide_FloatFloat
[2015.07.25-17.07.33:754][462]LogScript:Warning: Divide by zero: Divide_FloatFloat
[2015.07.25-17.07.33:801][463]LogScript:Warning: Divide by zero: Divide_FloatFloat
[2015.07.25-17.07.33:846][464]LogScript:Warning: Divide by zero: Divide_FloatFloat
[2015.07.25-17.07.33:891][465]LogScript:Warning: Divide by zero: Divide_FloatFloat
[2015.07.25-17.07.33:938][466]LogScript:Warning: Divide by zero: Divide_FloatFloat
[2015.07.25-17.07.33:986][467]LogScript:Warning: Divide by zero: Divide_FloatFloat
[2015.07.25-17.07.34:033][468]LogScript:Warning: Divide by zero: Divide_FloatFloat
[2015.07.25-17.07.34:075][469]LogScript:Warning: Divide by zero: Divide_FloatFloat
[2015.07.25-17.07.34:122][470]LogScript:Warning: Divide by zero: Divide_FloatFloat
[2015.07.25-17.07.34:166][471]LogScript:Warning: Divide by zero: Divide_FloatFloat
[2015.07.25-17.07.34:211][472]LogScript:Warning: Divide by zero: Divide_FloatFloat
[2015.07.25-17.07.34:254][473]LogScript:Warning: Divide by zero: Divide_FloatFloat
[2015.07.25-17.07.34:302][474]LogScript:Warning: Divide by zero: Divide_FloatFloat
[2015.07.25-17.07.34:346][475]LogScript:Warning: Divide by zero: Divide_FloatFloat
[2015.07.25-17.07.34:391][476]LogScript:Warning: Divide by zero: Divide_FloatFloat
[2015.07.25-17.07.34:437][477]LogScript:Warning: Divide by zero: Divide_FloatFloat
[2015.07.25-17.07.34:483][478]LogScript:Warning: Divide by zero: Divide_FloatFloat
[2015.07.25-17.07.34:526][479]LogScript:Warning: Divide by zero: Divide_FloatFloat
[2015.07.25-17.07.34:572][480]LogScript:Warning: Divide by zero: Divide_FloatFloat
[2015.07.25-17.07.34:617][481]LogScript:Warning: Divide by zero: Divide_FloatFloat
[2015.07.25-17.07.34:661][482]LogScript:Warning: Divide by zero: Divide_FloatFloat
[2015.07.25-17.07.34:708][483]LogScript:Warning: Divide by zero: Divide_FloatFloat
[2015.07.25-17.07.34:754][484]LogScript:Warning: Divide by zero: Divide_FloatFloat
[2015.07.25-17.07.34:799][485]LogScript:Warning: Divide by zero: Divide_FloatFloat
[2015.07.25-17.07.34:845][486]LogScript:Warning: Divide by zero: Divide_FloatFloat
[2015.07.25-17.07.34:891][487]LogScript:Warning: Divide by zero: Divide_FloatFloat
[2015.07.25-17.07.34:937][488]LogScript:Warning: Divide by zero: Divide_FloatFloat
[2015.07.25-17.07.34:982][489]LogScript:Warning: Divide by zero: Divide_FloatFloat
[2015.07.25-17.07.35:027][490]LogScript:Warning: Divide by zero: Divide_FloatFloat
[2015.07.25-17.07.35:073][491]LogScript:Warning: Divide by zero: Divide_FloatFloat
[2015.07.25-17.07.35:117][492]LogScript:Warning: Divide by zero: Divide_FloatFloat
[2015.07.25-17.07.35:162][493]LogScript:Warning: Divide by zero: Divide_FloatFloat
[2015.07.25-17.07.35:718][494]LogParticles: Destroying 0 GPU particle simulations for FXSystem 0x00000074CD3AA340
[2015.07.25-17.20.34:465][862]LogPlayLevel: PIE:  No blueprints needed recompiling
[2015.07.25-17.20.34:657][862]PIE: New page: PIE session: Mansion (Jul 25, 2015, 7:20:34 AM)
[2015.07.25-17.20.34:720][862]LogPlayLevel: Creating play world package: /Game/Maps/UEDPIE_0_Mansion
[2015.07.25-17.20.37:551][862]LogPlayLevel: PIE: StaticDuplicateObject took: (2.812883s)
[2015.07.25-17.20.38:013][862]LogAIModule: Creating AISystem for world Mansion
[2015.07.25-17.20.38:173][862]LogPlayLevel: PIE: World Init took: (0.584450s)
[2015.07.25-17.20.38:182][862]LogPlayLevel: PIE: Created PIE world by copying editor world from /Game/Maps/Mansion.Mansion to /Game/Maps/UEDPIE_0_Mansion.Mansion (3.462356s)
[2015.07.25-17.20.38:560][862]LogInit: XAudio2 using 'Speakers (Realtek High Definition Audio)' : 2 channels at 48 kHz using 32 bits per sample (channel mask 0x3)
[2015.07.25-17.20.38:667][862]LogInit: FAudioDevice initialized.
[2015.07.25-17.20.38:833][862]LogD3D11RHI: InitD3DDevice
[2015.07.25-17.20.39:097][862]LogWorld: Game class is 'MyGame_C'
[2015.07.25-17.20.39:585][862]LogWorld: Bringing World /Game/Maps/UEDPIE_0_Mansion.Mansion up for play (max tick rate 60) at 2015.07.25-12.20.39
[2015.07.25-17.20.39:588][862]LogActor:Warning: GameSession /Game/Maps/UEDPIE_0_Mansion.Mansion:PersistentLevel.GameSession_1 has natively added scene component(s), but none of them were set as the actor's RootComponent - picking one arbitrarily
[2015.07.25-17.20.39:602][862]LogActor:Warning: GameNetworkManager /Game/Maps/UEDPIE_0_Mansion.Mansion:PersistentLevel.GameNetworkManager_1 has natively added scene component(s), but none of them were set as the actor's RootComponent - picking one arbitrarily
[2015.07.25-17.20.39:673][862]LogWorld: Bringing up level for play took: 0.466318
[2015.07.25-17.20.40:275][862]PIE: Info Play in editor start time for /Game/Maps/UEDPIE_0_Mansion 6.201
[2015.07.25-17.20.51:839][998]LogArray:Warning: Attempted to get an item from array CallFunc_GetDataTableRowNames_OutRowNames out of bounds [5/4]!
[2015.07.25-17.20.51:839][998]LogArray:Warning: Attempted to get an item from array CallFunc_GetDataTableRowNames_OutRowNames out of bounds [6/4]!
[2015.07.25-17.20.52:392][  4]LogArray:Warning: Attempted to get an item from array CallFunc_GetDataTableRowNames_OutRowNames out of bounds [5/4]!
[2015.07.25-17.20.52:392][  4]LogArray:Warning: Attempted to get an item from array CallFunc_GetDataTableRowNames_OutRowNames out of bounds [6/4]!
[2015.07.25-17.20.53:191][ 13]LogArray:Warning: Attempted to get an item from array CallFunc_GetDataTableRowNames_OutRowNames out of bounds [5/4]!
[2015.07.25-17.20.53:191][ 13]LogArray:Warning: Attempted to get an item from array CallFunc_GetDataTableRowNames_OutRowNames out of bounds [6/4]!
[2015.07.25-17.20.53:851][ 20]LogBlueprintUserMessages: No ammo, CLICK!
[2015.07.25-17.20.54:259][ 25]LogBlueprintUserMessages: No ammo, CLICK!
[2015.07.25-17.21.00:886][106]LogArray:Warning: Attempted to get an item from array CallFunc_GetDataTableRowNames_OutRowNames out of bounds [5/4]!
[2015.07.25-17.21.00:886][106]LogArray:Warning: Attempted to get an item from array CallFunc_GetDataTableRowNames_OutRowNames out of bounds [6/4]!
[2015.07.25-17.21.02:093][122]LogArray:Warning: Attempted to get an item from array CallFunc_GetDataTableRowNames_OutRowNames out of bounds [5/4]!
[2015.07.25-17.21.02:093][122]LogArray:Warning: Attempted to get an item from array CallFunc_GetDataTableRowNames_OutRowNames out of bounds [6/4]!
[2015.07.25-17.21.03:026][134]LogArray:Warning: Attempted to get an item from array CallFunc_GetDataTableRowNames_OutRowNames out of bounds [5/4]!
[2015.07.25-17.21.03:027][134]LogArray:Warning: Attempted to get an item from array CallFunc_GetDataTableRowNames_OutRowNames out of bounds [6/4]!
[2015.07.25-17.21.05:761][168]LogArray:Warning: Attempted to get an item from array CallFunc_GetDataTableRowNames_OutRowNames out of bounds [5/4]!
[2015.07.25-17.21.05:761][168]LogArray:Warning: Attempted to get an item from array CallFunc_GetDataTableRowNames_OutRowNames out of bounds [6/4]!
[2015.07.25-17.21.19:100][340]LogArray:Warning: Attempted to get an item from array CallFunc_GetDataTableRowNames_OutRowNames out of bounds [5/4]!
[2015.07.25-17.21.19:100][340]LogArray:Warning: Attempted to get an item from array CallFunc_GetDataTableRowNames_OutRowNames out of bounds [6/4]!
[2015.07.25-17.21.19:868][349]LogArray:Warning: Attempted to get an item from array CallFunc_GetDataTableRowNames_OutRowNames out of bounds [5/4]!
[2015.07.25-17.21.19:868][349]LogArray:Warning: Attempted to get an item from array CallFunc_GetDataTableRowNames_OutRowNames out of bounds [6/4]!
[2015.07.25-17.21.20:389][355]LogArray:Warning: Attempted to get an item from array CallFunc_GetDataTableRowNames_OutRowNames out of bounds [5/4]!
[2015.07.25-17.21.20:389][355]LogArray:Warning: Attempted to get an item from array CallFunc_GetDataTableRowNames_OutRowNames out of bounds [6/4]!
[2015.07.25-17.21.20:883][361]LogArray:Warning: Attempted to get an item from array CallFunc_GetDataTableRowNames_OutRowNames out of bounds [5/4]!
[2015.07.25-17.21.20:883][361]LogArray:Warning: Attempted to get an item from array CallFunc_GetDataTableRowNames_OutRowNames out of bounds [6/4]!
[2015.07.25-17.21.21:620][370]LogArray:Warning: Attempted to get an item from array CallFunc_GetDataTableRowNames_OutRowNames out of bounds [5/4]!
[2015.07.25-17.21.21:620][370]LogArray:Warning: Attempted to get an item from array CallFunc_GetDataTableRowNames_OutRowNames out of bounds [6/4]!
[2015.07.25-17.21.22:299][378]LogArray:Warning: Attempted to get an item from array CallFunc_GetDataTableRowNames_OutRowNames out of bounds [5/4]!
[2015.07.25-17.21.22:299][378]LogArray:Warning: Attempted to get an item from array CallFunc_GetDataTableRowNames_OutRowNames out of bounds [6/4]!
[2015.07.25-17.21.22:957][386]LogArray:Warning: Attempted to get an item from array CallFunc_GetDataTableRowNames_OutRowNames out of bounds [5/4]!
[2015.07.25-17.21.22:957][386]LogArray:Warning: Attempted to get an item from array CallFunc_GetDataTableRowNames_OutRowNames out of bounds [6/4]!
[2015.07.25-17.21.23:383][391]LogBlueprintUserMessages: No ammo, CLICK!
[2015.07.25-17.21.23:627][394]LogBlueprintUserMessages: No ammo, CLICK!
[2015.07.25-17.21.23:925][398]LogBlueprintUserMessages: No ammo, CLICK!
[2015.07.25-17.21.32:774][501]LogArray:Warning: Attempted to get an item from array CallFunc_GetDataTableRowNames_OutRowNames out of bounds [5/4]!
[2015.07.25-17.21.32:774][501]LogArray:Warning: Attempted to get an item from array CallFunc_GetDataTableRowNames_OutRowNames out of bounds [6/4]!
[2015.07.25-17.21.35:603][532]LogArray:Warning: Attempted to get an item from array CallFunc_GetDataTableRowNames_OutRowNames out of bounds [5/4]!
[2015.07.25-17.21.35:603][532]LogArray:Warning: Attempted to get an item from array CallFunc_GetDataTableRowNames_OutRowNames out of bounds [6/4]!
[2015.07.25-17.21.36:344][540]LogArray:Warning: Attempted to get an item from array CallFunc_GetDataTableRowNames_OutRowNames out of bounds [5/4]!
[2015.07.25-17.21.36:344][540]LogArray:Warning: Attempted to get an item from array CallFunc_GetDataTableRowNames_OutRowNames out of bounds [6/4]!
[2015.07.25-17.21.37:067][548]LogArray:Warning: Attempted to get an item from array CallFunc_GetDataTableRowNames_OutRowNames out of bounds [5/4]!
[2015.07.25-17.21.37:067][548]LogArray:Warning: Attempted to get an item from array CallFunc_GetDataTableRowNames_OutRowNames out of bounds [6/4]!
[2015.07.25-17.22.00:617][811]LogArray:Warning: Attempted to get an item from array CallFunc_GetDataTableRowNames_OutRowNames out of bounds [5/4]!
[2015.07.25-17.22.00:617][811]LogArray:Warning: Attempted to get an item from array CallFunc_GetDataTableRowNames_OutRowNames out of bounds [6/4]!
[2015.07.25-17.22.13:089][952]LogArray:Warning: Attempted to get an item from array CallFunc_GetDataTableRowNames_OutRowNames out of bounds [5/4]!
[2015.07.25-17.22.13:089][952]LogArray:Warning: Attempted to get an item from array CallFunc_GetDataTableRowNames_OutRowNames out of bounds [6/4]!
[2015.07.25-17.22.14:583][968]LogArray:Warning: Attempted to get an item from array CallFunc_GetDataTableRowNames_OutRowNames out of bounds [5/4]!
[2015.07.25-17.22.14:583][968]LogArray:Warning: Attempted to get an item from array CallFunc_GetDataTableRowNames_OutRowNames out of bounds [6/4]!
[2015.07.25-17.22.16:097][984]LogArray:Warning: Attempted to get an item from array CallFunc_GetDataTableRowNames_OutRowNames out of bounds [5/4]!
[2015.07.25-17.22.16:097][984]LogArray:Warning: Attempted to get an item from array CallFunc_GetDataTableRowNames_OutRowNames out of bounds [6/4]!
[2015.07.25-17.22.36:220][197]LogArray:Warning: Attempted to get an item from array CallFunc_GetDataTableRowNames_OutRowNames out of bounds [5/4]!
[2015.07.25-17.22.36:220][197]LogArray:Warning: Attempted to get an item from array CallFunc_GetDataTableRowNames_OutRowNames out of bounds [6/4]!
[2015.07.25-17.22.37:840][216]LogArray:Warning: Attempted to get an item from array CallFunc_GetDataTableRowNames_OutRowNames out of bounds [5/4]!
[2015.07.25-17.22.37:840][216]LogArray:Warning: Attempted to get an item from array CallFunc_GetDataTableRowNames_OutRowNames out of bounds [6/4]!
[2015.07.25-17.22.38:900][230]LogArray:Warning: Attempted to get an item from array CallFunc_GetDataTableRowNames_OutRowNames out of bounds [5/4]!
[2015.07.25-17.22.38:900][230]LogArray:Warning: Attempted to get an item from array CallFunc_GetDataTableRowNames_OutRowNames out of bounds [6/4]!
[2015.07.25-17.22.40:375][250]LogArray:Warning: Attempted to get an item from array CallFunc_GetDataTableRowNames_OutRowNames out of bounds [5/4]!
[2015.07.25-17.22.40:375][250]LogArray:Warning: Attempted to get an item from array CallFunc_GetDataTableRowNames_OutRowNames out of bounds [6/4]!
[2015.07.25-17.22.41:107][260]LogArray:Warning: Attempted to get an item from array CallFunc_GetDataTableRowNames_OutRowNames out of bounds [5/4]!
[2015.07.25-17.22.41:108][260]LogArray:Warning: Attempted to get an item from array CallFunc_GetDataTableRowNames_OutRowNames out of bounds [6/4]!
[2015.07.25-17.22.41:722][268]LogArray:Warning: Attempted to get an item from array CallFunc_GetDataTableRowNames_OutRowNames out of bounds [5/4]!
[2015.07.25-17.22.41:722][268]LogArray:Warning: Attempted to get an item from array CallFunc_GetDataTableRowNames_OutRowNames out of bounds [6/4]!
[2015.07.25-17.22.42:321][276]LogArray:Warning: Attempted to get an item from array CallFunc_GetDataTableRowNames_OutRowNames out of bounds [5/4]!
[2015.07.25-17.22.42:321][276]LogArray:Warning: Attempted to get an item from array CallFunc_GetDataTableRowNames_OutRowNames out of bounds [6/4]!
[2015.07.25-17.22.42:559][279]LogBlueprintUserMessages: No ammo, CLICK!
[2015.07.25-17.22.42:854][283]LogBlueprintUserMessages: No ammo, CLICK!
[2015.07.25-17.22.43:010][285]LogBlueprintUserMessages: No ammo, CLICK!
[2015.07.25-17.23.02:654][518]LogArray:Warning: Attempted to get an item from array CallFunc_GetDataTableRowNames_OutRowNames out of bounds [5/4]!
[2015.07.25-17.23.02:654][518]LogArray:Warning: Attempted to get an item from array CallFunc_GetDataTableRowNames_OutRowNames out of bounds [6/4]!
[2015.07.25-17.23.05:480][545]LogArray:Warning: Attempted to get an item from array CallFunc_GetDataTableRowNames_OutRowNames out of bounds [5/4]!
[2015.07.25-17.23.05:480][545]LogArray:Warning: Attempted to get an item from array CallFunc_GetDataTableRowNames_OutRowNames out of bounds [6/4]!
[2015.07.25-17.23.21:129][711]LogArray:Warning: Attempted to get an item from array CallFunc_GetDataTableRowNames_OutRowNames out of bounds [5/4]!
[2015.07.25-17.23.21:129][711]LogArray:Warning: Attempted to get an item from array CallFunc_GetDataTableRowNames_OutRowNames out of bounds [6/4]!
[2015.07.25-17.23.21:750][717]LogArray:Warning: Attempted to get an item from array CallFunc_GetDataTableRowNames_OutRowNames out of bounds [5/4]!
[2015.07.25-17.23.21:750][717]LogArray:Warning: Attempted to get an item from array CallFunc_GetDataTableRowNames_OutRowNames out of bounds [6/4]!
[2015.07.25-17.23.22:391][723]LogArray:Warning: Attempted to get an item from array CallFunc_GetDataTableRowNames_OutRowNames out of bounds [5/4]!
[2015.07.25-17.23.22:391][723]LogArray:Warning: Attempted to get an item from array CallFunc_GetDataTableRowNames_OutRowNames out of bounds [6/4]!
[2015.07.25-17.23.23:034][729]LogArray:Warning: Attempted to get an item from array CallFunc_GetDataTableRowNames_OutRowNames out of bounds [5/4]!
[2015.07.25-17.23.23:034][729]LogArray:Warning: Attempted to get an item from array CallFunc_GetDataTableRowNames_OutRowNames out of bounds [6/4]!
[2015.07.25-17.23.46:672][992]LogArray:Warning: Attempted to get an item from array CallFunc_GetDataTableRowNames_OutRowNames out of bounds [5/4]!
[2015.07.25-17.23.46:672][992]LogArray:Warning: Attempted to get an item from array CallFunc_GetDataTableRowNames_OutRowNames out of bounds [6/4]!
[2015.07.25-17.23.47:704][  4]LogArray:Warning: Attempted to get an item from array CallFunc_GetDataTableRowNames_OutRowNames out of bounds [5/4]!
[2015.07.25-17.23.47:704][  4]LogArray:Warning: Attempted to get an item from array CallFunc_GetDataTableRowNames_OutRowNames out of bounds [6/4]!
[2015.07.25-17.23.52:316][ 56]LogParticles: Destroying 0 GPU particle simulations for FXSystem 0x0000007482F12D40
[2015.07.25-17.25.03:476][281]LogWindowsTextInputMethodSystem:Display: IME system now deactivated.
[2015.07.25-17.25.22:217][282]Cmd: QUIT_EDITOR
[2015.07.25-17.25.29:703][282]LogExit: Preparing to exit.
[2015.07.25-17.25.48:314][282]LogExit: Editor shut down
[2015.07.25-17.25.48:782][282]LogExit: Transaction tracking system shut down
[2015.07.25-17.25.49:854][282]LogParticles: Destroying 0 GPU particle simulations for FXSystem 0x00000074EA8762A0
[2015.07.25-17.26.02:972][282]LogParticles: Destroying 0 GPU particle simulations for FXSystem 0x00000074DE79EA20
[2015.07.25-17.26.02:972][282]LogParticles: Destroying 0 GPU particle simulations for FXSystem 0x0000007482BDAC00
[2015.07.25-17.26.02:972][282]LogParticles: Destroying 0 GPU particle simulations for FXSystem 0x00000074806E36A0
[2015.07.25-17.26.02:972][282]LogParticles: Destroying 0 GPU particle simulations for FXSystem 0x00000074FEFDB740
[2015.07.25-17.26.02:972][282]LogExit: Object subsystem successfully closed.
[2015.07.25-17.26.04:436][282]LogD3D11RHI: Shutdown
[2015.07.25-17.26.04:436][282]LogD3D11RHI: CleanupD3DDevice
[2015.07.25-17.26.05:169][282]LogD3D11RHI: ~FD3D11DynamicRHI
[2015.07.25-17.26.08:973][282]LogModuleManager: Shutting down and abandoning module CrashTracker (188)
[2015.07.25-17.26.08:984][282]LogModuleManager: Shutting down and abandoning module SceneOutliner (187)
[2015.07.25-17.26.08:984][282]LogModuleManager: Shutting down and abandoning module SuperSearch (186)
[2015.07.25-17.26.08:984][282]LogModuleManager: Shutting down and abandoning module WidgetCarousel (185)
[2015.07.25-17.26.09:038][282]LogModuleManager: Shutting down and abandoning module AddContentDialog (184)
[2015.07.25-17.26.09:672][282]LogModuleManager: Shutting down and abandoning module EditorWidgets (183)
[2015.07.25-17.26.09:672][282]LogModuleManager: Shutting down and abandoning module CollectionManager (182)
[2015.07.25-17.26.09:705][282]LogModuleManager: Shutting down and abandoning module StatsViewer (181)
[2015.07.25-17.26.09:722][282]LogModuleManager: Shutting down and abandoning module FoliageEdit (180)
[2015.07.25-17.26.09:722][282]LogModuleManager: Shutting down and abandoning module LandscapeEditor (179)
[2015.07.25-17.26.09:779][282]LogModuleManager: Shutting down and abandoning module ActorPickerMode (178)
[2015.07.25-17.26.09:779][282]LogModuleManager: Shutting down and abandoning module GeometryMode (177)
[2015.07.25-17.26.09:779][282]LogModuleManager: Shutting down and abandoning module TextureAlignMode (176)
[2015.07.25-17.26.09:779][282]LogModuleManager: Shutting down and abandoning module BspMode (175)
[2015.07.25-17.26.09:780][282]LogModuleManager: Shutting down and abandoning module PlacementMode (174)
[2015.07.25-17.26.09:780][282]LogModuleManager: Shutting down and abandoning module AutomationWorker (173)
[2015.07.25-17.26.09:790][282]LogModuleManager: Shutting down and abandoning module CharacterAI (172)
[2015.07.25-17.26.09:790][282]LogModuleManager: Shutting down and abandoning module SmartSnapping (171)
[2015.07.25-17.26.09:800][282]LogModuleManager: Shutting down and abandoning module ViewportSnapping (170)
[2015.07.25-17.26.09:809][282]LogModuleManager: Shutting down and abandoning module LogVisualizer (169)
[2015.07.25-17.26.09:902][282]LogModuleManager: Shutting down and abandoning module GameProjectGeneration (168)
[2015.07.25-17.26.09:950][282]LogModuleManager: Shutting down and abandoning module IntroTutorials (167)
[2015.07.25-17.26.10:020][282]LogModuleManager: Shutting down and abandoning module EditorLiveStreaming (166)
[2015.07.25-17.26.10:024][282]LogModuleManager: Shutting down and abandoning module IOSPlatformEditor (165)
[2015.07.25-17.26.10:040][282]LogModuleManager: Shutting down and abandoning module HTML5PlatformEditor (164)
[2015.07.25-17.26.10:040][282]LogModuleManager: Shutting down and abandoning module AndroidDeviceDetection (163)
[2015.07.25-17.26.10:830][282]LogModuleManager: Shutting down and abandoning module AndroidPlatformEditor (162)
[2015.07.25-17.26.10:842][282]LogModuleManager: Shutting down and abandoning module IOSRuntimeSettings (161)
[2015.07.25-17.26.10:842][282]LogModuleManager: Shutting down and abandoning module AndroidRuntimeSettings (160)
[2015.07.25-17.26.10:842][282]LogModuleManager: Shutting down and abandoning module MergeActors (159)
[2015.07.25-17.26.10:872][282]LogModuleManager: Shutting down and abandoning module SizeMap (158)
[2015.07.25-17.26.10:894][282]LogModuleManager: Shutting down and abandoning module TreeMap (157)
[2015.07.25-17.26.10:965][282]LogModuleManager: Shutting down and abandoning module ReferenceViewer (156)
[2015.07.25-17.26.10:965][282]LogModuleManager: Shutting down and abandoning module LocalizationDashboard (155)
[2015.07.25-17.26.11:055][282]LogModuleManager: Shutting down and abandoning module HardwareTargeting (154)
[2015.07.25-17.26.11:055][282]LogModuleManager: Shutting down and abandoning module DeviceProfileEditor (153)
[2015.07.25-17.26.11:077][282]LogModuleManager: Shutting down and abandoning module UndoHistory (152)
[2015.07.25-17.26.11:084][282]LogModuleManager: Shutting down and abandoning module GameplayTagsEditor (151)
[2015.07.25-17.26.11:096][282]LogModuleManager: Shutting down and abandoning module UserFeedback (150)
[2015.07.25-17.26.11:096][282]LogModuleManager: Shutting down and abandoning module XmlParser (149)
[2015.07.25-17.26.11:115][282]LogModuleManager: Shutting down and abandoning module Blutility (148)
[2015.07.25-17.26.11:115][282]LogModuleManager: Shutting down and abandoning module ProjectTargetPlatformEditor (147)
[2015.07.25-17.26.11:148][282]LogModuleManager: Shutting down and abandoning module ProjectSettingsViewer (146)
[2015.07.25-17.26.11:166][282]LogModuleManager: Shutting down and abandoning module InputBindingEditor (145)
[2015.07.25-17.26.11:207][282]LogModuleManager: Shutting down and abandoning module EditorSettingsViewer (144)
[2015.07.25-17.26.11:208][282]LogModuleManager: Shutting down and abandoning module SettingsEditor (143)
[2015.07.25-17.26.11:242][282]LogModuleManager: Shutting down and abandoning module ProjectLauncher (142)
[2015.07.25-17.26.11:291][282]LogModuleManager: Shutting down and abandoning module SessionFrontend (141)
[2015.07.25-17.26.11:302][282]LogModuleManager: Shutting down and abandoning module ProfilerClient (140)
[2015.07.25-17.26.11:306][282]LogModuleManager: Shutting down and abandoning module TargetDeviceServices (139)
[2015.07.25-17.26.11:306][282]LogModuleManager: Shutting down and abandoning module DeviceManager (138)
[2015.07.25-17.26.11:469][282]LogModuleManager: Shutting down and abandoning module AutomationController (137)
[2015.07.25-17.26.11:480][282]LogModuleManager: Shutting down and abandoning module AutomationWindow (136)
[2015.07.25-17.26.11:493][282]LogModuleManager: Shutting down and abandoning module Layers (135)
[2015.07.25-17.26.11:528][282]LogModuleManager: Shutting down and abandoning module ComponentVisualizers (134)
[2015.07.25-17.26.11:528][282]LogModuleManager: Shutting down and abandoning module DetailCustomizations (133)
[2015.07.25-17.26.11:584][282]LogModuleManager: Shutting down and abandoning module PackagesDialog (132)
[2015.07.25-17.26.11:611][282]LogModuleManager: Shutting down and abandoning module AssetRegistry (131)
[2015.07.25-17.26.14:487][282]LogModuleManager: Shutting down and abandoning module Persona (130)
[2015.07.25-17.26.14:551][282]LogModuleManager: Shutting down and abandoning module Kismet (129)
[2015.07.25-17.26.14:639][282]LogModuleManager: Shutting down and abandoning module GraphEditor (128)
[2015.07.25-17.26.14:696][282]LogModuleManager: Shutting down and abandoning module ClassViewer (127)
[2015.07.25-17.26.14:719][282]LogModuleManager: Shutting down and abandoning module Toolbox (126)
[2015.07.25-17.26.14:719][282]LogModuleManager: Shutting down and abandoning module ModuleUI (125)
[2015.07.25-17.26.14:738][282]LogModuleManager: Shutting down and abandoning module MovieSceneTools (124)
[2015.07.25-17.26.14:813][282]LogModuleManager: Shutting down and abandoning module OutputLog (123)
[2015.07.25-17.26.14:825][282]LogModuleManager: Shutting down and abandoning module GammaUI (122)
[2015.07.25-17.26.14:835][282]LogModuleManager: Shutting down and abandoning module Documentation (121)
[2015.07.25-17.26.14:856][282]LogModuleManager: Shutting down and abandoning module GameLiveStreaming (120)
[2015.07.25-17.26.14:865][282]LogModuleManager: Shutting down and abandoning module StreamingPauseRendering (119)
[2015.07.25-17.26.14:872][282]LogModuleManager: Shutting down and abandoning module AnalyticsET (118)
[2015.07.25-17.26.14:872][282]LogModuleManager: Shutting down and abandoning module Analytics (117)
[2015.07.25-17.26.14:872][282]LogModuleManager: Shutting down and abandoning module AITestSuite (116)
[2015.07.25-17.26.14:881][282]LogModuleManager: Shutting down and abandoning module GameplayDebugger (115)
[2015.07.25-17.26.14:889][282]LogModuleManager: Shutting down and abandoning module AIModule (114)
[2015.07.25-17.26.14:889][282]LogModuleManager: Shutting down and abandoning module ProfilerService (113)
[2015.07.25-17.26.15:199][282]LogModuleManager: Shutting down and abandoning module TaskGraph (112)
[2015.07.25-17.26.15:220][282]LogModuleManager: Shutting down and abandoning module SlateRemote (111)
[2015.07.25-17.26.15:227][282]LogModuleManager: Shutting down and abandoning module SteamVRController (110)
[2015.07.25-17.26.15:227][282]LogModuleManager: Shutting down and abandoning module SteamVR (109)
[2015.07.25-17.26.15:227][282]LogModuleManager: Shutting down and abandoning module ProceduralMeshComponent (108)
[2015.07.25-17.26.15:227][282]LogModuleManager: Shutting down and abandoning module OculusRift (107)
[2015.07.25-17.26.15:227][282]LogModuleManager: Shutting down and abandoning module LeapMotionController (106)
[2015.07.25-17.26.15:498][282]LogModuleManager: Shutting down and abandoning module CustomMeshComponent (105)
[2015.07.25-17.26.15:498][282]LogModuleManager: Shutting down and abandoning module CableComponent (104)
[2015.07.25-17.26.15:498][282]LogModuleManager: Shutting down and abandoning module MessagingDebugger (103)
[2015.07.25-17.26.15:585][282]LogModuleManager: Shutting down and abandoning module MediaPlayerEditor (102)
[2015.07.25-17.26.15:601][282]LogModuleManager: Shutting down and abandoning module SpeedTreeImporter (101)
[2015.07.25-17.26.15:601][282]LogModuleManager: Shutting down and abandoning module PluginBrowser (100)
[2015.07.25-17.26.15:619][282]LogModuleManager: Shutting down and abandoning module EpicSurvey (99)
[2015.07.25-17.26.15:650][282]LogModuleManager: Shutting down and abandoning module DesktopPlatform (98)
[2015.07.25-17.26.15:676][282]LogModuleManager: Shutting down and abandoning module VisualStudioSourceCodeAccess (97)
[2015.07.25-17.26.15:690][282]LogModuleManager: Shutting down and abandoning module UObjectPlugin (96)
[2015.07.25-17.26.15:690][282]LogModuleManager: Shutting down and abandoning module SubversionSourceControl (95)
[2015.07.25-17.26.15:706][282]LogModuleManager: Shutting down and abandoning module PerforceSourceControl (94)
[2015.07.25-17.26.15:730][282]LogModuleManager: Shutting down and abandoning module SourceControl (93)
[2015.07.25-17.26.15:754][282]LogModuleManager: Shutting down and abandoning module GitSourceControl (92)
[2015.07.25-17.26.15:785][282]LogModuleManager: Shutting down and abandoning module BlankPlugin (91)
[2015.07.25-17.26.15:785][282]LogModuleManager: Shutting down and abandoning module PaperTiledImporter (90)
[2015.07.25-17.26.15:785][282]LogModuleManager: Shutting down and abandoning module PaperSpriteSheetImporter (89)
[2015.07.25-17.26.15:803][282]LogModuleManager: Shutting down and abandoning module MeshPaint (88)
[2015.07.25-17.26.15:817][282]LogModuleManager: Shutting down and abandoning module SlateReflector (87)
[2015.07.25-17.26.15:829][282]LogModuleManager: Shutting down and abandoning module DirectoryWatcher (86)
[2015.07.25-17.26.15:949][282]LogModuleManager: Shutting down and abandoning module HotReload (85)
[2015.07.25-17.26.15:960][282]LogModuleManager: Shutting down and abandoning module MainFrame (84)
[2015.07.25-17.26.15:969][282]LogModuleManager: Shutting down and abandoning module LevelEditor (83)
[2015.07.25-17.26.16:234][282]LogModuleManager: Shutting down and abandoning module ContentBrowser (82)
[2015.07.25-17.26.16:422][282]LogModuleManager: Shutting down and abandoning module Paper2DEditor (81)
[2015.07.25-17.26.16:479][282]LogModuleManager: Shutting down and abandoning module UdpMessaging (80)
[2015.07.25-17.26.16:588][282]LogModuleManager: Shutting down and abandoning module Paper2D (79)
[2015.07.25-17.26.16:597][282]LogModuleManager: Shutting down and abandoning module WindowsMoviePlayer (78)
[2015.07.25-17.26.16:669][282]LogModuleManager: Shutting down and abandoning module Media (77)
[2015.07.25-17.26.16:685][282]LogModuleManager: Shutting down and abandoning module WmfMedia (76)
[2015.07.25-17.26.16:777][282]LogModuleManager: Shutting down and abandoning module OnlineBlueprintSupport (75)
[2015.07.25-17.26.16:777][282]LogModuleManager: Shutting down and abandoning module PropertyEditor (74)
[2015.07.25-17.26.16:851][282]LogModuleManager: Shutting down and abandoning module BehaviorTreeEditor (73)
[2015.07.25-17.26.16:865][282]LogModuleManager: Shutting down and abandoning module FunctionalTesting (72)
[2015.07.25-17.26.16:871][282]LogModuleManager: Shutting down and abandoning module CollisionAnalyzer (71)
[2015.07.25-17.26.16:886][282]LogModuleManager: Shutting down and abandoning module WorkspaceMenuStructure (70)
[2015.07.25-17.26.16:925][282]LogModuleManager: Shutting down and abandoning module MessageLog (69)
[2015.07.25-17.26.16:925][282]LogModuleManager: Shutting down and abandoning module Sequencer (68)
[2015.07.25-17.26.16:953][282]LogModuleManager: Shutting down and abandoning module AssetTools (67)
[2015.07.25-17.26.17:048][282]LogModuleManager: Shutting down and abandoning module UMGEditor (66)
[2015.07.25-17.26.17:076][282]LogModuleManager: Shutting down and abandoning module UMG (65)
[2015.07.25-17.26.17:128][282]LogModuleManager: Shutting down and abandoning module Slate (64)
[2015.07.25-17.26.17:128][282]LogModuleManager: Shutting down and abandoning module EditorStyle (63)
[2015.07.25-17.26.17:293][282]LogModuleManager: Shutting down and abandoning module SessionServices (62)
[2015.07.25-17.26.17:293][282]LogModuleManager: Shutting down and abandoning module SourceCodeAccess (61)
[2015.07.25-17.26.17:308][282]LogModuleManager: Shutting down and abandoning module HeadMountedDisplay (60)
[2015.07.25-17.26.17:314][282]LogModuleManager: Shutting down and abandoning module XAudio2 (59)
[2015.07.25-17.26.17:314][282]LogModuleManager: Shutting down and abandoning module Networking (57)
[2015.07.25-17.26.17:319][282]LogModuleManager: Shutting down and abandoning module Core (56)
[2015.07.25-17.26.17:319][282]LogModuleManager: Shutting down and abandoning module KismetCompiler (55)
[2015.07.25-17.26.17:330][282]LogModuleManager: Shutting down and abandoning module PhysXFormats (54)
[2015.07.25-17.26.17:355][282]LogModuleManager: Shutting down and abandoning module MeshUtilities (53)
[2015.07.25-17.26.17:378][282]LogModuleManager: Shutting down and abandoning module DerivedDataCache (52)
[2015.07.25-17.26.17:421][282]LogDerivedDataCache: Shutdown
[2015.07.25-17.26.17:421][282]LogModuleManager: Shutting down and abandoning module ShaderFormatOpenGL (51)
[2015.07.25-17.26.17:452][282]LogModuleManager: Shutting down and abandoning module ShaderFormatD3D (50)
[2015.07.25-17.26.17:468][282]LogModuleManager: Shutting down and abandoning module MetalShaderFormat (49)
[2015.07.25-17.26.17:479][282]LogModuleManager: Shutting down and abandoning module TextureFormatUncompressed (48)
[2015.07.25-17.26.17:479][282]LogModuleManager: Shutting down and abandoning module TextureFormatPVR (47)
[2015.07.25-17.26.17:479][282]LogModuleManager: Shutting down and abandoning module TextureFormatIntelISPCTexComp (46)
[2015.07.25-17.26.17:479][282]LogModuleManager: Shutting down and abandoning module TextureFormatDXT (45)
[2015.07.25-17.26.17:479][282]LogModuleManager: Shutting down and abandoning module ImageWrapper (44)
[2015.07.25-17.26.17:479][282]LogModuleManager: Shutting down and abandoning module TextureFormatASTC (43)
[2015.07.25-17.26.17:479][282]LogModuleManager: Shutting down and abandoning module TextureFormatAndroid (42)
[2015.07.25-17.26.17:490][282]LogModuleManager: Shutting down and abandoning module AudioFormatOpus (41)
[2015.07.25-17.26.17:507][282]LogModuleManager: Shutting down and abandoning module AudioFormatOgg (40)
[2015.07.25-17.26.17:507][282]LogModuleManager: Shutting down and abandoning module AudioFormatADPCM (39)
[2015.07.25-17.26.17:507][282]LogModuleManager: Shutting down and abandoning module LinuxTargetPlatform (38)
[2015.07.25-17.26.17:531][282]LogModuleManager: Shutting down and abandoning module LinuxServerTargetPlatform (37)
[2015.07.25-17.26.17:539][282]LogModuleManager: Shutting down and abandoning module LinuxNoEditorTargetPlatform (36)
[2015.07.25-17.26.17:539][282]LogModuleManager: Shutting down and abandoning module Messaging (35)
[2015.07.25-17.26.17:539][282]LogModuleManager: Shutting down and abandoning module IOSTargetPlatform (34)
[2015.07.25-17.26.17:560][282]LogModuleManager: Shutting down and abandoning module HTML5TargetPlatform (33)
[2015.07.25-17.26.17:583][282]LogModuleManager: Shutting down and abandoning module Android_PVRTCTargetPlatform (32)
[2015.07.25-17.26.17:583][282]LogModuleManager: Shutting down and abandoning module Android_ETC2TargetPlatform (31)
[2015.07.25-17.26.17:583][282]LogModuleManager: Shutting down and abandoning module Android_ETC1TargetPlatform (30)
[2015.07.25-17.26.17:583][282]LogModuleManager: Shutting down and abandoning module Android_DXTTargetPlatform (29)
[2015.07.25-17.26.17:583][282]LogModuleManager: Shutting down and abandoning module Android_ATCTargetPlatform (28)
[2015.07.25-17.26.17:583][282]LogModuleManager: Shutting down and abandoning module Android_ASTCTargetPlatform (27)
[2015.07.25-17.26.17:583][282]LogModuleManager: Shutting down and abandoning module AndroidTargetPlatform (26)
[2015.07.25-17.26.17:583][282]LogModuleManager: Shutting down and abandoning module WindowsTargetPlatform (25)
[2015.07.25-17.26.17:596][282]LogModuleManager: Shutting down and abandoning module WindowsServerTargetPlatform (24)
[2015.07.25-17.26.17:609][282]LogModuleManager: Shutting down and abandoning module WindowsNoEditorTargetPlatform (23)
[2015.07.25-17.26.17:609][282]LogModuleManager: Shutting down and abandoning module WindowsClientTargetPlatform (22)
[2015.07.25-17.26.17:609][282]LogModuleManager: Shutting down and abandoning module DesktopTargetPlatform (21)
[2015.07.25-17.26.17:609][282]LogModuleManager: Shutting down and abandoning module TargetPlatform (20)
[2015.07.25-17.26.17:644][282]LogModuleManager: Shutting down and abandoning module InputCore (19)
[2015.07.25-17.26.17:659][282]LogModuleManager: Shutting down and abandoning module Settings (18)
[2015.07.25-17.26.17:659][282]LogModuleManager: Shutting down and abandoning module OnlineSubsystem (16)
[2015.07.25-17.26.17:664][282]LogModuleManager: Shutting down and abandoning module HTTP (15)
[2015.07.25-17.26.17:737][282]LogModuleManager: Shutting down and abandoning module ExampleDeviceProfileSelector (14)
[2015.07.25-17.26.17:737][282]LogModuleManager: Shutting down and abandoning module TextureCompressor (13)
[2015.07.25-17.26.17:751][282]LogModuleManager: Shutting down and abandoning module ShaderCore (12)
[2015.07.25-17.26.17:759][282]LogModuleManager: Shutting down and abandoning module Landscape (11)
[2015.07.25-17.26.17:768][282]LogModuleManager: Shutting down and abandoning module SlateRHIRenderer (10)
[2015.07.25-17.26.17:908][282]LogModuleManager: Shutting down and abandoning module OpenGLDrv (9)
[2015.07.25-17.26.17:917][282]LogModuleManager: Shutting down and abandoning module D3D11RHI (8)
[2015.07.25-17.26.17:917][282]LogModuleManager: Shutting down and abandoning module Renderer (7)
[2015.07.25-17.26.17:917][282]LogModuleManager: Shutting down and abandoning module Engine (6)
[2015.07.25-17.26.17:933][282]LogModuleManager: Shutting down and abandoning module CoreUObject (5)
[2015.07.25-17.26.17:933][282]LogModuleManager: Shutting down and abandoning module NetworkFile (4)
[2015.07.25-17.26.17:961][282]LogModuleManager: Shutting down and abandoning module StreamingFile (3)
[2015.07.25-17.26.17:969][282]LogModuleManager: Shutting down and abandoning module SandboxFile (2)
[2015.07.25-17.26.17:986][282]LogModuleManager: Shutting down and abandoning module PakFile (1)
[2015.07.25-17.26.18:188][282]LogExit: Exiting.
[2015.07.25-17.26.18:714][282]Log file closed, 07/25/15 12:26:18
